******** Training fold 3 ********
08/15/2023 09:41:44 - DEBUG - __main__ -   Processor loaded. CPU mem usage: 0.38G.  Cuda 0: memory acclocated: 0 G.
08/15/2023 09:41:53 - DEBUG - __main__ -   Model loaded. CPU mem usage: 1.99G.  Cuda 0: memory acclocated: 0 G.
Wav2Vec2ForSequenceClassification(
  (wav2vec2): Wav2Vec2Model(
    (feature_extractor): Wav2Vec2FeatureEncoder(
      (conv_layers): ModuleList(
        (0): Wav2Vec2LayerNormConvLayer(
          (conv): Conv1d(1, 512, kernel_size=(10,), stride=(5,))
          (layer_norm): LayerNorm((512,), eps=1e-05, elementwise_affine=True)
          (activation): GELUActivation()
        )
        (1-4): 4 x Wav2Vec2LayerNormConvLayer(
          (conv): Conv1d(512, 512, kernel_size=(3,), stride=(2,))
          (layer_norm): LayerNorm((512,), eps=1e-05, elementwise_affine=True)
          (activation): GELUActivation()
        )
        (5-6): 2 x Wav2Vec2LayerNormConvLayer(
          (conv): Conv1d(512, 512, kernel_size=(2,), stride=(2,))
          (layer_norm): LayerNorm((512,), eps=1e-05, elementwise_affine=True)
          (activation): GELUActivation()
        )
      )
    )
    (feature_projection): Wav2Vec2FeatureProjection(
      (layer_norm): LayerNorm((512,), eps=1e-05, elementwise_affine=True)
      (projection): Linear(in_features=512, out_features=1024, bias=True)
      (dropout): Dropout(p=0.1, inplace=False)
    )
    (encoder): Wav2Vec2EncoderStableLayerNorm(
      (pos_conv_embed): Wav2Vec2PositionalConvEmbedding(
        (conv): Conv1d(1024, 1024, kernel_size=(128,), stride=(1,), padding=(64,), groups=16)
        (padding): Wav2Vec2SamePadLayer()
        (activation): GELUActivation()
      )
      (layer_norm): LayerNorm((1024,), eps=1e-05, elementwise_affine=True)
      (dropout): Dropout(p=0.1, inplace=False)
      (layers): ModuleList(
        (0-23): 24 x Wav2Vec2EncoderLayerStableLayerNorm(
          (attention): Wav2Vec2Attention(
            (k_proj): Linear(in_features=1024, out_features=1024, bias=True)
            (v_proj): Linear(in_features=1024, out_features=1024, bias=True)
            (q_proj): Linear(in_features=1024, out_features=1024, bias=True)
            (out_proj): Linear(in_features=1024, out_features=1024, bias=True)
          )
          (dropout): Dropout(p=0.1, inplace=False)
          (layer_norm): LayerNorm((1024,), eps=1e-05, elementwise_affine=True)
          (feed_forward): Wav2Vec2FeedForward(
            (intermediate_dropout): Dropout(p=0.0, inplace=False)
            (intermediate_dense): Linear(in_features=1024, out_features=4096, bias=True)
            (intermediate_act_fn): GELUActivation()
            (output_dense): Linear(in_features=4096, out_features=1024, bias=True)
            (output_dropout): Dropout(p=0.1, inplace=False)
          )
          (final_layer_norm): LayerNorm((1024,), eps=1e-05, elementwise_affine=True)
        )
      )
    )
  )
  (projector): Linear(in_features=1024, out_features=256, bias=True)
  (classifier): Linear(in_features=256, out_features=7, bias=True)
)
08/15/2023 09:42:45 - DEBUG - __main__ -   Speech loaded. N_train=1604, N_eval=508. CPU mem usage: 6.06G.  Cuda 0: memory acclocated: 0 G.
08/15/2023 09:43:12 - DEBUG - __main__ -   Feature extracted. Duration: 0:00:26 CPU mem usage: 9.09G.  Cuda 0: memory acclocated: 0 G.
08/15/2023 09:43:12 - DEBUG - urllib3.connectionpool -   Starting new HTTPS connection (1): s3.amazonaws.com:443
08/15/2023 09:43:12 - DEBUG - urllib3.connectionpool -   https://s3.amazonaws.com:443 "HEAD /datasets.huggingface.co/datasets/metrics/evaluate-metric/precision/evaluate-metric/precision.py HTTP/1.1" 404 0
08/15/2023 09:43:12 - DEBUG - urllib3.connectionpool -   Starting new HTTPS connection (1): huggingface.co:443
08/15/2023 09:43:12 - DEBUG - urllib3.connectionpool -   https://huggingface.co:443 "HEAD /spaces/evaluate-metric/precision/resolve/v0.4.0/precision.py HTTP/1.1" 200 0
08/15/2023 09:43:12 - DEBUG - urllib3.connectionpool -   Starting new HTTPS connection (1): s3.amazonaws.com:443
08/15/2023 09:43:13 - DEBUG - urllib3.connectionpool -   https://s3.amazonaws.com:443 "HEAD /datasets.huggingface.co/datasets/metrics/evaluate-metric/recall/evaluate-metric/recall.py HTTP/1.1" 404 0
08/15/2023 09:43:13 - DEBUG - urllib3.connectionpool -   Starting new HTTPS connection (1): huggingface.co:443
08/15/2023 09:43:13 - DEBUG - urllib3.connectionpool -   https://huggingface.co:443 "HEAD /spaces/evaluate-metric/recall/resolve/v0.4.0/recall.py HTTP/1.1" 200 0
08/15/2023 09:43:13 - DEBUG - urllib3.connectionpool -   Starting new HTTPS connection (1): s3.amazonaws.com:443
08/15/2023 09:43:13 - DEBUG - urllib3.connectionpool -   https://s3.amazonaws.com:443 "HEAD /datasets.huggingface.co/datasets/metrics/evaluate-metric/f1/evaluate-metric/f1.py HTTP/1.1" 404 0
08/15/2023 09:43:13 - DEBUG - urllib3.connectionpool -   Starting new HTTPS connection (1): huggingface.co:443
08/15/2023 09:43:14 - DEBUG - urllib3.connectionpool -   https://huggingface.co:443 "HEAD /spaces/evaluate-metric/f1/resolve/v0.4.0/f1.py HTTP/1.1" 200 0
08/15/2023 09:43:14 - DEBUG - urllib3.connectionpool -   Starting new HTTPS connection (1): s3.amazonaws.com:443
08/15/2023 09:43:14 - DEBUG - urllib3.connectionpool -   https://s3.amazonaws.com:443 "HEAD /datasets.huggingface.co/datasets/metrics/evaluate-metric/spearmanr/evaluate-metric/spearmanr.py HTTP/1.1" 404 0
08/15/2023 09:43:14 - DEBUG - urllib3.connectionpool -   Starting new HTTPS connection (1): huggingface.co:443
08/15/2023 09:43:14 - DEBUG - urllib3.connectionpool -   https://huggingface.co:443 "HEAD /spaces/evaluate-metric/spearmanr/resolve/v0.4.0/spearmanr.py HTTP/1.1" 200 0
08/15/2023 09:43:17 - DEBUG - __main__ -   Training starts now. CPU mem usage: 8.51G.  Cuda 0: memory acclocated: 2 G.
08/15/2023 09:43:17 - DEBUG - helper.classes -   ----------- Starting epoch 1 -----------
{'loss': 1.8002, 'learning_rate': 1.8703241895261847e-05, 'epoch': 0.62}
08/15/2023 10:04:29 - DEBUG - helper.classes -   Epoch 1.0 completed, Duration: 0:21:11 Mem usage: CPU mem usage: 9.65G.  Cuda 0: memory acclocated: 18 G.
08/15/2023 10:06:15 - DEBUG - fsspec.local -   open file: /home/lunt1/.cache/huggingface/metrics/precision/default/default_experiment-1-0.arrow
08/15/2023 10:06:15 - DEBUG - fsspec.local -   open file: /home/lunt1/.cache/huggingface/metrics/recall/default/default_experiment-1-0.arrow
08/15/2023 10:06:15 - DEBUG - fsspec.local -   open file: /home/lunt1/.cache/huggingface/metrics/f1/default/default_experiment-1-0.arrow
08/15/2023 10:06:15 - DEBUG - fsspec.local -   open file: /home/lunt1/.cache/huggingface/metrics/spearmanr/default/default_experiment-1-0.arrow
08/15/2023 10:06:15 - DEBUG - fsspec.local -   open file: /home/lunt1/.cache/huggingface/metrics/precision/default/default_experiment-1-0.arrow
08/15/2023 10:06:15 - DEBUG - fsspec.local -   open file: /home/lunt1/.cache/huggingface/metrics/recall/default/default_experiment-1-0.arrow
08/15/2023 10:06:15 - DEBUG - fsspec.local -   open file: /home/lunt1/.cache/huggingface/metrics/f1/default/default_experiment-1-0.arrow
{'eval_loss': 1.3002517223358154, 'eval_precision': 0.1588562020552902, 'eval_recall': 0.25702156810996873, 'eval_f1': 0.1688134238256818, 'eval_spearmanr': 0.7706538503227356, 'eval_precision_weighted': 0.24072502074208804, 'eval_recall_weighted': 0.39763779527559057, 'eval_f1_weighted': 0.26043725943007157, 'eval_runtime': 106.5974, 'eval_samples_per_second': 4.766, 'eval_steps_per_second': 2.383, 'epoch': 1.0}
08/15/2023 10:06:21 - DEBUG - helper.classes -   ----------- Starting epoch 2.0 -----------
{'loss': 1.3857, 'learning_rate': 2.9177057356608482e-05, 'epoch': 1.25}
{'loss': 1.3042, 'learning_rate': 2.7098919368246054e-05, 'epoch': 1.87}
08/15/2023 10:27:14 - DEBUG - helper.classes -   Epoch 2.0 completed, Duration: 0:20:53 Mem usage: CPU mem usage: 9.95G.  Cuda 0: memory acclocated: 18 G.
08/15/2023 10:29:00 - DEBUG - fsspec.local -   open file: /home/lunt1/.cache/huggingface/metrics/precision/default/default_experiment-1-0.arrow
08/15/2023 10:29:00 - DEBUG - fsspec.local -   open file: /home/lunt1/.cache/huggingface/metrics/recall/default/default_experiment-1-0.arrow
08/15/2023 10:29:00 - DEBUG - fsspec.local -   open file: /home/lunt1/.cache/huggingface/metrics/f1/default/default_experiment-1-0.arrow
08/15/2023 10:29:00 - DEBUG - fsspec.local -   open file: /home/lunt1/.cache/huggingface/metrics/spearmanr/default/default_experiment-1-0.arrow
08/15/2023 10:29:00 - DEBUG - fsspec.local -   open file: /home/lunt1/.cache/huggingface/metrics/precision/default/default_experiment-1-0.arrow
08/15/2023 10:29:00 - DEBUG - fsspec.local -   open file: /home/lunt1/.cache/huggingface/metrics/recall/default/default_experiment-1-0.arrow
08/15/2023 10:29:00 - DEBUG - fsspec.local -   open file: /home/lunt1/.cache/huggingface/metrics/f1/default/default_experiment-1-0.arrow
{'eval_loss': 1.2897549867630005, 'eval_precision': 0.27695739170288614, 'eval_recall': 0.30645159894680324, 'eval_f1': 0.27379866925482393, 'eval_spearmanr': 0.78747742898243, 'eval_precision_weighted': 0.35901432189851457, 'eval_recall_weighted': 0.4448818897637795, 'eval_f1_weighted': 0.3756405415704924, 'eval_runtime': 106.3272, 'eval_samples_per_second': 4.778, 'eval_steps_per_second': 2.389, 'epoch': 2.0}
08/15/2023 10:29:07 - DEBUG - helper.classes -   ----------- Starting epoch 3.0 -----------
{'loss': 1.1588, 'learning_rate': 2.5020781379883625e-05, 'epoch': 2.49}
08/15/2023 10:50:24 - DEBUG - helper.classes -   Epoch 3.0 completed, Duration: 0:21:17 Mem usage: CPU mem usage: 9.74G.  Cuda 0: memory acclocated: 18 G.
08/15/2023 10:52:11 - DEBUG - fsspec.local -   open file: /home/lunt1/.cache/huggingface/metrics/precision/default/default_experiment-1-0.arrow
08/15/2023 10:52:11 - DEBUG - fsspec.local -   open file: /home/lunt1/.cache/huggingface/metrics/recall/default/default_experiment-1-0.arrow
08/15/2023 10:52:11 - DEBUG - fsspec.local -   open file: /home/lunt1/.cache/huggingface/metrics/f1/default/default_experiment-1-0.arrow
08/15/2023 10:52:11 - DEBUG - fsspec.local -   open file: /home/lunt1/.cache/huggingface/metrics/spearmanr/default/default_experiment-1-0.arrow
08/15/2023 10:52:11 - DEBUG - fsspec.local -   open file: /home/lunt1/.cache/huggingface/metrics/precision/default/default_experiment-1-0.arrow
08/15/2023 10:52:11 - DEBUG - fsspec.local -   open file: /home/lunt1/.cache/huggingface/metrics/recall/default/default_experiment-1-0.arrow
08/15/2023 10:52:11 - DEBUG - fsspec.local -   open file: /home/lunt1/.cache/huggingface/metrics/f1/default/default_experiment-1-0.arrow
{'eval_loss': 1.2927848100662231, 'eval_precision': 0.32565089045020634, 'eval_recall': 0.33879154827697905, 'eval_f1': 0.3227933875834309, 'eval_spearmanr': 0.7849258821422472, 'eval_precision_weighted': 0.4375429452246693, 'eval_recall_weighted': 0.452755905511811, 'eval_f1_weighted': 0.43241612231576854, 'eval_runtime': 106.4085, 'eval_samples_per_second': 4.774, 'eval_steps_per_second': 2.387, 'epoch': 3.0}
08/15/2023 10:52:17 - DEBUG - helper.classes -   ----------- Starting epoch 4.0 -----------
{'loss': 1.1933, 'learning_rate': 2.2942643391521197e-05, 'epoch': 3.12}
{'loss': 1.1052, 'learning_rate': 2.0864505403158772e-05, 'epoch': 3.74}
08/15/2023 11:13:24 - DEBUG - helper.classes -   Epoch 4.0 completed, Duration: 0:21:06 Mem usage: CPU mem usage: 9.76G.  Cuda 0: memory acclocated: 18 G.
08/15/2023 11:15:10 - DEBUG - fsspec.local -   open file: /home/lunt1/.cache/huggingface/metrics/precision/default/default_experiment-1-0.arrow
08/15/2023 11:15:10 - DEBUG - fsspec.local -   open file: /home/lunt1/.cache/huggingface/metrics/recall/default/default_experiment-1-0.arrow
08/15/2023 11:15:10 - DEBUG - fsspec.local -   open file: /home/lunt1/.cache/huggingface/metrics/f1/default/default_experiment-1-0.arrow
08/15/2023 11:15:10 - DEBUG - fsspec.local -   open file: /home/lunt1/.cache/huggingface/metrics/spearmanr/default/default_experiment-1-0.arrow
08/15/2023 11:15:10 - DEBUG - fsspec.local -   open file: /home/lunt1/.cache/huggingface/metrics/precision/default/default_experiment-1-0.arrow
08/15/2023 11:15:10 - DEBUG - fsspec.local -   open file: /home/lunt1/.cache/huggingface/metrics/recall/default/default_experiment-1-0.arrow
08/15/2023 11:15:10 - DEBUG - fsspec.local -   open file: /home/lunt1/.cache/huggingface/metrics/f1/default/default_experiment-1-0.arrow
{'eval_loss': 1.2891665697097778, 'eval_precision': 0.3662523486591045, 'eval_recall': 0.35542492903750483, 'eval_f1': 0.3485857444955324, 'eval_spearmanr': 0.7898090026141542, 'eval_precision_weighted': 0.4905863323690406, 'eval_recall_weighted': 0.5039370078740157, 'eval_f1_weighted': 0.47825633070218, 'eval_runtime': 106.4709, 'eval_samples_per_second': 4.771, 'eval_steps_per_second': 2.386, 'epoch': 4.0}
08/15/2023 11:15:17 - DEBUG - helper.classes -   ----------- Starting epoch 5.0 -----------
{'loss': 1.0784, 'learning_rate': 1.8786367414796344e-05, 'epoch': 4.36}
{'loss': 1.044, 'learning_rate': 1.6708229426433916e-05, 'epoch': 4.99}
08/15/2023 11:36:24 - DEBUG - helper.classes -   Epoch 5.0 completed, Duration: 0:21:07 Mem usage: CPU mem usage: 9.78G.  Cuda 0: memory acclocated: 18 G.
08/15/2023 11:38:10 - DEBUG - fsspec.local -   open file: /home/lunt1/.cache/huggingface/metrics/precision/default/default_experiment-1-0.arrow
08/15/2023 11:38:10 - DEBUG - fsspec.local -   open file: /home/lunt1/.cache/huggingface/metrics/recall/default/default_experiment-1-0.arrow
08/15/2023 11:38:10 - DEBUG - fsspec.local -   open file: /home/lunt1/.cache/huggingface/metrics/f1/default/default_experiment-1-0.arrow
08/15/2023 11:38:10 - DEBUG - fsspec.local -   open file: /home/lunt1/.cache/huggingface/metrics/spearmanr/default/default_experiment-1-0.arrow
08/15/2023 11:38:10 - DEBUG - fsspec.local -   open file: /home/lunt1/.cache/huggingface/metrics/precision/default/default_experiment-1-0.arrow
08/15/2023 11:38:10 - DEBUG - fsspec.local -   open file: /home/lunt1/.cache/huggingface/metrics/recall/default/default_experiment-1-0.arrow
08/15/2023 11:38:10 - DEBUG - fsspec.local -   open file: /home/lunt1/.cache/huggingface/metrics/f1/default/default_experiment-1-0.arrow
{'eval_loss': 1.5257337093353271, 'eval_precision': 0.33181866273201166, 'eval_recall': 0.36214273301840205, 'eval_f1': 0.33493188090246184, 'eval_spearmanr': 0.7857122541321788, 'eval_precision_weighted': 0.45431099958659016, 'eval_recall_weighted': 0.468503937007874, 'eval_f1_weighted': 0.449851358498208, 'eval_runtime': 106.4174, 'eval_samples_per_second': 4.774, 'eval_steps_per_second': 2.387, 'epoch': 5.0}
08/15/2023 11:38:16 - DEBUG - helper.classes -   ----------- Starting epoch 6.0 -----------
{'loss': 0.9459, 'learning_rate': 1.4630091438071489e-05, 'epoch': 5.61}
08/15/2023 11:59:32 - DEBUG - helper.classes -   Epoch 6.0 completed, Duration: 0:21:16 Mem usage: CPU mem usage: 9.78G.  Cuda 0: memory acclocated: 18 G.
08/15/2023 12:01:19 - DEBUG - fsspec.local -   open file: /home/lunt1/.cache/huggingface/metrics/precision/default/default_experiment-1-0.arrow
08/15/2023 12:01:19 - DEBUG - fsspec.local -   open file: /home/lunt1/.cache/huggingface/metrics/recall/default/default_experiment-1-0.arrow
08/15/2023 12:01:19 - DEBUG - fsspec.local -   open file: /home/lunt1/.cache/huggingface/metrics/f1/default/default_experiment-1-0.arrow
08/15/2023 12:01:19 - DEBUG - fsspec.local -   open file: /home/lunt1/.cache/huggingface/metrics/spearmanr/default/default_experiment-1-0.arrow
08/15/2023 12:01:19 - DEBUG - fsspec.local -   open file: /home/lunt1/.cache/huggingface/metrics/precision/default/default_experiment-1-0.arrow
08/15/2023 12:01:19 - DEBUG - fsspec.local -   open file: /home/lunt1/.cache/huggingface/metrics/recall/default/default_experiment-1-0.arrow
08/15/2023 12:01:19 - DEBUG - fsspec.local -   open file: /home/lunt1/.cache/huggingface/metrics/f1/default/default_experiment-1-0.arrow
{'eval_loss': 1.540331482887268, 'eval_precision': 0.336567340759042, 'eval_recall': 0.3607457402006836, 'eval_f1': 0.3450219218927266, 'eval_spearmanr': 0.7863128220400777, 'eval_precision_weighted': 0.4618695757383039, 'eval_recall_weighted': 0.47834645669291337, 'eval_f1_weighted': 0.46658620612609586, 'eval_runtime': 106.4211, 'eval_samples_per_second': 4.773, 'eval_steps_per_second': 2.387, 'epoch': 6.0}
08/15/2023 12:01:25 - DEBUG - helper.classes -   ----------- Starting epoch 7.0 -----------
{'loss': 0.9721, 'learning_rate': 1.2551953449709061e-05, 'epoch': 6.23}
{'loss': 0.8782, 'learning_rate': 1.0473815461346634e-05, 'epoch': 6.86}
08/15/2023 12:22:46 - DEBUG - helper.classes -   Epoch 7.0 completed, Duration: 0:21:20 Mem usage: CPU mem usage: 9.79G.  Cuda 0: memory acclocated: 18 G.
08/15/2023 12:24:32 - DEBUG - fsspec.local -   open file: /home/lunt1/.cache/huggingface/metrics/precision/default/default_experiment-1-0.arrow
08/15/2023 12:24:33 - DEBUG - fsspec.local -   open file: /home/lunt1/.cache/huggingface/metrics/recall/default/default_experiment-1-0.arrow
08/15/2023 12:24:33 - DEBUG - fsspec.local -   open file: /home/lunt1/.cache/huggingface/metrics/f1/default/default_experiment-1-0.arrow
08/15/2023 12:24:33 - DEBUG - fsspec.local -   open file: /home/lunt1/.cache/huggingface/metrics/spearmanr/default/default_experiment-1-0.arrow
08/15/2023 12:24:33 - DEBUG - fsspec.local -   open file: /home/lunt1/.cache/huggingface/metrics/precision/default/default_experiment-1-0.arrow
08/15/2023 12:24:33 - DEBUG - fsspec.local -   open file: /home/lunt1/.cache/huggingface/metrics/recall/default/default_experiment-1-0.arrow
08/15/2023 12:24:33 - DEBUG - fsspec.local -   open file: /home/lunt1/.cache/huggingface/metrics/f1/default/default_experiment-1-0.arrow
{'eval_loss': 1.663785696029663, 'eval_precision': 0.3396617694506202, 'eval_recall': 0.3573751021170265, 'eval_f1': 0.34705298415914887, 'eval_spearmanr': 0.7828782441887124, 'eval_precision_weighted': 0.4600541003803096, 'eval_recall_weighted': 0.48031496062992124, 'eval_f1_weighted': 0.46856127069979303, 'eval_runtime': 107.3418, 'eval_samples_per_second': 4.733, 'eval_steps_per_second': 2.366, 'epoch': 7.0}
08/15/2023 12:24:39 - DEBUG - helper.classes -   ----------- Starting epoch 8.0 -----------
{'loss': 0.8269, 'learning_rate': 8.395677472984206e-06, 'epoch': 7.48}
08/15/2023 12:45:22 - DEBUG - helper.classes -   Epoch 8.0 completed, Duration: 0:20:42 Mem usage: CPU mem usage: 9.78G.  Cuda 0: memory acclocated: 18 G.
08/15/2023 12:47:08 - DEBUG - fsspec.local -   open file: /home/lunt1/.cache/huggingface/metrics/precision/default/default_experiment-1-0.arrow
08/15/2023 12:47:09 - DEBUG - fsspec.local -   open file: /home/lunt1/.cache/huggingface/metrics/recall/default/default_experiment-1-0.arrow
08/15/2023 12:47:09 - DEBUG - fsspec.local -   open file: /home/lunt1/.cache/huggingface/metrics/f1/default/default_experiment-1-0.arrow
08/15/2023 12:47:09 - DEBUG - fsspec.local -   open file: /home/lunt1/.cache/huggingface/metrics/spearmanr/default/default_experiment-1-0.arrow
08/15/2023 12:47:09 - DEBUG - fsspec.local -   open file: /home/lunt1/.cache/huggingface/metrics/precision/default/default_experiment-1-0.arrow
08/15/2023 12:47:09 - DEBUG - fsspec.local -   open file: /home/lunt1/.cache/huggingface/metrics/recall/default/default_experiment-1-0.arrow
08/15/2023 12:47:09 - DEBUG - fsspec.local -   open file: /home/lunt1/.cache/huggingface/metrics/f1/default/default_experiment-1-0.arrow
{'eval_loss': 1.9401952028274536, 'eval_precision': 0.32769631662188686, 'eval_recall': 0.3394648854146699, 'eval_f1': 0.33160997651917096, 'eval_spearmanr': 0.783338662810166, 'eval_precision_weighted': 0.44302423068965124, 'eval_recall_weighted': 0.45866141732283466, 'eval_f1_weighted': 0.4480974015549171, 'eval_runtime': 106.4524, 'eval_samples_per_second': 4.772, 'eval_steps_per_second': 2.386, 'epoch': 8.0}
08/15/2023 12:47:15 - DEBUG - helper.classes -   ----------- Starting epoch 9.0 -----------
{'loss': 0.8474, 'learning_rate': 6.3175394846217795e-06, 'epoch': 8.1}
{'loss': 0.7668, 'learning_rate': 4.239401496259352e-06, 'epoch': 8.73}
08/15/2023 13:08:29 - DEBUG - helper.classes -   Epoch 9.0 completed, Duration: 0:21:14 Mem usage: CPU mem usage: 9.80G.  Cuda 0: memory acclocated: 18 G.
08/15/2023 13:10:16 - DEBUG - fsspec.local -   open file: /home/lunt1/.cache/huggingface/metrics/precision/default/default_experiment-1-0.arrow
08/15/2023 13:10:16 - DEBUG - fsspec.local -   open file: /home/lunt1/.cache/huggingface/metrics/recall/default/default_experiment-1-0.arrow
08/15/2023 13:10:16 - DEBUG - fsspec.local -   open file: /home/lunt1/.cache/huggingface/metrics/f1/default/default_experiment-1-0.arrow
08/15/2023 13:10:16 - DEBUG - fsspec.local -   open file: /home/lunt1/.cache/huggingface/metrics/spearmanr/default/default_experiment-1-0.arrow
08/15/2023 13:10:16 - DEBUG - fsspec.local -   open file: /home/lunt1/.cache/huggingface/metrics/precision/default/default_experiment-1-0.arrow
08/15/2023 13:10:16 - DEBUG - fsspec.local -   open file: /home/lunt1/.cache/huggingface/metrics/recall/default/default_experiment-1-0.arrow
08/15/2023 13:10:16 - DEBUG - fsspec.local -   open file: /home/lunt1/.cache/huggingface/metrics/f1/default/default_experiment-1-0.arrow
{'eval_loss': 2.0671637058258057, 'eval_precision': 0.33240914352528955, 'eval_recall': 0.3491043940133971, 'eval_f1': 0.34024724299625525, 'eval_spearmanr': 0.7760191321199091, 'eval_precision_weighted': 0.449905620860869, 'eval_recall_weighted': 0.4704724409448819, 'eval_f1_weighted': 0.4595667520020783, 'eval_runtime': 106.3736, 'eval_samples_per_second': 4.776, 'eval_steps_per_second': 2.388, 'epoch': 9.0}
08/15/2023 13:10:22 - DEBUG - helper.classes -   ----------- Starting epoch 10.0 -----------
{'loss': 0.7833, 'learning_rate': 2.1612635078969247e-06, 'epoch': 9.35}
{'loss': 0.7612, 'learning_rate': 8.31255195344971e-08, 'epoch': 9.98}
08/15/2023 13:31:20 - DEBUG - helper.classes -   Epoch 10.0 completed, Duration: 0:20:58 Mem usage: CPU mem usage: 9.79G.  Cuda 0: memory acclocated: 18 G.
08/15/2023 13:33:06 - DEBUG - fsspec.local -   open file: /home/lunt1/.cache/huggingface/metrics/precision/default/default_experiment-1-0.arrow
08/15/2023 13:33:06 - DEBUG - fsspec.local -   open file: /home/lunt1/.cache/huggingface/metrics/recall/default/default_experiment-1-0.arrow
08/15/2023 13:33:06 - DEBUG - fsspec.local -   open file: /home/lunt1/.cache/huggingface/metrics/f1/default/default_experiment-1-0.arrow
08/15/2023 13:33:06 - DEBUG - fsspec.local -   open file: /home/lunt1/.cache/huggingface/metrics/spearmanr/default/default_experiment-1-0.arrow
08/15/2023 13:33:06 - DEBUG - fsspec.local -   open file: /home/lunt1/.cache/huggingface/metrics/precision/default/default_experiment-1-0.arrow
08/15/2023 13:33:06 - DEBUG - fsspec.local -   open file: /home/lunt1/.cache/huggingface/metrics/recall/default/default_experiment-1-0.arrow
08/15/2023 13:33:06 - DEBUG - fsspec.local -   open file: /home/lunt1/.cache/huggingface/metrics/f1/default/default_experiment-1-0.arrow
{'eval_loss': 2.1497368812561035, 'eval_precision': 0.3326571913657391, 'eval_recall': 0.3471361516891623, 'eval_f1': 0.3395811098424308, 'eval_spearmanr': 0.7784254496906312, 'eval_precision_weighted': 0.4513343171600375, 'eval_recall_weighted': 0.47244094488188976, 'eval_f1_weighted': 0.46144639750894706, 'eval_runtime': 106.407, 'eval_samples_per_second': 4.774, 'eval_steps_per_second': 2.387, 'epoch': 10.0}
{'train_runtime': 13801.0502, 'train_samples_per_second': 1.162, 'train_steps_per_second': 0.581, 'train_loss': 1.0520585393073256, 'epoch': 10.0}
08/15/2023 13:33:19 - INFO - __main__ -   Training completed. Duration: 3:50:01
08/15/2023 13:35:05 - DEBUG - fsspec.local -   open file: /home/lunt1/.cache/huggingface/metrics/precision/default/default_experiment-1-0.arrow
08/15/2023 13:35:05 - DEBUG - fsspec.local -   open file: /home/lunt1/.cache/huggingface/metrics/recall/default/default_experiment-1-0.arrow
08/15/2023 13:35:05 - DEBUG - fsspec.local -   open file: /home/lunt1/.cache/huggingface/metrics/f1/default/default_experiment-1-0.arrow
08/15/2023 13:35:05 - DEBUG - fsspec.local -   open file: /home/lunt1/.cache/huggingface/metrics/spearmanr/default/default_experiment-1-0.arrow
08/15/2023 13:35:05 - DEBUG - fsspec.local -   open file: /home/lunt1/.cache/huggingface/metrics/precision/default/default_experiment-1-0.arrow
08/15/2023 13:35:05 - DEBUG - fsspec.local -   open file: /home/lunt1/.cache/huggingface/metrics/recall/default/default_experiment-1-0.arrow
08/15/2023 13:35:05 - DEBUG - fsspec.local -   open file: /home/lunt1/.cache/huggingface/metrics/f1/default/default_experiment-1-0.arrow
08/15/2023 13:35:05 - DEBUG - fsspec.local -   open file: /home/lunt1/.cache/huggingface/metrics/precision/default/default_experiment-1-0.arrow
08/15/2023 13:35:05 - DEBUG - fsspec.local -   open file: /home/lunt1/.cache/huggingface/metrics/recall/default/default_experiment-1-0.arrow
08/15/2023 13:35:05 - DEBUG - fsspec.local -   open file: /home/lunt1/.cache/huggingface/metrics/f1/default/default_experiment-1-0.arrow
08/15/2023 13:35:05 - DEBUG - fsspec.local -   open file: /home/lunt1/.cache/huggingface/metrics/spearmanr/default/default_experiment-1-0.arrow
08/15/2023 13:35:05 - DEBUG - fsspec.local -   open file: /home/lunt1/.cache/huggingface/metrics/precision/default/default_experiment-1-0.arrow
08/15/2023 13:35:05 - DEBUG - fsspec.local -   open file: /home/lunt1/.cache/huggingface/metrics/recall/default/default_experiment-1-0.arrow
08/15/2023 13:35:05 - DEBUG - fsspec.local -   open file: /home/lunt1/.cache/huggingface/metrics/f1/default/default_experiment-1-0.arrow
08/15/2023 13:35:05 - DEBUG - __main__ -   label: 4
08/15/2023 13:35:05 - DEBUG - __main__ -   pred: 4
08/15/2023 13:35:05 - DEBUG - __main__ -   label: 5
08/15/2023 13:35:05 - DEBUG - __main__ -   pred: 5
08/15/2023 13:35:05 - DEBUG - __main__ -   label: 3
08/15/2023 13:35:05 - DEBUG - __main__ -   pred: 3
08/15/2023 13:35:05 - DEBUG - __main__ -   label: 6
08/15/2023 13:35:05 - DEBUG - __main__ -   pred: 4
08/15/2023 13:35:05 - DEBUG - __main__ -   label: 3
08/15/2023 13:35:05 - DEBUG - __main__ -   pred: 2
08/15/2023 13:35:05 - DEBUG - __main__ -   label: 3
08/15/2023 13:35:05 - DEBUG - __main__ -   pred: 3
08/15/2023 13:35:05 - DEBUG - __main__ -   label: 2
08/15/2023 13:35:05 - DEBUG - __main__ -   pred: 2
08/15/2023 13:35:05 - DEBUG - __main__ -   label: 4
08/15/2023 13:35:05 - DEBUG - __main__ -   pred: 3
08/15/2023 13:35:05 - DEBUG - __main__ -   label: 4
08/15/2023 13:35:05 - DEBUG - __main__ -   pred: 4
08/15/2023 13:35:05 - DEBUG - __main__ -   label: 4
08/15/2023 13:35:05 - DEBUG - __main__ -   pred: 4
08/15/2023 13:35:05 - DEBUG - __main__ -   label: 2
08/15/2023 13:35:05 - DEBUG - __main__ -   pred: 4
08/15/2023 13:35:05 - DEBUG - __main__ -   label: 5
08/15/2023 13:35:05 - DEBUG - __main__ -   pred: 4
08/15/2023 13:35:05 - DEBUG - __main__ -   label: 4
08/15/2023 13:35:05 - DEBUG - __main__ -   pred: 3
08/15/2023 13:35:05 - DEBUG - __main__ -   label: 3
08/15/2023 13:35:05 - DEBUG - __main__ -   pred: 2
08/15/2023 13:35:05 - DEBUG - __main__ -   label: 5
08/15/2023 13:35:05 - DEBUG - __main__ -   pred: 4
08/15/2023 13:35:05 - DEBUG - __main__ -   label: 5
08/15/2023 13:35:05 - DEBUG - __main__ -   pred: 3
08/15/2023 13:35:05 - DEBUG - __main__ -   label: 5
08/15/2023 13:35:05 - DEBUG - __main__ -   pred: 4
08/15/2023 13:35:05 - DEBUG - __main__ -   label: 6
08/15/2023 13:35:05 - DEBUG - __main__ -   pred: 4
08/15/2023 13:35:05 - DEBUG - __main__ -   label: 3
08/15/2023 13:35:05 - DEBUG - __main__ -   pred: 3
08/15/2023 13:35:05 - DEBUG - __main__ -   label: 3
08/15/2023 13:35:05 - DEBUG - __main__ -   pred: 3
08/15/2023 13:35:05 - DEBUG - __main__ -   label: 5
08/15/2023 13:35:05 - DEBUG - __main__ -   pred: 4
08/15/2023 13:35:05 - DEBUG - __main__ -   label: 2
08/15/2023 13:35:05 - DEBUG - __main__ -   pred: 3
08/15/2023 13:35:05 - DEBUG - __main__ -   label: 1
08/15/2023 13:35:05 - DEBUG - __main__ -   pred: 2
08/15/2023 13:35:05 - DEBUG - __main__ -   label: 3
08/15/2023 13:35:05 - DEBUG - __main__ -   pred: 2
08/15/2023 13:35:05 - DEBUG - __main__ -   label: 4
08/15/2023 13:35:05 - DEBUG - __main__ -   pred: 4
08/15/2023 13:35:05 - DEBUG - __main__ -   label: 5
08/15/2023 13:35:05 - DEBUG - __main__ -   pred: 4
08/15/2023 13:35:05 - DEBUG - __main__ -   label: 5
08/15/2023 13:35:05 - DEBUG - __main__ -   pred: 5
08/15/2023 13:35:05 - DEBUG - __main__ -   label: 3
08/15/2023 13:35:05 - DEBUG - __main__ -   pred: 3
08/15/2023 13:35:05 - DEBUG - __main__ -   label: 4
08/15/2023 13:35:05 - DEBUG - __main__ -   pred: 2
08/15/2023 13:35:05 - DEBUG - __main__ -   label: 4
08/15/2023 13:35:05 - DEBUG - __main__ -   pred: 5
08/15/2023 13:35:05 - DEBUG - __main__ -   label: 4
08/15/2023 13:35:05 - DEBUG - __main__ -   pred: 4
08/15/2023 13:35:05 - DEBUG - __main__ -   label: 4
08/15/2023 13:35:05 - DEBUG - __main__ -   pred: 4
08/15/2023 13:35:05 - DEBUG - __main__ -   label: 4
08/15/2023 13:35:05 - DEBUG - __main__ -   pred: 3
08/15/2023 13:35:05 - DEBUG - __main__ -   label: 5
08/15/2023 13:35:05 - DEBUG - __main__ -   pred: 4
08/15/2023 13:35:05 - DEBUG - __main__ -   label: 2
08/15/2023 13:35:05 - DEBUG - __main__ -   pred: 2
08/15/2023 13:35:05 - DEBUG - __main__ -   label: 4
08/15/2023 13:35:05 - DEBUG - __main__ -   pred: 4
08/15/2023 13:35:05 - DEBUG - __main__ -   label: 6
08/15/2023 13:35:05 - DEBUG - __main__ -   pred: 4
08/15/2023 13:35:05 - DEBUG - __main__ -   label: 5
08/15/2023 13:35:05 - DEBUG - __main__ -   pred: 4
08/15/2023 13:35:05 - DEBUG - __main__ -   label: 2
08/15/2023 13:35:05 - DEBUG - __main__ -   pred: 2
08/15/2023 13:35:05 - DEBUG - __main__ -   label: 4
08/15/2023 13:35:05 - DEBUG - __main__ -   pred: 3
08/15/2023 13:35:05 - DEBUG - __main__ -   label: 3
08/15/2023 13:35:05 - DEBUG - __main__ -   pred: 3
08/15/2023 13:35:05 - DEBUG - __main__ -   label: 4
08/15/2023 13:35:05 - DEBUG - __main__ -   pred: 4
08/15/2023 13:35:05 - DEBUG - __main__ -   label: 3
08/15/2023 13:35:05 - DEBUG - __main__ -   pred: 4
08/15/2023 13:35:05 - DEBUG - __main__ -   label: 3
08/15/2023 13:35:05 - DEBUG - __main__ -   pred: 4
08/15/2023 13:35:05 - DEBUG - __main__ -   label: 5
08/15/2023 13:35:05 - DEBUG - __main__ -   pred: 5
08/15/2023 13:35:05 - DEBUG - __main__ -   label: 4
08/15/2023 13:35:05 - DEBUG - __main__ -   pred: 2
08/15/2023 13:35:05 - DEBUG - __main__ -   label: 5
08/15/2023 13:35:05 - DEBUG - __main__ -   pred: 5
08/15/2023 13:35:05 - DEBUG - __main__ -   label: 5
08/15/2023 13:35:05 - DEBUG - __main__ -   pred: 4
08/15/2023 13:35:05 - DEBUG - __main__ -   label: 4
08/15/2023 13:35:05 - DEBUG - __main__ -   pred: 4
08/15/2023 13:35:05 - DEBUG - __main__ -   label: 5
08/15/2023 13:35:05 - DEBUG - __main__ -   pred: 4
08/15/2023 13:35:05 - DEBUG - __main__ -   label: 6
08/15/2023 13:35:05 - DEBUG - __main__ -   pred: 5
08/15/2023 13:35:05 - DEBUG - __main__ -   label: 3
08/15/2023 13:35:05 - DEBUG - __main__ -   pred: 3
08/15/2023 13:35:05 - DEBUG - __main__ -   label: 2
08/15/2023 13:35:05 - DEBUG - __main__ -   pred: 3
08/15/2023 13:35:05 - DEBUG - __main__ -   label: 3
08/15/2023 13:35:05 - DEBUG - __main__ -   pred: 3
08/15/2023 13:35:05 - DEBUG - __main__ -   label: 4
08/15/2023 13:35:05 - DEBUG - __main__ -   pred: 5
08/15/2023 13:35:05 - DEBUG - __main__ -   label: 3
08/15/2023 13:35:05 - DEBUG - __main__ -   pred: 4
08/15/2023 13:35:05 - DEBUG - __main__ -   label: 4
08/15/2023 13:35:05 - DEBUG - __main__ -   pred: 4
08/15/2023 13:35:05 - DEBUG - __main__ -   label: 2
08/15/2023 13:35:05 - DEBUG - __main__ -   pred: 2
08/15/2023 13:35:05 - DEBUG - __main__ -   label: 1
08/15/2023 13:35:05 - DEBUG - __main__ -   pred: 2
08/15/2023 13:35:05 - DEBUG - __main__ -   label: 1
08/15/2023 13:35:05 - DEBUG - __main__ -   pred: 2
08/15/2023 13:35:05 - DEBUG - __main__ -   label: 2
08/15/2023 13:35:05 - DEBUG - __main__ -   pred: 3
08/15/2023 13:35:05 - DEBUG - __main__ -   label: 2
08/15/2023 13:35:05 - DEBUG - __main__ -   pred: 3
08/15/2023 13:35:05 - DEBUG - __main__ -   label: 4
08/15/2023 13:35:05 - DEBUG - __main__ -   pred: 5
08/15/2023 13:35:05 - DEBUG - __main__ -   label: 3
08/15/2023 13:35:05 - DEBUG - __main__ -   pred: 4
08/15/2023 13:35:05 - DEBUG - __main__ -   label: 4
08/15/2023 13:35:05 - DEBUG - __main__ -   pred: 4
08/15/2023 13:35:05 - DEBUG - __main__ -   label: 3
08/15/2023 13:35:05 - DEBUG - __main__ -   pred: 2
08/15/2023 13:35:05 - DEBUG - __main__ -   label: 5
08/15/2023 13:35:05 - DEBUG - __main__ -   pred: 5
08/15/2023 13:35:05 - DEBUG - __main__ -   label: 4
08/15/2023 13:35:05 - DEBUG - __main__ -   pred: 4
08/15/2023 13:35:05 - DEBUG - __main__ -   label: 2
08/15/2023 13:35:05 - DEBUG - __main__ -   pred: 2
08/15/2023 13:35:05 - DEBUG - __main__ -   label: 2
08/15/2023 13:35:05 - DEBUG - __main__ -   pred: 2
08/15/2023 13:35:05 - DEBUG - __main__ -   label: 5
08/15/2023 13:35:05 - DEBUG - __main__ -   pred: 3
08/15/2023 13:35:05 - DEBUG - __main__ -   label: 2
08/15/2023 13:35:05 - DEBUG - __main__ -   pred: 2
08/15/2023 13:35:05 - DEBUG - __main__ -   label: 1
08/15/2023 13:35:05 - DEBUG - __main__ -   pred: 1
08/15/2023 13:35:05 - DEBUG - __main__ -   label: 1
08/15/2023 13:35:05 - DEBUG - __main__ -   pred: 1
08/15/2023 13:35:05 - DEBUG - __main__ -   label: 3
08/15/2023 13:35:05 - DEBUG - __main__ -   pred: 3
08/15/2023 13:35:05 - DEBUG - __main__ -   label: 3
08/15/2023 13:35:05 - DEBUG - __main__ -   pred: 4
08/15/2023 13:35:05 - DEBUG - __main__ -   label: 3
08/15/2023 13:35:05 - DEBUG - __main__ -   pred: 3
08/15/2023 13:35:05 - DEBUG - __main__ -   label: 3
08/15/2023 13:35:05 - DEBUG - __main__ -   pred: 2
08/15/2023 13:35:05 - DEBUG - __main__ -   label: 2
08/15/2023 13:35:05 - DEBUG - __main__ -   pred: 2
08/15/2023 13:35:05 - DEBUG - __main__ -   label: 2
08/15/2023 13:35:05 - DEBUG - __main__ -   pred: 2
08/15/2023 13:35:05 - DEBUG - __main__ -   label: 1
08/15/2023 13:35:05 - DEBUG - __main__ -   pred: 2
08/15/2023 13:35:05 - DEBUG - __main__ -   label: 2
08/15/2023 13:35:05 - DEBUG - __main__ -   pred: 2
08/15/2023 13:35:05 - DEBUG - __main__ -   label: 1
08/15/2023 13:35:05 - DEBUG - __main__ -   pred: 2
08/15/2023 13:35:05 - DEBUG - __main__ -   label: 2
08/15/2023 13:35:05 - DEBUG - __main__ -   pred: 2
08/15/2023 13:35:05 - DEBUG - __main__ -   label: 2
08/15/2023 13:35:05 - DEBUG - __main__ -   pred: 2
08/15/2023 13:35:05 - DEBUG - __main__ -   label: 1
08/15/2023 13:35:05 - DEBUG - __main__ -   pred: 1
08/15/2023 13:35:05 - DEBUG - __main__ -   label: 2
08/15/2023 13:35:05 - DEBUG - __main__ -   pred: 2
08/15/2023 13:35:05 - DEBUG - __main__ -   label: 1
08/15/2023 13:35:05 - DEBUG - __main__ -   pred: 2
08/15/2023 13:35:05 - DEBUG - __main__ -   label: 1
08/15/2023 13:35:05 - DEBUG - __main__ -   pred: 2
08/15/2023 13:35:05 - DEBUG - __main__ -   label: 2
08/15/2023 13:35:05 - DEBUG - __main__ -   pred: 2
08/15/2023 13:35:05 - DEBUG - __main__ -   label: 2
08/15/2023 13:35:05 - DEBUG - __main__ -   pred: 2
08/15/2023 13:35:05 - DEBUG - __main__ -   label: 2
08/15/2023 13:35:05 - DEBUG - __main__ -   pred: 2
08/15/2023 13:35:05 - DEBUG - __main__ -   label: 2
08/15/2023 13:35:05 - DEBUG - __main__ -   pred: 1
08/15/2023 13:35:05 - DEBUG - __main__ -   label: 2
08/15/2023 13:35:05 - DEBUG - __main__ -   pred: 1
08/15/2023 13:35:05 - DEBUG - __main__ -   label: 1
08/15/2023 13:35:05 - DEBUG - __main__ -   pred: 2
08/15/2023 13:35:05 - DEBUG - __main__ -   label: 2
08/15/2023 13:35:05 - DEBUG - __main__ -   pred: 2
08/15/2023 13:35:05 - DEBUG - __main__ -   label: 1
08/15/2023 13:35:05 - DEBUG - __main__ -   pred: 2
08/15/2023 13:35:05 - DEBUG - __main__ -   label: 1
08/15/2023 13:35:05 - DEBUG - __main__ -   pred: 1
08/15/2023 13:35:05 - DEBUG - __main__ -   label: 2
08/15/2023 13:35:05 - DEBUG - __main__ -   pred: 2
08/15/2023 13:35:05 - DEBUG - __main__ -   label: 2
08/15/2023 13:35:05 - DEBUG - __main__ -   pred: 2
08/15/2023 13:35:05 - DEBUG - __main__ -   label: 2
08/15/2023 13:35:05 - DEBUG - __main__ -   pred: 2
08/15/2023 13:35:05 - DEBUG - __main__ -   label: 6
08/15/2023 13:35:05 - DEBUG - __main__ -   pred: 4
08/15/2023 13:35:05 - DEBUG - __main__ -   label: 3
08/15/2023 13:35:05 - DEBUG - __main__ -   pred: 3
08/15/2023 13:35:05 - DEBUG - __main__ -   label: 5
08/15/2023 13:35:05 - DEBUG - __main__ -   pred: 5
08/15/2023 13:35:05 - DEBUG - __main__ -   label: 5
08/15/2023 13:35:05 - DEBUG - __main__ -   pred: 5
08/15/2023 13:35:05 - DEBUG - __main__ -   label: 5
08/15/2023 13:35:05 - DEBUG - __main__ -   pred: 5
08/15/2023 13:35:05 - DEBUG - __main__ -   label: 4
08/15/2023 13:35:05 - DEBUG - __main__ -   pred: 4
08/15/2023 13:35:05 - DEBUG - __main__ -   label: 6
08/15/2023 13:35:05 - DEBUG - __main__ -   pred: 5
08/15/2023 13:35:05 - DEBUG - __main__ -   label: 4
08/15/2023 13:35:05 - DEBUG - __main__ -   pred: 4
08/15/2023 13:35:05 - DEBUG - __main__ -   label: 4
08/15/2023 13:35:05 - DEBUG - __main__ -   pred: 4
08/15/2023 13:35:05 - DEBUG - __main__ -   label: 2
08/15/2023 13:35:05 - DEBUG - __main__ -   pred: 2
08/15/2023 13:35:05 - DEBUG - __main__ -   label: 1
08/15/2023 13:35:05 - DEBUG - __main__ -   pred: 2
08/15/2023 13:35:05 - DEBUG - __main__ -   label: 2
08/15/2023 13:35:05 - DEBUG - __main__ -   pred: 2
08/15/2023 13:35:05 - DEBUG - __main__ -   label: 1
08/15/2023 13:35:05 - DEBUG - __main__ -   pred: 1
08/15/2023 13:35:05 - DEBUG - __main__ -   label: 2
08/15/2023 13:35:05 - DEBUG - __main__ -   pred: 2
08/15/2023 13:35:05 - DEBUG - __main__ -   label: 1
08/15/2023 13:35:05 - DEBUG - __main__ -   pred: 2
08/15/2023 13:35:05 - DEBUG - __main__ -   label: 2
08/15/2023 13:35:05 - DEBUG - __main__ -   pred: 2
08/15/2023 13:35:05 - DEBUG - __main__ -   label: 2
08/15/2023 13:35:05 - DEBUG - __main__ -   pred: 2
08/15/2023 13:35:05 - DEBUG - __main__ -   label: 1
08/15/2023 13:35:05 - DEBUG - __main__ -   pred: 2
08/15/2023 13:35:05 - DEBUG - __main__ -   label: 1
08/15/2023 13:35:05 - DEBUG - __main__ -   pred: 1
08/15/2023 13:35:05 - DEBUG - __main__ -   label: 2
08/15/2023 13:35:05 - DEBUG - __main__ -   pred: 2
08/15/2023 13:35:05 - DEBUG - __main__ -   label: 1
08/15/2023 13:35:05 - DEBUG - __main__ -   pred: 2
08/15/2023 13:35:05 - DEBUG - __main__ -   label: 5
08/15/2023 13:35:05 - DEBUG - __main__ -   pred: 5
08/15/2023 13:35:05 - DEBUG - __main__ -   label: 1
08/15/2023 13:35:05 - DEBUG - __main__ -   pred: 2
08/15/2023 13:35:05 - DEBUG - __main__ -   label: 2
08/15/2023 13:35:05 - DEBUG - __main__ -   pred: 2
08/15/2023 13:35:05 - DEBUG - __main__ -   label: 4
08/15/2023 13:35:05 - DEBUG - __main__ -   pred: 4
08/15/2023 13:35:05 - DEBUG - __main__ -   label: 4
08/15/2023 13:35:05 - DEBUG - __main__ -   pred: 3
08/15/2023 13:35:05 - DEBUG - __main__ -   label: 2
08/15/2023 13:35:05 - DEBUG - __main__ -   pred: 2
08/15/2023 13:35:05 - DEBUG - __main__ -   label: 2
08/15/2023 13:35:05 - DEBUG - __main__ -   pred: 2
08/15/2023 13:35:05 - DEBUG - __main__ -   label: 3
08/15/2023 13:35:05 - DEBUG - __main__ -   pred: 2
08/15/2023 13:35:05 - DEBUG - __main__ -   label: 3
08/15/2023 13:35:05 - DEBUG - __main__ -   pred: 3
08/15/2023 13:35:05 - DEBUG - __main__ -   label: 3
08/15/2023 13:35:05 - DEBUG - __main__ -   pred: 3
08/15/2023 13:35:05 - DEBUG - __main__ -   label: 5
08/15/2023 13:35:05 - DEBUG - __main__ -   pred: 5
08/15/2023 13:35:05 - DEBUG - __main__ -   label: 5
08/15/2023 13:35:05 - DEBUG - __main__ -   pred: 5
08/15/2023 13:35:05 - DEBUG - __main__ -   label: 4
08/15/2023 13:35:05 - DEBUG - __main__ -   pred: 3
08/15/2023 13:35:05 - DEBUG - __main__ -   label: 5
08/15/2023 13:35:05 - DEBUG - __main__ -   pred: 5
08/15/2023 13:35:05 - DEBUG - __main__ -   label: 4
08/15/2023 13:35:05 - DEBUG - __main__ -   pred: 4
08/15/2023 13:35:05 - DEBUG - __main__ -   label: 6
08/15/2023 13:35:05 - DEBUG - __main__ -   pred: 5
08/15/2023 13:35:05 - DEBUG - __main__ -   label: 5
08/15/2023 13:35:05 - DEBUG - __main__ -   pred: 5
08/15/2023 13:35:05 - DEBUG - __main__ -   label: 3
08/15/2023 13:35:05 - DEBUG - __main__ -   pred: 3
08/15/2023 13:35:05 - DEBUG - __main__ -   label: 4
08/15/2023 13:35:05 - DEBUG - __main__ -   pred: 4
08/15/2023 13:35:05 - DEBUG - __main__ -   label: 5
08/15/2023 13:35:05 - DEBUG - __main__ -   pred: 4
08/15/2023 13:35:05 - DEBUG - __main__ -   label: 5
08/15/2023 13:35:05 - DEBUG - __main__ -   pred: 4
08/15/2023 13:35:05 - DEBUG - __main__ -   label: 1
08/15/2023 13:35:05 - DEBUG - __main__ -   pred: 2
08/15/2023 13:35:05 - DEBUG - __main__ -   label: 3
08/15/2023 13:35:05 - DEBUG - __main__ -   pred: 2
08/15/2023 13:35:05 - DEBUG - __main__ -   label: 3
08/15/2023 13:35:05 - DEBUG - __main__ -   pred: 3
08/15/2023 13:35:05 - DEBUG - __main__ -   label: 4
08/15/2023 13:35:05 - DEBUG - __main__ -   pred: 4
08/15/2023 13:35:05 - DEBUG - __main__ -   label: 2
08/15/2023 13:35:05 - DEBUG - __main__ -   pred: 2
08/15/2023 13:35:05 - DEBUG - __main__ -   label: 2
08/15/2023 13:35:05 - DEBUG - __main__ -   pred: 2
08/15/2023 13:35:05 - DEBUG - __main__ -   label: 0
08/15/2023 13:35:05 - DEBUG - __main__ -   pred: 2
08/15/2023 13:35:05 - DEBUG - __main__ -   label: 4
08/15/2023 13:35:05 - DEBUG - __main__ -   pred: 3
08/15/2023 13:35:05 - DEBUG - __main__ -   label: 3
08/15/2023 13:35:05 - DEBUG - __main__ -   pred: 3
08/15/2023 13:35:05 - DEBUG - __main__ -   label: 4
08/15/2023 13:35:05 - DEBUG - __main__ -   pred: 2
08/15/2023 13:35:05 - DEBUG - __main__ -   label: 2
08/15/2023 13:35:05 - DEBUG - __main__ -   pred: 2
08/15/2023 13:35:05 - DEBUG - __main__ -   label: 2
08/15/2023 13:35:05 - DEBUG - __main__ -   pred: 2
08/15/2023 13:35:05 - DEBUG - __main__ -   label: 2
08/15/2023 13:35:05 - DEBUG - __main__ -   pred: 2
08/15/2023 13:35:05 - DEBUG - __main__ -   label: 3
08/15/2023 13:35:05 - DEBUG - __main__ -   pred: 2
08/15/2023 13:35:05 - DEBUG - __main__ -   label: 2
08/15/2023 13:35:05 - DEBUG - __main__ -   pred: 2
08/15/2023 13:35:05 - DEBUG - __main__ -   label: 1
08/15/2023 13:35:05 - DEBUG - __main__ -   pred: 1
08/15/2023 13:35:05 - DEBUG - __main__ -   label: 1
08/15/2023 13:35:05 - DEBUG - __main__ -   pred: 2
08/15/2023 13:35:05 - DEBUG - __main__ -   label: 2
08/15/2023 13:35:05 - DEBUG - __main__ -   pred: 2
08/15/2023 13:35:05 - DEBUG - __main__ -   label: 1
08/15/2023 13:35:05 - DEBUG - __main__ -   pred: 2
08/15/2023 13:35:05 - DEBUG - __main__ -   label: 2
08/15/2023 13:35:05 - DEBUG - __main__ -   pred: 2
08/15/2023 13:35:05 - DEBUG - __main__ -   label: 1
08/15/2023 13:35:05 - DEBUG - __main__ -   pred: 2
08/15/2023 13:35:05 - DEBUG - __main__ -   label: 1
08/15/2023 13:35:05 - DEBUG - __main__ -   pred: 1
08/15/2023 13:35:05 - DEBUG - __main__ -   label: 1
08/15/2023 13:35:05 - DEBUG - __main__ -   pred: 1
08/15/2023 13:35:05 - DEBUG - __main__ -   label: 3
08/15/2023 13:35:05 - DEBUG - __main__ -   pred: 2
08/15/2023 13:35:05 - DEBUG - __main__ -   label: 3
08/15/2023 13:35:05 - DEBUG - __main__ -   pred: 2
08/15/2023 13:35:05 - DEBUG - __main__ -   label: 3
08/15/2023 13:35:05 - DEBUG - __main__ -   pred: 2
08/15/2023 13:35:05 - DEBUG - __main__ -   label: 5
08/15/2023 13:35:05 - DEBUG - __main__ -   pred: 4
08/15/2023 13:35:05 - DEBUG - __main__ -   label: 5
08/15/2023 13:35:05 - DEBUG - __main__ -   pred: 5
08/15/2023 13:35:05 - DEBUG - __main__ -   label: 4
08/15/2023 13:35:05 - DEBUG - __main__ -   pred: 3
08/15/2023 13:35:05 - DEBUG - __main__ -   label: 3
08/15/2023 13:35:05 - DEBUG - __main__ -   pred: 3
08/15/2023 13:35:05 - DEBUG - __main__ -   label: 5
08/15/2023 13:35:05 - DEBUG - __main__ -   pred: 4
08/15/2023 13:35:05 - DEBUG - __main__ -   label: 6
08/15/2023 13:35:05 - DEBUG - __main__ -   pred: 5
08/15/2023 13:35:05 - DEBUG - __main__ -   label: 3
08/15/2023 13:35:05 - DEBUG - __main__ -   pred: 3
08/15/2023 13:35:05 - DEBUG - __main__ -   label: 4
08/15/2023 13:35:05 - DEBUG - __main__ -   pred: 3
08/15/2023 13:35:05 - DEBUG - __main__ -   label: 6
08/15/2023 13:35:05 - DEBUG - __main__ -   pred: 5
08/15/2023 13:35:05 - DEBUG - __main__ -   label: 3
08/15/2023 13:35:05 - DEBUG - __main__ -   pred: 3
08/15/2023 13:35:05 - DEBUG - __main__ -   label: 5
08/15/2023 13:35:05 - DEBUG - __main__ -   pred: 3
08/15/2023 13:35:05 - DEBUG - __main__ -   label: 5
08/15/2023 13:35:05 - DEBUG - __main__ -   pred: 3
08/15/2023 13:35:05 - DEBUG - __main__ -   label: 3
08/15/2023 13:35:05 - DEBUG - __main__ -   pred: 3
08/15/2023 13:35:05 - DEBUG - __main__ -   label: 3
08/15/2023 13:35:05 - DEBUG - __main__ -   pred: 3
08/15/2023 13:35:05 - DEBUG - __main__ -   label: 5
08/15/2023 13:35:05 - DEBUG - __main__ -   pred: 4
08/15/2023 13:35:05 - DEBUG - __main__ -   label: 3
08/15/2023 13:35:05 - DEBUG - __main__ -   pred: 2
08/15/2023 13:35:05 - DEBUG - __main__ -   label: 2
08/15/2023 13:35:05 - DEBUG - __main__ -   pred: 2
08/15/2023 13:35:05 - DEBUG - __main__ -   label: 2
08/15/2023 13:35:05 - DEBUG - __main__ -   pred: 2
08/15/2023 13:35:05 - DEBUG - __main__ -   label: 4
08/15/2023 13:35:05 - DEBUG - __main__ -   pred: 2
08/15/2023 13:35:05 - DEBUG - __main__ -   label: 2
08/15/2023 13:35:05 - DEBUG - __main__ -   pred: 2
08/15/2023 13:35:05 - DEBUG - __main__ -   label: 4
08/15/2023 13:35:05 - DEBUG - __main__ -   pred: 2
08/15/2023 13:35:05 - DEBUG - __main__ -   label: 2
08/15/2023 13:35:05 - DEBUG - __main__ -   pred: 2
08/15/2023 13:35:05 - DEBUG - __main__ -   label: 3
08/15/2023 13:35:05 - DEBUG - __main__ -   pred: 1
08/15/2023 13:35:05 - DEBUG - __main__ -   label: 3
08/15/2023 13:35:05 - DEBUG - __main__ -   pred: 2
08/15/2023 13:35:05 - DEBUG - __main__ -   label: 3
08/15/2023 13:35:05 - DEBUG - __main__ -   pred: 2
08/15/2023 13:35:05 - DEBUG - __main__ -   label: 3
08/15/2023 13:35:05 - DEBUG - __main__ -   pred: 1
08/15/2023 13:35:05 - DEBUG - __main__ -   label: 3
08/15/2023 13:35:05 - DEBUG - __main__ -   pred: 2
08/15/2023 13:35:05 - DEBUG - __main__ -   label: 3
08/15/2023 13:35:05 - DEBUG - __main__ -   pred: 2
08/15/2023 13:35:05 - DEBUG - __main__ -   label: 2
08/15/2023 13:35:05 - DEBUG - __main__ -   pred: 2
08/15/2023 13:35:05 - DEBUG - __main__ -   label: 4
08/15/2023 13:35:05 - DEBUG - __main__ -   pred: 1
08/15/2023 13:35:05 - DEBUG - __main__ -   label: 3
08/15/2023 13:35:05 - DEBUG - __main__ -   pred: 1
08/15/2023 13:35:05 - DEBUG - __main__ -   label: 2
08/15/2023 13:35:05 - DEBUG - __main__ -   pred: 2
08/15/2023 13:35:05 - DEBUG - __main__ -   label: 3
08/15/2023 13:35:05 - DEBUG - __main__ -   pred: 2
08/15/2023 13:35:05 - DEBUG - __main__ -   label: 3
08/15/2023 13:35:05 - DEBUG - __main__ -   pred: 1
08/15/2023 13:35:05 - DEBUG - __main__ -   label: 4
08/15/2023 13:35:05 - DEBUG - __main__ -   pred: 1
08/15/2023 13:35:05 - DEBUG - __main__ -   label: 4
08/15/2023 13:35:05 - DEBUG - __main__ -   pred: 2
08/15/2023 13:35:05 - DEBUG - __main__ -   label: 3
08/15/2023 13:35:05 - DEBUG - __main__ -   pred: 1
08/15/2023 13:35:05 - DEBUG - __main__ -   label: 1
08/15/2023 13:35:05 - DEBUG - __main__ -   pred: 2
08/15/2023 13:35:05 - DEBUG - __main__ -   label: 3
08/15/2023 13:35:05 - DEBUG - __main__ -   pred: 2
08/15/2023 13:35:05 - DEBUG - __main__ -   label: 3
08/15/2023 13:35:05 - DEBUG - __main__ -   pred: 2
08/15/2023 13:35:05 - DEBUG - __main__ -   label: 2
08/15/2023 13:35:05 - DEBUG - __main__ -   pred: 2
08/15/2023 13:35:05 - DEBUG - __main__ -   label: 4
08/15/2023 13:35:05 - DEBUG - __main__ -   pred: 3
08/15/2023 13:35:05 - DEBUG - __main__ -   label: 4
08/15/2023 13:35:05 - DEBUG - __main__ -   pred: 5
08/15/2023 13:35:05 - DEBUG - __main__ -   label: 5
08/15/2023 13:35:05 - DEBUG - __main__ -   pred: 2
08/15/2023 13:35:05 - DEBUG - __main__ -   label: 4
08/15/2023 13:35:05 - DEBUG - __main__ -   pred: 4
08/15/2023 13:35:05 - DEBUG - __main__ -   label: 3
08/15/2023 13:35:05 - DEBUG - __main__ -   pred: 3
08/15/2023 13:35:05 - DEBUG - __main__ -   label: 6
08/15/2023 13:35:05 - DEBUG - __main__ -   pred: 5
08/15/2023 13:35:05 - DEBUG - __main__ -   label: 4
08/15/2023 13:35:05 - DEBUG - __main__ -   pred: 3
08/15/2023 13:35:05 - DEBUG - __main__ -   label: 2
08/15/2023 13:35:05 - DEBUG - __main__ -   pred: 3
08/15/2023 13:35:05 - DEBUG - __main__ -   label: 2
08/15/2023 13:35:05 - DEBUG - __main__ -   pred: 2
08/15/2023 13:35:05 - DEBUG - __main__ -   label: 1
08/15/2023 13:35:05 - DEBUG - __main__ -   pred: 2
08/15/2023 13:35:05 - DEBUG - __main__ -   label: 2
08/15/2023 13:35:05 - DEBUG - __main__ -   pred: 2
08/15/2023 13:35:05 - DEBUG - __main__ -   label: 1
08/15/2023 13:35:05 - DEBUG - __main__ -   pred: 2
08/15/2023 13:35:05 - DEBUG - __main__ -   label: 1
08/15/2023 13:35:05 - DEBUG - __main__ -   pred: 2
08/15/2023 13:35:05 - DEBUG - __main__ -   label: 2
08/15/2023 13:35:05 - DEBUG - __main__ -   pred: 2
08/15/2023 13:35:05 - DEBUG - __main__ -   label: 1
08/15/2023 13:35:05 - DEBUG - __main__ -   pred: 2
08/15/2023 13:35:05 - DEBUG - __main__ -   label: 2
08/15/2023 13:35:05 - DEBUG - __main__ -   pred: 2
08/15/2023 13:35:05 - DEBUG - __main__ -   label: 4
08/15/2023 13:35:05 - DEBUG - __main__ -   pred: 3
08/15/2023 13:35:05 - DEBUG - __main__ -   label: 4
08/15/2023 13:35:05 - DEBUG - __main__ -   pred: 3
08/15/2023 13:35:05 - DEBUG - __main__ -   label: 4
08/15/2023 13:35:05 - DEBUG - __main__ -   pred: 5
08/15/2023 13:35:05 - DEBUG - __main__ -   label: 5
08/15/2023 13:35:05 - DEBUG - __main__ -   pred: 5
08/15/2023 13:35:05 - DEBUG - __main__ -   label: 3
08/15/2023 13:35:05 - DEBUG - __main__ -   pred: 4
08/15/2023 13:35:05 - DEBUG - __main__ -   label: 4
08/15/2023 13:35:05 - DEBUG - __main__ -   pred: 4
08/15/2023 13:35:05 - DEBUG - __main__ -   label: 1
08/15/2023 13:35:05 - DEBUG - __main__ -   pred: 2
08/15/2023 13:35:05 - DEBUG - __main__ -   label: 6
08/15/2023 13:35:05 - DEBUG - __main__ -   pred: 5
08/15/2023 13:35:05 - DEBUG - __main__ -   label: 3
08/15/2023 13:35:05 - DEBUG - __main__ -   pred: 4
08/15/2023 13:35:05 - DEBUG - __main__ -   label: 4
08/15/2023 13:35:05 - DEBUG - __main__ -   pred: 5
08/15/2023 13:35:05 - DEBUG - __main__ -   label: 5
08/15/2023 13:35:05 - DEBUG - __main__ -   pred: 5
08/15/2023 13:35:05 - DEBUG - __main__ -   label: 4
08/15/2023 13:35:05 - DEBUG - __main__ -   pred: 4
08/15/2023 13:35:05 - DEBUG - __main__ -   label: 4
08/15/2023 13:35:05 - DEBUG - __main__ -   pred: 4
08/15/2023 13:35:05 - DEBUG - __main__ -   label: 6
08/15/2023 13:35:05 - DEBUG - __main__ -   pred: 5
08/15/2023 13:35:05 - DEBUG - __main__ -   label: 3
08/15/2023 13:35:05 - DEBUG - __main__ -   pred: 4
08/15/2023 13:35:05 - DEBUG - __main__ -   label: 5
08/15/2023 13:35:05 - DEBUG - __main__ -   pred: 4
08/15/2023 13:35:05 - DEBUG - __main__ -   label: 5
08/15/2023 13:35:05 - DEBUG - __main__ -   pred: 4
08/15/2023 13:35:05 - DEBUG - __main__ -   label: 3
08/15/2023 13:35:05 - DEBUG - __main__ -   pred: 4
08/15/2023 13:35:05 - DEBUG - __main__ -   label: 5
08/15/2023 13:35:05 - DEBUG - __main__ -   pred: 4
08/15/2023 13:35:05 - DEBUG - __main__ -   label: 5
08/15/2023 13:35:05 - DEBUG - __main__ -   pred: 5
08/15/2023 13:35:05 - DEBUG - __main__ -   label: 3
08/15/2023 13:35:05 - DEBUG - __main__ -   pred: 3
08/15/2023 13:35:05 - DEBUG - __main__ -   label: 4
08/15/2023 13:35:05 - DEBUG - __main__ -   pred: 4
08/15/2023 13:35:05 - DEBUG - __main__ -   label: 4
08/15/2023 13:35:05 - DEBUG - __main__ -   pred: 3
08/15/2023 13:35:05 - DEBUG - __main__ -   label: 4
08/15/2023 13:35:05 - DEBUG - __main__ -   pred: 4
08/15/2023 13:35:05 - DEBUG - __main__ -   label: 5
08/15/2023 13:35:05 - DEBUG - __main__ -   pred: 4
08/15/2023 13:35:05 - DEBUG - __main__ -   label: 3
08/15/2023 13:35:05 - DEBUG - __main__ -   pred: 3
08/15/2023 13:35:05 - DEBUG - __main__ -   label: 4
08/15/2023 13:35:05 - DEBUG - __main__ -   pred: 5
08/15/2023 13:35:05 - DEBUG - __main__ -   label: 5
08/15/2023 13:35:05 - DEBUG - __main__ -   pred: 4
08/15/2023 13:35:05 - DEBUG - __main__ -   label: 4
08/15/2023 13:35:05 - DEBUG - __main__ -   pred: 4
08/15/2023 13:35:05 - DEBUG - __main__ -   label: 5
08/15/2023 13:35:05 - DEBUG - __main__ -   pred: 4
08/15/2023 13:35:05 - DEBUG - __main__ -   label: 4
08/15/2023 13:35:05 - DEBUG - __main__ -   pred: 3
08/15/2023 13:35:05 - DEBUG - __main__ -   label: 4
08/15/2023 13:35:05 - DEBUG - __main__ -   pred: 3
08/15/2023 13:35:05 - DEBUG - __main__ -   label: 5
08/15/2023 13:35:05 - DEBUG - __main__ -   pred: 4
08/15/2023 13:35:05 - DEBUG - __main__ -   label: 5
08/15/2023 13:35:05 - DEBUG - __main__ -   pred: 4
08/15/2023 13:35:05 - DEBUG - __main__ -   label: 4
08/15/2023 13:35:05 - DEBUG - __main__ -   pred: 4
08/15/2023 13:35:05 - DEBUG - __main__ -   label: 5
08/15/2023 13:35:05 - DEBUG - __main__ -   pred: 5
08/15/2023 13:35:05 - DEBUG - __main__ -   label: 2
08/15/2023 13:35:05 - DEBUG - __main__ -   pred: 2
08/15/2023 13:35:05 - DEBUG - __main__ -   label: 3
08/15/2023 13:35:05 - DEBUG - __main__ -   pred: 2
08/15/2023 13:35:05 - DEBUG - __main__ -   label: 2
08/15/2023 13:35:05 - DEBUG - __main__ -   pred: 2
08/15/2023 13:35:05 - DEBUG - __main__ -   label: 3
08/15/2023 13:35:05 - DEBUG - __main__ -   pred: 2
08/15/2023 13:35:05 - DEBUG - __main__ -   label: 1
08/15/2023 13:35:05 - DEBUG - __main__ -   pred: 1
08/15/2023 13:35:05 - DEBUG - __main__ -   label: 2
08/15/2023 13:35:05 - DEBUG - __main__ -   pred: 1
08/15/2023 13:35:05 - DEBUG - __main__ -   label: 3
08/15/2023 13:35:05 - DEBUG - __main__ -   pred: 1
08/15/2023 13:35:05 - DEBUG - __main__ -   label: 3
08/15/2023 13:35:05 - DEBUG - __main__ -   pred: 1
08/15/2023 13:35:05 - DEBUG - __main__ -   label: 3
08/15/2023 13:35:05 - DEBUG - __main__ -   pred: 2
08/15/2023 13:35:05 - DEBUG - __main__ -   label: 2
08/15/2023 13:35:05 - DEBUG - __main__ -   pred: 2
08/15/2023 13:35:05 - DEBUG - __main__ -   label: 3
08/15/2023 13:35:05 - DEBUG - __main__ -   pred: 2
08/15/2023 13:35:05 - DEBUG - __main__ -   label: 4
08/15/2023 13:35:05 - DEBUG - __main__ -   pred: 3
08/15/2023 13:35:05 - DEBUG - __main__ -   label: 4
08/15/2023 13:35:05 - DEBUG - __main__ -   pred: 4
08/15/2023 13:35:05 - DEBUG - __main__ -   label: 3
08/15/2023 13:35:05 - DEBUG - __main__ -   pred: 5
08/15/2023 13:35:05 - DEBUG - __main__ -   label: 3
08/15/2023 13:35:05 - DEBUG - __main__ -   pred: 3
08/15/2023 13:35:05 - DEBUG - __main__ -   label: 1
08/15/2023 13:35:05 - DEBUG - __main__ -   pred: 2
08/15/2023 13:35:05 - DEBUG - __main__ -   label: 1
08/15/2023 13:35:05 - DEBUG - __main__ -   pred: 2
08/15/2023 13:35:05 - DEBUG - __main__ -   label: 1
08/15/2023 13:35:05 - DEBUG - __main__ -   pred: 2
08/15/2023 13:35:05 - DEBUG - __main__ -   label: 1
08/15/2023 13:35:05 - DEBUG - __main__ -   pred: 2
08/15/2023 13:35:05 - DEBUG - __main__ -   label: 1
08/15/2023 13:35:05 - DEBUG - __main__ -   pred: 2
08/15/2023 13:35:05 - DEBUG - __main__ -   label: 1
08/15/2023 13:35:05 - DEBUG - __main__ -   pred: 1
08/15/2023 13:35:05 - DEBUG - __main__ -   label: 1
08/15/2023 13:35:05 - DEBUG - __main__ -   pred: 2
08/15/2023 13:35:05 - DEBUG - __main__ -   label: 1
08/15/2023 13:35:05 - DEBUG - __main__ -   pred: 1
08/15/2023 13:35:05 - DEBUG - __main__ -   label: 1
08/15/2023 13:35:05 - DEBUG - __main__ -   pred: 1
08/15/2023 13:35:05 - DEBUG - __main__ -   label: 1
08/15/2023 13:35:05 - DEBUG - __main__ -   pred: 1
08/15/2023 13:35:05 - DEBUG - __main__ -   label: 2
08/15/2023 13:35:05 - DEBUG - __main__ -   pred: 2
08/15/2023 13:35:05 - DEBUG - __main__ -   label: 2
08/15/2023 13:35:05 - DEBUG - __main__ -   pred: 1
08/15/2023 13:35:05 - DEBUG - __main__ -   label: 2
08/15/2023 13:35:05 - DEBUG - __main__ -   pred: 2
08/15/2023 13:35:05 - DEBUG - __main__ -   label: 4
08/15/2023 13:35:05 - DEBUG - __main__ -   pred: 5
08/15/2023 13:35:05 - DEBUG - __main__ -   label: 4
08/15/2023 13:35:05 - DEBUG - __main__ -   pred: 4
08/15/2023 13:35:05 - DEBUG - __main__ -   label: 3
08/15/2023 13:35:05 - DEBUG - __main__ -   pred: 5
08/15/2023 13:35:05 - DEBUG - __main__ -   label: 4
08/15/2023 13:35:05 - DEBUG - __main__ -   pred: 5
08/15/2023 13:35:05 - DEBUG - __main__ -   label: 4
08/15/2023 13:35:05 - DEBUG - __main__ -   pred: 4
08/15/2023 13:35:05 - DEBUG - __main__ -   label: 2
08/15/2023 13:35:05 - DEBUG - __main__ -   pred: 2
08/15/2023 13:35:05 - DEBUG - __main__ -   label: 2
08/15/2023 13:35:05 - DEBUG - __main__ -   pred: 2
08/15/2023 13:35:05 - DEBUG - __main__ -   label: 1
08/15/2023 13:35:05 - DEBUG - __main__ -   pred: 2
08/15/2023 13:35:05 - DEBUG - __main__ -   label: 1
08/15/2023 13:35:05 - DEBUG - __main__ -   pred: 2
08/15/2023 13:35:05 - DEBUG - __main__ -   label: 2
08/15/2023 13:35:05 - DEBUG - __main__ -   pred: 2
08/15/2023 13:35:05 - DEBUG - __main__ -   label: 1
08/15/2023 13:35:05 - DEBUG - __main__ -   pred: 2
08/15/2023 13:35:05 - DEBUG - __main__ -   label: 2
08/15/2023 13:35:05 - DEBUG - __main__ -   pred: 2
08/15/2023 13:35:05 - DEBUG - __main__ -   label: 1
08/15/2023 13:35:05 - DEBUG - __main__ -   pred: 2
08/15/2023 13:35:05 - DEBUG - __main__ -   label: 2
08/15/2023 13:35:05 - DEBUG - __main__ -   pred: 2
08/15/2023 13:35:05 - DEBUG - __main__ -   label: 1
08/15/2023 13:35:05 - DEBUG - __main__ -   pred: 2
08/15/2023 13:35:05 - DEBUG - __main__ -   label: 1
08/15/2023 13:35:05 - DEBUG - __main__ -   pred: 2
08/15/2023 13:35:05 - DEBUG - __main__ -   label: 2
08/15/2023 13:35:05 - DEBUG - __main__ -   pred: 2
08/15/2023 13:35:05 - DEBUG - __main__ -   label: 3
08/15/2023 13:35:05 - DEBUG - __main__ -   pred: 2
08/15/2023 13:35:05 - DEBUG - __main__ -   label: 1
08/15/2023 13:35:05 - DEBUG - __main__ -   pred: 2
08/15/2023 13:35:05 - DEBUG - __main__ -   label: 2
08/15/2023 13:35:05 - DEBUG - __main__ -   pred: 2
08/15/2023 13:35:05 - DEBUG - __main__ -   label: 2
08/15/2023 13:35:05 - DEBUG - __main__ -   pred: 2
08/15/2023 13:35:05 - DEBUG - __main__ -   label: 1
08/15/2023 13:35:05 - DEBUG - __main__ -   pred: 2
08/15/2023 13:35:05 - DEBUG - __main__ -   label: 1
08/15/2023 13:35:05 - DEBUG - __main__ -   pred: 2
08/15/2023 13:35:05 - DEBUG - __main__ -   label: 1
08/15/2023 13:35:05 - DEBUG - __main__ -   pred: 2
08/15/2023 13:35:05 - DEBUG - __main__ -   label: 1
08/15/2023 13:35:05 - DEBUG - __main__ -   pred: 1
08/15/2023 13:35:05 - DEBUG - __main__ -   label: 1
08/15/2023 13:35:05 - DEBUG - __main__ -   pred: 1
08/15/2023 13:35:05 - DEBUG - __main__ -   label: 3
08/15/2023 13:35:05 - DEBUG - __main__ -   pred: 2
08/15/2023 13:35:05 - DEBUG - __main__ -   label: 2
08/15/2023 13:35:05 - DEBUG - __main__ -   pred: 2
08/15/2023 13:35:05 - DEBUG - __main__ -   label: 1
08/15/2023 13:35:05 - DEBUG - __main__ -   pred: 2
08/15/2023 13:35:05 - DEBUG - __main__ -   label: 2
08/15/2023 13:35:05 - DEBUG - __main__ -   pred: 2
08/15/2023 13:35:05 - DEBUG - __main__ -   label: 4
08/15/2023 13:35:05 - DEBUG - __main__ -   pred: 4
08/15/2023 13:35:05 - DEBUG - __main__ -   label: 2
08/15/2023 13:35:05 - DEBUG - __main__ -   pred: 3
08/15/2023 13:35:05 - DEBUG - __main__ -   label: 4
08/15/2023 13:35:05 - DEBUG - __main__ -   pred: 3
08/15/2023 13:35:05 - DEBUG - __main__ -   label: 3
08/15/2023 13:35:05 - DEBUG - __main__ -   pred: 3
08/15/2023 13:35:05 - DEBUG - __main__ -   label: 2
08/15/2023 13:35:05 - DEBUG - __main__ -   pred: 2
08/15/2023 13:35:05 - DEBUG - __main__ -   label: 4
08/15/2023 13:35:05 - DEBUG - __main__ -   pred: 3
08/15/2023 13:35:05 - DEBUG - __main__ -   label: 5
08/15/2023 13:35:05 - DEBUG - __main__ -   pred: 5
08/15/2023 13:35:05 - DEBUG - __main__ -   label: 5
08/15/2023 13:35:05 - DEBUG - __main__ -   pred: 5
08/15/2023 13:35:05 - DEBUG - __main__ -   label: 4
08/15/2023 13:35:05 - DEBUG - __main__ -   pred: 5
08/15/2023 13:35:05 - DEBUG - __main__ -   label: 4
08/15/2023 13:35:05 - DEBUG - __main__ -   pred: 3
08/15/2023 13:35:05 - DEBUG - __main__ -   label: 4
08/15/2023 13:35:05 - DEBUG - __main__ -   pred: 4
08/15/2023 13:35:05 - DEBUG - __main__ -   label: 5
08/15/2023 13:35:05 - DEBUG - __main__ -   pred: 4
08/15/2023 13:35:05 - DEBUG - __main__ -   label: 3
08/15/2023 13:35:05 - DEBUG - __main__ -   pred: 4
08/15/2023 13:35:05 - DEBUG - __main__ -   label: 5
08/15/2023 13:35:05 - DEBUG - __main__ -   pred: 4
08/15/2023 13:35:05 - DEBUG - __main__ -   label: 4
08/15/2023 13:35:05 - DEBUG - __main__ -   pred: 5
08/15/2023 13:35:05 - DEBUG - __main__ -   label: 1
08/15/2023 13:35:05 - DEBUG - __main__ -   pred: 2
08/15/2023 13:35:05 - DEBUG - __main__ -   label: 2
08/15/2023 13:35:05 - DEBUG - __main__ -   pred: 2
08/15/2023 13:35:05 - DEBUG - __main__ -   label: 0
08/15/2023 13:35:05 - DEBUG - __main__ -   pred: 1
08/15/2023 13:35:05 - DEBUG - __main__ -   label: 0
08/15/2023 13:35:05 - DEBUG - __main__ -   pred: 2
08/15/2023 13:35:05 - DEBUG - __main__ -   label: 0
08/15/2023 13:35:05 - DEBUG - __main__ -   pred: 2
08/15/2023 13:35:05 - DEBUG - __main__ -   label: 0
08/15/2023 13:35:05 - DEBUG - __main__ -   pred: 2
08/15/2023 13:35:05 - DEBUG - __main__ -   label: 1
08/15/2023 13:35:05 - DEBUG - __main__ -   pred: 2
08/15/2023 13:35:05 - DEBUG - __main__ -   label: 1
08/15/2023 13:35:05 - DEBUG - __main__ -   pred: 1
08/15/2023 13:35:05 - DEBUG - __main__ -   label: 1
08/15/2023 13:35:05 - DEBUG - __main__ -   pred: 2
08/15/2023 13:35:05 - DEBUG - __main__ -   label: 1
08/15/2023 13:35:05 - DEBUG - __main__ -   pred: 2
08/15/2023 13:35:05 - DEBUG - __main__ -   label: 0
08/15/2023 13:35:05 - DEBUG - __main__ -   pred: 2
08/15/2023 13:35:05 - DEBUG - __main__ -   label: 1
08/15/2023 13:35:05 - DEBUG - __main__ -   pred: 1
08/15/2023 13:35:05 - DEBUG - __main__ -   label: 0
08/15/2023 13:35:05 - DEBUG - __main__ -   pred: 2
08/15/2023 13:35:05 - DEBUG - __main__ -   label: 0
08/15/2023 13:35:05 - DEBUG - __main__ -   pred: 2
08/15/2023 13:35:05 - DEBUG - __main__ -   label: 1
08/15/2023 13:35:05 - DEBUG - __main__ -   pred: 2
08/15/2023 13:35:05 - DEBUG - __main__ -   label: 1
08/15/2023 13:35:05 - DEBUG - __main__ -   pred: 1
08/15/2023 13:35:05 - DEBUG - __main__ -   label: 1
08/15/2023 13:35:05 - DEBUG - __main__ -   pred: 1
08/15/2023 13:35:05 - DEBUG - __main__ -   label: 2
08/15/2023 13:35:05 - DEBUG - __main__ -   pred: 2
08/15/2023 13:35:05 - DEBUG - __main__ -   label: 1
08/15/2023 13:35:05 - DEBUG - __main__ -   pred: 2
08/15/2023 13:35:05 - DEBUG - __main__ -   label: 1
08/15/2023 13:35:05 - DEBUG - __main__ -   pred: 2
08/15/2023 13:35:05 - DEBUG - __main__ -   label: 1
08/15/2023 13:35:05 - DEBUG - __main__ -   pred: 2
08/15/2023 13:35:05 - DEBUG - __main__ -   label: 2
08/15/2023 13:35:05 - DEBUG - __main__ -   pred: 2
08/15/2023 13:35:05 - DEBUG - __main__ -   label: 2
08/15/2023 13:35:05 - DEBUG - __main__ -   pred: 2
08/15/2023 13:35:05 - DEBUG - __main__ -   label: 4
08/15/2023 13:35:05 - DEBUG - __main__ -   pred: 4
08/15/2023 13:35:05 - DEBUG - __main__ -   label: 5
08/15/2023 13:35:05 - DEBUG - __main__ -   pred: 4
08/15/2023 13:35:05 - DEBUG - __main__ -   label: 5
08/15/2023 13:35:05 - DEBUG - __main__ -   pred: 4
08/15/2023 13:35:05 - DEBUG - __main__ -   label: 4
08/15/2023 13:35:05 - DEBUG - __main__ -   pred: 3
08/15/2023 13:35:05 - DEBUG - __main__ -   label: 2
08/15/2023 13:35:05 - DEBUG - __main__ -   pred: 3
08/15/2023 13:35:05 - DEBUG - __main__ -   label: 5
08/15/2023 13:35:05 - DEBUG - __main__ -   pred: 4
08/15/2023 13:35:05 - DEBUG - __main__ -   label: 4
08/15/2023 13:35:05 - DEBUG - __main__ -   pred: 3
08/15/2023 13:35:05 - DEBUG - __main__ -   label: 5
08/15/2023 13:35:05 - DEBUG - __main__ -   pred: 5
08/15/2023 13:35:05 - DEBUG - __main__ -   label: 5
08/15/2023 13:35:05 - DEBUG - __main__ -   pred: 4
08/15/2023 13:35:05 - DEBUG - __main__ -   label: 5
08/15/2023 13:35:05 - DEBUG - __main__ -   pred: 5
08/15/2023 13:35:05 - DEBUG - __main__ -   label: 4
08/15/2023 13:35:05 - DEBUG - __main__ -   pred: 4
08/15/2023 13:35:05 - DEBUG - __main__ -   label: 1
08/15/2023 13:35:05 - DEBUG - __main__ -   pred: 2
08/15/2023 13:35:05 - DEBUG - __main__ -   label: 2
08/15/2023 13:35:05 - DEBUG - __main__ -   pred: 2
08/15/2023 13:35:05 - DEBUG - __main__ -   label: 1
08/15/2023 13:35:05 - DEBUG - __main__ -   pred: 2
08/15/2023 13:35:05 - DEBUG - __main__ -   label: 2
08/15/2023 13:35:05 - DEBUG - __main__ -   pred: 2
08/15/2023 13:35:05 - DEBUG - __main__ -   label: 2
08/15/2023 13:35:05 - DEBUG - __main__ -   pred: 1
08/15/2023 13:35:05 - DEBUG - __main__ -   label: 2
08/15/2023 13:35:05 - DEBUG - __main__ -   pred: 2
08/15/2023 13:35:05 - DEBUG - __main__ -   label: 2
08/15/2023 13:35:05 - DEBUG - __main__ -   pred: 2
08/15/2023 13:35:05 - DEBUG - __main__ -   label: 4
08/15/2023 13:35:05 - DEBUG - __main__ -   pred: 3
08/15/2023 13:35:05 - DEBUG - __main__ -   label: 3
08/15/2023 13:35:05 - DEBUG - __main__ -   pred: 3
08/15/2023 13:35:05 - DEBUG - __main__ -   label: 4
08/15/2023 13:35:05 - DEBUG - __main__ -   pred: 4
08/15/2023 13:35:05 - DEBUG - __main__ -   label: 4
08/15/2023 13:35:05 - DEBUG - __main__ -   pred: 4
08/15/2023 13:35:05 - DEBUG - __main__ -   label: 4
08/15/2023 13:35:05 - DEBUG - __main__ -   pred: 4
08/15/2023 13:35:05 - DEBUG - __main__ -   label: 3
08/15/2023 13:35:05 - DEBUG - __main__ -   pred: 3
08/15/2023 13:35:05 - DEBUG - __main__ -   label: 2
08/15/2023 13:35:05 - DEBUG - __main__ -   pred: 2
08/15/2023 13:35:05 - DEBUG - __main__ -   label: 3
08/15/2023 13:35:05 - DEBUG - __main__ -   pred: 3
08/15/2023 13:35:05 - DEBUG - __main__ -   label: 4
08/15/2023 13:35:05 - DEBUG - __main__ -   pred: 4
08/15/2023 13:35:05 - DEBUG - __main__ -   label: 2
08/15/2023 13:35:05 - DEBUG - __main__ -   pred: 2
08/15/2023 13:35:05 - DEBUG - __main__ -   label: 2
08/15/2023 13:35:05 - DEBUG - __main__ -   pred: 3
08/15/2023 13:35:05 - DEBUG - __main__ -   label: 1
08/15/2023 13:35:05 - DEBUG - __main__ -   pred: 1
08/15/2023 13:35:05 - DEBUG - __main__ -   label: 2
08/15/2023 13:35:05 - DEBUG - __main__ -   pred: 2
08/15/2023 13:35:05 - DEBUG - __main__ -   label: 2
08/15/2023 13:35:05 - DEBUG - __main__ -   pred: 2
08/15/2023 13:35:05 - DEBUG - __main__ -   label: 2
08/15/2023 13:35:05 - DEBUG - __main__ -   pred: 2
08/15/2023 13:35:05 - DEBUG - __main__ -   label: 2
08/15/2023 13:35:05 - DEBUG - __main__ -   pred: 2
08/15/2023 13:35:05 - DEBUG - __main__ -   label: 2
08/15/2023 13:35:05 - DEBUG - __main__ -   pred: 2
08/15/2023 13:35:05 - DEBUG - __main__ -   label: 2
08/15/2023 13:35:05 - DEBUG - __main__ -   pred: 2
08/15/2023 13:35:05 - DEBUG - __main__ -   label: 3
08/15/2023 13:35:05 - DEBUG - __main__ -   pred: 3
08/15/2023 13:35:05 - DEBUG - __main__ -   label: 1
08/15/2023 13:35:05 - DEBUG - __main__ -   pred: 2
08/15/2023 13:35:05 - DEBUG - __main__ -   label: 3
08/15/2023 13:35:05 - DEBUG - __main__ -   pred: 2
08/15/2023 13:35:05 - DEBUG - __main__ -   label: 2
08/15/2023 13:35:05 - DEBUG - __main__ -   pred: 2
08/15/2023 13:35:05 - DEBUG - __main__ -   label: 3
08/15/2023 13:35:05 - DEBUG - __main__ -   pred: 3
08/15/2023 13:35:05 - DEBUG - __main__ -   label: 3
08/15/2023 13:35:05 - DEBUG - __main__ -   pred: 3
08/15/2023 13:35:05 - DEBUG - __main__ -   label: 4
08/15/2023 13:35:05 - DEBUG - __main__ -   pred: 5
08/15/2023 13:35:05 - DEBUG - __main__ -   label: 4
08/15/2023 13:35:05 - DEBUG - __main__ -   pred: 4
08/15/2023 13:35:05 - DEBUG - __main__ -   label: 4
08/15/2023 13:35:05 - DEBUG - __main__ -   pred: 4
08/15/2023 13:35:05 - DEBUG - __main__ -   label: 2
08/15/2023 13:35:05 - DEBUG - __main__ -   pred: 2
08/15/2023 13:35:05 - DEBUG - __main__ -   label: 3
08/15/2023 13:35:05 - DEBUG - __main__ -   pred: 2
08/15/2023 13:35:05 - DEBUG - __main__ -   label: 2
08/15/2023 13:35:05 - DEBUG - __main__ -   pred: 2
08/15/2023 13:35:05 - DEBUG - __main__ -   label: 3
08/15/2023 13:35:05 - DEBUG - __main__ -   pred: 3
08/15/2023 13:35:05 - DEBUG - __main__ -   label: 1
08/15/2023 13:35:05 - DEBUG - __main__ -   pred: 2
08/15/2023 13:35:05 - DEBUG - __main__ -   label: 1
08/15/2023 13:35:05 - DEBUG - __main__ -   pred: 2
08/15/2023 13:35:05 - DEBUG - __main__ -   label: 0
08/15/2023 13:35:05 - DEBUG - __main__ -   pred: 1
08/15/2023 13:35:05 - DEBUG - __main__ -   label: 3
08/15/2023 13:35:05 - DEBUG - __main__ -   pred: 2
08/15/2023 13:35:05 - DEBUG - __main__ -   label: 2
08/15/2023 13:35:05 - DEBUG - __main__ -   pred: 2
08/15/2023 13:35:05 - DEBUG - __main__ -   label: 3
08/15/2023 13:35:05 - DEBUG - __main__ -   pred: 2
08/15/2023 13:35:05 - DEBUG - __main__ -   label: 3
08/15/2023 13:35:05 - DEBUG - __main__ -   pred: 2
08/15/2023 13:35:05 - DEBUG - __main__ -   label: 2
08/15/2023 13:35:05 - DEBUG - __main__ -   pred: 2
08/15/2023 13:35:05 - DEBUG - __main__ -   label: 2
08/15/2023 13:35:05 - DEBUG - __main__ -   pred: 2
08/15/2023 13:35:05 - DEBUG - __main__ -   label: 2
08/15/2023 13:35:05 - DEBUG - __main__ -   pred: 2
08/15/2023 13:35:05 - DEBUG - __main__ -   label: 2
08/15/2023 13:35:05 - DEBUG - __main__ -   pred: 1
08/15/2023 13:35:05 - DEBUG - __main__ -   label: 1
08/15/2023 13:35:05 - DEBUG - __main__ -   pred: 1
08/15/2023 13:35:05 - DEBUG - __main__ -   label: 3
08/15/2023 13:35:05 - DEBUG - __main__ -   pred: 1
08/15/2023 13:35:05 - DEBUG - __main__ -   label: 1
08/15/2023 13:35:05 - DEBUG - __main__ -   pred: 1
08/15/2023 13:35:05 - DEBUG - __main__ -   label: 1
08/15/2023 13:35:05 - DEBUG - __main__ -   pred: 2
08/15/2023 13:35:05 - DEBUG - __main__ -   label: 1
08/15/2023 13:35:05 - DEBUG - __main__ -   pred: 1
08/15/2023 13:35:05 - DEBUG - __main__ -   label: 2
08/15/2023 13:35:05 - DEBUG - __main__ -   pred: 2
08/15/2023 13:35:05 - DEBUG - __main__ -   label: 2
08/15/2023 13:35:05 - DEBUG - __main__ -   pred: 1
08/15/2023 13:35:05 - DEBUG - __main__ -   label: 2
08/15/2023 13:35:05 - DEBUG - __main__ -   pred: 2
08/15/2023 13:35:05 - DEBUG - __main__ -   label: 2
08/15/2023 13:35:05 - DEBUG - __main__ -   pred: 2
08/15/2023 13:35:05 - DEBUG - __main__ -   label: 2
08/15/2023 13:35:05 - DEBUG - __main__ -   pred: 2
08/15/2023 13:35:05 - DEBUG - __main__ -   label: 5
08/15/2023 13:35:05 - DEBUG - __main__ -   pred: 3
08/15/2023 13:35:05 - DEBUG - __main__ -   label: 5
08/15/2023 13:35:05 - DEBUG - __main__ -   pred: 2
08/15/2023 13:35:05 - DEBUG - __main__ -   label: 3
08/15/2023 13:35:05 - DEBUG - __main__ -   pred: 3
08/15/2023 13:35:05 - DEBUG - __main__ -   label: 5
08/15/2023 13:35:05 - DEBUG - __main__ -   pred: 5
08/15/2023 13:35:05 - DEBUG - __main__ -   label: 4
08/15/2023 13:35:05 - DEBUG - __main__ -   pred: 3
08/15/2023 13:35:05 - DEBUG - __main__ -   label: 5
08/15/2023 13:35:05 - DEBUG - __main__ -   pred: 4
08/15/2023 13:35:05 - DEBUG - __main__ -   label: 2
08/15/2023 13:35:05 - DEBUG - __main__ -   pred: 2
08/15/2023 13:35:05 - DEBUG - __main__ -   label: 1
08/15/2023 13:35:05 - DEBUG - __main__ -   pred: 1
08/15/2023 13:35:05 - DEBUG - __main__ -   label: 2
08/15/2023 13:35:05 - DEBUG - __main__ -   pred: 2
08/15/2023 13:35:05 - DEBUG - __main__ -   label: 2
08/15/2023 13:35:05 - DEBUG - __main__ -   pred: 2
08/15/2023 13:35:05 - DEBUG - __main__ -   label: 1
08/15/2023 13:35:05 - DEBUG - __main__ -   pred: 1
08/15/2023 13:35:05 - DEBUG - __main__ -   label: 1
08/15/2023 13:35:05 - DEBUG - __main__ -   pred: 1
08/15/2023 13:35:05 - DEBUG - __main__ -   label: 2
08/15/2023 13:35:05 - DEBUG - __main__ -   pred: 1
08/15/2023 13:35:05 - DEBUG - __main__ -   label: 3
08/15/2023 13:35:05 - DEBUG - __main__ -   pred: 1
08/15/2023 13:35:05 - DEBUG - __main__ -   label: 3
08/15/2023 13:35:05 - DEBUG - __main__ -   pred: 1
08/15/2023 13:35:05 - DEBUG - __main__ -   label: 2
08/15/2023 13:35:05 - DEBUG - __main__ -   pred: 2
08/15/2023 13:35:05 - DEBUG - __main__ -   label: 2
08/15/2023 13:35:05 - DEBUG - __main__ -   pred: 2
08/15/2023 13:35:05 - DEBUG - __main__ -   label: 3
08/15/2023 13:35:05 - DEBUG - __main__ -   pred: 2
08/15/2023 13:35:05 - DEBUG - __main__ -   label: 2
08/15/2023 13:35:05 - DEBUG - __main__ -   pred: 2
08/15/2023 13:35:05 - DEBUG - __main__ -   label: 3
08/15/2023 13:35:05 - DEBUG - __main__ -   pred: 3
08/15/2023 13:35:05 - DEBUG - __main__ -   label: 4
08/15/2023 13:35:05 - DEBUG - __main__ -   pred: 4
08/15/2023 13:35:05 - DEBUG - __main__ -   label: 3
08/15/2023 13:35:05 - DEBUG - __main__ -   pred: 2
08/15/2023 13:35:05 - DEBUG - __main__ -   label: 2
08/15/2023 13:35:05 - DEBUG - __main__ -   pred: 3
08/15/2023 13:35:05 - DEBUG - __main__ -   label: 3
08/15/2023 13:35:05 - DEBUG - __main__ -   pred: 2
08/15/2023 13:35:05 - DEBUG - __main__ -   label: 3
08/15/2023 13:35:05 - DEBUG - __main__ -   pred: 2
08/15/2023 13:35:05 - DEBUG - __main__ -   label: 2
08/15/2023 13:35:05 - DEBUG - __main__ -   pred: 2
08/15/2023 13:35:05 - DEBUG - __main__ -   label: 1
08/15/2023 13:35:05 - DEBUG - __main__ -   pred: 2
08/15/2023 13:35:05 - DEBUG - __main__ -   label: 2
08/15/2023 13:35:05 - DEBUG - __main__ -   pred: 1
08/15/2023 13:35:05 - DEBUG - __main__ -   label: 2
08/15/2023 13:35:05 - DEBUG - __main__ -   pred: 2
08/15/2023 13:35:05 - DEBUG - __main__ -   label: 4
08/15/2023 13:35:05 - DEBUG - __main__ -   pred: 4
08/15/2023 13:35:05 - DEBUG - __main__ -   label: 3
08/15/2023 13:35:05 - DEBUG - __main__ -   pred: 3
08/15/2023 13:35:05 - DEBUG - __main__ -   label: 4
08/15/2023 13:35:05 - DEBUG - __main__ -   pred: 4
08/15/2023 13:35:05 - DEBUG - __main__ -   label: 4
08/15/2023 13:35:05 - DEBUG - __main__ -   pred: 5
08/15/2023 13:35:05 - DEBUG - __main__ -   label: 5
08/15/2023 13:35:05 - DEBUG - __main__ -   pred: 5
08/15/2023 13:35:05 - DEBUG - __main__ -   label: 3
08/15/2023 13:35:05 - DEBUG - __main__ -   pred: 5
08/15/2023 13:35:05 - DEBUG - __main__ -   label: 2
08/15/2023 13:35:05 - DEBUG - __main__ -   pred: 3
08/15/2023 13:35:05 - DEBUG - __main__ -   label: 3
08/15/2023 13:35:05 - DEBUG - __main__ -   pred: 3
08/15/2023 13:35:05 - DEBUG - __main__ -   label: 2
08/15/2023 13:35:05 - DEBUG - __main__ -   pred: 4
08/15/2023 13:35:05 - DEBUG - __main__ -   label: 3
08/15/2023 13:35:05 - DEBUG - __main__ -   pred: 4
08/15/2023 13:35:05 - DEBUG - __main__ -   label: 2
08/15/2023 13:35:05 - DEBUG - __main__ -   pred: 2
08/15/2023 13:35:05 - DEBUG - __main__ -   label: 1
08/15/2023 13:35:05 - DEBUG - __main__ -   pred: 2
08/15/2023 13:35:05 - DEBUG - __main__ -   label: 2
08/15/2023 13:35:05 - DEBUG - __main__ -   pred: 2
08/15/2023 13:35:05 - DEBUG - __main__ -   label: 1
08/15/2023 13:35:05 - DEBUG - __main__ -   pred: 2
08/15/2023 13:35:05 - DEBUG - __main__ -   label: 2
08/15/2023 13:35:05 - DEBUG - __main__ -   pred: 2
08/15/2023 13:35:05 - DEBUG - __main__ -   label: 2
08/15/2023 13:35:05 - DEBUG - __main__ -   pred: 2
08/15/2023 13:35:05 - DEBUG - __main__ -   label: 2
08/15/2023 13:35:05 - DEBUG - __main__ -   pred: 2
08/15/2023 13:35:05 - DEBUG - __main__ -   label: 1
08/15/2023 13:35:05 - DEBUG - __main__ -   pred: 1
08/15/2023 13:35:05 - DEBUG - __main__ -   label: 2
08/15/2023 13:35:05 - DEBUG - __main__ -   pred: 2
08/15/2023 13:35:05 - DEBUG - __main__ -   label: 1
08/15/2023 13:35:05 - DEBUG - __main__ -   pred: 2
08/15/2023 13:35:05 - DEBUG - __main__ -   label: 2
08/15/2023 13:35:05 - DEBUG - __main__ -   pred: 1
08/15/2023 13:35:05 - DEBUG - __main__ -   label: 2
08/15/2023 13:35:05 - DEBUG - __main__ -   pred: 2
08/15/2023 13:35:05 - DEBUG - __main__ -   label: 2
08/15/2023 13:35:05 - DEBUG - __main__ -   pred: 2
08/15/2023 13:35:05 - DEBUG - __main__ -   label: 1
08/15/2023 13:35:05 - DEBUG - __main__ -   pred: 1
08/15/2023 13:35:05 - DEBUG - __main__ -   label: 1
08/15/2023 13:35:05 - DEBUG - __main__ -   pred: 2
08/15/2023 13:35:05 - DEBUG - __main__ -   label: 1
08/15/2023 13:35:05 - DEBUG - __main__ -   pred: 2
08/15/2023 13:35:05 - DEBUG - __main__ -   label: 1
08/15/2023 13:35:05 - DEBUG - __main__ -   pred: 1
08/15/2023 13:35:05 - DEBUG - __main__ -   label: 1
08/15/2023 13:35:05 - DEBUG - __main__ -   pred: 1
08/15/2023 13:35:05 - DEBUG - __main__ -   label: 1
08/15/2023 13:35:05 - DEBUG - __main__ -   pred: 2
08/15/2023 13:35:05 - DEBUG - __main__ -   label: 1
08/15/2023 13:35:05 - DEBUG - __main__ -   pred: 1
08/15/2023 13:35:05 - DEBUG - __main__ -   label: 1
08/15/2023 13:35:05 - DEBUG - __main__ -   pred: 1
08/15/2023 13:35:05 - DEBUG - __main__ -   label: 1
08/15/2023 13:35:05 - DEBUG - __main__ -   pred: 2
08/15/2023 13:35:05 - DEBUG - __main__ -   label: 0
08/15/2023 13:35:05 - DEBUG - __main__ -   pred: 1
08/15/2023 13:35:05 - DEBUG - __main__ -   label: 2
08/15/2023 13:35:05 - DEBUG - __main__ -   pred: 2
08/15/2023 13:35:05 - DEBUG - __main__ -   label: 1
08/15/2023 13:35:05 - DEBUG - __main__ -   pred: 2
08/15/2023 13:35:05 - DEBUG - __main__ -   label: 3
08/15/2023 13:35:05 - DEBUG - __main__ -   pred: 3
08/15/2023 13:35:05 - DEBUG - __main__ -   label: 3
08/15/2023 13:35:05 - DEBUG - __main__ -   pred: 3
08/15/2023 13:35:05 - DEBUG - __main__ -   label: 3
08/15/2023 13:35:05 - DEBUG - __main__ -   pred: 4
08/15/2023 13:35:05 - DEBUG - __main__ -   label: 3
08/15/2023 13:35:05 - DEBUG - __main__ -   pred: 2
08/15/2023 13:35:05 - DEBUG - __main__ -   label: 3
08/15/2023 13:35:05 - DEBUG - __main__ -   pred: 3
08/15/2023 13:35:05 - DEBUG - __main__ -   label: 4
08/15/2023 13:35:05 - DEBUG - __main__ -   pred: 4
08/15/2023 13:35:05 - DEBUG - __main__ -   label: 4
08/15/2023 13:35:05 - DEBUG - __main__ -   pred: 4
08/15/2023 13:35:05 - DEBUG - __main__ -   label: 4
08/15/2023 13:35:05 - DEBUG - __main__ -   pred: 4
08/15/2023 13:35:05 - DEBUG - __main__ -   label: 4
08/15/2023 13:35:05 - DEBUG - __main__ -   pred: 4
08/15/2023 13:35:05 - DEBUG - __main__ -   label: 3
08/15/2023 13:35:05 - DEBUG - __main__ -   pred: 3
08/15/2023 13:35:05 - DEBUG - __main__ -   label: 3
08/15/2023 13:35:05 - DEBUG - __main__ -   pred: 4
08/15/2023 13:35:05 - DEBUG - __main__ -   label: 4
08/15/2023 13:35:05 - DEBUG - __main__ -   pred: 4
08/15/2023 13:35:05 - DEBUG - __main__ -   label: 4
08/15/2023 13:35:05 - DEBUG - __main__ -   pred: 4
08/15/2023 13:35:05 - DEBUG - __main__ -   label: 4
08/15/2023 13:35:05 - DEBUG - __main__ -   pred: 5
08/15/2023 13:35:05 - DEBUG - __main__ -   label: 5
08/15/2023 13:35:05 - DEBUG - __main__ -   pred: 4
08/15/2023 13:35:05 - DEBUG - __main__ -   label: 3
08/15/2023 13:35:05 - DEBUG - __main__ -   pred: 3
