******** Training fold 1 ********
08/15/2023 09:41:44 - DEBUG - __main__ -   Processor loaded. CPU mem usage: 0.38G.  Cuda 0: memory acclocated: 0 G.
08/15/2023 09:41:53 - DEBUG - __main__ -   Model loaded. CPU mem usage: 1.99G.  Cuda 0: memory acclocated: 0 G.
Wav2Vec2ForSequenceClassification(
  (wav2vec2): Wav2Vec2Model(
    (feature_extractor): Wav2Vec2FeatureEncoder(
      (conv_layers): ModuleList(
        (0): Wav2Vec2LayerNormConvLayer(
          (conv): Conv1d(1, 512, kernel_size=(10,), stride=(5,))
          (layer_norm): LayerNorm((512,), eps=1e-05, elementwise_affine=True)
          (activation): GELUActivation()
        )
        (1-4): 4 x Wav2Vec2LayerNormConvLayer(
          (conv): Conv1d(512, 512, kernel_size=(3,), stride=(2,))
          (layer_norm): LayerNorm((512,), eps=1e-05, elementwise_affine=True)
          (activation): GELUActivation()
        )
        (5-6): 2 x Wav2Vec2LayerNormConvLayer(
          (conv): Conv1d(512, 512, kernel_size=(2,), stride=(2,))
          (layer_norm): LayerNorm((512,), eps=1e-05, elementwise_affine=True)
          (activation): GELUActivation()
        )
      )
    )
    (feature_projection): Wav2Vec2FeatureProjection(
      (layer_norm): LayerNorm((512,), eps=1e-05, elementwise_affine=True)
      (projection): Linear(in_features=512, out_features=1024, bias=True)
      (dropout): Dropout(p=0.1, inplace=False)
    )
    (encoder): Wav2Vec2EncoderStableLayerNorm(
      (pos_conv_embed): Wav2Vec2PositionalConvEmbedding(
        (conv): Conv1d(1024, 1024, kernel_size=(128,), stride=(1,), padding=(64,), groups=16)
        (padding): Wav2Vec2SamePadLayer()
        (activation): GELUActivation()
      )
      (layer_norm): LayerNorm((1024,), eps=1e-05, elementwise_affine=True)
      (dropout): Dropout(p=0.1, inplace=False)
      (layers): ModuleList(
        (0-23): 24 x Wav2Vec2EncoderLayerStableLayerNorm(
          (attention): Wav2Vec2Attention(
            (k_proj): Linear(in_features=1024, out_features=1024, bias=True)
            (v_proj): Linear(in_features=1024, out_features=1024, bias=True)
            (q_proj): Linear(in_features=1024, out_features=1024, bias=True)
            (out_proj): Linear(in_features=1024, out_features=1024, bias=True)
          )
          (dropout): Dropout(p=0.1, inplace=False)
          (layer_norm): LayerNorm((1024,), eps=1e-05, elementwise_affine=True)
          (feed_forward): Wav2Vec2FeedForward(
            (intermediate_dropout): Dropout(p=0.0, inplace=False)
            (intermediate_dense): Linear(in_features=1024, out_features=4096, bias=True)
            (intermediate_act_fn): GELUActivation()
            (output_dense): Linear(in_features=4096, out_features=1024, bias=True)
            (output_dropout): Dropout(p=0.1, inplace=False)
          )
          (final_layer_norm): LayerNorm((1024,), eps=1e-05, elementwise_affine=True)
        )
      )
    )
  )
  (projector): Linear(in_features=1024, out_features=256, bias=True)
  (classifier): Linear(in_features=256, out_features=7, bias=True)
)
08/15/2023 09:42:45 - DEBUG - __main__ -   Speech loaded. N_train=1580, N_eval=532. CPU mem usage: 6.14G.  Cuda 0: memory acclocated: 0 G.
08/15/2023 09:43:15 - DEBUG - __main__ -   Feature extracted. Duration: 0:00:29 CPU mem usage: 9.17G.  Cuda 0: memory acclocated: 0 G.
08/15/2023 09:43:15 - DEBUG - urllib3.connectionpool -   Starting new HTTPS connection (1): s3.amazonaws.com:443
08/15/2023 09:43:15 - DEBUG - urllib3.connectionpool -   https://s3.amazonaws.com:443 "HEAD /datasets.huggingface.co/datasets/metrics/evaluate-metric/precision/evaluate-metric/precision.py HTTP/1.1" 404 0
08/15/2023 09:43:15 - DEBUG - urllib3.connectionpool -   Starting new HTTPS connection (1): huggingface.co:443
08/15/2023 09:43:15 - DEBUG - urllib3.connectionpool -   https://huggingface.co:443 "HEAD /spaces/evaluate-metric/precision/resolve/v0.4.0/precision.py HTTP/1.1" 200 0
08/15/2023 09:43:15 - DEBUG - urllib3.connectionpool -   Starting new HTTPS connection (1): s3.amazonaws.com:443
08/15/2023 09:43:16 - DEBUG - urllib3.connectionpool -   https://s3.amazonaws.com:443 "HEAD /datasets.huggingface.co/datasets/metrics/evaluate-metric/recall/evaluate-metric/recall.py HTTP/1.1" 404 0
08/15/2023 09:43:16 - DEBUG - urllib3.connectionpool -   Starting new HTTPS connection (1): huggingface.co:443
08/15/2023 09:43:16 - DEBUG - urllib3.connectionpool -   https://huggingface.co:443 "HEAD /spaces/evaluate-metric/recall/resolve/v0.4.0/recall.py HTTP/1.1" 200 0
08/15/2023 09:43:16 - DEBUG - urllib3.connectionpool -   Starting new HTTPS connection (1): s3.amazonaws.com:443
08/15/2023 09:43:17 - DEBUG - urllib3.connectionpool -   https://s3.amazonaws.com:443 "HEAD /datasets.huggingface.co/datasets/metrics/evaluate-metric/f1/evaluate-metric/f1.py HTTP/1.1" 404 0
08/15/2023 09:43:17 - DEBUG - urllib3.connectionpool -   Starting new HTTPS connection (1): huggingface.co:443
08/15/2023 09:43:17 - DEBUG - urllib3.connectionpool -   https://huggingface.co:443 "HEAD /spaces/evaluate-metric/f1/resolve/v0.4.0/f1.py HTTP/1.1" 200 0
08/15/2023 09:43:17 - DEBUG - urllib3.connectionpool -   Starting new HTTPS connection (1): s3.amazonaws.com:443
08/15/2023 09:43:17 - DEBUG - urllib3.connectionpool -   https://s3.amazonaws.com:443 "HEAD /datasets.huggingface.co/datasets/metrics/evaluate-metric/spearmanr/evaluate-metric/spearmanr.py HTTP/1.1" 404 0
08/15/2023 09:43:17 - DEBUG - urllib3.connectionpool -   Starting new HTTPS connection (1): huggingface.co:443
08/15/2023 09:43:17 - DEBUG - urllib3.connectionpool -   https://huggingface.co:443 "HEAD /spaces/evaluate-metric/spearmanr/resolve/v0.4.0/spearmanr.py HTTP/1.1" 200 0
08/15/2023 09:43:19 - DEBUG - __main__ -   Training starts now. CPU mem usage: 8.59G.  Cuda 0: memory acclocated: 2 G.
08/15/2023 09:43:19 - DEBUG - helper.classes -   ----------- Starting epoch 1 -----------
{'loss': 1.7921, 'learning_rate': 1.89873417721519e-05, 'epoch': 0.63}
08/15/2023 10:05:03 - DEBUG - helper.classes -   Epoch 1.0 completed, Duration: 0:21:43 Mem usage: CPU mem usage: 9.64G.  Cuda 0: memory acclocated: 29 G.
08/15/2023 10:06:58 - DEBUG - fsspec.local -   open file: /home/lunt1/.cache/huggingface/metrics/precision/default/default_experiment-1-0.arrow
08/15/2023 10:06:58 - DEBUG - fsspec.local -   open file: /home/lunt1/.cache/huggingface/metrics/recall/default/default_experiment-1-0.arrow
08/15/2023 10:06:58 - DEBUG - fsspec.local -   open file: /home/lunt1/.cache/huggingface/metrics/f1/default/default_experiment-1-0.arrow
08/15/2023 10:06:58 - DEBUG - fsspec.local -   open file: /home/lunt1/.cache/huggingface/metrics/spearmanr/default/default_experiment-1-0.arrow
08/15/2023 10:06:58 - DEBUG - fsspec.local -   open file: /home/lunt1/.cache/huggingface/metrics/precision/default/default_experiment-1-0.arrow
08/15/2023 10:06:58 - DEBUG - fsspec.local -   open file: /home/lunt1/.cache/huggingface/metrics/recall/default/default_experiment-1-0.arrow
08/15/2023 10:06:58 - DEBUG - fsspec.local -   open file: /home/lunt1/.cache/huggingface/metrics/f1/default/default_experiment-1-0.arrow
{'eval_loss': 1.398796558380127, 'eval_precision': 0.16703856608956583, 'eval_recall': 0.25693165109241956, 'eval_f1': 0.16841366464860444, 'eval_spearmanr': 0.7579062429108698, 'eval_precision_weighted': 0.2590257518615432, 'eval_recall_weighted': 0.3890977443609023, 'eval_f1_weighted': 0.2606492271203749, 'eval_runtime': 115.7507, 'eval_samples_per_second': 4.596, 'eval_steps_per_second': 2.298, 'epoch': 1.0}
08/15/2023 10:07:04 - DEBUG - helper.classes -   ----------- Starting epoch 2.0 -----------
{'loss': 1.3645, 'learning_rate': 2.9113924050632914e-05, 'epoch': 1.27}
{'loss': 1.271, 'learning_rate': 2.70042194092827e-05, 'epoch': 1.9}
08/15/2023 10:28:38 - DEBUG - helper.classes -   Epoch 2.0 completed, Duration: 0:21:33 Mem usage: CPU mem usage: 9.99G.  Cuda 0: memory acclocated: 22 G.
08/15/2023 10:30:33 - DEBUG - fsspec.local -   open file: /home/lunt1/.cache/huggingface/metrics/precision/default/default_experiment-1-0.arrow
08/15/2023 10:30:33 - DEBUG - fsspec.local -   open file: /home/lunt1/.cache/huggingface/metrics/recall/default/default_experiment-1-0.arrow
08/15/2023 10:30:33 - DEBUG - fsspec.local -   open file: /home/lunt1/.cache/huggingface/metrics/f1/default/default_experiment-1-0.arrow
08/15/2023 10:30:33 - DEBUG - fsspec.local -   open file: /home/lunt1/.cache/huggingface/metrics/spearmanr/default/default_experiment-1-0.arrow
08/15/2023 10:30:33 - DEBUG - fsspec.local -   open file: /home/lunt1/.cache/huggingface/metrics/precision/default/default_experiment-1-0.arrow
08/15/2023 10:30:33 - DEBUG - fsspec.local -   open file: /home/lunt1/.cache/huggingface/metrics/recall/default/default_experiment-1-0.arrow
08/15/2023 10:30:33 - DEBUG - fsspec.local -   open file: /home/lunt1/.cache/huggingface/metrics/f1/default/default_experiment-1-0.arrow
{'eval_loss': 1.2800995111465454, 'eval_precision': 0.3076974309715123, 'eval_recall': 0.3236230888297059, 'eval_f1': 0.3008128277251661, 'eval_spearmanr': 0.7950026816377006, 'eval_precision_weighted': 0.41707352446914103, 'eval_recall_weighted': 0.41541353383458646, 'eval_f1_weighted': 0.4001263285531989, 'eval_runtime': 115.1134, 'eval_samples_per_second': 4.622, 'eval_steps_per_second': 2.311, 'epoch': 2.0}
08/15/2023 10:30:40 - DEBUG - helper.classes -   ----------- Starting epoch 3.0 -----------
{'loss': 1.2327, 'learning_rate': 2.489451476793249e-05, 'epoch': 2.53}
08/15/2023 10:51:57 - DEBUG - helper.classes -   Epoch 3.0 completed, Duration: 0:21:17 Mem usage: CPU mem usage: 9.77G.  Cuda 0: memory acclocated: 22 G.
08/15/2023 10:53:53 - DEBUG - fsspec.local -   open file: /home/lunt1/.cache/huggingface/metrics/precision/default/default_experiment-1-0.arrow
08/15/2023 10:53:53 - DEBUG - fsspec.local -   open file: /home/lunt1/.cache/huggingface/metrics/recall/default/default_experiment-1-0.arrow
08/15/2023 10:53:53 - DEBUG - fsspec.local -   open file: /home/lunt1/.cache/huggingface/metrics/f1/default/default_experiment-1-0.arrow
08/15/2023 10:53:53 - DEBUG - fsspec.local -   open file: /home/lunt1/.cache/huggingface/metrics/spearmanr/default/default_experiment-1-0.arrow
08/15/2023 10:53:53 - DEBUG - fsspec.local -   open file: /home/lunt1/.cache/huggingface/metrics/precision/default/default_experiment-1-0.arrow
08/15/2023 10:53:53 - DEBUG - fsspec.local -   open file: /home/lunt1/.cache/huggingface/metrics/recall/default/default_experiment-1-0.arrow
08/15/2023 10:53:53 - DEBUG - fsspec.local -   open file: /home/lunt1/.cache/huggingface/metrics/f1/default/default_experiment-1-0.arrow
{'eval_loss': 1.4489727020263672, 'eval_precision': 0.31764675932382147, 'eval_recall': 0.3323524071336069, 'eval_f1': 0.2817523625656964, 'eval_spearmanr': 0.787152223686822, 'eval_precision_weighted': 0.43213615810524647, 'eval_recall_weighted': 0.4041353383458647, 'eval_f1_weighted': 0.3635615798420036, 'eval_runtime': 115.4012, 'eval_samples_per_second': 4.61, 'eval_steps_per_second': 2.305, 'epoch': 3.0}
08/15/2023 10:53:59 - DEBUG - helper.classes -   ----------- Starting epoch 4.0 -----------
{'loss': 1.1532, 'learning_rate': 2.278481012658228e-05, 'epoch': 3.16}
{'loss': 1.128, 'learning_rate': 2.067510548523207e-05, 'epoch': 3.8}
08/15/2023 11:15:47 - DEBUG - helper.classes -   Epoch 4.0 completed, Duration: 0:21:47 Mem usage: CPU mem usage: 9.76G.  Cuda 0: memory acclocated: 22 G.
08/15/2023 11:17:42 - DEBUG - fsspec.local -   open file: /home/lunt1/.cache/huggingface/metrics/precision/default/default_experiment-1-0.arrow
08/15/2023 11:17:42 - DEBUG - fsspec.local -   open file: /home/lunt1/.cache/huggingface/metrics/recall/default/default_experiment-1-0.arrow
08/15/2023 11:17:42 - DEBUG - fsspec.local -   open file: /home/lunt1/.cache/huggingface/metrics/f1/default/default_experiment-1-0.arrow
08/15/2023 11:17:42 - DEBUG - fsspec.local -   open file: /home/lunt1/.cache/huggingface/metrics/spearmanr/default/default_experiment-1-0.arrow
08/15/2023 11:17:42 - DEBUG - fsspec.local -   open file: /home/lunt1/.cache/huggingface/metrics/precision/default/default_experiment-1-0.arrow
08/15/2023 11:17:42 - DEBUG - fsspec.local -   open file: /home/lunt1/.cache/huggingface/metrics/recall/default/default_experiment-1-0.arrow
08/15/2023 11:17:42 - DEBUG - fsspec.local -   open file: /home/lunt1/.cache/huggingface/metrics/f1/default/default_experiment-1-0.arrow
{'eval_loss': 1.3275147676467896, 'eval_precision': 0.3268117361963638, 'eval_recall': 0.34984118741053927, 'eval_f1': 0.3320975418584896, 'eval_spearmanr': 0.8178642903941634, 'eval_precision_weighted': 0.43759024063535484, 'eval_recall_weighted': 0.4699248120300752, 'eval_f1_weighted': 0.4459792849666827, 'eval_runtime': 115.5245, 'eval_samples_per_second': 4.605, 'eval_steps_per_second': 2.303, 'epoch': 4.0}
08/15/2023 11:17:49 - DEBUG - helper.classes -   ----------- Starting epoch 5.0 -----------
{'loss': 1.0796, 'learning_rate': 1.856540084388186e-05, 'epoch': 4.43}
08/15/2023 11:39:34 - DEBUG - helper.classes -   Epoch 5.0 completed, Duration: 0:21:45 Mem usage: CPU mem usage: 9.78G.  Cuda 0: memory acclocated: 22 G.
08/15/2023 11:41:29 - DEBUG - fsspec.local -   open file: /home/lunt1/.cache/huggingface/metrics/precision/default/default_experiment-1-0.arrow
08/15/2023 11:41:29 - DEBUG - fsspec.local -   open file: /home/lunt1/.cache/huggingface/metrics/recall/default/default_experiment-1-0.arrow
08/15/2023 11:41:29 - DEBUG - fsspec.local -   open file: /home/lunt1/.cache/huggingface/metrics/f1/default/default_experiment-1-0.arrow
08/15/2023 11:41:29 - DEBUG - fsspec.local -   open file: /home/lunt1/.cache/huggingface/metrics/spearmanr/default/default_experiment-1-0.arrow
08/15/2023 11:41:29 - DEBUG - fsspec.local -   open file: /home/lunt1/.cache/huggingface/metrics/precision/default/default_experiment-1-0.arrow
08/15/2023 11:41:29 - DEBUG - fsspec.local -   open file: /home/lunt1/.cache/huggingface/metrics/recall/default/default_experiment-1-0.arrow
08/15/2023 11:41:30 - DEBUG - fsspec.local -   open file: /home/lunt1/.cache/huggingface/metrics/f1/default/default_experiment-1-0.arrow
{'eval_loss': 1.4685008525848389, 'eval_precision': 0.3170442176870748, 'eval_recall': 0.34873479923911727, 'eval_f1': 0.3211289204344988, 'eval_spearmanr': 0.8020317861827762, 'eval_precision_weighted': 0.43100246151092014, 'eval_recall_weighted': 0.4398496240601504, 'eval_f1_weighted': 0.42216565425312474, 'eval_runtime': 115.3694, 'eval_samples_per_second': 4.611, 'eval_steps_per_second': 2.306, 'epoch': 5.0}
08/15/2023 11:41:36 - DEBUG - helper.classes -   ----------- Starting epoch 6.0 -----------
{'loss': 1.0524, 'learning_rate': 1.6455696202531644e-05, 'epoch': 5.06}
{'loss': 0.9463, 'learning_rate': 1.4345991561181435e-05, 'epoch': 5.7}
08/15/2023 12:02:52 - DEBUG - helper.classes -   Epoch 6.0 completed, Duration: 0:21:16 Mem usage: CPU mem usage: 9.78G.  Cuda 0: memory acclocated: 22 G.
08/15/2023 12:04:47 - DEBUG - fsspec.local -   open file: /home/lunt1/.cache/huggingface/metrics/precision/default/default_experiment-1-0.arrow
08/15/2023 12:04:47 - DEBUG - fsspec.local -   open file: /home/lunt1/.cache/huggingface/metrics/recall/default/default_experiment-1-0.arrow
08/15/2023 12:04:47 - DEBUG - fsspec.local -   open file: /home/lunt1/.cache/huggingface/metrics/f1/default/default_experiment-1-0.arrow
08/15/2023 12:04:47 - DEBUG - fsspec.local -   open file: /home/lunt1/.cache/huggingface/metrics/spearmanr/default/default_experiment-1-0.arrow
08/15/2023 12:04:47 - DEBUG - fsspec.local -   open file: /home/lunt1/.cache/huggingface/metrics/precision/default/default_experiment-1-0.arrow
08/15/2023 12:04:48 - DEBUG - fsspec.local -   open file: /home/lunt1/.cache/huggingface/metrics/recall/default/default_experiment-1-0.arrow
08/15/2023 12:04:48 - DEBUG - fsspec.local -   open file: /home/lunt1/.cache/huggingface/metrics/f1/default/default_experiment-1-0.arrow
{'eval_loss': 1.5447635650634766, 'eval_precision': 0.32300406408679283, 'eval_recall': 0.33312484806080633, 'eval_f1': 0.3218770157469361, 'eval_spearmanr': 0.7989043341742611, 'eval_precision_weighted': 0.4301777637806763, 'eval_recall_weighted': 0.45300751879699247, 'eval_f1_weighted': 0.4329597761885498, 'eval_runtime': 115.4341, 'eval_samples_per_second': 4.609, 'eval_steps_per_second': 2.304, 'epoch': 6.0}
08/15/2023 12:04:54 - DEBUG - helper.classes -   ----------- Starting epoch 7.0 -----------
{'loss': 0.9312, 'learning_rate': 1.2236286919831224e-05, 'epoch': 6.33}
{'loss': 0.9534, 'learning_rate': 1.0126582278481012e-05, 'epoch': 6.96}
08/15/2023 12:26:22 - DEBUG - helper.classes -   Epoch 7.0 completed, Duration: 0:21:27 Mem usage: CPU mem usage: 9.77G.  Cuda 0: memory acclocated: 22 G.
08/15/2023 12:28:17 - DEBUG - fsspec.local -   open file: /home/lunt1/.cache/huggingface/metrics/precision/default/default_experiment-1-0.arrow
08/15/2023 12:28:17 - DEBUG - fsspec.local -   open file: /home/lunt1/.cache/huggingface/metrics/recall/default/default_experiment-1-0.arrow
08/15/2023 12:28:17 - DEBUG - fsspec.local -   open file: /home/lunt1/.cache/huggingface/metrics/f1/default/default_experiment-1-0.arrow
08/15/2023 12:28:17 - DEBUG - fsspec.local -   open file: /home/lunt1/.cache/huggingface/metrics/spearmanr/default/default_experiment-1-0.arrow
08/15/2023 12:28:17 - DEBUG - fsspec.local -   open file: /home/lunt1/.cache/huggingface/metrics/precision/default/default_experiment-1-0.arrow
08/15/2023 12:28:17 - DEBUG - fsspec.local -   open file: /home/lunt1/.cache/huggingface/metrics/recall/default/default_experiment-1-0.arrow
08/15/2023 12:28:17 - DEBUG - fsspec.local -   open file: /home/lunt1/.cache/huggingface/metrics/f1/default/default_experiment-1-0.arrow
{'eval_loss': 1.695525884628296, 'eval_precision': 0.3276144907723855, 'eval_recall': 0.3384505762007816, 'eval_f1': 0.32795366657294583, 'eval_spearmanr': 0.8003375881641359, 'eval_precision_weighted': 0.4407561967118754, 'eval_recall_weighted': 0.462406015037594, 'eval_f1_weighted': 0.44440303882838117, 'eval_runtime': 115.4428, 'eval_samples_per_second': 4.608, 'eval_steps_per_second': 2.304, 'epoch': 7.0}
08/15/2023 12:28:24 - DEBUG - helper.classes -   ----------- Starting epoch 8.0 -----------
{'loss': 0.8489, 'learning_rate': 8.016877637130802e-06, 'epoch': 7.59}
08/15/2023 12:50:23 - DEBUG - helper.classes -   Epoch 8.0 completed, Duration: 0:21:59 Mem usage: CPU mem usage: 9.79G.  Cuda 0: memory acclocated: 22 G.
08/15/2023 12:52:18 - DEBUG - fsspec.local -   open file: /home/lunt1/.cache/huggingface/metrics/precision/default/default_experiment-1-0.arrow
08/15/2023 12:52:18 - DEBUG - fsspec.local -   open file: /home/lunt1/.cache/huggingface/metrics/recall/default/default_experiment-1-0.arrow
08/15/2023 12:52:18 - DEBUG - fsspec.local -   open file: /home/lunt1/.cache/huggingface/metrics/f1/default/default_experiment-1-0.arrow
08/15/2023 12:52:18 - DEBUG - fsspec.local -   open file: /home/lunt1/.cache/huggingface/metrics/spearmanr/default/default_experiment-1-0.arrow
08/15/2023 12:52:18 - DEBUG - fsspec.local -   open file: /home/lunt1/.cache/huggingface/metrics/precision/default/default_experiment-1-0.arrow
08/15/2023 12:52:18 - DEBUG - fsspec.local -   open file: /home/lunt1/.cache/huggingface/metrics/recall/default/default_experiment-1-0.arrow
08/15/2023 12:52:18 - DEBUG - fsspec.local -   open file: /home/lunt1/.cache/huggingface/metrics/f1/default/default_experiment-1-0.arrow
{'eval_loss': 1.9518623352050781, 'eval_precision': 0.3198784731365175, 'eval_recall': 0.3414867010969217, 'eval_f1': 0.3239214578109847, 'eval_spearmanr': 0.7925068691657484, 'eval_precision_weighted': 0.4309260438808698, 'eval_recall_weighted': 0.4492481203007519, 'eval_f1_weighted': 0.4307626871058922, 'eval_runtime': 115.4774, 'eval_samples_per_second': 4.607, 'eval_steps_per_second': 2.303, 'epoch': 8.0}
08/15/2023 12:52:26 - DEBUG - helper.classes -   ----------- Starting epoch 9.0 -----------
{'loss': 0.9063, 'learning_rate': 5.90717299578059e-06, 'epoch': 8.23}
{'loss': 0.8349, 'learning_rate': 3.7974683544303802e-06, 'epoch': 8.86}
08/15/2023 13:14:04 - DEBUG - helper.classes -   Epoch 9.0 completed, Duration: 0:21:38 Mem usage: CPU mem usage: 9.79G.  Cuda 0: memory acclocated: 22 G.
08/15/2023 13:15:59 - DEBUG - fsspec.local -   open file: /home/lunt1/.cache/huggingface/metrics/precision/default/default_experiment-1-0.arrow
08/15/2023 13:15:59 - DEBUG - fsspec.local -   open file: /home/lunt1/.cache/huggingface/metrics/recall/default/default_experiment-1-0.arrow
08/15/2023 13:15:59 - DEBUG - fsspec.local -   open file: /home/lunt1/.cache/huggingface/metrics/f1/default/default_experiment-1-0.arrow
08/15/2023 13:15:59 - DEBUG - fsspec.local -   open file: /home/lunt1/.cache/huggingface/metrics/spearmanr/default/default_experiment-1-0.arrow
08/15/2023 13:15:59 - DEBUG - fsspec.local -   open file: /home/lunt1/.cache/huggingface/metrics/precision/default/default_experiment-1-0.arrow
08/15/2023 13:15:59 - DEBUG - fsspec.local -   open file: /home/lunt1/.cache/huggingface/metrics/recall/default/default_experiment-1-0.arrow
08/15/2023 13:15:59 - DEBUG - fsspec.local -   open file: /home/lunt1/.cache/huggingface/metrics/f1/default/default_experiment-1-0.arrow
{'eval_loss': 2.114656686782837, 'eval_precision': 0.3178487664635545, 'eval_recall': 0.33869268011382797, 'eval_f1': 0.32403003409953085, 'eval_spearmanr': 0.799376912550753, 'eval_precision_weighted': 0.4268931731377947, 'eval_recall_weighted': 0.45112781954887216, 'eval_f1_weighted': 0.43287861236634384, 'eval_runtime': 115.4365, 'eval_samples_per_second': 4.609, 'eval_steps_per_second': 2.304, 'epoch': 9.0}
08/15/2023 13:16:08 - DEBUG - helper.classes -   ----------- Starting epoch 10.0 -----------
{'loss': 0.8167, 'learning_rate': 1.6877637130801689e-06, 'epoch': 9.49}
08/15/2023 13:37:27 - DEBUG - helper.classes -   Epoch 10.0 completed, Duration: 0:21:18 Mem usage: CPU mem usage: 9.78G.  Cuda 0: memory acclocated: 22 G.
08/15/2023 13:39:22 - DEBUG - fsspec.local -   open file: /home/lunt1/.cache/huggingface/metrics/precision/default/default_experiment-1-0.arrow
08/15/2023 13:39:22 - DEBUG - fsspec.local -   open file: /home/lunt1/.cache/huggingface/metrics/recall/default/default_experiment-1-0.arrow
08/15/2023 13:39:22 - DEBUG - fsspec.local -   open file: /home/lunt1/.cache/huggingface/metrics/f1/default/default_experiment-1-0.arrow
08/15/2023 13:39:22 - DEBUG - fsspec.local -   open file: /home/lunt1/.cache/huggingface/metrics/spearmanr/default/default_experiment-1-0.arrow
08/15/2023 13:39:22 - DEBUG - fsspec.local -   open file: /home/lunt1/.cache/huggingface/metrics/precision/default/default_experiment-1-0.arrow
08/15/2023 13:39:22 - DEBUG - fsspec.local -   open file: /home/lunt1/.cache/huggingface/metrics/recall/default/default_experiment-1-0.arrow
08/15/2023 13:39:22 - DEBUG - fsspec.local -   open file: /home/lunt1/.cache/huggingface/metrics/f1/default/default_experiment-1-0.arrow
{'eval_loss': 2.2025721073150635, 'eval_precision': 0.3129538239087203, 'eval_recall': 0.3337228525802252, 'eval_f1': 0.3186445219726953, 'eval_spearmanr': 0.7978238563617885, 'eval_precision_weighted': 0.4201482037000333, 'eval_recall_weighted': 0.4417293233082707, 'eval_f1_weighted': 0.42428823021437484, 'eval_runtime': 114.6945, 'eval_samples_per_second': 4.638, 'eval_steps_per_second': 2.319, 'epoch': 10.0}
{'train_runtime': 14173.8203, 'train_samples_per_second': 1.115, 'train_steps_per_second': 0.557, 'train_loss': 1.0684521523004846, 'epoch': 10.0}
08/15/2023 13:39:34 - INFO - __main__ -   Training completed. Duration: 3:56:14
08/15/2023 13:41:28 - DEBUG - fsspec.local -   open file: /home/lunt1/.cache/huggingface/metrics/precision/default/default_experiment-1-0.arrow
08/15/2023 13:41:28 - DEBUG - fsspec.local -   open file: /home/lunt1/.cache/huggingface/metrics/recall/default/default_experiment-1-0.arrow
08/15/2023 13:41:28 - DEBUG - fsspec.local -   open file: /home/lunt1/.cache/huggingface/metrics/f1/default/default_experiment-1-0.arrow
08/15/2023 13:41:28 - DEBUG - fsspec.local -   open file: /home/lunt1/.cache/huggingface/metrics/spearmanr/default/default_experiment-1-0.arrow
08/15/2023 13:41:28 - DEBUG - fsspec.local -   open file: /home/lunt1/.cache/huggingface/metrics/precision/default/default_experiment-1-0.arrow
08/15/2023 13:41:28 - DEBUG - fsspec.local -   open file: /home/lunt1/.cache/huggingface/metrics/recall/default/default_experiment-1-0.arrow
08/15/2023 13:41:28 - DEBUG - fsspec.local -   open file: /home/lunt1/.cache/huggingface/metrics/f1/default/default_experiment-1-0.arrow
08/15/2023 13:41:28 - DEBUG - fsspec.local -   open file: /home/lunt1/.cache/huggingface/metrics/precision/default/default_experiment-1-0.arrow
08/15/2023 13:41:28 - DEBUG - fsspec.local -   open file: /home/lunt1/.cache/huggingface/metrics/recall/default/default_experiment-1-0.arrow
08/15/2023 13:41:28 - DEBUG - fsspec.local -   open file: /home/lunt1/.cache/huggingface/metrics/f1/default/default_experiment-1-0.arrow
08/15/2023 13:41:28 - DEBUG - fsspec.local -   open file: /home/lunt1/.cache/huggingface/metrics/spearmanr/default/default_experiment-1-0.arrow
08/15/2023 13:41:28 - DEBUG - fsspec.local -   open file: /home/lunt1/.cache/huggingface/metrics/precision/default/default_experiment-1-0.arrow
08/15/2023 13:41:28 - DEBUG - fsspec.local -   open file: /home/lunt1/.cache/huggingface/metrics/recall/default/default_experiment-1-0.arrow
08/15/2023 13:41:28 - DEBUG - fsspec.local -   open file: /home/lunt1/.cache/huggingface/metrics/f1/default/default_experiment-1-0.arrow
08/15/2023 13:41:28 - DEBUG - __main__ -   label: 4
08/15/2023 13:41:28 - DEBUG - __main__ -   pred: 4
08/15/2023 13:41:28 - DEBUG - __main__ -   label: 3
08/15/2023 13:41:28 - DEBUG - __main__ -   pred: 3
08/15/2023 13:41:28 - DEBUG - __main__ -   label: 5
08/15/2023 13:41:28 - DEBUG - __main__ -   pred: 3
08/15/2023 13:41:28 - DEBUG - __main__ -   label: 4
08/15/2023 13:41:28 - DEBUG - __main__ -   pred: 3
08/15/2023 13:41:28 - DEBUG - __main__ -   label: 3
08/15/2023 13:41:28 - DEBUG - __main__ -   pred: 3
08/15/2023 13:41:28 - DEBUG - __main__ -   label: 3
08/15/2023 13:41:28 - DEBUG - __main__ -   pred: 3
08/15/2023 13:41:28 - DEBUG - __main__ -   label: 5
08/15/2023 13:41:28 - DEBUG - __main__ -   pred: 4
08/15/2023 13:41:28 - DEBUG - __main__ -   label: 5
08/15/2023 13:41:28 - DEBUG - __main__ -   pred: 3
08/15/2023 13:41:28 - DEBUG - __main__ -   label: 3
08/15/2023 13:41:28 - DEBUG - __main__ -   pred: 4
08/15/2023 13:41:28 - DEBUG - __main__ -   label: 4
08/15/2023 13:41:28 - DEBUG - __main__ -   pred: 5
08/15/2023 13:41:28 - DEBUG - __main__ -   label: 2
08/15/2023 13:41:28 - DEBUG - __main__ -   pred: 3
08/15/2023 13:41:28 - DEBUG - __main__ -   label: 2
08/15/2023 13:41:28 - DEBUG - __main__ -   pred: 3
08/15/2023 13:41:28 - DEBUG - __main__ -   label: 2
08/15/2023 13:41:28 - DEBUG - __main__ -   pred: 3
08/15/2023 13:41:28 - DEBUG - __main__ -   label: 2
08/15/2023 13:41:28 - DEBUG - __main__ -   pred: 3
08/15/2023 13:41:28 - DEBUG - __main__ -   label: 2
08/15/2023 13:41:28 - DEBUG - __main__ -   pred: 3
08/15/2023 13:41:28 - DEBUG - __main__ -   label: 4
08/15/2023 13:41:28 - DEBUG - __main__ -   pred: 3
08/15/2023 13:41:28 - DEBUG - __main__ -   label: 2
08/15/2023 13:41:28 - DEBUG - __main__ -   pred: 3
08/15/2023 13:41:28 - DEBUG - __main__ -   label: 3
08/15/2023 13:41:28 - DEBUG - __main__ -   pred: 3
08/15/2023 13:41:28 - DEBUG - __main__ -   label: 2
08/15/2023 13:41:28 - DEBUG - __main__ -   pred: 2
08/15/2023 13:41:28 - DEBUG - __main__ -   label: 4
08/15/2023 13:41:28 - DEBUG - __main__ -   pred: 5
08/15/2023 13:41:28 - DEBUG - __main__ -   label: 4
08/15/2023 13:41:28 - DEBUG - __main__ -   pred: 5
08/15/2023 13:41:28 - DEBUG - __main__ -   label: 4
08/15/2023 13:41:28 - DEBUG - __main__ -   pred: 4
08/15/2023 13:41:28 - DEBUG - __main__ -   label: 6
08/15/2023 13:41:28 - DEBUG - __main__ -   pred: 5
08/15/2023 13:41:28 - DEBUG - __main__ -   label: 3
08/15/2023 13:41:28 - DEBUG - __main__ -   pred: 3
08/15/2023 13:41:28 - DEBUG - __main__ -   label: 4
08/15/2023 13:41:28 - DEBUG - __main__ -   pred: 4
08/15/2023 13:41:28 - DEBUG - __main__ -   label: 6
08/15/2023 13:41:28 - DEBUG - __main__ -   pred: 5
08/15/2023 13:41:28 - DEBUG - __main__ -   label: 5
08/15/2023 13:41:28 - DEBUG - __main__ -   pred: 3
08/15/2023 13:41:28 - DEBUG - __main__ -   label: 4
08/15/2023 13:41:28 - DEBUG - __main__ -   pred: 5
08/15/2023 13:41:28 - DEBUG - __main__ -   label: 3
08/15/2023 13:41:28 - DEBUG - __main__ -   pred: 5
08/15/2023 13:41:28 - DEBUG - __main__ -   label: 5
08/15/2023 13:41:28 - DEBUG - __main__ -   pred: 5
08/15/2023 13:41:28 - DEBUG - __main__ -   label: 5
08/15/2023 13:41:28 - DEBUG - __main__ -   pred: 5
08/15/2023 13:41:28 - DEBUG - __main__ -   label: 5
08/15/2023 13:41:28 - DEBUG - __main__ -   pred: 3
08/15/2023 13:41:28 - DEBUG - __main__ -   label: 3
08/15/2023 13:41:28 - DEBUG - __main__ -   pred: 1
08/15/2023 13:41:28 - DEBUG - __main__ -   label: 3
08/15/2023 13:41:28 - DEBUG - __main__ -   pred: 4
08/15/2023 13:41:28 - DEBUG - __main__ -   label: 3
08/15/2023 13:41:28 - DEBUG - __main__ -   pred: 3
08/15/2023 13:41:28 - DEBUG - __main__ -   label: 1
08/15/2023 13:41:28 - DEBUG - __main__ -   pred: 2
08/15/2023 13:41:28 - DEBUG - __main__ -   label: 4
08/15/2023 13:41:28 - DEBUG - __main__ -   pred: 3
08/15/2023 13:41:28 - DEBUG - __main__ -   label: 5
08/15/2023 13:41:28 - DEBUG - __main__ -   pred: 4
08/15/2023 13:41:28 - DEBUG - __main__ -   label: 6
08/15/2023 13:41:28 - DEBUG - __main__ -   pred: 5
08/15/2023 13:41:28 - DEBUG - __main__ -   label: 4
08/15/2023 13:41:28 - DEBUG - __main__ -   pred: 4
08/15/2023 13:41:28 - DEBUG - __main__ -   label: 6
08/15/2023 13:41:28 - DEBUG - __main__ -   pred: 5
08/15/2023 13:41:28 - DEBUG - __main__ -   label: 5
08/15/2023 13:41:28 - DEBUG - __main__ -   pred: 4
08/15/2023 13:41:28 - DEBUG - __main__ -   label: 6
08/15/2023 13:41:28 - DEBUG - __main__ -   pred: 4
08/15/2023 13:41:28 - DEBUG - __main__ -   label: 5
08/15/2023 13:41:28 - DEBUG - __main__ -   pred: 4
08/15/2023 13:41:28 - DEBUG - __main__ -   label: 5
08/15/2023 13:41:28 - DEBUG - __main__ -   pred: 4
08/15/2023 13:41:28 - DEBUG - __main__ -   label: 4
08/15/2023 13:41:28 - DEBUG - __main__ -   pred: 5
08/15/2023 13:41:28 - DEBUG - __main__ -   label: 5
08/15/2023 13:41:28 - DEBUG - __main__ -   pred: 4
08/15/2023 13:41:28 - DEBUG - __main__ -   label: 1
08/15/2023 13:41:28 - DEBUG - __main__ -   pred: 3
08/15/2023 13:41:28 - DEBUG - __main__ -   label: 2
08/15/2023 13:41:28 - DEBUG - __main__ -   pred: 3
08/15/2023 13:41:28 - DEBUG - __main__ -   label: 4
08/15/2023 13:41:28 - DEBUG - __main__ -   pred: 5
08/15/2023 13:41:28 - DEBUG - __main__ -   label: 5
08/15/2023 13:41:28 - DEBUG - __main__ -   pred: 3
08/15/2023 13:41:28 - DEBUG - __main__ -   label: 4
08/15/2023 13:41:28 - DEBUG - __main__ -   pred: 5
08/15/2023 13:41:28 - DEBUG - __main__ -   label: 2
08/15/2023 13:41:28 - DEBUG - __main__ -   pred: 3
08/15/2023 13:41:28 - DEBUG - __main__ -   label: 3
08/15/2023 13:41:28 - DEBUG - __main__ -   pred: 3
08/15/2023 13:41:28 - DEBUG - __main__ -   label: 4
08/15/2023 13:41:28 - DEBUG - __main__ -   pred: 4
08/15/2023 13:41:28 - DEBUG - __main__ -   label: 5
08/15/2023 13:41:28 - DEBUG - __main__ -   pred: 5
08/15/2023 13:41:28 - DEBUG - __main__ -   label: 5
08/15/2023 13:41:28 - DEBUG - __main__ -   pred: 5
08/15/2023 13:41:28 - DEBUG - __main__ -   label: 5
08/15/2023 13:41:28 - DEBUG - __main__ -   pred: 4
08/15/2023 13:41:28 - DEBUG - __main__ -   label: 4
08/15/2023 13:41:28 - DEBUG - __main__ -   pred: 4
08/15/2023 13:41:28 - DEBUG - __main__ -   label: 3
08/15/2023 13:41:28 - DEBUG - __main__ -   pred: 3
08/15/2023 13:41:28 - DEBUG - __main__ -   label: 4
08/15/2023 13:41:28 - DEBUG - __main__ -   pred: 4
08/15/2023 13:41:28 - DEBUG - __main__ -   label: 4
08/15/2023 13:41:28 - DEBUG - __main__ -   pred: 5
08/15/2023 13:41:28 - DEBUG - __main__ -   label: 4
08/15/2023 13:41:28 - DEBUG - __main__ -   pred: 5
08/15/2023 13:41:28 - DEBUG - __main__ -   label: 4
08/15/2023 13:41:28 - DEBUG - __main__ -   pred: 5
08/15/2023 13:41:28 - DEBUG - __main__ -   label: 3
08/15/2023 13:41:28 - DEBUG - __main__ -   pred: 4
08/15/2023 13:41:28 - DEBUG - __main__ -   label: 5
08/15/2023 13:41:28 - DEBUG - __main__ -   pred: 4
08/15/2023 13:41:28 - DEBUG - __main__ -   label: 3
08/15/2023 13:41:28 - DEBUG - __main__ -   pred: 4
08/15/2023 13:41:28 - DEBUG - __main__ -   label: 2
08/15/2023 13:41:28 - DEBUG - __main__ -   pred: 3
08/15/2023 13:41:28 - DEBUG - __main__ -   label: 5
08/15/2023 13:41:28 - DEBUG - __main__ -   pred: 5
08/15/2023 13:41:28 - DEBUG - __main__ -   label: 3
08/15/2023 13:41:28 - DEBUG - __main__ -   pred: 3
08/15/2023 13:41:28 - DEBUG - __main__ -   label: 5
08/15/2023 13:41:28 - DEBUG - __main__ -   pred: 5
08/15/2023 13:41:28 - DEBUG - __main__ -   label: 5
08/15/2023 13:41:28 - DEBUG - __main__ -   pred: 5
08/15/2023 13:41:28 - DEBUG - __main__ -   label: 4
08/15/2023 13:41:28 - DEBUG - __main__ -   pred: 4
08/15/2023 13:41:28 - DEBUG - __main__ -   label: 3
08/15/2023 13:41:28 - DEBUG - __main__ -   pred: 4
08/15/2023 13:41:28 - DEBUG - __main__ -   label: 3
08/15/2023 13:41:28 - DEBUG - __main__ -   pred: 3
08/15/2023 13:41:28 - DEBUG - __main__ -   label: 2
08/15/2023 13:41:28 - DEBUG - __main__ -   pred: 3
08/15/2023 13:41:28 - DEBUG - __main__ -   label: 2
08/15/2023 13:41:28 - DEBUG - __main__ -   pred: 3
08/15/2023 13:41:28 - DEBUG - __main__ -   label: 2
08/15/2023 13:41:28 - DEBUG - __main__ -   pred: 4
08/15/2023 13:41:28 - DEBUG - __main__ -   label: 3
08/15/2023 13:41:28 - DEBUG - __main__ -   pred: 4
08/15/2023 13:41:28 - DEBUG - __main__ -   label: 3
08/15/2023 13:41:28 - DEBUG - __main__ -   pred: 4
08/15/2023 13:41:28 - DEBUG - __main__ -   label: 5
08/15/2023 13:41:28 - DEBUG - __main__ -   pred: 5
08/15/2023 13:41:28 - DEBUG - __main__ -   label: 6
08/15/2023 13:41:28 - DEBUG - __main__ -   pred: 5
08/15/2023 13:41:28 - DEBUG - __main__ -   label: 4
08/15/2023 13:41:28 - DEBUG - __main__ -   pred: 5
08/15/2023 13:41:28 - DEBUG - __main__ -   label: 2
08/15/2023 13:41:28 - DEBUG - __main__ -   pred: 3
08/15/2023 13:41:28 - DEBUG - __main__ -   label: 3
08/15/2023 13:41:28 - DEBUG - __main__ -   pred: 4
08/15/2023 13:41:28 - DEBUG - __main__ -   label: 5
08/15/2023 13:41:28 - DEBUG - __main__ -   pred: 5
08/15/2023 13:41:28 - DEBUG - __main__ -   label: 4
08/15/2023 13:41:28 - DEBUG - __main__ -   pred: 5
08/15/2023 13:41:28 - DEBUG - __main__ -   label: 3
08/15/2023 13:41:28 - DEBUG - __main__ -   pred: 3
08/15/2023 13:41:28 - DEBUG - __main__ -   label: 2
08/15/2023 13:41:28 - DEBUG - __main__ -   pred: 3
08/15/2023 13:41:28 - DEBUG - __main__ -   label: 5
08/15/2023 13:41:28 - DEBUG - __main__ -   pred: 5
08/15/2023 13:41:28 - DEBUG - __main__ -   label: 3
08/15/2023 13:41:28 - DEBUG - __main__ -   pred: 3
08/15/2023 13:41:28 - DEBUG - __main__ -   label: 2
08/15/2023 13:41:28 - DEBUG - __main__ -   pred: 3
08/15/2023 13:41:28 - DEBUG - __main__ -   label: 3
08/15/2023 13:41:28 - DEBUG - __main__ -   pred: 5
08/15/2023 13:41:28 - DEBUG - __main__ -   label: 5
08/15/2023 13:41:28 - DEBUG - __main__ -   pred: 5
08/15/2023 13:41:28 - DEBUG - __main__ -   label: 4
08/15/2023 13:41:28 - DEBUG - __main__ -   pred: 5
08/15/2023 13:41:28 - DEBUG - __main__ -   label: 5
08/15/2023 13:41:28 - DEBUG - __main__ -   pred: 5
08/15/2023 13:41:28 - DEBUG - __main__ -   label: 3
08/15/2023 13:41:28 - DEBUG - __main__ -   pred: 4
08/15/2023 13:41:28 - DEBUG - __main__ -   label: 3
08/15/2023 13:41:28 - DEBUG - __main__ -   pred: 3
08/15/2023 13:41:28 - DEBUG - __main__ -   label: 4
08/15/2023 13:41:28 - DEBUG - __main__ -   pred: 3
08/15/2023 13:41:28 - DEBUG - __main__ -   label: 3
08/15/2023 13:41:28 - DEBUG - __main__ -   pred: 3
08/15/2023 13:41:28 - DEBUG - __main__ -   label: 3
08/15/2023 13:41:28 - DEBUG - __main__ -   pred: 3
08/15/2023 13:41:28 - DEBUG - __main__ -   label: 3
08/15/2023 13:41:28 - DEBUG - __main__ -   pred: 3
08/15/2023 13:41:28 - DEBUG - __main__ -   label: 4
08/15/2023 13:41:28 - DEBUG - __main__ -   pred: 5
08/15/2023 13:41:28 - DEBUG - __main__ -   label: 3
08/15/2023 13:41:28 - DEBUG - __main__ -   pred: 3
08/15/2023 13:41:28 - DEBUG - __main__ -   label: 5
08/15/2023 13:41:28 - DEBUG - __main__ -   pred: 4
08/15/2023 13:41:28 - DEBUG - __main__ -   label: 5
08/15/2023 13:41:28 - DEBUG - __main__ -   pred: 5
08/15/2023 13:41:28 - DEBUG - __main__ -   label: 4
08/15/2023 13:41:28 - DEBUG - __main__ -   pred: 3
08/15/2023 13:41:28 - DEBUG - __main__ -   label: 2
08/15/2023 13:41:28 - DEBUG - __main__ -   pred: 3
08/15/2023 13:41:28 - DEBUG - __main__ -   label: 5
08/15/2023 13:41:28 - DEBUG - __main__ -   pred: 3
08/15/2023 13:41:28 - DEBUG - __main__ -   label: 4
08/15/2023 13:41:28 - DEBUG - __main__ -   pred: 3
08/15/2023 13:41:28 - DEBUG - __main__ -   label: 5
08/15/2023 13:41:28 - DEBUG - __main__ -   pred: 4
08/15/2023 13:41:28 - DEBUG - __main__ -   label: 6
08/15/2023 13:41:28 - DEBUG - __main__ -   pred: 3
08/15/2023 13:41:28 - DEBUG - __main__ -   label: 5
08/15/2023 13:41:28 - DEBUG - __main__ -   pred: 5
08/15/2023 13:41:28 - DEBUG - __main__ -   label: 2
08/15/2023 13:41:28 - DEBUG - __main__ -   pred: 2
08/15/2023 13:41:28 - DEBUG - __main__ -   label: 2
08/15/2023 13:41:28 - DEBUG - __main__ -   pred: 4
08/15/2023 13:41:28 - DEBUG - __main__ -   label: 3
08/15/2023 13:41:28 - DEBUG - __main__ -   pred: 3
08/15/2023 13:41:28 - DEBUG - __main__ -   label: 4
08/15/2023 13:41:28 - DEBUG - __main__ -   pred: 3
08/15/2023 13:41:28 - DEBUG - __main__ -   label: 3
08/15/2023 13:41:28 - DEBUG - __main__ -   pred: 3
08/15/2023 13:41:28 - DEBUG - __main__ -   label: 4
08/15/2023 13:41:28 - DEBUG - __main__ -   pred: 5
08/15/2023 13:41:28 - DEBUG - __main__ -   label: 4
08/15/2023 13:41:28 - DEBUG - __main__ -   pred: 5
08/15/2023 13:41:28 - DEBUG - __main__ -   label: 6
08/15/2023 13:41:28 - DEBUG - __main__ -   pred: 5
08/15/2023 13:41:28 - DEBUG - __main__ -   label: 2
08/15/2023 13:41:28 - DEBUG - __main__ -   pred: 3
08/15/2023 13:41:28 - DEBUG - __main__ -   label: 3
08/15/2023 13:41:28 - DEBUG - __main__ -   pred: 4
08/15/2023 13:41:28 - DEBUG - __main__ -   label: 4
08/15/2023 13:41:28 - DEBUG - __main__ -   pred: 3
08/15/2023 13:41:28 - DEBUG - __main__ -   label: 2
08/15/2023 13:41:28 - DEBUG - __main__ -   pred: 3
08/15/2023 13:41:28 - DEBUG - __main__ -   label: 4
08/15/2023 13:41:28 - DEBUG - __main__ -   pred: 4
08/15/2023 13:41:28 - DEBUG - __main__ -   label: 3
08/15/2023 13:41:28 - DEBUG - __main__ -   pred: 3
08/15/2023 13:41:28 - DEBUG - __main__ -   label: 3
08/15/2023 13:41:28 - DEBUG - __main__ -   pred: 3
08/15/2023 13:41:28 - DEBUG - __main__ -   label: 3
08/15/2023 13:41:28 - DEBUG - __main__ -   pred: 3
08/15/2023 13:41:28 - DEBUG - __main__ -   label: 5
08/15/2023 13:41:28 - DEBUG - __main__ -   pred: 4
08/15/2023 13:41:28 - DEBUG - __main__ -   label: 4
08/15/2023 13:41:28 - DEBUG - __main__ -   pred: 5
08/15/2023 13:41:28 - DEBUG - __main__ -   label: 5
08/15/2023 13:41:28 - DEBUG - __main__ -   pred: 5
08/15/2023 13:41:28 - DEBUG - __main__ -   label: 4
08/15/2023 13:41:28 - DEBUG - __main__ -   pred: 4
08/15/2023 13:41:28 - DEBUG - __main__ -   label: 4
08/15/2023 13:41:28 - DEBUG - __main__ -   pred: 4
08/15/2023 13:41:28 - DEBUG - __main__ -   label: 5
08/15/2023 13:41:28 - DEBUG - __main__ -   pred: 5
08/15/2023 13:41:28 - DEBUG - __main__ -   label: 5
08/15/2023 13:41:28 - DEBUG - __main__ -   pred: 5
08/15/2023 13:41:28 - DEBUG - __main__ -   label: 3
08/15/2023 13:41:28 - DEBUG - __main__ -   pred: 3
08/15/2023 13:41:28 - DEBUG - __main__ -   label: 3
08/15/2023 13:41:28 - DEBUG - __main__ -   pred: 3
08/15/2023 13:41:28 - DEBUG - __main__ -   label: 5
08/15/2023 13:41:28 - DEBUG - __main__ -   pred: 5
08/15/2023 13:41:28 - DEBUG - __main__ -   label: 1
08/15/2023 13:41:28 - DEBUG - __main__ -   pred: 2
08/15/2023 13:41:28 - DEBUG - __main__ -   label: 3
08/15/2023 13:41:28 - DEBUG - __main__ -   pred: 3
08/15/2023 13:41:28 - DEBUG - __main__ -   label: 6
08/15/2023 13:41:28 - DEBUG - __main__ -   pred: 5
08/15/2023 13:41:28 - DEBUG - __main__ -   label: 3
08/15/2023 13:41:28 - DEBUG - __main__ -   pred: 4
08/15/2023 13:41:28 - DEBUG - __main__ -   label: 3
08/15/2023 13:41:28 - DEBUG - __main__ -   pred: 3
08/15/2023 13:41:28 - DEBUG - __main__ -   label: 2
08/15/2023 13:41:28 - DEBUG - __main__ -   pred: 3
08/15/2023 13:41:28 - DEBUG - __main__ -   label: 3
08/15/2023 13:41:28 - DEBUG - __main__ -   pred: 3
08/15/2023 13:41:28 - DEBUG - __main__ -   label: 2
08/15/2023 13:41:28 - DEBUG - __main__ -   pred: 3
08/15/2023 13:41:28 - DEBUG - __main__ -   label: 1
08/15/2023 13:41:28 - DEBUG - __main__ -   pred: 2
08/15/2023 13:41:28 - DEBUG - __main__ -   label: 3
08/15/2023 13:41:28 - DEBUG - __main__ -   pred: 5
08/15/2023 13:41:28 - DEBUG - __main__ -   label: 4
08/15/2023 13:41:28 - DEBUG - __main__ -   pred: 5
08/15/2023 13:41:28 - DEBUG - __main__ -   label: 5
08/15/2023 13:41:28 - DEBUG - __main__ -   pred: 5
08/15/2023 13:41:28 - DEBUG - __main__ -   label: 2
08/15/2023 13:41:28 - DEBUG - __main__ -   pred: 2
08/15/2023 13:41:28 - DEBUG - __main__ -   label: 2
08/15/2023 13:41:28 - DEBUG - __main__ -   pred: 2
08/15/2023 13:41:28 - DEBUG - __main__ -   label: 1
08/15/2023 13:41:28 - DEBUG - __main__ -   pred: 2
08/15/2023 13:41:28 - DEBUG - __main__ -   label: 1
08/15/2023 13:41:28 - DEBUG - __main__ -   pred: 2
08/15/2023 13:41:28 - DEBUG - __main__ -   label: 2
08/15/2023 13:41:28 - DEBUG - __main__ -   pred: 3
08/15/2023 13:41:28 - DEBUG - __main__ -   label: 1
08/15/2023 13:41:28 - DEBUG - __main__ -   pred: 2
08/15/2023 13:41:28 - DEBUG - __main__ -   label: 1
08/15/2023 13:41:28 - DEBUG - __main__ -   pred: 2
08/15/2023 13:41:28 - DEBUG - __main__ -   label: 2
08/15/2023 13:41:28 - DEBUG - __main__ -   pred: 2
08/15/2023 13:41:28 - DEBUG - __main__ -   label: 2
08/15/2023 13:41:28 - DEBUG - __main__ -   pred: 1
08/15/2023 13:41:28 - DEBUG - __main__ -   label: 2
08/15/2023 13:41:28 - DEBUG - __main__ -   pred: 2
08/15/2023 13:41:28 - DEBUG - __main__ -   label: 2
08/15/2023 13:41:28 - DEBUG - __main__ -   pred: 2
08/15/2023 13:41:28 - DEBUG - __main__ -   label: 2
08/15/2023 13:41:28 - DEBUG - __main__ -   pred: 2
08/15/2023 13:41:28 - DEBUG - __main__ -   label: 2
08/15/2023 13:41:28 - DEBUG - __main__ -   pred: 2
08/15/2023 13:41:28 - DEBUG - __main__ -   label: 2
08/15/2023 13:41:28 - DEBUG - __main__ -   pred: 1
08/15/2023 13:41:28 - DEBUG - __main__ -   label: 2
08/15/2023 13:41:28 - DEBUG - __main__ -   pred: 2
08/15/2023 13:41:28 - DEBUG - __main__ -   label: 2
08/15/2023 13:41:28 - DEBUG - __main__ -   pred: 2
08/15/2023 13:41:28 - DEBUG - __main__ -   label: 6
08/15/2023 13:41:28 - DEBUG - __main__ -   pred: 5
08/15/2023 13:41:28 - DEBUG - __main__ -   label: 5
08/15/2023 13:41:28 - DEBUG - __main__ -   pred: 4
08/15/2023 13:41:28 - DEBUG - __main__ -   label: 2
08/15/2023 13:41:28 - DEBUG - __main__ -   pred: 3
08/15/2023 13:41:28 - DEBUG - __main__ -   label: 3
08/15/2023 13:41:28 - DEBUG - __main__ -   pred: 3
08/15/2023 13:41:28 - DEBUG - __main__ -   label: 3
08/15/2023 13:41:28 - DEBUG - __main__ -   pred: 2
08/15/2023 13:41:28 - DEBUG - __main__ -   label: 2
08/15/2023 13:41:28 - DEBUG - __main__ -   pred: 3
08/15/2023 13:41:28 - DEBUG - __main__ -   label: 5
08/15/2023 13:41:28 - DEBUG - __main__ -   pred: 5
08/15/2023 13:41:28 - DEBUG - __main__ -   label: 5
08/15/2023 13:41:28 - DEBUG - __main__ -   pred: 5
08/15/2023 13:41:28 - DEBUG - __main__ -   label: 6
08/15/2023 13:41:28 - DEBUG - __main__ -   pred: 5
08/15/2023 13:41:28 - DEBUG - __main__ -   label: 5
08/15/2023 13:41:28 - DEBUG - __main__ -   pred: 5
08/15/2023 13:41:28 - DEBUG - __main__ -   label: 4
08/15/2023 13:41:28 - DEBUG - __main__ -   pred: 3
08/15/2023 13:41:28 - DEBUG - __main__ -   label: 5
08/15/2023 13:41:28 - DEBUG - __main__ -   pred: 5
08/15/2023 13:41:28 - DEBUG - __main__ -   label: 2
08/15/2023 13:41:28 - DEBUG - __main__ -   pred: 2
08/15/2023 13:41:28 - DEBUG - __main__ -   label: 2
08/15/2023 13:41:28 - DEBUG - __main__ -   pred: 2
08/15/2023 13:41:28 - DEBUG - __main__ -   label: 1
08/15/2023 13:41:28 - DEBUG - __main__ -   pred: 1
08/15/2023 13:41:28 - DEBUG - __main__ -   label: 1
08/15/2023 13:41:28 - DEBUG - __main__ -   pred: 2
08/15/2023 13:41:28 - DEBUG - __main__ -   label: 1
08/15/2023 13:41:28 - DEBUG - __main__ -   pred: 1
08/15/2023 13:41:28 - DEBUG - __main__ -   label: 1
08/15/2023 13:41:28 - DEBUG - __main__ -   pred: 2
08/15/2023 13:41:28 - DEBUG - __main__ -   label: 1
08/15/2023 13:41:28 - DEBUG - __main__ -   pred: 1
08/15/2023 13:41:28 - DEBUG - __main__ -   label: 1
08/15/2023 13:41:28 - DEBUG - __main__ -   pred: 2
08/15/2023 13:41:28 - DEBUG - __main__ -   label: 4
08/15/2023 13:41:28 - DEBUG - __main__ -   pred: 5
08/15/2023 13:41:28 - DEBUG - __main__ -   label: 6
08/15/2023 13:41:28 - DEBUG - __main__ -   pred: 5
08/15/2023 13:41:28 - DEBUG - __main__ -   label: 4
08/15/2023 13:41:28 - DEBUG - __main__ -   pred: 5
08/15/2023 13:41:28 - DEBUG - __main__ -   label: 3
08/15/2023 13:41:28 - DEBUG - __main__ -   pred: 2
08/15/2023 13:41:28 - DEBUG - __main__ -   label: 2
08/15/2023 13:41:28 - DEBUG - __main__ -   pred: 1
08/15/2023 13:41:28 - DEBUG - __main__ -   label: 3
08/15/2023 13:41:28 - DEBUG - __main__ -   pred: 3
08/15/2023 13:41:28 - DEBUG - __main__ -   label: 5
08/15/2023 13:41:28 - DEBUG - __main__ -   pred: 5
08/15/2023 13:41:28 - DEBUG - __main__ -   label: 4
08/15/2023 13:41:28 - DEBUG - __main__ -   pred: 5
08/15/2023 13:41:28 - DEBUG - __main__ -   label: 4
08/15/2023 13:41:28 - DEBUG - __main__ -   pred: 3
08/15/2023 13:41:28 - DEBUG - __main__ -   label: 6
08/15/2023 13:41:28 - DEBUG - __main__ -   pred: 5
08/15/2023 13:41:28 - DEBUG - __main__ -   label: 5
08/15/2023 13:41:28 - DEBUG - __main__ -   pred: 4
08/15/2023 13:41:28 - DEBUG - __main__ -   label: 4
08/15/2023 13:41:28 - DEBUG - __main__ -   pred: 4
08/15/2023 13:41:28 - DEBUG - __main__ -   label: 5
08/15/2023 13:41:28 - DEBUG - __main__ -   pred: 5
08/15/2023 13:41:28 - DEBUG - __main__ -   label: 4
08/15/2023 13:41:28 - DEBUG - __main__ -   pred: 4
08/15/2023 13:41:28 - DEBUG - __main__ -   label: 4
08/15/2023 13:41:28 - DEBUG - __main__ -   pred: 5
08/15/2023 13:41:28 - DEBUG - __main__ -   label: 4
08/15/2023 13:41:28 - DEBUG - __main__ -   pred: 5
08/15/2023 13:41:28 - DEBUG - __main__ -   label: 4
08/15/2023 13:41:28 - DEBUG - __main__ -   pred: 3
08/15/2023 13:41:28 - DEBUG - __main__ -   label: 4
08/15/2023 13:41:28 - DEBUG - __main__ -   pred: 5
08/15/2023 13:41:28 - DEBUG - __main__ -   label: 5
08/15/2023 13:41:28 - DEBUG - __main__ -   pred: 5
08/15/2023 13:41:28 - DEBUG - __main__ -   label: 5
08/15/2023 13:41:28 - DEBUG - __main__ -   pred: 5
08/15/2023 13:41:28 - DEBUG - __main__ -   label: 4
08/15/2023 13:41:28 - DEBUG - __main__ -   pred: 5
08/15/2023 13:41:28 - DEBUG - __main__ -   label: 3
08/15/2023 13:41:28 - DEBUG - __main__ -   pred: 3
08/15/2023 13:41:28 - DEBUG - __main__ -   label: 4
08/15/2023 13:41:28 - DEBUG - __main__ -   pred: 3
08/15/2023 13:41:28 - DEBUG - __main__ -   label: 3
08/15/2023 13:41:28 - DEBUG - __main__ -   pred: 2
08/15/2023 13:41:28 - DEBUG - __main__ -   label: 3
08/15/2023 13:41:28 - DEBUG - __main__ -   pred: 2
08/15/2023 13:41:28 - DEBUG - __main__ -   label: 2
08/15/2023 13:41:28 - DEBUG - __main__ -   pred: 2
08/15/2023 13:41:28 - DEBUG - __main__ -   label: 2
08/15/2023 13:41:28 - DEBUG - __main__ -   pred: 2
08/15/2023 13:41:28 - DEBUG - __main__ -   label: 3
08/15/2023 13:41:28 - DEBUG - __main__ -   pred: 3
08/15/2023 13:41:28 - DEBUG - __main__ -   label: 2
08/15/2023 13:41:28 - DEBUG - __main__ -   pred: 2
08/15/2023 13:41:28 - DEBUG - __main__ -   label: 1
08/15/2023 13:41:28 - DEBUG - __main__ -   pred: 2
08/15/2023 13:41:28 - DEBUG - __main__ -   label: 2
08/15/2023 13:41:28 - DEBUG - __main__ -   pred: 1
08/15/2023 13:41:28 - DEBUG - __main__ -   label: 3
08/15/2023 13:41:28 - DEBUG - __main__ -   pred: 2
08/15/2023 13:41:28 - DEBUG - __main__ -   label: 1
08/15/2023 13:41:28 - DEBUG - __main__ -   pred: 1
08/15/2023 13:41:28 - DEBUG - __main__ -   label: 2
08/15/2023 13:41:28 - DEBUG - __main__ -   pred: 2
08/15/2023 13:41:28 - DEBUG - __main__ -   label: 1
08/15/2023 13:41:28 - DEBUG - __main__ -   pred: 2
08/15/2023 13:41:28 - DEBUG - __main__ -   label: 1
08/15/2023 13:41:28 - DEBUG - __main__ -   pred: 2
08/15/2023 13:41:28 - DEBUG - __main__ -   label: 2
08/15/2023 13:41:28 - DEBUG - __main__ -   pred: 2
08/15/2023 13:41:28 - DEBUG - __main__ -   label: 2
08/15/2023 13:41:28 - DEBUG - __main__ -   pred: 2
08/15/2023 13:41:28 - DEBUG - __main__ -   label: 3
08/15/2023 13:41:28 - DEBUG - __main__ -   pred: 3
08/15/2023 13:41:28 - DEBUG - __main__ -   label: 3
08/15/2023 13:41:28 - DEBUG - __main__ -   pred: 3
08/15/2023 13:41:28 - DEBUG - __main__ -   label: 3
08/15/2023 13:41:28 - DEBUG - __main__ -   pred: 3
08/15/2023 13:41:28 - DEBUG - __main__ -   label: 4
08/15/2023 13:41:28 - DEBUG - __main__ -   pred: 3
08/15/2023 13:41:28 - DEBUG - __main__ -   label: 5
08/15/2023 13:41:28 - DEBUG - __main__ -   pred: 5
08/15/2023 13:41:28 - DEBUG - __main__ -   label: 6
08/15/2023 13:41:28 - DEBUG - __main__ -   pred: 5
08/15/2023 13:41:28 - DEBUG - __main__ -   label: 3
08/15/2023 13:41:28 - DEBUG - __main__ -   pred: 3
08/15/2023 13:41:28 - DEBUG - __main__ -   label: 5
08/15/2023 13:41:28 - DEBUG - __main__ -   pred: 5
08/15/2023 13:41:28 - DEBUG - __main__ -   label: 6
08/15/2023 13:41:28 - DEBUG - __main__ -   pred: 5
08/15/2023 13:41:28 - DEBUG - __main__ -   label: 2
08/15/2023 13:41:28 - DEBUG - __main__ -   pred: 5
08/15/2023 13:41:28 - DEBUG - __main__ -   label: 5
08/15/2023 13:41:28 - DEBUG - __main__ -   pred: 5
08/15/2023 13:41:28 - DEBUG - __main__ -   label: 5
08/15/2023 13:41:28 - DEBUG - __main__ -   pred: 5
08/15/2023 13:41:28 - DEBUG - __main__ -   label: 3
08/15/2023 13:41:28 - DEBUG - __main__ -   pred: 2
08/15/2023 13:41:28 - DEBUG - __main__ -   label: 3
08/15/2023 13:41:28 - DEBUG - __main__ -   pred: 2
08/15/2023 13:41:28 - DEBUG - __main__ -   label: 2
08/15/2023 13:41:28 - DEBUG - __main__ -   pred: 2
08/15/2023 13:41:28 - DEBUG - __main__ -   label: 2
08/15/2023 13:41:28 - DEBUG - __main__ -   pred: 1
08/15/2023 13:41:28 - DEBUG - __main__ -   label: 3
08/15/2023 13:41:28 - DEBUG - __main__ -   pred: 2
08/15/2023 13:41:28 - DEBUG - __main__ -   label: 2
08/15/2023 13:41:28 - DEBUG - __main__ -   pred: 1
08/15/2023 13:41:28 - DEBUG - __main__ -   label: 3
08/15/2023 13:41:28 - DEBUG - __main__ -   pred: 2
08/15/2023 13:41:28 - DEBUG - __main__ -   label: 2
08/15/2023 13:41:28 - DEBUG - __main__ -   pred: 2
08/15/2023 13:41:28 - DEBUG - __main__ -   label: 2
08/15/2023 13:41:28 - DEBUG - __main__ -   pred: 2
08/15/2023 13:41:28 - DEBUG - __main__ -   label: 3
08/15/2023 13:41:28 - DEBUG - __main__ -   pred: 1
08/15/2023 13:41:28 - DEBUG - __main__ -   label: 3
08/15/2023 13:41:28 - DEBUG - __main__ -   pred: 2
08/15/2023 13:41:28 - DEBUG - __main__ -   label: 3
08/15/2023 13:41:28 - DEBUG - __main__ -   pred: 2
08/15/2023 13:41:28 - DEBUG - __main__ -   label: 4
08/15/2023 13:41:28 - DEBUG - __main__ -   pred: 2
08/15/2023 13:41:28 - DEBUG - __main__ -   label: 3
08/15/2023 13:41:28 - DEBUG - __main__ -   pred: 1
08/15/2023 13:41:28 - DEBUG - __main__ -   label: 2
08/15/2023 13:41:28 - DEBUG - __main__ -   pred: 2
08/15/2023 13:41:28 - DEBUG - __main__ -   label: 3
08/15/2023 13:41:28 - DEBUG - __main__ -   pred: 1
08/15/2023 13:41:28 - DEBUG - __main__ -   label: 2
08/15/2023 13:41:28 - DEBUG - __main__ -   pred: 1
08/15/2023 13:41:28 - DEBUG - __main__ -   label: 3
08/15/2023 13:41:28 - DEBUG - __main__ -   pred: 1
08/15/2023 13:41:28 - DEBUG - __main__ -   label: 4
08/15/2023 13:41:28 - DEBUG - __main__ -   pred: 2
08/15/2023 13:41:28 - DEBUG - __main__ -   label: 2
08/15/2023 13:41:28 - DEBUG - __main__ -   pred: 2
08/15/2023 13:41:28 - DEBUG - __main__ -   label: 2
08/15/2023 13:41:28 - DEBUG - __main__ -   pred: 2
08/15/2023 13:41:28 - DEBUG - __main__ -   label: 2
08/15/2023 13:41:28 - DEBUG - __main__ -   pred: 2
08/15/2023 13:41:28 - DEBUG - __main__ -   label: 5
08/15/2023 13:41:28 - DEBUG - __main__ -   pred: 3
08/15/2023 13:41:28 - DEBUG - __main__ -   label: 4
08/15/2023 13:41:28 - DEBUG - __main__ -   pred: 4
08/15/2023 13:41:28 - DEBUG - __main__ -   label: 6
08/15/2023 13:41:28 - DEBUG - __main__ -   pred: 5
08/15/2023 13:41:28 - DEBUG - __main__ -   label: 4
08/15/2023 13:41:28 - DEBUG - __main__ -   pred: 3
08/15/2023 13:41:28 - DEBUG - __main__ -   label: 6
08/15/2023 13:41:28 - DEBUG - __main__ -   pred: 5
08/15/2023 13:41:28 - DEBUG - __main__ -   label: 6
08/15/2023 13:41:28 - DEBUG - __main__ -   pred: 5
08/15/2023 13:41:28 - DEBUG - __main__ -   label: 5
08/15/2023 13:41:28 - DEBUG - __main__ -   pred: 5
08/15/2023 13:41:28 - DEBUG - __main__ -   label: 5
08/15/2023 13:41:28 - DEBUG - __main__ -   pred: 5
08/15/2023 13:41:28 - DEBUG - __main__ -   label: 5
08/15/2023 13:41:28 - DEBUG - __main__ -   pred: 5
08/15/2023 13:41:28 - DEBUG - __main__ -   label: 5
08/15/2023 13:41:28 - DEBUG - __main__ -   pred: 5
08/15/2023 13:41:28 - DEBUG - __main__ -   label: 5
08/15/2023 13:41:28 - DEBUG - __main__ -   pred: 4
08/15/2023 13:41:28 - DEBUG - __main__ -   label: 5
08/15/2023 13:41:28 - DEBUG - __main__ -   pred: 5
08/15/2023 13:41:28 - DEBUG - __main__ -   label: 5
08/15/2023 13:41:28 - DEBUG - __main__ -   pred: 5
08/15/2023 13:41:28 - DEBUG - __main__ -   label: 5
08/15/2023 13:41:28 - DEBUG - __main__ -   pred: 5
08/15/2023 13:41:28 - DEBUG - __main__ -   label: 3
08/15/2023 13:41:28 - DEBUG - __main__ -   pred: 3
08/15/2023 13:41:28 - DEBUG - __main__ -   label: 5
08/15/2023 13:41:28 - DEBUG - __main__ -   pred: 4
08/15/2023 13:41:28 - DEBUG - __main__ -   label: 5
08/15/2023 13:41:28 - DEBUG - __main__ -   pred: 5
08/15/2023 13:41:28 - DEBUG - __main__ -   label: 5
08/15/2023 13:41:28 - DEBUG - __main__ -   pred: 5
08/15/2023 13:41:28 - DEBUG - __main__ -   label: 2
08/15/2023 13:41:28 - DEBUG - __main__ -   pred: 2
08/15/2023 13:41:28 - DEBUG - __main__ -   label: 2
08/15/2023 13:41:28 - DEBUG - __main__ -   pred: 2
08/15/2023 13:41:28 - DEBUG - __main__ -   label: 1
08/15/2023 13:41:28 - DEBUG - __main__ -   pred: 2
08/15/2023 13:41:28 - DEBUG - __main__ -   label: 2
08/15/2023 13:41:28 - DEBUG - __main__ -   pred: 2
08/15/2023 13:41:28 - DEBUG - __main__ -   label: 1
08/15/2023 13:41:28 - DEBUG - __main__ -   pred: 2
08/15/2023 13:41:28 - DEBUG - __main__ -   label: 2
08/15/2023 13:41:28 - DEBUG - __main__ -   pred: 2
08/15/2023 13:41:28 - DEBUG - __main__ -   label: 4
08/15/2023 13:41:28 - DEBUG - __main__ -   pred: 4
08/15/2023 13:41:28 - DEBUG - __main__ -   label: 4
08/15/2023 13:41:28 - DEBUG - __main__ -   pred: 4
08/15/2023 13:41:28 - DEBUG - __main__ -   label: 5
08/15/2023 13:41:28 - DEBUG - __main__ -   pred: 5
08/15/2023 13:41:28 - DEBUG - __main__ -   label: 5
08/15/2023 13:41:28 - DEBUG - __main__ -   pred: 5
08/15/2023 13:41:28 - DEBUG - __main__ -   label: 3
08/15/2023 13:41:28 - DEBUG - __main__ -   pred: 5
08/15/2023 13:41:28 - DEBUG - __main__ -   label: 3
08/15/2023 13:41:28 - DEBUG - __main__ -   pred: 3
08/15/2023 13:41:28 - DEBUG - __main__ -   label: 4
08/15/2023 13:41:28 - DEBUG - __main__ -   pred: 5
08/15/2023 13:41:28 - DEBUG - __main__ -   label: 4
08/15/2023 13:41:28 - DEBUG - __main__ -   pred: 5
08/15/2023 13:41:28 - DEBUG - __main__ -   label: 5
08/15/2023 13:41:28 - DEBUG - __main__ -   pred: 4
08/15/2023 13:41:28 - DEBUG - __main__ -   label: 6
08/15/2023 13:41:28 - DEBUG - __main__ -   pred: 5
08/15/2023 13:41:28 - DEBUG - __main__ -   label: 4
08/15/2023 13:41:28 - DEBUG - __main__ -   pred: 4
08/15/2023 13:41:28 - DEBUG - __main__ -   label: 4
08/15/2023 13:41:28 - DEBUG - __main__ -   pred: 4
08/15/2023 13:41:28 - DEBUG - __main__ -   label: 4
08/15/2023 13:41:28 - DEBUG - __main__ -   pred: 5
08/15/2023 13:41:28 - DEBUG - __main__ -   label: 4
08/15/2023 13:41:28 - DEBUG - __main__ -   pred: 4
08/15/2023 13:41:28 - DEBUG - __main__ -   label: 4
08/15/2023 13:41:28 - DEBUG - __main__ -   pred: 3
08/15/2023 13:41:28 - DEBUG - __main__ -   label: 4
08/15/2023 13:41:28 - DEBUG - __main__ -   pred: 4
08/15/2023 13:41:28 - DEBUG - __main__ -   label: 4
08/15/2023 13:41:28 - DEBUG - __main__ -   pred: 4
08/15/2023 13:41:28 - DEBUG - __main__ -   label: 4
08/15/2023 13:41:28 - DEBUG - __main__ -   pred: 5
08/15/2023 13:41:28 - DEBUG - __main__ -   label: 5
08/15/2023 13:41:28 - DEBUG - __main__ -   pred: 5
08/15/2023 13:41:28 - DEBUG - __main__ -   label: 4
08/15/2023 13:41:28 - DEBUG - __main__ -   pred: 3
08/15/2023 13:41:28 - DEBUG - __main__ -   label: 3
08/15/2023 13:41:28 - DEBUG - __main__ -   pred: 3
08/15/2023 13:41:28 - DEBUG - __main__ -   label: 4
08/15/2023 13:41:28 - DEBUG - __main__ -   pred: 4
08/15/2023 13:41:28 - DEBUG - __main__ -   label: 3
08/15/2023 13:41:28 - DEBUG - __main__ -   pred: 4
08/15/2023 13:41:28 - DEBUG - __main__ -   label: 5
08/15/2023 13:41:28 - DEBUG - __main__ -   pred: 5
08/15/2023 13:41:28 - DEBUG - __main__ -   label: 4
08/15/2023 13:41:28 - DEBUG - __main__ -   pred: 5
08/15/2023 13:41:28 - DEBUG - __main__ -   label: 4
08/15/2023 13:41:28 - DEBUG - __main__ -   pred: 5
08/15/2023 13:41:28 - DEBUG - __main__ -   label: 3
08/15/2023 13:41:28 - DEBUG - __main__ -   pred: 4
08/15/2023 13:41:28 - DEBUG - __main__ -   label: 6
08/15/2023 13:41:28 - DEBUG - __main__ -   pred: 5
08/15/2023 13:41:28 - DEBUG - __main__ -   label: 4
08/15/2023 13:41:28 - DEBUG - __main__ -   pred: 3
08/15/2023 13:41:28 - DEBUG - __main__ -   label: 3
08/15/2023 13:41:28 - DEBUG - __main__ -   pred: 2
08/15/2023 13:41:28 - DEBUG - __main__ -   label: 3
08/15/2023 13:41:28 - DEBUG - __main__ -   pred: 2
08/15/2023 13:41:28 - DEBUG - __main__ -   label: 2
08/15/2023 13:41:28 - DEBUG - __main__ -   pred: 3
08/15/2023 13:41:28 - DEBUG - __main__ -   label: 2
08/15/2023 13:41:28 - DEBUG - __main__ -   pred: 2
08/15/2023 13:41:28 - DEBUG - __main__ -   label: 2
08/15/2023 13:41:28 - DEBUG - __main__ -   pred: 1
08/15/2023 13:41:28 - DEBUG - __main__ -   label: 2
08/15/2023 13:41:28 - DEBUG - __main__ -   pred: 2
08/15/2023 13:41:28 - DEBUG - __main__ -   label: 2
08/15/2023 13:41:28 - DEBUG - __main__ -   pred: 1
08/15/2023 13:41:28 - DEBUG - __main__ -   label: 3
08/15/2023 13:41:28 - DEBUG - __main__ -   pred: 2
08/15/2023 13:41:28 - DEBUG - __main__ -   label: 3
08/15/2023 13:41:28 - DEBUG - __main__ -   pred: 1
08/15/2023 13:41:28 - DEBUG - __main__ -   label: 2
08/15/2023 13:41:28 - DEBUG - __main__ -   pred: 1
08/15/2023 13:41:28 - DEBUG - __main__ -   label: 2
08/15/2023 13:41:28 - DEBUG - __main__ -   pred: 2
08/15/2023 13:41:28 - DEBUG - __main__ -   label: 3
08/15/2023 13:41:28 - DEBUG - __main__ -   pred: 2
08/15/2023 13:41:28 - DEBUG - __main__ -   label: 4
08/15/2023 13:41:28 - DEBUG - __main__ -   pred: 5
08/15/2023 13:41:28 - DEBUG - __main__ -   label: 3
08/15/2023 13:41:28 - DEBUG - __main__ -   pred: 3
08/15/2023 13:41:28 - DEBUG - __main__ -   label: 3
08/15/2023 13:41:28 - DEBUG - __main__ -   pred: 4
08/15/2023 13:41:28 - DEBUG - __main__ -   label: 4
08/15/2023 13:41:28 - DEBUG - __main__ -   pred: 5
08/15/2023 13:41:28 - DEBUG - __main__ -   label: 4
08/15/2023 13:41:28 - DEBUG - __main__ -   pred: 5
08/15/2023 13:41:28 - DEBUG - __main__ -   label: 4
08/15/2023 13:41:28 - DEBUG - __main__ -   pred: 5
08/15/2023 13:41:28 - DEBUG - __main__ -   label: 2
08/15/2023 13:41:28 - DEBUG - __main__ -   pred: 2
08/15/2023 13:41:28 - DEBUG - __main__ -   label: 1
08/15/2023 13:41:28 - DEBUG - __main__ -   pred: 2
08/15/2023 13:41:28 - DEBUG - __main__ -   label: 1
08/15/2023 13:41:28 - DEBUG - __main__ -   pred: 1
08/15/2023 13:41:28 - DEBUG - __main__ -   label: 1
08/15/2023 13:41:28 - DEBUG - __main__ -   pred: 1
08/15/2023 13:41:28 - DEBUG - __main__ -   label: 2
08/15/2023 13:41:28 - DEBUG - __main__ -   pred: 1
08/15/2023 13:41:28 - DEBUG - __main__ -   label: 1
08/15/2023 13:41:28 - DEBUG - __main__ -   pred: 2
08/15/2023 13:41:28 - DEBUG - __main__ -   label: 2
08/15/2023 13:41:28 - DEBUG - __main__ -   pred: 2
08/15/2023 13:41:28 - DEBUG - __main__ -   label: 1
08/15/2023 13:41:28 - DEBUG - __main__ -   pred: 2
08/15/2023 13:41:28 - DEBUG - __main__ -   label: 4
08/15/2023 13:41:28 - DEBUG - __main__ -   pred: 5
08/15/2023 13:41:28 - DEBUG - __main__ -   label: 4
08/15/2023 13:41:28 - DEBUG - __main__ -   pred: 4
08/15/2023 13:41:28 - DEBUG - __main__ -   label: 4
08/15/2023 13:41:28 - DEBUG - __main__ -   pred: 4
08/15/2023 13:41:28 - DEBUG - __main__ -   label: 1
08/15/2023 13:41:28 - DEBUG - __main__ -   pred: 2
08/15/2023 13:41:28 - DEBUG - __main__ -   label: 2
08/15/2023 13:41:28 - DEBUG - __main__ -   pred: 2
08/15/2023 13:41:28 - DEBUG - __main__ -   label: 1
08/15/2023 13:41:28 - DEBUG - __main__ -   pred: 1
08/15/2023 13:41:28 - DEBUG - __main__ -   label: 0
08/15/2023 13:41:28 - DEBUG - __main__ -   pred: 2
08/15/2023 13:41:28 - DEBUG - __main__ -   label: 1
08/15/2023 13:41:28 - DEBUG - __main__ -   pred: 2
08/15/2023 13:41:28 - DEBUG - __main__ -   label: 1
08/15/2023 13:41:28 - DEBUG - __main__ -   pred: 1
08/15/2023 13:41:28 - DEBUG - __main__ -   label: 3
08/15/2023 13:41:28 - DEBUG - __main__ -   pred: 2
08/15/2023 13:41:28 - DEBUG - __main__ -   label: 1
08/15/2023 13:41:28 - DEBUG - __main__ -   pred: 2
08/15/2023 13:41:28 - DEBUG - __main__ -   label: 1
08/15/2023 13:41:28 - DEBUG - __main__ -   pred: 2
08/15/2023 13:41:28 - DEBUG - __main__ -   label: 2
08/15/2023 13:41:28 - DEBUG - __main__ -   pred: 2
08/15/2023 13:41:28 - DEBUG - __main__ -   label: 4
08/15/2023 13:41:28 - DEBUG - __main__ -   pred: 4
08/15/2023 13:41:28 - DEBUG - __main__ -   label: 5
08/15/2023 13:41:28 - DEBUG - __main__ -   pred: 3
08/15/2023 13:41:28 - DEBUG - __main__ -   label: 2
08/15/2023 13:41:28 - DEBUG - __main__ -   pred: 2
08/15/2023 13:41:28 - DEBUG - __main__ -   label: 1
08/15/2023 13:41:28 - DEBUG - __main__ -   pred: 2
08/15/2023 13:41:28 - DEBUG - __main__ -   label: 4
08/15/2023 13:41:28 - DEBUG - __main__ -   pred: 3
08/15/2023 13:41:28 - DEBUG - __main__ -   label: 2
08/15/2023 13:41:28 - DEBUG - __main__ -   pred: 1
08/15/2023 13:41:28 - DEBUG - __main__ -   label: 6
08/15/2023 13:41:28 - DEBUG - __main__ -   pred: 5
08/15/2023 13:41:28 - DEBUG - __main__ -   label: 5
08/15/2023 13:41:28 - DEBUG - __main__ -   pred: 5
08/15/2023 13:41:28 - DEBUG - __main__ -   label: 5
08/15/2023 13:41:28 - DEBUG - __main__ -   pred: 5
08/15/2023 13:41:28 - DEBUG - __main__ -   label: 5
08/15/2023 13:41:28 - DEBUG - __main__ -   pred: 3
08/15/2023 13:41:28 - DEBUG - __main__ -   label: 5
08/15/2023 13:41:28 - DEBUG - __main__ -   pred: 5
08/15/2023 13:41:28 - DEBUG - __main__ -   label: 4
08/15/2023 13:41:28 - DEBUG - __main__ -   pred: 3
08/15/2023 13:41:28 - DEBUG - __main__ -   label: 5
08/15/2023 13:41:28 - DEBUG - __main__ -   pred: 5
08/15/2023 13:41:28 - DEBUG - __main__ -   label: 5
08/15/2023 13:41:28 - DEBUG - __main__ -   pred: 5
08/15/2023 13:41:28 - DEBUG - __main__ -   label: 3
08/15/2023 13:41:28 - DEBUG - __main__ -   pred: 5
08/15/2023 13:41:28 - DEBUG - __main__ -   label: 2
08/15/2023 13:41:28 - DEBUG - __main__ -   pred: 2
08/15/2023 13:41:28 - DEBUG - __main__ -   label: 2
08/15/2023 13:41:28 - DEBUG - __main__ -   pred: 2
08/15/2023 13:41:28 - DEBUG - __main__ -   label: 0
08/15/2023 13:41:28 - DEBUG - __main__ -   pred: 1
08/15/2023 13:41:28 - DEBUG - __main__ -   label: 0
08/15/2023 13:41:28 - DEBUG - __main__ -   pred: 1
08/15/2023 13:41:28 - DEBUG - __main__ -   label: 1
08/15/2023 13:41:28 - DEBUG - __main__ -   pred: 2
08/15/2023 13:41:28 - DEBUG - __main__ -   label: 0
08/15/2023 13:41:28 - DEBUG - __main__ -   pred: 2
08/15/2023 13:41:28 - DEBUG - __main__ -   label: 0
08/15/2023 13:41:28 - DEBUG - __main__ -   pred: 2
08/15/2023 13:41:28 - DEBUG - __main__ -   label: 0
08/15/2023 13:41:28 - DEBUG - __main__ -   pred: 3
08/15/2023 13:41:28 - DEBUG - __main__ -   label: 0
08/15/2023 13:41:28 - DEBUG - __main__ -   pred: 2
08/15/2023 13:41:28 - DEBUG - __main__ -   label: 1
08/15/2023 13:41:28 - DEBUG - __main__ -   pred: 1
08/15/2023 13:41:28 - DEBUG - __main__ -   label: 0
08/15/2023 13:41:28 - DEBUG - __main__ -   pred: 2
08/15/2023 13:41:28 - DEBUG - __main__ -   label: 2
08/15/2023 13:41:28 - DEBUG - __main__ -   pred: 2
08/15/2023 13:41:28 - DEBUG - __main__ -   label: 1
08/15/2023 13:41:28 - DEBUG - __main__ -   pred: 1
08/15/2023 13:41:28 - DEBUG - __main__ -   label: 1
08/15/2023 13:41:28 - DEBUG - __main__ -   pred: 1
08/15/2023 13:41:28 - DEBUG - __main__ -   label: 1
08/15/2023 13:41:28 - DEBUG - __main__ -   pred: 1
08/15/2023 13:41:28 - DEBUG - __main__ -   label: 1
08/15/2023 13:41:28 - DEBUG - __main__ -   pred: 1
08/15/2023 13:41:28 - DEBUG - __main__ -   label: 1
08/15/2023 13:41:28 - DEBUG - __main__ -   pred: 2
08/15/2023 13:41:28 - DEBUG - __main__ -   label: 1
08/15/2023 13:41:28 - DEBUG - __main__ -   pred: 1
08/15/2023 13:41:28 - DEBUG - __main__ -   label: 1
08/15/2023 13:41:28 - DEBUG - __main__ -   pred: 2
08/15/2023 13:41:28 - DEBUG - __main__ -   label: 3
08/15/2023 13:41:28 - DEBUG - __main__ -   pred: 2
08/15/2023 13:41:28 - DEBUG - __main__ -   label: 2
08/15/2023 13:41:28 - DEBUG - __main__ -   pred: 2
08/15/2023 13:41:28 - DEBUG - __main__ -   label: 2
08/15/2023 13:41:28 - DEBUG - __main__ -   pred: 2
08/15/2023 13:41:28 - DEBUG - __main__ -   label: 5
08/15/2023 13:41:28 - DEBUG - __main__ -   pred: 5
08/15/2023 13:41:28 - DEBUG - __main__ -   label: 5
08/15/2023 13:41:28 - DEBUG - __main__ -   pred: 5
08/15/2023 13:41:28 - DEBUG - __main__ -   label: 4
08/15/2023 13:41:28 - DEBUG - __main__ -   pred: 5
08/15/2023 13:41:28 - DEBUG - __main__ -   label: 3
08/15/2023 13:41:28 - DEBUG - __main__ -   pred: 4
08/15/2023 13:41:28 - DEBUG - __main__ -   label: 3
08/15/2023 13:41:28 - DEBUG - __main__ -   pred: 4
08/15/2023 13:41:28 - DEBUG - __main__ -   label: 5
08/15/2023 13:41:28 - DEBUG - __main__ -   pred: 4
08/15/2023 13:41:28 - DEBUG - __main__ -   label: 2
08/15/2023 13:41:28 - DEBUG - __main__ -   pred: 2
08/15/2023 13:41:28 - DEBUG - __main__ -   label: 2
08/15/2023 13:41:28 - DEBUG - __main__ -   pred: 2
08/15/2023 13:41:28 - DEBUG - __main__ -   label: 1
08/15/2023 13:41:28 - DEBUG - __main__ -   pred: 2
08/15/2023 13:41:28 - DEBUG - __main__ -   label: 2
08/15/2023 13:41:28 - DEBUG - __main__ -   pred: 2
08/15/2023 13:41:28 - DEBUG - __main__ -   label: 1
08/15/2023 13:41:28 - DEBUG - __main__ -   pred: 1
08/15/2023 13:41:28 - DEBUG - __main__ -   label: 2
08/15/2023 13:41:28 - DEBUG - __main__ -   pred: 2
08/15/2023 13:41:28 - DEBUG - __main__ -   label: 2
08/15/2023 13:41:28 - DEBUG - __main__ -   pred: 2
08/15/2023 13:41:28 - DEBUG - __main__ -   label: 2
08/15/2023 13:41:28 - DEBUG - __main__ -   pred: 2
08/15/2023 13:41:28 - DEBUG - __main__ -   label: 5
08/15/2023 13:41:28 - DEBUG - __main__ -   pred: 5
08/15/2023 13:41:28 - DEBUG - __main__ -   label: 4
08/15/2023 13:41:28 - DEBUG - __main__ -   pred: 3
08/15/2023 13:41:28 - DEBUG - __main__ -   label: 3
08/15/2023 13:41:28 - DEBUG - __main__ -   pred: 5
08/15/2023 13:41:28 - DEBUG - __main__ -   label: 4
08/15/2023 13:41:28 - DEBUG - __main__ -   pred: 5
08/15/2023 13:41:28 - DEBUG - __main__ -   label: 4
08/15/2023 13:41:28 - DEBUG - __main__ -   pred: 5
08/15/2023 13:41:28 - DEBUG - __main__ -   label: 3
08/15/2023 13:41:28 - DEBUG - __main__ -   pred: 4
08/15/2023 13:41:28 - DEBUG - __main__ -   label: 4
08/15/2023 13:41:28 - DEBUG - __main__ -   pred: 5
08/15/2023 13:41:28 - DEBUG - __main__ -   label: 5
08/15/2023 13:41:28 - DEBUG - __main__ -   pred: 5
08/15/2023 13:41:28 - DEBUG - __main__ -   label: 2
08/15/2023 13:41:28 - DEBUG - __main__ -   pred: 2
08/15/2023 13:41:28 - DEBUG - __main__ -   label: 2
08/15/2023 13:41:28 - DEBUG - __main__ -   pred: 2
08/15/2023 13:41:28 - DEBUG - __main__ -   label: 1
08/15/2023 13:41:28 - DEBUG - __main__ -   pred: 1
08/15/2023 13:41:28 - DEBUG - __main__ -   label: 2
08/15/2023 13:41:28 - DEBUG - __main__ -   pred: 2
08/15/2023 13:41:28 - DEBUG - __main__ -   label: 2
08/15/2023 13:41:28 - DEBUG - __main__ -   pred: 2
08/15/2023 13:41:28 - DEBUG - __main__ -   label: 1
08/15/2023 13:41:28 - DEBUG - __main__ -   pred: 1
08/15/2023 13:41:28 - DEBUG - __main__ -   label: 2
08/15/2023 13:41:28 - DEBUG - __main__ -   pred: 1
08/15/2023 13:41:28 - DEBUG - __main__ -   label: 1
08/15/2023 13:41:28 - DEBUG - __main__ -   pred: 2
08/15/2023 13:41:28 - DEBUG - __main__ -   label: 2
08/15/2023 13:41:28 - DEBUG - __main__ -   pred: 2
08/15/2023 13:41:28 - DEBUG - __main__ -   label: 3
08/15/2023 13:41:28 - DEBUG - __main__ -   pred: 1
08/15/2023 13:41:28 - DEBUG - __main__ -   label: 2
08/15/2023 13:41:28 - DEBUG - __main__ -   pred: 2
08/15/2023 13:41:28 - DEBUG - __main__ -   label: 4
08/15/2023 13:41:28 - DEBUG - __main__ -   pred: 4
08/15/2023 13:41:28 - DEBUG - __main__ -   label: 2
08/15/2023 13:41:28 - DEBUG - __main__ -   pred: 2
08/15/2023 13:41:28 - DEBUG - __main__ -   label: 2
08/15/2023 13:41:28 - DEBUG - __main__ -   pred: 3
08/15/2023 13:41:28 - DEBUG - __main__ -   label: 4
08/15/2023 13:41:28 - DEBUG - __main__ -   pred: 5
08/15/2023 13:41:28 - DEBUG - __main__ -   label: 5
08/15/2023 13:41:28 - DEBUG - __main__ -   pred: 5
08/15/2023 13:41:28 - DEBUG - __main__ -   label: 5
08/15/2023 13:41:28 - DEBUG - __main__ -   pred: 5
08/15/2023 13:41:28 - DEBUG - __main__ -   label: 5
08/15/2023 13:41:28 - DEBUG - __main__ -   pred: 5
08/15/2023 13:41:28 - DEBUG - __main__ -   label: 2
08/15/2023 13:41:28 - DEBUG - __main__ -   pred: 2
08/15/2023 13:41:28 - DEBUG - __main__ -   label: 2
08/15/2023 13:41:28 - DEBUG - __main__ -   pred: 2
08/15/2023 13:41:28 - DEBUG - __main__ -   label: 2
08/15/2023 13:41:28 - DEBUG - __main__ -   pred: 2
08/15/2023 13:41:28 - DEBUG - __main__ -   label: 3
08/15/2023 13:41:28 - DEBUG - __main__ -   pred: 2
08/15/2023 13:41:28 - DEBUG - __main__ -   label: 1
08/15/2023 13:41:28 - DEBUG - __main__ -   pred: 2
08/15/2023 13:41:28 - DEBUG - __main__ -   label: 1
08/15/2023 13:41:28 - DEBUG - __main__ -   pred: 1
08/15/2023 13:41:28 - DEBUG - __main__ -   label: 2
08/15/2023 13:41:28 - DEBUG - __main__ -   pred: 2
08/15/2023 13:41:28 - DEBUG - __main__ -   label: 2
08/15/2023 13:41:28 - DEBUG - __main__ -   pred: 2
08/15/2023 13:41:28 - DEBUG - __main__ -   label: 1
08/15/2023 13:41:28 - DEBUG - __main__ -   pred: 2
08/15/2023 13:41:28 - DEBUG - __main__ -   label: 2
08/15/2023 13:41:28 - DEBUG - __main__ -   pred: 2
08/15/2023 13:41:28 - DEBUG - __main__ -   label: 2
08/15/2023 13:41:28 - DEBUG - __main__ -   pred: 2
08/15/2023 13:41:28 - DEBUG - __main__ -   label: 2
08/15/2023 13:41:28 - DEBUG - __main__ -   pred: 2
08/15/2023 13:41:28 - DEBUG - __main__ -   label: 1
08/15/2023 13:41:28 - DEBUG - __main__ -   pred: 2
08/15/2023 13:41:28 - DEBUG - __main__ -   label: 2
08/15/2023 13:41:28 - DEBUG - __main__ -   pred: 2
08/15/2023 13:41:28 - DEBUG - __main__ -   label: 1
08/15/2023 13:41:28 - DEBUG - __main__ -   pred: 1
08/15/2023 13:41:28 - DEBUG - __main__ -   label: 3
08/15/2023 13:41:28 - DEBUG - __main__ -   pred: 1
08/15/2023 13:41:28 - DEBUG - __main__ -   label: 1
08/15/2023 13:41:28 - DEBUG - __main__ -   pred: 1
08/15/2023 13:41:28 - DEBUG - __main__ -   label: 2
08/15/2023 13:41:28 - DEBUG - __main__ -   pred: 2
08/15/2023 13:41:28 - DEBUG - __main__ -   label: 2
08/15/2023 13:41:28 - DEBUG - __main__ -   pred: 1
08/15/2023 13:41:28 - DEBUG - __main__ -   label: 2
08/15/2023 13:41:28 - DEBUG - __main__ -   pred: 2
08/15/2023 13:41:28 - DEBUG - __main__ -   label: 2
08/15/2023 13:41:28 - DEBUG - __main__ -   pred: 2
08/15/2023 13:41:28 - DEBUG - __main__ -   label: 2
08/15/2023 13:41:28 - DEBUG - __main__ -   pred: 2
08/15/2023 13:41:28 - DEBUG - __main__ -   label: 3
08/15/2023 13:41:28 - DEBUG - __main__ -   pred: 2
08/15/2023 13:41:28 - DEBUG - __main__ -   label: 3
08/15/2023 13:41:28 - DEBUG - __main__ -   pred: 2
08/15/2023 13:41:28 - DEBUG - __main__ -   label: 1
08/15/2023 13:41:28 - DEBUG - __main__ -   pred: 2
08/15/2023 13:41:28 - DEBUG - __main__ -   label: 3
08/15/2023 13:41:28 - DEBUG - __main__ -   pred: 3
08/15/2023 13:41:28 - DEBUG - __main__ -   label: 6
08/15/2023 13:41:28 - DEBUG - __main__ -   pred: 5
08/15/2023 13:41:28 - DEBUG - __main__ -   label: 5
08/15/2023 13:41:28 - DEBUG - __main__ -   pred: 5
08/15/2023 13:41:28 - DEBUG - __main__ -   label: 6
08/15/2023 13:41:28 - DEBUG - __main__ -   pred: 5
08/15/2023 13:41:28 - DEBUG - __main__ -   label: 5
08/15/2023 13:41:28 - DEBUG - __main__ -   pred: 5
08/15/2023 13:41:28 - DEBUG - __main__ -   label: 6
08/15/2023 13:41:28 - DEBUG - __main__ -   pred: 5
08/15/2023 13:41:28 - DEBUG - __main__ -   label: 5
08/15/2023 13:41:28 - DEBUG - __main__ -   pred: 5
08/15/2023 13:41:28 - DEBUG - __main__ -   label: 4
08/15/2023 13:41:28 - DEBUG - __main__ -   pred: 4
08/15/2023 13:41:28 - DEBUG - __main__ -   label: 5
08/15/2023 13:41:28 - DEBUG - __main__ -   pred: 4
08/15/2023 13:41:28 - DEBUG - __main__ -   label: 5
08/15/2023 13:41:28 - DEBUG - __main__ -   pred: 5
08/15/2023 13:41:28 - DEBUG - __main__ -   label: 2
08/15/2023 13:41:28 - DEBUG - __main__ -   pred: 2
08/15/2023 13:41:28 - DEBUG - __main__ -   label: 2
08/15/2023 13:41:28 - DEBUG - __main__ -   pred: 2
08/15/2023 13:41:28 - DEBUG - __main__ -   label: 2
08/15/2023 13:41:28 - DEBUG - __main__ -   pred: 1
08/15/2023 13:41:28 - DEBUG - __main__ -   label: 3
08/15/2023 13:41:28 - DEBUG - __main__ -   pred: 3
08/15/2023 13:41:28 - DEBUG - __main__ -   label: 2
08/15/2023 13:41:28 - DEBUG - __main__ -   pred: 2
08/15/2023 13:41:28 - DEBUG - __main__ -   label: 3
08/15/2023 13:41:28 - DEBUG - __main__ -   pred: 2
08/15/2023 13:41:28 - DEBUG - __main__ -   label: 3
08/15/2023 13:41:28 - DEBUG - __main__ -   pred: 1
08/15/2023 13:41:28 - DEBUG - __main__ -   label: 2
08/15/2023 13:41:28 - DEBUG - __main__ -   pred: 2
08/15/2023 13:41:28 - DEBUG - __main__ -   label: 2
08/15/2023 13:41:28 - DEBUG - __main__ -   pred: 2
08/15/2023 13:41:28 - DEBUG - __main__ -   label: 3
08/15/2023 13:41:28 - DEBUG - __main__ -   pred: 1
08/15/2023 13:41:28 - DEBUG - __main__ -   label: 2
08/15/2023 13:41:28 - DEBUG - __main__ -   pred: 1
08/15/2023 13:41:28 - DEBUG - __main__ -   label: 2
08/15/2023 13:41:28 - DEBUG - __main__ -   pred: 2
08/15/2023 13:41:28 - DEBUG - __main__ -   label: 2
08/15/2023 13:41:28 - DEBUG - __main__ -   pred: 2
08/15/2023 13:41:28 - DEBUG - __main__ -   label: 1
08/15/2023 13:41:28 - DEBUG - __main__ -   pred: 2
08/15/2023 13:41:28 - DEBUG - __main__ -   label: 5
08/15/2023 13:41:28 - DEBUG - __main__ -   pred: 5
08/15/2023 13:41:28 - DEBUG - __main__ -   label: 3
08/15/2023 13:41:28 - DEBUG - __main__ -   pred: 3
08/15/2023 13:41:28 - DEBUG - __main__ -   label: 4
08/15/2023 13:41:28 - DEBUG - __main__ -   pred: 5
08/15/2023 13:41:28 - DEBUG - __main__ -   label: 3
08/15/2023 13:41:28 - DEBUG - __main__ -   pred: 3
08/15/2023 13:41:28 - DEBUG - __main__ -   label: 2
08/15/2023 13:41:28 - DEBUG - __main__ -   pred: 3
08/15/2023 13:41:28 - DEBUG - __main__ -   label: 3
08/15/2023 13:41:28 - DEBUG - __main__ -   pred: 3
08/15/2023 13:41:28 - DEBUG - __main__ -   label: 3
08/15/2023 13:41:28 - DEBUG - __main__ -   pred: 3
08/15/2023 13:41:28 - DEBUG - __main__ -   label: 2
08/15/2023 13:41:28 - DEBUG - __main__ -   pred: 2
08/15/2023 13:41:28 - DEBUG - __main__ -   label: 3
08/15/2023 13:41:28 - DEBUG - __main__ -   pred: 4
08/15/2023 13:41:28 - DEBUG - __main__ -   label: 5
08/15/2023 13:41:28 - DEBUG - __main__ -   pred: 5
08/15/2023 13:41:28 - DEBUG - __main__ -   label: 3
08/15/2023 13:41:28 - DEBUG - __main__ -   pred: 5
08/15/2023 13:41:28 - DEBUG - __main__ -   label: 4
08/15/2023 13:41:28 - DEBUG - __main__ -   pred: 5
08/15/2023 13:41:28 - DEBUG - __main__ -   label: 4
08/15/2023 13:41:28 - DEBUG - __main__ -   pred: 5
08/15/2023 13:41:28 - DEBUG - __main__ -   label: 4
08/15/2023 13:41:28 - DEBUG - __main__ -   pred: 4
08/15/2023 13:41:28 - DEBUG - __main__ -   label: 4
08/15/2023 13:41:28 - DEBUG - __main__ -   pred: 5
08/15/2023 13:41:28 - DEBUG - __main__ -   label: 3
08/15/2023 13:41:28 - DEBUG - __main__ -   pred: 3
08/15/2023 13:41:28 - DEBUG - __main__ -   label: 3
08/15/2023 13:41:28 - DEBUG - __main__ -   pred: 3
08/15/2023 13:41:28 - DEBUG - __main__ -   label: 4
08/15/2023 13:41:28 - DEBUG - __main__ -   pred: 5
08/15/2023 13:41:28 - DEBUG - __main__ -   label: 3
08/15/2023 13:41:28 - DEBUG - __main__ -   pred: 4
08/15/2023 13:41:28 - DEBUG - __main__ -   label: 3
08/15/2023 13:41:28 - DEBUG - __main__ -   pred: 4
08/15/2023 13:41:28 - DEBUG - __main__ -   label: 3
08/15/2023 13:41:28 - DEBUG - __main__ -   pred: 4
08/15/2023 13:41:28 - DEBUG - __main__ -   label: 2
08/15/2023 13:41:28 - DEBUG - __main__ -   pred: 2
08/15/2023 13:41:28 - DEBUG - __main__ -   label: 2
08/15/2023 13:41:28 - DEBUG - __main__ -   pred: 1
08/15/2023 13:41:28 - DEBUG - __main__ -   label: 1
08/15/2023 13:41:28 - DEBUG - __main__ -   pred: 1
08/15/2023 13:41:28 - DEBUG - __main__ -   label: 2
08/15/2023 13:41:28 - DEBUG - __main__ -   pred: 1
08/15/2023 13:41:28 - DEBUG - __main__ -   label: 1
08/15/2023 13:41:28 - DEBUG - __main__ -   pred: 1
08/15/2023 13:41:28 - DEBUG - __main__ -   label: 2
08/15/2023 13:41:28 - DEBUG - __main__ -   pred: 1
08/15/2023 13:41:28 - DEBUG - __main__ -   label: 1
08/15/2023 13:41:28 - DEBUG - __main__ -   pred: 1
08/15/2023 13:41:28 - DEBUG - __main__ -   label: 2
08/15/2023 13:41:28 - DEBUG - __main__ -   pred: 2
08/15/2023 13:41:28 - DEBUG - __main__ -   label: 1
08/15/2023 13:41:28 - DEBUG - __main__ -   pred: 2
08/15/2023 13:41:28 - DEBUG - __main__ -   label: 1
08/15/2023 13:41:28 - DEBUG - __main__ -   pred: 2
08/15/2023 13:41:28 - DEBUG - __main__ -   label: 1
08/15/2023 13:41:28 - DEBUG - __main__ -   pred: 2
08/15/2023 13:41:28 - DEBUG - __main__ -   label: 2
08/15/2023 13:41:28 - DEBUG - __main__ -   pred: 2
08/15/2023 13:41:28 - DEBUG - __main__ -   label: 2
08/15/2023 13:41:28 - DEBUG - __main__ -   pred: 2
08/15/2023 13:41:28 - DEBUG - __main__ -   label: 3
08/15/2023 13:41:28 - DEBUG - __main__ -   pred: 3
08/15/2023 13:41:28 - DEBUG - __main__ -   label: 3
08/15/2023 13:41:28 - DEBUG - __main__ -   pred: 3
08/15/2023 13:41:28 - DEBUG - __main__ -   label: 3
08/15/2023 13:41:28 - DEBUG - __main__ -   pred: 5
08/15/2023 13:41:28 - DEBUG - __main__ -   label: 3
08/15/2023 13:41:28 - DEBUG - __main__ -   pred: 3
08/15/2023 13:41:28 - DEBUG - __main__ -   label: 2
08/15/2023 13:41:28 - DEBUG - __main__ -   pred: 3
08/15/2023 13:41:28 - DEBUG - __main__ -   label: 3
08/15/2023 13:41:28 - DEBUG - __main__ -   pred: 3
08/15/2023 13:41:28 - DEBUG - __main__ -   label: 4
08/15/2023 13:41:28 - DEBUG - __main__ -   pred: 3
08/15/2023 13:41:28 - DEBUG - __main__ -   label: 1
08/15/2023 13:41:28 - DEBUG - __main__ -   pred: 2
08/15/2023 13:41:28 - DEBUG - __main__ -   label: 4
08/15/2023 13:41:28 - DEBUG - __main__ -   pred: 5
08/15/2023 13:41:28 - DEBUG - __main__ -   label: 3
08/15/2023 13:41:28 - DEBUG - __main__ -   pred: 3
08/15/2023 13:41:28 - DEBUG - __main__ -   label: 5
08/15/2023 13:41:28 - DEBUG - __main__ -   pred: 5
08/15/2023 13:41:28 - DEBUG - __main__ -   label: 3
08/15/2023 13:41:28 - DEBUG - __main__ -   pred: 5
08/15/2023 13:41:28 - DEBUG - __main__ -   label: 3
08/15/2023 13:41:28 - DEBUG - __main__ -   pred: 4
08/15/2023 13:41:28 - DEBUG - __main__ -   label: 4
08/15/2023 13:41:28 - DEBUG - __main__ -   pred: 5
08/15/2023 13:41:28 - DEBUG - __main__ -   label: 4
08/15/2023 13:41:28 - DEBUG - __main__ -   pred: 3
08/15/2023 13:41:28 - DEBUG - __main__ -   label: 4
08/15/2023 13:41:28 - DEBUG - __main__ -   pred: 3
08/15/2023 13:41:28 - DEBUG - __main__ -   label: 3
08/15/2023 13:41:28 - DEBUG - __main__ -   pred: 4
08/15/2023 13:41:28 - DEBUG - __main__ -   label: 4
08/15/2023 13:41:28 - DEBUG - __main__ -   pred: 4
08/15/2023 13:41:28 - DEBUG - __main__ -   label: 4
08/15/2023 13:41:28 - DEBUG - __main__ -   pred: 4
08/15/2023 13:41:28 - DEBUG - __main__ -   label: 4
08/15/2023 13:41:28 - DEBUG - __main__ -   pred: 5
08/15/2023 13:41:28 - DEBUG - __main__ -   label: 5
08/15/2023 13:41:28 - DEBUG - __main__ -   pred: 5
