11/11/2023 19:16:26 - DEBUG - __main__ -   Running on cuda
11/11/2023 19:16:26 - DEBUG - __main__ -   Cuda count: 1
********** Running fold 3 ********** 
LOAD PRE-TRAINED PROCESSOR AND MODEL
11/11/2023 19:16:26 - DEBUG - __main__ -   Pre-trained processor loaded. Duration: 0:00:00
11/11/2023 19:16:26 - DEBUG - __main__ -   CPU mem usage: 0.40G.  Cuda 0: memory acclocated: 0 G.
11/11/2023 19:16:30 - DEBUG - __main__ -   Pre-trained model loaded. Duration: 0:00:04
11/11/2023 19:16:30 - DEBUG - __main__ -   CPU mem usage: 2.00G.  Cuda 0: memory acclocated: 0 G.
LOAD DATA
11/11/2023 19:16:57 - DEBUG - __main__ -   train (N=1604): speech successfully loaded. Duration: 0:00:26
11/11/2023 19:16:57 - DEBUG - __main__ -   CPU mem usage: 5.38G.  Cuda 0: memory acclocated: 0 G.
11/11/2023 19:17:04 - DEBUG - __main__ -   val (N=508): speech successfully loaded. Duration: 0:00:06
11/11/2023 19:17:04 - DEBUG - __main__ -   CPU mem usage: 6.08G.  Cuda 0: memory acclocated: 0 G.
EXTRACT FEATURES
11/11/2023 19:18:33 - DEBUG - __main__ -   train (N=1604): features and labels sucessfully extracted. Duration: 0:01:29
11/11/2023 19:18:33 - DEBUG - __main__ -   CPU mem usage: 9.30G.  Cuda 0: memory acclocated: 0 G.
11/11/2023 19:19:07 - DEBUG - __main__ -   val (N=508): features and labels sucessfully extracted. Duration: 0:00:33
11/11/2023 19:19:07 - DEBUG - __main__ -   CPU mem usage: 8.38G.  Cuda 0: memory acclocated: 0 G.
TRAIN
RUNNING CCL
11/11/2023 19:19:07 - DEBUG - urllib3.connectionpool -   Starting new HTTPS connection (1): s3.amazonaws.com:443
11/11/2023 19:19:08 - DEBUG - urllib3.connectionpool -   https://s3.amazonaws.com:443 "HEAD /datasets.huggingface.co/datasets/metrics/evaluate-metric/wer/evaluate-metric/wer.py HTTP/1.1" 404 0
11/11/2023 19:19:08 - DEBUG - urllib3.connectionpool -   Starting new HTTPS connection (1): huggingface.co:443
11/11/2023 19:19:08 - DEBUG - urllib3.connectionpool -   https://huggingface.co:443 "HEAD /spaces/evaluate-metric/wer/resolve/v0.4.0/wer.py HTTP/1.1" 200 0
11/11/2023 19:19:08 - DEBUG - urllib3.connectionpool -   Starting new HTTPS connection (1): s3.amazonaws.com:443
11/11/2023 19:19:09 - DEBUG - urllib3.connectionpool -   https://s3.amazonaws.com:443 "HEAD /datasets.huggingface.co/datasets/metrics/evaluate-metric/cer/evaluate-metric/cer.py HTTP/1.1" 404 0
11/11/2023 19:19:09 - DEBUG - urllib3.connectionpool -   Starting new HTTPS connection (1): huggingface.co:443
11/11/2023 19:19:09 - DEBUG - urllib3.connectionpool -   https://huggingface.co:443 "HEAD /spaces/evaluate-metric/cer/resolve/v0.4.0/cer.py HTTP/1.1" 200 0
11/11/2023 19:19:09 - DEBUG - __main__ -   Class difficulty order: [[6, 5], [7, 4, 1], [3, 2]]
11/11/2023 19:19:09 - DEBUG - __main__ -   n_epochs for each CCL phase: [6, 7, 17]
Classes: [6, 5], N=545
11/11/2023 19:20:17 - DEBUG - fsspec.local -   open file: /home/lunt1/.cache/huggingface/metrics/wer/default/default_experiment-1-0.arrow
11/11/2023 19:20:17 - DEBUG - fsspec.local -   open file: /home/lunt1/.cache/huggingface/metrics/cer/default/default_experiment-1-0.arrow
11/11/2023 19:20:17 - INFO - helper.metrics -   wer: 0.2933903321275896, cer: 0.09259644379744203
11/11/2023 19:20:19 - DEBUG - fsspec.local -   open file: /home/lunt1/.cache/huggingface/metrics/wer/default/default_experiment-1-0.arrow
11/11/2023 19:20:19 - DEBUG - fsspec.local -   open file: /home/lunt1/.cache/huggingface/metrics/cer/default/default_experiment-1-0.arrow
11/11/2023 19:20:19 - INFO - helper.metrics -   wer: 0.2933903321275896, cer: 0.09259644379744203
{'eval_wer': 0.2933903321275896, 'eval_cer': 0.09259644379744203}
11/11/2023 19:20:19 - DEBUG - __main__ -   Training 0 starts now. CPU mem usage: 10.45G.  Cuda 0: memory acclocated: 13 G.
11/11/2023 19:20:21 - DEBUG - helper.classes -   ----------- Starting epoch 1 -----------
11/11/2023 19:24:23 - DEBUG - helper.classes -   Epoch 0.998165137614679 completed, Duration: 0:04:01 Mem usage: CPU mem usage: 10.62G.  Cuda 0: memory acclocated: 17 G.
{'loss': 126.2244, 'learning_rate': 9.346049046321526e-05, 'epoch': 1.0}
11/11/2023 19:25:24 - DEBUG - fsspec.local -   open file: /home/lunt1/.cache/huggingface/metrics/wer/default/default_experiment-1-0.arrow
11/11/2023 19:25:24 - DEBUG - fsspec.local -   open file: /home/lunt1/.cache/huggingface/metrics/cer/default/default_experiment-1-0.arrow
11/11/2023 19:25:24 - INFO - helper.metrics -   wer: 0.27504110489970407, cer: 0.0866486430279713
{'eval_loss': 67.69134521484375, 'eval_wer': 0.27504110489970407, 'eval_cer': 0.0866486430279713, 'eval_runtime': 61.2651, 'eval_samples_per_second': 8.292, 'eval_steps_per_second': 8.292, 'epoch': 1.0}
11/11/2023 19:25:30 - DEBUG - helper.classes -   ----------- Starting epoch 1.998165137614679 -----------
11/11/2023 19:29:30 - DEBUG - helper.classes -   Epoch 1.996330275229358 completed, Duration: 0:03:59 Mem usage: CPU mem usage: 10.62G.  Cuda 0: memory acclocated: 17 G.
{'loss': 105.8656, 'learning_rate': 7.493188010899182e-05, 'epoch': 2.0}
11/11/2023 19:30:28 - DEBUG - fsspec.local -   open file: /home/lunt1/.cache/huggingface/metrics/wer/default/default_experiment-1-0.arrow
11/11/2023 19:30:28 - DEBUG - fsspec.local -   open file: /home/lunt1/.cache/huggingface/metrics/cer/default/default_experiment-1-0.arrow
11/11/2023 19:30:28 - INFO - helper.metrics -   wer: 0.2689246958237422, cer: 0.08285328064885099
{'eval_loss': 62.36081314086914, 'eval_wer': 0.2689246958237422, 'eval_cer': 0.08285328064885099, 'eval_runtime': 58.4414, 'eval_samples_per_second': 8.692, 'eval_steps_per_second': 8.692, 'epoch': 2.0}
11/11/2023 19:30:35 - DEBUG - helper.classes -   ----------- Starting epoch 2.996330275229358 -----------
11/11/2023 19:34:35 - DEBUG - helper.classes -   Epoch 2.994495412844037 completed, Duration: 0:04:00 Mem usage: CPU mem usage: 10.62G.  Cuda 0: memory acclocated: 17 G.
{'loss': 96.689, 'learning_rate': 5.64032697547684e-05, 'epoch': 2.99}
11/11/2023 19:35:34 - DEBUG - fsspec.local -   open file: /home/lunt1/.cache/huggingface/metrics/wer/default/default_experiment-1-0.arrow
11/11/2023 19:35:34 - DEBUG - fsspec.local -   open file: /home/lunt1/.cache/huggingface/metrics/cer/default/default_experiment-1-0.arrow
11/11/2023 19:35:34 - INFO - helper.metrics -   wer: 0.2587306806971391, cer: 0.08223978371633565
{'eval_loss': 65.51933288574219, 'eval_wer': 0.2587306806971391, 'eval_cer': 0.08223978371633565, 'eval_runtime': 58.7596, 'eval_samples_per_second': 8.645, 'eval_steps_per_second': 8.645, 'epoch': 2.99}
11/11/2023 19:35:41 - DEBUG - helper.classes -   ----------- Starting epoch 3.994495412844037 -----------
11/11/2023 19:39:39 - DEBUG - helper.classes -   Epoch 4.0 completed, Duration: 0:03:58 Mem usage: CPU mem usage: 10.62G.  Cuda 0: memory acclocated: 17 G.
{'loss': 89.7079, 'learning_rate': 3.7738419618528615e-05, 'epoch': 4.0}
11/11/2023 19:40:39 - DEBUG - fsspec.local -   open file: /home/lunt1/.cache/huggingface/metrics/wer/default/default_experiment-1-0.arrow
11/11/2023 19:40:39 - DEBUG - fsspec.local -   open file: /home/lunt1/.cache/huggingface/metrics/cer/default/default_experiment-1-0.arrow
11/11/2023 19:40:39 - INFO - helper.metrics -   wer: 0.2570207168694508, cer: 0.08228137672870958
{'eval_loss': 67.12274169921875, 'eval_wer': 0.2570207168694508, 'eval_cer': 0.08228137672870958, 'eval_runtime': 60.4999, 'eval_samples_per_second': 8.397, 'eval_steps_per_second': 8.397, 'epoch': 4.0}
11/11/2023 19:40:46 - DEBUG - helper.classes -   ----------- Starting epoch 5.0 -----------
11/11/2023 19:44:42 - DEBUG - helper.classes -   Epoch 4.998165137614679 completed, Duration: 0:03:56 Mem usage: CPU mem usage: 10.62G.  Cuda 0: memory acclocated: 17 G.
{'loss': 87.3914, 'learning_rate': 1.9209809264305178e-05, 'epoch': 5.0}
11/11/2023 19:45:41 - DEBUG - fsspec.local -   open file: /home/lunt1/.cache/huggingface/metrics/wer/default/default_experiment-1-0.arrow
11/11/2023 19:45:41 - DEBUG - fsspec.local -   open file: /home/lunt1/.cache/huggingface/metrics/cer/default/default_experiment-1-0.arrow
11/11/2023 19:45:41 - INFO - helper.metrics -   wer: 0.2515619861887537, cer: 0.08037849641260268
{'eval_loss': 65.69603729248047, 'eval_wer': 0.2515619861887537, 'eval_cer': 0.08037849641260268, 'eval_runtime': 58.6569, 'eval_samples_per_second': 8.661, 'eval_steps_per_second': 8.661, 'epoch': 5.0}
11/11/2023 19:45:48 - DEBUG - helper.classes -   ----------- Starting epoch 5.998165137614679 -----------
11/11/2023 19:49:46 - DEBUG - helper.classes -   Epoch 5.988990825688074 completed, Duration: 0:03:58 Mem usage: CPU mem usage: 10.62G.  Cuda 0: memory acclocated: 17 G.
{'loss': 83.5797, 'learning_rate': 8.174386920980926e-07, 'epoch': 5.99}
11/11/2023 19:50:44 - DEBUG - fsspec.local -   open file: /home/lunt1/.cache/huggingface/metrics/wer/default/default_experiment-1-0.arrow
11/11/2023 19:50:44 - DEBUG - fsspec.local -   open file: /home/lunt1/.cache/huggingface/metrics/cer/default/default_experiment-1-0.arrow
11/11/2023 19:50:44 - INFO - helper.metrics -   wer: 0.2568891811903979, cer: 0.08177186232712905
{'eval_loss': 64.63479614257812, 'eval_wer': 0.2568891811903979, 'eval_cer': 0.08177186232712905, 'eval_runtime': 57.7756, 'eval_samples_per_second': 8.793, 'eval_steps_per_second': 8.793, 'epoch': 5.99}
{'train_runtime': 1829.051, 'train_samples_per_second': 1.788, 'train_steps_per_second': 0.446, 'train_loss': 98.2505158069087, 'epoch': 5.99}
11/11/2023 19:50:51 - INFO - __main__ -   Trained 6 epochs. Duration: 0:30:31.
Classes: [7, 4, 1], N=424
11/11/2023 19:50:51 - DEBUG - __main__ -   Training 1 starts now. CPU mem usage: 10.62G.  Cuda 0: memory acclocated: 17 G.
11/11/2023 19:50:52 - DEBUG - helper.classes -   ----------- Starting epoch 1 -----------
11/11/2023 19:53:42 - DEBUG - helper.classes -   Epoch 1.0 completed, Duration: 0:02:49 Mem usage: CPU mem usage: 10.67G.  Cuda 0: memory acclocated: 17 G.
{'loss': 79.957, 'learning_rate': 9.625187406296851e-05, 'epoch': 1.0}
11/11/2023 19:54:41 - DEBUG - fsspec.local -   open file: /home/lunt1/.cache/huggingface/metrics/wer/default/default_experiment-1-0.arrow
11/11/2023 19:54:41 - DEBUG - fsspec.local -   open file: /home/lunt1/.cache/huggingface/metrics/cer/default/default_experiment-1-0.arrow
11/11/2023 19:54:41 - INFO - helper.metrics -   wer: 0.2539296284117067, cer: 0.07769574711448476
{'eval_loss': 60.007591247558594, 'eval_wer': 0.2539296284117067, 'eval_cer': 0.07769574711448476, 'eval_runtime': 58.9657, 'eval_samples_per_second': 8.615, 'eval_steps_per_second': 8.615, 'epoch': 1.0}
11/11/2023 19:54:48 - DEBUG - helper.classes -   ----------- Starting epoch 2.0 -----------
11/11/2023 19:57:38 - DEBUG - helper.classes -   Epoch 2.0 completed, Duration: 0:02:50 Mem usage: CPU mem usage: 10.67G.  Cuda 0: memory acclocated: 17 G.
{'loss': 74.4162, 'learning_rate': 8.035982008995503e-05, 'epoch': 2.0}
11/11/2023 19:58:38 - DEBUG - fsspec.local -   open file: /home/lunt1/.cache/huggingface/metrics/wer/default/default_experiment-1-0.arrow
11/11/2023 19:58:39 - DEBUG - fsspec.local -   open file: /home/lunt1/.cache/huggingface/metrics/cer/default/default_experiment-1-0.arrow
11/11/2023 19:58:39 - INFO - helper.metrics -   wer: 0.25050970075633017, cer: 0.07982738899864823
{'eval_loss': 64.89116668701172, 'eval_wer': 0.25050970075633017, 'eval_cer': 0.07982738899864823, 'eval_runtime': 60.3843, 'eval_samples_per_second': 8.413, 'eval_steps_per_second': 8.413, 'epoch': 2.0}
11/11/2023 19:58:45 - DEBUG - helper.classes -   ----------- Starting epoch 3.0 -----------
11/11/2023 20:01:35 - DEBUG - helper.classes -   Epoch 3.0 completed, Duration: 0:02:49 Mem usage: CPU mem usage: 10.67G.  Cuda 0: memory acclocated: 17 G.
{'loss': 70.7034, 'learning_rate': 6.446776611694152e-05, 'epoch': 3.0}
11/11/2023 20:02:36 - DEBUG - fsspec.local -   open file: /home/lunt1/.cache/huggingface/metrics/wer/default/default_experiment-1-0.arrow
11/11/2023 20:02:36 - DEBUG - fsspec.local -   open file: /home/lunt1/.cache/huggingface/metrics/cer/default/default_experiment-1-0.arrow
11/11/2023 20:02:36 - INFO - helper.metrics -   wer: 0.24472213087800065, cer: 0.07715503795362379
{'eval_loss': 64.0972900390625, 'eval_wer': 0.24472213087800065, 'eval_cer': 0.07715503795362379, 'eval_runtime': 61.345, 'eval_samples_per_second': 8.281, 'eval_steps_per_second': 8.281, 'epoch': 3.0}
11/11/2023 20:02:43 - DEBUG - helper.classes -   ----------- Starting epoch 4.0 -----------
11/11/2023 20:05:35 - DEBUG - helper.classes -   Epoch 4.0 completed, Duration: 0:02:51 Mem usage: CPU mem usage: 10.67G.  Cuda 0: memory acclocated: 17 G.
{'loss': 62.9053, 'learning_rate': 4.857571214392804e-05, 'epoch': 4.0}
11/11/2023 20:06:36 - DEBUG - fsspec.local -   open file: /home/lunt1/.cache/huggingface/metrics/wer/default/default_experiment-1-0.arrow
11/11/2023 20:06:36 - DEBUG - fsspec.local -   open file: /home/lunt1/.cache/huggingface/metrics/cer/default/default_experiment-1-0.arrow
11/11/2023 20:06:36 - INFO - helper.metrics -   wer: 0.2585991450180862, cer: 0.08212540293230737
{'eval_loss': 59.2381591796875, 'eval_wer': 0.2585991450180862, 'eval_cer': 0.08212540293230737, 'eval_runtime': 61.3096, 'eval_samples_per_second': 8.286, 'eval_steps_per_second': 8.286, 'epoch': 4.0}
11/11/2023 20:06:44 - DEBUG - helper.classes -   ----------- Starting epoch 5.0 -----------
11/11/2023 20:09:35 - DEBUG - helper.classes -   Epoch 5.0 completed, Duration: 0:02:50 Mem usage: CPU mem usage: 10.67G.  Cuda 0: memory acclocated: 17 G.
{'loss': 61.0996, 'learning_rate': 3.2683658170914544e-05, 'epoch': 5.0}
11/11/2023 20:10:34 - DEBUG - fsspec.local -   open file: /home/lunt1/.cache/huggingface/metrics/wer/default/default_experiment-1-0.arrow
11/11/2023 20:10:34 - DEBUG - fsspec.local -   open file: /home/lunt1/.cache/huggingface/metrics/cer/default/default_experiment-1-0.arrow
11/11/2023 20:10:34 - INFO - helper.metrics -   wer: 0.2453798092732654, cer: 0.07622959342830404
{'eval_loss': 61.19388198852539, 'eval_wer': 0.2453798092732654, 'eval_cer': 0.07622959342830404, 'eval_runtime': 59.6351, 'eval_samples_per_second': 8.518, 'eval_steps_per_second': 8.518, 'epoch': 5.0}
11/11/2023 20:10:41 - DEBUG - helper.classes -   ----------- Starting epoch 6.0 -----------
11/11/2023 20:13:31 - DEBUG - helper.classes -   Epoch 6.0 completed, Duration: 0:02:50 Mem usage: CPU mem usage: 10.63G.  Cuda 0: memory acclocated: 17 G.
{'loss': 55.8042, 'learning_rate': 1.679160419790105e-05, 'epoch': 6.0}
11/11/2023 20:14:31 - DEBUG - fsspec.local -   open file: /home/lunt1/.cache/huggingface/metrics/wer/default/default_experiment-1-0.arrow
11/11/2023 20:14:31 - DEBUG - fsspec.local -   open file: /home/lunt1/.cache/huggingface/metrics/cer/default/default_experiment-1-0.arrow
11/11/2023 20:14:31 - INFO - helper.metrics -   wer: 0.24616902334758303, cer: 0.0769366746386607
{'eval_loss': 60.829078674316406, 'eval_wer': 0.24616902334758303, 'eval_cer': 0.0769366746386607, 'eval_runtime': 60.0104, 'eval_samples_per_second': 8.465, 'eval_steps_per_second': 8.465, 'epoch': 6.0}
11/11/2023 20:14:38 - DEBUG - helper.classes -   ----------- Starting epoch 7.0 -----------
11/11/2023 20:17:29 - DEBUG - helper.classes -   Epoch 7.0 completed, Duration: 0:02:50 Mem usage: CPU mem usage: 10.63G.  Cuda 0: memory acclocated: 17 G.
{'loss': 54.9672, 'learning_rate': 8.995502248875562e-07, 'epoch': 7.0}
11/11/2023 20:18:25 - DEBUG - fsspec.local -   open file: /home/lunt1/.cache/huggingface/metrics/wer/default/default_experiment-1-0.arrow
11/11/2023 20:18:25 - DEBUG - fsspec.local -   open file: /home/lunt1/.cache/huggingface/metrics/cer/default/default_experiment-1-0.arrow
11/11/2023 20:18:25 - INFO - helper.metrics -   wer: 0.2420914172969418, cer: 0.075990433607154
{'eval_loss': 61.67233657836914, 'eval_wer': 0.2420914172969418, 'eval_cer': 0.075990433607154, 'eval_runtime': 56.4675, 'eval_samples_per_second': 8.996, 'eval_steps_per_second': 8.996, 'epoch': 7.0}
{'train_runtime': 1660.5483, 'train_samples_per_second': 1.787, 'train_steps_per_second': 0.447, 'train_loss': 65.69326922064522, 'epoch': 7.0}
11/11/2023 20:18:33 - INFO - __main__ -   Trained 7 epochs. Duration: 0:27:42.
Classes: [3, 2], N=635
11/11/2023 20:18:33 - DEBUG - __main__ -   Training 2 starts now. CPU mem usage: 10.63G.  Cuda 0: memory acclocated: 17 G.
11/11/2023 20:18:35 - DEBUG - helper.classes -   ----------- Starting epoch 1 -----------
11/11/2023 20:22:16 - DEBUG - helper.classes -   Epoch 0.9952755905511811 completed, Duration: 0:03:41 Mem usage: CPU mem usage: 10.46G.  Cuda 0: memory acclocated: 21 G.
{'loss': 33.1356, 'learning_rate': 5.687732342007436e-05, 'epoch': 1.0}
11/11/2023 20:23:16 - DEBUG - fsspec.local -   open file: /home/lunt1/.cache/huggingface/metrics/wer/default/default_experiment-1-0.arrow
11/11/2023 20:23:17 - DEBUG - fsspec.local -   open file: /home/lunt1/.cache/huggingface/metrics/cer/default/default_experiment-1-0.arrow
11/11/2023 20:23:17 - INFO - helper.metrics -   wer: 0.2395264715554094, cer: 0.07396277425392533
{'eval_loss': 55.554386138916016, 'eval_wer': 0.2395264715554094, 'eval_cer': 0.07396277425392533, 'eval_runtime': 60.4385, 'eval_samples_per_second': 8.405, 'eval_steps_per_second': 8.405, 'epoch': 1.0}
11/11/2023 20:23:23 - DEBUG - helper.classes -   ----------- Starting epoch 1.9952755905511812 -----------
11/11/2023 20:26:58 - DEBUG - helper.classes -   Epoch 1.9968503937007873 completed, Duration: 0:03:34 Mem usage: CPU mem usage: 10.39G.  Cuda 0: memory acclocated: 21 G.
{'loss': 30.0479, 'learning_rate': 9.822093504344228e-05, 'epoch': 2.0}
11/11/2023 20:27:57 - DEBUG - fsspec.local -   open file: /home/lunt1/.cache/huggingface/metrics/wer/default/default_experiment-1-0.arrow
11/11/2023 20:27:57 - DEBUG - fsspec.local -   open file: /home/lunt1/.cache/huggingface/metrics/cer/default/default_experiment-1-0.arrow
11/11/2023 20:27:57 - INFO - helper.metrics -   wer: 0.23827688260440644, cer: 0.07552251221794738
{'eval_loss': 60.34581756591797, 'eval_wer': 0.23827688260440644, 'eval_cer': 0.07552251221794738, 'eval_runtime': 59.4124, 'eval_samples_per_second': 8.55, 'eval_steps_per_second': 8.55, 'epoch': 2.0}
11/11/2023 20:28:04 - DEBUG - helper.classes -   ----------- Starting epoch 2.9968503937007873 -----------
11/11/2023 20:31:37 - DEBUG - helper.classes -   Epoch 2.998425196850394 completed, Duration: 0:03:33 Mem usage: CPU mem usage: 10.39G.  Cuda 0: memory acclocated: 21 G.
{'loss': 27.351, 'learning_rate': 9.164253206454283e-05, 'epoch': 3.0}
11/11/2023 20:32:35 - DEBUG - fsspec.local -   open file: /home/lunt1/.cache/huggingface/metrics/wer/default/default_experiment-1-0.arrow
11/11/2023 20:32:35 - DEBUG - fsspec.local -   open file: /home/lunt1/.cache/huggingface/metrics/cer/default/default_experiment-1-0.arrow
11/11/2023 20:32:35 - INFO - helper.metrics -   wer: 0.24340677408747122, cer: 0.07581366330456484
{'eval_loss': 60.869972229003906, 'eval_wer': 0.24340677408747122, 'eval_cer': 0.07581366330456484, 'eval_runtime': 57.9984, 'eval_samples_per_second': 8.759, 'eval_steps_per_second': 8.759, 'epoch': 3.0}
11/11/2023 20:32:41 - DEBUG - helper.classes -   ----------- Starting epoch 3.998425196850394 -----------
11/11/2023 20:36:16 - DEBUG - helper.classes -   Epoch 4.0 completed, Duration: 0:03:34 Mem usage: CPU mem usage: 10.39G.  Cuda 0: memory acclocated: 21 G.
{'loss': 25.2935, 'learning_rate': 8.506412908564336e-05, 'epoch': 4.0}
11/11/2023 20:37:17 - DEBUG - fsspec.local -   open file: /home/lunt1/.cache/huggingface/metrics/wer/default/default_experiment-1-0.arrow
11/11/2023 20:37:17 - DEBUG - fsspec.local -   open file: /home/lunt1/.cache/huggingface/metrics/cer/default/default_experiment-1-0.arrow
11/11/2023 20:37:17 - INFO - helper.metrics -   wer: 0.23715882933245644, cer: 0.07457627118644068
{'eval_loss': 58.51667404174805, 'eval_wer': 0.23715882933245644, 'eval_cer': 0.07457627118644068, 'eval_runtime': 60.9159, 'eval_samples_per_second': 8.339, 'eval_steps_per_second': 8.339, 'epoch': 4.0}
11/11/2023 20:37:24 - DEBUG - helper.classes -   ----------- Starting epoch 5.0 -----------
11/11/2023 20:41:00 - DEBUG - helper.classes -   Epoch 4.995275590551181 completed, Duration: 0:03:35 Mem usage: CPU mem usage: 10.39G.  Cuda 0: memory acclocated: 21 G.
{'loss': 22.8663, 'learning_rate': 7.852709971038478e-05, 'epoch': 5.0}
11/11/2023 20:42:00 - DEBUG - fsspec.local -   open file: /home/lunt1/.cache/huggingface/metrics/wer/default/default_experiment-1-0.arrow
11/11/2023 20:42:00 - DEBUG - fsspec.local -   open file: /home/lunt1/.cache/huggingface/metrics/cer/default/default_experiment-1-0.arrow
11/11/2023 20:42:00 - INFO - helper.metrics -   wer: 0.24919434396580073, cer: 0.07758136633045648
{'eval_loss': 60.93474578857422, 'eval_wer': 0.24919434396580073, 'eval_cer': 0.07758136633045648, 'eval_runtime': 60.1393, 'eval_samples_per_second': 8.447, 'eval_steps_per_second': 8.447, 'epoch': 5.0}
11/11/2023 20:42:06 - DEBUG - helper.classes -   ----------- Starting epoch 5.995275590551181 -----------
11/11/2023 20:45:35 - DEBUG - helper.classes -   Epoch 5.996850393700788 completed, Duration: 0:03:28 Mem usage: CPU mem usage: 10.39G.  Cuda 0: memory acclocated: 21 G.
{'loss': 20.7215, 'learning_rate': 7.194869673148533e-05, 'epoch': 6.0}
11/11/2023 20:46:36 - DEBUG - fsspec.local -   open file: /home/lunt1/.cache/huggingface/metrics/wer/default/default_experiment-1-0.arrow
11/11/2023 20:46:36 - DEBUG - fsspec.local -   open file: /home/lunt1/.cache/huggingface/metrics/cer/default/default_experiment-1-0.arrow
11/11/2023 20:46:36 - INFO - helper.metrics -   wer: 0.2427490956922065, cer: 0.07581366330456484
{'eval_loss': 65.11093139648438, 'eval_wer': 0.2427490956922065, 'eval_cer': 0.07581366330456484, 'eval_runtime': 61.0963, 'eval_samples_per_second': 8.315, 'eval_steps_per_second': 8.315, 'epoch': 6.0}
11/11/2023 20:46:42 - DEBUG - helper.classes -   ----------- Starting epoch 6.996850393700788 -----------
11/11/2023 20:50:12 - DEBUG - helper.classes -   Epoch 6.998425196850394 completed, Duration: 0:03:29 Mem usage: CPU mem usage: 10.39G.  Cuda 0: memory acclocated: 21 G.
{'loss': 19.03, 'learning_rate': 6.537029375258586e-05, 'epoch': 7.0}
11/11/2023 20:51:13 - DEBUG - fsspec.local -   open file: /home/lunt1/.cache/huggingface/metrics/wer/default/default_experiment-1-0.arrow
11/11/2023 20:51:13 - DEBUG - fsspec.local -   open file: /home/lunt1/.cache/huggingface/metrics/cer/default/default_experiment-1-0.arrow
11/11/2023 20:51:13 - INFO - helper.metrics -   wer: 0.24044722130878002, cer: 0.07586565457003223
{'eval_loss': 66.0416488647461, 'eval_wer': 0.24044722130878002, 'eval_cer': 0.07586565457003223, 'eval_runtime': 61.072, 'eval_samples_per_second': 8.318, 'eval_steps_per_second': 8.318, 'epoch': 7.0}
11/11/2023 20:51:20 - DEBUG - helper.classes -   ----------- Starting epoch 7.998425196850394 -----------
11/11/2023 20:54:56 - DEBUG - helper.classes -   Epoch 8.0 completed, Duration: 0:03:36 Mem usage: CPU mem usage: 10.39G.  Cuda 0: memory acclocated: 21 G.
{'loss': 17.9933, 'learning_rate': 5.883326437732727e-05, 'epoch': 8.0}
11/11/2023 20:55:57 - DEBUG - fsspec.local -   open file: /home/lunt1/.cache/huggingface/metrics/wer/default/default_experiment-1-0.arrow
11/11/2023 20:55:57 - DEBUG - fsspec.local -   open file: /home/lunt1/.cache/huggingface/metrics/cer/default/default_experiment-1-0.arrow
11/11/2023 20:55:57 - INFO - helper.metrics -   wer: 0.243932916803683, cer: 0.0766767183113237
{'eval_loss': 73.82464599609375, 'eval_wer': 0.243932916803683, 'eval_cer': 0.0766767183113237, 'eval_runtime': 61.1901, 'eval_samples_per_second': 8.302, 'eval_steps_per_second': 8.302, 'epoch': 8.0}
11/11/2023 20:56:04 - DEBUG - helper.classes -   ----------- Starting epoch 9.0 -----------
11/11/2023 20:59:39 - DEBUG - helper.classes -   Epoch 8.99527559055118 completed, Duration: 0:03:34 Mem usage: CPU mem usage: 10.39G.  Cuda 0: memory acclocated: 21 G.
{'loss': 17.7966, 'learning_rate': 5.229623500206868e-05, 'epoch': 9.0}
11/11/2023 21:00:40 - DEBUG - fsspec.local -   open file: /home/lunt1/.cache/huggingface/metrics/wer/default/default_experiment-1-0.arrow
11/11/2023 21:00:40 - DEBUG - fsspec.local -   open file: /home/lunt1/.cache/huggingface/metrics/cer/default/default_experiment-1-0.arrow
11/11/2023 21:00:40 - INFO - helper.metrics -   wer: 0.24024991779020058, cer: 0.07587605282312572
{'eval_loss': 71.20642852783203, 'eval_wer': 0.24024991779020058, 'eval_cer': 0.07587605282312572, 'eval_runtime': 61.1671, 'eval_samples_per_second': 8.305, 'eval_steps_per_second': 8.305, 'epoch': 9.0}
11/11/2023 21:00:47 - DEBUG - helper.classes -   ----------- Starting epoch 9.99527559055118 -----------
11/11/2023 21:04:22 - DEBUG - helper.classes -   Epoch 9.996850393700788 completed, Duration: 0:03:35 Mem usage: CPU mem usage: 10.39G.  Cuda 0: memory acclocated: 21 G.
{'loss': 15.7365, 'learning_rate': 4.571783202316922e-05, 'epoch': 10.0}
11/11/2023 21:05:21 - DEBUG - fsspec.local -   open file: /home/lunt1/.cache/huggingface/metrics/wer/default/default_experiment-1-0.arrow
11/11/2023 21:05:21 - DEBUG - fsspec.local -   open file: /home/lunt1/.cache/huggingface/metrics/cer/default/default_experiment-1-0.arrow
11/11/2023 21:05:21 - INFO - helper.metrics -   wer: 0.25004932587964485, cer: 0.0788395549547676
{'eval_loss': 67.79082489013672, 'eval_wer': 0.25004932587964485, 'eval_cer': 0.0788395549547676, 'eval_runtime': 58.7965, 'eval_samples_per_second': 8.64, 'eval_steps_per_second': 8.64, 'epoch': 10.0}
11/11/2023 21:05:27 - DEBUG - helper.classes -   ----------- Starting epoch 10.996850393700788 -----------
11/11/2023 21:09:04 - DEBUG - helper.classes -   Epoch 10.998425196850393 completed, Duration: 0:03:36 Mem usage: CPU mem usage: 10.39G.  Cuda 0: memory acclocated: 21 G.
{'loss': 15.1766, 'learning_rate': 3.913942904426976e-05, 'epoch': 11.0}
11/11/2023 21:10:05 - DEBUG - fsspec.local -   open file: /home/lunt1/.cache/huggingface/metrics/wer/default/default_experiment-1-0.arrow
11/11/2023 21:10:05 - DEBUG - fsspec.local -   open file: /home/lunt1/.cache/huggingface/metrics/cer/default/default_experiment-1-0.arrow
11/11/2023 21:10:05 - INFO - helper.metrics -   wer: 0.2416310424202565, cer: 0.0756784860143496
{'eval_loss': 71.67852020263672, 'eval_wer': 0.2416310424202565, 'eval_cer': 0.0756784860143496, 'eval_runtime': 61.2762, 'eval_samples_per_second': 8.29, 'eval_steps_per_second': 8.29, 'epoch': 11.0}
11/11/2023 21:10:13 - DEBUG - helper.classes -   ----------- Starting epoch 11.998425196850393 -----------
11/11/2023 21:13:47 - DEBUG - helper.classes -   Epoch 12.0 completed, Duration: 0:03:34 Mem usage: CPU mem usage: 10.39G.  Cuda 0: memory acclocated: 21 G.
{'loss': 15.0912, 'learning_rate': 3.256102606537029e-05, 'epoch': 12.0}
11/11/2023 21:14:46 - DEBUG - fsspec.local -   open file: /home/lunt1/.cache/huggingface/metrics/wer/default/default_experiment-1-0.arrow
11/11/2023 21:14:46 - DEBUG - fsspec.local -   open file: /home/lunt1/.cache/huggingface/metrics/cer/default/default_experiment-1-0.arrow
11/11/2023 21:14:47 - INFO - helper.metrics -   wer: 0.2420914172969418, cer: 0.07607361963190185
{'eval_loss': 71.81739044189453, 'eval_wer': 0.2420914172969418, 'eval_cer': 0.07607361963190185, 'eval_runtime': 59.4065, 'eval_samples_per_second': 8.551, 'eval_steps_per_second': 8.551, 'epoch': 12.0}
11/11/2023 21:14:53 - DEBUG - helper.classes -   ----------- Starting epoch 13.0 -----------
11/11/2023 21:18:29 - DEBUG - helper.classes -   Epoch 12.99527559055118 completed, Duration: 0:03:35 Mem usage: CPU mem usage: 10.39G.  Cuda 0: memory acclocated: 21 G.
{'loss': 14.2588, 'learning_rate': 2.6023996690111714e-05, 'epoch': 13.0}
11/11/2023 21:19:29 - DEBUG - fsspec.local -   open file: /home/lunt1/.cache/huggingface/metrics/wer/default/default_experiment-1-0.arrow
11/11/2023 21:19:29 - DEBUG - fsspec.local -   open file: /home/lunt1/.cache/huggingface/metrics/cer/default/default_experiment-1-0.arrow
11/11/2023 21:19:30 - INFO - helper.metrics -   wer: 0.24130220322262413, cer: 0.07603202661952792
{'eval_loss': 74.93168640136719, 'eval_wer': 0.24130220322262413, 'eval_cer': 0.07603202661952792, 'eval_runtime': 61.0503, 'eval_samples_per_second': 8.321, 'eval_steps_per_second': 8.321, 'epoch': 13.0}
11/11/2023 21:19:37 - DEBUG - helper.classes -   ----------- Starting epoch 13.99527559055118 -----------
11/11/2023 21:23:10 - DEBUG - helper.classes -   Epoch 13.996850393700788 completed, Duration: 0:03:33 Mem usage: CPU mem usage: 10.39G.  Cuda 0: memory acclocated: 21 G.
{'loss': 13.9838, 'learning_rate': 1.9486967314853125e-05, 'epoch': 14.0}
11/11/2023 21:24:12 - DEBUG - fsspec.local -   open file: /home/lunt1/.cache/huggingface/metrics/wer/default/default_experiment-1-0.arrow
11/11/2023 21:24:12 - DEBUG - fsspec.local -   open file: /home/lunt1/.cache/huggingface/metrics/cer/default/default_experiment-1-0.arrow
11/11/2023 21:24:12 - INFO - helper.metrics -   wer: 0.24340677408747122, cer: 0.07709264843506292
{'eval_loss': 73.12982940673828, 'eval_wer': 0.24340677408747122, 'eval_cer': 0.07709264843506292, 'eval_runtime': 61.2488, 'eval_samples_per_second': 8.294, 'eval_steps_per_second': 8.294, 'epoch': 14.0}
11/11/2023 21:24:18 - DEBUG - helper.classes -   ----------- Starting epoch 14.996850393700788 -----------
11/11/2023 21:27:52 - DEBUG - helper.classes -   Epoch 14.998425196850393 completed, Duration: 0:03:33 Mem usage: CPU mem usage: 10.39G.  Cuda 0: memory acclocated: 21 G.
{'loss': 13.331, 'learning_rate': 1.2908564335953664e-05, 'epoch': 15.0}
11/11/2023 21:28:47 - DEBUG - fsspec.local -   open file: /home/lunt1/.cache/huggingface/metrics/wer/default/default_experiment-1-0.arrow
11/11/2023 21:28:47 - DEBUG - fsspec.local -   open file: /home/lunt1/.cache/huggingface/metrics/cer/default/default_experiment-1-0.arrow
11/11/2023 21:28:47 - INFO - helper.metrics -   wer: 0.24031568562972708, cer: 0.07626078818758449
{'eval_loss': 76.20256805419922, 'eval_wer': 0.24031568562972708, 'eval_cer': 0.07626078818758449, 'eval_runtime': 54.9865, 'eval_samples_per_second': 9.239, 'eval_steps_per_second': 9.239, 'epoch': 15.0}
11/11/2023 21:28:54 - DEBUG - helper.classes -   ----------- Starting epoch 15.998425196850393 -----------
11/11/2023 21:32:30 - DEBUG - helper.classes -   Epoch 16.0 completed, Duration: 0:03:36 Mem usage: CPU mem usage: 10.39G.  Cuda 0: memory acclocated: 21 G.
{'loss': 13.5645, 'learning_rate': 6.3301613570542e-06, 'epoch': 16.0}
11/11/2023 21:33:30 - DEBUG - fsspec.local -   open file: /home/lunt1/.cache/huggingface/metrics/wer/default/default_experiment-1-0.arrow
11/11/2023 21:33:31 - DEBUG - fsspec.local -   open file: /home/lunt1/.cache/huggingface/metrics/cer/default/default_experiment-1-0.arrow
11/11/2023 21:33:31 - INFO - helper.metrics -   wer: 0.2395264715554094, cer: 0.07577207029219091
{'eval_loss': 75.94518280029297, 'eval_wer': 0.2395264715554094, 'eval_cer': 0.07577207029219091, 'eval_runtime': 60.6459, 'eval_samples_per_second': 8.377, 'eval_steps_per_second': 8.377, 'epoch': 16.0}
11/11/2023 21:33:37 - DEBUG - helper.classes -   ----------- Starting epoch 17.0 -----------
