******** Training fold 2 ********
08/16/2023 11:17:46 - DEBUG - __main__ -   Processor loaded. CPU mem usage: 0.38G.  Cuda 0: memory acclocated: 0 G.
08/16/2023 11:17:56 - DEBUG - __main__ -   Model loaded. CPU mem usage: 1.99G.  Cuda 0: memory acclocated: 0 G.
Wav2Vec2ForSequenceClassification(
  (wav2vec2): Wav2Vec2Model(
    (feature_extractor): Wav2Vec2FeatureEncoder(
      (conv_layers): ModuleList(
        (0): Wav2Vec2LayerNormConvLayer(
          (conv): Conv1d(1, 512, kernel_size=(10,), stride=(5,))
          (layer_norm): LayerNorm((512,), eps=1e-05, elementwise_affine=True)
          (activation): GELUActivation()
        )
        (1-4): 4 x Wav2Vec2LayerNormConvLayer(
          (conv): Conv1d(512, 512, kernel_size=(3,), stride=(2,))
          (layer_norm): LayerNorm((512,), eps=1e-05, elementwise_affine=True)
          (activation): GELUActivation()
        )
        (5-6): 2 x Wav2Vec2LayerNormConvLayer(
          (conv): Conv1d(512, 512, kernel_size=(2,), stride=(2,))
          (layer_norm): LayerNorm((512,), eps=1e-05, elementwise_affine=True)
          (activation): GELUActivation()
        )
      )
    )
    (feature_projection): Wav2Vec2FeatureProjection(
      (layer_norm): LayerNorm((512,), eps=1e-05, elementwise_affine=True)
      (projection): Linear(in_features=512, out_features=1024, bias=True)
      (dropout): Dropout(p=0.1, inplace=False)
    )
    (encoder): Wav2Vec2EncoderStableLayerNorm(
      (pos_conv_embed): Wav2Vec2PositionalConvEmbedding(
        (conv): Conv1d(1024, 1024, kernel_size=(128,), stride=(1,), padding=(64,), groups=16)
        (padding): Wav2Vec2SamePadLayer()
        (activation): GELUActivation()
      )
      (layer_norm): LayerNorm((1024,), eps=1e-05, elementwise_affine=True)
      (dropout): Dropout(p=0.1, inplace=False)
      (layers): ModuleList(
        (0-23): 24 x Wav2Vec2EncoderLayerStableLayerNorm(
          (attention): Wav2Vec2Attention(
            (k_proj): Linear(in_features=1024, out_features=1024, bias=True)
            (v_proj): Linear(in_features=1024, out_features=1024, bias=True)
            (q_proj): Linear(in_features=1024, out_features=1024, bias=True)
            (out_proj): Linear(in_features=1024, out_features=1024, bias=True)
          )
          (dropout): Dropout(p=0.1, inplace=False)
          (layer_norm): LayerNorm((1024,), eps=1e-05, elementwise_affine=True)
          (feed_forward): Wav2Vec2FeedForward(
            (intermediate_dropout): Dropout(p=0.0, inplace=False)
            (intermediate_dense): Linear(in_features=1024, out_features=4096, bias=True)
            (intermediate_act_fn): GELUActivation()
            (output_dense): Linear(in_features=4096, out_features=1024, bias=True)
            (output_dropout): Dropout(p=0.1, inplace=False)
          )
          (final_layer_norm): LayerNorm((1024,), eps=1e-05, elementwise_affine=True)
        )
      )
    )
  )
  (projector): Linear(in_features=1024, out_features=256, bias=True)
  (classifier): Linear(in_features=256, out_features=7, bias=True)
)
08/16/2023 11:18:52 - DEBUG - __main__ -   Speech loaded. N_train=1568, N_eval=544. CPU mem usage: 6.11G.  Cuda 0: memory acclocated: 0 G.
08/16/2023 11:19:26 - DEBUG - __main__ -   Feature extracted. Duration: 0:00:34 CPU mem usage: 9.14G.  Cuda 0: memory acclocated: 0 G.
08/16/2023 11:20:01 - DEBUG - augmentations.transform -   Training set (N=3136): augmented training data added. Duration: 0:00:34
08/16/2023 11:20:01 - DEBUG - urllib3.connectionpool -   Starting new HTTPS connection (1): s3.amazonaws.com:443
08/16/2023 11:20:02 - DEBUG - urllib3.connectionpool -   https://s3.amazonaws.com:443 "HEAD /datasets.huggingface.co/datasets/metrics/evaluate-metric/precision/evaluate-metric/precision.py HTTP/1.1" 404 0
08/16/2023 11:20:02 - DEBUG - urllib3.connectionpool -   Starting new HTTPS connection (1): huggingface.co:443
08/16/2023 11:21:42 - DEBUG - urllib3.connectionpool -   Starting new HTTPS connection (1): s3.amazonaws.com:443
08/16/2023 11:21:43 - DEBUG - urllib3.connectionpool -   https://s3.amazonaws.com:443 "HEAD /datasets.huggingface.co/datasets/metrics/evaluate-comparison/precision/evaluate-comparison/precision.py HTTP/1.1" 404 0
08/16/2023 11:21:43 - DEBUG - urllib3.connectionpool -   Starting new HTTPS connection (1): huggingface.co:443
08/16/2023 11:23:23 - DEBUG - urllib3.connectionpool -   Starting new HTTPS connection (1): s3.amazonaws.com:443
08/16/2023 11:23:23 - DEBUG - urllib3.connectionpool -   https://s3.amazonaws.com:443 "HEAD /datasets.huggingface.co/datasets/metrics/evaluate-measurement/precision/evaluate-measurement/precision.py HTTP/1.1" 404 0
08/16/2023 11:23:23 - DEBUG - urllib3.connectionpool -   Starting new HTTPS connection (1): huggingface.co:443
08/16/2023 11:25:03 - WARNING - evaluate.loading -   Using the latest cached version of the module from /home/lunt1/.cache/huggingface/modules/evaluate_modules/metrics/evaluate-metric--precision/4e7f439a346715f68500ce6f2be82bf3272abd3f20bdafd203a2c4f85b61dd5f (last modified on Mon Aug 14 09:39:13 2023) since it couldn't be found locally at evaluate-metric--precision, or remotely on the Hugging Face Hub.
08/16/2023 11:25:03 - DEBUG - urllib3.connectionpool -   Starting new HTTPS connection (1): s3.amazonaws.com:443
08/16/2023 11:25:04 - DEBUG - urllib3.connectionpool -   https://s3.amazonaws.com:443 "HEAD /datasets.huggingface.co/datasets/metrics/evaluate-metric/recall/evaluate-metric/recall.py HTTP/1.1" 404 0
08/16/2023 11:25:04 - DEBUG - urllib3.connectionpool -   Starting new HTTPS connection (1): huggingface.co:443
08/16/2023 11:26:44 - DEBUG - urllib3.connectionpool -   Starting new HTTPS connection (1): s3.amazonaws.com:443
08/16/2023 11:26:44 - DEBUG - urllib3.connectionpool -   https://s3.amazonaws.com:443 "HEAD /datasets.huggingface.co/datasets/metrics/evaluate-comparison/recall/evaluate-comparison/recall.py HTTP/1.1" 404 0
08/16/2023 11:26:44 - DEBUG - urllib3.connectionpool -   Starting new HTTPS connection (1): huggingface.co:443
08/16/2023 11:27:55 - DEBUG - urllib3.connectionpool -   https://huggingface.co:443 "HEAD /spaces/evaluate-comparison/recall/resolve/v0.4.0/recall.py HTTP/1.1" 401 0
08/16/2023 11:27:55 - DEBUG - urllib3.connectionpool -   Starting new HTTPS connection (1): s3.amazonaws.com:443
08/16/2023 11:27:56 - DEBUG - urllib3.connectionpool -   https://s3.amazonaws.com:443 "HEAD /datasets.huggingface.co/datasets/metrics/evaluate-measurement/recall/evaluate-measurement/recall.py HTTP/1.1" 404 0
08/16/2023 11:27:56 - DEBUG - urllib3.connectionpool -   Starting new HTTPS connection (1): huggingface.co:443
08/16/2023 11:28:59 - DEBUG - urllib3.connectionpool -   https://huggingface.co:443 "HEAD /spaces/evaluate-measurement/recall/resolve/v0.4.0/recall.py HTTP/1.1" 401 0
08/16/2023 11:28:59 - WARNING - evaluate.loading -   Using the latest cached version of the module from /home/lunt1/.cache/huggingface/modules/evaluate_modules/metrics/evaluate-metric--recall/e40e6e98d18ff3f210f4d0b26fa721bfaa80704b1fdf890fa551cfabf94fc185 (last modified on Tue Aug  8 14:26:47 2023) since it couldn't be found locally at evaluate-metric--recall, or remotely on the Hugging Face Hub.
08/16/2023 11:28:59 - DEBUG - urllib3.connectionpool -   Starting new HTTPS connection (1): s3.amazonaws.com:443
08/16/2023 11:29:00 - DEBUG - urllib3.connectionpool -   https://s3.amazonaws.com:443 "HEAD /datasets.huggingface.co/datasets/metrics/evaluate-metric/f1/evaluate-metric/f1.py HTTP/1.1" 404 0
08/16/2023 11:29:00 - DEBUG - urllib3.connectionpool -   Starting new HTTPS connection (1): huggingface.co:443
08/16/2023 11:29:01 - DEBUG - urllib3.connectionpool -   https://huggingface.co:443 "HEAD /spaces/evaluate-metric/f1/resolve/v0.4.0/f1.py HTTP/1.1" 200 0
08/16/2023 11:29:01 - DEBUG - urllib3.connectionpool -   Starting new HTTPS connection (1): s3.amazonaws.com:443
08/16/2023 11:29:02 - DEBUG - urllib3.connectionpool -   https://s3.amazonaws.com:443 "HEAD /datasets.huggingface.co/datasets/metrics/evaluate-metric/spearmanr/evaluate-metric/spearmanr.py HTTP/1.1" 404 0
08/16/2023 11:29:02 - DEBUG - urllib3.connectionpool -   Starting new HTTPS connection (1): huggingface.co:443
08/16/2023 11:29:04 - DEBUG - urllib3.connectionpool -   https://huggingface.co:443 "HEAD /spaces/evaluate-metric/spearmanr/resolve/v0.4.0/spearmanr.py HTTP/1.1" 200 0
08/16/2023 11:29:06 - DEBUG - __main__ -   Training starts now. CPU mem usage: 14.05G.  Cuda 0: memory acclocated: 2 G.
08/16/2023 11:29:06 - DEBUG - helper.classes -   ----------- Starting epoch 1 -----------
{'loss': 1.8584, 'learning_rate': 9.566326530612244e-06, 'epoch': 0.32}
{'loss': 1.4637, 'learning_rate': 1.913265306122449e-05, 'epoch': 0.64}
{'loss': 1.3331, 'learning_rate': 2.8698979591836733e-05, 'epoch': 0.96}
08/16/2023 12:09:23 - DEBUG - helper.classes -   Epoch 1.0 completed, Duration: 0:40:17 Mem usage: CPU mem usage: 14.34G.  Cuda 0: memory acclocated: 29 G.
08/16/2023 12:11:29 - DEBUG - fsspec.local -   open file: /home/lunt1/.cache/huggingface/metrics/precision/default/default_experiment-1-0.arrow
08/16/2023 12:11:29 - DEBUG - fsspec.local -   open file: /home/lunt1/.cache/huggingface/metrics/recall/default/default_experiment-1-0.arrow
08/16/2023 12:11:29 - DEBUG - fsspec.local -   open file: /home/lunt1/.cache/huggingface/metrics/f1/default/default_experiment-1-0.arrow
08/16/2023 12:11:29 - DEBUG - fsspec.local -   open file: /home/lunt1/.cache/huggingface/metrics/spearmanr/default/default_experiment-1-0.arrow
08/16/2023 12:11:29 - DEBUG - fsspec.local -   open file: /home/lunt1/.cache/huggingface/metrics/precision/default/default_experiment-1-0.arrow
08/16/2023 12:11:29 - DEBUG - fsspec.local -   open file: /home/lunt1/.cache/huggingface/metrics/recall/default/default_experiment-1-0.arrow
08/16/2023 12:11:29 - DEBUG - fsspec.local -   open file: /home/lunt1/.cache/huggingface/metrics/f1/default/default_experiment-1-0.arrow
{'eval_loss': 1.3661211729049683, 'eval_precision': 0.2951974856572252, 'eval_recall': 0.33464202060352205, 'eval_f1': 0.26919676617098165, 'eval_spearmanr': 0.8229306887546484, 'eval_precision_weighted': 0.3965401462689296, 'eval_recall_weighted': 0.4264705882352941, 'eval_f1_weighted': 0.3574325148562866, 'eval_runtime': 126.5585, 'eval_samples_per_second': 4.298, 'eval_steps_per_second': 2.149, 'epoch': 1.0}
08/16/2023 12:11:35 - DEBUG - helper.classes -   ----------- Starting epoch 2.0 -----------
{'loss': 1.2434, 'learning_rate': 2.9081632653061224e-05, 'epoch': 1.28}
{'loss': 1.2276, 'learning_rate': 2.80187074829932e-05, 'epoch': 1.59}
{'loss': 1.1786, 'learning_rate': 2.695578231292517e-05, 'epoch': 1.91}
08/16/2023 12:51:38 - DEBUG - helper.classes -   Epoch 2.0 completed, Duration: 0:40:02 Mem usage: CPU mem usage: 14.18G.  Cuda 0: memory acclocated: 29 G.
08/16/2023 12:53:46 - DEBUG - fsspec.local -   open file: /home/lunt1/.cache/huggingface/metrics/precision/default/default_experiment-1-0.arrow
08/16/2023 12:53:46 - DEBUG - fsspec.local -   open file: /home/lunt1/.cache/huggingface/metrics/recall/default/default_experiment-1-0.arrow
08/16/2023 12:53:46 - DEBUG - fsspec.local -   open file: /home/lunt1/.cache/huggingface/metrics/f1/default/default_experiment-1-0.arrow
08/16/2023 12:53:46 - DEBUG - fsspec.local -   open file: /home/lunt1/.cache/huggingface/metrics/spearmanr/default/default_experiment-1-0.arrow
08/16/2023 12:53:46 - DEBUG - fsspec.local -   open file: /home/lunt1/.cache/huggingface/metrics/precision/default/default_experiment-1-0.arrow
08/16/2023 12:53:46 - DEBUG - fsspec.local -   open file: /home/lunt1/.cache/huggingface/metrics/recall/default/default_experiment-1-0.arrow
08/16/2023 12:53:46 - DEBUG - fsspec.local -   open file: /home/lunt1/.cache/huggingface/metrics/f1/default/default_experiment-1-0.arrow
{'eval_loss': 1.2660677433013916, 'eval_precision': 0.32639721494275953, 'eval_recall': 0.3611237243078672, 'eval_f1': 0.3298061253608099, 'eval_spearmanr': 0.8237984851855393, 'eval_precision_weighted': 0.43020977703497304, 'eval_recall_weighted': 0.4577205882352941, 'eval_f1_weighted': 0.42790780534307826, 'eval_runtime': 127.7529, 'eval_samples_per_second': 4.258, 'eval_steps_per_second': 2.129, 'epoch': 2.0}
08/16/2023 12:53:52 - DEBUG - helper.classes -   ----------- Starting epoch 3.0 -----------
{'loss': 1.1463, 'learning_rate': 2.5892857142857144e-05, 'epoch': 2.23}
{'loss': 1.0553, 'learning_rate': 2.4829931972789116e-05, 'epoch': 2.55}
{'loss': 1.0658, 'learning_rate': 2.3767006802721087e-05, 'epoch': 2.87}
08/16/2023 13:34:00 - DEBUG - helper.classes -   Epoch 3.0 completed, Duration: 0:40:07 Mem usage: CPU mem usage: 14.17G.  Cuda 0: memory acclocated: 29 G.
08/16/2023 13:36:08 - DEBUG - fsspec.local -   open file: /home/lunt1/.cache/huggingface/metrics/precision/default/default_experiment-1-0.arrow
08/16/2023 13:36:08 - DEBUG - fsspec.local -   open file: /home/lunt1/.cache/huggingface/metrics/recall/default/default_experiment-1-0.arrow
08/16/2023 13:36:08 - DEBUG - fsspec.local -   open file: /home/lunt1/.cache/huggingface/metrics/f1/default/default_experiment-1-0.arrow
08/16/2023 13:36:08 - DEBUG - fsspec.local -   open file: /home/lunt1/.cache/huggingface/metrics/spearmanr/default/default_experiment-1-0.arrow
08/16/2023 13:36:08 - DEBUG - fsspec.local -   open file: /home/lunt1/.cache/huggingface/metrics/precision/default/default_experiment-1-0.arrow
08/16/2023 13:36:09 - DEBUG - fsspec.local -   open file: /home/lunt1/.cache/huggingface/metrics/recall/default/default_experiment-1-0.arrow
08/16/2023 13:36:09 - DEBUG - fsspec.local -   open file: /home/lunt1/.cache/huggingface/metrics/f1/default/default_experiment-1-0.arrow
{'eval_loss': 1.4684284925460815, 'eval_precision': 0.33493515366846477, 'eval_recall': 0.3685443794326836, 'eval_f1': 0.3391297884409581, 'eval_spearmanr': 0.8303454064910685, 'eval_precision_weighted': 0.44330432894311567, 'eval_recall_weighted': 0.4577205882352941, 'eval_f1_weighted': 0.43609526072010557, 'eval_runtime': 128.3184, 'eval_samples_per_second': 4.239, 'eval_steps_per_second': 2.12, 'epoch': 3.0}
08/16/2023 13:36:15 - DEBUG - helper.classes -   ----------- Starting epoch 4.0 -----------
{'loss': 0.9774, 'learning_rate': 2.2704081632653062e-05, 'epoch': 3.19}
{'loss': 0.8913, 'learning_rate': 2.1641156462585033e-05, 'epoch': 3.51}
{'loss': 0.9126, 'learning_rate': 2.0578231292517008e-05, 'epoch': 3.83}
08/16/2023 14:16:47 - DEBUG - helper.classes -   Epoch 4.0 completed, Duration: 0:40:32 Mem usage: CPU mem usage: 14.18G.  Cuda 0: memory acclocated: 29 G.
08/16/2023 14:18:55 - DEBUG - fsspec.local -   open file: /home/lunt1/.cache/huggingface/metrics/precision/default/default_experiment-1-0.arrow
08/16/2023 14:18:55 - DEBUG - fsspec.local -   open file: /home/lunt1/.cache/huggingface/metrics/recall/default/default_experiment-1-0.arrow
08/16/2023 14:18:55 - DEBUG - fsspec.local -   open file: /home/lunt1/.cache/huggingface/metrics/f1/default/default_experiment-1-0.arrow
08/16/2023 14:18:55 - DEBUG - fsspec.local -   open file: /home/lunt1/.cache/huggingface/metrics/spearmanr/default/default_experiment-1-0.arrow
08/16/2023 14:18:55 - DEBUG - fsspec.local -   open file: /home/lunt1/.cache/huggingface/metrics/precision/default/default_experiment-1-0.arrow
08/16/2023 14:18:55 - DEBUG - fsspec.local -   open file: /home/lunt1/.cache/huggingface/metrics/recall/default/default_experiment-1-0.arrow
08/16/2023 14:18:55 - DEBUG - fsspec.local -   open file: /home/lunt1/.cache/huggingface/metrics/f1/default/default_experiment-1-0.arrow
{'eval_loss': 1.9732943773269653, 'eval_precision': 0.33117337091083776, 'eval_recall': 0.3680494353295281, 'eval_f1': 0.3396206501339001, 'eval_spearmanr': 0.8176983403238159, 'eval_precision_weighted': 0.4358640949108258, 'eval_recall_weighted': 0.46875, 'eval_f1_weighted': 0.44083444238799346, 'eval_runtime': 127.4821, 'eval_samples_per_second': 4.267, 'eval_steps_per_second': 2.134, 'epoch': 4.0}
08/16/2023 14:19:01 - DEBUG - helper.classes -   ----------- Starting epoch 5.0 -----------
{'loss': 0.914, 'learning_rate': 1.951530612244898e-05, 'epoch': 4.15}
{'loss': 0.8756, 'learning_rate': 1.8452380952380954e-05, 'epoch': 4.46}
{'loss': 0.8504, 'learning_rate': 1.7389455782312925e-05, 'epoch': 4.78}
08/16/2023 14:59:40 - DEBUG - helper.classes -   Epoch 5.0 completed, Duration: 0:40:39 Mem usage: CPU mem usage: 14.22G.  Cuda 0: memory acclocated: 29 G.
08/16/2023 15:01:49 - DEBUG - fsspec.local -   open file: /home/lunt1/.cache/huggingface/metrics/precision/default/default_experiment-1-0.arrow
08/16/2023 15:01:49 - DEBUG - fsspec.local -   open file: /home/lunt1/.cache/huggingface/metrics/recall/default/default_experiment-1-0.arrow
08/16/2023 15:01:49 - DEBUG - fsspec.local -   open file: /home/lunt1/.cache/huggingface/metrics/f1/default/default_experiment-1-0.arrow
08/16/2023 15:01:49 - DEBUG - fsspec.local -   open file: /home/lunt1/.cache/huggingface/metrics/spearmanr/default/default_experiment-1-0.arrow
08/16/2023 15:01:50 - DEBUG - fsspec.local -   open file: /home/lunt1/.cache/huggingface/metrics/precision/default/default_experiment-1-0.arrow
08/16/2023 15:01:50 - DEBUG - fsspec.local -   open file: /home/lunt1/.cache/huggingface/metrics/recall/default/default_experiment-1-0.arrow
08/16/2023 15:01:50 - DEBUG - fsspec.local -   open file: /home/lunt1/.cache/huggingface/metrics/f1/default/default_experiment-1-0.arrow
{'eval_loss': 2.696403741836548, 'eval_precision': 0.3183570019736253, 'eval_recall': 0.35246463214466645, 'eval_f1': 0.3312619506195503, 'eval_spearmanr': 0.8160575728808317, 'eval_precision_weighted': 0.41958998734277164, 'eval_recall_weighted': 0.45036764705882354, 'eval_f1_weighted': 0.43059336447670515, 'eval_runtime': 129.3217, 'eval_samples_per_second': 4.207, 'eval_steps_per_second': 2.103, 'epoch': 5.0}
08/16/2023 15:01:56 - DEBUG - helper.classes -   ----------- Starting epoch 6.0 -----------
{'loss': 0.8763, 'learning_rate': 1.63265306122449e-05, 'epoch': 5.1}
{'loss': 0.7888, 'learning_rate': 1.526360544217687e-05, 'epoch': 5.42}
{'loss': 0.814, 'learning_rate': 1.4200680272108844e-05, 'epoch': 5.74}
08/16/2023 15:42:05 - DEBUG - helper.classes -   Epoch 6.0 completed, Duration: 0:40:09 Mem usage: CPU mem usage: 14.21G.  Cuda 0: memory acclocated: 29 G.
08/16/2023 15:44:13 - DEBUG - fsspec.local -   open file: /home/lunt1/.cache/huggingface/metrics/precision/default/default_experiment-1-0.arrow
08/16/2023 15:44:13 - DEBUG - fsspec.local -   open file: /home/lunt1/.cache/huggingface/metrics/recall/default/default_experiment-1-0.arrow
08/16/2023 15:44:13 - DEBUG - fsspec.local -   open file: /home/lunt1/.cache/huggingface/metrics/f1/default/default_experiment-1-0.arrow
08/16/2023 15:44:13 - DEBUG - fsspec.local -   open file: /home/lunt1/.cache/huggingface/metrics/spearmanr/default/default_experiment-1-0.arrow
08/16/2023 15:44:13 - DEBUG - fsspec.local -   open file: /home/lunt1/.cache/huggingface/metrics/precision/default/default_experiment-1-0.arrow
08/16/2023 15:44:13 - DEBUG - fsspec.local -   open file: /home/lunt1/.cache/huggingface/metrics/recall/default/default_experiment-1-0.arrow
08/16/2023 15:44:13 - DEBUG - fsspec.local -   open file: /home/lunt1/.cache/huggingface/metrics/f1/default/default_experiment-1-0.arrow
{'eval_loss': 3.1240952014923096, 'eval_precision': 0.3235713650280855, 'eval_recall': 0.35557385890176285, 'eval_f1': 0.33682374434254136, 'eval_spearmanr': 0.8151035534656699, 'eval_precision_weighted': 0.42562492757513026, 'eval_recall_weighted': 0.4577205882352941, 'eval_f1_weighted': 0.43882355067533085, 'eval_runtime': 127.9358, 'eval_samples_per_second': 4.252, 'eval_steps_per_second': 2.126, 'epoch': 6.0}
08/16/2023 15:44:20 - DEBUG - helper.classes -   ----------- Starting epoch 7.0 -----------
{'loss': 0.8093, 'learning_rate': 1.3137755102040817e-05, 'epoch': 6.06}
{'loss': 0.7051, 'learning_rate': 1.207482993197279e-05, 'epoch': 6.38}
{'loss': 0.6877, 'learning_rate': 1.1011904761904762e-05, 'epoch': 6.7}
08/16/2023 16:24:25 - DEBUG - helper.classes -   Epoch 7.0 completed, Duration: 0:40:04 Mem usage: CPU mem usage: 14.24G.  Cuda 0: memory acclocated: 29 G.
08/16/2023 16:26:32 - DEBUG - fsspec.local -   open file: /home/lunt1/.cache/huggingface/metrics/precision/default/default_experiment-1-0.arrow
08/16/2023 16:26:33 - DEBUG - fsspec.local -   open file: /home/lunt1/.cache/huggingface/metrics/recall/default/default_experiment-1-0.arrow
08/16/2023 16:26:33 - DEBUG - fsspec.local -   open file: /home/lunt1/.cache/huggingface/metrics/f1/default/default_experiment-1-0.arrow
08/16/2023 16:26:33 - DEBUG - fsspec.local -   open file: /home/lunt1/.cache/huggingface/metrics/spearmanr/default/default_experiment-1-0.arrow
08/16/2023 16:26:33 - DEBUG - fsspec.local -   open file: /home/lunt1/.cache/huggingface/metrics/precision/default/default_experiment-1-0.arrow
08/16/2023 16:26:33 - DEBUG - fsspec.local -   open file: /home/lunt1/.cache/huggingface/metrics/recall/default/default_experiment-1-0.arrow
08/16/2023 16:26:33 - DEBUG - fsspec.local -   open file: /home/lunt1/.cache/huggingface/metrics/f1/default/default_experiment-1-0.arrow
{'eval_loss': 3.4170637130737305, 'eval_precision': 0.32469306274747617, 'eval_recall': 0.3561160999134181, 'eval_f1': 0.33621813585857235, 'eval_spearmanr': 0.8206228334463479, 'eval_precision_weighted': 0.4246918079204155, 'eval_recall_weighted': 0.46875, 'eval_f1_weighted': 0.4411256375015941, 'eval_runtime': 128.6314, 'eval_samples_per_second': 4.229, 'eval_steps_per_second': 2.115, 'epoch': 7.0}
08/16/2023 16:26:39 - DEBUG - helper.classes -   ----------- Starting epoch 8.0 -----------
{'loss': 0.7711, 'learning_rate': 9.948979591836735e-06, 'epoch': 7.02}
{'loss': 0.7205, 'learning_rate': 8.886054421768708e-06, 'epoch': 7.33}
{'loss': 0.545, 'learning_rate': 7.823129251700681e-06, 'epoch': 7.65}
{'loss': 0.5682, 'learning_rate': 6.760204081632653e-06, 'epoch': 7.97}
08/16/2023 17:07:22 - DEBUG - helper.classes -   Epoch 8.0 completed, Duration: 0:40:42 Mem usage: CPU mem usage: 14.23G.  Cuda 0: memory acclocated: 29 G.
08/16/2023 17:09:30 - DEBUG - fsspec.local -   open file: /home/lunt1/.cache/huggingface/metrics/precision/default/default_experiment-1-0.arrow
08/16/2023 17:09:31 - DEBUG - fsspec.local -   open file: /home/lunt1/.cache/huggingface/metrics/recall/default/default_experiment-1-0.arrow
08/16/2023 17:09:31 - DEBUG - fsspec.local -   open file: /home/lunt1/.cache/huggingface/metrics/f1/default/default_experiment-1-0.arrow
08/16/2023 17:09:31 - DEBUG - fsspec.local -   open file: /home/lunt1/.cache/huggingface/metrics/spearmanr/default/default_experiment-1-0.arrow
08/16/2023 17:09:31 - DEBUG - fsspec.local -   open file: /home/lunt1/.cache/huggingface/metrics/precision/default/default_experiment-1-0.arrow
08/16/2023 17:09:31 - DEBUG - fsspec.local -   open file: /home/lunt1/.cache/huggingface/metrics/recall/default/default_experiment-1-0.arrow
08/16/2023 17:09:31 - DEBUG - fsspec.local -   open file: /home/lunt1/.cache/huggingface/metrics/f1/default/default_experiment-1-0.arrow
{'eval_loss': 3.607060194015503, 'eval_precision': 0.331096690337704, 'eval_recall': 0.3648608951080286, 'eval_f1': 0.3440996918152028, 'eval_spearmanr': 0.8164720237414872, 'eval_precision_weighted': 0.4351900243965334, 'eval_recall_weighted': 0.4724264705882353, 'eval_f1_weighted': 0.44924041183519525, 'eval_runtime': 129.0397, 'eval_samples_per_second': 4.216, 'eval_steps_per_second': 2.108, 'epoch': 8.0}
08/16/2023 17:09:38 - DEBUG - helper.classes -   ----------- Starting epoch 9.0 -----------
{'loss': 0.5737, 'learning_rate': 5.697278911564626e-06, 'epoch': 8.29}
{'loss': 0.5547, 'learning_rate': 4.634353741496598e-06, 'epoch': 8.61}
{'loss': 0.6099, 'learning_rate': 3.5714285714285714e-06, 'epoch': 8.93}
08/16/2023 17:49:59 - DEBUG - helper.classes -   Epoch 9.0 completed, Duration: 0:40:21 Mem usage: CPU mem usage: 14.21G.  Cuda 0: memory acclocated: 29 G.
08/16/2023 17:52:07 - DEBUG - fsspec.local -   open file: /home/lunt1/.cache/huggingface/metrics/precision/default/default_experiment-1-0.arrow
08/16/2023 17:52:07 - DEBUG - fsspec.local -   open file: /home/lunt1/.cache/huggingface/metrics/recall/default/default_experiment-1-0.arrow
08/16/2023 17:52:08 - DEBUG - fsspec.local -   open file: /home/lunt1/.cache/huggingface/metrics/f1/default/default_experiment-1-0.arrow
08/16/2023 17:52:08 - DEBUG - fsspec.local -   open file: /home/lunt1/.cache/huggingface/metrics/spearmanr/default/default_experiment-1-0.arrow
08/16/2023 17:52:08 - DEBUG - fsspec.local -   open file: /home/lunt1/.cache/huggingface/metrics/precision/default/default_experiment-1-0.arrow
08/16/2023 17:52:08 - DEBUG - fsspec.local -   open file: /home/lunt1/.cache/huggingface/metrics/recall/default/default_experiment-1-0.arrow
08/16/2023 17:52:08 - DEBUG - fsspec.local -   open file: /home/lunt1/.cache/huggingface/metrics/f1/default/default_experiment-1-0.arrow
{'eval_loss': 3.744539260864258, 'eval_precision': 0.31951184338078054, 'eval_recall': 0.35236336816579417, 'eval_f1': 0.3325739193756797, 'eval_spearmanr': 0.8096577995541419, 'eval_precision_weighted': 0.421276230551546, 'eval_recall_weighted': 0.4540441176470588, 'eval_f1_weighted': 0.4339116395569075, 'eval_runtime': 128.2192, 'eval_samples_per_second': 4.243, 'eval_steps_per_second': 2.121, 'epoch': 9.0}
08/16/2023 17:52:14 - DEBUG - helper.classes -   ----------- Starting epoch 10.0 -----------
{'loss': 0.5738, 'learning_rate': 2.5085034013605444e-06, 'epoch': 9.25}
{'loss': 0.5748, 'learning_rate': 1.445578231292517e-06, 'epoch': 9.57}
{'loss': 0.5118, 'learning_rate': 3.826530612244898e-07, 'epoch': 9.89}
08/16/2023 18:32:34 - DEBUG - helper.classes -   Epoch 10.0 completed, Duration: 0:40:20 Mem usage: CPU mem usage: 14.23G.  Cuda 0: memory acclocated: 29 G.
08/16/2023 18:34:42 - DEBUG - fsspec.local -   open file: /home/lunt1/.cache/huggingface/metrics/precision/default/default_experiment-1-0.arrow
08/16/2023 18:34:42 - DEBUG - fsspec.local -   open file: /home/lunt1/.cache/huggingface/metrics/recall/default/default_experiment-1-0.arrow
08/16/2023 18:34:42 - DEBUG - fsspec.local -   open file: /home/lunt1/.cache/huggingface/metrics/f1/default/default_experiment-1-0.arrow
08/16/2023 18:34:42 - DEBUG - fsspec.local -   open file: /home/lunt1/.cache/huggingface/metrics/spearmanr/default/default_experiment-1-0.arrow
08/16/2023 18:34:43 - DEBUG - fsspec.local -   open file: /home/lunt1/.cache/huggingface/metrics/precision/default/default_experiment-1-0.arrow
08/16/2023 18:34:43 - DEBUG - fsspec.local -   open file: /home/lunt1/.cache/huggingface/metrics/recall/default/default_experiment-1-0.arrow
08/16/2023 18:34:43 - DEBUG - fsspec.local -   open file: /home/lunt1/.cache/huggingface/metrics/f1/default/default_experiment-1-0.arrow
{'eval_loss': 3.790445566177368, 'eval_precision': 0.3178864205694022, 'eval_recall': 0.35167882741970796, 'eval_f1': 0.3322078198856316, 'eval_spearmanr': 0.8051962748740458, 'eval_precision_weighted': 0.4176977582896998, 'eval_recall_weighted': 0.4522058823529412, 'eval_f1_weighted': 0.4321989101279713, 'eval_runtime': 128.4658, 'eval_samples_per_second': 4.235, 'eval_steps_per_second': 2.117, 'epoch': 10.0}
{'train_runtime': 25549.1391, 'train_samples_per_second': 1.227, 'train_steps_per_second': 0.614, 'train_loss': 0.8859354301374786, 'epoch': 10.0}
08/16/2023 18:34:55 - INFO - __main__ -   Training completed. Duration: 7:05:49
08/16/2023 18:37:03 - DEBUG - fsspec.local -   open file: /home/lunt1/.cache/huggingface/metrics/precision/default/default_experiment-1-0.arrow
08/16/2023 18:37:03 - DEBUG - fsspec.local -   open file: /home/lunt1/.cache/huggingface/metrics/recall/default/default_experiment-1-0.arrow
08/16/2023 18:37:03 - DEBUG - fsspec.local -   open file: /home/lunt1/.cache/huggingface/metrics/f1/default/default_experiment-1-0.arrow
08/16/2023 18:37:03 - DEBUG - fsspec.local -   open file: /home/lunt1/.cache/huggingface/metrics/spearmanr/default/default_experiment-1-0.arrow
08/16/2023 18:37:03 - DEBUG - fsspec.local -   open file: /home/lunt1/.cache/huggingface/metrics/precision/default/default_experiment-1-0.arrow
08/16/2023 18:37:03 - DEBUG - fsspec.local -   open file: /home/lunt1/.cache/huggingface/metrics/recall/default/default_experiment-1-0.arrow
08/16/2023 18:37:03 - DEBUG - fsspec.local -   open file: /home/lunt1/.cache/huggingface/metrics/f1/default/default_experiment-1-0.arrow
08/16/2023 18:37:03 - DEBUG - fsspec.local -   open file: /home/lunt1/.cache/huggingface/metrics/precision/default/default_experiment-1-0.arrow
08/16/2023 18:37:03 - DEBUG - fsspec.local -   open file: /home/lunt1/.cache/huggingface/metrics/recall/default/default_experiment-1-0.arrow
08/16/2023 18:37:03 - DEBUG - fsspec.local -   open file: /home/lunt1/.cache/huggingface/metrics/f1/default/default_experiment-1-0.arrow
08/16/2023 18:37:03 - DEBUG - fsspec.local -   open file: /home/lunt1/.cache/huggingface/metrics/spearmanr/default/default_experiment-1-0.arrow
08/16/2023 18:37:03 - DEBUG - fsspec.local -   open file: /home/lunt1/.cache/huggingface/metrics/precision/default/default_experiment-1-0.arrow
08/16/2023 18:37:03 - DEBUG - fsspec.local -   open file: /home/lunt1/.cache/huggingface/metrics/recall/default/default_experiment-1-0.arrow
08/16/2023 18:37:03 - DEBUG - fsspec.local -   open file: /home/lunt1/.cache/huggingface/metrics/f1/default/default_experiment-1-0.arrow
08/16/2023 18:37:03 - DEBUG - __main__ -   label: 4
08/16/2023 18:37:03 - DEBUG - __main__ -   pred: 4
08/16/2023 18:37:03 - DEBUG - __main__ -   label: 4
08/16/2023 18:37:03 - DEBUG - __main__ -   pred: 4
08/16/2023 18:37:03 - DEBUG - __main__ -   label: 5
08/16/2023 18:37:03 - DEBUG - __main__ -   pred: 5
08/16/2023 18:37:03 - DEBUG - __main__ -   label: 5
08/16/2023 18:37:03 - DEBUG - __main__ -   pred: 4
08/16/2023 18:37:03 - DEBUG - __main__ -   label: 3
08/16/2023 18:37:03 - DEBUG - __main__ -   pred: 4
08/16/2023 18:37:03 - DEBUG - __main__ -   label: 3
08/16/2023 18:37:03 - DEBUG - __main__ -   pred: 4
08/16/2023 18:37:03 - DEBUG - __main__ -   label: 4
08/16/2023 18:37:03 - DEBUG - __main__ -   pred: 4
08/16/2023 18:37:03 - DEBUG - __main__ -   label: 3
08/16/2023 18:37:03 - DEBUG - __main__ -   pred: 2
08/16/2023 18:37:03 - DEBUG - __main__ -   label: 3
08/16/2023 18:37:03 - DEBUG - __main__ -   pred: 3
08/16/2023 18:37:03 - DEBUG - __main__ -   label: 2
08/16/2023 18:37:03 - DEBUG - __main__ -   pred: 2
08/16/2023 18:37:03 - DEBUG - __main__ -   label: 2
08/16/2023 18:37:03 - DEBUG - __main__ -   pred: 1
08/16/2023 18:37:03 - DEBUG - __main__ -   label: 3
08/16/2023 18:37:03 - DEBUG - __main__ -   pred: 3
08/16/2023 18:37:03 - DEBUG - __main__ -   label: 3
08/16/2023 18:37:03 - DEBUG - __main__ -   pred: 2
08/16/2023 18:37:03 - DEBUG - __main__ -   label: 5
08/16/2023 18:37:03 - DEBUG - __main__ -   pred: 4
08/16/2023 18:37:03 - DEBUG - __main__ -   label: 3
08/16/2023 18:37:03 - DEBUG - __main__ -   pred: 3
08/16/2023 18:37:03 - DEBUG - __main__ -   label: 3
08/16/2023 18:37:03 - DEBUG - __main__ -   pred: 4
08/16/2023 18:37:03 - DEBUG - __main__ -   label: 6
08/16/2023 18:37:03 - DEBUG - __main__ -   pred: 5
08/16/2023 18:37:03 - DEBUG - __main__ -   label: 4
08/16/2023 18:37:03 - DEBUG - __main__ -   pred: 4
08/16/2023 18:37:03 - DEBUG - __main__ -   label: 3
08/16/2023 18:37:03 - DEBUG - __main__ -   pred: 4
08/16/2023 18:37:03 - DEBUG - __main__ -   label: 3
08/16/2023 18:37:03 - DEBUG - __main__ -   pred: 4
08/16/2023 18:37:03 - DEBUG - __main__ -   label: 6
08/16/2023 18:37:03 - DEBUG - __main__ -   pred: 5
08/16/2023 18:37:03 - DEBUG - __main__ -   label: 4
08/16/2023 18:37:03 - DEBUG - __main__ -   pred: 5
08/16/2023 18:37:03 - DEBUG - __main__ -   label: 3
08/16/2023 18:37:03 - DEBUG - __main__ -   pred: 3
08/16/2023 18:37:03 - DEBUG - __main__ -   label: 4
08/16/2023 18:37:03 - DEBUG - __main__ -   pred: 4
08/16/2023 18:37:03 - DEBUG - __main__ -   label: 4
08/16/2023 18:37:03 - DEBUG - __main__ -   pred: 4
08/16/2023 18:37:03 - DEBUG - __main__ -   label: 6
08/16/2023 18:37:03 - DEBUG - __main__ -   pred: 5
08/16/2023 18:37:03 - DEBUG - __main__ -   label: 3
08/16/2023 18:37:03 - DEBUG - __main__ -   pred: 3
08/16/2023 18:37:03 - DEBUG - __main__ -   label: 6
08/16/2023 18:37:03 - DEBUG - __main__ -   pred: 3
08/16/2023 18:37:03 - DEBUG - __main__ -   label: 4
08/16/2023 18:37:03 - DEBUG - __main__ -   pred: 2
08/16/2023 18:37:03 - DEBUG - __main__ -   label: 1
08/16/2023 18:37:03 - DEBUG - __main__ -   pred: 2
08/16/2023 18:37:03 - DEBUG - __main__ -   label: 3
08/16/2023 18:37:03 - DEBUG - __main__ -   pred: 3
08/16/2023 18:37:03 - DEBUG - __main__ -   label: 6
08/16/2023 18:37:03 - DEBUG - __main__ -   pred: 3
08/16/2023 18:37:03 - DEBUG - __main__ -   label: 3
08/16/2023 18:37:03 - DEBUG - __main__ -   pred: 4
08/16/2023 18:37:03 - DEBUG - __main__ -   label: 5
08/16/2023 18:37:03 - DEBUG - __main__ -   pred: 3
08/16/2023 18:37:03 - DEBUG - __main__ -   label: 5
08/16/2023 18:37:03 - DEBUG - __main__ -   pred: 4
08/16/2023 18:37:03 - DEBUG - __main__ -   label: 2
08/16/2023 18:37:03 - DEBUG - __main__ -   pred: 2
08/16/2023 18:37:03 - DEBUG - __main__ -   label: 4
08/16/2023 18:37:03 - DEBUG - __main__ -   pred: 5
08/16/2023 18:37:03 - DEBUG - __main__ -   label: 5
08/16/2023 18:37:03 - DEBUG - __main__ -   pred: 3
08/16/2023 18:37:03 - DEBUG - __main__ -   label: 6
08/16/2023 18:37:03 - DEBUG - __main__ -   pred: 5
08/16/2023 18:37:03 - DEBUG - __main__ -   label: 6
08/16/2023 18:37:03 - DEBUG - __main__ -   pred: 5
08/16/2023 18:37:03 - DEBUG - __main__ -   label: 5
08/16/2023 18:37:03 - DEBUG - __main__ -   pred: 5
08/16/2023 18:37:03 - DEBUG - __main__ -   label: 6
08/16/2023 18:37:03 - DEBUG - __main__ -   pred: 5
08/16/2023 18:37:03 - DEBUG - __main__ -   label: 4
08/16/2023 18:37:03 - DEBUG - __main__ -   pred: 4
08/16/2023 18:37:03 - DEBUG - __main__ -   label: 4
08/16/2023 18:37:03 - DEBUG - __main__ -   pred: 4
08/16/2023 18:37:03 - DEBUG - __main__ -   label: 4
08/16/2023 18:37:03 - DEBUG - __main__ -   pred: 3
08/16/2023 18:37:03 - DEBUG - __main__ -   label: 5
08/16/2023 18:37:03 - DEBUG - __main__ -   pred: 4
08/16/2023 18:37:03 - DEBUG - __main__ -   label: 5
08/16/2023 18:37:03 - DEBUG - __main__ -   pred: 4
08/16/2023 18:37:03 - DEBUG - __main__ -   label: 4
08/16/2023 18:37:03 - DEBUG - __main__ -   pred: 4
08/16/2023 18:37:03 - DEBUG - __main__ -   label: 4
08/16/2023 18:37:03 - DEBUG - __main__ -   pred: 1
08/16/2023 18:37:03 - DEBUG - __main__ -   label: 1
08/16/2023 18:37:03 - DEBUG - __main__ -   pred: 1
08/16/2023 18:37:03 - DEBUG - __main__ -   label: 5
08/16/2023 18:37:03 - DEBUG - __main__ -   pred: 5
08/16/2023 18:37:03 - DEBUG - __main__ -   label: 3
08/16/2023 18:37:03 - DEBUG - __main__ -   pred: 4
08/16/2023 18:37:03 - DEBUG - __main__ -   label: 2
08/16/2023 18:37:03 - DEBUG - __main__ -   pred: 2
08/16/2023 18:37:03 - DEBUG - __main__ -   label: 2
08/16/2023 18:37:03 - DEBUG - __main__ -   pred: 4
08/16/2023 18:37:03 - DEBUG - __main__ -   label: 5
08/16/2023 18:37:03 - DEBUG - __main__ -   pred: 5
08/16/2023 18:37:03 - DEBUG - __main__ -   label: 5
08/16/2023 18:37:03 - DEBUG - __main__ -   pred: 4
08/16/2023 18:37:03 - DEBUG - __main__ -   label: 5
08/16/2023 18:37:03 - DEBUG - __main__ -   pred: 4
08/16/2023 18:37:03 - DEBUG - __main__ -   label: 3
08/16/2023 18:37:03 - DEBUG - __main__ -   pred: 3
08/16/2023 18:37:03 - DEBUG - __main__ -   label: 4
08/16/2023 18:37:03 - DEBUG - __main__ -   pred: 5
08/16/2023 18:37:03 - DEBUG - __main__ -   label: 5
08/16/2023 18:37:03 - DEBUG - __main__ -   pred: 5
08/16/2023 18:37:03 - DEBUG - __main__ -   label: 5
08/16/2023 18:37:03 - DEBUG - __main__ -   pred: 5
08/16/2023 18:37:03 - DEBUG - __main__ -   label: 4
08/16/2023 18:37:03 - DEBUG - __main__ -   pred: 3
08/16/2023 18:37:03 - DEBUG - __main__ -   label: 4
08/16/2023 18:37:03 - DEBUG - __main__ -   pred: 3
08/16/2023 18:37:03 - DEBUG - __main__ -   label: 4
08/16/2023 18:37:03 - DEBUG - __main__ -   pred: 4
08/16/2023 18:37:03 - DEBUG - __main__ -   label: 3
08/16/2023 18:37:03 - DEBUG - __main__ -   pred: 3
08/16/2023 18:37:03 - DEBUG - __main__ -   label: 5
08/16/2023 18:37:03 - DEBUG - __main__ -   pred: 3
08/16/2023 18:37:03 - DEBUG - __main__ -   label: 3
08/16/2023 18:37:03 - DEBUG - __main__ -   pred: 1
08/16/2023 18:37:03 - DEBUG - __main__ -   label: 4
08/16/2023 18:37:03 - DEBUG - __main__ -   pred: 3
08/16/2023 18:37:03 - DEBUG - __main__ -   label: 2
08/16/2023 18:37:03 - DEBUG - __main__ -   pred: 2
08/16/2023 18:37:03 - DEBUG - __main__ -   label: 2
08/16/2023 18:37:03 - DEBUG - __main__ -   pred: 1
08/16/2023 18:37:03 - DEBUG - __main__ -   label: 5
08/16/2023 18:37:03 - DEBUG - __main__ -   pred: 5
08/16/2023 18:37:03 - DEBUG - __main__ -   label: 5
08/16/2023 18:37:03 - DEBUG - __main__ -   pred: 5
08/16/2023 18:37:03 - DEBUG - __main__ -   label: 4
08/16/2023 18:37:03 - DEBUG - __main__ -   pred: 4
08/16/2023 18:37:03 - DEBUG - __main__ -   label: 4
08/16/2023 18:37:03 - DEBUG - __main__ -   pred: 5
08/16/2023 18:37:03 - DEBUG - __main__ -   label: 2
08/16/2023 18:37:03 - DEBUG - __main__ -   pred: 3
08/16/2023 18:37:03 - DEBUG - __main__ -   label: 4
08/16/2023 18:37:03 - DEBUG - __main__ -   pred: 5
08/16/2023 18:37:03 - DEBUG - __main__ -   label: 3
08/16/2023 18:37:03 - DEBUG - __main__ -   pred: 3
08/16/2023 18:37:03 - DEBUG - __main__ -   label: 3
08/16/2023 18:37:03 - DEBUG - __main__ -   pred: 4
08/16/2023 18:37:03 - DEBUG - __main__ -   label: 3
08/16/2023 18:37:03 - DEBUG - __main__ -   pred: 4
08/16/2023 18:37:03 - DEBUG - __main__ -   label: 3
08/16/2023 18:37:03 - DEBUG - __main__ -   pred: 3
08/16/2023 18:37:03 - DEBUG - __main__ -   label: 1
08/16/2023 18:37:03 - DEBUG - __main__ -   pred: 3
08/16/2023 18:37:03 - DEBUG - __main__ -   label: 3
08/16/2023 18:37:03 - DEBUG - __main__ -   pred: 4
08/16/2023 18:37:03 - DEBUG - __main__ -   label: 6
08/16/2023 18:37:03 - DEBUG - __main__ -   pred: 5
08/16/2023 18:37:03 - DEBUG - __main__ -   label: 4
08/16/2023 18:37:03 - DEBUG - __main__ -   pred: 4
08/16/2023 18:37:03 - DEBUG - __main__ -   label: 4
08/16/2023 18:37:03 - DEBUG - __main__ -   pred: 4
08/16/2023 18:37:03 - DEBUG - __main__ -   label: 4
08/16/2023 18:37:03 - DEBUG - __main__ -   pred: 4
08/16/2023 18:37:03 - DEBUG - __main__ -   label: 3
08/16/2023 18:37:03 - DEBUG - __main__ -   pred: 4
08/16/2023 18:37:03 - DEBUG - __main__ -   label: 4
08/16/2023 18:37:03 - DEBUG - __main__ -   pred: 5
08/16/2023 18:37:03 - DEBUG - __main__ -   label: 3
08/16/2023 18:37:03 - DEBUG - __main__ -   pred: 4
08/16/2023 18:37:03 - DEBUG - __main__ -   label: 2
08/16/2023 18:37:03 - DEBUG - __main__ -   pred: 2
08/16/2023 18:37:03 - DEBUG - __main__ -   label: 3
08/16/2023 18:37:03 - DEBUG - __main__ -   pred: 3
08/16/2023 18:37:03 - DEBUG - __main__ -   label: 2
08/16/2023 18:37:03 - DEBUG - __main__ -   pred: 2
08/16/2023 18:37:03 - DEBUG - __main__ -   label: 4
08/16/2023 18:37:03 - DEBUG - __main__ -   pred: 4
08/16/2023 18:37:03 - DEBUG - __main__ -   label: 3
08/16/2023 18:37:03 - DEBUG - __main__ -   pred: 2
08/16/2023 18:37:03 - DEBUG - __main__ -   label: 3
08/16/2023 18:37:03 - DEBUG - __main__ -   pred: 4
08/16/2023 18:37:03 - DEBUG - __main__ -   label: 3
08/16/2023 18:37:03 - DEBUG - __main__ -   pred: 2
08/16/2023 18:37:03 - DEBUG - __main__ -   label: 2
08/16/2023 18:37:03 - DEBUG - __main__ -   pred: 3
08/16/2023 18:37:03 - DEBUG - __main__ -   label: 2
08/16/2023 18:37:03 - DEBUG - __main__ -   pred: 3
08/16/2023 18:37:03 - DEBUG - __main__ -   label: 3
08/16/2023 18:37:03 - DEBUG - __main__ -   pred: 4
08/16/2023 18:37:03 - DEBUG - __main__ -   label: 5
08/16/2023 18:37:03 - DEBUG - __main__ -   pred: 4
08/16/2023 18:37:03 - DEBUG - __main__ -   label: 4
08/16/2023 18:37:03 - DEBUG - __main__ -   pred: 5
08/16/2023 18:37:03 - DEBUG - __main__ -   label: 4
08/16/2023 18:37:03 - DEBUG - __main__ -   pred: 4
08/16/2023 18:37:03 - DEBUG - __main__ -   label: 3
08/16/2023 18:37:03 - DEBUG - __main__ -   pred: 3
08/16/2023 18:37:03 - DEBUG - __main__ -   label: 3
08/16/2023 18:37:03 - DEBUG - __main__ -   pred: 4
08/16/2023 18:37:03 - DEBUG - __main__ -   label: 5
08/16/2023 18:37:03 - DEBUG - __main__ -   pred: 5
08/16/2023 18:37:03 - DEBUG - __main__ -   label: 2
08/16/2023 18:37:03 - DEBUG - __main__ -   pred: 2
08/16/2023 18:37:03 - DEBUG - __main__ -   label: 4
08/16/2023 18:37:03 - DEBUG - __main__ -   pred: 1
08/16/2023 18:37:03 - DEBUG - __main__ -   label: 6
08/16/2023 18:37:03 - DEBUG - __main__ -   pred: 4
08/16/2023 18:37:03 - DEBUG - __main__ -   label: 3
08/16/2023 18:37:03 - DEBUG - __main__ -   pred: 1
08/16/2023 18:37:03 - DEBUG - __main__ -   label: 5
08/16/2023 18:37:03 - DEBUG - __main__ -   pred: 4
08/16/2023 18:37:03 - DEBUG - __main__ -   label: 4
08/16/2023 18:37:03 - DEBUG - __main__ -   pred: 3
08/16/2023 18:37:03 - DEBUG - __main__ -   label: 3
08/16/2023 18:37:03 - DEBUG - __main__ -   pred: 3
08/16/2023 18:37:03 - DEBUG - __main__ -   label: 6
08/16/2023 18:37:03 - DEBUG - __main__ -   pred: 4
08/16/2023 18:37:03 - DEBUG - __main__ -   label: 5
08/16/2023 18:37:03 - DEBUG - __main__ -   pred: 3
08/16/2023 18:37:03 - DEBUG - __main__ -   label: 3
08/16/2023 18:37:03 - DEBUG - __main__ -   pred: 3
08/16/2023 18:37:03 - DEBUG - __main__ -   label: 6
08/16/2023 18:37:03 - DEBUG - __main__ -   pred: 4
08/16/2023 18:37:03 - DEBUG - __main__ -   label: 5
08/16/2023 18:37:03 - DEBUG - __main__ -   pred: 3
08/16/2023 18:37:03 - DEBUG - __main__ -   label: 3
08/16/2023 18:37:03 - DEBUG - __main__ -   pred: 4
08/16/2023 18:37:03 - DEBUG - __main__ -   label: 5
08/16/2023 18:37:03 - DEBUG - __main__ -   pred: 4
08/16/2023 18:37:03 - DEBUG - __main__ -   label: 4
08/16/2023 18:37:03 - DEBUG - __main__ -   pred: 4
08/16/2023 18:37:03 - DEBUG - __main__ -   label: 6
08/16/2023 18:37:03 - DEBUG - __main__ -   pred: 4
08/16/2023 18:37:03 - DEBUG - __main__ -   label: 4
08/16/2023 18:37:03 - DEBUG - __main__ -   pred: 4
08/16/2023 18:37:03 - DEBUG - __main__ -   label: 3
08/16/2023 18:37:03 - DEBUG - __main__ -   pred: 5
08/16/2023 18:37:03 - DEBUG - __main__ -   label: 6
08/16/2023 18:37:03 - DEBUG - __main__ -   pred: 5
08/16/2023 18:37:03 - DEBUG - __main__ -   label: 6
08/16/2023 18:37:03 - DEBUG - __main__ -   pred: 5
08/16/2023 18:37:03 - DEBUG - __main__ -   label: 5
08/16/2023 18:37:03 - DEBUG - __main__ -   pred: 4
08/16/2023 18:37:03 - DEBUG - __main__ -   label: 5
08/16/2023 18:37:03 - DEBUG - __main__ -   pred: 4
08/16/2023 18:37:03 - DEBUG - __main__ -   label: 4
08/16/2023 18:37:03 - DEBUG - __main__ -   pred: 4
08/16/2023 18:37:03 - DEBUG - __main__ -   label: 2
08/16/2023 18:37:03 - DEBUG - __main__ -   pred: 3
08/16/2023 18:37:03 - DEBUG - __main__ -   label: 0
08/16/2023 18:37:03 - DEBUG - __main__ -   pred: 1
08/16/2023 18:37:03 - DEBUG - __main__ -   label: 4
08/16/2023 18:37:03 - DEBUG - __main__ -   pred: 4
08/16/2023 18:37:03 - DEBUG - __main__ -   label: 3
08/16/2023 18:37:03 - DEBUG - __main__ -   pred: 3
08/16/2023 18:37:03 - DEBUG - __main__ -   label: 3
08/16/2023 18:37:03 - DEBUG - __main__ -   pred: 4
08/16/2023 18:37:03 - DEBUG - __main__ -   label: 5
08/16/2023 18:37:03 - DEBUG - __main__ -   pred: 5
08/16/2023 18:37:03 - DEBUG - __main__ -   label: 5
08/16/2023 18:37:03 - DEBUG - __main__ -   pred: 4
08/16/2023 18:37:03 - DEBUG - __main__ -   label: 1
08/16/2023 18:37:03 - DEBUG - __main__ -   pred: 2
08/16/2023 18:37:03 - DEBUG - __main__ -   label: 4
08/16/2023 18:37:03 - DEBUG - __main__ -   pred: 3
08/16/2023 18:37:03 - DEBUG - __main__ -   label: 3
08/16/2023 18:37:03 - DEBUG - __main__ -   pred: 4
08/16/2023 18:37:03 - DEBUG - __main__ -   label: 4
08/16/2023 18:37:03 - DEBUG - __main__ -   pred: 3
08/16/2023 18:37:03 - DEBUG - __main__ -   label: 3
08/16/2023 18:37:03 - DEBUG - __main__ -   pred: 2
08/16/2023 18:37:03 - DEBUG - __main__ -   label: 4
08/16/2023 18:37:03 - DEBUG - __main__ -   pred: 4
08/16/2023 18:37:03 - DEBUG - __main__ -   label: 1
08/16/2023 18:37:03 - DEBUG - __main__ -   pred: 2
08/16/2023 18:37:03 - DEBUG - __main__ -   label: 5
08/16/2023 18:37:03 - DEBUG - __main__ -   pred: 5
08/16/2023 18:37:03 - DEBUG - __main__ -   label: 5
08/16/2023 18:37:03 - DEBUG - __main__ -   pred: 5
08/16/2023 18:37:03 - DEBUG - __main__ -   label: 4
08/16/2023 18:37:03 - DEBUG - __main__ -   pred: 5
08/16/2023 18:37:03 - DEBUG - __main__ -   label: 4
08/16/2023 18:37:03 - DEBUG - __main__ -   pred: 4
08/16/2023 18:37:03 - DEBUG - __main__ -   label: 2
08/16/2023 18:37:03 - DEBUG - __main__ -   pred: 4
08/16/2023 18:37:03 - DEBUG - __main__ -   label: 5
08/16/2023 18:37:03 - DEBUG - __main__ -   pred: 5
08/16/2023 18:37:03 - DEBUG - __main__ -   label: 2
08/16/2023 18:37:03 - DEBUG - __main__ -   pred: 2
08/16/2023 18:37:03 - DEBUG - __main__ -   label: 4
08/16/2023 18:37:03 - DEBUG - __main__ -   pred: 5
08/16/2023 18:37:03 - DEBUG - __main__ -   label: 2
08/16/2023 18:37:03 - DEBUG - __main__ -   pred: 2
08/16/2023 18:37:03 - DEBUG - __main__ -   label: 6
08/16/2023 18:37:03 - DEBUG - __main__ -   pred: 3
08/16/2023 18:37:03 - DEBUG - __main__ -   label: 2
08/16/2023 18:37:03 - DEBUG - __main__ -   pred: 3
08/16/2023 18:37:03 - DEBUG - __main__ -   label: 1
08/16/2023 18:37:03 - DEBUG - __main__ -   pred: 2
08/16/2023 18:37:03 - DEBUG - __main__ -   label: 3
08/16/2023 18:37:03 - DEBUG - __main__ -   pred: 4
08/16/2023 18:37:03 - DEBUG - __main__ -   label: 4
08/16/2023 18:37:03 - DEBUG - __main__ -   pred: 4
08/16/2023 18:37:03 - DEBUG - __main__ -   label: 3
08/16/2023 18:37:03 - DEBUG - __main__ -   pred: 4
08/16/2023 18:37:03 - DEBUG - __main__ -   label: 5
08/16/2023 18:37:03 - DEBUG - __main__ -   pred: 4
08/16/2023 18:37:03 - DEBUG - __main__ -   label: 2
08/16/2023 18:37:03 - DEBUG - __main__ -   pred: 2
08/16/2023 18:37:03 - DEBUG - __main__ -   label: 2
08/16/2023 18:37:03 - DEBUG - __main__ -   pred: 3
08/16/2023 18:37:03 - DEBUG - __main__ -   label: 4
08/16/2023 18:37:03 - DEBUG - __main__ -   pred: 5
08/16/2023 18:37:03 - DEBUG - __main__ -   label: 2
08/16/2023 18:37:03 - DEBUG - __main__ -   pred: 2
08/16/2023 18:37:03 - DEBUG - __main__ -   label: 2
08/16/2023 18:37:03 - DEBUG - __main__ -   pred: 2
08/16/2023 18:37:03 - DEBUG - __main__ -   label: 2
08/16/2023 18:37:03 - DEBUG - __main__ -   pred: 2
08/16/2023 18:37:03 - DEBUG - __main__ -   label: 1
08/16/2023 18:37:03 - DEBUG - __main__ -   pred: 1
08/16/2023 18:37:03 - DEBUG - __main__ -   label: 1
08/16/2023 18:37:03 - DEBUG - __main__ -   pred: 1
08/16/2023 18:37:03 - DEBUG - __main__ -   label: 2
08/16/2023 18:37:03 - DEBUG - __main__ -   pred: 1
08/16/2023 18:37:03 - DEBUG - __main__ -   label: 1
08/16/2023 18:37:03 - DEBUG - __main__ -   pred: 2
08/16/2023 18:37:03 - DEBUG - __main__ -   label: 1
08/16/2023 18:37:03 - DEBUG - __main__ -   pred: 1
08/16/2023 18:37:03 - DEBUG - __main__ -   label: 2
08/16/2023 18:37:03 - DEBUG - __main__ -   pred: 2
08/16/2023 18:37:03 - DEBUG - __main__ -   label: 2
08/16/2023 18:37:03 - DEBUG - __main__ -   pred: 2
08/16/2023 18:37:03 - DEBUG - __main__ -   label: 2
08/16/2023 18:37:03 - DEBUG - __main__ -   pred: 2
08/16/2023 18:37:03 - DEBUG - __main__ -   label: 2
08/16/2023 18:37:03 - DEBUG - __main__ -   pred: 1
08/16/2023 18:37:03 - DEBUG - __main__ -   label: 2
08/16/2023 18:37:03 - DEBUG - __main__ -   pred: 2
08/16/2023 18:37:03 - DEBUG - __main__ -   label: 2
08/16/2023 18:37:03 - DEBUG - __main__ -   pred: 2
08/16/2023 18:37:03 - DEBUG - __main__ -   label: 6
08/16/2023 18:37:03 - DEBUG - __main__ -   pred: 5
08/16/2023 18:37:03 - DEBUG - __main__ -   label: 6
08/16/2023 18:37:03 - DEBUG - __main__ -   pred: 5
08/16/2023 18:37:03 - DEBUG - __main__ -   label: 5
08/16/2023 18:37:03 - DEBUG - __main__ -   pred: 5
08/16/2023 18:37:03 - DEBUG - __main__ -   label: 5
08/16/2023 18:37:03 - DEBUG - __main__ -   pred: 4
08/16/2023 18:37:03 - DEBUG - __main__ -   label: 5
08/16/2023 18:37:03 - DEBUG - __main__ -   pred: 5
08/16/2023 18:37:03 - DEBUG - __main__ -   label: 6
08/16/2023 18:37:03 - DEBUG - __main__ -   pred: 4
08/16/2023 18:37:03 - DEBUG - __main__ -   label: 2
08/16/2023 18:37:03 - DEBUG - __main__ -   pred: 1
08/16/2023 18:37:03 - DEBUG - __main__ -   label: 2
08/16/2023 18:37:03 - DEBUG - __main__ -   pred: 2
08/16/2023 18:37:03 - DEBUG - __main__ -   label: 1
08/16/2023 18:37:03 - DEBUG - __main__ -   pred: 2
08/16/2023 18:37:03 - DEBUG - __main__ -   label: 1
08/16/2023 18:37:03 - DEBUG - __main__ -   pred: 1
08/16/2023 18:37:03 - DEBUG - __main__ -   label: 1
08/16/2023 18:37:03 - DEBUG - __main__ -   pred: 2
08/16/2023 18:37:03 - DEBUG - __main__ -   label: 1
08/16/2023 18:37:03 - DEBUG - __main__ -   pred: 1
08/16/2023 18:37:03 - DEBUG - __main__ -   label: 2
08/16/2023 18:37:03 - DEBUG - __main__ -   pred: 3
08/16/2023 18:37:03 - DEBUG - __main__ -   label: 2
08/16/2023 18:37:03 - DEBUG - __main__ -   pred: 1
08/16/2023 18:37:03 - DEBUG - __main__ -   label: 1
08/16/2023 18:37:03 - DEBUG - __main__ -   pred: 1
08/16/2023 18:37:03 - DEBUG - __main__ -   label: 1
08/16/2023 18:37:03 - DEBUG - __main__ -   pred: 1
08/16/2023 18:37:03 - DEBUG - __main__ -   label: 2
08/16/2023 18:37:03 - DEBUG - __main__ -   pred: 2
08/16/2023 18:37:03 - DEBUG - __main__ -   label: 2
08/16/2023 18:37:03 - DEBUG - __main__ -   pred: 2
08/16/2023 18:37:03 - DEBUG - __main__ -   label: 2
08/16/2023 18:37:03 - DEBUG - __main__ -   pred: 2
08/16/2023 18:37:03 - DEBUG - __main__ -   label: 2
08/16/2023 18:37:03 - DEBUG - __main__ -   pred: 2
08/16/2023 18:37:03 - DEBUG - __main__ -   label: 5
08/16/2023 18:37:03 - DEBUG - __main__ -   pred: 5
08/16/2023 18:37:03 - DEBUG - __main__ -   label: 5
08/16/2023 18:37:03 - DEBUG - __main__ -   pred: 5
08/16/2023 18:37:03 - DEBUG - __main__ -   label: 4
08/16/2023 18:37:03 - DEBUG - __main__ -   pred: 4
08/16/2023 18:37:03 - DEBUG - __main__ -   label: 5
08/16/2023 18:37:03 - DEBUG - __main__ -   pred: 5
08/16/2023 18:37:03 - DEBUG - __main__ -   label: 5
08/16/2023 18:37:03 - DEBUG - __main__ -   pred: 5
08/16/2023 18:37:03 - DEBUG - __main__ -   label: 5
08/16/2023 18:37:03 - DEBUG - __main__ -   pred: 5
08/16/2023 18:37:03 - DEBUG - __main__ -   label: 3
08/16/2023 18:37:03 - DEBUG - __main__ -   pred: 3
08/16/2023 18:37:03 - DEBUG - __main__ -   label: 5
08/16/2023 18:37:03 - DEBUG - __main__ -   pred: 5
08/16/2023 18:37:03 - DEBUG - __main__ -   label: 5
08/16/2023 18:37:03 - DEBUG - __main__ -   pred: 5
08/16/2023 18:37:03 - DEBUG - __main__ -   label: 4
08/16/2023 18:37:03 - DEBUG - __main__ -   pred: 5
08/16/2023 18:37:03 - DEBUG - __main__ -   label: 2
08/16/2023 18:37:03 - DEBUG - __main__ -   pred: 2
08/16/2023 18:37:03 - DEBUG - __main__ -   label: 4
08/16/2023 18:37:03 - DEBUG - __main__ -   pred: 4
08/16/2023 18:37:03 - DEBUG - __main__ -   label: 5
08/16/2023 18:37:03 - DEBUG - __main__ -   pred: 5
08/16/2023 18:37:03 - DEBUG - __main__ -   label: 2
08/16/2023 18:37:03 - DEBUG - __main__ -   pred: 2
08/16/2023 18:37:03 - DEBUG - __main__ -   label: 3
08/16/2023 18:37:03 - DEBUG - __main__ -   pred: 2
08/16/2023 18:37:03 - DEBUG - __main__ -   label: 3
08/16/2023 18:37:03 - DEBUG - __main__ -   pred: 2
08/16/2023 18:37:03 - DEBUG - __main__ -   label: 2
08/16/2023 18:37:03 - DEBUG - __main__ -   pred: 1
08/16/2023 18:37:03 - DEBUG - __main__ -   label: 2
08/16/2023 18:37:03 - DEBUG - __main__ -   pred: 2
08/16/2023 18:37:03 - DEBUG - __main__ -   label: 3
08/16/2023 18:37:03 - DEBUG - __main__ -   pred: 2
08/16/2023 18:37:03 - DEBUG - __main__ -   label: 2
08/16/2023 18:37:03 - DEBUG - __main__ -   pred: 1
08/16/2023 18:37:03 - DEBUG - __main__ -   label: 2
08/16/2023 18:37:03 - DEBUG - __main__ -   pred: 2
08/16/2023 18:37:03 - DEBUG - __main__ -   label: 2
08/16/2023 18:37:03 - DEBUG - __main__ -   pred: 2
08/16/2023 18:37:03 - DEBUG - __main__ -   label: 2
08/16/2023 18:37:03 - DEBUG - __main__ -   pred: 2
08/16/2023 18:37:03 - DEBUG - __main__ -   label: 2
08/16/2023 18:37:03 - DEBUG - __main__ -   pred: 2
08/16/2023 18:37:03 - DEBUG - __main__ -   label: 1
08/16/2023 18:37:03 - DEBUG - __main__ -   pred: 1
08/16/2023 18:37:03 - DEBUG - __main__ -   label: 2
08/16/2023 18:37:03 - DEBUG - __main__ -   pred: 2
08/16/2023 18:37:03 - DEBUG - __main__ -   label: 2
08/16/2023 18:37:03 - DEBUG - __main__ -   pred: 1
08/16/2023 18:37:03 - DEBUG - __main__ -   label: 2
08/16/2023 18:37:03 - DEBUG - __main__ -   pred: 1
08/16/2023 18:37:03 - DEBUG - __main__ -   label: 1
08/16/2023 18:37:03 - DEBUG - __main__ -   pred: 1
08/16/2023 18:37:03 - DEBUG - __main__ -   label: 3
08/16/2023 18:37:03 - DEBUG - __main__ -   pred: 2
08/16/2023 18:37:03 - DEBUG - __main__ -   label: 2
08/16/2023 18:37:03 - DEBUG - __main__ -   pred: 2
08/16/2023 18:37:03 - DEBUG - __main__ -   label: 1
08/16/2023 18:37:03 - DEBUG - __main__ -   pred: 2
08/16/2023 18:37:03 - DEBUG - __main__ -   label: 1
08/16/2023 18:37:03 - DEBUG - __main__ -   pred: 2
08/16/2023 18:37:03 - DEBUG - __main__ -   label: 2
08/16/2023 18:37:03 - DEBUG - __main__ -   pred: 2
08/16/2023 18:37:03 - DEBUG - __main__ -   label: 4
08/16/2023 18:37:03 - DEBUG - __main__ -   pred: 3
08/16/2023 18:37:03 - DEBUG - __main__ -   label: 5
08/16/2023 18:37:03 - DEBUG - __main__ -   pred: 4
08/16/2023 18:37:03 - DEBUG - __main__ -   label: 5
08/16/2023 18:37:03 - DEBUG - __main__ -   pred: 5
08/16/2023 18:37:03 - DEBUG - __main__ -   label: 6
08/16/2023 18:37:03 - DEBUG - __main__ -   pred: 5
08/16/2023 18:37:03 - DEBUG - __main__ -   label: 4
08/16/2023 18:37:03 - DEBUG - __main__ -   pred: 3
08/16/2023 18:37:03 - DEBUG - __main__ -   label: 5
08/16/2023 18:37:03 - DEBUG - __main__ -   pred: 5
08/16/2023 18:37:03 - DEBUG - __main__ -   label: 4
08/16/2023 18:37:03 - DEBUG - __main__ -   pred: 5
08/16/2023 18:37:03 - DEBUG - __main__ -   label: 5
08/16/2023 18:37:03 - DEBUG - __main__ -   pred: 5
08/16/2023 18:37:03 - DEBUG - __main__ -   label: 3
08/16/2023 18:37:03 - DEBUG - __main__ -   pred: 2
08/16/2023 18:37:03 - DEBUG - __main__ -   label: 5
08/16/2023 18:37:03 - DEBUG - __main__ -   pred: 5
08/16/2023 18:37:03 - DEBUG - __main__ -   label: 6
08/16/2023 18:37:03 - DEBUG - __main__ -   pred: 5
08/16/2023 18:37:03 - DEBUG - __main__ -   label: 2
08/16/2023 18:37:03 - DEBUG - __main__ -   pred: 2
08/16/2023 18:37:03 - DEBUG - __main__ -   label: 2
08/16/2023 18:37:03 - DEBUG - __main__ -   pred: 2
08/16/2023 18:37:03 - DEBUG - __main__ -   label: 2
08/16/2023 18:37:03 - DEBUG - __main__ -   pred: 1
08/16/2023 18:37:03 - DEBUG - __main__ -   label: 2
08/16/2023 18:37:03 - DEBUG - __main__ -   pred: 1
08/16/2023 18:37:03 - DEBUG - __main__ -   label: 3
08/16/2023 18:37:03 - DEBUG - __main__ -   pred: 2
08/16/2023 18:37:03 - DEBUG - __main__ -   label: 2
08/16/2023 18:37:03 - DEBUG - __main__ -   pred: 1
08/16/2023 18:37:03 - DEBUG - __main__ -   label: 3
08/16/2023 18:37:03 - DEBUG - __main__ -   pred: 2
08/16/2023 18:37:03 - DEBUG - __main__ -   label: 3
08/16/2023 18:37:03 - DEBUG - __main__ -   pred: 1
08/16/2023 18:37:03 - DEBUG - __main__ -   label: 3
08/16/2023 18:37:03 - DEBUG - __main__ -   pred: 1
08/16/2023 18:37:03 - DEBUG - __main__ -   label: 3
08/16/2023 18:37:03 - DEBUG - __main__ -   pred: 2
08/16/2023 18:37:03 - DEBUG - __main__ -   label: 3
08/16/2023 18:37:03 - DEBUG - __main__ -   pred: 1
08/16/2023 18:37:03 - DEBUG - __main__ -   label: 3
08/16/2023 18:37:03 - DEBUG - __main__ -   pred: 1
08/16/2023 18:37:03 - DEBUG - __main__ -   label: 2
08/16/2023 18:37:03 - DEBUG - __main__ -   pred: 1
08/16/2023 18:37:03 - DEBUG - __main__ -   label: 3
08/16/2023 18:37:03 - DEBUG - __main__ -   pred: 2
08/16/2023 18:37:03 - DEBUG - __main__ -   label: 3
08/16/2023 18:37:03 - DEBUG - __main__ -   pred: 1
08/16/2023 18:37:03 - DEBUG - __main__ -   label: 2
08/16/2023 18:37:03 - DEBUG - __main__ -   pred: 1
08/16/2023 18:37:03 - DEBUG - __main__ -   label: 3
08/16/2023 18:37:03 - DEBUG - __main__ -   pred: 2
08/16/2023 18:37:03 - DEBUG - __main__ -   label: 2
08/16/2023 18:37:03 - DEBUG - __main__ -   pred: 1
08/16/2023 18:37:03 - DEBUG - __main__ -   label: 3
08/16/2023 18:37:03 - DEBUG - __main__ -   pred: 2
08/16/2023 18:37:03 - DEBUG - __main__ -   label: 3
08/16/2023 18:37:03 - DEBUG - __main__ -   pred: 2
08/16/2023 18:37:03 - DEBUG - __main__ -   label: 2
08/16/2023 18:37:03 - DEBUG - __main__ -   pred: 1
08/16/2023 18:37:03 - DEBUG - __main__ -   label: 3
08/16/2023 18:37:03 - DEBUG - __main__ -   pred: 1
08/16/2023 18:37:03 - DEBUG - __main__ -   label: 6
08/16/2023 18:37:03 - DEBUG - __main__ -   pred: 5
08/16/2023 18:37:03 - DEBUG - __main__ -   label: 5
08/16/2023 18:37:03 - DEBUG - __main__ -   pred: 5
08/16/2023 18:37:03 - DEBUG - __main__ -   label: 5
08/16/2023 18:37:03 - DEBUG - __main__ -   pred: 4
08/16/2023 18:37:03 - DEBUG - __main__ -   label: 5
08/16/2023 18:37:03 - DEBUG - __main__ -   pred: 4
08/16/2023 18:37:03 - DEBUG - __main__ -   label: 4
08/16/2023 18:37:03 - DEBUG - __main__ -   pred: 5
08/16/2023 18:37:03 - DEBUG - __main__ -   label: 6
08/16/2023 18:37:03 - DEBUG - __main__ -   pred: 5
08/16/2023 18:37:03 - DEBUG - __main__ -   label: 6
08/16/2023 18:37:03 - DEBUG - __main__ -   pred: 5
08/16/2023 18:37:03 - DEBUG - __main__ -   label: 5
08/16/2023 18:37:03 - DEBUG - __main__ -   pred: 5
08/16/2023 18:37:03 - DEBUG - __main__ -   label: 2
08/16/2023 18:37:03 - DEBUG - __main__ -   pred: 2
08/16/2023 18:37:03 - DEBUG - __main__ -   label: 3
08/16/2023 18:37:03 - DEBUG - __main__ -   pred: 2
08/16/2023 18:37:03 - DEBUG - __main__ -   label: 3
08/16/2023 18:37:03 - DEBUG - __main__ -   pred: 2
08/16/2023 18:37:03 - DEBUG - __main__ -   label: 1
08/16/2023 18:37:03 - DEBUG - __main__ -   pred: 2
08/16/2023 18:37:03 - DEBUG - __main__ -   label: 2
08/16/2023 18:37:03 - DEBUG - __main__ -   pred: 2
08/16/2023 18:37:03 - DEBUG - __main__ -   label: 3
08/16/2023 18:37:03 - DEBUG - __main__ -   pred: 2
08/16/2023 18:37:03 - DEBUG - __main__ -   label: 2
08/16/2023 18:37:03 - DEBUG - __main__ -   pred: 2
08/16/2023 18:37:03 - DEBUG - __main__ -   label: 2
08/16/2023 18:37:03 - DEBUG - __main__ -   pred: 2
08/16/2023 18:37:03 - DEBUG - __main__ -   label: 1
08/16/2023 18:37:03 - DEBUG - __main__ -   pred: 1
08/16/2023 18:37:03 - DEBUG - __main__ -   label: 2
08/16/2023 18:37:03 - DEBUG - __main__ -   pred: 1
08/16/2023 18:37:03 - DEBUG - __main__ -   label: 2
08/16/2023 18:37:03 - DEBUG - __main__ -   pred: 2
08/16/2023 18:37:03 - DEBUG - __main__ -   label: 3
08/16/2023 18:37:03 - DEBUG - __main__ -   pred: 3
08/16/2023 18:37:03 - DEBUG - __main__ -   label: 2
08/16/2023 18:37:03 - DEBUG - __main__ -   pred: 2
08/16/2023 18:37:03 - DEBUG - __main__ -   label: 2
08/16/2023 18:37:03 - DEBUG - __main__ -   pred: 3
08/16/2023 18:37:03 - DEBUG - __main__ -   label: 5
08/16/2023 18:37:03 - DEBUG - __main__ -   pred: 4
08/16/2023 18:37:03 - DEBUG - __main__ -   label: 3
08/16/2023 18:37:03 - DEBUG - __main__ -   pred: 4
08/16/2023 18:37:03 - DEBUG - __main__ -   label: 5
08/16/2023 18:37:03 - DEBUG - __main__ -   pred: 5
08/16/2023 18:37:03 - DEBUG - __main__ -   label: 5
08/16/2023 18:37:03 - DEBUG - __main__ -   pred: 3
08/16/2023 18:37:03 - DEBUG - __main__ -   label: 4
08/16/2023 18:37:03 - DEBUG - __main__ -   pred: 4
08/16/2023 18:37:03 - DEBUG - __main__ -   label: 4
08/16/2023 18:37:03 - DEBUG - __main__ -   pred: 4
08/16/2023 18:37:03 - DEBUG - __main__ -   label: 5
08/16/2023 18:37:03 - DEBUG - __main__ -   pred: 4
08/16/2023 18:37:03 - DEBUG - __main__ -   label: 6
08/16/2023 18:37:03 - DEBUG - __main__ -   pred: 5
08/16/2023 18:37:03 - DEBUG - __main__ -   label: 5
08/16/2023 18:37:03 - DEBUG - __main__ -   pred: 5
08/16/2023 18:37:03 - DEBUG - __main__ -   label: 3
08/16/2023 18:37:03 - DEBUG - __main__ -   pred: 3
08/16/2023 18:37:03 - DEBUG - __main__ -   label: 5
08/16/2023 18:37:03 - DEBUG - __main__ -   pred: 5
08/16/2023 18:37:03 - DEBUG - __main__ -   label: 4
08/16/2023 18:37:03 - DEBUG - __main__ -   pred: 4
08/16/2023 18:37:03 - DEBUG - __main__ -   label: 6
08/16/2023 18:37:03 - DEBUG - __main__ -   pred: 5
08/16/2023 18:37:03 - DEBUG - __main__ -   label: 4
08/16/2023 18:37:03 - DEBUG - __main__ -   pred: 3
08/16/2023 18:37:03 - DEBUG - __main__ -   label: 5
08/16/2023 18:37:03 - DEBUG - __main__ -   pred: 4
08/16/2023 18:37:03 - DEBUG - __main__ -   label: 4
08/16/2023 18:37:03 - DEBUG - __main__ -   pred: 5
08/16/2023 18:37:03 - DEBUG - __main__ -   label: 4
08/16/2023 18:37:03 - DEBUG - __main__ -   pred: 4
08/16/2023 18:37:03 - DEBUG - __main__ -   label: 3
08/16/2023 18:37:03 - DEBUG - __main__ -   pred: 4
08/16/2023 18:37:03 - DEBUG - __main__ -   label: 4
08/16/2023 18:37:03 - DEBUG - __main__ -   pred: 4
08/16/2023 18:37:03 - DEBUG - __main__ -   label: 5
08/16/2023 18:37:03 - DEBUG - __main__ -   pred: 5
08/16/2023 18:37:03 - DEBUG - __main__ -   label: 4
08/16/2023 18:37:03 - DEBUG - __main__ -   pred: 4
08/16/2023 18:37:03 - DEBUG - __main__ -   label: 3
08/16/2023 18:37:03 - DEBUG - __main__ -   pred: 4
08/16/2023 18:37:03 - DEBUG - __main__ -   label: 4
08/16/2023 18:37:03 - DEBUG - __main__ -   pred: 4
08/16/2023 18:37:03 - DEBUG - __main__ -   label: 5
08/16/2023 18:37:03 - DEBUG - __main__ -   pred: 5
08/16/2023 18:37:03 - DEBUG - __main__ -   label: 6
08/16/2023 18:37:03 - DEBUG - __main__ -   pred: 5
08/16/2023 18:37:03 - DEBUG - __main__ -   label: 4
08/16/2023 18:37:03 - DEBUG - __main__ -   pred: 5
08/16/2023 18:37:03 - DEBUG - __main__ -   label: 5
08/16/2023 18:37:03 - DEBUG - __main__ -   pred: 5
08/16/2023 18:37:03 - DEBUG - __main__ -   label: 5
08/16/2023 18:37:03 - DEBUG - __main__ -   pred: 4
08/16/2023 18:37:03 - DEBUG - __main__ -   label: 6
08/16/2023 18:37:03 - DEBUG - __main__ -   pred: 5
08/16/2023 18:37:03 - DEBUG - __main__ -   label: 4
08/16/2023 18:37:03 - DEBUG - __main__ -   pred: 3
08/16/2023 18:37:03 - DEBUG - __main__ -   label: 2
08/16/2023 18:37:03 - DEBUG - __main__ -   pred: 2
08/16/2023 18:37:03 - DEBUG - __main__ -   label: 2
08/16/2023 18:37:03 - DEBUG - __main__ -   pred: 2
08/16/2023 18:37:03 - DEBUG - __main__ -   label: 3
08/16/2023 18:37:03 - DEBUG - __main__ -   pred: 2
08/16/2023 18:37:03 - DEBUG - __main__ -   label: 2
08/16/2023 18:37:03 - DEBUG - __main__ -   pred: 2
08/16/2023 18:37:03 - DEBUG - __main__ -   label: 2
08/16/2023 18:37:03 - DEBUG - __main__ -   pred: 2
08/16/2023 18:37:03 - DEBUG - __main__ -   label: 3
08/16/2023 18:37:03 - DEBUG - __main__ -   pred: 2
08/16/2023 18:37:03 - DEBUG - __main__ -   label: 3
08/16/2023 18:37:03 - DEBUG - __main__ -   pred: 1
08/16/2023 18:37:03 - DEBUG - __main__ -   label: 2
08/16/2023 18:37:03 - DEBUG - __main__ -   pred: 1
08/16/2023 18:37:03 - DEBUG - __main__ -   label: 2
08/16/2023 18:37:03 - DEBUG - __main__ -   pred: 1
08/16/2023 18:37:03 - DEBUG - __main__ -   label: 2
08/16/2023 18:37:03 - DEBUG - __main__ -   pred: 2
08/16/2023 18:37:03 - DEBUG - __main__ -   label: 3
08/16/2023 18:37:03 - DEBUG - __main__ -   pred: 1
08/16/2023 18:37:03 - DEBUG - __main__ -   label: 3
08/16/2023 18:37:03 - DEBUG - __main__ -   pred: 2
08/16/2023 18:37:03 - DEBUG - __main__ -   label: 3
08/16/2023 18:37:03 - DEBUG - __main__ -   pred: 1
08/16/2023 18:37:03 - DEBUG - __main__ -   label: 2
08/16/2023 18:37:03 - DEBUG - __main__ -   pred: 2
08/16/2023 18:37:03 - DEBUG - __main__ -   label: 4
08/16/2023 18:37:03 - DEBUG - __main__ -   pred: 5
08/16/2023 18:37:03 - DEBUG - __main__ -   label: 4
08/16/2023 18:37:03 - DEBUG - __main__ -   pred: 4
08/16/2023 18:37:03 - DEBUG - __main__ -   label: 4
08/16/2023 18:37:03 - DEBUG - __main__ -   pred: 5
08/16/2023 18:37:03 - DEBUG - __main__ -   label: 3
08/16/2023 18:37:03 - DEBUG - __main__ -   pred: 4
08/16/2023 18:37:03 - DEBUG - __main__ -   label: 1
08/16/2023 18:37:03 - DEBUG - __main__ -   pred: 2
08/16/2023 18:37:03 - DEBUG - __main__ -   label: 1
08/16/2023 18:37:03 - DEBUG - __main__ -   pred: 2
08/16/2023 18:37:03 - DEBUG - __main__ -   label: 2
08/16/2023 18:37:03 - DEBUG - __main__ -   pred: 1
08/16/2023 18:37:03 - DEBUG - __main__ -   label: 1
08/16/2023 18:37:03 - DEBUG - __main__ -   pred: 1
08/16/2023 18:37:03 - DEBUG - __main__ -   label: 1
08/16/2023 18:37:03 - DEBUG - __main__ -   pred: 3
08/16/2023 18:37:03 - DEBUG - __main__ -   label: 1
08/16/2023 18:37:03 - DEBUG - __main__ -   pred: 2
08/16/2023 18:37:03 - DEBUG - __main__ -   label: 2
08/16/2023 18:37:03 - DEBUG - __main__ -   pred: 1
08/16/2023 18:37:03 - DEBUG - __main__ -   label: 2
08/16/2023 18:37:03 - DEBUG - __main__ -   pred: 2
08/16/2023 18:37:03 - DEBUG - __main__ -   label: 4
08/16/2023 18:37:03 - DEBUG - __main__ -   pred: 4
08/16/2023 18:37:03 - DEBUG - __main__ -   label: 4
08/16/2023 18:37:03 - DEBUG - __main__ -   pred: 5
08/16/2023 18:37:03 - DEBUG - __main__ -   label: 4
08/16/2023 18:37:03 - DEBUG - __main__ -   pred: 4
08/16/2023 18:37:03 - DEBUG - __main__ -   label: 4
08/16/2023 18:37:03 - DEBUG - __main__ -   pred: 4
08/16/2023 18:37:03 - DEBUG - __main__ -   label: 2
08/16/2023 18:37:03 - DEBUG - __main__ -   pred: 2
08/16/2023 18:37:03 - DEBUG - __main__ -   label: 1
08/16/2023 18:37:03 - DEBUG - __main__ -   pred: 2
08/16/2023 18:37:03 - DEBUG - __main__ -   label: 2
08/16/2023 18:37:03 - DEBUG - __main__ -   pred: 1
08/16/2023 18:37:03 - DEBUG - __main__ -   label: 1
08/16/2023 18:37:03 - DEBUG - __main__ -   pred: 2
08/16/2023 18:37:03 - DEBUG - __main__ -   label: 2
08/16/2023 18:37:03 - DEBUG - __main__ -   pred: 4
08/16/2023 18:37:03 - DEBUG - __main__ -   label: 0
08/16/2023 18:37:03 - DEBUG - __main__ -   pred: 2
08/16/2023 18:37:03 - DEBUG - __main__ -   label: 2
08/16/2023 18:37:03 - DEBUG - __main__ -   pred: 2
08/16/2023 18:37:03 - DEBUG - __main__ -   label: 0
08/16/2023 18:37:03 - DEBUG - __main__ -   pred: 1
08/16/2023 18:37:03 - DEBUG - __main__ -   label: 1
08/16/2023 18:37:03 - DEBUG - __main__ -   pred: 2
08/16/2023 18:37:03 - DEBUG - __main__ -   label: 1
08/16/2023 18:37:03 - DEBUG - __main__ -   pred: 1
08/16/2023 18:37:03 - DEBUG - __main__ -   label: 1
08/16/2023 18:37:03 - DEBUG - __main__ -   pred: 1
08/16/2023 18:37:03 - DEBUG - __main__ -   label: 1
08/16/2023 18:37:03 - DEBUG - __main__ -   pred: 2
08/16/2023 18:37:03 - DEBUG - __main__ -   label: 2
08/16/2023 18:37:03 - DEBUG - __main__ -   pred: 2
08/16/2023 18:37:03 - DEBUG - __main__ -   label: 1
08/16/2023 18:37:03 - DEBUG - __main__ -   pred: 1
08/16/2023 18:37:03 - DEBUG - __main__ -   label: 1
08/16/2023 18:37:03 - DEBUG - __main__ -   pred: 1
08/16/2023 18:37:03 - DEBUG - __main__ -   label: 1
08/16/2023 18:37:03 - DEBUG - __main__ -   pred: 3
08/16/2023 18:37:03 - DEBUG - __main__ -   label: 1
08/16/2023 18:37:03 - DEBUG - __main__ -   pred: 2
08/16/2023 18:37:03 - DEBUG - __main__ -   label: 1
08/16/2023 18:37:03 - DEBUG - __main__ -   pred: 2
08/16/2023 18:37:03 - DEBUG - __main__ -   label: 2
08/16/2023 18:37:03 - DEBUG - __main__ -   pred: 2
08/16/2023 18:37:03 - DEBUG - __main__ -   label: 4
08/16/2023 18:37:03 - DEBUG - __main__ -   pred: 4
08/16/2023 18:37:03 - DEBUG - __main__ -   label: 3
08/16/2023 18:37:03 - DEBUG - __main__ -   pred: 3
08/16/2023 18:37:03 - DEBUG - __main__ -   label: 3
08/16/2023 18:37:03 - DEBUG - __main__ -   pred: 3
08/16/2023 18:37:03 - DEBUG - __main__ -   label: 3
08/16/2023 18:37:03 - DEBUG - __main__ -   pred: 3
08/16/2023 18:37:03 - DEBUG - __main__ -   label: 4
08/16/2023 18:37:03 - DEBUG - __main__ -   pred: 5
08/16/2023 18:37:03 - DEBUG - __main__ -   label: 5
08/16/2023 18:37:03 - DEBUG - __main__ -   pred: 5
08/16/2023 18:37:03 - DEBUG - __main__ -   label: 3
08/16/2023 18:37:03 - DEBUG - __main__ -   pred: 3
08/16/2023 18:37:03 - DEBUG - __main__ -   label: 3
08/16/2023 18:37:03 - DEBUG - __main__ -   pred: 3
08/16/2023 18:37:03 - DEBUG - __main__ -   label: 3
08/16/2023 18:37:03 - DEBUG - __main__ -   pred: 3
08/16/2023 18:37:03 - DEBUG - __main__ -   label: 5
08/16/2023 18:37:03 - DEBUG - __main__ -   pred: 5
08/16/2023 18:37:03 - DEBUG - __main__ -   label: 5
08/16/2023 18:37:03 - DEBUG - __main__ -   pred: 5
08/16/2023 18:37:03 - DEBUG - __main__ -   label: 4
08/16/2023 18:37:03 - DEBUG - __main__ -   pred: 4
08/16/2023 18:37:03 - DEBUG - __main__ -   label: 5
08/16/2023 18:37:03 - DEBUG - __main__ -   pred: 5
08/16/2023 18:37:03 - DEBUG - __main__ -   label: 4
08/16/2023 18:37:03 - DEBUG - __main__ -   pred: 4
08/16/2023 18:37:03 - DEBUG - __main__ -   label: 5
08/16/2023 18:37:03 - DEBUG - __main__ -   pred: 5
08/16/2023 18:37:03 - DEBUG - __main__ -   label: 4
08/16/2023 18:37:03 - DEBUG - __main__ -   pred: 5
08/16/2023 18:37:03 - DEBUG - __main__ -   label: 4
08/16/2023 18:37:03 - DEBUG - __main__ -   pred: 5
08/16/2023 18:37:03 - DEBUG - __main__ -   label: 4
08/16/2023 18:37:03 - DEBUG - __main__ -   pred: 5
08/16/2023 18:37:03 - DEBUG - __main__ -   label: 5
08/16/2023 18:37:03 - DEBUG - __main__ -   pred: 4
08/16/2023 18:37:03 - DEBUG - __main__ -   label: 2
08/16/2023 18:37:03 - DEBUG - __main__ -   pred: 2
08/16/2023 18:37:03 - DEBUG - __main__ -   label: 1
08/16/2023 18:37:03 - DEBUG - __main__ -   pred: 3
08/16/2023 18:37:03 - DEBUG - __main__ -   label: 3
08/16/2023 18:37:03 - DEBUG - __main__ -   pred: 2
08/16/2023 18:37:03 - DEBUG - __main__ -   label: 0
08/16/2023 18:37:03 - DEBUG - __main__ -   pred: 2
08/16/2023 18:37:03 - DEBUG - __main__ -   label: 1
08/16/2023 18:37:03 - DEBUG - __main__ -   pred: 1
08/16/2023 18:37:03 - DEBUG - __main__ -   label: 2
08/16/2023 18:37:03 - DEBUG - __main__ -   pred: 1
08/16/2023 18:37:03 - DEBUG - __main__ -   label: 0
08/16/2023 18:37:03 - DEBUG - __main__ -   pred: 1
08/16/2023 18:37:03 - DEBUG - __main__ -   label: 0
08/16/2023 18:37:03 - DEBUG - __main__ -   pred: 2
08/16/2023 18:37:03 - DEBUG - __main__ -   label: 2
08/16/2023 18:37:03 - DEBUG - __main__ -   pred: 2
08/16/2023 18:37:03 - DEBUG - __main__ -   label: 1
08/16/2023 18:37:03 - DEBUG - __main__ -   pred: 1
08/16/2023 18:37:03 - DEBUG - __main__ -   label: 1
08/16/2023 18:37:03 - DEBUG - __main__ -   pred: 2
08/16/2023 18:37:03 - DEBUG - __main__ -   label: 1
08/16/2023 18:37:03 - DEBUG - __main__ -   pred: 1
08/16/2023 18:37:03 - DEBUG - __main__ -   label: 1
08/16/2023 18:37:03 - DEBUG - __main__ -   pred: 2
08/16/2023 18:37:03 - DEBUG - __main__ -   label: 1
08/16/2023 18:37:03 - DEBUG - __main__ -   pred: 2
08/16/2023 18:37:03 - DEBUG - __main__ -   label: 1
08/16/2023 18:37:03 - DEBUG - __main__ -   pred: 3
08/16/2023 18:37:03 - DEBUG - __main__ -   label: 1
08/16/2023 18:37:03 - DEBUG - __main__ -   pred: 1
08/16/2023 18:37:03 - DEBUG - __main__ -   label: 2
08/16/2023 18:37:03 - DEBUG - __main__ -   pred: 1
08/16/2023 18:37:03 - DEBUG - __main__ -   label: 1
08/16/2023 18:37:03 - DEBUG - __main__ -   pred: 1
08/16/2023 18:37:03 - DEBUG - __main__ -   label: 2
08/16/2023 18:37:03 - DEBUG - __main__ -   pred: 2
08/16/2023 18:37:03 - DEBUG - __main__ -   label: 0
08/16/2023 18:37:03 - DEBUG - __main__ -   pred: 1
08/16/2023 18:37:03 - DEBUG - __main__ -   label: 3
08/16/2023 18:37:03 - DEBUG - __main__ -   pred: 4
08/16/2023 18:37:03 - DEBUG - __main__ -   label: 6
08/16/2023 18:37:03 - DEBUG - __main__ -   pred: 5
08/16/2023 18:37:03 - DEBUG - __main__ -   label: 4
08/16/2023 18:37:03 - DEBUG - __main__ -   pred: 5
08/16/2023 18:37:03 - DEBUG - __main__ -   label: 2
08/16/2023 18:37:03 - DEBUG - __main__ -   pred: 3
08/16/2023 18:37:03 - DEBUG - __main__ -   label: 6
08/16/2023 18:37:03 - DEBUG - __main__ -   pred: 5
08/16/2023 18:37:03 - DEBUG - __main__ -   label: 6
08/16/2023 18:37:03 - DEBUG - __main__ -   pred: 5
08/16/2023 18:37:03 - DEBUG - __main__ -   label: 3
08/16/2023 18:37:03 - DEBUG - __main__ -   pred: 3
08/16/2023 18:37:03 - DEBUG - __main__ -   label: 4
08/16/2023 18:37:03 - DEBUG - __main__ -   pred: 3
08/16/2023 18:37:03 - DEBUG - __main__ -   label: 4
08/16/2023 18:37:03 - DEBUG - __main__ -   pred: 5
08/16/2023 18:37:03 - DEBUG - __main__ -   label: 5
08/16/2023 18:37:03 - DEBUG - __main__ -   pred: 4
08/16/2023 18:37:03 - DEBUG - __main__ -   label: 5
08/16/2023 18:37:03 - DEBUG - __main__ -   pred: 5
08/16/2023 18:37:03 - DEBUG - __main__ -   label: 4
08/16/2023 18:37:03 - DEBUG - __main__ -   pred: 5
08/16/2023 18:37:03 - DEBUG - __main__ -   label: 5
08/16/2023 18:37:03 - DEBUG - __main__ -   pred: 5
08/16/2023 18:37:03 - DEBUG - __main__ -   label: 1
08/16/2023 18:37:03 - DEBUG - __main__ -   pred: 1
08/16/2023 18:37:03 - DEBUG - __main__ -   label: 2
08/16/2023 18:37:03 - DEBUG - __main__ -   pred: 1
08/16/2023 18:37:03 - DEBUG - __main__ -   label: 1
08/16/2023 18:37:03 - DEBUG - __main__ -   pred: 3
08/16/2023 18:37:03 - DEBUG - __main__ -   label: 1
08/16/2023 18:37:03 - DEBUG - __main__ -   pred: 3
08/16/2023 18:37:03 - DEBUG - __main__ -   label: 1
08/16/2023 18:37:03 - DEBUG - __main__ -   pred: 2
08/16/2023 18:37:03 - DEBUG - __main__ -   label: 2
08/16/2023 18:37:03 - DEBUG - __main__ -   pred: 1
08/16/2023 18:37:03 - DEBUG - __main__ -   label: 1
08/16/2023 18:37:03 - DEBUG - __main__ -   pred: 2
08/16/2023 18:37:03 - DEBUG - __main__ -   label: 2
08/16/2023 18:37:03 - DEBUG - __main__ -   pred: 2
08/16/2023 18:37:03 - DEBUG - __main__ -   label: 1
08/16/2023 18:37:03 - DEBUG - __main__ -   pred: 1
08/16/2023 18:37:03 - DEBUG - __main__ -   label: 2
08/16/2023 18:37:03 - DEBUG - __main__ -   pred: 4
08/16/2023 18:37:03 - DEBUG - __main__ -   label: 4
08/16/2023 18:37:03 - DEBUG - __main__ -   pred: 4
08/16/2023 18:37:03 - DEBUG - __main__ -   label: 4
08/16/2023 18:37:03 - DEBUG - __main__ -   pred: 5
08/16/2023 18:37:03 - DEBUG - __main__ -   label: 2
08/16/2023 18:37:03 - DEBUG - __main__ -   pred: 3
08/16/2023 18:37:03 - DEBUG - __main__ -   label: 4
08/16/2023 18:37:03 - DEBUG - __main__ -   pred: 5
08/16/2023 18:37:03 - DEBUG - __main__ -   label: 4
08/16/2023 18:37:03 - DEBUG - __main__ -   pred: 4
08/16/2023 18:37:03 - DEBUG - __main__ -   label: 4
08/16/2023 18:37:03 - DEBUG - __main__ -   pred: 4
08/16/2023 18:37:03 - DEBUG - __main__ -   label: 4
08/16/2023 18:37:03 - DEBUG - __main__ -   pred: 4
08/16/2023 18:37:03 - DEBUG - __main__ -   label: 3
08/16/2023 18:37:03 - DEBUG - __main__ -   pred: 2
08/16/2023 18:37:03 - DEBUG - __main__ -   label: 2
08/16/2023 18:37:03 - DEBUG - __main__ -   pred: 1
08/16/2023 18:37:03 - DEBUG - __main__ -   label: 0
08/16/2023 18:37:03 - DEBUG - __main__ -   pred: 2
08/16/2023 18:37:03 - DEBUG - __main__ -   label: 2
08/16/2023 18:37:03 - DEBUG - __main__ -   pred: 2
08/16/2023 18:37:03 - DEBUG - __main__ -   label: 2
08/16/2023 18:37:03 - DEBUG - __main__ -   pred: 2
08/16/2023 18:37:03 - DEBUG - __main__ -   label: 2
08/16/2023 18:37:03 - DEBUG - __main__ -   pred: 2
08/16/2023 18:37:03 - DEBUG - __main__ -   label: 1
08/16/2023 18:37:03 - DEBUG - __main__ -   pred: 1
08/16/2023 18:37:03 - DEBUG - __main__ -   label: 1
08/16/2023 18:37:03 - DEBUG - __main__ -   pred: 1
08/16/2023 18:37:03 - DEBUG - __main__ -   label: 2
08/16/2023 18:37:03 - DEBUG - __main__ -   pred: 3
08/16/2023 18:37:03 - DEBUG - __main__ -   label: 2
08/16/2023 18:37:03 - DEBUG - __main__ -   pred: 1
08/16/2023 18:37:03 - DEBUG - __main__ -   label: 2
08/16/2023 18:37:03 - DEBUG - __main__ -   pred: 1
08/16/2023 18:37:03 - DEBUG - __main__ -   label: 2
08/16/2023 18:37:03 - DEBUG - __main__ -   pred: 1
08/16/2023 18:37:03 - DEBUG - __main__ -   label: 2
08/16/2023 18:37:03 - DEBUG - __main__ -   pred: 2
08/16/2023 18:37:03 - DEBUG - __main__ -   label: 3
08/16/2023 18:37:03 - DEBUG - __main__ -   pred: 4
08/16/2023 18:37:03 - DEBUG - __main__ -   label: 1
08/16/2023 18:37:03 - DEBUG - __main__ -   pred: 2
08/16/2023 18:37:03 - DEBUG - __main__ -   label: 2
08/16/2023 18:37:03 - DEBUG - __main__ -   pred: 2
08/16/2023 18:37:03 - DEBUG - __main__ -   label: 3
08/16/2023 18:37:03 - DEBUG - __main__ -   pred: 3
08/16/2023 18:37:03 - DEBUG - __main__ -   label: 5
08/16/2023 18:37:03 - DEBUG - __main__ -   pred: 5
08/16/2023 18:37:03 - DEBUG - __main__ -   label: 4
08/16/2023 18:37:03 - DEBUG - __main__ -   pred: 4
08/16/2023 18:37:03 - DEBUG - __main__ -   label: 4
08/16/2023 18:37:03 - DEBUG - __main__ -   pred: 4
08/16/2023 18:37:03 - DEBUG - __main__ -   label: 4
08/16/2023 18:37:03 - DEBUG - __main__ -   pred: 4
08/16/2023 18:37:03 - DEBUG - __main__ -   label: 5
08/16/2023 18:37:03 - DEBUG - __main__ -   pred: 5
08/16/2023 18:37:03 - DEBUG - __main__ -   label: 5
08/16/2023 18:37:03 - DEBUG - __main__ -   pred: 5
08/16/2023 18:37:03 - DEBUG - __main__ -   label: 4
08/16/2023 18:37:03 - DEBUG - __main__ -   pred: 3
08/16/2023 18:37:03 - DEBUG - __main__ -   label: 4
08/16/2023 18:37:03 - DEBUG - __main__ -   pred: 4
08/16/2023 18:37:03 - DEBUG - __main__ -   label: 3
08/16/2023 18:37:03 - DEBUG - __main__ -   pred: 3
08/16/2023 18:37:03 - DEBUG - __main__ -   label: 4
08/16/2023 18:37:03 - DEBUG - __main__ -   pred: 4
08/16/2023 18:37:03 - DEBUG - __main__ -   label: 4
08/16/2023 18:37:03 - DEBUG - __main__ -   pred: 5
08/16/2023 18:37:03 - DEBUG - __main__ -   label: 1
08/16/2023 18:37:03 - DEBUG - __main__ -   pred: 2
08/16/2023 18:37:03 - DEBUG - __main__ -   label: 2
08/16/2023 18:37:03 - DEBUG - __main__ -   pred: 2
08/16/2023 18:37:03 - DEBUG - __main__ -   label: 3
08/16/2023 18:37:03 - DEBUG - __main__ -   pred: 2
08/16/2023 18:37:03 - DEBUG - __main__ -   label: 0
08/16/2023 18:37:03 - DEBUG - __main__ -   pred: 1
08/16/2023 18:37:03 - DEBUG - __main__ -   label: 1
08/16/2023 18:37:03 - DEBUG - __main__ -   pred: 2
08/16/2023 18:37:03 - DEBUG - __main__ -   label: 1
08/16/2023 18:37:03 - DEBUG - __main__ -   pred: 1
08/16/2023 18:37:03 - DEBUG - __main__ -   label: 3
08/16/2023 18:37:03 - DEBUG - __main__ -   pred: 1
08/16/2023 18:37:03 - DEBUG - __main__ -   label: 1
08/16/2023 18:37:03 - DEBUG - __main__ -   pred: 1
08/16/2023 18:37:03 - DEBUG - __main__ -   label: 1
08/16/2023 18:37:03 - DEBUG - __main__ -   pred: 1
08/16/2023 18:37:03 - DEBUG - __main__ -   label: 2
08/16/2023 18:37:03 - DEBUG - __main__ -   pred: 1
08/16/2023 18:37:03 - DEBUG - __main__ -   label: 2
08/16/2023 18:37:03 - DEBUG - __main__ -   pred: 2
08/16/2023 18:37:03 - DEBUG - __main__ -   label: 2
08/16/2023 18:37:03 - DEBUG - __main__ -   pred: 1
08/16/2023 18:37:03 - DEBUG - __main__ -   label: 2
08/16/2023 18:37:03 - DEBUG - __main__ -   pred: 2
08/16/2023 18:37:03 - DEBUG - __main__ -   label: 5
08/16/2023 18:37:03 - DEBUG - __main__ -   pred: 5
08/16/2023 18:37:03 - DEBUG - __main__ -   label: 2
08/16/2023 18:37:03 - DEBUG - __main__ -   pred: 2
08/16/2023 18:37:03 - DEBUG - __main__ -   label: 6
08/16/2023 18:37:03 - DEBUG - __main__ -   pred: 5
08/16/2023 18:37:03 - DEBUG - __main__ -   label: 5
08/16/2023 18:37:03 - DEBUG - __main__ -   pred: 5
08/16/2023 18:37:03 - DEBUG - __main__ -   label: 5
08/16/2023 18:37:03 - DEBUG - __main__ -   pred: 5
08/16/2023 18:37:03 - DEBUG - __main__ -   label: 5
08/16/2023 18:37:03 - DEBUG - __main__ -   pred: 4
08/16/2023 18:37:03 - DEBUG - __main__ -   label: 5
08/16/2023 18:37:03 - DEBUG - __main__ -   pred: 4
08/16/2023 18:37:03 - DEBUG - __main__ -   label: 3
08/16/2023 18:37:03 - DEBUG - __main__ -   pred: 3
08/16/2023 18:37:03 - DEBUG - __main__ -   label: 4
08/16/2023 18:37:03 - DEBUG - __main__ -   pred: 4
08/16/2023 18:37:03 - DEBUG - __main__ -   label: 2
08/16/2023 18:37:03 - DEBUG - __main__ -   pred: 2
08/16/2023 18:37:03 - DEBUG - __main__ -   label: 2
08/16/2023 18:37:03 - DEBUG - __main__ -   pred: 2
08/16/2023 18:37:03 - DEBUG - __main__ -   label: 2
08/16/2023 18:37:03 - DEBUG - __main__ -   pred: 2
08/16/2023 18:37:03 - DEBUG - __main__ -   label: 3
08/16/2023 18:37:03 - DEBUG - __main__ -   pred: 2
08/16/2023 18:37:03 - DEBUG - __main__ -   label: 1
08/16/2023 18:37:03 - DEBUG - __main__ -   pred: 1
08/16/2023 18:37:03 - DEBUG - __main__ -   label: 2
08/16/2023 18:37:03 - DEBUG - __main__ -   pred: 2
08/16/2023 18:37:03 - DEBUG - __main__ -   label: 3
08/16/2023 18:37:03 - DEBUG - __main__ -   pred: 3
08/16/2023 18:37:03 - DEBUG - __main__ -   label: 3
08/16/2023 18:37:03 - DEBUG - __main__ -   pred: 2
08/16/2023 18:37:03 - DEBUG - __main__ -   label: 2
08/16/2023 18:37:03 - DEBUG - __main__ -   pred: 1
08/16/2023 18:37:03 - DEBUG - __main__ -   label: 1
08/16/2023 18:37:03 - DEBUG - __main__ -   pred: 1
08/16/2023 18:37:03 - DEBUG - __main__ -   label: 2
08/16/2023 18:37:03 - DEBUG - __main__ -   pred: 2
08/16/2023 18:37:03 - DEBUG - __main__ -   label: 2
08/16/2023 18:37:03 - DEBUG - __main__ -   pred: 3
08/16/2023 18:37:03 - DEBUG - __main__ -   label: 2
08/16/2023 18:37:03 - DEBUG - __main__ -   pred: 2
08/16/2023 18:37:03 - DEBUG - __main__ -   label: 3
08/16/2023 18:37:03 - DEBUG - __main__ -   pred: 1
08/16/2023 18:37:03 - DEBUG - __main__ -   label: 4
08/16/2023 18:37:03 - DEBUG - __main__ -   pred: 4
08/16/2023 18:37:03 - DEBUG - __main__ -   label: 5
08/16/2023 18:37:03 - DEBUG - __main__ -   pred: 5
08/16/2023 18:37:03 - DEBUG - __main__ -   label: 4
08/16/2023 18:37:03 - DEBUG - __main__ -   pred: 4
08/16/2023 18:37:03 - DEBUG - __main__ -   label: 4
08/16/2023 18:37:03 - DEBUG - __main__ -   pred: 4
08/16/2023 18:37:03 - DEBUG - __main__ -   label: 4
08/16/2023 18:37:03 - DEBUG - __main__ -   pred: 4
08/16/2023 18:37:03 - DEBUG - __main__ -   label: 4
08/16/2023 18:37:03 - DEBUG - __main__ -   pred: 4
08/16/2023 18:37:03 - DEBUG - __main__ -   label: 4
08/16/2023 18:37:03 - DEBUG - __main__ -   pred: 4
08/16/2023 18:37:03 - DEBUG - __main__ -   label: 2
08/16/2023 18:37:03 - DEBUG - __main__ -   pred: 2
08/16/2023 18:37:03 - DEBUG - __main__ -   label: 1
08/16/2023 18:37:03 - DEBUG - __main__ -   pred: 2
08/16/2023 18:37:03 - DEBUG - __main__ -   label: 1
08/16/2023 18:37:03 - DEBUG - __main__ -   pred: 1
08/16/2023 18:37:03 - DEBUG - __main__ -   label: 0
08/16/2023 18:37:03 - DEBUG - __main__ -   pred: 1
08/16/2023 18:37:03 - DEBUG - __main__ -   label: 2
08/16/2023 18:37:03 - DEBUG - __main__ -   pred: 2
08/16/2023 18:37:03 - DEBUG - __main__ -   label: 1
08/16/2023 18:37:03 - DEBUG - __main__ -   pred: 1
08/16/2023 18:37:03 - DEBUG - __main__ -   label: 1
08/16/2023 18:37:03 - DEBUG - __main__ -   pred: 1
08/16/2023 18:37:03 - DEBUG - __main__ -   label: 2
08/16/2023 18:37:03 - DEBUG - __main__ -   pred: 2
08/16/2023 18:37:03 - DEBUG - __main__ -   label: 1
08/16/2023 18:37:03 - DEBUG - __main__ -   pred: 1
08/16/2023 18:37:03 - DEBUG - __main__ -   label: 2
08/16/2023 18:37:03 - DEBUG - __main__ -   pred: 1
08/16/2023 18:37:03 - DEBUG - __main__ -   label: 2
08/16/2023 18:37:03 - DEBUG - __main__ -   pred: 2
08/16/2023 18:37:03 - DEBUG - __main__ -   label: 2
08/16/2023 18:37:03 - DEBUG - __main__ -   pred: 1
08/16/2023 18:37:03 - DEBUG - __main__ -   label: 1
08/16/2023 18:37:03 - DEBUG - __main__ -   pred: 2
08/16/2023 18:37:03 - DEBUG - __main__ -   label: 1
08/16/2023 18:37:03 - DEBUG - __main__ -   pred: 3
08/16/2023 18:37:03 - DEBUG - __main__ -   label: 1
08/16/2023 18:37:03 - DEBUG - __main__ -   pred: 2
08/16/2023 18:37:03 - DEBUG - __main__ -   label: 1
08/16/2023 18:37:03 - DEBUG - __main__ -   pred: 1
08/16/2023 18:37:03 - DEBUG - __main__ -   label: 1
08/16/2023 18:37:03 - DEBUG - __main__ -   pred: 1
08/16/2023 18:37:03 - DEBUG - __main__ -   label: 1
08/16/2023 18:37:03 - DEBUG - __main__ -   pred: 1
08/16/2023 18:37:03 - DEBUG - __main__ -   label: 1
08/16/2023 18:37:03 - DEBUG - __main__ -   pred: 1
08/16/2023 18:37:03 - DEBUG - __main__ -   label: 1
08/16/2023 18:37:03 - DEBUG - __main__ -   pred: 1
08/16/2023 18:37:03 - DEBUG - __main__ -   label: 2
08/16/2023 18:37:03 - DEBUG - __main__ -   pred: 1
08/16/2023 18:37:03 - DEBUG - __main__ -   label: 1
08/16/2023 18:37:03 - DEBUG - __main__ -   pred: 1
08/16/2023 18:37:03 - DEBUG - __main__ -   label: 3
08/16/2023 18:37:03 - DEBUG - __main__ -   pred: 4
08/16/2023 18:37:03 - DEBUG - __main__ -   label: 4
08/16/2023 18:37:03 - DEBUG - __main__ -   pred: 5
08/16/2023 18:37:03 - DEBUG - __main__ -   label: 3
08/16/2023 18:37:03 - DEBUG - __main__ -   pred: 3
08/16/2023 18:37:03 - DEBUG - __main__ -   label: 2
08/16/2023 18:37:03 - DEBUG - __main__ -   pred: 2
08/16/2023 18:37:03 - DEBUG - __main__ -   label: 4
08/16/2023 18:37:03 - DEBUG - __main__ -   pred: 3
08/16/2023 18:37:03 - DEBUG - __main__ -   label: 2
08/16/2023 18:37:03 - DEBUG - __main__ -   pred: 2
08/16/2023 18:37:03 - DEBUG - __main__ -   label: 3
08/16/2023 18:37:03 - DEBUG - __main__ -   pred: 2
08/16/2023 18:37:03 - DEBUG - __main__ -   label: 2
08/16/2023 18:37:03 - DEBUG - __main__ -   pred: 2
08/16/2023 18:37:03 - DEBUG - __main__ -   label: 2
08/16/2023 18:37:03 - DEBUG - __main__ -   pred: 1
08/16/2023 18:37:03 - DEBUG - __main__ -   label: 3
08/16/2023 18:37:03 - DEBUG - __main__ -   pred: 4
08/16/2023 18:37:03 - DEBUG - __main__ -   label: 4
08/16/2023 18:37:03 - DEBUG - __main__ -   pred: 5
08/16/2023 18:37:03 - DEBUG - __main__ -   label: 5
08/16/2023 18:37:03 - DEBUG - __main__ -   pred: 4
08/16/2023 18:37:03 - DEBUG - __main__ -   label: 4
08/16/2023 18:37:03 - DEBUG - __main__ -   pred: 5
08/16/2023 18:37:03 - DEBUG - __main__ -   label: 4
08/16/2023 18:37:03 - DEBUG - __main__ -   pred: 4
08/16/2023 18:37:03 - DEBUG - __main__ -   label: 4
08/16/2023 18:37:03 - DEBUG - __main__ -   pred: 5
08/16/2023 18:37:03 - DEBUG - __main__ -   label: 3
08/16/2023 18:37:03 - DEBUG - __main__ -   pred: 3
08/16/2023 18:37:03 - DEBUG - __main__ -   label: 3
08/16/2023 18:37:03 - DEBUG - __main__ -   pred: 3
08/16/2023 18:37:03 - DEBUG - __main__ -   label: 4
08/16/2023 18:37:03 - DEBUG - __main__ -   pred: 4
08/16/2023 18:37:03 - DEBUG - __main__ -   label: 4
08/16/2023 18:37:03 - DEBUG - __main__ -   pred: 4
