******** Training fold 1 ********
12/29/2023 10:03:08 - DEBUG - urllib3.connectionpool -   Starting new HTTPS connection (1): huggingface.co:443
12/29/2023 10:03:09 - DEBUG - urllib3.connectionpool -   https://huggingface.co:443 "HEAD /KBLab/wav2vec2-large-voxrex-swedish/resolve/main/preprocessor_config.json HTTP/1.1" 200 0
12/29/2023 10:03:09 - DEBUG - filelock -   Attempting to acquire lock 47585655930000 on cache/models--KBLab--wav2vec2-large-voxrex-swedish/blobs/36ebe8b7c1cc967b3059f0494ae8a1069dd67655.lock
12/29/2023 10:03:09 - DEBUG - filelock -   Lock 47585655930000 not acquired on cache/models--KBLab--wav2vec2-large-voxrex-swedish/blobs/36ebe8b7c1cc967b3059f0494ae8a1069dd67655.lock, waiting 0.05 seconds ...
12/29/2023 10:03:09 - DEBUG - filelock -   Attempting to acquire lock 47585655930000 on cache/models--KBLab--wav2vec2-large-voxrex-swedish/blobs/36ebe8b7c1cc967b3059f0494ae8a1069dd67655.lock
12/29/2023 10:03:09 - DEBUG - filelock -   Lock 47585655930000 not acquired on cache/models--KBLab--wav2vec2-large-voxrex-swedish/blobs/36ebe8b7c1cc967b3059f0494ae8a1069dd67655.lock, waiting 0.05 seconds ...
12/29/2023 10:03:09 - DEBUG - filelock -   Attempting to acquire lock 47585655930000 on cache/models--KBLab--wav2vec2-large-voxrex-swedish/blobs/36ebe8b7c1cc967b3059f0494ae8a1069dd67655.lock
12/29/2023 10:03:09 - DEBUG - filelock -   Lock 47585655930000 not acquired on cache/models--KBLab--wav2vec2-large-voxrex-swedish/blobs/36ebe8b7c1cc967b3059f0494ae8a1069dd67655.lock, waiting 0.05 seconds ...
12/29/2023 10:03:09 - DEBUG - filelock -   Attempting to acquire lock 47585655930000 on cache/models--KBLab--wav2vec2-large-voxrex-swedish/blobs/36ebe8b7c1cc967b3059f0494ae8a1069dd67655.lock
12/29/2023 10:03:09 - DEBUG - filelock -   Lock 47585655930000 not acquired on cache/models--KBLab--wav2vec2-large-voxrex-swedish/blobs/36ebe8b7c1cc967b3059f0494ae8a1069dd67655.lock, waiting 0.05 seconds ...
12/29/2023 10:03:09 - DEBUG - filelock -   Attempting to acquire lock 47585655930000 on cache/models--KBLab--wav2vec2-large-voxrex-swedish/blobs/36ebe8b7c1cc967b3059f0494ae8a1069dd67655.lock
12/29/2023 10:03:09 - DEBUG - filelock -   Lock 47585655930000 acquired on cache/models--KBLab--wav2vec2-large-voxrex-swedish/blobs/36ebe8b7c1cc967b3059f0494ae8a1069dd67655.lock
12/29/2023 10:03:09 - DEBUG - filelock -   Attempting to release lock 47585655930000 on cache/models--KBLab--wav2vec2-large-voxrex-swedish/blobs/36ebe8b7c1cc967b3059f0494ae8a1069dd67655.lock
12/29/2023 10:03:09 - DEBUG - filelock -   Lock 47585655930000 released on cache/models--KBLab--wav2vec2-large-voxrex-swedish/blobs/36ebe8b7c1cc967b3059f0494ae8a1069dd67655.lock
12/29/2023 10:03:09 - DEBUG - urllib3.connectionpool -   https://huggingface.co:443 "HEAD /KBLab/wav2vec2-large-voxrex-swedish/resolve/main/tokenizer_config.json HTTP/1.1" 200 0
12/29/2023 10:03:09 - DEBUG - filelock -   Attempting to acquire lock 47585650142416 on cache/models--KBLab--wav2vec2-large-voxrex-swedish/blobs/92169da5ef839418d20bd11deb1e1db05e74bf35.lock
12/29/2023 10:03:09 - DEBUG - filelock -   Lock 47585650142416 not acquired on cache/models--KBLab--wav2vec2-large-voxrex-swedish/blobs/92169da5ef839418d20bd11deb1e1db05e74bf35.lock, waiting 0.05 seconds ...
12/29/2023 10:03:09 - DEBUG - filelock -   Attempting to acquire lock 47585650142416 on cache/models--KBLab--wav2vec2-large-voxrex-swedish/blobs/92169da5ef839418d20bd11deb1e1db05e74bf35.lock
12/29/2023 10:03:09 - DEBUG - filelock -   Lock 47585650142416 not acquired on cache/models--KBLab--wav2vec2-large-voxrex-swedish/blobs/92169da5ef839418d20bd11deb1e1db05e74bf35.lock, waiting 0.05 seconds ...
12/29/2023 10:03:09 - DEBUG - filelock -   Attempting to acquire lock 47585650142416 on cache/models--KBLab--wav2vec2-large-voxrex-swedish/blobs/92169da5ef839418d20bd11deb1e1db05e74bf35.lock
12/29/2023 10:03:09 - DEBUG - filelock -   Lock 47585650142416 not acquired on cache/models--KBLab--wav2vec2-large-voxrex-swedish/blobs/92169da5ef839418d20bd11deb1e1db05e74bf35.lock, waiting 0.05 seconds ...
12/29/2023 10:03:09 - DEBUG - filelock -   Attempting to acquire lock 47585650142416 on cache/models--KBLab--wav2vec2-large-voxrex-swedish/blobs/92169da5ef839418d20bd11deb1e1db05e74bf35.lock
12/29/2023 10:03:09 - DEBUG - filelock -   Lock 47585650142416 acquired on cache/models--KBLab--wav2vec2-large-voxrex-swedish/blobs/92169da5ef839418d20bd11deb1e1db05e74bf35.lock
12/29/2023 10:03:09 - DEBUG - filelock -   Attempting to release lock 47585650142416 on cache/models--KBLab--wav2vec2-large-voxrex-swedish/blobs/92169da5ef839418d20bd11deb1e1db05e74bf35.lock
12/29/2023 10:03:09 - DEBUG - filelock -   Lock 47585650142416 released on cache/models--KBLab--wav2vec2-large-voxrex-swedish/blobs/92169da5ef839418d20bd11deb1e1db05e74bf35.lock
12/29/2023 10:03:09 - DEBUG - urllib3.connectionpool -   https://huggingface.co:443 "HEAD /KBLab/wav2vec2-large-voxrex-swedish/resolve/main/vocab.json HTTP/1.1" 200 0
12/29/2023 10:03:09 - DEBUG - filelock -   Attempting to acquire lock 47585650142416 on cache/models--KBLab--wav2vec2-large-voxrex-swedish/blobs/6c477f44f1c66dbdea44c2e0781ba0aeb4fa53f6.lock
12/29/2023 10:03:09 - DEBUG - filelock -   Lock 47585650142416 not acquired on cache/models--KBLab--wav2vec2-large-voxrex-swedish/blobs/6c477f44f1c66dbdea44c2e0781ba0aeb4fa53f6.lock, waiting 0.05 seconds ...
12/29/2023 10:03:09 - DEBUG - filelock -   Attempting to acquire lock 47585650142416 on cache/models--KBLab--wav2vec2-large-voxrex-swedish/blobs/6c477f44f1c66dbdea44c2e0781ba0aeb4fa53f6.lock
12/29/2023 10:03:09 - DEBUG - filelock -   Lock 47585650142416 not acquired on cache/models--KBLab--wav2vec2-large-voxrex-swedish/blobs/6c477f44f1c66dbdea44c2e0781ba0aeb4fa53f6.lock, waiting 0.05 seconds ...
12/29/2023 10:03:09 - DEBUG - filelock -   Attempting to acquire lock 47585650142416 on cache/models--KBLab--wav2vec2-large-voxrex-swedish/blobs/6c477f44f1c66dbdea44c2e0781ba0aeb4fa53f6.lock
12/29/2023 10:03:09 - DEBUG - filelock -   Lock 47585650142416 not acquired on cache/models--KBLab--wav2vec2-large-voxrex-swedish/blobs/6c477f44f1c66dbdea44c2e0781ba0aeb4fa53f6.lock, waiting 0.05 seconds ...
12/29/2023 10:03:09 - DEBUG - filelock -   Attempting to acquire lock 47585650142416 on cache/models--KBLab--wav2vec2-large-voxrex-swedish/blobs/6c477f44f1c66dbdea44c2e0781ba0aeb4fa53f6.lock
12/29/2023 10:03:09 - DEBUG - filelock -   Lock 47585650142416 acquired on cache/models--KBLab--wav2vec2-large-voxrex-swedish/blobs/6c477f44f1c66dbdea44c2e0781ba0aeb4fa53f6.lock
12/29/2023 10:03:09 - DEBUG - filelock -   Attempting to release lock 47585650142416 on cache/models--KBLab--wav2vec2-large-voxrex-swedish/blobs/6c477f44f1c66dbdea44c2e0781ba0aeb4fa53f6.lock
12/29/2023 10:03:09 - DEBUG - filelock -   Lock 47585650142416 released on cache/models--KBLab--wav2vec2-large-voxrex-swedish/blobs/6c477f44f1c66dbdea44c2e0781ba0aeb4fa53f6.lock
12/29/2023 10:03:10 - DEBUG - urllib3.connectionpool -   https://huggingface.co:443 "HEAD /KBLab/wav2vec2-large-voxrex-swedish/resolve/main/added_tokens.json HTTP/1.1" 404 0
12/29/2023 10:03:10 - DEBUG - urllib3.connectionpool -   https://huggingface.co:443 "HEAD /KBLab/wav2vec2-large-voxrex-swedish/resolve/main/special_tokens_map.json HTTP/1.1" 200 0
12/29/2023 10:03:10 - DEBUG - filelock -   Attempting to acquire lock 47585655498896 on cache/models--KBLab--wav2vec2-large-voxrex-swedish/blobs/25bc39604f72700b3b8e10bd69bb2f227157edd1.lock
12/29/2023 10:03:10 - DEBUG - filelock -   Lock 47585655498896 not acquired on cache/models--KBLab--wav2vec2-large-voxrex-swedish/blobs/25bc39604f72700b3b8e10bd69bb2f227157edd1.lock, waiting 0.05 seconds ...
12/29/2023 10:03:10 - DEBUG - filelock -   Attempting to acquire lock 47585655498896 on cache/models--KBLab--wav2vec2-large-voxrex-swedish/blobs/25bc39604f72700b3b8e10bd69bb2f227157edd1.lock
12/29/2023 10:03:10 - DEBUG - filelock -   Lock 47585655498896 not acquired on cache/models--KBLab--wav2vec2-large-voxrex-swedish/blobs/25bc39604f72700b3b8e10bd69bb2f227157edd1.lock, waiting 0.05 seconds ...
12/29/2023 10:03:10 - DEBUG - filelock -   Attempting to acquire lock 47585655498896 on cache/models--KBLab--wav2vec2-large-voxrex-swedish/blobs/25bc39604f72700b3b8e10bd69bb2f227157edd1.lock
12/29/2023 10:03:10 - DEBUG - filelock -   Lock 47585655498896 not acquired on cache/models--KBLab--wav2vec2-large-voxrex-swedish/blobs/25bc39604f72700b3b8e10bd69bb2f227157edd1.lock, waiting 0.05 seconds ...
12/29/2023 10:03:10 - DEBUG - filelock -   Attempting to acquire lock 47585655498896 on cache/models--KBLab--wav2vec2-large-voxrex-swedish/blobs/25bc39604f72700b3b8e10bd69bb2f227157edd1.lock
12/29/2023 10:03:10 - DEBUG - filelock -   Lock 47585655498896 acquired on cache/models--KBLab--wav2vec2-large-voxrex-swedish/blobs/25bc39604f72700b3b8e10bd69bb2f227157edd1.lock
12/29/2023 10:03:10 - DEBUG - filelock -   Attempting to release lock 47585655498896 on cache/models--KBLab--wav2vec2-large-voxrex-swedish/blobs/25bc39604f72700b3b8e10bd69bb2f227157edd1.lock
12/29/2023 10:03:10 - DEBUG - filelock -   Lock 47585655498896 released on cache/models--KBLab--wav2vec2-large-voxrex-swedish/blobs/25bc39604f72700b3b8e10bd69bb2f227157edd1.lock
12/29/2023 10:03:10 - DEBUG - __main__ -   Processor loaded. CPU mem usage: 0.39G.  Cuda 0: memory acclocated: 0 G.
12/29/2023 10:03:18 - DEBUG - __main__ -   Model loaded. CPU mem usage: 1.99G.  Cuda 0: memory acclocated: 0 G.
Wav2Vec2ForSequenceClassification(
  (wav2vec2): Wav2Vec2Model(
    (feature_extractor): Wav2Vec2FeatureEncoder(
      (conv_layers): ModuleList(
        (0): Wav2Vec2LayerNormConvLayer(
          (conv): Conv1d(1, 512, kernel_size=(10,), stride=(5,))
          (layer_norm): LayerNorm((512,), eps=1e-05, elementwise_affine=True)
          (activation): GELUActivation()
        )
        (1-4): 4 x Wav2Vec2LayerNormConvLayer(
          (conv): Conv1d(512, 512, kernel_size=(3,), stride=(2,))
          (layer_norm): LayerNorm((512,), eps=1e-05, elementwise_affine=True)
          (activation): GELUActivation()
        )
        (5-6): 2 x Wav2Vec2LayerNormConvLayer(
          (conv): Conv1d(512, 512, kernel_size=(2,), stride=(2,))
          (layer_norm): LayerNorm((512,), eps=1e-05, elementwise_affine=True)
          (activation): GELUActivation()
        )
      )
    )
    (feature_projection): Wav2Vec2FeatureProjection(
      (layer_norm): LayerNorm((512,), eps=1e-05, elementwise_affine=True)
      (projection): Linear(in_features=512, out_features=1024, bias=True)
      (dropout): Dropout(p=0.05, inplace=False)
    )
    (encoder): Wav2Vec2EncoderStableLayerNorm(
      (pos_conv_embed): Wav2Vec2PositionalConvEmbedding(
        (conv): Conv1d(1024, 1024, kernel_size=(128,), stride=(1,), padding=(64,), groups=16)
        (padding): Wav2Vec2SamePadLayer()
        (activation): GELUActivation()
      )
      (layer_norm): LayerNorm((1024,), eps=1e-05, elementwise_affine=True)
      (dropout): Dropout(p=0.05, inplace=False)
      (layers): ModuleList(
        (0-23): 24 x Wav2Vec2EncoderLayerStableLayerNorm(
          (attention): Wav2Vec2Attention(
            (k_proj): Linear(in_features=1024, out_features=1024, bias=True)
            (v_proj): Linear(in_features=1024, out_features=1024, bias=True)
            (q_proj): Linear(in_features=1024, out_features=1024, bias=True)
            (out_proj): Linear(in_features=1024, out_features=1024, bias=True)
          )
          (dropout): Dropout(p=0.05, inplace=False)
          (layer_norm): LayerNorm((1024,), eps=1e-05, elementwise_affine=True)
          (feed_forward): Wav2Vec2FeedForward(
            (intermediate_dropout): Dropout(p=0.05, inplace=False)
            (intermediate_dense): Linear(in_features=1024, out_features=4096, bias=True)
            (intermediate_act_fn): GELUActivation()
            (output_dense): Linear(in_features=4096, out_features=1024, bias=True)
            (output_dropout): Dropout(p=0.05, inplace=False)
          )
          (final_layer_norm): LayerNorm((1024,), eps=1e-05, elementwise_affine=True)
        )
      )
    )
  )
  (projector): Linear(in_features=1024, out_features=256, bias=True)
  (classifier): Linear(in_features=256, out_features=6, bias=True)
)
12/29/2023 10:04:25 - DEBUG - __main__ -   Speech loaded. N_train=1172, N_eval=370. CPU mem usage: 3.56G.  Cuda 0: memory acclocated: 0 G.
12/29/2023 10:04:36 - DEBUG - __main__ -   Feature extracted. Duration: 0:00:10 CPU mem usage: 4.75G.  Cuda 0: memory acclocated: 0 G.
12/29/2023 10:04:36 - DEBUG - urllib3.connectionpool -   Starting new HTTPS connection (1): s3.amazonaws.com:443
12/29/2023 10:04:37 - DEBUG - urllib3.connectionpool -   https://s3.amazonaws.com:443 "HEAD /datasets.huggingface.co/datasets/metrics/evaluate-metric/precision/evaluate-metric/precision.py HTTP/1.1" 404 0
12/29/2023 10:04:37 - DEBUG - urllib3.connectionpool -   Starting new HTTPS connection (1): huggingface.co:443
12/29/2023 10:04:37 - DEBUG - urllib3.connectionpool -   https://huggingface.co:443 "HEAD /spaces/evaluate-metric/precision/resolve/v0.4.0/precision.py HTTP/1.1" 200 0
12/29/2023 10:04:37 - DEBUG - urllib3.connectionpool -   Starting new HTTPS connection (1): s3.amazonaws.com:443
12/29/2023 10:04:37 - DEBUG - urllib3.connectionpool -   https://s3.amazonaws.com:443 "HEAD /datasets.huggingface.co/datasets/metrics/evaluate-metric/recall/evaluate-metric/recall.py HTTP/1.1" 404 0
12/29/2023 10:04:37 - DEBUG - urllib3.connectionpool -   Starting new HTTPS connection (1): huggingface.co:443
12/29/2023 10:04:38 - DEBUG - urllib3.connectionpool -   https://huggingface.co:443 "HEAD /spaces/evaluate-metric/recall/resolve/v0.4.0/recall.py HTTP/1.1" 200 0
12/29/2023 10:04:38 - DEBUG - urllib3.connectionpool -   Starting new HTTPS connection (1): s3.amazonaws.com:443
12/29/2023 10:04:38 - DEBUG - urllib3.connectionpool -   https://s3.amazonaws.com:443 "HEAD /datasets.huggingface.co/datasets/metrics/evaluate-metric/f1/evaluate-metric/f1.py HTTP/1.1" 404 0
12/29/2023 10:04:38 - DEBUG - urllib3.connectionpool -   Starting new HTTPS connection (1): huggingface.co:443
12/29/2023 10:04:38 - DEBUG - urllib3.connectionpool -   https://huggingface.co:443 "HEAD /spaces/evaluate-metric/f1/resolve/v0.4.0/f1.py HTTP/1.1" 200 0
12/29/2023 10:04:38 - DEBUG - urllib3.connectionpool -   Starting new HTTPS connection (1): s3.amazonaws.com:443
12/29/2023 10:04:39 - DEBUG - urllib3.connectionpool -   https://s3.amazonaws.com:443 "HEAD /datasets.huggingface.co/datasets/metrics/evaluate-metric/spearmanr/evaluate-metric/spearmanr.py HTTP/1.1" 404 0
12/29/2023 10:04:39 - DEBUG - urllib3.connectionpool -   Starting new HTTPS connection (1): huggingface.co:443
12/29/2023 10:04:39 - DEBUG - urllib3.connectionpool -   https://huggingface.co:443 "HEAD /spaces/evaluate-metric/spearmanr/resolve/v0.4.0/spearmanr.py HTTP/1.1" 200 0
RUNNING CCL
12/29/2023 10:04:39 - DEBUG - __main__ -   Class difficulty order: [[2, 1], [2, 1, 3, 4], [2, 1, 3, 4, 0, 5]]
12/29/2023 10:04:39 - DEBUG - __main__ -   n_epochs for each CCL phase: [3, 3, 4]
Training with classes: [2, 1]
12/29/2023 10:04:43 - DEBUG - __main__ -   Training phase 0 starts now. CPU mem usage: 4.36G.  Cuda 0: memory acclocated: 2 G.
12/29/2023 10:04:43 - DEBUG - helper.classes -   ----------- Starting epoch 1 -----------
12/29/2023 10:08:47 - DEBUG - helper.classes -   Epoch 1.0 completed, Duration: 0:04:03 Mem usage: CPU mem usage: 5.13G.  Cuda 0: memory acclocated: 8 G.
12/29/2023 10:09:18 - DEBUG - fsspec.local -   open file: /home/lunt1/.cache/huggingface/metrics/precision/default/default_experiment-1-0.arrow
12/29/2023 10:09:18 - DEBUG - fsspec.local -   open file: /home/lunt1/.cache/huggingface/metrics/recall/default/default_experiment-1-0.arrow
12/29/2023 10:09:18 - DEBUG - fsspec.local -   open file: /home/lunt1/.cache/huggingface/metrics/f1/default/default_experiment-1-0.arrow
12/29/2023 10:09:18 - DEBUG - fsspec.local -   open file: /home/lunt1/.cache/huggingface/metrics/spearmanr/default/default_experiment-1-0.arrow
12/29/2023 10:09:18 - DEBUG - fsspec.local -   open file: /home/lunt1/.cache/huggingface/metrics/precision/default/default_experiment-1-0.arrow
12/29/2023 10:09:18 - DEBUG - fsspec.local -   open file: /home/lunt1/.cache/huggingface/metrics/recall/default/default_experiment-1-0.arrow
12/29/2023 10:09:18 - DEBUG - fsspec.local -   open file: /home/lunt1/.cache/huggingface/metrics/f1/default/default_experiment-1-0.arrow
{'eval_loss': 2.463989019393921, 'eval_precision': 0.07612612612612613, 'eval_recall': 0.16666666666666666, 'eval_f1': 0.10451453308596166, 'eval_spearmanr': nan, 'eval_precision_weighted': 0.20862673484295105, 'eval_recall_weighted': 0.45675675675675675, 'eval_f1_weighted': 0.28642631499774357, 'eval_runtime': 30.5851, 'eval_samples_per_second': 12.097, 'eval_steps_per_second': 6.049, 'epoch': 1.0}
12/29/2023 10:09:24 - DEBUG - helper.classes -   ----------- Starting epoch 2.0 -----------
{'loss': 0.8911, 'learning_rate': 1.924741298212606e-05, 'epoch': 1.27}
12/29/2023 10:13:23 - DEBUG - helper.classes -   Epoch 2.0 completed, Duration: 0:03:59 Mem usage: CPU mem usage: 5.16G.  Cuda 0: memory acclocated: 10 G.
12/29/2023 10:13:53 - DEBUG - fsspec.local -   open file: /home/lunt1/.cache/huggingface/metrics/precision/default/default_experiment-1-0.arrow
12/29/2023 10:13:53 - DEBUG - fsspec.local -   open file: /home/lunt1/.cache/huggingface/metrics/recall/default/default_experiment-1-0.arrow
12/29/2023 10:13:53 - DEBUG - fsspec.local -   open file: /home/lunt1/.cache/huggingface/metrics/f1/default/default_experiment-1-0.arrow
12/29/2023 10:13:53 - DEBUG - fsspec.local -   open file: /home/lunt1/.cache/huggingface/metrics/spearmanr/default/default_experiment-1-0.arrow
12/29/2023 10:13:53 - DEBUG - fsspec.local -   open file: /home/lunt1/.cache/huggingface/metrics/precision/default/default_experiment-1-0.arrow
12/29/2023 10:13:53 - DEBUG - fsspec.local -   open file: /home/lunt1/.cache/huggingface/metrics/recall/default/default_experiment-1-0.arrow
12/29/2023 10:13:53 - DEBUG - fsspec.local -   open file: /home/lunt1/.cache/huggingface/metrics/f1/default/default_experiment-1-0.arrow
{'eval_loss': 2.7320117950439453, 'eval_precision': 0.15694350033987764, 'eval_recall': 0.2176775147928994, 'eval_f1': 0.18061801446416834, 'eval_spearmanr': 0.45008102369009434, 'eval_precision_weighted': 0.3165965117422592, 'eval_recall_weighted': 0.4702702702702703, 'eval_f1_weighted': 0.3754323791246868, 'eval_runtime': 30.4624, 'eval_samples_per_second': 12.146, 'eval_steps_per_second': 6.073, 'epoch': 2.0}
12/29/2023 10:14:00 - DEBUG - helper.classes -   ----------- Starting epoch 3.0 -----------
{'loss': 0.5776, 'learning_rate': 5.1364063969896525e-06, 'epoch': 2.54}
12/29/2023 10:17:59 - DEBUG - helper.classes -   Epoch 3.0 completed, Duration: 0:03:59 Mem usage: CPU mem usage: 5.17G.  Cuda 0: memory acclocated: 10 G.
12/29/2023 10:18:29 - DEBUG - fsspec.local -   open file: /home/lunt1/.cache/huggingface/metrics/precision/default/default_experiment-1-0.arrow
12/29/2023 10:18:29 - DEBUG - fsspec.local -   open file: /home/lunt1/.cache/huggingface/metrics/recall/default/default_experiment-1-0.arrow
12/29/2023 10:18:29 - DEBUG - fsspec.local -   open file: /home/lunt1/.cache/huggingface/metrics/f1/default/default_experiment-1-0.arrow
12/29/2023 10:18:29 - DEBUG - fsspec.local -   open file: /home/lunt1/.cache/huggingface/metrics/spearmanr/default/default_experiment-1-0.arrow
12/29/2023 10:18:29 - DEBUG - fsspec.local -   open file: /home/lunt1/.cache/huggingface/metrics/precision/default/default_experiment-1-0.arrow
12/29/2023 10:18:29 - DEBUG - fsspec.local -   open file: /home/lunt1/.cache/huggingface/metrics/recall/default/default_experiment-1-0.arrow
12/29/2023 10:18:29 - DEBUG - fsspec.local -   open file: /home/lunt1/.cache/huggingface/metrics/f1/default/default_experiment-1-0.arrow
{'eval_loss': 3.0994701385498047, 'eval_precision': 0.1543559533250255, 'eval_recall': 0.21888560157790926, 'eval_f1': 0.1801475914137928, 'eval_spearmanr': 0.43534022124223604, 'eval_precision_weighted': 0.313907574732317, 'eval_recall_weighted': 0.46756756756756757, 'eval_f1_weighted': 0.3741110003323363, 'eval_runtime': 30.4576, 'eval_samples_per_second': 12.148, 'eval_steps_per_second': 6.074, 'epoch': 3.0}
{'train_runtime': 836.2401, 'train_samples_per_second': 2.823, 'train_steps_per_second': 1.413, 'train_loss': 0.7024773599330947, 'epoch': 3.0}
12/29/2023 10:18:40 - INFO - __main__ -   Training completed. Duration: 0:13:56
Training with classes: [2, 1, 3, 4]
12/29/2023 10:18:40 - DEBUG - __main__ -   Training phase 1 starts now. CPU mem usage: 5.15G.  Cuda 0: memory acclocated: 10 G.
12/29/2023 10:18:40 - DEBUG - helper.classes -   ----------- Starting epoch 1 -----------
{'loss': 1.478, 'learning_rate': 2.349540078843627e-05, 'epoch': 0.89}
12/29/2023 10:24:10 - DEBUG - helper.classes -   Epoch 1.0 completed, Duration: 0:05:30 Mem usage: CPU mem usage: 5.17G.  Cuda 0: memory acclocated: 10 G.
12/29/2023 10:24:41 - DEBUG - fsspec.local -   open file: /home/lunt1/.cache/huggingface/metrics/precision/default/default_experiment-1-0.arrow
12/29/2023 10:24:41 - DEBUG - fsspec.local -   open file: /home/lunt1/.cache/huggingface/metrics/recall/default/default_experiment-1-0.arrow
12/29/2023 10:24:41 - DEBUG - fsspec.local -   open file: /home/lunt1/.cache/huggingface/metrics/f1/default/default_experiment-1-0.arrow
12/29/2023 10:24:41 - DEBUG - fsspec.local -   open file: /home/lunt1/.cache/huggingface/metrics/spearmanr/default/default_experiment-1-0.arrow
12/29/2023 10:24:41 - DEBUG - fsspec.local -   open file: /home/lunt1/.cache/huggingface/metrics/precision/default/default_experiment-1-0.arrow
12/29/2023 10:24:41 - DEBUG - fsspec.local -   open file: /home/lunt1/.cache/huggingface/metrics/recall/default/default_experiment-1-0.arrow
12/29/2023 10:24:41 - DEBUG - fsspec.local -   open file: /home/lunt1/.cache/huggingface/metrics/f1/default/default_experiment-1-0.arrow
{'eval_loss': 1.3280625343322754, 'eval_precision': 0.14683333333333334, 'eval_recall': 0.21867603550295858, 'eval_f1': 0.17569212410501192, 'eval_spearmanr': 0.4854311310721437, 'eval_precision_weighted': 0.300172972972973, 'eval_recall_weighted': 0.44594594594594594, 'eval_f1_weighted': 0.3588157130877895, 'eval_runtime': 30.4837, 'eval_samples_per_second': 12.138, 'eval_steps_per_second': 6.069, 'epoch': 1.0}
12/29/2023 10:24:47 - DEBUG - helper.classes -   ----------- Starting epoch 2.0 -----------
{'loss': 0.9475, 'learning_rate': 1.3639947437582128e-05, 'epoch': 1.77}
12/29/2023 10:30:18 - DEBUG - helper.classes -   Epoch 2.0 completed, Duration: 0:05:30 Mem usage: CPU mem usage: 5.18G.  Cuda 0: memory acclocated: 10 G.
12/29/2023 10:30:48 - DEBUG - fsspec.local -   open file: /home/lunt1/.cache/huggingface/metrics/precision/default/default_experiment-1-0.arrow
12/29/2023 10:30:48 - DEBUG - fsspec.local -   open file: /home/lunt1/.cache/huggingface/metrics/recall/default/default_experiment-1-0.arrow
12/29/2023 10:30:48 - DEBUG - fsspec.local -   open file: /home/lunt1/.cache/huggingface/metrics/f1/default/default_experiment-1-0.arrow
12/29/2023 10:30:48 - DEBUG - fsspec.local -   open file: /home/lunt1/.cache/huggingface/metrics/spearmanr/default/default_experiment-1-0.arrow
12/29/2023 10:30:48 - DEBUG - fsspec.local -   open file: /home/lunt1/.cache/huggingface/metrics/precision/default/default_experiment-1-0.arrow
12/29/2023 10:30:48 - DEBUG - fsspec.local -   open file: /home/lunt1/.cache/huggingface/metrics/recall/default/default_experiment-1-0.arrow
12/29/2023 10:30:48 - DEBUG - fsspec.local -   open file: /home/lunt1/.cache/huggingface/metrics/f1/default/default_experiment-1-0.arrow
{'eval_loss': 1.3265825510025024, 'eval_precision': 0.2535923141186299, 'eval_recall': 0.2704577771661851, 'eval_f1': 0.26071971038601494, 'eval_spearmanr': 0.5897252760503306, 'eval_precision_weighted': 0.47224073697757907, 'eval_recall_weighted': 0.527027027027027, 'eval_f1_weighted': 0.4961508635511429, 'eval_runtime': 30.491, 'eval_samples_per_second': 12.135, 'eval_steps_per_second': 6.067, 'epoch': 2.0}
12/29/2023 10:30:54 - DEBUG - helper.classes -   ----------- Starting epoch 3.0 -----------
{'loss': 0.8208, 'learning_rate': 3.784494086727989e-06, 'epoch': 2.66}
12/29/2023 10:36:32 - DEBUG - helper.classes -   Epoch 3.0 completed, Duration: 0:05:37 Mem usage: CPU mem usage: 5.18G.  Cuda 0: memory acclocated: 10 G.
12/29/2023 10:37:02 - DEBUG - fsspec.local -   open file: /home/lunt1/.cache/huggingface/metrics/precision/default/default_experiment-1-0.arrow
12/29/2023 10:37:02 - DEBUG - fsspec.local -   open file: /home/lunt1/.cache/huggingface/metrics/recall/default/default_experiment-1-0.arrow
12/29/2023 10:37:02 - DEBUG - fsspec.local -   open file: /home/lunt1/.cache/huggingface/metrics/f1/default/default_experiment-1-0.arrow
12/29/2023 10:37:02 - DEBUG - fsspec.local -   open file: /home/lunt1/.cache/huggingface/metrics/spearmanr/default/default_experiment-1-0.arrow
12/29/2023 10:37:02 - DEBUG - fsspec.local -   open file: /home/lunt1/.cache/huggingface/metrics/precision/default/default_experiment-1-0.arrow
12/29/2023 10:37:02 - DEBUG - fsspec.local -   open file: /home/lunt1/.cache/huggingface/metrics/recall/default/default_experiment-1-0.arrow
12/29/2023 10:37:02 - DEBUG - fsspec.local -   open file: /home/lunt1/.cache/huggingface/metrics/f1/default/default_experiment-1-0.arrow
{'eval_loss': 1.5411806106567383, 'eval_precision': 0.2524645758590713, 'eval_recall': 0.27582937709279387, 'eval_f1': 0.25969515302580426, 'eval_spearmanr': 0.6066630088930998, 'eval_precision_weighted': 0.4725218069254767, 'eval_recall_weighted': 0.5243243243243243, 'eval_f1_weighted': 0.49155762255263014, 'eval_runtime': 30.4432, 'eval_samples_per_second': 12.154, 'eval_steps_per_second': 6.077, 'epoch': 3.0}
{'train_runtime': 1112.4295, 'train_samples_per_second': 3.039, 'train_steps_per_second': 1.521, 'train_loss': 1.0476452261561762, 'epoch': 3.0}
12/29/2023 10:37:13 - INFO - __main__ -   Training completed. Duration: 0:18:32
Training with classes: [2, 1, 3, 4, 0, 5]
12/29/2023 10:37:13 - DEBUG - __main__ -   Training phase 2 starts now. CPU mem usage: 5.17G.  Cuda 0: memory acclocated: 10 G.
12/29/2023 10:37:13 - DEBUG - helper.classes -   ----------- Starting epoch 1 -----------
{'loss': 1.0465, 'learning_rate': 2.6230440967283076e-05, 'epoch': 0.85}
12/29/2023 10:43:00 - DEBUG - helper.classes -   Epoch 1.0 completed, Duration: 0:05:47 Mem usage: CPU mem usage: 5.19G.  Cuda 0: memory acclocated: 10 G.
12/29/2023 10:43:30 - DEBUG - fsspec.local -   open file: /home/lunt1/.cache/huggingface/metrics/precision/default/default_experiment-1-0.arrow
12/29/2023 10:43:30 - DEBUG - fsspec.local -   open file: /home/lunt1/.cache/huggingface/metrics/recall/default/default_experiment-1-0.arrow
12/29/2023 10:43:30 - DEBUG - fsspec.local -   open file: /home/lunt1/.cache/huggingface/metrics/f1/default/default_experiment-1-0.arrow
12/29/2023 10:43:30 - DEBUG - fsspec.local -   open file: /home/lunt1/.cache/huggingface/metrics/spearmanr/default/default_experiment-1-0.arrow
12/29/2023 10:43:30 - DEBUG - fsspec.local -   open file: /home/lunt1/.cache/huggingface/metrics/precision/default/default_experiment-1-0.arrow
12/29/2023 10:43:30 - DEBUG - fsspec.local -   open file: /home/lunt1/.cache/huggingface/metrics/recall/default/default_experiment-1-0.arrow
12/29/2023 10:43:30 - DEBUG - fsspec.local -   open file: /home/lunt1/.cache/huggingface/metrics/f1/default/default_experiment-1-0.arrow
{'eval_loss': 1.833512544631958, 'eval_precision': 0.225401159956626, 'eval_recall': 0.2499289023439292, 'eval_f1': 0.22668211827503862, 'eval_spearmanr': 0.5884629731988237, 'eval_precision_weighted': 0.4216050377533052, 'eval_recall_weighted': 0.45135135135135135, 'eval_f1_weighted': 0.4219097732372069, 'eval_runtime': 30.4663, 'eval_samples_per_second': 12.145, 'eval_steps_per_second': 6.072, 'epoch': 1.0}
12/29/2023 10:43:37 - DEBUG - helper.classes -   ----------- Starting epoch 2.0 -----------
{'loss': 0.9433, 'learning_rate': 1.9118065433854907e-05, 'epoch': 1.71}
12/29/2023 10:49:24 - DEBUG - helper.classes -   Epoch 2.0 completed, Duration: 0:05:46 Mem usage: CPU mem usage: 5.19G.  Cuda 0: memory acclocated: 10 G.
12/29/2023 10:49:54 - DEBUG - fsspec.local -   open file: /home/lunt1/.cache/huggingface/metrics/precision/default/default_experiment-1-0.arrow
12/29/2023 10:49:54 - DEBUG - fsspec.local -   open file: /home/lunt1/.cache/huggingface/metrics/recall/default/default_experiment-1-0.arrow
12/29/2023 10:49:54 - DEBUG - fsspec.local -   open file: /home/lunt1/.cache/huggingface/metrics/f1/default/default_experiment-1-0.arrow
12/29/2023 10:49:54 - DEBUG - fsspec.local -   open file: /home/lunt1/.cache/huggingface/metrics/spearmanr/default/default_experiment-1-0.arrow
12/29/2023 10:49:54 - DEBUG - fsspec.local -   open file: /home/lunt1/.cache/huggingface/metrics/precision/default/default_experiment-1-0.arrow
12/29/2023 10:49:54 - DEBUG - fsspec.local -   open file: /home/lunt1/.cache/huggingface/metrics/recall/default/default_experiment-1-0.arrow
12/29/2023 10:49:54 - DEBUG - fsspec.local -   open file: /home/lunt1/.cache/huggingface/metrics/f1/default/default_experiment-1-0.arrow
{'eval_loss': 1.7148923873901367, 'eval_precision': 0.26025007718431614, 'eval_recall': 0.28058374615843307, 'eval_f1': 0.2691736643543872, 'eval_spearmanr': 0.6246090593977205, 'eval_precision_weighted': 0.4850527773837437, 'eval_recall_weighted': 0.5405405405405406, 'eval_f1_weighted': 0.5097388078110969, 'eval_runtime': 30.4592, 'eval_samples_per_second': 12.147, 'eval_steps_per_second': 6.074, 'epoch': 2.0}
12/29/2023 10:50:01 - DEBUG - helper.classes -   ----------- Starting epoch 3.0 -----------
{'loss': 0.876, 'learning_rate': 1.2005689900426742e-05, 'epoch': 2.56}
12/29/2023 10:55:44 - DEBUG - helper.classes -   Epoch 3.0 completed, Duration: 0:05:43 Mem usage: CPU mem usage: 5.19G.  Cuda 0: memory acclocated: 10 G.
12/29/2023 10:56:14 - DEBUG - fsspec.local -   open file: /home/lunt1/.cache/huggingface/metrics/precision/default/default_experiment-1-0.arrow
12/29/2023 10:56:14 - DEBUG - fsspec.local -   open file: /home/lunt1/.cache/huggingface/metrics/recall/default/default_experiment-1-0.arrow
12/29/2023 10:56:14 - DEBUG - fsspec.local -   open file: /home/lunt1/.cache/huggingface/metrics/f1/default/default_experiment-1-0.arrow
12/29/2023 10:56:14 - DEBUG - fsspec.local -   open file: /home/lunt1/.cache/huggingface/metrics/spearmanr/default/default_experiment-1-0.arrow
12/29/2023 10:56:14 - DEBUG - fsspec.local -   open file: /home/lunt1/.cache/huggingface/metrics/precision/default/default_experiment-1-0.arrow
12/29/2023 10:56:14 - DEBUG - fsspec.local -   open file: /home/lunt1/.cache/huggingface/metrics/recall/default/default_experiment-1-0.arrow
12/29/2023 10:56:14 - DEBUG - fsspec.local -   open file: /home/lunt1/.cache/huggingface/metrics/f1/default/default_experiment-1-0.arrow
{'eval_loss': 2.1845240592956543, 'eval_precision': 0.25514833395268177, 'eval_recall': 0.2817964198889959, 'eval_f1': 0.26409746984566856, 'eval_spearmanr': 0.6238340827496616, 'eval_precision_weighted': 0.47649384334166944, 'eval_recall_weighted': 0.5216216216216216, 'eval_f1_weighted': 0.49303415833153924, 'eval_runtime': 30.4486, 'eval_samples_per_second': 12.152, 'eval_steps_per_second': 6.076, 'epoch': 3.0}
12/29/2023 10:56:20 - DEBUG - helper.classes -   ----------- Starting epoch 4.0 -----------
{'loss': 0.7336, 'learning_rate': 4.893314366998577e-06, 'epoch': 3.41}
12/29/2023 11:02:07 - DEBUG - helper.classes -   Epoch 4.0 completed, Duration: 0:05:46 Mem usage: CPU mem usage: 5.19G.  Cuda 0: memory acclocated: 10 G.
12/29/2023 11:02:37 - DEBUG - fsspec.local -   open file: /home/lunt1/.cache/huggingface/metrics/precision/default/default_experiment-1-0.arrow
12/29/2023 11:02:37 - DEBUG - fsspec.local -   open file: /home/lunt1/.cache/huggingface/metrics/recall/default/default_experiment-1-0.arrow
12/29/2023 11:02:37 - DEBUG - fsspec.local -   open file: /home/lunt1/.cache/huggingface/metrics/f1/default/default_experiment-1-0.arrow
12/29/2023 11:02:37 - DEBUG - fsspec.local -   open file: /home/lunt1/.cache/huggingface/metrics/spearmanr/default/default_experiment-1-0.arrow
12/29/2023 11:02:37 - DEBUG - fsspec.local -   open file: /home/lunt1/.cache/huggingface/metrics/precision/default/default_experiment-1-0.arrow
12/29/2023 11:02:37 - DEBUG - fsspec.local -   open file: /home/lunt1/.cache/huggingface/metrics/recall/default/default_experiment-1-0.arrow
12/29/2023 11:02:37 - DEBUG - fsspec.local -   open file: /home/lunt1/.cache/huggingface/metrics/f1/default/default_experiment-1-0.arrow
{'eval_loss': 2.319039821624756, 'eval_precision': 0.2551771336553945, 'eval_recall': 0.28355465345626346, 'eval_f1': 0.2659401504050813, 'eval_spearmanr': 0.6321367530847818, 'eval_precision_weighted': 0.4768994646820734, 'eval_recall_weighted': 0.5216216216216216, 'eval_f1_weighted': 0.4946392476229276, 'eval_runtime': 30.4659, 'eval_samples_per_second': 12.145, 'eval_steps_per_second': 6.072, 'epoch': 4.0}
{'train_runtime': 1535.425, 'train_samples_per_second': 3.053, 'train_steps_per_second': 1.527, 'train_loss': 0.8878091154651837, 'epoch': 4.0}
12/29/2023 11:02:48 - INFO - __main__ -   Training completed. Duration: 0:25:35
12/29/2023 11:03:19 - DEBUG - fsspec.local -   open file: /home/lunt1/.cache/huggingface/metrics/precision/default/default_experiment-1-0.arrow
12/29/2023 11:03:19 - DEBUG - fsspec.local -   open file: /home/lunt1/.cache/huggingface/metrics/recall/default/default_experiment-1-0.arrow
12/29/2023 11:03:19 - DEBUG - fsspec.local -   open file: /home/lunt1/.cache/huggingface/metrics/f1/default/default_experiment-1-0.arrow
12/29/2023 11:03:19 - DEBUG - fsspec.local -   open file: /home/lunt1/.cache/huggingface/metrics/spearmanr/default/default_experiment-1-0.arrow
12/29/2023 11:03:19 - DEBUG - fsspec.local -   open file: /home/lunt1/.cache/huggingface/metrics/precision/default/default_experiment-1-0.arrow
12/29/2023 11:03:19 - DEBUG - fsspec.local -   open file: /home/lunt1/.cache/huggingface/metrics/recall/default/default_experiment-1-0.arrow
12/29/2023 11:03:19 - DEBUG - fsspec.local -   open file: /home/lunt1/.cache/huggingface/metrics/f1/default/default_experiment-1-0.arrow
12/29/2023 11:03:19 - DEBUG - fsspec.local -   open file: /home/lunt1/.cache/huggingface/metrics/precision/default/default_experiment-1-0.arrow
12/29/2023 11:03:19 - DEBUG - fsspec.local -   open file: /home/lunt1/.cache/huggingface/metrics/recall/default/default_experiment-1-0.arrow
12/29/2023 11:03:19 - DEBUG - fsspec.local -   open file: /home/lunt1/.cache/huggingface/metrics/f1/default/default_experiment-1-0.arrow
12/29/2023 11:03:19 - DEBUG - fsspec.local -   open file: /home/lunt1/.cache/huggingface/metrics/spearmanr/default/default_experiment-1-0.arrow
12/29/2023 11:03:19 - DEBUG - fsspec.local -   open file: /home/lunt1/.cache/huggingface/metrics/precision/default/default_experiment-1-0.arrow
12/29/2023 11:03:19 - DEBUG - fsspec.local -   open file: /home/lunt1/.cache/huggingface/metrics/recall/default/default_experiment-1-0.arrow
12/29/2023 11:03:19 - DEBUG - fsspec.local -   open file: /home/lunt1/.cache/huggingface/metrics/f1/default/default_experiment-1-0.arrow
12/29/2023 11:03:19 - DEBUG - __main__ -   label: 1
12/29/2023 11:03:19 - DEBUG - __main__ -   pred: 2
12/29/2023 11:03:19 - DEBUG - __main__ -   label: 1
12/29/2023 11:03:19 - DEBUG - __main__ -   pred: 2
12/29/2023 11:03:19 - DEBUG - __main__ -   label: 2
12/29/2023 11:03:19 - DEBUG - __main__ -   pred: 2
12/29/2023 11:03:19 - DEBUG - __main__ -   label: 2
12/29/2023 11:03:19 - DEBUG - __main__ -   pred: 2
12/29/2023 11:03:19 - DEBUG - __main__ -   label: 2
12/29/2023 11:03:19 - DEBUG - __main__ -   pred: 2
12/29/2023 11:03:19 - DEBUG - __main__ -   label: 2
12/29/2023 11:03:19 - DEBUG - __main__ -   pred: 2
12/29/2023 11:03:19 - DEBUG - __main__ -   label: 2
12/29/2023 11:03:19 - DEBUG - __main__ -   pred: 2
12/29/2023 11:03:19 - DEBUG - __main__ -   label: 2
12/29/2023 11:03:19 - DEBUG - __main__ -   pred: 2
12/29/2023 11:03:19 - DEBUG - __main__ -   label: 1
12/29/2023 11:03:19 - DEBUG - __main__ -   pred: 2
12/29/2023 11:03:19 - DEBUG - __main__ -   label: 2
12/29/2023 11:03:19 - DEBUG - __main__ -   pred: 2
12/29/2023 11:03:19 - DEBUG - __main__ -   label: 2
12/29/2023 11:03:19 - DEBUG - __main__ -   pred: 2
12/29/2023 11:03:19 - DEBUG - __main__ -   label: 2
12/29/2023 11:03:19 - DEBUG - __main__ -   pred: 2
12/29/2023 11:03:19 - DEBUG - __main__ -   label: 2
12/29/2023 11:03:19 - DEBUG - __main__ -   pred: 2
12/29/2023 11:03:19 - DEBUG - __main__ -   label: 1
12/29/2023 11:03:19 - DEBUG - __main__ -   pred: 2
12/29/2023 11:03:19 - DEBUG - __main__ -   label: 2
12/29/2023 11:03:19 - DEBUG - __main__ -   pred: 2
12/29/2023 11:03:19 - DEBUG - __main__ -   label: 2
12/29/2023 11:03:19 - DEBUG - __main__ -   pred: 2
12/29/2023 11:03:19 - DEBUG - __main__ -   label: 2
12/29/2023 11:03:19 - DEBUG - __main__ -   pred: 2
12/29/2023 11:03:19 - DEBUG - __main__ -   label: 1
12/29/2023 11:03:19 - DEBUG - __main__ -   pred: 1
12/29/2023 11:03:19 - DEBUG - __main__ -   label: 2
12/29/2023 11:03:19 - DEBUG - __main__ -   pred: 2
12/29/2023 11:03:19 - DEBUG - __main__ -   label: 2
12/29/2023 11:03:19 - DEBUG - __main__ -   pred: 2
12/29/2023 11:03:19 - DEBUG - __main__ -   label: 1
12/29/2023 11:03:19 - DEBUG - __main__ -   pred: 1
12/29/2023 11:03:19 - DEBUG - __main__ -   label: 1
12/29/2023 11:03:19 - DEBUG - __main__ -   pred: 2
12/29/2023 11:03:19 - DEBUG - __main__ -   label: 2
12/29/2023 11:03:19 - DEBUG - __main__ -   pred: 2
12/29/2023 11:03:19 - DEBUG - __main__ -   label: 2
12/29/2023 11:03:19 - DEBUG - __main__ -   pred: 1
12/29/2023 11:03:19 - DEBUG - __main__ -   label: 2
12/29/2023 11:03:19 - DEBUG - __main__ -   pred: 2
12/29/2023 11:03:19 - DEBUG - __main__ -   label: 2
12/29/2023 11:03:19 - DEBUG - __main__ -   pred: 1
12/29/2023 11:03:19 - DEBUG - __main__ -   label: 2
12/29/2023 11:03:19 - DEBUG - __main__ -   pred: 2
12/29/2023 11:03:19 - DEBUG - __main__ -   label: 1
12/29/2023 11:03:19 - DEBUG - __main__ -   pred: 1
12/29/2023 11:03:19 - DEBUG - __main__ -   label: 3
12/29/2023 11:03:19 - DEBUG - __main__ -   pred: 2
12/29/2023 11:03:19 - DEBUG - __main__ -   label: 2
12/29/2023 11:03:19 - DEBUG - __main__ -   pred: 2
12/29/2023 11:03:19 - DEBUG - __main__ -   label: 2
12/29/2023 11:03:19 - DEBUG - __main__ -   pred: 1
12/29/2023 11:03:19 - DEBUG - __main__ -   label: 2
12/29/2023 11:03:19 - DEBUG - __main__ -   pred: 3
12/29/2023 11:03:19 - DEBUG - __main__ -   label: 2
12/29/2023 11:03:19 - DEBUG - __main__ -   pred: 2
12/29/2023 11:03:19 - DEBUG - __main__ -   label: 2
12/29/2023 11:03:19 - DEBUG - __main__ -   pred: 3
12/29/2023 11:03:19 - DEBUG - __main__ -   label: 3
12/29/2023 11:03:19 - DEBUG - __main__ -   pred: 3
12/29/2023 11:03:19 - DEBUG - __main__ -   label: 1
12/29/2023 11:03:19 - DEBUG - __main__ -   pred: 1
12/29/2023 11:03:19 - DEBUG - __main__ -   label: 3
12/29/2023 11:03:19 - DEBUG - __main__ -   pred: 3
12/29/2023 11:03:19 - DEBUG - __main__ -   label: 3
12/29/2023 11:03:19 - DEBUG - __main__ -   pred: 3
12/29/2023 11:03:19 - DEBUG - __main__ -   label: 1
12/29/2023 11:03:19 - DEBUG - __main__ -   pred: 2
12/29/2023 11:03:19 - DEBUG - __main__ -   label: 2
12/29/2023 11:03:19 - DEBUG - __main__ -   pred: 2
12/29/2023 11:03:19 - DEBUG - __main__ -   label: 2
12/29/2023 11:03:19 - DEBUG - __main__ -   pred: 3
12/29/2023 11:03:19 - DEBUG - __main__ -   label: 3
12/29/2023 11:03:19 - DEBUG - __main__ -   pred: 3
12/29/2023 11:03:19 - DEBUG - __main__ -   label: 4
12/29/2023 11:03:19 - DEBUG - __main__ -   pred: 3
12/29/2023 11:03:19 - DEBUG - __main__ -   label: 3
12/29/2023 11:03:19 - DEBUG - __main__ -   pred: 3
12/29/2023 11:03:19 - DEBUG - __main__ -   label: 3
12/29/2023 11:03:19 - DEBUG - __main__ -   pred: 2
12/29/2023 11:03:19 - DEBUG - __main__ -   label: 3
12/29/2023 11:03:19 - DEBUG - __main__ -   pred: 3
12/29/2023 11:03:19 - DEBUG - __main__ -   label: 4
12/29/2023 11:03:19 - DEBUG - __main__ -   pred: 3
12/29/2023 11:03:19 - DEBUG - __main__ -   label: 2
12/29/2023 11:03:19 - DEBUG - __main__ -   pred: 3
12/29/2023 11:03:19 - DEBUG - __main__ -   label: 4
12/29/2023 11:03:19 - DEBUG - __main__ -   pred: 3
12/29/2023 11:03:19 - DEBUG - __main__ -   label: 2
12/29/2023 11:03:19 - DEBUG - __main__ -   pred: 2
12/29/2023 11:03:19 - DEBUG - __main__ -   label: 2
12/29/2023 11:03:19 - DEBUG - __main__ -   pred: 2
12/29/2023 11:03:19 - DEBUG - __main__ -   label: 2
12/29/2023 11:03:19 - DEBUG - __main__ -   pred: 2
12/29/2023 11:03:19 - DEBUG - __main__ -   label: 2
12/29/2023 11:03:19 - DEBUG - __main__ -   pred: 2
12/29/2023 11:03:19 - DEBUG - __main__ -   label: 3
12/29/2023 11:03:19 - DEBUG - __main__ -   pred: 3
12/29/2023 11:03:19 - DEBUG - __main__ -   label: 2
12/29/2023 11:03:19 - DEBUG - __main__ -   pred: 2
12/29/2023 11:03:19 - DEBUG - __main__ -   label: 3
12/29/2023 11:03:19 - DEBUG - __main__ -   pred: 1
12/29/2023 11:03:19 - DEBUG - __main__ -   label: 3
12/29/2023 11:03:19 - DEBUG - __main__ -   pred: 2
12/29/2023 11:03:19 - DEBUG - __main__ -   label: 4
12/29/2023 11:03:19 - DEBUG - __main__ -   pred: 3
12/29/2023 11:03:19 - DEBUG - __main__ -   label: 1
12/29/2023 11:03:19 - DEBUG - __main__ -   pred: 1
12/29/2023 11:03:19 - DEBUG - __main__ -   label: 1
12/29/2023 11:03:19 - DEBUG - __main__ -   pred: 1
12/29/2023 11:03:19 - DEBUG - __main__ -   label: 2
12/29/2023 11:03:19 - DEBUG - __main__ -   pred: 2
12/29/2023 11:03:19 - DEBUG - __main__ -   label: 1
12/29/2023 11:03:19 - DEBUG - __main__ -   pred: 1
12/29/2023 11:03:19 - DEBUG - __main__ -   label: 1
12/29/2023 11:03:19 - DEBUG - __main__ -   pred: 2
12/29/2023 11:03:19 - DEBUG - __main__ -   label: 2
12/29/2023 11:03:19 - DEBUG - __main__ -   pred: 2
12/29/2023 11:03:19 - DEBUG - __main__ -   label: 2
12/29/2023 11:03:19 - DEBUG - __main__ -   pred: 1
12/29/2023 11:03:19 - DEBUG - __main__ -   label: 1
12/29/2023 11:03:19 - DEBUG - __main__ -   pred: 1
12/29/2023 11:03:19 - DEBUG - __main__ -   label: 2
12/29/2023 11:03:19 - DEBUG - __main__ -   pred: 3
12/29/2023 11:03:19 - DEBUG - __main__ -   label: 1
12/29/2023 11:03:19 - DEBUG - __main__ -   pred: 1
12/29/2023 11:03:19 - DEBUG - __main__ -   label: 2
12/29/2023 11:03:19 - DEBUG - __main__ -   pred: 2
12/29/2023 11:03:19 - DEBUG - __main__ -   label: 2
12/29/2023 11:03:19 - DEBUG - __main__ -   pred: 2
12/29/2023 11:03:19 - DEBUG - __main__ -   label: 2
12/29/2023 11:03:19 - DEBUG - __main__ -   pred: 2
12/29/2023 11:03:19 - DEBUG - __main__ -   label: 3
12/29/2023 11:03:19 - DEBUG - __main__ -   pred: 2
12/29/2023 11:03:19 - DEBUG - __main__ -   label: 3
12/29/2023 11:03:19 - DEBUG - __main__ -   pred: 2
12/29/2023 11:03:19 - DEBUG - __main__ -   label: 1
12/29/2023 11:03:19 - DEBUG - __main__ -   pred: 2
12/29/2023 11:03:19 - DEBUG - __main__ -   label: 2
12/29/2023 11:03:19 - DEBUG - __main__ -   pred: 2
12/29/2023 11:03:19 - DEBUG - __main__ -   label: 2
12/29/2023 11:03:19 - DEBUG - __main__ -   pred: 2
12/29/2023 11:03:19 - DEBUG - __main__ -   label: 2
12/29/2023 11:03:19 - DEBUG - __main__ -   pred: 2
12/29/2023 11:03:19 - DEBUG - __main__ -   label: 3
12/29/2023 11:03:19 - DEBUG - __main__ -   pred: 2
12/29/2023 11:03:19 - DEBUG - __main__ -   label: 3
12/29/2023 11:03:19 - DEBUG - __main__ -   pred: 2
12/29/2023 11:03:19 - DEBUG - __main__ -   label: 2
12/29/2023 11:03:19 - DEBUG - __main__ -   pred: 2
12/29/2023 11:03:19 - DEBUG - __main__ -   label: 0
12/29/2023 11:03:19 - DEBUG - __main__ -   pred: 1
12/29/2023 11:03:19 - DEBUG - __main__ -   label: 1
12/29/2023 11:03:19 - DEBUG - __main__ -   pred: 1
12/29/2023 11:03:19 - DEBUG - __main__ -   label: 1
12/29/2023 11:03:19 - DEBUG - __main__ -   pred: 1
12/29/2023 11:03:19 - DEBUG - __main__ -   label: 1
12/29/2023 11:03:19 - DEBUG - __main__ -   pred: 1
12/29/2023 11:03:19 - DEBUG - __main__ -   label: 0
12/29/2023 11:03:19 - DEBUG - __main__ -   pred: 1
12/29/2023 11:03:19 - DEBUG - __main__ -   label: 1
12/29/2023 11:03:19 - DEBUG - __main__ -   pred: 1
12/29/2023 11:03:19 - DEBUG - __main__ -   label: 2
12/29/2023 11:03:19 - DEBUG - __main__ -   pred: 1
12/29/2023 11:03:19 - DEBUG - __main__ -   label: 1
12/29/2023 11:03:19 - DEBUG - __main__ -   pred: 1
12/29/2023 11:03:19 - DEBUG - __main__ -   label: 1
12/29/2023 11:03:19 - DEBUG - __main__ -   pred: 1
12/29/2023 11:03:19 - DEBUG - __main__ -   label: 3
12/29/2023 11:03:19 - DEBUG - __main__ -   pred: 2
12/29/2023 11:03:19 - DEBUG - __main__ -   label: 2
12/29/2023 11:03:19 - DEBUG - __main__ -   pred: 2
12/29/2023 11:03:19 - DEBUG - __main__ -   label: 2
12/29/2023 11:03:19 - DEBUG - __main__ -   pred: 1
12/29/2023 11:03:19 - DEBUG - __main__ -   label: 1
12/29/2023 11:03:19 - DEBUG - __main__ -   pred: 1
12/29/2023 11:03:19 - DEBUG - __main__ -   label: 2
12/29/2023 11:03:19 - DEBUG - __main__ -   pred: 1
12/29/2023 11:03:19 - DEBUG - __main__ -   label: 1
12/29/2023 11:03:19 - DEBUG - __main__ -   pred: 2
12/29/2023 11:03:19 - DEBUG - __main__ -   label: 1
12/29/2023 11:03:19 - DEBUG - __main__ -   pred: 1
12/29/2023 11:03:19 - DEBUG - __main__ -   label: 0
12/29/2023 11:03:19 - DEBUG - __main__ -   pred: 1
12/29/2023 11:03:19 - DEBUG - __main__ -   label: 2
12/29/2023 11:03:19 - DEBUG - __main__ -   pred: 1
12/29/2023 11:03:19 - DEBUG - __main__ -   label: 1
12/29/2023 11:03:19 - DEBUG - __main__ -   pred: 2
12/29/2023 11:03:19 - DEBUG - __main__ -   label: 1
12/29/2023 11:03:19 - DEBUG - __main__ -   pred: 2
12/29/2023 11:03:19 - DEBUG - __main__ -   label: 2
12/29/2023 11:03:19 - DEBUG - __main__ -   pred: 1
12/29/2023 11:03:19 - DEBUG - __main__ -   label: 2
12/29/2023 11:03:19 - DEBUG - __main__ -   pred: 1
12/29/2023 11:03:19 - DEBUG - __main__ -   label: 2
12/29/2023 11:03:19 - DEBUG - __main__ -   pred: 1
12/29/2023 11:03:19 - DEBUG - __main__ -   label: 0
12/29/2023 11:03:19 - DEBUG - __main__ -   pred: 1
12/29/2023 11:03:19 - DEBUG - __main__ -   label: 1
12/29/2023 11:03:19 - DEBUG - __main__ -   pred: 2
12/29/2023 11:03:19 - DEBUG - __main__ -   label: 1
12/29/2023 11:03:19 - DEBUG - __main__ -   pred: 1
12/29/2023 11:03:19 - DEBUG - __main__ -   label: 2
12/29/2023 11:03:19 - DEBUG - __main__ -   pred: 1
12/29/2023 11:03:19 - DEBUG - __main__ -   label: 3
12/29/2023 11:03:19 - DEBUG - __main__ -   pred: 2
12/29/2023 11:03:19 - DEBUG - __main__ -   label: 4
12/29/2023 11:03:19 - DEBUG - __main__ -   pred: 2
12/29/2023 11:03:19 - DEBUG - __main__ -   label: 1
12/29/2023 11:03:19 - DEBUG - __main__ -   pred: 1
12/29/2023 11:03:19 - DEBUG - __main__ -   label: 1
12/29/2023 11:03:19 - DEBUG - __main__ -   pred: 2
12/29/2023 11:03:19 - DEBUG - __main__ -   label: 2
12/29/2023 11:03:19 - DEBUG - __main__ -   pred: 2
12/29/2023 11:03:19 - DEBUG - __main__ -   label: 2
12/29/2023 11:03:19 - DEBUG - __main__ -   pred: 2
12/29/2023 11:03:19 - DEBUG - __main__ -   label: 1
12/29/2023 11:03:19 - DEBUG - __main__ -   pred: 2
12/29/2023 11:03:19 - DEBUG - __main__ -   label: 2
12/29/2023 11:03:19 - DEBUG - __main__ -   pred: 2
12/29/2023 11:03:19 - DEBUG - __main__ -   label: 1
12/29/2023 11:03:19 - DEBUG - __main__ -   pred: 1
12/29/2023 11:03:19 - DEBUG - __main__ -   label: 2
12/29/2023 11:03:19 - DEBUG - __main__ -   pred: 2
12/29/2023 11:03:19 - DEBUG - __main__ -   label: 2
12/29/2023 11:03:19 - DEBUG - __main__ -   pred: 2
12/29/2023 11:03:19 - DEBUG - __main__ -   label: 2
12/29/2023 11:03:19 - DEBUG - __main__ -   pred: 1
12/29/2023 11:03:19 - DEBUG - __main__ -   label: 3
12/29/2023 11:03:19 - DEBUG - __main__ -   pred: 3
12/29/2023 11:03:19 - DEBUG - __main__ -   label: 1
12/29/2023 11:03:19 - DEBUG - __main__ -   pred: 2
12/29/2023 11:03:19 - DEBUG - __main__ -   label: 1
12/29/2023 11:03:19 - DEBUG - __main__ -   pred: 2
12/29/2023 11:03:19 - DEBUG - __main__ -   label: 2
12/29/2023 11:03:19 - DEBUG - __main__ -   pred: 2
12/29/2023 11:03:19 - DEBUG - __main__ -   label: 1
12/29/2023 11:03:19 - DEBUG - __main__ -   pred: 1
12/29/2023 11:03:19 - DEBUG - __main__ -   label: 1
12/29/2023 11:03:19 - DEBUG - __main__ -   pred: 2
12/29/2023 11:03:19 - DEBUG - __main__ -   label: 3
12/29/2023 11:03:19 - DEBUG - __main__ -   pred: 3
12/29/2023 11:03:19 - DEBUG - __main__ -   label: 2
12/29/2023 11:03:19 - DEBUG - __main__ -   pred: 3
12/29/2023 11:03:19 - DEBUG - __main__ -   label: 3
12/29/2023 11:03:19 - DEBUG - __main__ -   pred: 3
12/29/2023 11:03:19 - DEBUG - __main__ -   label: 2
12/29/2023 11:03:19 - DEBUG - __main__ -   pred: 2
12/29/2023 11:03:19 - DEBUG - __main__ -   label: 2
12/29/2023 11:03:19 - DEBUG - __main__ -   pred: 2
12/29/2023 11:03:19 - DEBUG - __main__ -   label: 4
12/29/2023 11:03:19 - DEBUG - __main__ -   pred: 3
12/29/2023 11:03:19 - DEBUG - __main__ -   label: 4
12/29/2023 11:03:19 - DEBUG - __main__ -   pred: 3
12/29/2023 11:03:19 - DEBUG - __main__ -   label: 4
12/29/2023 11:03:19 - DEBUG - __main__ -   pred: 3
12/29/2023 11:03:19 - DEBUG - __main__ -   label: 4
12/29/2023 11:03:19 - DEBUG - __main__ -   pred: 3
12/29/2023 11:03:19 - DEBUG - __main__ -   label: 4
12/29/2023 11:03:19 - DEBUG - __main__ -   pred: 3
12/29/2023 11:03:19 - DEBUG - __main__ -   label: 4
12/29/2023 11:03:19 - DEBUG - __main__ -   pred: 3
12/29/2023 11:03:19 - DEBUG - __main__ -   label: 3
12/29/2023 11:03:19 - DEBUG - __main__ -   pred: 3
12/29/2023 11:03:19 - DEBUG - __main__ -   label: 4
12/29/2023 11:03:19 - DEBUG - __main__ -   pred: 3
12/29/2023 11:03:19 - DEBUG - __main__ -   label: 3
12/29/2023 11:03:19 - DEBUG - __main__ -   pred: 3
12/29/2023 11:03:19 - DEBUG - __main__ -   label: 4
12/29/2023 11:03:19 - DEBUG - __main__ -   pred: 3
12/29/2023 11:03:19 - DEBUG - __main__ -   label: 4
12/29/2023 11:03:19 - DEBUG - __main__ -   pred: 3
12/29/2023 11:03:19 - DEBUG - __main__ -   label: 3
12/29/2023 11:03:19 - DEBUG - __main__ -   pred: 3
12/29/2023 11:03:19 - DEBUG - __main__ -   label: 3
12/29/2023 11:03:19 - DEBUG - __main__ -   pred: 3
12/29/2023 11:03:19 - DEBUG - __main__ -   label: 4
12/29/2023 11:03:19 - DEBUG - __main__ -   pred: 3
12/29/2023 11:03:19 - DEBUG - __main__ -   label: 4
12/29/2023 11:03:19 - DEBUG - __main__ -   pred: 3
12/29/2023 11:03:19 - DEBUG - __main__ -   label: 5
12/29/2023 11:03:19 - DEBUG - __main__ -   pred: 3
12/29/2023 11:03:19 - DEBUG - __main__ -   label: 2
12/29/2023 11:03:19 - DEBUG - __main__ -   pred: 2
12/29/2023 11:03:19 - DEBUG - __main__ -   label: 3
12/29/2023 11:03:19 - DEBUG - __main__ -   pred: 3
12/29/2023 11:03:19 - DEBUG - __main__ -   label: 2
12/29/2023 11:03:19 - DEBUG - __main__ -   pred: 3
12/29/2023 11:03:19 - DEBUG - __main__ -   label: 4
12/29/2023 11:03:19 - DEBUG - __main__ -   pred: 3
12/29/2023 11:03:19 - DEBUG - __main__ -   label: 1
12/29/2023 11:03:19 - DEBUG - __main__ -   pred: 2
12/29/2023 11:03:19 - DEBUG - __main__ -   label: 2
12/29/2023 11:03:19 - DEBUG - __main__ -   pred: 3
12/29/2023 11:03:19 - DEBUG - __main__ -   label: 4
12/29/2023 11:03:19 - DEBUG - __main__ -   pred: 3
12/29/2023 11:03:19 - DEBUG - __main__ -   label: 2
12/29/2023 11:03:19 - DEBUG - __main__ -   pred: 1
12/29/2023 11:03:19 - DEBUG - __main__ -   label: 2
12/29/2023 11:03:19 - DEBUG - __main__ -   pred: 2
12/29/2023 11:03:19 - DEBUG - __main__ -   label: 4
12/29/2023 11:03:19 - DEBUG - __main__ -   pred: 3
12/29/2023 11:03:19 - DEBUG - __main__ -   label: 2
12/29/2023 11:03:19 - DEBUG - __main__ -   pred: 2
12/29/2023 11:03:19 - DEBUG - __main__ -   label: 2
12/29/2023 11:03:19 - DEBUG - __main__ -   pred: 2
12/29/2023 11:03:19 - DEBUG - __main__ -   label: 3
12/29/2023 11:03:19 - DEBUG - __main__ -   pred: 3
12/29/2023 11:03:19 - DEBUG - __main__ -   label: 3
12/29/2023 11:03:19 - DEBUG - __main__ -   pred: 3
12/29/2023 11:03:19 - DEBUG - __main__ -   label: 3
12/29/2023 11:03:19 - DEBUG - __main__ -   pred: 2
12/29/2023 11:03:19 - DEBUG - __main__ -   label: 2
12/29/2023 11:03:19 - DEBUG - __main__ -   pred: 2
12/29/2023 11:03:19 - DEBUG - __main__ -   label: 3
12/29/2023 11:03:19 - DEBUG - __main__ -   pred: 2
12/29/2023 11:03:19 - DEBUG - __main__ -   label: 3
12/29/2023 11:03:19 - DEBUG - __main__ -   pred: 3
12/29/2023 11:03:19 - DEBUG - __main__ -   label: 3
12/29/2023 11:03:19 - DEBUG - __main__ -   pred: 3
12/29/2023 11:03:19 - DEBUG - __main__ -   label: 3
12/29/2023 11:03:19 - DEBUG - __main__ -   pred: 3
12/29/2023 11:03:19 - DEBUG - __main__ -   label: 3
12/29/2023 11:03:19 - DEBUG - __main__ -   pred: 2
12/29/2023 11:03:19 - DEBUG - __main__ -   label: 2
12/29/2023 11:03:19 - DEBUG - __main__ -   pred: 2
12/29/2023 11:03:19 - DEBUG - __main__ -   label: 2
12/29/2023 11:03:19 - DEBUG - __main__ -   pred: 2
12/29/2023 11:03:19 - DEBUG - __main__ -   label: 3
12/29/2023 11:03:19 - DEBUG - __main__ -   pred: 3
12/29/2023 11:03:19 - DEBUG - __main__ -   label: 3
12/29/2023 11:03:19 - DEBUG - __main__ -   pred: 3
12/29/2023 11:03:19 - DEBUG - __main__ -   label: 2
12/29/2023 11:03:19 - DEBUG - __main__ -   pred: 2
12/29/2023 11:03:19 - DEBUG - __main__ -   label: 3
12/29/2023 11:03:19 - DEBUG - __main__ -   pred: 3
12/29/2023 11:03:19 - DEBUG - __main__ -   label: 2
12/29/2023 11:03:19 - DEBUG - __main__ -   pred: 2
12/29/2023 11:03:19 - DEBUG - __main__ -   label: 1
12/29/2023 11:03:19 - DEBUG - __main__ -   pred: 1
12/29/2023 11:03:19 - DEBUG - __main__ -   label: 1
12/29/2023 11:03:19 - DEBUG - __main__ -   pred: 2
12/29/2023 11:03:19 - DEBUG - __main__ -   label: 3
12/29/2023 11:03:19 - DEBUG - __main__ -   pred: 3
12/29/2023 11:03:19 - DEBUG - __main__ -   label: 2
12/29/2023 11:03:19 - DEBUG - __main__ -   pred: 2
12/29/2023 11:03:19 - DEBUG - __main__ -   label: 2
12/29/2023 11:03:19 - DEBUG - __main__ -   pred: 1
12/29/2023 11:03:19 - DEBUG - __main__ -   label: 2
12/29/2023 11:03:19 - DEBUG - __main__ -   pred: 2
12/29/2023 11:03:19 - DEBUG - __main__ -   label: 2
12/29/2023 11:03:19 - DEBUG - __main__ -   pred: 2
12/29/2023 11:03:19 - DEBUG - __main__ -   label: 3
12/29/2023 11:03:19 - DEBUG - __main__ -   pred: 2
12/29/2023 11:03:19 - DEBUG - __main__ -   label: 2
12/29/2023 11:03:19 - DEBUG - __main__ -   pred: 2
12/29/2023 11:03:19 - DEBUG - __main__ -   label: 2
12/29/2023 11:03:19 - DEBUG - __main__ -   pred: 2
12/29/2023 11:03:19 - DEBUG - __main__ -   label: 3
12/29/2023 11:03:19 - DEBUG - __main__ -   pred: 2
12/29/2023 11:03:19 - DEBUG - __main__ -   label: 4
12/29/2023 11:03:19 - DEBUG - __main__ -   pred: 3
12/29/2023 11:03:19 - DEBUG - __main__ -   label: 2
12/29/2023 11:03:19 - DEBUG - __main__ -   pred: 2
12/29/2023 11:03:19 - DEBUG - __main__ -   label: 1
12/29/2023 11:03:19 - DEBUG - __main__ -   pred: 1
12/29/2023 11:03:19 - DEBUG - __main__ -   label: 1
12/29/2023 11:03:19 - DEBUG - __main__ -   pred: 2
12/29/2023 11:03:19 - DEBUG - __main__ -   label: 2
12/29/2023 11:03:19 - DEBUG - __main__ -   pred: 2
12/29/2023 11:03:19 - DEBUG - __main__ -   label: 1
12/29/2023 11:03:19 - DEBUG - __main__ -   pred: 1
12/29/2023 11:03:19 - DEBUG - __main__ -   label: 1
12/29/2023 11:03:19 - DEBUG - __main__ -   pred: 1
12/29/2023 11:03:19 - DEBUG - __main__ -   label: 2
12/29/2023 11:03:19 - DEBUG - __main__ -   pred: 1
12/29/2023 11:03:19 - DEBUG - __main__ -   label: 2
12/29/2023 11:03:19 - DEBUG - __main__ -   pred: 2
12/29/2023 11:03:19 - DEBUG - __main__ -   label: 2
12/29/2023 11:03:19 - DEBUG - __main__ -   pred: 2
12/29/2023 11:03:19 - DEBUG - __main__ -   label: 2
12/29/2023 11:03:19 - DEBUG - __main__ -   pred: 2
12/29/2023 11:03:19 - DEBUG - __main__ -   label: 1
12/29/2023 11:03:19 - DEBUG - __main__ -   pred: 2
12/29/2023 11:03:19 - DEBUG - __main__ -   label: 1
12/29/2023 11:03:19 - DEBUG - __main__ -   pred: 1
12/29/2023 11:03:19 - DEBUG - __main__ -   label: 2
12/29/2023 11:03:19 - DEBUG - __main__ -   pred: 1
12/29/2023 11:03:19 - DEBUG - __main__ -   label: 2
12/29/2023 11:03:19 - DEBUG - __main__ -   pred: 2
12/29/2023 11:03:19 - DEBUG - __main__ -   label: 1
12/29/2023 11:03:19 - DEBUG - __main__ -   pred: 1
12/29/2023 11:03:19 - DEBUG - __main__ -   label: 3
12/29/2023 11:03:19 - DEBUG - __main__ -   pred: 2
12/29/2023 11:03:19 - DEBUG - __main__ -   label: 2
12/29/2023 11:03:19 - DEBUG - __main__ -   pred: 1
12/29/2023 11:03:19 - DEBUG - __main__ -   label: 2
12/29/2023 11:03:19 - DEBUG - __main__ -   pred: 2
12/29/2023 11:03:19 - DEBUG - __main__ -   label: 3
12/29/2023 11:03:19 - DEBUG - __main__ -   pred: 2
12/29/2023 11:03:19 - DEBUG - __main__ -   label: 3
12/29/2023 11:03:19 - DEBUG - __main__ -   pred: 2
12/29/2023 11:03:19 - DEBUG - __main__ -   label: 2
12/29/2023 11:03:19 - DEBUG - __main__ -   pred: 1
12/29/2023 11:03:19 - DEBUG - __main__ -   label: 1
12/29/2023 11:03:19 - DEBUG - __main__ -   pred: 2
12/29/2023 11:03:19 - DEBUG - __main__ -   label: 1
12/29/2023 11:03:19 - DEBUG - __main__ -   pred: 1
12/29/2023 11:03:19 - DEBUG - __main__ -   label: 2
12/29/2023 11:03:19 - DEBUG - __main__ -   pred: 3
12/29/2023 11:03:19 - DEBUG - __main__ -   label: 1
12/29/2023 11:03:19 - DEBUG - __main__ -   pred: 1
12/29/2023 11:03:19 - DEBUG - __main__ -   label: 3
12/29/2023 11:03:19 - DEBUG - __main__ -   pred: 2
12/29/2023 11:03:19 - DEBUG - __main__ -   label: 1
12/29/2023 11:03:19 - DEBUG - __main__ -   pred: 2
12/29/2023 11:03:19 - DEBUG - __main__ -   label: 1
12/29/2023 11:03:19 - DEBUG - __main__ -   pred: 1
12/29/2023 11:03:19 - DEBUG - __main__ -   label: 3
12/29/2023 11:03:19 - DEBUG - __main__ -   pred: 2
12/29/2023 11:03:19 - DEBUG - __main__ -   label: 1
12/29/2023 11:03:19 - DEBUG - __main__ -   pred: 1
12/29/2023 11:03:19 - DEBUG - __main__ -   label: 2
12/29/2023 11:03:19 - DEBUG - __main__ -   pred: 2
12/29/2023 11:03:19 - DEBUG - __main__ -   label: 2
12/29/2023 11:03:19 - DEBUG - __main__ -   pred: 3
12/29/2023 11:03:19 - DEBUG - __main__ -   label: 2
12/29/2023 11:03:19 - DEBUG - __main__ -   pred: 2
12/29/2023 11:03:19 - DEBUG - __main__ -   label: 2
12/29/2023 11:03:19 - DEBUG - __main__ -   pred: 2
12/29/2023 11:03:19 - DEBUG - __main__ -   label: 2
12/29/2023 11:03:19 - DEBUG - __main__ -   pred: 2
12/29/2023 11:03:19 - DEBUG - __main__ -   label: 2
12/29/2023 11:03:19 - DEBUG - __main__ -   pred: 2
12/29/2023 11:03:19 - DEBUG - __main__ -   label: 2
12/29/2023 11:03:19 - DEBUG - __main__ -   pred: 2
12/29/2023 11:03:19 - DEBUG - __main__ -   label: 3
12/29/2023 11:03:19 - DEBUG - __main__ -   pred: 2
12/29/2023 11:03:19 - DEBUG - __main__ -   label: 2
12/29/2023 11:03:19 - DEBUG - __main__ -   pred: 2
12/29/2023 11:03:19 - DEBUG - __main__ -   label: 3
12/29/2023 11:03:19 - DEBUG - __main__ -   pred: 3
12/29/2023 11:03:19 - DEBUG - __main__ -   label: 1
12/29/2023 11:03:19 - DEBUG - __main__ -   pred: 1
12/29/2023 11:03:19 - DEBUG - __main__ -   label: 2
12/29/2023 11:03:19 - DEBUG - __main__ -   pred: 2
12/29/2023 11:03:19 - DEBUG - __main__ -   label: 2
12/29/2023 11:03:19 - DEBUG - __main__ -   pred: 1
12/29/2023 11:03:19 - DEBUG - __main__ -   label: 4
12/29/2023 11:03:19 - DEBUG - __main__ -   pred: 3
12/29/2023 11:03:19 - DEBUG - __main__ -   label: 2
12/29/2023 11:03:19 - DEBUG - __main__ -   pred: 2
12/29/2023 11:03:19 - DEBUG - __main__ -   label: 3
12/29/2023 11:03:19 - DEBUG - __main__ -   pred: 2
12/29/2023 11:03:19 - DEBUG - __main__ -   label: 1
12/29/2023 11:03:19 - DEBUG - __main__ -   pred: 2
12/29/2023 11:03:19 - DEBUG - __main__ -   label: 1
12/29/2023 11:03:19 - DEBUG - __main__ -   pred: 2
12/29/2023 11:03:19 - DEBUG - __main__ -   label: 2
12/29/2023 11:03:19 - DEBUG - __main__ -   pred: 2
12/29/2023 11:03:19 - DEBUG - __main__ -   label: 3
12/29/2023 11:03:19 - DEBUG - __main__ -   pred: 2
12/29/2023 11:03:19 - DEBUG - __main__ -   label: 2
12/29/2023 11:03:19 - DEBUG - __main__ -   pred: 2
12/29/2023 11:03:19 - DEBUG - __main__ -   label: 3
12/29/2023 11:03:19 - DEBUG - __main__ -   pred: 3
12/29/2023 11:03:19 - DEBUG - __main__ -   label: 3
12/29/2023 11:03:19 - DEBUG - __main__ -   pred: 3
12/29/2023 11:03:19 - DEBUG - __main__ -   label: 4
12/29/2023 11:03:19 - DEBUG - __main__ -   pred: 3
12/29/2023 11:03:19 - DEBUG - __main__ -   label: 2
12/29/2023 11:03:19 - DEBUG - __main__ -   pred: 2
12/29/2023 11:03:19 - DEBUG - __main__ -   label: 1
12/29/2023 11:03:19 - DEBUG - __main__ -   pred: 2
12/29/2023 11:03:19 - DEBUG - __main__ -   label: 2
12/29/2023 11:03:19 - DEBUG - __main__ -   pred: 1
12/29/2023 11:03:19 - DEBUG - __main__ -   label: 3
12/29/2023 11:03:19 - DEBUG - __main__ -   pred: 2
12/29/2023 11:03:19 - DEBUG - __main__ -   label: 3
12/29/2023 11:03:19 - DEBUG - __main__ -   pred: 1
12/29/2023 11:03:19 - DEBUG - __main__ -   label: 3
12/29/2023 11:03:19 - DEBUG - __main__ -   pred: 2
12/29/2023 11:03:19 - DEBUG - __main__ -   label: 2
12/29/2023 11:03:19 - DEBUG - __main__ -   pred: 3
12/29/2023 11:03:19 - DEBUG - __main__ -   label: 2
12/29/2023 11:03:19 - DEBUG - __main__ -   pred: 2
12/29/2023 11:03:19 - DEBUG - __main__ -   label: 2
12/29/2023 11:03:19 - DEBUG - __main__ -   pred: 2
12/29/2023 11:03:19 - DEBUG - __main__ -   label: 3
12/29/2023 11:03:19 - DEBUG - __main__ -   pred: 2
12/29/2023 11:03:19 - DEBUG - __main__ -   label: 2
12/29/2023 11:03:19 - DEBUG - __main__ -   pred: 2
12/29/2023 11:03:19 - DEBUG - __main__ -   label: 3
12/29/2023 11:03:19 - DEBUG - __main__ -   pred: 2
12/29/2023 11:03:19 - DEBUG - __main__ -   label: 2
12/29/2023 11:03:19 - DEBUG - __main__ -   pred: 1
12/29/2023 11:03:19 - DEBUG - __main__ -   label: 2
12/29/2023 11:03:19 - DEBUG - __main__ -   pred: 2
12/29/2023 11:03:19 - DEBUG - __main__ -   label: 2
12/29/2023 11:03:19 - DEBUG - __main__ -   pred: 3
12/29/2023 11:03:19 - DEBUG - __main__ -   label: 2
12/29/2023 11:03:19 - DEBUG - __main__ -   pred: 3
12/29/2023 11:03:19 - DEBUG - __main__ -   label: 2
12/29/2023 11:03:19 - DEBUG - __main__ -   pred: 2
12/29/2023 11:03:19 - DEBUG - __main__ -   label: 2
12/29/2023 11:03:19 - DEBUG - __main__ -   pred: 2
12/29/2023 11:03:19 - DEBUG - __main__ -   label: 2
12/29/2023 11:03:19 - DEBUG - __main__ -   pred: 2
12/29/2023 11:03:19 - DEBUG - __main__ -   label: 3
12/29/2023 11:03:19 - DEBUG - __main__ -   pred: 3
12/29/2023 11:03:19 - DEBUG - __main__ -   label: 2
12/29/2023 11:03:19 - DEBUG - __main__ -   pred: 2
12/29/2023 11:03:19 - DEBUG - __main__ -   label: 2
12/29/2023 11:03:19 - DEBUG - __main__ -   pred: 3
12/29/2023 11:03:19 - DEBUG - __main__ -   label: 1
12/29/2023 11:03:19 - DEBUG - __main__ -   pred: 2
12/29/2023 11:03:19 - DEBUG - __main__ -   label: 1
12/29/2023 11:03:19 - DEBUG - __main__ -   pred: 2
12/29/2023 11:03:19 - DEBUG - __main__ -   label: 2
12/29/2023 11:03:19 - DEBUG - __main__ -   pred: 3
12/29/2023 11:03:19 - DEBUG - __main__ -   label: 2
12/29/2023 11:03:19 - DEBUG - __main__ -   pred: 1
12/29/2023 11:03:19 - DEBUG - __main__ -   label: 3
12/29/2023 11:03:19 - DEBUG - __main__ -   pred: 2
12/29/2023 11:03:19 - DEBUG - __main__ -   label: 3
12/29/2023 11:03:19 - DEBUG - __main__ -   pred: 3
12/29/2023 11:03:19 - DEBUG - __main__ -   label: 1
12/29/2023 11:03:19 - DEBUG - __main__ -   pred: 1
12/29/2023 11:03:19 - DEBUG - __main__ -   label: 3
12/29/2023 11:03:19 - DEBUG - __main__ -   pred: 2
12/29/2023 11:03:19 - DEBUG - __main__ -   label: 2
12/29/2023 11:03:19 - DEBUG - __main__ -   pred: 2
12/29/2023 11:03:19 - DEBUG - __main__ -   label: 2
12/29/2023 11:03:19 - DEBUG - __main__ -   pred: 2
12/29/2023 11:03:19 - DEBUG - __main__ -   label: 1
12/29/2023 11:03:19 - DEBUG - __main__ -   pred: 1
12/29/2023 11:03:19 - DEBUG - __main__ -   label: 3
12/29/2023 11:03:19 - DEBUG - __main__ -   pred: 2
12/29/2023 11:03:19 - DEBUG - __main__ -   label: 2
12/29/2023 11:03:19 - DEBUG - __main__ -   pred: 2
12/29/2023 11:03:19 - DEBUG - __main__ -   label: 3
12/29/2023 11:03:19 - DEBUG - __main__ -   pred: 3
12/29/2023 11:03:19 - DEBUG - __main__ -   label: 3
12/29/2023 11:03:19 - DEBUG - __main__ -   pred: 2
12/29/2023 11:03:19 - DEBUG - __main__ -   label: 2
12/29/2023 11:03:19 - DEBUG - __main__ -   pred: 2
12/29/2023 11:03:19 - DEBUG - __main__ -   label: 0
12/29/2023 11:03:19 - DEBUG - __main__ -   pred: 1
12/29/2023 11:03:19 - DEBUG - __main__ -   label: 2
12/29/2023 11:03:19 - DEBUG - __main__ -   pred: 2
12/29/2023 11:03:19 - DEBUG - __main__ -   label: 2
12/29/2023 11:03:19 - DEBUG - __main__ -   pred: 2
12/29/2023 11:03:19 - DEBUG - __main__ -   label: 1
12/29/2023 11:03:19 - DEBUG - __main__ -   pred: 2
12/29/2023 11:03:19 - DEBUG - __main__ -   label: 1
12/29/2023 11:03:19 - DEBUG - __main__ -   pred: 2
12/29/2023 11:03:19 - DEBUG - __main__ -   label: 2
12/29/2023 11:03:19 - DEBUG - __main__ -   pred: 2
12/29/2023 11:03:19 - DEBUG - __main__ -   label: 1
12/29/2023 11:03:19 - DEBUG - __main__ -   pred: 1
12/29/2023 11:03:19 - DEBUG - __main__ -   label: 1
12/29/2023 11:03:19 - DEBUG - __main__ -   pred: 2
12/29/2023 11:03:19 - DEBUG - __main__ -   label: 2
12/29/2023 11:03:19 - DEBUG - __main__ -   pred: 1
12/29/2023 11:03:19 - DEBUG - __main__ -   label: 3
12/29/2023 11:03:19 - DEBUG - __main__ -   pred: 2
12/29/2023 11:03:19 - DEBUG - __main__ -   label: 1
12/29/2023 11:03:19 - DEBUG - __main__ -   pred: 1
12/29/2023 11:03:19 - DEBUG - __main__ -   label: 2
12/29/2023 11:03:19 - DEBUG - __main__ -   pred: 2
12/29/2023 11:03:19 - DEBUG - __main__ -   label: 3
12/29/2023 11:03:19 - DEBUG - __main__ -   pred: 2
12/29/2023 11:03:19 - DEBUG - __main__ -   label: 2
12/29/2023 11:03:19 - DEBUG - __main__ -   pred: 2
12/29/2023 11:03:19 - DEBUG - __main__ -   label: 2
12/29/2023 11:03:19 - DEBUG - __main__ -   pred: 1
12/29/2023 11:03:19 - DEBUG - __main__ -   label: 1
12/29/2023 11:03:19 - DEBUG - __main__ -   pred: 1
12/29/2023 11:03:19 - DEBUG - __main__ -   label: 2
12/29/2023 11:03:19 - DEBUG - __main__ -   pred: 2
12/29/2023 11:03:19 - DEBUG - __main__ -   label: 3
12/29/2023 11:03:19 - DEBUG - __main__ -   pred: 2
12/29/2023 11:03:19 - DEBUG - __main__ -   label: 1
12/29/2023 11:03:19 - DEBUG - __main__ -   pred: 1
12/29/2023 11:03:19 - DEBUG - __main__ -   label: 3
12/29/2023 11:03:19 - DEBUG - __main__ -   pred: 1
12/29/2023 11:03:19 - DEBUG - __main__ -   label: 3
12/29/2023 11:03:19 - DEBUG - __main__ -   pred: 2
12/29/2023 11:03:19 - DEBUG - __main__ -   label: 3
12/29/2023 11:03:19 - DEBUG - __main__ -   pred: 2
12/29/2023 11:03:19 - DEBUG - __main__ -   label: 2
12/29/2023 11:03:19 - DEBUG - __main__ -   pred: 1
12/29/2023 11:03:19 - DEBUG - __main__ -   label: 1
12/29/2023 11:03:19 - DEBUG - __main__ -   pred: 2
12/29/2023 11:03:19 - DEBUG - __main__ -   label: 4
12/29/2023 11:03:19 - DEBUG - __main__ -   pred: 2
12/29/2023 11:03:19 - DEBUG - __main__ -   label: 3
12/29/2023 11:03:19 - DEBUG - __main__ -   pred: 2
12/29/2023 11:03:19 - DEBUG - __main__ -   label: 1
12/29/2023 11:03:19 - DEBUG - __main__ -   pred: 2
12/29/2023 11:03:19 - DEBUG - __main__ -   label: 2
12/29/2023 11:03:19 - DEBUG - __main__ -   pred: 3
12/29/2023 11:03:19 - DEBUG - __main__ -   label: 3
12/29/2023 11:03:19 - DEBUG - __main__ -   pred: 3
12/29/2023 11:03:19 - DEBUG - __main__ -   label: 2
12/29/2023 11:03:19 - DEBUG - __main__ -   pred: 2
12/29/2023 11:03:19 - DEBUG - __main__ -   label: 4
12/29/2023 11:03:19 - DEBUG - __main__ -   pred: 2
12/29/2023 11:03:19 - DEBUG - __main__ -   label: 2
12/29/2023 11:03:19 - DEBUG - __main__ -   pred: 1
12/29/2023 11:03:19 - DEBUG - __main__ -   label: 1
12/29/2023 11:03:19 - DEBUG - __main__ -   pred: 2
12/29/2023 11:03:19 - DEBUG - __main__ -   label: 2
12/29/2023 11:03:19 - DEBUG - __main__ -   pred: 2
12/29/2023 11:03:19 - DEBUG - __main__ -   label: 2
12/29/2023 11:03:19 - DEBUG - __main__ -   pred: 2
12/29/2023 11:03:19 - DEBUG - __main__ -   label: 2
12/29/2023 11:03:19 - DEBUG - __main__ -   pred: 2
12/29/2023 11:03:19 - DEBUG - __main__ -   label: 3
12/29/2023 11:03:19 - DEBUG - __main__ -   pred: 2
12/29/2023 11:03:19 - DEBUG - __main__ -   label: 2
12/29/2023 11:03:19 - DEBUG - __main__ -   pred: 1
12/29/2023 11:03:19 - DEBUG - __main__ -   label: 2
12/29/2023 11:03:19 - DEBUG - __main__ -   pred: 3
12/29/2023 11:03:19 - DEBUG - __main__ -   label: 2
12/29/2023 11:03:19 - DEBUG - __main__ -   pred: 2
12/29/2023 11:03:19 - DEBUG - __main__ -   label: 2
12/29/2023 11:03:19 - DEBUG - __main__ -   pred: 2
12/29/2023 11:03:19 - DEBUG - __main__ -   label: 2
12/29/2023 11:03:19 - DEBUG - __main__ -   pred: 2
12/29/2023 11:03:19 - DEBUG - __main__ -   label: 2
12/29/2023 11:03:19 - DEBUG - __main__ -   pred: 1
12/29/2023 11:03:19 - DEBUG - __main__ -   label: 2
12/29/2023 11:03:19 - DEBUG - __main__ -   pred: 1
12/29/2023 11:03:19 - DEBUG - __main__ -   label: 2
12/29/2023 11:03:19 - DEBUG - __main__ -   pred: 1
12/29/2023 11:03:19 - DEBUG - __main__ -   label: 2
12/29/2023 11:03:19 - DEBUG - __main__ -   pred: 2
12/29/2023 11:03:19 - DEBUG - __main__ -   label: 1
12/29/2023 11:03:19 - DEBUG - __main__ -   pred: 1
12/29/2023 11:03:19 - DEBUG - __main__ -   label: 2
12/29/2023 11:03:19 - DEBUG - __main__ -   pred: 2
12/29/2023 11:03:19 - DEBUG - __main__ -   label: 2
12/29/2023 11:03:19 - DEBUG - __main__ -   pred: 2
12/29/2023 11:03:19 - DEBUG - __main__ -   label: 1
12/29/2023 11:03:19 - DEBUG - __main__ -   pred: 1
12/29/2023 11:03:19 - DEBUG - __main__ -   label: 2
12/29/2023 11:03:19 - DEBUG - __main__ -   pred: 2
12/29/2023 11:03:19 - DEBUG - __main__ -   label: 1
12/29/2023 11:03:19 - DEBUG - __main__ -   pred: 1
12/29/2023 11:03:19 - DEBUG - __main__ -   label: 3
12/29/2023 11:03:19 - DEBUG - __main__ -   pred: 2
12/29/2023 11:03:19 - DEBUG - __main__ -   label: 2
12/29/2023 11:03:19 - DEBUG - __main__ -   pred: 2
12/29/2023 11:03:19 - DEBUG - __main__ -   label: 2
12/29/2023 11:03:19 - DEBUG - __main__ -   pred: 2
12/29/2023 11:03:19 - DEBUG - __main__ -   label: 3
12/29/2023 11:03:19 - DEBUG - __main__ -   pred: 2
12/29/2023 11:03:19 - DEBUG - __main__ -   label: 2
12/29/2023 11:03:19 - DEBUG - __main__ -   pred: 2
12/29/2023 11:03:19 - DEBUG - __main__ -   label: 3
12/29/2023 11:03:19 - DEBUG - __main__ -   pred: 3
12/29/2023 11:03:19 - DEBUG - __main__ -   label: 2
12/29/2023 11:03:19 - DEBUG - __main__ -   pred: 2
12/29/2023 11:03:19 - DEBUG - __main__ -   label: 3
12/29/2023 11:03:19 - DEBUG - __main__ -   pred: 2
12/29/2023 11:03:19 - DEBUG - __main__ -   label: 3
12/29/2023 11:03:19 - DEBUG - __main__ -   pred: 3
12/29/2023 11:03:19 - DEBUG - __main__ -   label: 3
12/29/2023 11:03:19 - DEBUG - __main__ -   pred: 3
12/29/2023 11:03:19 - DEBUG - __main__ -   label: 3
12/29/2023 11:03:19 - DEBUG - __main__ -   pred: 3
12/29/2023 11:03:19 - DEBUG - __main__ -   label: 2
12/29/2023 11:03:19 - DEBUG - __main__ -   pred: 2
12/29/2023 11:03:19 - DEBUG - __main__ -   label: 3
12/29/2023 11:03:19 - DEBUG - __main__ -   pred: 3
12/29/2023 11:03:19 - DEBUG - __main__ -   label: 2
12/29/2023 11:03:19 - DEBUG - __main__ -   pred: 1
12/29/2023 11:03:19 - DEBUG - __main__ -   label: 3
12/29/2023 11:03:19 - DEBUG - __main__ -   pred: 2
12/29/2023 11:03:19 - DEBUG - __main__ -   label: 2
12/29/2023 11:03:19 - DEBUG - __main__ -   pred: 2
12/29/2023 11:03:19 - DEBUG - __main__ -   label: 3
12/29/2023 11:03:19 - DEBUG - __main__ -   pred: 2
12/29/2023 11:03:19 - DEBUG - __main__ -   label: 3
12/29/2023 11:03:19 - DEBUG - __main__ -   pred: 2
12/29/2023 11:03:19 - DEBUG - __main__ -   label: 1
12/29/2023 11:03:19 - DEBUG - __main__ -   pred: 2
12/29/2023 11:03:19 - DEBUG - __main__ -   label: 1
12/29/2023 11:03:19 - DEBUG - __main__ -   pred: 2
12/29/2023 11:03:19 - DEBUG - __main__ -   label: 1
12/29/2023 11:03:19 - DEBUG - __main__ -   pred: 2
12/29/2023 11:03:19 - DEBUG - __main__ -   label: 3
12/29/2023 11:03:19 - DEBUG - __main__ -   pred: 3
12/29/2023 11:03:19 - DEBUG - __main__ -   label: 3
12/29/2023 11:03:19 - DEBUG - __main__ -   pred: 2
12/29/2023 11:03:19 - DEBUG - __main__ -   label: 2
12/29/2023 11:03:19 - DEBUG - __main__ -   pred: 2
12/29/2023 11:03:19 - DEBUG - __main__ -   label: 0
12/29/2023 11:03:19 - DEBUG - __main__ -   pred: 1
12/29/2023 11:03:19 - DEBUG - __main__ -   label: 1
12/29/2023 11:03:19 - DEBUG - __main__ -   pred: 1
12/29/2023 11:03:19 - DEBUG - __main__ -   label: 2
12/29/2023 11:03:19 - DEBUG - __main__ -   pred: 2
12/29/2023 11:03:19 - DEBUG - __main__ -   label: 2
12/29/2023 11:03:19 - DEBUG - __main__ -   pred: 2
12/29/2023 11:03:19 - DEBUG - __main__ -   label: 2
12/29/2023 11:03:19 - DEBUG - __main__ -   pred: 3
12/29/2023 11:03:19 - DEBUG - __main__ -   label: 2
12/29/2023 11:03:19 - DEBUG - __main__ -   pred: 2
12/29/2023 11:03:19 - DEBUG - __main__ -   label: 4
12/29/2023 11:03:19 - DEBUG - __main__ -   pred: 3
12/29/2023 11:03:19 - DEBUG - __main__ -   label: 2
12/29/2023 11:03:19 - DEBUG - __main__ -   pred: 2
12/29/2023 11:03:19 - DEBUG - __main__ -   label: 0
12/29/2023 11:03:19 - DEBUG - __main__ -   pred: 1
12/29/2023 11:03:19 - DEBUG - __main__ -   label: 2
12/29/2023 11:03:19 - DEBUG - __main__ -   pred: 2
12/29/2023 11:03:19 - DEBUG - __main__ -   label: 3
12/29/2023 11:03:19 - DEBUG - __main__ -   pred: 2
12/29/2023 11:03:19 - DEBUG - __main__ -   label: 3
12/29/2023 11:03:19 - DEBUG - __main__ -   pred: 3
12/29/2023 11:03:19 - DEBUG - __main__ -   label: 4
12/29/2023 11:03:19 - DEBUG - __main__ -   pred: 2
12/29/2023 11:03:19 - DEBUG - __main__ -   label: 0
12/29/2023 11:03:19 - DEBUG - __main__ -   pred: 1
12/29/2023 11:03:19 - DEBUG - __main__ -   label: 1
12/29/2023 11:03:19 - DEBUG - __main__ -   pred: 1
12/29/2023 11:03:19 - DEBUG - __main__ -   label: 2
12/29/2023 11:03:19 - DEBUG - __main__ -   pred: 2
