******** Training fold 3 ********
12/29/2023 10:03:08 - DEBUG - urllib3.connectionpool -   Starting new HTTPS connection (1): huggingface.co:443
12/29/2023 10:03:09 - DEBUG - urllib3.connectionpool -   https://huggingface.co:443 "HEAD /KBLab/wav2vec2-large-voxrex-swedish/resolve/main/preprocessor_config.json HTTP/1.1" 200 0
12/29/2023 10:03:09 - DEBUG - filelock -   Attempting to acquire lock 47472325572112 on cache/models--KBLab--wav2vec2-large-voxrex-swedish/blobs/36ebe8b7c1cc967b3059f0494ae8a1069dd67655.lock
12/29/2023 10:03:09 - DEBUG - filelock -   Lock 47472325572112 acquired on cache/models--KBLab--wav2vec2-large-voxrex-swedish/blobs/36ebe8b7c1cc967b3059f0494ae8a1069dd67655.lock
12/29/2023 10:03:09 - DEBUG - urllib3.connectionpool -   https://huggingface.co:443 "GET /KBLab/wav2vec2-large-voxrex-swedish/resolve/main/preprocessor_config.json HTTP/1.1" 200 212
12/29/2023 10:03:09 - DEBUG - filelock -   Attempting to release lock 47472325572112 on cache/models--KBLab--wav2vec2-large-voxrex-swedish/blobs/36ebe8b7c1cc967b3059f0494ae8a1069dd67655.lock
12/29/2023 10:03:09 - DEBUG - filelock -   Lock 47472325572112 released on cache/models--KBLab--wav2vec2-large-voxrex-swedish/blobs/36ebe8b7c1cc967b3059f0494ae8a1069dd67655.lock
12/29/2023 10:03:09 - DEBUG - urllib3.connectionpool -   https://huggingface.co:443 "HEAD /KBLab/wav2vec2-large-voxrex-swedish/resolve/main/tokenizer_config.json HTTP/1.1" 200 0
12/29/2023 10:03:09 - DEBUG - filelock -   Attempting to acquire lock 47472301961808 on cache/models--KBLab--wav2vec2-large-voxrex-swedish/blobs/92169da5ef839418d20bd11deb1e1db05e74bf35.lock
12/29/2023 10:03:09 - DEBUG - filelock -   Lock 47472301961808 acquired on cache/models--KBLab--wav2vec2-large-voxrex-swedish/blobs/92169da5ef839418d20bd11deb1e1db05e74bf35.lock
12/29/2023 10:03:09 - DEBUG - urllib3.connectionpool -   https://huggingface.co:443 "GET /KBLab/wav2vec2-large-voxrex-swedish/resolve/main/tokenizer_config.json HTTP/1.1" 200 211
12/29/2023 10:03:09 - DEBUG - filelock -   Attempting to release lock 47472301961808 on cache/models--KBLab--wav2vec2-large-voxrex-swedish/blobs/92169da5ef839418d20bd11deb1e1db05e74bf35.lock
12/29/2023 10:03:09 - DEBUG - filelock -   Lock 47472301961808 released on cache/models--KBLab--wav2vec2-large-voxrex-swedish/blobs/92169da5ef839418d20bd11deb1e1db05e74bf35.lock
12/29/2023 10:03:09 - DEBUG - urllib3.connectionpool -   https://huggingface.co:443 "HEAD /KBLab/wav2vec2-large-voxrex-swedish/resolve/main/vocab.json HTTP/1.1" 200 0
12/29/2023 10:03:09 - DEBUG - filelock -   Attempting to acquire lock 47472336802192 on cache/models--KBLab--wav2vec2-large-voxrex-swedish/blobs/6c477f44f1c66dbdea44c2e0781ba0aeb4fa53f6.lock
12/29/2023 10:03:09 - DEBUG - filelock -   Lock 47472336802192 acquired on cache/models--KBLab--wav2vec2-large-voxrex-swedish/blobs/6c477f44f1c66dbdea44c2e0781ba0aeb4fa53f6.lock
12/29/2023 10:03:09 - DEBUG - urllib3.connectionpool -   https://huggingface.co:443 "GET /KBLab/wav2vec2-large-voxrex-swedish/resolve/main/vocab.json HTTP/1.1" 200 421
12/29/2023 10:03:09 - DEBUG - filelock -   Attempting to release lock 47472336802192 on cache/models--KBLab--wav2vec2-large-voxrex-swedish/blobs/6c477f44f1c66dbdea44c2e0781ba0aeb4fa53f6.lock
12/29/2023 10:03:09 - DEBUG - filelock -   Lock 47472336802192 released on cache/models--KBLab--wav2vec2-large-voxrex-swedish/blobs/6c477f44f1c66dbdea44c2e0781ba0aeb4fa53f6.lock
12/29/2023 10:03:10 - DEBUG - urllib3.connectionpool -   https://huggingface.co:443 "HEAD /KBLab/wav2vec2-large-voxrex-swedish/resolve/main/added_tokens.json HTTP/1.1" 404 0
12/29/2023 10:03:10 - DEBUG - urllib3.connectionpool -   https://huggingface.co:443 "HEAD /KBLab/wav2vec2-large-voxrex-swedish/resolve/main/special_tokens_map.json HTTP/1.1" 200 0
12/29/2023 10:03:10 - DEBUG - filelock -   Attempting to acquire lock 47472325361232 on cache/models--KBLab--wav2vec2-large-voxrex-swedish/blobs/25bc39604f72700b3b8e10bd69bb2f227157edd1.lock
12/29/2023 10:03:10 - DEBUG - filelock -   Lock 47472325361232 acquired on cache/models--KBLab--wav2vec2-large-voxrex-swedish/blobs/25bc39604f72700b3b8e10bd69bb2f227157edd1.lock
12/29/2023 10:03:10 - DEBUG - urllib3.connectionpool -   https://huggingface.co:443 "GET /KBLab/wav2vec2-large-voxrex-swedish/resolve/main/special_tokens_map.json HTTP/1.1" 200 85
12/29/2023 10:03:10 - DEBUG - filelock -   Attempting to release lock 47472325361232 on cache/models--KBLab--wav2vec2-large-voxrex-swedish/blobs/25bc39604f72700b3b8e10bd69bb2f227157edd1.lock
12/29/2023 10:03:10 - DEBUG - filelock -   Lock 47472325361232 released on cache/models--KBLab--wav2vec2-large-voxrex-swedish/blobs/25bc39604f72700b3b8e10bd69bb2f227157edd1.lock
12/29/2023 10:03:10 - DEBUG - __main__ -   Processor loaded. CPU mem usage: 0.39G.  Cuda 0: memory acclocated: 0 G.
12/29/2023 10:03:18 - DEBUG - __main__ -   Model loaded. CPU mem usage: 1.99G.  Cuda 0: memory acclocated: 0 G.
Wav2Vec2ForSequenceClassification(
  (wav2vec2): Wav2Vec2Model(
    (feature_extractor): Wav2Vec2FeatureEncoder(
      (conv_layers): ModuleList(
        (0): Wav2Vec2LayerNormConvLayer(
          (conv): Conv1d(1, 512, kernel_size=(10,), stride=(5,))
          (layer_norm): LayerNorm((512,), eps=1e-05, elementwise_affine=True)
          (activation): GELUActivation()
        )
        (1-4): 4 x Wav2Vec2LayerNormConvLayer(
          (conv): Conv1d(512, 512, kernel_size=(3,), stride=(2,))
          (layer_norm): LayerNorm((512,), eps=1e-05, elementwise_affine=True)
          (activation): GELUActivation()
        )
        (5-6): 2 x Wav2Vec2LayerNormConvLayer(
          (conv): Conv1d(512, 512, kernel_size=(2,), stride=(2,))
          (layer_norm): LayerNorm((512,), eps=1e-05, elementwise_affine=True)
          (activation): GELUActivation()
        )
      )
    )
    (feature_projection): Wav2Vec2FeatureProjection(
      (layer_norm): LayerNorm((512,), eps=1e-05, elementwise_affine=True)
      (projection): Linear(in_features=512, out_features=1024, bias=True)
      (dropout): Dropout(p=0.05, inplace=False)
    )
    (encoder): Wav2Vec2EncoderStableLayerNorm(
      (pos_conv_embed): Wav2Vec2PositionalConvEmbedding(
        (conv): Conv1d(1024, 1024, kernel_size=(128,), stride=(1,), padding=(64,), groups=16)
        (padding): Wav2Vec2SamePadLayer()
        (activation): GELUActivation()
      )
      (layer_norm): LayerNorm((1024,), eps=1e-05, elementwise_affine=True)
      (dropout): Dropout(p=0.05, inplace=False)
      (layers): ModuleList(
        (0-23): 24 x Wav2Vec2EncoderLayerStableLayerNorm(
          (attention): Wav2Vec2Attention(
            (k_proj): Linear(in_features=1024, out_features=1024, bias=True)
            (v_proj): Linear(in_features=1024, out_features=1024, bias=True)
            (q_proj): Linear(in_features=1024, out_features=1024, bias=True)
            (out_proj): Linear(in_features=1024, out_features=1024, bias=True)
          )
          (dropout): Dropout(p=0.05, inplace=False)
          (layer_norm): LayerNorm((1024,), eps=1e-05, elementwise_affine=True)
          (feed_forward): Wav2Vec2FeedForward(
            (intermediate_dropout): Dropout(p=0.05, inplace=False)
            (intermediate_dense): Linear(in_features=1024, out_features=4096, bias=True)
            (intermediate_act_fn): GELUActivation()
            (output_dense): Linear(in_features=4096, out_features=1024, bias=True)
            (output_dropout): Dropout(p=0.05, inplace=False)
          )
          (final_layer_norm): LayerNorm((1024,), eps=1e-05, elementwise_affine=True)
        )
      )
    )
  )
  (projector): Linear(in_features=1024, out_features=256, bias=True)
  (classifier): Linear(in_features=256, out_features=6, bias=True)
)
12/29/2023 10:04:23 - DEBUG - __main__ -   Speech loaded. N_train=1157, N_eval=385. CPU mem usage: 3.46G.  Cuda 0: memory acclocated: 0 G.
12/29/2023 10:04:35 - DEBUG - __main__ -   Feature extracted. Duration: 0:00:11 CPU mem usage: 4.60G.  Cuda 0: memory acclocated: 0 G.
12/29/2023 10:04:35 - DEBUG - urllib3.connectionpool -   Starting new HTTPS connection (1): s3.amazonaws.com:443
12/29/2023 10:04:35 - DEBUG - urllib3.connectionpool -   https://s3.amazonaws.com:443 "HEAD /datasets.huggingface.co/datasets/metrics/evaluate-metric/precision/evaluate-metric/precision.py HTTP/1.1" 404 0
12/29/2023 10:04:35 - DEBUG - urllib3.connectionpool -   Starting new HTTPS connection (1): huggingface.co:443
12/29/2023 10:04:35 - DEBUG - urllib3.connectionpool -   https://huggingface.co:443 "HEAD /spaces/evaluate-metric/precision/resolve/v0.4.0/precision.py HTTP/1.1" 200 0
12/29/2023 10:04:35 - DEBUG - urllib3.connectionpool -   Starting new HTTPS connection (1): s3.amazonaws.com:443
12/29/2023 10:04:36 - DEBUG - urllib3.connectionpool -   https://s3.amazonaws.com:443 "HEAD /datasets.huggingface.co/datasets/metrics/evaluate-metric/recall/evaluate-metric/recall.py HTTP/1.1" 404 0
12/29/2023 10:04:36 - DEBUG - urllib3.connectionpool -   Starting new HTTPS connection (1): huggingface.co:443
12/29/2023 10:04:36 - DEBUG - urllib3.connectionpool -   https://huggingface.co:443 "HEAD /spaces/evaluate-metric/recall/resolve/v0.4.0/recall.py HTTP/1.1" 200 0
12/29/2023 10:04:36 - DEBUG - urllib3.connectionpool -   Starting new HTTPS connection (1): s3.amazonaws.com:443
12/29/2023 10:04:36 - DEBUG - urllib3.connectionpool -   https://s3.amazonaws.com:443 "HEAD /datasets.huggingface.co/datasets/metrics/evaluate-metric/f1/evaluate-metric/f1.py HTTP/1.1" 404 0
12/29/2023 10:04:36 - DEBUG - urllib3.connectionpool -   Starting new HTTPS connection (1): huggingface.co:443
12/29/2023 10:04:37 - DEBUG - urllib3.connectionpool -   https://huggingface.co:443 "HEAD /spaces/evaluate-metric/f1/resolve/v0.4.0/f1.py HTTP/1.1" 200 0
12/29/2023 10:04:37 - DEBUG - urllib3.connectionpool -   Starting new HTTPS connection (1): s3.amazonaws.com:443
12/29/2023 10:04:37 - DEBUG - urllib3.connectionpool -   https://s3.amazonaws.com:443 "HEAD /datasets.huggingface.co/datasets/metrics/evaluate-metric/spearmanr/evaluate-metric/spearmanr.py HTTP/1.1" 404 0
12/29/2023 10:04:37 - DEBUG - urllib3.connectionpool -   Starting new HTTPS connection (1): huggingface.co:443
12/29/2023 10:04:37 - DEBUG - urllib3.connectionpool -   https://huggingface.co:443 "HEAD /spaces/evaluate-metric/spearmanr/resolve/v0.4.0/spearmanr.py HTTP/1.1" 200 0
RUNNING CCL
12/29/2023 10:04:37 - DEBUG - __main__ -   Class difficulty order: [[2, 1], [2, 1, 3, 4], [2, 1, 3, 4, 0, 5]]
12/29/2023 10:04:37 - DEBUG - __main__ -   n_epochs for each CCL phase: [3, 3, 4]
Training with classes: [2, 1]
12/29/2023 10:04:42 - DEBUG - __main__ -   Training phase 0 starts now. CPU mem usage: 4.38G.  Cuda 0: memory acclocated: 2 G.
12/29/2023 10:04:42 - DEBUG - helper.classes -   ----------- Starting epoch 1 -----------
12/29/2023 10:08:54 - DEBUG - helper.classes -   Epoch 1.0 completed, Duration: 0:04:11 Mem usage: CPU mem usage: 5.14G.  Cuda 0: memory acclocated: 10 G.
12/29/2023 10:09:25 - DEBUG - fsspec.local -   open file: /home/lunt1/.cache/huggingface/metrics/precision/default/default_experiment-1-0.arrow
12/29/2023 10:09:25 - DEBUG - fsspec.local -   open file: /home/lunt1/.cache/huggingface/metrics/recall/default/default_experiment-1-0.arrow
12/29/2023 10:09:25 - DEBUG - fsspec.local -   open file: /home/lunt1/.cache/huggingface/metrics/f1/default/default_experiment-1-0.arrow
12/29/2023 10:09:25 - DEBUG - fsspec.local -   open file: /home/lunt1/.cache/huggingface/metrics/spearmanr/default/default_experiment-1-0.arrow
12/29/2023 10:09:25 - DEBUG - fsspec.local -   open file: /home/lunt1/.cache/huggingface/metrics/precision/default/default_experiment-1-0.arrow
12/29/2023 10:09:25 - DEBUG - fsspec.local -   open file: /home/lunt1/.cache/huggingface/metrics/recall/default/default_experiment-1-0.arrow
12/29/2023 10:09:25 - DEBUG - fsspec.local -   open file: /home/lunt1/.cache/huggingface/metrics/f1/default/default_experiment-1-0.arrow
{'eval_loss': 2.4614555835723877, 'eval_precision': 0.12942942942942945, 'eval_recall': 0.17025401069518717, 'eval_f1': 0.11741579767469736, 'eval_spearmanr': 0.1078999915324756, 'eval_precision_weighted': 0.2719082719082719, 'eval_recall_weighted': 0.43896103896103894, 'eval_f1_weighted': 0.2903972690380458, 'eval_runtime': 31.6108, 'eval_samples_per_second': 12.179, 'eval_steps_per_second': 6.106, 'epoch': 1.0}
12/29/2023 10:09:31 - DEBUG - helper.classes -   ----------- Starting epoch 2.0 -----------
{'loss': 0.9132, 'learning_rate': 1.9057142857142857e-05, 'epoch': 1.29}
12/29/2023 10:13:36 - DEBUG - helper.classes -   Epoch 2.0 completed, Duration: 0:04:04 Mem usage: CPU mem usage: 5.18G.  Cuda 0: memory acclocated: 10 G.
12/29/2023 10:14:07 - DEBUG - fsspec.local -   open file: /home/lunt1/.cache/huggingface/metrics/precision/default/default_experiment-1-0.arrow
12/29/2023 10:14:07 - DEBUG - fsspec.local -   open file: /home/lunt1/.cache/huggingface/metrics/recall/default/default_experiment-1-0.arrow
12/29/2023 10:14:07 - DEBUG - fsspec.local -   open file: /home/lunt1/.cache/huggingface/metrics/f1/default/default_experiment-1-0.arrow
12/29/2023 10:14:07 - DEBUG - fsspec.local -   open file: /home/lunt1/.cache/huggingface/metrics/spearmanr/default/default_experiment-1-0.arrow
12/29/2023 10:14:07 - DEBUG - fsspec.local -   open file: /home/lunt1/.cache/huggingface/metrics/precision/default/default_experiment-1-0.arrow
12/29/2023 10:14:07 - DEBUG - fsspec.local -   open file: /home/lunt1/.cache/huggingface/metrics/recall/default/default_experiment-1-0.arrow
12/29/2023 10:14:07 - DEBUG - fsspec.local -   open file: /home/lunt1/.cache/huggingface/metrics/f1/default/default_experiment-1-0.arrow
{'eval_loss': 2.370011568069458, 'eval_precision': 0.07359307359307359, 'eval_recall': 0.16666666666666666, 'eval_f1': 0.10210210210210209, 'eval_spearmanr': nan, 'eval_precision_weighted': 0.19497385731151962, 'eval_recall_weighted': 0.44155844155844154, 'eval_f1_weighted': 0.2705042705042705, 'eval_runtime': 31.521, 'eval_samples_per_second': 12.214, 'eval_steps_per_second': 6.123, 'epoch': 2.0}
12/29/2023 10:14:13 - DEBUG - helper.classes -   ----------- Starting epoch 3.0 -----------
{'loss': 0.6252, 'learning_rate': 4.771428571428572e-06, 'epoch': 2.57}
12/29/2023 10:18:19 - DEBUG - helper.classes -   Epoch 3.0 completed, Duration: 0:04:06 Mem usage: CPU mem usage: 5.18G.  Cuda 0: memory acclocated: 10 G.
12/29/2023 10:18:51 - DEBUG - fsspec.local -   open file: /home/lunt1/.cache/huggingface/metrics/precision/default/default_experiment-1-0.arrow
12/29/2023 10:18:51 - DEBUG - fsspec.local -   open file: /home/lunt1/.cache/huggingface/metrics/recall/default/default_experiment-1-0.arrow
12/29/2023 10:18:51 - DEBUG - fsspec.local -   open file: /home/lunt1/.cache/huggingface/metrics/f1/default/default_experiment-1-0.arrow
12/29/2023 10:18:51 - DEBUG - fsspec.local -   open file: /home/lunt1/.cache/huggingface/metrics/spearmanr/default/default_experiment-1-0.arrow
12/29/2023 10:18:51 - DEBUG - fsspec.local -   open file: /home/lunt1/.cache/huggingface/metrics/precision/default/default_experiment-1-0.arrow
12/29/2023 10:18:51 - DEBUG - fsspec.local -   open file: /home/lunt1/.cache/huggingface/metrics/recall/default/default_experiment-1-0.arrow
12/29/2023 10:18:51 - DEBUG - fsspec.local -   open file: /home/lunt1/.cache/huggingface/metrics/f1/default/default_experiment-1-0.arrow
{'eval_loss': 2.4163331985473633, 'eval_precision': 0.16861065548873092, 'eval_recall': 0.1929812834224599, 'eval_f1': 0.15194474736459468, 'eval_spearmanr': 0.34887590924725903, 'eval_precision_weighted': 0.3299094199039524, 'eval_recall_weighted': 0.4701298701298701, 'eval_f1_weighted': 0.3417014828138056, 'eval_runtime': 31.5622, 'eval_samples_per_second': 12.198, 'eval_steps_per_second': 6.115, 'epoch': 3.0}
{'train_runtime': 857.0132, 'train_samples_per_second': 2.723, 'train_steps_per_second': 1.362, 'train_loss': 0.7347460291583822, 'epoch': 3.0}
12/29/2023 10:18:59 - INFO - __main__ -   Training completed. Duration: 0:14:17
Training with classes: [2, 1, 3, 4]
12/29/2023 10:18:59 - DEBUG - __main__ -   Training phase 1 starts now. CPU mem usage: 5.15G.  Cuda 0: memory acclocated: 10 G.
12/29/2023 10:18:59 - DEBUG - helper.classes -   ----------- Starting epoch 1 -----------
{'loss': 1.2761, 'learning_rate': 2.3399602385685886e-05, 'epoch': 0.89}
12/29/2023 10:24:41 - DEBUG - helper.classes -   Epoch 1.0 completed, Duration: 0:05:41 Mem usage: CPU mem usage: 5.18G.  Cuda 0: memory acclocated: 10 G.
12/29/2023 10:25:12 - DEBUG - fsspec.local -   open file: /home/lunt1/.cache/huggingface/metrics/precision/default/default_experiment-1-0.arrow
12/29/2023 10:25:12 - DEBUG - fsspec.local -   open file: /home/lunt1/.cache/huggingface/metrics/recall/default/default_experiment-1-0.arrow
12/29/2023 10:25:12 - DEBUG - fsspec.local -   open file: /home/lunt1/.cache/huggingface/metrics/f1/default/default_experiment-1-0.arrow
12/29/2023 10:25:12 - DEBUG - fsspec.local -   open file: /home/lunt1/.cache/huggingface/metrics/spearmanr/default/default_experiment-1-0.arrow
12/29/2023 10:25:12 - DEBUG - fsspec.local -   open file: /home/lunt1/.cache/huggingface/metrics/precision/default/default_experiment-1-0.arrow
12/29/2023 10:25:12 - DEBUG - fsspec.local -   open file: /home/lunt1/.cache/huggingface/metrics/recall/default/default_experiment-1-0.arrow
12/29/2023 10:25:12 - DEBUG - fsspec.local -   open file: /home/lunt1/.cache/huggingface/metrics/f1/default/default_experiment-1-0.arrow
{'eval_loss': 1.2335971593856812, 'eval_precision': 0.2656426400347373, 'eval_recall': 0.2666904504396243, 'eval_f1': 0.2559801747750098, 'eval_spearmanr': 0.5841654304774295, 'eval_precision_weighted': 0.4826719524505022, 'eval_recall_weighted': 0.5324675324675324, 'eval_f1_weighted': 0.48947924906709306, 'eval_runtime': 31.5345, 'eval_samples_per_second': 12.209, 'eval_steps_per_second': 6.12, 'epoch': 1.0}
12/29/2023 10:25:19 - DEBUG - helper.classes -   ----------- Starting epoch 2.0 -----------
{'loss': 0.8851, 'learning_rate': 1.3459244532803182e-05, 'epoch': 1.79}
12/29/2023 10:31:01 - DEBUG - helper.classes -   Epoch 2.0 completed, Duration: 0:05:41 Mem usage: CPU mem usage: 5.18G.  Cuda 0: memory acclocated: 10 G.
12/29/2023 10:31:32 - DEBUG - fsspec.local -   open file: /home/lunt1/.cache/huggingface/metrics/precision/default/default_experiment-1-0.arrow
12/29/2023 10:31:32 - DEBUG - fsspec.local -   open file: /home/lunt1/.cache/huggingface/metrics/recall/default/default_experiment-1-0.arrow
12/29/2023 10:31:32 - DEBUG - fsspec.local -   open file: /home/lunt1/.cache/huggingface/metrics/f1/default/default_experiment-1-0.arrow
12/29/2023 10:31:32 - DEBUG - fsspec.local -   open file: /home/lunt1/.cache/huggingface/metrics/spearmanr/default/default_experiment-1-0.arrow
12/29/2023 10:31:32 - DEBUG - fsspec.local -   open file: /home/lunt1/.cache/huggingface/metrics/precision/default/default_experiment-1-0.arrow
12/29/2023 10:31:32 - DEBUG - fsspec.local -   open file: /home/lunt1/.cache/huggingface/metrics/recall/default/default_experiment-1-0.arrow
12/29/2023 10:31:32 - DEBUG - fsspec.local -   open file: /home/lunt1/.cache/huggingface/metrics/f1/default/default_experiment-1-0.arrow
{'eval_loss': 1.6059359312057495, 'eval_precision': 0.2335650418879455, 'eval_recall': 0.271690800937331, 'eval_f1': 0.24089377048067281, 'eval_spearmanr': 0.6136823670906059, 'eval_precision_weighted': 0.4347670372451349, 'eval_recall_weighted': 0.4675324675324675, 'eval_f1_weighted': 0.4341471636819511, 'eval_runtime': 31.5132, 'eval_samples_per_second': 12.217, 'eval_steps_per_second': 6.124, 'epoch': 2.0}
12/29/2023 10:31:38 - DEBUG - helper.classes -   ----------- Starting epoch 3.0 -----------
{'loss': 0.7625, 'learning_rate': 3.518886679920477e-06, 'epoch': 2.68}
12/29/2023 10:37:16 - DEBUG - helper.classes -   Epoch 3.0 completed, Duration: 0:05:38 Mem usage: CPU mem usage: 5.19G.  Cuda 0: memory acclocated: 10 G.
12/29/2023 10:37:47 - DEBUG - fsspec.local -   open file: /home/lunt1/.cache/huggingface/metrics/precision/default/default_experiment-1-0.arrow
12/29/2023 10:37:47 - DEBUG - fsspec.local -   open file: /home/lunt1/.cache/huggingface/metrics/recall/default/default_experiment-1-0.arrow
12/29/2023 10:37:47 - DEBUG - fsspec.local -   open file: /home/lunt1/.cache/huggingface/metrics/f1/default/default_experiment-1-0.arrow
12/29/2023 10:37:47 - DEBUG - fsspec.local -   open file: /home/lunt1/.cache/huggingface/metrics/spearmanr/default/default_experiment-1-0.arrow
12/29/2023 10:37:47 - DEBUG - fsspec.local -   open file: /home/lunt1/.cache/huggingface/metrics/precision/default/default_experiment-1-0.arrow
12/29/2023 10:37:47 - DEBUG - fsspec.local -   open file: /home/lunt1/.cache/huggingface/metrics/recall/default/default_experiment-1-0.arrow
12/29/2023 10:37:47 - DEBUG - fsspec.local -   open file: /home/lunt1/.cache/huggingface/metrics/f1/default/default_experiment-1-0.arrow
{'eval_loss': 1.5029487609863281, 'eval_precision': 0.2669070647434821, 'eval_recall': 0.2909714294297903, 'eval_f1': 0.2778989787668669, 'eval_spearmanr': 0.6199466335802813, 'eval_precision_weighted': 0.4904504389938907, 'eval_recall_weighted': 0.548051948051948, 'eval_f1_weighted': 0.516704205594987, 'eval_runtime': 31.5266, 'eval_samples_per_second': 12.212, 'eval_steps_per_second': 6.122, 'epoch': 3.0}
{'train_runtime': 1138.2593, 'train_samples_per_second': 2.944, 'train_steps_per_second': 1.473, 'train_loss': 0.9476168455648223, 'epoch': 3.0}
12/29/2023 10:37:58 - INFO - __main__ -   Training completed. Duration: 0:18:58
Training with classes: [2, 1, 3, 4, 0, 5]
12/29/2023 10:37:58 - DEBUG - __main__ -   Training phase 2 starts now. CPU mem usage: 5.17G.  Cuda 0: memory acclocated: 10 G.
12/29/2023 10:37:58 - DEBUG - helper.classes -   ----------- Starting epoch 1 -----------
{'loss': 1.033, 'learning_rate': 2.6142034548944338e-05, 'epoch': 0.86}
12/29/2023 10:43:48 - DEBUG - helper.classes -   Epoch 1.0 completed, Duration: 0:05:49 Mem usage: CPU mem usage: 5.19G.  Cuda 0: memory acclocated: 10 G.
12/29/2023 10:44:19 - DEBUG - fsspec.local -   open file: /home/lunt1/.cache/huggingface/metrics/precision/default/default_experiment-1-0.arrow
12/29/2023 10:44:19 - DEBUG - fsspec.local -   open file: /home/lunt1/.cache/huggingface/metrics/recall/default/default_experiment-1-0.arrow
12/29/2023 10:44:19 - DEBUG - fsspec.local -   open file: /home/lunt1/.cache/huggingface/metrics/f1/default/default_experiment-1-0.arrow
12/29/2023 10:44:19 - DEBUG - fsspec.local -   open file: /home/lunt1/.cache/huggingface/metrics/spearmanr/default/default_experiment-1-0.arrow
12/29/2023 10:44:19 - DEBUG - fsspec.local -   open file: /home/lunt1/.cache/huggingface/metrics/precision/default/default_experiment-1-0.arrow
12/29/2023 10:44:19 - DEBUG - fsspec.local -   open file: /home/lunt1/.cache/huggingface/metrics/recall/default/default_experiment-1-0.arrow
12/29/2023 10:44:19 - DEBUG - fsspec.local -   open file: /home/lunt1/.cache/huggingface/metrics/f1/default/default_experiment-1-0.arrow
{'eval_loss': 1.785078525543213, 'eval_precision': 0.2547690969008742, 'eval_recall': 0.29615679264555667, 'eval_f1': 0.27017704517704516, 'eval_spearmanr': 0.6048941383863778, 'eval_precision_weighted': 0.478091948372131, 'eval_recall_weighted': 0.5142857142857142, 'eval_f1_weighted': 0.48796441653584516, 'eval_runtime': 31.4994, 'eval_samples_per_second': 12.222, 'eval_steps_per_second': 6.127, 'epoch': 1.0}
12/29/2023 10:44:25 - DEBUG - helper.classes -   ----------- Starting epoch 2.0 -----------
{'loss': 1.0147, 'learning_rate': 1.894433781190019e-05, 'epoch': 1.73}
12/29/2023 10:50:16 - DEBUG - helper.classes -   Epoch 2.0 completed, Duration: 0:05:51 Mem usage: CPU mem usage: 5.19G.  Cuda 0: memory acclocated: 10 G.
12/29/2023 10:50:48 - DEBUG - fsspec.local -   open file: /home/lunt1/.cache/huggingface/metrics/precision/default/default_experiment-1-0.arrow
12/29/2023 10:50:48 - DEBUG - fsspec.local -   open file: /home/lunt1/.cache/huggingface/metrics/recall/default/default_experiment-1-0.arrow
12/29/2023 10:50:48 - DEBUG - fsspec.local -   open file: /home/lunt1/.cache/huggingface/metrics/f1/default/default_experiment-1-0.arrow
12/29/2023 10:50:48 - DEBUG - fsspec.local -   open file: /home/lunt1/.cache/huggingface/metrics/spearmanr/default/default_experiment-1-0.arrow
12/29/2023 10:50:48 - DEBUG - fsspec.local -   open file: /home/lunt1/.cache/huggingface/metrics/precision/default/default_experiment-1-0.arrow
12/29/2023 10:50:48 - DEBUG - fsspec.local -   open file: /home/lunt1/.cache/huggingface/metrics/recall/default/default_experiment-1-0.arrow
12/29/2023 10:50:48 - DEBUG - fsspec.local -   open file: /home/lunt1/.cache/huggingface/metrics/f1/default/default_experiment-1-0.arrow
{'eval_loss': 1.9474786520004272, 'eval_precision': 0.2606804004302143, 'eval_recall': 0.2991678183019888, 'eval_f1': 0.2766243166612679, 'eval_spearmanr': 0.6163435934040989, 'eval_precision_weighted': 0.4827482775849119, 'eval_recall_weighted': 0.5272727272727272, 'eval_f1_weighted': 0.5002832235488529, 'eval_runtime': 31.5511, 'eval_samples_per_second': 12.202, 'eval_steps_per_second': 6.117, 'epoch': 2.0}
12/29/2023 10:50:54 - DEBUG - helper.classes -   ----------- Starting epoch 3.0 -----------
{'loss': 0.8495, 'learning_rate': 1.1746641074856046e-05, 'epoch': 2.59}
12/29/2023 10:56:50 - DEBUG - helper.classes -   Epoch 3.0 completed, Duration: 0:05:55 Mem usage: CPU mem usage: 5.19G.  Cuda 0: memory acclocated: 10 G.
12/29/2023 10:57:21 - DEBUG - fsspec.local -   open file: /home/lunt1/.cache/huggingface/metrics/precision/default/default_experiment-1-0.arrow
12/29/2023 10:57:21 - DEBUG - fsspec.local -   open file: /home/lunt1/.cache/huggingface/metrics/recall/default/default_experiment-1-0.arrow
12/29/2023 10:57:21 - DEBUG - fsspec.local -   open file: /home/lunt1/.cache/huggingface/metrics/f1/default/default_experiment-1-0.arrow
12/29/2023 10:57:21 - DEBUG - fsspec.local -   open file: /home/lunt1/.cache/huggingface/metrics/spearmanr/default/default_experiment-1-0.arrow
12/29/2023 10:57:22 - DEBUG - fsspec.local -   open file: /home/lunt1/.cache/huggingface/metrics/precision/default/default_experiment-1-0.arrow
12/29/2023 10:57:22 - DEBUG - fsspec.local -   open file: /home/lunt1/.cache/huggingface/metrics/recall/default/default_experiment-1-0.arrow
12/29/2023 10:57:22 - DEBUG - fsspec.local -   open file: /home/lunt1/.cache/huggingface/metrics/f1/default/default_experiment-1-0.arrow
{'eval_loss': 2.161824941635132, 'eval_precision': 0.2634820898476153, 'eval_recall': 0.3011528870996816, 'eval_f1': 0.27937137500972126, 'eval_spearmanr': 0.640302411660579, 'eval_precision_weighted': 0.48806482454810185, 'eval_recall_weighted': 0.535064935064935, 'eval_f1_weighted': 0.507428922694711, 'eval_runtime': 31.6439, 'eval_samples_per_second': 12.167, 'eval_steps_per_second': 6.099, 'epoch': 3.0}
12/29/2023 10:57:27 - DEBUG - helper.classes -   ----------- Starting epoch 4.0 -----------
{'loss': 0.8158, 'learning_rate': 4.5489443378119e-06, 'epoch': 3.45}
12/29/2023 11:03:15 - DEBUG - helper.classes -   Epoch 4.0 completed, Duration: 0:05:47 Mem usage: CPU mem usage: 5.19G.  Cuda 0: memory acclocated: 10 G.
12/29/2023 11:03:46 - DEBUG - fsspec.local -   open file: /home/lunt1/.cache/huggingface/metrics/precision/default/default_experiment-1-0.arrow
12/29/2023 11:03:46 - DEBUG - fsspec.local -   open file: /home/lunt1/.cache/huggingface/metrics/recall/default/default_experiment-1-0.arrow
12/29/2023 11:03:46 - DEBUG - fsspec.local -   open file: /home/lunt1/.cache/huggingface/metrics/f1/default/default_experiment-1-0.arrow
12/29/2023 11:03:46 - DEBUG - fsspec.local -   open file: /home/lunt1/.cache/huggingface/metrics/spearmanr/default/default_experiment-1-0.arrow
12/29/2023 11:03:46 - DEBUG - fsspec.local -   open file: /home/lunt1/.cache/huggingface/metrics/precision/default/default_experiment-1-0.arrow
12/29/2023 11:03:46 - DEBUG - fsspec.local -   open file: /home/lunt1/.cache/huggingface/metrics/recall/default/default_experiment-1-0.arrow
12/29/2023 11:03:46 - DEBUG - fsspec.local -   open file: /home/lunt1/.cache/huggingface/metrics/f1/default/default_experiment-1-0.arrow
{'eval_loss': 2.2352535724639893, 'eval_precision': 0.2640112730037925, 'eval_recall': 0.2950377035390254, 'eval_f1': 0.27858090916004735, 'eval_spearmanr': 0.6400273319254056, 'eval_precision_weighted': 0.4856163220494099, 'eval_recall_weighted': 0.5376623376623376, 'eval_f1_weighted': 0.5101692023802068, 'eval_runtime': 31.2753, 'eval_samples_per_second': 12.31, 'eval_steps_per_second': 6.171, 'epoch': 4.0}
{'train_runtime': 1559.2254, 'train_samples_per_second': 2.968, 'train_steps_per_second': 1.485, 'train_loss': 0.8996173680755141, 'epoch': 4.0}
12/29/2023 11:03:57 - INFO - __main__ -   Training completed. Duration: 0:25:59
12/29/2023 11:04:28 - DEBUG - fsspec.local -   open file: /home/lunt1/.cache/huggingface/metrics/precision/default/default_experiment-1-0.arrow
12/29/2023 11:04:28 - DEBUG - fsspec.local -   open file: /home/lunt1/.cache/huggingface/metrics/recall/default/default_experiment-1-0.arrow
12/29/2023 11:04:28 - DEBUG - fsspec.local -   open file: /home/lunt1/.cache/huggingface/metrics/f1/default/default_experiment-1-0.arrow
12/29/2023 11:04:28 - DEBUG - fsspec.local -   open file: /home/lunt1/.cache/huggingface/metrics/spearmanr/default/default_experiment-1-0.arrow
12/29/2023 11:04:28 - DEBUG - fsspec.local -   open file: /home/lunt1/.cache/huggingface/metrics/precision/default/default_experiment-1-0.arrow
12/29/2023 11:04:28 - DEBUG - fsspec.local -   open file: /home/lunt1/.cache/huggingface/metrics/recall/default/default_experiment-1-0.arrow
12/29/2023 11:04:28 - DEBUG - fsspec.local -   open file: /home/lunt1/.cache/huggingface/metrics/f1/default/default_experiment-1-0.arrow
12/29/2023 11:04:28 - DEBUG - fsspec.local -   open file: /home/lunt1/.cache/huggingface/metrics/precision/default/default_experiment-1-0.arrow
12/29/2023 11:04:28 - DEBUG - fsspec.local -   open file: /home/lunt1/.cache/huggingface/metrics/recall/default/default_experiment-1-0.arrow
12/29/2023 11:04:28 - DEBUG - fsspec.local -   open file: /home/lunt1/.cache/huggingface/metrics/f1/default/default_experiment-1-0.arrow
12/29/2023 11:04:28 - DEBUG - fsspec.local -   open file: /home/lunt1/.cache/huggingface/metrics/spearmanr/default/default_experiment-1-0.arrow
12/29/2023 11:04:28 - DEBUG - fsspec.local -   open file: /home/lunt1/.cache/huggingface/metrics/precision/default/default_experiment-1-0.arrow
12/29/2023 11:04:28 - DEBUG - fsspec.local -   open file: /home/lunt1/.cache/huggingface/metrics/recall/default/default_experiment-1-0.arrow
12/29/2023 11:04:28 - DEBUG - fsspec.local -   open file: /home/lunt1/.cache/huggingface/metrics/f1/default/default_experiment-1-0.arrow
12/29/2023 11:04:28 - DEBUG - __main__ -   label: 2
12/29/2023 11:04:28 - DEBUG - __main__ -   pred: 1
12/29/2023 11:04:28 - DEBUG - __main__ -   label: 2
12/29/2023 11:04:28 - DEBUG - __main__ -   pred: 2
12/29/2023 11:04:28 - DEBUG - __main__ -   label: 2
12/29/2023 11:04:28 - DEBUG - __main__ -   pred: 2
12/29/2023 11:04:28 - DEBUG - __main__ -   label: 2
12/29/2023 11:04:28 - DEBUG - __main__ -   pred: 1
12/29/2023 11:04:28 - DEBUG - __main__ -   label: 1
12/29/2023 11:04:28 - DEBUG - __main__ -   pred: 2
12/29/2023 11:04:28 - DEBUG - __main__ -   label: 2
12/29/2023 11:04:28 - DEBUG - __main__ -   pred: 2
12/29/2023 11:04:28 - DEBUG - __main__ -   label: 2
12/29/2023 11:04:28 - DEBUG - __main__ -   pred: 1
12/29/2023 11:04:28 - DEBUG - __main__ -   label: 2
12/29/2023 11:04:28 - DEBUG - __main__ -   pred: 2
12/29/2023 11:04:28 - DEBUG - __main__ -   label: 1
12/29/2023 11:04:28 - DEBUG - __main__ -   pred: 1
12/29/2023 11:04:28 - DEBUG - __main__ -   label: 2
12/29/2023 11:04:28 - DEBUG - __main__ -   pred: 2
12/29/2023 11:04:28 - DEBUG - __main__ -   label: 2
12/29/2023 11:04:28 - DEBUG - __main__ -   pred: 2
12/29/2023 11:04:28 - DEBUG - __main__ -   label: 2
12/29/2023 11:04:28 - DEBUG - __main__ -   pred: 2
12/29/2023 11:04:28 - DEBUG - __main__ -   label: 2
12/29/2023 11:04:28 - DEBUG - __main__ -   pred: 1
12/29/2023 11:04:28 - DEBUG - __main__ -   label: 2
12/29/2023 11:04:28 - DEBUG - __main__ -   pred: 1
12/29/2023 11:04:28 - DEBUG - __main__ -   label: 2
12/29/2023 11:04:28 - DEBUG - __main__ -   pred: 2
12/29/2023 11:04:28 - DEBUG - __main__ -   label: 1
12/29/2023 11:04:28 - DEBUG - __main__ -   pred: 1
12/29/2023 11:04:28 - DEBUG - __main__ -   label: 2
12/29/2023 11:04:28 - DEBUG - __main__ -   pred: 2
12/29/2023 11:04:28 - DEBUG - __main__ -   label: 2
12/29/2023 11:04:28 - DEBUG - __main__ -   pred: 2
12/29/2023 11:04:28 - DEBUG - __main__ -   label: 1
12/29/2023 11:04:28 - DEBUG - __main__ -   pred: 1
12/29/2023 11:04:28 - DEBUG - __main__ -   label: 3
12/29/2023 11:04:28 - DEBUG - __main__ -   pred: 3
12/29/2023 11:04:28 - DEBUG - __main__ -   label: 3
12/29/2023 11:04:28 - DEBUG - __main__ -   pred: 1
12/29/2023 11:04:28 - DEBUG - __main__ -   label: 2
12/29/2023 11:04:28 - DEBUG - __main__ -   pred: 2
12/29/2023 11:04:28 - DEBUG - __main__ -   label: 2
12/29/2023 11:04:28 - DEBUG - __main__ -   pred: 2
12/29/2023 11:04:28 - DEBUG - __main__ -   label: 2
12/29/2023 11:04:28 - DEBUG - __main__ -   pred: 3
12/29/2023 11:04:28 - DEBUG - __main__ -   label: 1
12/29/2023 11:04:28 - DEBUG - __main__ -   pred: 1
12/29/2023 11:04:28 - DEBUG - __main__ -   label: 1
12/29/2023 11:04:28 - DEBUG - __main__ -   pred: 2
12/29/2023 11:04:28 - DEBUG - __main__ -   label: 1
12/29/2023 11:04:28 - DEBUG - __main__ -   pred: 1
12/29/2023 11:04:28 - DEBUG - __main__ -   label: 3
12/29/2023 11:04:28 - DEBUG - __main__ -   pred: 3
12/29/2023 11:04:28 - DEBUG - __main__ -   label: 2
12/29/2023 11:04:28 - DEBUG - __main__ -   pred: 1
12/29/2023 11:04:28 - DEBUG - __main__ -   label: 2
12/29/2023 11:04:28 - DEBUG - __main__ -   pred: 2
12/29/2023 11:04:28 - DEBUG - __main__ -   label: 2
12/29/2023 11:04:28 - DEBUG - __main__ -   pred: 2
12/29/2023 11:04:28 - DEBUG - __main__ -   label: 2
12/29/2023 11:04:28 - DEBUG - __main__ -   pred: 3
12/29/2023 11:04:28 - DEBUG - __main__ -   label: 3
12/29/2023 11:04:28 - DEBUG - __main__ -   pred: 2
12/29/2023 11:04:28 - DEBUG - __main__ -   label: 2
12/29/2023 11:04:28 - DEBUG - __main__ -   pred: 2
12/29/2023 11:04:28 - DEBUG - __main__ -   label: 2
12/29/2023 11:04:28 - DEBUG - __main__ -   pred: 1
12/29/2023 11:04:28 - DEBUG - __main__ -   label: 2
12/29/2023 11:04:28 - DEBUG - __main__ -   pred: 3
12/29/2023 11:04:28 - DEBUG - __main__ -   label: 2
12/29/2023 11:04:28 - DEBUG - __main__ -   pred: 3
12/29/2023 11:04:28 - DEBUG - __main__ -   label: 3
12/29/2023 11:04:28 - DEBUG - __main__ -   pred: 3
12/29/2023 11:04:28 - DEBUG - __main__ -   label: 2
12/29/2023 11:04:28 - DEBUG - __main__ -   pred: 1
12/29/2023 11:04:28 - DEBUG - __main__ -   label: 3
12/29/2023 11:04:28 - DEBUG - __main__ -   pred: 2
12/29/2023 11:04:28 - DEBUG - __main__ -   label: 2
12/29/2023 11:04:28 - DEBUG - __main__ -   pred: 2
12/29/2023 11:04:28 - DEBUG - __main__ -   label: 4
12/29/2023 11:04:28 - DEBUG - __main__ -   pred: 3
12/29/2023 11:04:28 - DEBUG - __main__ -   label: 3
12/29/2023 11:04:28 - DEBUG - __main__ -   pred: 3
12/29/2023 11:04:28 - DEBUG - __main__ -   label: 2
12/29/2023 11:04:28 - DEBUG - __main__ -   pred: 1
12/29/2023 11:04:28 - DEBUG - __main__ -   label: 1
12/29/2023 11:04:28 - DEBUG - __main__ -   pred: 2
12/29/2023 11:04:28 - DEBUG - __main__ -   label: 3
12/29/2023 11:04:28 - DEBUG - __main__ -   pred: 3
12/29/2023 11:04:28 - DEBUG - __main__ -   label: 3
12/29/2023 11:04:28 - DEBUG - __main__ -   pred: 2
12/29/2023 11:04:28 - DEBUG - __main__ -   label: 4
12/29/2023 11:04:28 - DEBUG - __main__ -   pred: 3
12/29/2023 11:04:28 - DEBUG - __main__ -   label: 1
12/29/2023 11:04:28 - DEBUG - __main__ -   pred: 2
12/29/2023 11:04:28 - DEBUG - __main__ -   label: 3
12/29/2023 11:04:28 - DEBUG - __main__ -   pred: 1
12/29/2023 11:04:28 - DEBUG - __main__ -   label: 2
12/29/2023 11:04:28 - DEBUG - __main__ -   pred: 2
12/29/2023 11:04:28 - DEBUG - __main__ -   label: 4
12/29/2023 11:04:28 - DEBUG - __main__ -   pred: 3
12/29/2023 11:04:28 - DEBUG - __main__ -   label: 3
12/29/2023 11:04:28 - DEBUG - __main__ -   pred: 3
12/29/2023 11:04:28 - DEBUG - __main__ -   label: 1
12/29/2023 11:04:28 - DEBUG - __main__ -   pred: 2
12/29/2023 11:04:28 - DEBUG - __main__ -   label: 1
12/29/2023 11:04:28 - DEBUG - __main__ -   pred: 2
12/29/2023 11:04:28 - DEBUG - __main__ -   label: 2
12/29/2023 11:04:28 - DEBUG - __main__ -   pred: 3
12/29/2023 11:04:28 - DEBUG - __main__ -   label: 2
12/29/2023 11:04:28 - DEBUG - __main__ -   pred: 3
12/29/2023 11:04:28 - DEBUG - __main__ -   label: 1
12/29/2023 11:04:28 - DEBUG - __main__ -   pred: 2
12/29/2023 11:04:28 - DEBUG - __main__ -   label: 2
12/29/2023 11:04:28 - DEBUG - __main__ -   pred: 2
12/29/2023 11:04:28 - DEBUG - __main__ -   label: 2
12/29/2023 11:04:28 - DEBUG - __main__ -   pred: 2
12/29/2023 11:04:28 - DEBUG - __main__ -   label: 2
12/29/2023 11:04:28 - DEBUG - __main__ -   pred: 1
12/29/2023 11:04:28 - DEBUG - __main__ -   label: 1
12/29/2023 11:04:28 - DEBUG - __main__ -   pred: 1
12/29/2023 11:04:28 - DEBUG - __main__ -   label: 1
12/29/2023 11:04:28 - DEBUG - __main__ -   pred: 2
12/29/2023 11:04:28 - DEBUG - __main__ -   label: 1
12/29/2023 11:04:28 - DEBUG - __main__ -   pred: 2
12/29/2023 11:04:28 - DEBUG - __main__ -   label: 3
12/29/2023 11:04:28 - DEBUG - __main__ -   pred: 3
12/29/2023 11:04:28 - DEBUG - __main__ -   label: 3
12/29/2023 11:04:28 - DEBUG - __main__ -   pred: 3
12/29/2023 11:04:28 - DEBUG - __main__ -   label: 2
12/29/2023 11:04:28 - DEBUG - __main__ -   pred: 2
12/29/2023 11:04:28 - DEBUG - __main__ -   label: 3
12/29/2023 11:04:28 - DEBUG - __main__ -   pred: 3
12/29/2023 11:04:28 - DEBUG - __main__ -   label: 2
12/29/2023 11:04:28 - DEBUG - __main__ -   pred: 3
12/29/2023 11:04:28 - DEBUG - __main__ -   label: 1
12/29/2023 11:04:28 - DEBUG - __main__ -   pred: 1
12/29/2023 11:04:28 - DEBUG - __main__ -   label: 2
12/29/2023 11:04:28 - DEBUG - __main__ -   pred: 2
12/29/2023 11:04:28 - DEBUG - __main__ -   label: 2
12/29/2023 11:04:28 - DEBUG - __main__ -   pred: 2
12/29/2023 11:04:28 - DEBUG - __main__ -   label: 1
12/29/2023 11:04:28 - DEBUG - __main__ -   pred: 2
12/29/2023 11:04:28 - DEBUG - __main__ -   label: 2
12/29/2023 11:04:28 - DEBUG - __main__ -   pred: 3
12/29/2023 11:04:28 - DEBUG - __main__ -   label: 2
12/29/2023 11:04:28 - DEBUG - __main__ -   pred: 2
12/29/2023 11:04:28 - DEBUG - __main__ -   label: 3
12/29/2023 11:04:28 - DEBUG - __main__ -   pred: 2
12/29/2023 11:04:28 - DEBUG - __main__ -   label: 3
12/29/2023 11:04:28 - DEBUG - __main__ -   pred: 3
12/29/2023 11:04:28 - DEBUG - __main__ -   label: 1
12/29/2023 11:04:28 - DEBUG - __main__ -   pred: 1
12/29/2023 11:04:28 - DEBUG - __main__ -   label: 2
12/29/2023 11:04:28 - DEBUG - __main__ -   pred: 2
12/29/2023 11:04:28 - DEBUG - __main__ -   label: 1
12/29/2023 11:04:28 - DEBUG - __main__ -   pred: 1
12/29/2023 11:04:28 - DEBUG - __main__ -   label: 2
12/29/2023 11:04:28 - DEBUG - __main__ -   pred: 1
12/29/2023 11:04:28 - DEBUG - __main__ -   label: 2
12/29/2023 11:04:28 - DEBUG - __main__ -   pred: 1
12/29/2023 11:04:28 - DEBUG - __main__ -   label: 1
12/29/2023 11:04:28 - DEBUG - __main__ -   pred: 1
12/29/2023 11:04:28 - DEBUG - __main__ -   label: 2
12/29/2023 11:04:28 - DEBUG - __main__ -   pred: 1
12/29/2023 11:04:28 - DEBUG - __main__ -   label: 1
12/29/2023 11:04:28 - DEBUG - __main__ -   pred: 1
12/29/2023 11:04:28 - DEBUG - __main__ -   label: 1
12/29/2023 11:04:28 - DEBUG - __main__ -   pred: 1
12/29/2023 11:04:28 - DEBUG - __main__ -   label: 1
12/29/2023 11:04:28 - DEBUG - __main__ -   pred: 1
12/29/2023 11:04:28 - DEBUG - __main__ -   label: 1
12/29/2023 11:04:28 - DEBUG - __main__ -   pred: 1
12/29/2023 11:04:28 - DEBUG - __main__ -   label: 1
12/29/2023 11:04:28 - DEBUG - __main__ -   pred: 1
12/29/2023 11:04:28 - DEBUG - __main__ -   label: 2
12/29/2023 11:04:28 - DEBUG - __main__ -   pred: 1
12/29/2023 11:04:28 - DEBUG - __main__ -   label: 2
12/29/2023 11:04:28 - DEBUG - __main__ -   pred: 1
12/29/2023 11:04:28 - DEBUG - __main__ -   label: 2
12/29/2023 11:04:28 - DEBUG - __main__ -   pred: 3
12/29/2023 11:04:28 - DEBUG - __main__ -   label: 1
12/29/2023 11:04:28 - DEBUG - __main__ -   pred: 1
12/29/2023 11:04:28 - DEBUG - __main__ -   label: 0
12/29/2023 11:04:28 - DEBUG - __main__ -   pred: 1
12/29/2023 11:04:28 - DEBUG - __main__ -   label: 0
12/29/2023 11:04:28 - DEBUG - __main__ -   pred: 1
12/29/2023 11:04:28 - DEBUG - __main__ -   label: 0
12/29/2023 11:04:28 - DEBUG - __main__ -   pred: 1
12/29/2023 11:04:28 - DEBUG - __main__ -   label: 0
12/29/2023 11:04:28 - DEBUG - __main__ -   pred: 2
12/29/2023 11:04:28 - DEBUG - __main__ -   label: 1
12/29/2023 11:04:28 - DEBUG - __main__ -   pred: 1
12/29/2023 11:04:28 - DEBUG - __main__ -   label: 0
12/29/2023 11:04:28 - DEBUG - __main__ -   pred: 1
12/29/2023 11:04:28 - DEBUG - __main__ -   label: 2
12/29/2023 11:04:28 - DEBUG - __main__ -   pred: 3
12/29/2023 11:04:28 - DEBUG - __main__ -   label: 2
12/29/2023 11:04:28 - DEBUG - __main__ -   pred: 2
12/29/2023 11:04:28 - DEBUG - __main__ -   label: 2
12/29/2023 11:04:28 - DEBUG - __main__ -   pred: 1
12/29/2023 11:04:28 - DEBUG - __main__ -   label: 1
12/29/2023 11:04:28 - DEBUG - __main__ -   pred: 1
12/29/2023 11:04:28 - DEBUG - __main__ -   label: 2
12/29/2023 11:04:28 - DEBUG - __main__ -   pred: 3
12/29/2023 11:04:28 - DEBUG - __main__ -   label: 1
12/29/2023 11:04:28 - DEBUG - __main__ -   pred: 1
12/29/2023 11:04:28 - DEBUG - __main__ -   label: 1
12/29/2023 11:04:28 - DEBUG - __main__ -   pred: 1
12/29/2023 11:04:28 - DEBUG - __main__ -   label: 1
12/29/2023 11:04:28 - DEBUG - __main__ -   pred: 1
12/29/2023 11:04:28 - DEBUG - __main__ -   label: 1
12/29/2023 11:04:28 - DEBUG - __main__ -   pred: 2
12/29/2023 11:04:28 - DEBUG - __main__ -   label: 1
12/29/2023 11:04:28 - DEBUG - __main__ -   pred: 1
12/29/2023 11:04:28 - DEBUG - __main__ -   label: 2
12/29/2023 11:04:28 - DEBUG - __main__ -   pred: 2
12/29/2023 11:04:28 - DEBUG - __main__ -   label: 1
12/29/2023 11:04:28 - DEBUG - __main__ -   pred: 2
12/29/2023 11:04:28 - DEBUG - __main__ -   label: 2
12/29/2023 11:04:28 - DEBUG - __main__ -   pred: 2
12/29/2023 11:04:28 - DEBUG - __main__ -   label: 2
12/29/2023 11:04:28 - DEBUG - __main__ -   pred: 2
12/29/2023 11:04:28 - DEBUG - __main__ -   label: 2
12/29/2023 11:04:28 - DEBUG - __main__ -   pred: 3
12/29/2023 11:04:28 - DEBUG - __main__ -   label: 2
12/29/2023 11:04:28 - DEBUG - __main__ -   pred: 2
12/29/2023 11:04:28 - DEBUG - __main__ -   label: 1
12/29/2023 11:04:28 - DEBUG - __main__ -   pred: 2
12/29/2023 11:04:28 - DEBUG - __main__ -   label: 3
12/29/2023 11:04:28 - DEBUG - __main__ -   pred: 3
12/29/2023 11:04:28 - DEBUG - __main__ -   label: 3
12/29/2023 11:04:28 - DEBUG - __main__ -   pred: 3
12/29/2023 11:04:28 - DEBUG - __main__ -   label: 3
12/29/2023 11:04:28 - DEBUG - __main__ -   pred: 2
12/29/2023 11:04:28 - DEBUG - __main__ -   label: 4
12/29/2023 11:04:28 - DEBUG - __main__ -   pred: 3
12/29/2023 11:04:28 - DEBUG - __main__ -   label: 3
12/29/2023 11:04:28 - DEBUG - __main__ -   pred: 2
12/29/2023 11:04:28 - DEBUG - __main__ -   label: 3
12/29/2023 11:04:28 - DEBUG - __main__ -   pred: 3
12/29/2023 11:04:28 - DEBUG - __main__ -   label: 2
12/29/2023 11:04:28 - DEBUG - __main__ -   pred: 1
12/29/2023 11:04:28 - DEBUG - __main__ -   label: 5
12/29/2023 11:04:28 - DEBUG - __main__ -   pred: 3
12/29/2023 11:04:28 - DEBUG - __main__ -   label: 3
12/29/2023 11:04:28 - DEBUG - __main__ -   pred: 3
12/29/2023 11:04:28 - DEBUG - __main__ -   label: 2
12/29/2023 11:04:28 - DEBUG - __main__ -   pred: 3
12/29/2023 11:04:28 - DEBUG - __main__ -   label: 3
12/29/2023 11:04:28 - DEBUG - __main__ -   pred: 3
12/29/2023 11:04:28 - DEBUG - __main__ -   label: 3
12/29/2023 11:04:28 - DEBUG - __main__ -   pred: 3
12/29/2023 11:04:28 - DEBUG - __main__ -   label: 4
12/29/2023 11:04:28 - DEBUG - __main__ -   pred: 3
12/29/2023 11:04:28 - DEBUG - __main__ -   label: 4
12/29/2023 11:04:28 - DEBUG - __main__ -   pred: 3
12/29/2023 11:04:28 - DEBUG - __main__ -   label: 4
12/29/2023 11:04:28 - DEBUG - __main__ -   pred: 3
12/29/2023 11:04:28 - DEBUG - __main__ -   label: 4
12/29/2023 11:04:28 - DEBUG - __main__ -   pred: 3
12/29/2023 11:04:28 - DEBUG - __main__ -   label: 4
12/29/2023 11:04:28 - DEBUG - __main__ -   pred: 3
12/29/2023 11:04:28 - DEBUG - __main__ -   label: 3
12/29/2023 11:04:28 - DEBUG - __main__ -   pred: 3
12/29/2023 11:04:28 - DEBUG - __main__ -   label: 2
12/29/2023 11:04:28 - DEBUG - __main__ -   pred: 2
12/29/2023 11:04:28 - DEBUG - __main__ -   label: 3
12/29/2023 11:04:28 - DEBUG - __main__ -   pred: 3
12/29/2023 11:04:28 - DEBUG - __main__ -   label: 3
12/29/2023 11:04:28 - DEBUG - __main__ -   pred: 3
12/29/2023 11:04:28 - DEBUG - __main__ -   label: 4
12/29/2023 11:04:28 - DEBUG - __main__ -   pred: 3
12/29/2023 11:04:28 - DEBUG - __main__ -   label: 2
12/29/2023 11:04:28 - DEBUG - __main__ -   pred: 3
12/29/2023 11:04:28 - DEBUG - __main__ -   label: 4
12/29/2023 11:04:28 - DEBUG - __main__ -   pred: 3
12/29/2023 11:04:28 - DEBUG - __main__ -   label: 3
12/29/2023 11:04:28 - DEBUG - __main__ -   pred: 3
12/29/2023 11:04:28 - DEBUG - __main__ -   label: 2
12/29/2023 11:04:28 - DEBUG - __main__ -   pred: 2
12/29/2023 11:04:28 - DEBUG - __main__ -   label: 3
12/29/2023 11:04:28 - DEBUG - __main__ -   pred: 3
12/29/2023 11:04:28 - DEBUG - __main__ -   label: 3
12/29/2023 11:04:28 - DEBUG - __main__ -   pred: 3
12/29/2023 11:04:28 - DEBUG - __main__ -   label: 2
12/29/2023 11:04:28 - DEBUG - __main__ -   pred: 2
12/29/2023 11:04:28 - DEBUG - __main__ -   label: 2
12/29/2023 11:04:28 - DEBUG - __main__ -   pred: 3
12/29/2023 11:04:28 - DEBUG - __main__ -   label: 1
12/29/2023 11:04:28 - DEBUG - __main__ -   pred: 2
12/29/2023 11:04:28 - DEBUG - __main__ -   label: 2
12/29/2023 11:04:28 - DEBUG - __main__ -   pred: 1
12/29/2023 11:04:28 - DEBUG - __main__ -   label: 4
12/29/2023 11:04:28 - DEBUG - __main__ -   pred: 3
12/29/2023 11:04:28 - DEBUG - __main__ -   label: 4
12/29/2023 11:04:28 - DEBUG - __main__ -   pred: 3
12/29/2023 11:04:28 - DEBUG - __main__ -   label: 2
12/29/2023 11:04:28 - DEBUG - __main__ -   pred: 3
12/29/2023 11:04:28 - DEBUG - __main__ -   label: 2
12/29/2023 11:04:28 - DEBUG - __main__ -   pred: 2
12/29/2023 11:04:28 - DEBUG - __main__ -   label: 2
12/29/2023 11:04:28 - DEBUG - __main__ -   pred: 1
12/29/2023 11:04:28 - DEBUG - __main__ -   label: 3
12/29/2023 11:04:28 - DEBUG - __main__ -   pred: 3
12/29/2023 11:04:28 - DEBUG - __main__ -   label: 2
12/29/2023 11:04:28 - DEBUG - __main__ -   pred: 3
12/29/2023 11:04:28 - DEBUG - __main__ -   label: 3
12/29/2023 11:04:28 - DEBUG - __main__ -   pred: 3
12/29/2023 11:04:28 - DEBUG - __main__ -   label: 3
12/29/2023 11:04:28 - DEBUG - __main__ -   pred: 3
12/29/2023 11:04:28 - DEBUG - __main__ -   label: 3
12/29/2023 11:04:28 - DEBUG - __main__ -   pred: 3
12/29/2023 11:04:28 - DEBUG - __main__ -   label: 3
12/29/2023 11:04:28 - DEBUG - __main__ -   pred: 3
12/29/2023 11:04:28 - DEBUG - __main__ -   label: 3
12/29/2023 11:04:28 - DEBUG - __main__ -   pred: 3
12/29/2023 11:04:28 - DEBUG - __main__ -   label: 2
12/29/2023 11:04:28 - DEBUG - __main__ -   pred: 3
12/29/2023 11:04:28 - DEBUG - __main__ -   label: 1
12/29/2023 11:04:28 - DEBUG - __main__ -   pred: 3
12/29/2023 11:04:28 - DEBUG - __main__ -   label: 2
12/29/2023 11:04:28 - DEBUG - __main__ -   pred: 2
12/29/2023 11:04:28 - DEBUG - __main__ -   label: 3
12/29/2023 11:04:28 - DEBUG - __main__ -   pred: 3
12/29/2023 11:04:28 - DEBUG - __main__ -   label: 3
12/29/2023 11:04:28 - DEBUG - __main__ -   pred: 3
12/29/2023 11:04:28 - DEBUG - __main__ -   label: 3
12/29/2023 11:04:28 - DEBUG - __main__ -   pred: 3
12/29/2023 11:04:28 - DEBUG - __main__ -   label: 2
12/29/2023 11:04:28 - DEBUG - __main__ -   pred: 3
12/29/2023 11:04:28 - DEBUG - __main__ -   label: 1
12/29/2023 11:04:28 - DEBUG - __main__ -   pred: 1
12/29/2023 11:04:28 - DEBUG - __main__ -   label: 1
12/29/2023 11:04:28 - DEBUG - __main__ -   pred: 2
12/29/2023 11:04:28 - DEBUG - __main__ -   label: 2
12/29/2023 11:04:28 - DEBUG - __main__ -   pred: 2
12/29/2023 11:04:28 - DEBUG - __main__ -   label: 1
12/29/2023 11:04:28 - DEBUG - __main__ -   pred: 2
12/29/2023 11:04:28 - DEBUG - __main__ -   label: 2
12/29/2023 11:04:28 - DEBUG - __main__ -   pred: 3
12/29/2023 11:04:28 - DEBUG - __main__ -   label: 2
12/29/2023 11:04:28 - DEBUG - __main__ -   pred: 2
12/29/2023 11:04:28 - DEBUG - __main__ -   label: 1
12/29/2023 11:04:28 - DEBUG - __main__ -   pred: 1
12/29/2023 11:04:28 - DEBUG - __main__ -   label: 1
12/29/2023 11:04:28 - DEBUG - __main__ -   pred: 1
12/29/2023 11:04:28 - DEBUG - __main__ -   label: 3
12/29/2023 11:04:28 - DEBUG - __main__ -   pred: 3
12/29/2023 11:04:28 - DEBUG - __main__ -   label: 3
12/29/2023 11:04:28 - DEBUG - __main__ -   pred: 3
12/29/2023 11:04:28 - DEBUG - __main__ -   label: 2
12/29/2023 11:04:28 - DEBUG - __main__ -   pred: 2
12/29/2023 11:04:28 - DEBUG - __main__ -   label: 1
12/29/2023 11:04:28 - DEBUG - __main__ -   pred: 1
12/29/2023 11:04:28 - DEBUG - __main__ -   label: 2
12/29/2023 11:04:28 - DEBUG - __main__ -   pred: 2
12/29/2023 11:04:28 - DEBUG - __main__ -   label: 0
12/29/2023 11:04:28 - DEBUG - __main__ -   pred: 1
12/29/2023 11:04:28 - DEBUG - __main__ -   label: 2
12/29/2023 11:04:28 - DEBUG - __main__ -   pred: 2
12/29/2023 11:04:28 - DEBUG - __main__ -   label: 2
12/29/2023 11:04:28 - DEBUG - __main__ -   pred: 2
12/29/2023 11:04:28 - DEBUG - __main__ -   label: 2
12/29/2023 11:04:28 - DEBUG - __main__ -   pred: 2
12/29/2023 11:04:28 - DEBUG - __main__ -   label: 3
12/29/2023 11:04:28 - DEBUG - __main__ -   pred: 3
12/29/2023 11:04:28 - DEBUG - __main__ -   label: 4
12/29/2023 11:04:28 - DEBUG - __main__ -   pred: 2
12/29/2023 11:04:28 - DEBUG - __main__ -   label: 2
12/29/2023 11:04:28 - DEBUG - __main__ -   pred: 2
12/29/2023 11:04:28 - DEBUG - __main__ -   label: 2
12/29/2023 11:04:28 - DEBUG - __main__ -   pred: 3
12/29/2023 11:04:28 - DEBUG - __main__ -   label: 1
12/29/2023 11:04:28 - DEBUG - __main__ -   pred: 1
12/29/2023 11:04:28 - DEBUG - __main__ -   label: 2
12/29/2023 11:04:28 - DEBUG - __main__ -   pred: 2
12/29/2023 11:04:28 - DEBUG - __main__ -   label: 1
12/29/2023 11:04:28 - DEBUG - __main__ -   pred: 1
12/29/2023 11:04:28 - DEBUG - __main__ -   label: 1
12/29/2023 11:04:28 - DEBUG - __main__ -   pred: 1
12/29/2023 11:04:28 - DEBUG - __main__ -   label: 3
12/29/2023 11:04:28 - DEBUG - __main__ -   pred: 2
12/29/2023 11:04:28 - DEBUG - __main__ -   label: 2
12/29/2023 11:04:28 - DEBUG - __main__ -   pred: 2
12/29/2023 11:04:28 - DEBUG - __main__ -   label: 3
12/29/2023 11:04:28 - DEBUG - __main__ -   pred: 3
12/29/2023 11:04:28 - DEBUG - __main__ -   label: 2
12/29/2023 11:04:28 - DEBUG - __main__ -   pred: 1
12/29/2023 11:04:28 - DEBUG - __main__ -   label: 2
12/29/2023 11:04:28 - DEBUG - __main__ -   pred: 2
12/29/2023 11:04:28 - DEBUG - __main__ -   label: 3
12/29/2023 11:04:28 - DEBUG - __main__ -   pred: 3
12/29/2023 11:04:28 - DEBUG - __main__ -   label: 1
12/29/2023 11:04:28 - DEBUG - __main__ -   pred: 1
12/29/2023 11:04:28 - DEBUG - __main__ -   label: 3
12/29/2023 11:04:28 - DEBUG - __main__ -   pred: 3
12/29/2023 11:04:28 - DEBUG - __main__ -   label: 1
12/29/2023 11:04:28 - DEBUG - __main__ -   pred: 1
12/29/2023 11:04:28 - DEBUG - __main__ -   label: 2
12/29/2023 11:04:28 - DEBUG - __main__ -   pred: 1
12/29/2023 11:04:28 - DEBUG - __main__ -   label: 3
12/29/2023 11:04:28 - DEBUG - __main__ -   pred: 3
12/29/2023 11:04:28 - DEBUG - __main__ -   label: 2
12/29/2023 11:04:28 - DEBUG - __main__ -   pred: 2
12/29/2023 11:04:28 - DEBUG - __main__ -   label: 1
12/29/2023 11:04:28 - DEBUG - __main__ -   pred: 1
12/29/2023 11:04:28 - DEBUG - __main__ -   label: 3
12/29/2023 11:04:28 - DEBUG - __main__ -   pred: 2
12/29/2023 11:04:28 - DEBUG - __main__ -   label: 1
12/29/2023 11:04:28 - DEBUG - __main__ -   pred: 2
12/29/2023 11:04:28 - DEBUG - __main__ -   label: 1
12/29/2023 11:04:28 - DEBUG - __main__ -   pred: 1
12/29/2023 11:04:28 - DEBUG - __main__ -   label: 3
12/29/2023 11:04:28 - DEBUG - __main__ -   pred: 2
12/29/2023 11:04:28 - DEBUG - __main__ -   label: 1
12/29/2023 11:04:28 - DEBUG - __main__ -   pred: 1
12/29/2023 11:04:28 - DEBUG - __main__ -   label: 1
12/29/2023 11:04:28 - DEBUG - __main__ -   pred: 1
12/29/2023 11:04:28 - DEBUG - __main__ -   label: 2
12/29/2023 11:04:28 - DEBUG - __main__ -   pred: 3
12/29/2023 11:04:28 - DEBUG - __main__ -   label: 0
12/29/2023 11:04:28 - DEBUG - __main__ -   pred: 1
12/29/2023 11:04:28 - DEBUG - __main__ -   label: 2
12/29/2023 11:04:28 - DEBUG - __main__ -   pred: 2
12/29/2023 11:04:28 - DEBUG - __main__ -   label: 1
12/29/2023 11:04:28 - DEBUG - __main__ -   pred: 1
12/29/2023 11:04:28 - DEBUG - __main__ -   label: 3
12/29/2023 11:04:28 - DEBUG - __main__ -   pred: 3
12/29/2023 11:04:28 - DEBUG - __main__ -   label: 3
12/29/2023 11:04:28 - DEBUG - __main__ -   pred: 3
12/29/2023 11:04:28 - DEBUG - __main__ -   label: 1
12/29/2023 11:04:28 - DEBUG - __main__ -   pred: 2
12/29/2023 11:04:28 - DEBUG - __main__ -   label: 2
12/29/2023 11:04:28 - DEBUG - __main__ -   pred: 1
12/29/2023 11:04:28 - DEBUG - __main__ -   label: 3
12/29/2023 11:04:28 - DEBUG - __main__ -   pred: 3
12/29/2023 11:04:28 - DEBUG - __main__ -   label: 2
12/29/2023 11:04:28 - DEBUG - __main__ -   pred: 2
12/29/2023 11:04:28 - DEBUG - __main__ -   label: 2
12/29/2023 11:04:28 - DEBUG - __main__ -   pred: 1
12/29/2023 11:04:28 - DEBUG - __main__ -   label: 3
12/29/2023 11:04:28 - DEBUG - __main__ -   pred: 3
12/29/2023 11:04:28 - DEBUG - __main__ -   label: 2
12/29/2023 11:04:28 - DEBUG - __main__ -   pred: 3
12/29/2023 11:04:28 - DEBUG - __main__ -   label: 2
12/29/2023 11:04:28 - DEBUG - __main__ -   pred: 2
12/29/2023 11:04:28 - DEBUG - __main__ -   label: 4
12/29/2023 11:04:28 - DEBUG - __main__ -   pred: 3
12/29/2023 11:04:28 - DEBUG - __main__ -   label: 2
12/29/2023 11:04:28 - DEBUG - __main__ -   pred: 2
12/29/2023 11:04:28 - DEBUG - __main__ -   label: 3
12/29/2023 11:04:28 - DEBUG - __main__ -   pred: 3
12/29/2023 11:04:28 - DEBUG - __main__ -   label: 2
12/29/2023 11:04:28 - DEBUG - __main__ -   pred: 2
12/29/2023 11:04:28 - DEBUG - __main__ -   label: 3
12/29/2023 11:04:28 - DEBUG - __main__ -   pred: 2
12/29/2023 11:04:28 - DEBUG - __main__ -   label: 3
12/29/2023 11:04:28 - DEBUG - __main__ -   pred: 2
12/29/2023 11:04:28 - DEBUG - __main__ -   label: 3
12/29/2023 11:04:28 - DEBUG - __main__ -   pred: 2
12/29/2023 11:04:28 - DEBUG - __main__ -   label: 1
12/29/2023 11:04:28 - DEBUG - __main__ -   pred: 1
12/29/2023 11:04:28 - DEBUG - __main__ -   label: 2
12/29/2023 11:04:28 - DEBUG - __main__ -   pred: 2
12/29/2023 11:04:28 - DEBUG - __main__ -   label: 3
12/29/2023 11:04:28 - DEBUG - __main__ -   pred: 3
12/29/2023 11:04:28 - DEBUG - __main__ -   label: 2
12/29/2023 11:04:28 - DEBUG - __main__ -   pred: 2
12/29/2023 11:04:28 - DEBUG - __main__ -   label: 1
12/29/2023 11:04:28 - DEBUG - __main__ -   pred: 2
12/29/2023 11:04:28 - DEBUG - __main__ -   label: 2
12/29/2023 11:04:28 - DEBUG - __main__ -   pred: 3
12/29/2023 11:04:28 - DEBUG - __main__ -   label: 2
12/29/2023 11:04:28 - DEBUG - __main__ -   pred: 2
12/29/2023 11:04:28 - DEBUG - __main__ -   label: 3
12/29/2023 11:04:28 - DEBUG - __main__ -   pred: 2
12/29/2023 11:04:28 - DEBUG - __main__ -   label: 1
12/29/2023 11:04:28 - DEBUG - __main__ -   pred: 1
12/29/2023 11:04:28 - DEBUG - __main__ -   label: 2
12/29/2023 11:04:28 - DEBUG - __main__ -   pred: 2
12/29/2023 11:04:28 - DEBUG - __main__ -   label: 2
12/29/2023 11:04:28 - DEBUG - __main__ -   pred: 2
12/29/2023 11:04:28 - DEBUG - __main__ -   label: 3
12/29/2023 11:04:28 - DEBUG - __main__ -   pred: 3
12/29/2023 11:04:28 - DEBUG - __main__ -   label: 4
12/29/2023 11:04:28 - DEBUG - __main__ -   pred: 3
12/29/2023 11:04:28 - DEBUG - __main__ -   label: 4
12/29/2023 11:04:28 - DEBUG - __main__ -   pred: 3
12/29/2023 11:04:28 - DEBUG - __main__ -   label: 3
12/29/2023 11:04:28 - DEBUG - __main__ -   pred: 3
12/29/2023 11:04:28 - DEBUG - __main__ -   label: 2
12/29/2023 11:04:28 - DEBUG - __main__ -   pred: 2
12/29/2023 11:04:28 - DEBUG - __main__ -   label: 3
12/29/2023 11:04:28 - DEBUG - __main__ -   pred: 3
12/29/2023 11:04:28 - DEBUG - __main__ -   label: 4
12/29/2023 11:04:28 - DEBUG - __main__ -   pred: 3
12/29/2023 11:04:28 - DEBUG - __main__ -   label: 3
12/29/2023 11:04:28 - DEBUG - __main__ -   pred: 3
12/29/2023 11:04:28 - DEBUG - __main__ -   label: 2
12/29/2023 11:04:28 - DEBUG - __main__ -   pred: 2
12/29/2023 11:04:28 - DEBUG - __main__ -   label: 2
12/29/2023 11:04:28 - DEBUG - __main__ -   pred: 2
12/29/2023 11:04:28 - DEBUG - __main__ -   label: 2
12/29/2023 11:04:28 - DEBUG - __main__ -   pred: 3
12/29/2023 11:04:28 - DEBUG - __main__ -   label: 2
12/29/2023 11:04:28 - DEBUG - __main__ -   pred: 3
12/29/2023 11:04:28 - DEBUG - __main__ -   label: 2
12/29/2023 11:04:28 - DEBUG - __main__ -   pred: 2
12/29/2023 11:04:28 - DEBUG - __main__ -   label: 4
12/29/2023 11:04:28 - DEBUG - __main__ -   pred: 2
12/29/2023 11:04:28 - DEBUG - __main__ -   label: 1
12/29/2023 11:04:28 - DEBUG - __main__ -   pred: 2
12/29/2023 11:04:28 - DEBUG - __main__ -   label: 1
12/29/2023 11:04:28 - DEBUG - __main__ -   pred: 3
12/29/2023 11:04:28 - DEBUG - __main__ -   label: 3
12/29/2023 11:04:28 - DEBUG - __main__ -   pred: 3
12/29/2023 11:04:28 - DEBUG - __main__ -   label: 3
12/29/2023 11:04:28 - DEBUG - __main__ -   pred: 3
12/29/2023 11:04:28 - DEBUG - __main__ -   label: 2
12/29/2023 11:04:28 - DEBUG - __main__ -   pred: 1
12/29/2023 11:04:28 - DEBUG - __main__ -   label: 3
12/29/2023 11:04:28 - DEBUG - __main__ -   pred: 2
12/29/2023 11:04:28 - DEBUG - __main__ -   label: 4
12/29/2023 11:04:28 - DEBUG - __main__ -   pred: 3
12/29/2023 11:04:28 - DEBUG - __main__ -   label: 1
12/29/2023 11:04:28 - DEBUG - __main__ -   pred: 1
12/29/2023 11:04:28 - DEBUG - __main__ -   label: 2
12/29/2023 11:04:28 - DEBUG - __main__ -   pred: 2
12/29/2023 11:04:28 - DEBUG - __main__ -   label: 3
12/29/2023 11:04:28 - DEBUG - __main__ -   pred: 3
12/29/2023 11:04:28 - DEBUG - __main__ -   label: 2
12/29/2023 11:04:28 - DEBUG - __main__ -   pred: 2
12/29/2023 11:04:28 - DEBUG - __main__ -   label: 3
12/29/2023 11:04:28 - DEBUG - __main__ -   pred: 2
12/29/2023 11:04:28 - DEBUG - __main__ -   label: 2
12/29/2023 11:04:28 - DEBUG - __main__ -   pred: 2
12/29/2023 11:04:28 - DEBUG - __main__ -   label: 2
12/29/2023 11:04:28 - DEBUG - __main__ -   pred: 2
12/29/2023 11:04:28 - DEBUG - __main__ -   label: 2
12/29/2023 11:04:28 - DEBUG - __main__ -   pred: 2
12/29/2023 11:04:28 - DEBUG - __main__ -   label: 2
12/29/2023 11:04:28 - DEBUG - __main__ -   pred: 2
12/29/2023 11:04:28 - DEBUG - __main__ -   label: 2
12/29/2023 11:04:28 - DEBUG - __main__ -   pred: 3
12/29/2023 11:04:28 - DEBUG - __main__ -   label: 3
12/29/2023 11:04:28 - DEBUG - __main__ -   pred: 3
12/29/2023 11:04:28 - DEBUG - __main__ -   label: 3
12/29/2023 11:04:28 - DEBUG - __main__ -   pred: 3
12/29/2023 11:04:28 - DEBUG - __main__ -   label: 1
12/29/2023 11:04:28 - DEBUG - __main__ -   pred: 1
12/29/2023 11:04:28 - DEBUG - __main__ -   label: 3
12/29/2023 11:04:28 - DEBUG - __main__ -   pred: 2
12/29/2023 11:04:28 - DEBUG - __main__ -   label: 1
12/29/2023 11:04:28 - DEBUG - __main__ -   pred: 2
12/29/2023 11:04:28 - DEBUG - __main__ -   label: 0
12/29/2023 11:04:28 - DEBUG - __main__ -   pred: 1
12/29/2023 11:04:28 - DEBUG - __main__ -   label: 0
12/29/2023 11:04:28 - DEBUG - __main__ -   pred: 2
12/29/2023 11:04:28 - DEBUG - __main__ -   label: 2
12/29/2023 11:04:28 - DEBUG - __main__ -   pred: 2
12/29/2023 11:04:28 - DEBUG - __main__ -   label: 0
12/29/2023 11:04:28 - DEBUG - __main__ -   pred: 1
12/29/2023 11:04:28 - DEBUG - __main__ -   label: 1
12/29/2023 11:04:28 - DEBUG - __main__ -   pred: 1
12/29/2023 11:04:28 - DEBUG - __main__ -   label: 3
12/29/2023 11:04:28 - DEBUG - __main__ -   pred: 2
12/29/2023 11:04:28 - DEBUG - __main__ -   label: 2
12/29/2023 11:04:28 - DEBUG - __main__ -   pred: 2
12/29/2023 11:04:28 - DEBUG - __main__ -   label: 1
12/29/2023 11:04:28 - DEBUG - __main__ -   pred: 2
12/29/2023 11:04:28 - DEBUG - __main__ -   label: 2
12/29/2023 11:04:28 - DEBUG - __main__ -   pred: 3
12/29/2023 11:04:28 - DEBUG - __main__ -   label: 2
12/29/2023 11:04:28 - DEBUG - __main__ -   pred: 3
12/29/2023 11:04:28 - DEBUG - __main__ -   label: 3
12/29/2023 11:04:28 - DEBUG - __main__ -   pred: 3
12/29/2023 11:04:28 - DEBUG - __main__ -   label: 2
12/29/2023 11:04:28 - DEBUG - __main__ -   pred: 3
12/29/2023 11:04:28 - DEBUG - __main__ -   label: 3
12/29/2023 11:04:28 - DEBUG - __main__ -   pred: 2
12/29/2023 11:04:28 - DEBUG - __main__ -   label: 3
12/29/2023 11:04:28 - DEBUG - __main__ -   pred: 3
12/29/2023 11:04:28 - DEBUG - __main__ -   label: 3
12/29/2023 11:04:28 - DEBUG - __main__ -   pred: 2
12/29/2023 11:04:28 - DEBUG - __main__ -   label: 2
12/29/2023 11:04:28 - DEBUG - __main__ -   pred: 2
12/29/2023 11:04:28 - DEBUG - __main__ -   label: 1
12/29/2023 11:04:28 - DEBUG - __main__ -   pred: 2
12/29/2023 11:04:28 - DEBUG - __main__ -   label: 3
12/29/2023 11:04:28 - DEBUG - __main__ -   pred: 1
12/29/2023 11:04:28 - DEBUG - __main__ -   label: 2
12/29/2023 11:04:28 - DEBUG - __main__ -   pred: 1
12/29/2023 11:04:28 - DEBUG - __main__ -   label: 2
12/29/2023 11:04:28 - DEBUG - __main__ -   pred: 1
12/29/2023 11:04:28 - DEBUG - __main__ -   label: 2
12/29/2023 11:04:28 - DEBUG - __main__ -   pred: 1
12/29/2023 11:04:28 - DEBUG - __main__ -   label: 2
12/29/2023 11:04:28 - DEBUG - __main__ -   pred: 1
12/29/2023 11:04:28 - DEBUG - __main__ -   label: 2
12/29/2023 11:04:28 - DEBUG - __main__ -   pred: 1
12/29/2023 11:04:28 - DEBUG - __main__ -   label: 4
12/29/2023 11:04:28 - DEBUG - __main__ -   pred: 2
12/29/2023 11:04:28 - DEBUG - __main__ -   label: 3
12/29/2023 11:04:28 - DEBUG - __main__ -   pred: 2
12/29/2023 11:04:28 - DEBUG - __main__ -   label: 1
12/29/2023 11:04:28 - DEBUG - __main__ -   pred: 1
12/29/2023 11:04:28 - DEBUG - __main__ -   label: 4
12/29/2023 11:04:28 - DEBUG - __main__ -   pred: 3
12/29/2023 11:04:28 - DEBUG - __main__ -   label: 2
12/29/2023 11:04:28 - DEBUG - __main__ -   pred: 1
12/29/2023 11:04:28 - DEBUG - __main__ -   label: 2
12/29/2023 11:04:28 - DEBUG - __main__ -   pred: 2
12/29/2023 11:04:28 - DEBUG - __main__ -   label: 2
12/29/2023 11:04:28 - DEBUG - __main__ -   pred: 3
12/29/2023 11:04:28 - DEBUG - __main__ -   label: 2
12/29/2023 11:04:28 - DEBUG - __main__ -   pred: 3
12/29/2023 11:04:28 - DEBUG - __main__ -   label: 3
12/29/2023 11:04:28 - DEBUG - __main__ -   pred: 2
12/29/2023 11:04:28 - DEBUG - __main__ -   label: 2
12/29/2023 11:04:28 - DEBUG - __main__ -   pred: 1
12/29/2023 11:04:28 - DEBUG - __main__ -   label: 2
12/29/2023 11:04:28 - DEBUG - __main__ -   pred: 2
12/29/2023 11:04:28 - DEBUG - __main__ -   label: 3
12/29/2023 11:04:28 - DEBUG - __main__ -   pred: 3
12/29/2023 11:04:28 - DEBUG - __main__ -   label: 4
12/29/2023 11:04:28 - DEBUG - __main__ -   pred: 3
12/29/2023 11:04:28 - DEBUG - __main__ -   label: 2
12/29/2023 11:04:28 - DEBUG - __main__ -   pred: 1
12/29/2023 11:04:28 - DEBUG - __main__ -   label: 1
12/29/2023 11:04:28 - DEBUG - __main__ -   pred: 2
12/29/2023 11:04:28 - DEBUG - __main__ -   label: 2
12/29/2023 11:04:28 - DEBUG - __main__ -   pred: 2
12/29/2023 11:04:28 - DEBUG - __main__ -   label: 2
12/29/2023 11:04:28 - DEBUG - __main__ -   pred: 2
12/29/2023 11:04:28 - DEBUG - __main__ -   label: 3
12/29/2023 11:04:28 - DEBUG - __main__ -   pred: 2
12/29/2023 11:04:28 - DEBUG - __main__ -   label: 1
12/29/2023 11:04:28 - DEBUG - __main__ -   pred: 2
12/29/2023 11:04:28 - DEBUG - __main__ -   label: 2
12/29/2023 11:04:28 - DEBUG - __main__ -   pred: 2
12/29/2023 11:04:28 - DEBUG - __main__ -   label: 1
12/29/2023 11:04:28 - DEBUG - __main__ -   pred: 1
12/29/2023 11:04:28 - DEBUG - __main__ -   label: 2
12/29/2023 11:04:28 - DEBUG - __main__ -   pred: 2
12/29/2023 11:04:28 - DEBUG - __main__ -   label: 1
12/29/2023 11:04:28 - DEBUG - __main__ -   pred: 2
12/29/2023 11:04:28 - DEBUG - __main__ -   label: 2
12/29/2023 11:04:28 - DEBUG - __main__ -   pred: 3
12/29/2023 11:04:28 - DEBUG - __main__ -   label: 2
12/29/2023 11:04:28 - DEBUG - __main__ -   pred: 2
12/29/2023 11:04:28 - DEBUG - __main__ -   label: 2
12/29/2023 11:04:28 - DEBUG - __main__ -   pred: 3
12/29/2023 11:04:28 - DEBUG - __main__ -   label: 2
12/29/2023 11:04:28 - DEBUG - __main__ -   pred: 2
12/29/2023 11:04:28 - DEBUG - __main__ -   label: 2
12/29/2023 11:04:28 - DEBUG - __main__ -   pred: 2
12/29/2023 11:04:28 - DEBUG - __main__ -   label: 2
12/29/2023 11:04:28 - DEBUG - __main__ -   pred: 2
12/29/2023 11:04:28 - DEBUG - __main__ -   label: 3
12/29/2023 11:04:28 - DEBUG - __main__ -   pred: 3
12/29/2023 11:04:28 - DEBUG - __main__ -   label: 2
12/29/2023 11:04:28 - DEBUG - __main__ -   pred: 2
12/29/2023 11:04:28 - DEBUG - __main__ -   label: 1
12/29/2023 11:04:28 - DEBUG - __main__ -   pred: 1
12/29/2023 11:04:28 - DEBUG - __main__ -   label: 1
12/29/2023 11:04:28 - DEBUG - __main__ -   pred: 1
12/29/2023 11:04:28 - DEBUG - __main__ -   label: 3
12/29/2023 11:04:28 - DEBUG - __main__ -   pred: 3
12/29/2023 11:04:28 - DEBUG - __main__ -   label: 1
12/29/2023 11:04:28 - DEBUG - __main__ -   pred: 1
12/29/2023 11:04:28 - DEBUG - __main__ -   label: 1
12/29/2023 11:04:28 - DEBUG - __main__ -   pred: 2
12/29/2023 11:04:28 - DEBUG - __main__ -   label: 3
12/29/2023 11:04:28 - DEBUG - __main__ -   pred: 3
12/29/2023 11:04:28 - DEBUG - __main__ -   label: 1
12/29/2023 11:04:28 - DEBUG - __main__ -   pred: 1
12/29/2023 11:04:28 - DEBUG - __main__ -   label: 2
12/29/2023 11:04:28 - DEBUG - __main__ -   pred: 2
12/29/2023 11:04:28 - DEBUG - __main__ -   label: 2
12/29/2023 11:04:28 - DEBUG - __main__ -   pred: 2
12/29/2023 11:04:28 - DEBUG - __main__ -   label: 3
12/29/2023 11:04:28 - DEBUG - __main__ -   pred: 2
12/29/2023 11:04:28 - DEBUG - __main__ -   label: 1
12/29/2023 11:04:28 - DEBUG - __main__ -   pred: 2
12/29/2023 11:04:28 - DEBUG - __main__ -   label: 2
12/29/2023 11:04:28 - DEBUG - __main__ -   pred: 2
12/29/2023 11:04:28 - DEBUG - __main__ -   label: 4
12/29/2023 11:04:28 - DEBUG - __main__ -   pred: 3
12/29/2023 11:04:28 - DEBUG - __main__ -   label: 2
12/29/2023 11:04:28 - DEBUG - __main__ -   pred: 2
12/29/2023 11:04:28 - DEBUG - __main__ -   label: 1
12/29/2023 11:04:28 - DEBUG - __main__ -   pred: 2
12/29/2023 11:04:28 - DEBUG - __main__ -   label: 1
12/29/2023 11:04:28 - DEBUG - __main__ -   pred: 2
12/29/2023 11:04:28 - DEBUG - __main__ -   label: 2
12/29/2023 11:04:28 - DEBUG - __main__ -   pred: 2
12/29/2023 11:04:28 - DEBUG - __main__ -   label: 3
12/29/2023 11:04:28 - DEBUG - __main__ -   pred: 2
12/29/2023 11:04:28 - DEBUG - __main__ -   label: 3
12/29/2023 11:04:28 - DEBUG - __main__ -   pred: 3
12/29/2023 11:04:28 - DEBUG - __main__ -   label: 2
12/29/2023 11:04:28 - DEBUG - __main__ -   pred: 2
12/29/2023 11:04:28 - DEBUG - __main__ -   label: 3
12/29/2023 11:04:28 - DEBUG - __main__ -   pred: 3
12/29/2023 11:04:28 - DEBUG - __main__ -   label: 2
12/29/2023 11:04:28 - DEBUG - __main__ -   pred: 3
12/29/2023 11:04:28 - DEBUG - __main__ -   label: 2
12/29/2023 11:04:28 - DEBUG - __main__ -   pred: 2
12/29/2023 11:04:28 - DEBUG - __main__ -   label: 1
12/29/2023 11:04:28 - DEBUG - __main__ -   pred: 2
12/29/2023 11:04:28 - DEBUG - __main__ -   label: 2
12/29/2023 11:04:28 - DEBUG - __main__ -   pred: 3
12/29/2023 11:04:28 - DEBUG - __main__ -   label: 1
12/29/2023 11:04:28 - DEBUG - __main__ -   pred: 2
12/29/2023 11:04:28 - DEBUG - __main__ -   label: 2
12/29/2023 11:04:28 - DEBUG - __main__ -   pred: 2
12/29/2023 11:04:28 - DEBUG - __main__ -   label: 2
12/29/2023 11:04:28 - DEBUG - __main__ -   pred: 2
12/29/2023 11:04:28 - DEBUG - __main__ -   label: 1
12/29/2023 11:04:28 - DEBUG - __main__ -   pred: 2
12/29/2023 11:04:28 - DEBUG - __main__ -   label: 1
12/29/2023 11:04:28 - DEBUG - __main__ -   pred: 2
12/29/2023 11:04:28 - DEBUG - __main__ -   label: 2
12/29/2023 11:04:28 - DEBUG - __main__ -   pred: 2
12/29/2023 11:04:28 - DEBUG - __main__ -   label: 2
12/29/2023 11:04:28 - DEBUG - __main__ -   pred: 2
12/29/2023 11:04:28 - DEBUG - __main__ -   label: 1
12/29/2023 11:04:28 - DEBUG - __main__ -   pred: 2
12/29/2023 11:04:28 - DEBUG - __main__ -   label: 2
12/29/2023 11:04:28 - DEBUG - __main__ -   pred: 2
12/29/2023 11:04:28 - DEBUG - __main__ -   label: 2
12/29/2023 11:04:28 - DEBUG - __main__ -   pred: 1
12/29/2023 11:04:28 - DEBUG - __main__ -   label: 0
12/29/2023 11:04:28 - DEBUG - __main__ -   pred: 1
12/29/2023 11:04:28 - DEBUG - __main__ -   label: 2
12/29/2023 11:04:28 - DEBUG - __main__ -   pred: 2
12/29/2023 11:04:28 - DEBUG - __main__ -   label: 0
12/29/2023 11:04:28 - DEBUG - __main__ -   pred: 1
12/29/2023 11:04:28 - DEBUG - __main__ -   label: 1
12/29/2023 11:04:28 - DEBUG - __main__ -   pred: 2
12/29/2023 11:04:28 - DEBUG - __main__ -   label: 2
12/29/2023 11:04:28 - DEBUG - __main__ -   pred: 3
12/29/2023 11:04:28 - DEBUG - __main__ -   label: 2
12/29/2023 11:04:28 - DEBUG - __main__ -   pred: 1
12/29/2023 11:04:28 - DEBUG - __main__ -   label: 2
12/29/2023 11:04:28 - DEBUG - __main__ -   pred: 3
12/29/2023 11:04:28 - DEBUG - __main__ -   label: 2
12/29/2023 11:04:28 - DEBUG - __main__ -   pred: 2
12/29/2023 11:04:28 - DEBUG - __main__ -   label: 2
12/29/2023 11:04:28 - DEBUG - __main__ -   pred: 2
12/29/2023 11:04:28 - DEBUG - __main__ -   label: 1
12/29/2023 11:04:28 - DEBUG - __main__ -   pred: 2
12/29/2023 11:04:28 - DEBUG - __main__ -   label: 0
12/29/2023 11:04:28 - DEBUG - __main__ -   pred: 1
12/29/2023 11:04:28 - DEBUG - __main__ -   label: 3
12/29/2023 11:04:28 - DEBUG - __main__ -   pred: 2
12/29/2023 11:04:28 - DEBUG - __main__ -   label: 2
12/29/2023 11:04:28 - DEBUG - __main__ -   pred: 2
12/29/2023 11:04:28 - DEBUG - __main__ -   label: 2
12/29/2023 11:04:28 - DEBUG - __main__ -   pred: 1
12/29/2023 11:04:28 - DEBUG - __main__ -   label: 1
12/29/2023 11:04:28 - DEBUG - __main__ -   pred: 1
12/29/2023 11:04:28 - DEBUG - __main__ -   label: 1
12/29/2023 11:04:28 - DEBUG - __main__ -   pred: 1
12/29/2023 11:04:28 - DEBUG - __main__ -   label: 2
12/29/2023 11:04:28 - DEBUG - __main__ -   pred: 3
