******** Training fold 0 ********
02/09/2024 14:54:05 - DEBUG - urllib3.connectionpool -   Starting new HTTPS connection (1): huggingface.co:443
02/09/2024 14:54:06 - DEBUG - urllib3.connectionpool -   https://huggingface.co:443 "HEAD /KBLab/wav2vec2-large-voxrex-swedish/resolve/main/preprocessor_config.json HTTP/1.1" 200 0
02/09/2024 14:54:06 - DEBUG - filelock -   Attempting to acquire lock 47433438368720 on cache/models--KBLab--wav2vec2-large-voxrex-swedish/blobs/36ebe8b7c1cc967b3059f0494ae8a1069dd67655.lock
02/09/2024 14:54:06 - DEBUG - filelock -   Lock 47433438368720 acquired on cache/models--KBLab--wav2vec2-large-voxrex-swedish/blobs/36ebe8b7c1cc967b3059f0494ae8a1069dd67655.lock
02/09/2024 14:54:06 - DEBUG - urllib3.connectionpool -   https://huggingface.co:443 "GET /KBLab/wav2vec2-large-voxrex-swedish/resolve/main/preprocessor_config.json HTTP/1.1" 200 212
02/09/2024 14:54:06 - DEBUG - filelock -   Attempting to release lock 47433438368720 on cache/models--KBLab--wav2vec2-large-voxrex-swedish/blobs/36ebe8b7c1cc967b3059f0494ae8a1069dd67655.lock
02/09/2024 14:54:06 - DEBUG - filelock -   Lock 47433438368720 released on cache/models--KBLab--wav2vec2-large-voxrex-swedish/blobs/36ebe8b7c1cc967b3059f0494ae8a1069dd67655.lock
02/09/2024 14:54:06 - DEBUG - urllib3.connectionpool -   https://huggingface.co:443 "HEAD /KBLab/wav2vec2-large-voxrex-swedish/resolve/main/tokenizer_config.json HTTP/1.1" 200 0
02/09/2024 14:54:06 - DEBUG - filelock -   Attempting to acquire lock 47433450011792 on cache/models--KBLab--wav2vec2-large-voxrex-swedish/blobs/92169da5ef839418d20bd11deb1e1db05e74bf35.lock
02/09/2024 14:54:06 - DEBUG - filelock -   Lock 47433450011792 acquired on cache/models--KBLab--wav2vec2-large-voxrex-swedish/blobs/92169da5ef839418d20bd11deb1e1db05e74bf35.lock
02/09/2024 14:54:06 - DEBUG - urllib3.connectionpool -   https://huggingface.co:443 "GET /KBLab/wav2vec2-large-voxrex-swedish/resolve/main/tokenizer_config.json HTTP/1.1" 200 211
02/09/2024 14:54:06 - DEBUG - filelock -   Attempting to release lock 47433450011792 on cache/models--KBLab--wav2vec2-large-voxrex-swedish/blobs/92169da5ef839418d20bd11deb1e1db05e74bf35.lock
02/09/2024 14:54:06 - DEBUG - filelock -   Lock 47433450011792 released on cache/models--KBLab--wav2vec2-large-voxrex-swedish/blobs/92169da5ef839418d20bd11deb1e1db05e74bf35.lock
02/09/2024 14:54:06 - DEBUG - urllib3.connectionpool -   https://huggingface.co:443 "HEAD /KBLab/wav2vec2-large-voxrex-swedish/resolve/main/vocab.json HTTP/1.1" 200 0
02/09/2024 14:54:06 - DEBUG - filelock -   Attempting to acquire lock 47433464460368 on cache/models--KBLab--wav2vec2-large-voxrex-swedish/blobs/6c477f44f1c66dbdea44c2e0781ba0aeb4fa53f6.lock
02/09/2024 14:54:06 - DEBUG - filelock -   Lock 47433464460368 acquired on cache/models--KBLab--wav2vec2-large-voxrex-swedish/blobs/6c477f44f1c66dbdea44c2e0781ba0aeb4fa53f6.lock
02/09/2024 14:54:06 - DEBUG - urllib3.connectionpool -   https://huggingface.co:443 "GET /KBLab/wav2vec2-large-voxrex-swedish/resolve/main/vocab.json HTTP/1.1" 200 421
02/09/2024 14:54:06 - DEBUG - filelock -   Attempting to release lock 47433464460368 on cache/models--KBLab--wav2vec2-large-voxrex-swedish/blobs/6c477f44f1c66dbdea44c2e0781ba0aeb4fa53f6.lock
02/09/2024 14:54:06 - DEBUG - filelock -   Lock 47433464460368 released on cache/models--KBLab--wav2vec2-large-voxrex-swedish/blobs/6c477f44f1c66dbdea44c2e0781ba0aeb4fa53f6.lock
02/09/2024 14:54:07 - DEBUG - urllib3.connectionpool -   https://huggingface.co:443 "HEAD /KBLab/wav2vec2-large-voxrex-swedish/resolve/main/added_tokens.json HTTP/1.1" 404 0
02/09/2024 14:54:07 - DEBUG - urllib3.connectionpool -   https://huggingface.co:443 "HEAD /KBLab/wav2vec2-large-voxrex-swedish/resolve/main/special_tokens_map.json HTTP/1.1" 200 0
02/09/2024 14:54:07 - DEBUG - filelock -   Attempting to acquire lock 47433464460368 on cache/models--KBLab--wav2vec2-large-voxrex-swedish/blobs/25bc39604f72700b3b8e10bd69bb2f227157edd1.lock
02/09/2024 14:54:07 - DEBUG - filelock -   Lock 47433464460368 acquired on cache/models--KBLab--wav2vec2-large-voxrex-swedish/blobs/25bc39604f72700b3b8e10bd69bb2f227157edd1.lock
02/09/2024 14:54:07 - DEBUG - urllib3.connectionpool -   https://huggingface.co:443 "GET /KBLab/wav2vec2-large-voxrex-swedish/resolve/main/special_tokens_map.json HTTP/1.1" 200 85
02/09/2024 14:54:07 - DEBUG - filelock -   Attempting to release lock 47433464460368 on cache/models--KBLab--wav2vec2-large-voxrex-swedish/blobs/25bc39604f72700b3b8e10bd69bb2f227157edd1.lock
02/09/2024 14:54:07 - DEBUG - filelock -   Lock 47433464460368 released on cache/models--KBLab--wav2vec2-large-voxrex-swedish/blobs/25bc39604f72700b3b8e10bd69bb2f227157edd1.lock
02/09/2024 14:54:07 - DEBUG - __main__ -   Processor loaded. CPU mem usage: 0.39G.  Cuda 0: memory acclocated: 0 G.
02/09/2024 14:54:12 - DEBUG - __main__ -   Model loaded. CPU mem usage: 1.99G.  Cuda 0: memory acclocated: 0 G.
Wav2Vec2ForSequenceClassification(
  (wav2vec2): Wav2Vec2Model(
    (feature_extractor): Wav2Vec2FeatureEncoder(
      (conv_layers): ModuleList(
        (0): Wav2Vec2LayerNormConvLayer(
          (conv): Conv1d(1, 512, kernel_size=(10,), stride=(5,))
          (layer_norm): LayerNorm((512,), eps=1e-05, elementwise_affine=True)
          (activation): GELUActivation()
        )
        (1-4): 4 x Wav2Vec2LayerNormConvLayer(
          (conv): Conv1d(512, 512, kernel_size=(3,), stride=(2,))
          (layer_norm): LayerNorm((512,), eps=1e-05, elementwise_affine=True)
          (activation): GELUActivation()
        )
        (5-6): 2 x Wav2Vec2LayerNormConvLayer(
          (conv): Conv1d(512, 512, kernel_size=(2,), stride=(2,))
          (layer_norm): LayerNorm((512,), eps=1e-05, elementwise_affine=True)
          (activation): GELUActivation()
        )
      )
    )
    (feature_projection): Wav2Vec2FeatureProjection(
      (layer_norm): LayerNorm((512,), eps=1e-05, elementwise_affine=True)
      (projection): Linear(in_features=512, out_features=1024, bias=True)
      (dropout): Dropout(p=0.05, inplace=False)
    )
    (encoder): Wav2Vec2EncoderStableLayerNorm(
      (pos_conv_embed): Wav2Vec2PositionalConvEmbedding(
        (conv): Conv1d(1024, 1024, kernel_size=(128,), stride=(1,), padding=(64,), groups=16)
        (padding): Wav2Vec2SamePadLayer()
        (activation): GELUActivation()
      )
      (layer_norm): LayerNorm((1024,), eps=1e-05, elementwise_affine=True)
      (dropout): Dropout(p=0.05, inplace=False)
      (layers): ModuleList(
        (0-23): 24 x Wav2Vec2EncoderLayerStableLayerNorm(
          (attention): Wav2Vec2Attention(
            (k_proj): Linear(in_features=1024, out_features=1024, bias=True)
            (v_proj): Linear(in_features=1024, out_features=1024, bias=True)
            (q_proj): Linear(in_features=1024, out_features=1024, bias=True)
            (out_proj): Linear(in_features=1024, out_features=1024, bias=True)
          )
          (dropout): Dropout(p=0.05, inplace=False)
          (layer_norm): LayerNorm((1024,), eps=1e-05, elementwise_affine=True)
          (feed_forward): Wav2Vec2FeedForward(
            (intermediate_dropout): Dropout(p=0.05, inplace=False)
            (intermediate_dense): Linear(in_features=1024, out_features=4096, bias=True)
            (intermediate_act_fn): GELUActivation()
            (output_dense): Linear(in_features=4096, out_features=1024, bias=True)
            (output_dropout): Dropout(p=0.05, inplace=False)
          )
          (final_layer_norm): LayerNorm((1024,), eps=1e-05, elementwise_affine=True)
        )
      )
    )
  )
  (projector): Linear(in_features=1024, out_features=256, bias=True)
  (classifier): Linear(in_features=256, out_features=6, bias=True)
)
02/09/2024 14:54:24 - DEBUG - __main__ -   Speech loaded. N_train=1171, N_eval=371. CPU mem usage: 3.29G.  Cuda 0: memory acclocated: 0 G.
02/09/2024 14:54:33 - DEBUG - __main__ -   Feature extracted. Duration: 0:00:09 CPU mem usage: 4.49G.  Cuda 0: memory acclocated: 0 G.
02/09/2024 14:54:33 - DEBUG - augmentations.transform -   2107 instances resampled, final data size: 3278
02/09/2024 14:54:33 - DEBUG - augmentations.transform -   Apply augmentation to oversampled instances
02/09/2024 14:54:33 - DEBUG - augmentations.transform -   Max transforms: 2
02/09/2024 14:56:09 - DEBUG - augmentations.transform -   Training set (N=2107): augmented training data added. Duration: 0:01:36
02/09/2024 14:56:10 - DEBUG - augmentations.transform -   Training set (N=3278): data resampled. Duration: 0:01:36
02/09/2024 14:56:10 - DEBUG - urllib3.connectionpool -   Starting new HTTPS connection (1): s3.amazonaws.com:443
02/09/2024 14:56:10 - DEBUG - urllib3.connectionpool -   https://s3.amazonaws.com:443 "HEAD /datasets.huggingface.co/datasets/metrics/evaluate-metric/precision/evaluate-metric/precision.py HTTP/1.1" 404 0
02/09/2024 14:56:10 - DEBUG - urllib3.connectionpool -   Starting new HTTPS connection (1): huggingface.co:443
02/09/2024 14:56:10 - DEBUG - urllib3.connectionpool -   https://huggingface.co:443 "HEAD /spaces/evaluate-metric/precision/resolve/v0.4.0/precision.py HTTP/1.1" 200 0
02/09/2024 14:56:10 - DEBUG - urllib3.connectionpool -   Starting new HTTPS connection (1): s3.amazonaws.com:443
02/09/2024 14:56:11 - DEBUG - urllib3.connectionpool -   https://s3.amazonaws.com:443 "HEAD /datasets.huggingface.co/datasets/metrics/evaluate-metric/recall/evaluate-metric/recall.py HTTP/1.1" 404 0
02/09/2024 14:56:11 - DEBUG - urllib3.connectionpool -   Starting new HTTPS connection (1): huggingface.co:443
02/09/2024 14:56:11 - DEBUG - urllib3.connectionpool -   https://huggingface.co:443 "HEAD /spaces/evaluate-metric/recall/resolve/v0.4.0/recall.py HTTP/1.1" 200 0
02/09/2024 14:56:11 - DEBUG - urllib3.connectionpool -   Starting new HTTPS connection (1): s3.amazonaws.com:443
02/09/2024 14:56:12 - DEBUG - urllib3.connectionpool -   https://s3.amazonaws.com:443 "HEAD /datasets.huggingface.co/datasets/metrics/evaluate-metric/f1/evaluate-metric/f1.py HTTP/1.1" 404 0
02/09/2024 14:56:12 - DEBUG - urllib3.connectionpool -   Starting new HTTPS connection (1): huggingface.co:443
02/09/2024 14:56:12 - DEBUG - urllib3.connectionpool -   https://huggingface.co:443 "HEAD /spaces/evaluate-metric/f1/resolve/v0.4.0/f1.py HTTP/1.1" 200 0
02/09/2024 14:56:12 - DEBUG - urllib3.connectionpool -   Starting new HTTPS connection (1): s3.amazonaws.com:443
02/09/2024 14:56:12 - DEBUG - urllib3.connectionpool -   https://s3.amazonaws.com:443 "HEAD /datasets.huggingface.co/datasets/metrics/evaluate-metric/spearmanr/evaluate-metric/spearmanr.py HTTP/1.1" 404 0
02/09/2024 14:56:12 - DEBUG - urllib3.connectionpool -   Starting new HTTPS connection (1): huggingface.co:443
02/09/2024 14:56:13 - DEBUG - urllib3.connectionpool -   https://huggingface.co:443 "HEAD /spaces/evaluate-metric/spearmanr/resolve/v0.4.0/spearmanr.py HTTP/1.1" 200 0
RUNNING CCL
02/09/2024 14:56:13 - DEBUG - __main__ -   Class difficulty order: [[2, 1], [2, 1, 3, 4], [2, 1, 3, 4, 0, 5]]
02/09/2024 14:56:13 - DEBUG - __main__ -   n_epochs for each CCL phase: [3, 3, 4]
Training with classes: [2, 1]
02/09/2024 14:56:17 - DEBUG - __main__ -   Training phase 0 starts now. CPU mem usage: 7.30G.  Cuda 0: memory acclocated: 2 G.
02/09/2024 14:56:17 - DEBUG - helper.classes -   ----------- Starting epoch 1 -----------
{'loss': 0.9622, 'learning_rate': 2.3089542036910458e-05, 'epoch': 0.92}
02/09/2024 15:02:17 - DEBUG - helper.classes -   Epoch 1.0 completed, Duration: 0:05:59 Mem usage: CPU mem usage: 7.93G.  Cuda 0: memory acclocated: 10 G.
02/09/2024 15:02:49 - DEBUG - fsspec.local -   open file: /home/lunt1/.cache/huggingface/metrics/precision/default/default_experiment-1-0.arrow
02/09/2024 15:02:49 - DEBUG - fsspec.local -   open file: /home/lunt1/.cache/huggingface/metrics/recall/default/default_experiment-1-0.arrow
02/09/2024 15:02:49 - DEBUG - fsspec.local -   open file: /home/lunt1/.cache/huggingface/metrics/f1/default/default_experiment-1-0.arrow
02/09/2024 15:02:49 - DEBUG - fsspec.local -   open file: /home/lunt1/.cache/huggingface/metrics/spearmanr/default/default_experiment-1-0.arrow
02/09/2024 15:02:49 - DEBUG - fsspec.local -   open file: /home/lunt1/.cache/huggingface/metrics/precision/default/default_experiment-1-0.arrow
02/09/2024 15:02:49 - DEBUG - fsspec.local -   open file: /home/lunt1/.cache/huggingface/metrics/recall/default/default_experiment-1-0.arrow
02/09/2024 15:02:49 - DEBUG - fsspec.local -   open file: /home/lunt1/.cache/huggingface/metrics/f1/default/default_experiment-1-0.arrow
{'eval_loss': 2.5022897720336914, 'eval_precision': 0.16444469201822143, 'eval_recall': 0.22820335863814126, 'eval_f1': 0.18903022675155087, 'eval_spearmanr': 0.45480860188568034, 'eval_precision_weighted': 0.33152287501621575, 'eval_recall_weighted': 0.48787061994609165, 'eval_f1_weighted': 0.390935475676174, 'eval_runtime': 32.5693, 'eval_samples_per_second': 11.391, 'eval_steps_per_second': 5.711, 'epoch': 1.0}
02/09/2024 15:02:54 - DEBUG - helper.classes -   ----------- Starting epoch 2.0 -----------
{'loss': 0.6287, 'learning_rate': 1.2836637047163363e-05, 'epoch': 1.85}
02/09/2024 15:08:41 - DEBUG - helper.classes -   Epoch 2.0 completed, Duration: 0:05:47 Mem usage: CPU mem usage: 7.95G.  Cuda 0: memory acclocated: 10 G.
02/09/2024 15:09:13 - DEBUG - fsspec.local -   open file: /home/lunt1/.cache/huggingface/metrics/precision/default/default_experiment-1-0.arrow
02/09/2024 15:09:13 - DEBUG - fsspec.local -   open file: /home/lunt1/.cache/huggingface/metrics/recall/default/default_experiment-1-0.arrow
02/09/2024 15:09:13 - DEBUG - fsspec.local -   open file: /home/lunt1/.cache/huggingface/metrics/f1/default/default_experiment-1-0.arrow
02/09/2024 15:09:13 - DEBUG - fsspec.local -   open file: /home/lunt1/.cache/huggingface/metrics/spearmanr/default/default_experiment-1-0.arrow
02/09/2024 15:09:13 - DEBUG - fsspec.local -   open file: /home/lunt1/.cache/huggingface/metrics/precision/default/default_experiment-1-0.arrow
02/09/2024 15:09:13 - DEBUG - fsspec.local -   open file: /home/lunt1/.cache/huggingface/metrics/recall/default/default_experiment-1-0.arrow
02/09/2024 15:09:13 - DEBUG - fsspec.local -   open file: /home/lunt1/.cache/huggingface/metrics/f1/default/default_experiment-1-0.arrow
{'eval_loss': 3.0376923084259033, 'eval_precision': 0.15224828934506354, 'eval_recall': 0.23233264320220845, 'eval_f1': 0.18332755081388963, 'eval_spearmanr': 0.5134873720375589, 'eval_precision_weighted': 0.31067428354620774, 'eval_recall_weighted': 0.4582210242587601, 'eval_f1_weighted': 0.3691069444239874, 'eval_runtime': 32.3905, 'eval_samples_per_second': 11.454, 'eval_steps_per_second': 5.742, 'epoch': 2.0}
02/09/2024 15:09:18 - DEBUG - helper.classes -   ----------- Starting epoch 3.0 -----------
{'loss': 0.5438, 'learning_rate': 2.583732057416268e-06, 'epoch': 2.77}
02/09/2024 15:15:08 - DEBUG - helper.classes -   Epoch 3.0 completed, Duration: 0:05:49 Mem usage: CPU mem usage: 7.95G.  Cuda 0: memory acclocated: 10 G.
02/09/2024 15:15:40 - DEBUG - fsspec.local -   open file: /home/lunt1/.cache/huggingface/metrics/precision/default/default_experiment-1-0.arrow
02/09/2024 15:15:40 - DEBUG - fsspec.local -   open file: /home/lunt1/.cache/huggingface/metrics/recall/default/default_experiment-1-0.arrow
02/09/2024 15:15:40 - DEBUG - fsspec.local -   open file: /home/lunt1/.cache/huggingface/metrics/f1/default/default_experiment-1-0.arrow
02/09/2024 15:15:40 - DEBUG - fsspec.local -   open file: /home/lunt1/.cache/huggingface/metrics/spearmanr/default/default_experiment-1-0.arrow
02/09/2024 15:15:40 - DEBUG - fsspec.local -   open file: /home/lunt1/.cache/huggingface/metrics/precision/default/default_experiment-1-0.arrow
02/09/2024 15:15:40 - DEBUG - fsspec.local -   open file: /home/lunt1/.cache/huggingface/metrics/recall/default/default_experiment-1-0.arrow
02/09/2024 15:15:40 - DEBUG - fsspec.local -   open file: /home/lunt1/.cache/huggingface/metrics/f1/default/default_experiment-1-0.arrow
{'eval_loss': 3.4297072887420654, 'eval_precision': 0.1508087828279722, 'eval_recall': 0.22617897400506096, 'eval_f1': 0.18084291187739465, 'eval_spearmanr': 0.49668794678305433, 'eval_precision_weighted': 0.30641855582701116, 'eval_recall_weighted': 0.4528301886792453, 'eval_f1_weighted': 0.3652879759581126, 'eval_runtime': 32.3511, 'eval_samples_per_second': 11.468, 'eval_steps_per_second': 5.749, 'epoch': 3.0}
{'train_runtime': 1170.4196, 'train_samples_per_second': 2.778, 'train_steps_per_second': 1.389, 'train_loss': 0.6911333138065878, 'epoch': 3.0}
02/09/2024 15:15:48 - INFO - __main__ -   Training completed. Duration: 0:19:30
Training with classes: [2, 1, 3, 4]
02/09/2024 15:15:48 - DEBUG - __main__ -   Training phase 1 starts now. CPU mem usage: 7.93G.  Cuda 0: memory acclocated: 10 G.
02/09/2024 15:15:48 - DEBUG - helper.classes -   ----------- Starting epoch 1 -----------
{'loss': 1.9173, 'learning_rate': 2.8183694530443757e-05, 'epoch': 0.46}
{'loss': 0.9431, 'learning_rate': 2.302373581011352e-05, 'epoch': 0.93}
02/09/2024 15:26:04 - DEBUG - helper.classes -   Epoch 1.0 completed, Duration: 0:10:16 Mem usage: CPU mem usage: 7.96G.  Cuda 0: memory acclocated: 10 G.
02/09/2024 15:26:37 - DEBUG - fsspec.local -   open file: /home/lunt1/.cache/huggingface/metrics/precision/default/default_experiment-1-0.arrow
02/09/2024 15:26:37 - DEBUG - fsspec.local -   open file: /home/lunt1/.cache/huggingface/metrics/recall/default/default_experiment-1-0.arrow
02/09/2024 15:26:37 - DEBUG - fsspec.local -   open file: /home/lunt1/.cache/huggingface/metrics/f1/default/default_experiment-1-0.arrow
02/09/2024 15:26:37 - DEBUG - fsspec.local -   open file: /home/lunt1/.cache/huggingface/metrics/spearmanr/default/default_experiment-1-0.arrow
02/09/2024 15:26:37 - DEBUG - fsspec.local -   open file: /home/lunt1/.cache/huggingface/metrics/precision/default/default_experiment-1-0.arrow
02/09/2024 15:26:37 - DEBUG - fsspec.local -   open file: /home/lunt1/.cache/huggingface/metrics/recall/default/default_experiment-1-0.arrow
02/09/2024 15:26:37 - DEBUG - fsspec.local -   open file: /home/lunt1/.cache/huggingface/metrics/f1/default/default_experiment-1-0.arrow
{'eval_loss': 1.4843640327453613, 'eval_precision': 0.2998381785146491, 'eval_recall': 0.3863136424101154, 'eval_f1': 0.30518125925336426, 'eval_spearmanr': 0.5908333559743804, 'eval_precision_weighted': 0.4657215002268118, 'eval_recall_weighted': 0.46630727762803237, 'eval_f1_weighted': 0.4294198069738682, 'eval_runtime': 32.3748, 'eval_samples_per_second': 11.46, 'eval_steps_per_second': 5.745, 'epoch': 1.0}
02/09/2024 15:26:42 - DEBUG - helper.classes -   ----------- Starting epoch 2.0 -----------
{'loss': 0.7687, 'learning_rate': 1.7863777089783284e-05, 'epoch': 1.39}
{'loss': 0.7344, 'learning_rate': 1.2703818369453043e-05, 'epoch': 1.86}
02/09/2024 15:36:59 - DEBUG - helper.classes -   Epoch 2.0 completed, Duration: 0:10:17 Mem usage: CPU mem usage: 7.95G.  Cuda 0: memory acclocated: 10 G.
02/09/2024 15:37:32 - DEBUG - fsspec.local -   open file: /home/lunt1/.cache/huggingface/metrics/precision/default/default_experiment-1-0.arrow
02/09/2024 15:37:32 - DEBUG - fsspec.local -   open file: /home/lunt1/.cache/huggingface/metrics/recall/default/default_experiment-1-0.arrow
02/09/2024 15:37:32 - DEBUG - fsspec.local -   open file: /home/lunt1/.cache/huggingface/metrics/f1/default/default_experiment-1-0.arrow
02/09/2024 15:37:32 - DEBUG - fsspec.local -   open file: /home/lunt1/.cache/huggingface/metrics/spearmanr/default/default_experiment-1-0.arrow
02/09/2024 15:37:32 - DEBUG - fsspec.local -   open file: /home/lunt1/.cache/huggingface/metrics/precision/default/default_experiment-1-0.arrow
02/09/2024 15:37:32 - DEBUG - fsspec.local -   open file: /home/lunt1/.cache/huggingface/metrics/recall/default/default_experiment-1-0.arrow
02/09/2024 15:37:32 - DEBUG - fsspec.local -   open file: /home/lunt1/.cache/huggingface/metrics/f1/default/default_experiment-1-0.arrow
{'eval_loss': 1.752885103225708, 'eval_precision': 0.322289426322717, 'eval_recall': 0.41400849745582985, 'eval_f1': 0.3444821098540231, 'eval_spearmanr': 0.6647286944959001, 'eval_precision_weighted': 0.4973894271843201, 'eval_recall_weighted': 0.5067385444743935, 'eval_f1_weighted': 0.48497410576458316, 'eval_runtime': 32.3882, 'eval_samples_per_second': 11.455, 'eval_steps_per_second': 5.743, 'epoch': 2.0}
02/09/2024 15:37:37 - DEBUG - helper.classes -   ----------- Starting epoch 3.0 -----------
{'loss': 0.5989, 'learning_rate': 7.543859649122807e-06, 'epoch': 2.32}
{'loss': 0.4746, 'learning_rate': 2.3839009287925697e-06, 'epoch': 2.79}
02/09/2024 15:47:54 - DEBUG - helper.classes -   Epoch 3.0 completed, Duration: 0:10:17 Mem usage: CPU mem usage: 7.95G.  Cuda 0: memory acclocated: 10 G.
02/09/2024 15:48:27 - DEBUG - fsspec.local -   open file: /home/lunt1/.cache/huggingface/metrics/precision/default/default_experiment-1-0.arrow
02/09/2024 15:48:27 - DEBUG - fsspec.local -   open file: /home/lunt1/.cache/huggingface/metrics/recall/default/default_experiment-1-0.arrow
02/09/2024 15:48:27 - DEBUG - fsspec.local -   open file: /home/lunt1/.cache/huggingface/metrics/f1/default/default_experiment-1-0.arrow
02/09/2024 15:48:27 - DEBUG - fsspec.local -   open file: /home/lunt1/.cache/huggingface/metrics/spearmanr/default/default_experiment-1-0.arrow
02/09/2024 15:48:27 - DEBUG - fsspec.local -   open file: /home/lunt1/.cache/huggingface/metrics/precision/default/default_experiment-1-0.arrow
02/09/2024 15:48:27 - DEBUG - fsspec.local -   open file: /home/lunt1/.cache/huggingface/metrics/recall/default/default_experiment-1-0.arrow
02/09/2024 15:48:27 - DEBUG - fsspec.local -   open file: /home/lunt1/.cache/huggingface/metrics/f1/default/default_experiment-1-0.arrow
{'eval_loss': 1.949046015739441, 'eval_precision': 0.3455995343349109, 'eval_recall': 0.4029684921940914, 'eval_f1': 0.35948404987798294, 'eval_spearmanr': 0.6634416169243413, 'eval_precision_weighted': 0.4989122859636356, 'eval_recall_weighted': 0.5121293800539084, 'eval_f1_weighted': 0.4906155911756271, 'eval_runtime': 32.3622, 'eval_samples_per_second': 11.464, 'eval_steps_per_second': 5.747, 'epoch': 3.0}
{'train_runtime': 1965.865, 'train_samples_per_second': 3.286, 'train_steps_per_second': 1.644, 'train_loss': 0.8793419236112623, 'epoch': 3.0}
02/09/2024 15:48:34 - INFO - __main__ -   Training completed. Duration: 0:32:45
Training with classes: [2, 1, 3, 4, 0, 5]
02/09/2024 15:48:34 - DEBUG - __main__ -   Training phase 2 starts now. CPU mem usage: 7.93G.  Cuda 0: memory acclocated: 10 G.
02/09/2024 15:48:34 - DEBUG - helper.classes -   ----------- Starting epoch 1 -----------
{'loss': 1.8279, 'learning_rate': 2.2865853658536585e-05, 'epoch': 0.31}
{'loss': 0.6818, 'learning_rate': 2.825084745762712e-05, 'epoch': 0.61}
{'loss': 0.6069, 'learning_rate': 2.5708474576271187e-05, 'epoch': 0.92}
02/09/2024 16:03:41 - DEBUG - helper.classes -   Epoch 1.0 completed, Duration: 0:15:06 Mem usage: CPU mem usage: 7.65G.  Cuda 0: memory acclocated: 10 G.
02/09/2024 16:04:13 - DEBUG - fsspec.local -   open file: /home/lunt1/.cache/huggingface/metrics/precision/default/default_experiment-1-0.arrow
02/09/2024 16:04:13 - DEBUG - fsspec.local -   open file: /home/lunt1/.cache/huggingface/metrics/recall/default/default_experiment-1-0.arrow
02/09/2024 16:04:13 - DEBUG - fsspec.local -   open file: /home/lunt1/.cache/huggingface/metrics/f1/default/default_experiment-1-0.arrow
02/09/2024 16:04:13 - DEBUG - fsspec.local -   open file: /home/lunt1/.cache/huggingface/metrics/spearmanr/default/default_experiment-1-0.arrow
02/09/2024 16:04:13 - DEBUG - fsspec.local -   open file: /home/lunt1/.cache/huggingface/metrics/precision/default/default_experiment-1-0.arrow
02/09/2024 16:04:13 - DEBUG - fsspec.local -   open file: /home/lunt1/.cache/huggingface/metrics/recall/default/default_experiment-1-0.arrow
02/09/2024 16:04:13 - DEBUG - fsspec.local -   open file: /home/lunt1/.cache/huggingface/metrics/f1/default/default_experiment-1-0.arrow
{'eval_loss': 1.8941588401794434, 'eval_precision': 0.39506316703098876, 'eval_recall': 0.39041669695627945, 'eval_f1': 0.38790883553038596, 'eval_spearmanr': 0.6410923937957578, 'eval_precision_weighted': 0.5145898759109642, 'eval_recall_weighted': 0.5094339622641509, 'eval_f1_weighted': 0.5062739774678674, 'eval_runtime': 32.6032, 'eval_samples_per_second': 11.379, 'eval_steps_per_second': 5.705, 'epoch': 1.0}
02/09/2024 16:04:18 - DEBUG - helper.classes -   ----------- Starting epoch 2.0 -----------
{'loss': 0.4359, 'learning_rate': 2.3166101694915257e-05, 'epoch': 1.22}
{'loss': 0.3933, 'learning_rate': 2.0623728813559324e-05, 'epoch': 1.53}
{'loss': 0.3655, 'learning_rate': 1.808135593220339e-05, 'epoch': 1.83}
02/09/2024 16:19:26 - DEBUG - helper.classes -   Epoch 2.0 completed, Duration: 0:15:07 Mem usage: CPU mem usage: 7.66G.  Cuda 0: memory acclocated: 10 G.
02/09/2024 16:19:58 - DEBUG - fsspec.local -   open file: /home/lunt1/.cache/huggingface/metrics/precision/default/default_experiment-1-0.arrow
02/09/2024 16:19:58 - DEBUG - fsspec.local -   open file: /home/lunt1/.cache/huggingface/metrics/recall/default/default_experiment-1-0.arrow
02/09/2024 16:19:58 - DEBUG - fsspec.local -   open file: /home/lunt1/.cache/huggingface/metrics/f1/default/default_experiment-1-0.arrow
02/09/2024 16:19:58 - DEBUG - fsspec.local -   open file: /home/lunt1/.cache/huggingface/metrics/spearmanr/default/default_experiment-1-0.arrow
02/09/2024 16:19:58 - DEBUG - fsspec.local -   open file: /home/lunt1/.cache/huggingface/metrics/precision/default/default_experiment-1-0.arrow
02/09/2024 16:19:58 - DEBUG - fsspec.local -   open file: /home/lunt1/.cache/huggingface/metrics/recall/default/default_experiment-1-0.arrow
02/09/2024 16:19:58 - DEBUG - fsspec.local -   open file: /home/lunt1/.cache/huggingface/metrics/f1/default/default_experiment-1-0.arrow
{'eval_loss': 2.663912057876587, 'eval_precision': 0.3507174312745163, 'eval_recall': 0.3146936091592013, 'eval_f1': 0.3225691408700463, 'eval_spearmanr': 0.6396908931142705, 'eval_precision_weighted': 0.4993859599826299, 'eval_recall_weighted': 0.522911051212938, 'eval_f1_weighted': 0.5032900888725375, 'eval_runtime': 32.3527, 'eval_samples_per_second': 11.467, 'eval_steps_per_second': 5.749, 'epoch': 2.0}
02/09/2024 16:20:03 - DEBUG - helper.classes -   ----------- Starting epoch 3.0 -----------
{'loss': 0.2617, 'learning_rate': 1.553898305084746e-05, 'epoch': 2.14}
{'loss': 0.1971, 'learning_rate': 1.2996610169491526e-05, 'epoch': 2.44}
{'loss': 0.2157, 'learning_rate': 1.0454237288135594e-05, 'epoch': 2.75}
02/09/2024 16:35:12 - DEBUG - helper.classes -   Epoch 3.0 completed, Duration: 0:15:09 Mem usage: CPU mem usage: 7.66G.  Cuda 0: memory acclocated: 10 G.
02/09/2024 16:35:45 - DEBUG - fsspec.local -   open file: /home/lunt1/.cache/huggingface/metrics/precision/default/default_experiment-1-0.arrow
02/09/2024 16:35:45 - DEBUG - fsspec.local -   open file: /home/lunt1/.cache/huggingface/metrics/recall/default/default_experiment-1-0.arrow
02/09/2024 16:35:45 - DEBUG - fsspec.local -   open file: /home/lunt1/.cache/huggingface/metrics/f1/default/default_experiment-1-0.arrow
02/09/2024 16:35:45 - DEBUG - fsspec.local -   open file: /home/lunt1/.cache/huggingface/metrics/spearmanr/default/default_experiment-1-0.arrow
02/09/2024 16:35:45 - DEBUG - fsspec.local -   open file: /home/lunt1/.cache/huggingface/metrics/precision/default/default_experiment-1-0.arrow
02/09/2024 16:35:45 - DEBUG - fsspec.local -   open file: /home/lunt1/.cache/huggingface/metrics/recall/default/default_experiment-1-0.arrow
02/09/2024 16:35:45 - DEBUG - fsspec.local -   open file: /home/lunt1/.cache/huggingface/metrics/f1/default/default_experiment-1-0.arrow
{'eval_loss': 3.1183457374572754, 'eval_precision': 0.4013066739413302, 'eval_recall': 0.3844965960769208, 'eval_f1': 0.38725579924047066, 'eval_spearmanr': 0.67596162519084, 'eval_precision_weighted': 0.5313685639444836, 'eval_recall_weighted': 0.5390835579514824, 'eval_f1_weighted': 0.5293792769101998, 'eval_runtime': 32.3683, 'eval_samples_per_second': 11.462, 'eval_steps_per_second': 5.746, 'epoch': 3.0}
02/09/2024 16:35:50 - DEBUG - helper.classes -   ----------- Starting epoch 4.0 -----------
{'loss': 0.2769, 'learning_rate': 7.911864406779661e-06, 'epoch': 3.05}
{'loss': 0.1717, 'learning_rate': 5.3694915254237296e-06, 'epoch': 3.36}
{'loss': 0.1426, 'learning_rate': 2.827118644067797e-06, 'epoch': 3.66}
{'loss': 0.1705, 'learning_rate': 2.847457627118644e-07, 'epoch': 3.97}
02/09/2024 16:51:01 - DEBUG - helper.classes -   Epoch 4.0 completed, Duration: 0:15:11 Mem usage: CPU mem usage: 7.66G.  Cuda 0: memory acclocated: 10 G.
02/09/2024 16:51:34 - DEBUG - fsspec.local -   open file: /home/lunt1/.cache/huggingface/metrics/precision/default/default_experiment-1-0.arrow
02/09/2024 16:51:34 - DEBUG - fsspec.local -   open file: /home/lunt1/.cache/huggingface/metrics/recall/default/default_experiment-1-0.arrow
02/09/2024 16:51:34 - DEBUG - fsspec.local -   open file: /home/lunt1/.cache/huggingface/metrics/f1/default/default_experiment-1-0.arrow
02/09/2024 16:51:34 - DEBUG - fsspec.local -   open file: /home/lunt1/.cache/huggingface/metrics/spearmanr/default/default_experiment-1-0.arrow
02/09/2024 16:51:34 - DEBUG - fsspec.local -   open file: /home/lunt1/.cache/huggingface/metrics/precision/default/default_experiment-1-0.arrow
02/09/2024 16:51:34 - DEBUG - fsspec.local -   open file: /home/lunt1/.cache/huggingface/metrics/recall/default/default_experiment-1-0.arrow
02/09/2024 16:51:34 - DEBUG - fsspec.local -   open file: /home/lunt1/.cache/huggingface/metrics/f1/default/default_experiment-1-0.arrow
{'eval_loss': 3.193507432937622, 'eval_precision': 0.40077467690172613, 'eval_recall': 0.3912636732032438, 'eval_f1': 0.3926026706979089, 'eval_spearmanr': 0.6748216550824979, 'eval_precision_weighted': 0.5510555211877514, 'eval_recall_weighted': 0.5660377358490567, 'eval_f1_weighted': 0.5530909290940096, 'eval_runtime': 32.3649, 'eval_samples_per_second': 11.463, 'eval_steps_per_second': 5.747, 'epoch': 4.0}
{'train_runtime': 3787.3435, 'train_samples_per_second': 3.462, 'train_steps_per_second': 1.731, 'train_loss': 0.44085286840423715, 'epoch': 4.0}
02/09/2024 16:51:41 - INFO - __main__ -   Training completed. Duration: 1:03:07
02/09/2024 16:52:13 - DEBUG - fsspec.local -   open file: /home/lunt1/.cache/huggingface/metrics/precision/default/default_experiment-1-0.arrow
02/09/2024 16:52:13 - DEBUG - fsspec.local -   open file: /home/lunt1/.cache/huggingface/metrics/recall/default/default_experiment-1-0.arrow
02/09/2024 16:52:13 - DEBUG - fsspec.local -   open file: /home/lunt1/.cache/huggingface/metrics/f1/default/default_experiment-1-0.arrow
02/09/2024 16:52:13 - DEBUG - fsspec.local -   open file: /home/lunt1/.cache/huggingface/metrics/spearmanr/default/default_experiment-1-0.arrow
02/09/2024 16:52:13 - DEBUG - fsspec.local -   open file: /home/lunt1/.cache/huggingface/metrics/precision/default/default_experiment-1-0.arrow
02/09/2024 16:52:13 - DEBUG - fsspec.local -   open file: /home/lunt1/.cache/huggingface/metrics/recall/default/default_experiment-1-0.arrow
02/09/2024 16:52:13 - DEBUG - fsspec.local -   open file: /home/lunt1/.cache/huggingface/metrics/f1/default/default_experiment-1-0.arrow
02/09/2024 16:52:13 - DEBUG - fsspec.local -   open file: /home/lunt1/.cache/huggingface/metrics/precision/default/default_experiment-1-0.arrow
02/09/2024 16:52:13 - DEBUG - fsspec.local -   open file: /home/lunt1/.cache/huggingface/metrics/recall/default/default_experiment-1-0.arrow
02/09/2024 16:52:13 - DEBUG - fsspec.local -   open file: /home/lunt1/.cache/huggingface/metrics/f1/default/default_experiment-1-0.arrow
02/09/2024 16:52:13 - DEBUG - fsspec.local -   open file: /home/lunt1/.cache/huggingface/metrics/spearmanr/default/default_experiment-1-0.arrow
02/09/2024 16:52:13 - DEBUG - fsspec.local -   open file: /home/lunt1/.cache/huggingface/metrics/precision/default/default_experiment-1-0.arrow
02/09/2024 16:52:13 - DEBUG - fsspec.local -   open file: /home/lunt1/.cache/huggingface/metrics/recall/default/default_experiment-1-0.arrow
02/09/2024 16:52:13 - DEBUG - fsspec.local -   open file: /home/lunt1/.cache/huggingface/metrics/f1/default/default_experiment-1-0.arrow
02/09/2024 16:52:13 - DEBUG - __main__ -   label: 2
02/09/2024 16:52:13 - DEBUG - __main__ -   pred: 2
02/09/2024 16:52:13 - DEBUG - __main__ -   label: 2
02/09/2024 16:52:13 - DEBUG - __main__ -   pred: 2
02/09/2024 16:52:13 - DEBUG - __main__ -   label: 2
02/09/2024 16:52:13 - DEBUG - __main__ -   pred: 2
02/09/2024 16:52:13 - DEBUG - __main__ -   label: 2
02/09/2024 16:52:13 - DEBUG - __main__ -   pred: 2
02/09/2024 16:52:13 - DEBUG - __main__ -   label: 2
02/09/2024 16:52:13 - DEBUG - __main__ -   pred: 2
02/09/2024 16:52:13 - DEBUG - __main__ -   label: 1
02/09/2024 16:52:13 - DEBUG - __main__ -   pred: 1
02/09/2024 16:52:13 - DEBUG - __main__ -   label: 2
02/09/2024 16:52:13 - DEBUG - __main__ -   pred: 2
02/09/2024 16:52:13 - DEBUG - __main__ -   label: 0
02/09/2024 16:52:13 - DEBUG - __main__ -   pred: 2
02/09/2024 16:52:13 - DEBUG - __main__ -   label: 3
02/09/2024 16:52:13 - DEBUG - __main__ -   pred: 2
02/09/2024 16:52:13 - DEBUG - __main__ -   label: 1
02/09/2024 16:52:13 - DEBUG - __main__ -   pred: 1
02/09/2024 16:52:13 - DEBUG - __main__ -   label: 1
02/09/2024 16:52:13 - DEBUG - __main__ -   pred: 2
02/09/2024 16:52:13 - DEBUG - __main__ -   label: 2
02/09/2024 16:52:13 - DEBUG - __main__ -   pred: 2
02/09/2024 16:52:13 - DEBUG - __main__ -   label: 2
02/09/2024 16:52:13 - DEBUG - __main__ -   pred: 1
02/09/2024 16:52:13 - DEBUG - __main__ -   label: 2
02/09/2024 16:52:13 - DEBUG - __main__ -   pred: 2
02/09/2024 16:52:13 - DEBUG - __main__ -   label: 1
02/09/2024 16:52:13 - DEBUG - __main__ -   pred: 1
02/09/2024 16:52:13 - DEBUG - __main__ -   label: 2
02/09/2024 16:52:13 - DEBUG - __main__ -   pred: 2
02/09/2024 16:52:13 - DEBUG - __main__ -   label: 1
02/09/2024 16:52:13 - DEBUG - __main__ -   pred: 2
02/09/2024 16:52:13 - DEBUG - __main__ -   label: 3
02/09/2024 16:52:13 - DEBUG - __main__ -   pred: 2
02/09/2024 16:52:13 - DEBUG - __main__ -   label: 2
02/09/2024 16:52:13 - DEBUG - __main__ -   pred: 2
02/09/2024 16:52:13 - DEBUG - __main__ -   label: 1
02/09/2024 16:52:13 - DEBUG - __main__ -   pred: 2
02/09/2024 16:52:13 - DEBUG - __main__ -   label: 2
02/09/2024 16:52:13 - DEBUG - __main__ -   pred: 2
02/09/2024 16:52:13 - DEBUG - __main__ -   label: 2
02/09/2024 16:52:13 - DEBUG - __main__ -   pred: 2
02/09/2024 16:52:13 - DEBUG - __main__ -   label: 1
02/09/2024 16:52:13 - DEBUG - __main__ -   pred: 2
02/09/2024 16:52:13 - DEBUG - __main__ -   label: 2
02/09/2024 16:52:13 - DEBUG - __main__ -   pred: 3
02/09/2024 16:52:13 - DEBUG - __main__ -   label: 1
02/09/2024 16:52:13 - DEBUG - __main__ -   pred: 1
02/09/2024 16:52:13 - DEBUG - __main__ -   label: 2
02/09/2024 16:52:13 - DEBUG - __main__ -   pred: 3
02/09/2024 16:52:13 - DEBUG - __main__ -   label: 1
02/09/2024 16:52:13 - DEBUG - __main__ -   pred: 1
02/09/2024 16:52:13 - DEBUG - __main__ -   label: 1
02/09/2024 16:52:13 - DEBUG - __main__ -   pred: 1
02/09/2024 16:52:13 - DEBUG - __main__ -   label: 2
02/09/2024 16:52:13 - DEBUG - __main__ -   pred: 2
02/09/2024 16:52:13 - DEBUG - __main__ -   label: 3
02/09/2024 16:52:13 - DEBUG - __main__ -   pred: 2
02/09/2024 16:52:13 - DEBUG - __main__ -   label: 2
02/09/2024 16:52:13 - DEBUG - __main__ -   pred: 2
02/09/2024 16:52:13 - DEBUG - __main__ -   label: 1
02/09/2024 16:52:13 - DEBUG - __main__ -   pred: 1
02/09/2024 16:52:13 - DEBUG - __main__ -   label: 1
02/09/2024 16:52:13 - DEBUG - __main__ -   pred: 1
02/09/2024 16:52:13 - DEBUG - __main__ -   label: 1
02/09/2024 16:52:13 - DEBUG - __main__ -   pred: 1
02/09/2024 16:52:13 - DEBUG - __main__ -   label: 1
02/09/2024 16:52:13 - DEBUG - __main__ -   pred: 1
02/09/2024 16:52:13 - DEBUG - __main__ -   label: 2
02/09/2024 16:52:13 - DEBUG - __main__ -   pred: 2
02/09/2024 16:52:13 - DEBUG - __main__ -   label: 2
02/09/2024 16:52:13 - DEBUG - __main__ -   pred: 1
02/09/2024 16:52:13 - DEBUG - __main__ -   label: 2
02/09/2024 16:52:13 - DEBUG - __main__ -   pred: 3
02/09/2024 16:52:13 - DEBUG - __main__ -   label: 3
02/09/2024 16:52:13 - DEBUG - __main__ -   pred: 2
02/09/2024 16:52:13 - DEBUG - __main__ -   label: 4
02/09/2024 16:52:13 - DEBUG - __main__ -   pred: 3
02/09/2024 16:52:13 - DEBUG - __main__ -   label: 2
02/09/2024 16:52:13 - DEBUG - __main__ -   pred: 3
02/09/2024 16:52:13 - DEBUG - __main__ -   label: 2
02/09/2024 16:52:13 - DEBUG - __main__ -   pred: 2
02/09/2024 16:52:13 - DEBUG - __main__ -   label: 3
02/09/2024 16:52:13 - DEBUG - __main__ -   pred: 4
02/09/2024 16:52:13 - DEBUG - __main__ -   label: 3
02/09/2024 16:52:13 - DEBUG - __main__ -   pred: 3
02/09/2024 16:52:13 - DEBUG - __main__ -   label: 3
02/09/2024 16:52:13 - DEBUG - __main__ -   pred: 3
02/09/2024 16:52:13 - DEBUG - __main__ -   label: 2
02/09/2024 16:52:13 - DEBUG - __main__ -   pred: 2
02/09/2024 16:52:13 - DEBUG - __main__ -   label: 3
02/09/2024 16:52:13 - DEBUG - __main__ -   pred: 3
02/09/2024 16:52:13 - DEBUG - __main__ -   label: 3
02/09/2024 16:52:13 - DEBUG - __main__ -   pred: 3
02/09/2024 16:52:13 - DEBUG - __main__ -   label: 3
02/09/2024 16:52:13 - DEBUG - __main__ -   pred: 2
02/09/2024 16:52:13 - DEBUG - __main__ -   label: 3
02/09/2024 16:52:13 - DEBUG - __main__ -   pred: 2
02/09/2024 16:52:13 - DEBUG - __main__ -   label: 2
02/09/2024 16:52:13 - DEBUG - __main__ -   pred: 2
02/09/2024 16:52:13 - DEBUG - __main__ -   label: 3
02/09/2024 16:52:13 - DEBUG - __main__ -   pred: 3
02/09/2024 16:52:13 - DEBUG - __main__ -   label: 2
02/09/2024 16:52:13 - DEBUG - __main__ -   pred: 2
02/09/2024 16:52:13 - DEBUG - __main__ -   label: 3
02/09/2024 16:52:13 - DEBUG - __main__ -   pred: 2
02/09/2024 16:52:13 - DEBUG - __main__ -   label: 2
02/09/2024 16:52:13 - DEBUG - __main__ -   pred: 3
02/09/2024 16:52:13 - DEBUG - __main__ -   label: 2
02/09/2024 16:52:13 - DEBUG - __main__ -   pred: 2
02/09/2024 16:52:13 - DEBUG - __main__ -   label: 2
02/09/2024 16:52:13 - DEBUG - __main__ -   pred: 2
02/09/2024 16:52:13 - DEBUG - __main__ -   label: 2
02/09/2024 16:52:13 - DEBUG - __main__ -   pred: 1
02/09/2024 16:52:13 - DEBUG - __main__ -   label: 2
02/09/2024 16:52:13 - DEBUG - __main__ -   pred: 2
02/09/2024 16:52:13 - DEBUG - __main__ -   label: 1
02/09/2024 16:52:13 - DEBUG - __main__ -   pred: 1
02/09/2024 16:52:13 - DEBUG - __main__ -   label: 2
02/09/2024 16:52:13 - DEBUG - __main__ -   pred: 2
02/09/2024 16:52:13 - DEBUG - __main__ -   label: 2
02/09/2024 16:52:13 - DEBUG - __main__ -   pred: 3
02/09/2024 16:52:13 - DEBUG - __main__ -   label: 2
02/09/2024 16:52:13 - DEBUG - __main__ -   pred: 2
02/09/2024 16:52:13 - DEBUG - __main__ -   label: 1
02/09/2024 16:52:13 - DEBUG - __main__ -   pred: 2
02/09/2024 16:52:13 - DEBUG - __main__ -   label: 2
02/09/2024 16:52:13 - DEBUG - __main__ -   pred: 2
02/09/2024 16:52:13 - DEBUG - __main__ -   label: 2
02/09/2024 16:52:13 - DEBUG - __main__ -   pred: 2
02/09/2024 16:52:13 - DEBUG - __main__ -   label: 1
02/09/2024 16:52:13 - DEBUG - __main__ -   pred: 1
02/09/2024 16:52:13 - DEBUG - __main__ -   label: 2
02/09/2024 16:52:13 - DEBUG - __main__ -   pred: 1
02/09/2024 16:52:13 - DEBUG - __main__ -   label: 2
02/09/2024 16:52:13 - DEBUG - __main__ -   pred: 2
02/09/2024 16:52:13 - DEBUG - __main__ -   label: 2
02/09/2024 16:52:13 - DEBUG - __main__ -   pred: 2
02/09/2024 16:52:13 - DEBUG - __main__ -   label: 3
02/09/2024 16:52:13 - DEBUG - __main__ -   pred: 2
02/09/2024 16:52:13 - DEBUG - __main__ -   label: 3
02/09/2024 16:52:13 - DEBUG - __main__ -   pred: 2
02/09/2024 16:52:13 - DEBUG - __main__ -   label: 2
02/09/2024 16:52:13 - DEBUG - __main__ -   pred: 2
02/09/2024 16:52:13 - DEBUG - __main__ -   label: 1
02/09/2024 16:52:13 - DEBUG - __main__ -   pred: 1
02/09/2024 16:52:13 - DEBUG - __main__ -   label: 1
02/09/2024 16:52:13 - DEBUG - __main__ -   pred: 1
02/09/2024 16:52:13 - DEBUG - __main__ -   label: 2
02/09/2024 16:52:13 - DEBUG - __main__ -   pred: 2
02/09/2024 16:52:13 - DEBUG - __main__ -   label: 2
02/09/2024 16:52:13 - DEBUG - __main__ -   pred: 2
02/09/2024 16:52:13 - DEBUG - __main__ -   label: 1
02/09/2024 16:52:13 - DEBUG - __main__ -   pred: 1
02/09/2024 16:52:13 - DEBUG - __main__ -   label: 3
02/09/2024 16:52:13 - DEBUG - __main__ -   pred: 2
02/09/2024 16:52:13 - DEBUG - __main__ -   label: 0
02/09/2024 16:52:13 - DEBUG - __main__ -   pred: 2
02/09/2024 16:52:13 - DEBUG - __main__ -   label: 2
02/09/2024 16:52:13 - DEBUG - __main__ -   pred: 1
02/09/2024 16:52:13 - DEBUG - __main__ -   label: 2
02/09/2024 16:52:13 - DEBUG - __main__ -   pred: 1
02/09/2024 16:52:13 - DEBUG - __main__ -   label: 2
02/09/2024 16:52:13 - DEBUG - __main__ -   pred: 2
02/09/2024 16:52:13 - DEBUG - __main__ -   label: 2
02/09/2024 16:52:13 - DEBUG - __main__ -   pred: 2
02/09/2024 16:52:13 - DEBUG - __main__ -   label: 2
02/09/2024 16:52:13 - DEBUG - __main__ -   pred: 2
02/09/2024 16:52:13 - DEBUG - __main__ -   label: 2
02/09/2024 16:52:13 - DEBUG - __main__ -   pred: 1
02/09/2024 16:52:13 - DEBUG - __main__ -   label: 2
02/09/2024 16:52:13 - DEBUG - __main__ -   pred: 1
02/09/2024 16:52:13 - DEBUG - __main__ -   label: 0
02/09/2024 16:52:13 - DEBUG - __main__ -   pred: 1
02/09/2024 16:52:13 - DEBUG - __main__ -   label: 2
02/09/2024 16:52:13 - DEBUG - __main__ -   pred: 1
02/09/2024 16:52:13 - DEBUG - __main__ -   label: 1
02/09/2024 16:52:13 - DEBUG - __main__ -   pred: 1
02/09/2024 16:52:13 - DEBUG - __main__ -   label: 1
02/09/2024 16:52:13 - DEBUG - __main__ -   pred: 1
02/09/2024 16:52:13 - DEBUG - __main__ -   label: 1
02/09/2024 16:52:13 - DEBUG - __main__ -   pred: 1
02/09/2024 16:52:13 - DEBUG - __main__ -   label: 2
02/09/2024 16:52:13 - DEBUG - __main__ -   pred: 1
02/09/2024 16:52:13 - DEBUG - __main__ -   label: 1
02/09/2024 16:52:13 - DEBUG - __main__ -   pred: 1
02/09/2024 16:52:13 - DEBUG - __main__ -   label: 1
02/09/2024 16:52:13 - DEBUG - __main__ -   pred: 1
02/09/2024 16:52:13 - DEBUG - __main__ -   label: 1
02/09/2024 16:52:13 - DEBUG - __main__ -   pred: 0
02/09/2024 16:52:13 - DEBUG - __main__ -   label: 2
02/09/2024 16:52:13 - DEBUG - __main__ -   pred: 0
02/09/2024 16:52:13 - DEBUG - __main__ -   label: 1
02/09/2024 16:52:13 - DEBUG - __main__ -   pred: 1
02/09/2024 16:52:13 - DEBUG - __main__ -   label: 0
02/09/2024 16:52:13 - DEBUG - __main__ -   pred: 1
02/09/2024 16:52:13 - DEBUG - __main__ -   label: 0
02/09/2024 16:52:13 - DEBUG - __main__ -   pred: 1
02/09/2024 16:52:13 - DEBUG - __main__ -   label: 1
02/09/2024 16:52:13 - DEBUG - __main__ -   pred: 0
02/09/2024 16:52:13 - DEBUG - __main__ -   label: 1
02/09/2024 16:52:13 - DEBUG - __main__ -   pred: 1
02/09/2024 16:52:13 - DEBUG - __main__ -   label: 1
02/09/2024 16:52:13 - DEBUG - __main__ -   pred: 1
02/09/2024 16:52:13 - DEBUG - __main__ -   label: 2
02/09/2024 16:52:13 - DEBUG - __main__ -   pred: 1
02/09/2024 16:52:13 - DEBUG - __main__ -   label: 1
02/09/2024 16:52:13 - DEBUG - __main__ -   pred: 1
02/09/2024 16:52:13 - DEBUG - __main__ -   label: 1
02/09/2024 16:52:13 - DEBUG - __main__ -   pred: 1
02/09/2024 16:52:13 - DEBUG - __main__ -   label: 3
02/09/2024 16:52:13 - DEBUG - __main__ -   pred: 2
02/09/2024 16:52:13 - DEBUG - __main__ -   label: 2
02/09/2024 16:52:13 - DEBUG - __main__ -   pred: 2
02/09/2024 16:52:13 - DEBUG - __main__ -   label: 2
02/09/2024 16:52:13 - DEBUG - __main__ -   pred: 2
02/09/2024 16:52:13 - DEBUG - __main__ -   label: 2
02/09/2024 16:52:13 - DEBUG - __main__ -   pred: 2
02/09/2024 16:52:13 - DEBUG - __main__ -   label: 2
02/09/2024 16:52:13 - DEBUG - __main__ -   pred: 1
02/09/2024 16:52:13 - DEBUG - __main__ -   label: 1
02/09/2024 16:52:13 - DEBUG - __main__ -   pred: 2
02/09/2024 16:52:13 - DEBUG - __main__ -   label: 1
02/09/2024 16:52:13 - DEBUG - __main__ -   pred: 2
02/09/2024 16:52:13 - DEBUG - __main__ -   label: 0
02/09/2024 16:52:13 - DEBUG - __main__ -   pred: 1
02/09/2024 16:52:13 - DEBUG - __main__ -   label: 4
02/09/2024 16:52:13 - DEBUG - __main__ -   pred: 4
02/09/2024 16:52:13 - DEBUG - __main__ -   label: 5
02/09/2024 16:52:13 - DEBUG - __main__ -   pred: 4
02/09/2024 16:52:13 - DEBUG - __main__ -   label: 3
02/09/2024 16:52:13 - DEBUG - __main__ -   pred: 2
02/09/2024 16:52:13 - DEBUG - __main__ -   label: 2
02/09/2024 16:52:13 - DEBUG - __main__ -   pred: 2
02/09/2024 16:52:13 - DEBUG - __main__ -   label: 3
02/09/2024 16:52:13 - DEBUG - __main__ -   pred: 2
02/09/2024 16:52:13 - DEBUG - __main__ -   label: 4
02/09/2024 16:52:13 - DEBUG - __main__ -   pred: 5
02/09/2024 16:52:13 - DEBUG - __main__ -   label: 4
02/09/2024 16:52:13 - DEBUG - __main__ -   pred: 4
02/09/2024 16:52:13 - DEBUG - __main__ -   label: 3
02/09/2024 16:52:13 - DEBUG - __main__ -   pred: 3
02/09/2024 16:52:13 - DEBUG - __main__ -   label: 3
02/09/2024 16:52:13 - DEBUG - __main__ -   pred: 4
02/09/2024 16:52:13 - DEBUG - __main__ -   label: 3
02/09/2024 16:52:13 - DEBUG - __main__ -   pred: 2
02/09/2024 16:52:13 - DEBUG - __main__ -   label: 3
02/09/2024 16:52:13 - DEBUG - __main__ -   pred: 3
02/09/2024 16:52:13 - DEBUG - __main__ -   label: 3
02/09/2024 16:52:13 - DEBUG - __main__ -   pred: 3
02/09/2024 16:52:13 - DEBUG - __main__ -   label: 4
02/09/2024 16:52:13 - DEBUG - __main__ -   pred: 4
02/09/2024 16:52:13 - DEBUG - __main__ -   label: 4
02/09/2024 16:52:13 - DEBUG - __main__ -   pred: 4
02/09/2024 16:52:13 - DEBUG - __main__ -   label: 4
02/09/2024 16:52:13 - DEBUG - __main__ -   pred: 4
02/09/2024 16:52:13 - DEBUG - __main__ -   label: 3
02/09/2024 16:52:13 - DEBUG - __main__ -   pred: 3
02/09/2024 16:52:13 - DEBUG - __main__ -   label: 3
02/09/2024 16:52:13 - DEBUG - __main__ -   pred: 3
02/09/2024 16:52:13 - DEBUG - __main__ -   label: 5
02/09/2024 16:52:13 - DEBUG - __main__ -   pred: 4
02/09/2024 16:52:13 - DEBUG - __main__ -   label: 4
02/09/2024 16:52:13 - DEBUG - __main__ -   pred: 4
02/09/2024 16:52:13 - DEBUG - __main__ -   label: 4
02/09/2024 16:52:13 - DEBUG - __main__ -   pred: 4
02/09/2024 16:52:13 - DEBUG - __main__ -   label: 3
02/09/2024 16:52:13 - DEBUG - __main__ -   pred: 2
02/09/2024 16:52:13 - DEBUG - __main__ -   label: 4
02/09/2024 16:52:13 - DEBUG - __main__ -   pred: 4
02/09/2024 16:52:13 - DEBUG - __main__ -   label: 4
02/09/2024 16:52:13 - DEBUG - __main__ -   pred: 4
02/09/2024 16:52:13 - DEBUG - __main__ -   label: 3
02/09/2024 16:52:13 - DEBUG - __main__ -   pred: 2
02/09/2024 16:52:13 - DEBUG - __main__ -   label: 2
02/09/2024 16:52:13 - DEBUG - __main__ -   pred: 2
02/09/2024 16:52:13 - DEBUG - __main__ -   label: 3
02/09/2024 16:52:13 - DEBUG - __main__ -   pred: 3
02/09/2024 16:52:13 - DEBUG - __main__ -   label: 3
02/09/2024 16:52:13 - DEBUG - __main__ -   pred: 3
02/09/2024 16:52:13 - DEBUG - __main__ -   label: 2
02/09/2024 16:52:13 - DEBUG - __main__ -   pred: 2
02/09/2024 16:52:13 - DEBUG - __main__ -   label: 1
02/09/2024 16:52:13 - DEBUG - __main__ -   pred: 2
02/09/2024 16:52:13 - DEBUG - __main__ -   label: 3
02/09/2024 16:52:13 - DEBUG - __main__ -   pred: 3
02/09/2024 16:52:13 - DEBUG - __main__ -   label: 4
02/09/2024 16:52:13 - DEBUG - __main__ -   pred: 4
02/09/2024 16:52:13 - DEBUG - __main__ -   label: 3
02/09/2024 16:52:13 - DEBUG - __main__ -   pred: 3
02/09/2024 16:52:13 - DEBUG - __main__ -   label: 3
02/09/2024 16:52:13 - DEBUG - __main__ -   pred: 3
02/09/2024 16:52:13 - DEBUG - __main__ -   label: 3
02/09/2024 16:52:13 - DEBUG - __main__ -   pred: 3
02/09/2024 16:52:13 - DEBUG - __main__ -   label: 2
02/09/2024 16:52:13 - DEBUG - __main__ -   pred: 2
02/09/2024 16:52:13 - DEBUG - __main__ -   label: 3
02/09/2024 16:52:13 - DEBUG - __main__ -   pred: 3
02/09/2024 16:52:13 - DEBUG - __main__ -   label: 3
02/09/2024 16:52:13 - DEBUG - __main__ -   pred: 3
02/09/2024 16:52:13 - DEBUG - __main__ -   label: 2
02/09/2024 16:52:13 - DEBUG - __main__ -   pred: 1
02/09/2024 16:52:13 - DEBUG - __main__ -   label: 3
02/09/2024 16:52:13 - DEBUG - __main__ -   pred: 3
02/09/2024 16:52:13 - DEBUG - __main__ -   label: 3
02/09/2024 16:52:13 - DEBUG - __main__ -   pred: 3
02/09/2024 16:52:13 - DEBUG - __main__ -   label: 3
02/09/2024 16:52:13 - DEBUG - __main__ -   pred: 3
02/09/2024 16:52:13 - DEBUG - __main__ -   label: 2
02/09/2024 16:52:13 - DEBUG - __main__ -   pred: 2
02/09/2024 16:52:13 - DEBUG - __main__ -   label: 2
02/09/2024 16:52:13 - DEBUG - __main__ -   pred: 3
02/09/2024 16:52:13 - DEBUG - __main__ -   label: 3
02/09/2024 16:52:13 - DEBUG - __main__ -   pred: 2
02/09/2024 16:52:13 - DEBUG - __main__ -   label: 3
02/09/2024 16:52:13 - DEBUG - __main__ -   pred: 3
02/09/2024 16:52:13 - DEBUG - __main__ -   label: 2
02/09/2024 16:52:13 - DEBUG - __main__ -   pred: 1
02/09/2024 16:52:13 - DEBUG - __main__ -   label: 1
02/09/2024 16:52:13 - DEBUG - __main__ -   pred: 0
02/09/2024 16:52:13 - DEBUG - __main__ -   label: 2
02/09/2024 16:52:13 - DEBUG - __main__ -   pred: 2
02/09/2024 16:52:13 - DEBUG - __main__ -   label: 3
02/09/2024 16:52:13 - DEBUG - __main__ -   pred: 2
02/09/2024 16:52:13 - DEBUG - __main__ -   label: 2
02/09/2024 16:52:13 - DEBUG - __main__ -   pred: 3
02/09/2024 16:52:13 - DEBUG - __main__ -   label: 4
02/09/2024 16:52:13 - DEBUG - __main__ -   pred: 3
02/09/2024 16:52:13 - DEBUG - __main__ -   label: 1
02/09/2024 16:52:13 - DEBUG - __main__ -   pred: 1
02/09/2024 16:52:13 - DEBUG - __main__ -   label: 3
02/09/2024 16:52:13 - DEBUG - __main__ -   pred: 2
02/09/2024 16:52:13 - DEBUG - __main__ -   label: 2
02/09/2024 16:52:13 - DEBUG - __main__ -   pred: 2
02/09/2024 16:52:13 - DEBUG - __main__ -   label: 1
02/09/2024 16:52:13 - DEBUG - __main__ -   pred: 2
02/09/2024 16:52:13 - DEBUG - __main__ -   label: 1
02/09/2024 16:52:13 - DEBUG - __main__ -   pred: 2
02/09/2024 16:52:13 - DEBUG - __main__ -   label: 1
02/09/2024 16:52:13 - DEBUG - __main__ -   pred: 2
02/09/2024 16:52:13 - DEBUG - __main__ -   label: 3
02/09/2024 16:52:13 - DEBUG - __main__ -   pred: 2
02/09/2024 16:52:13 - DEBUG - __main__ -   label: 3
02/09/2024 16:52:13 - DEBUG - __main__ -   pred: 2
02/09/2024 16:52:13 - DEBUG - __main__ -   label: 2
02/09/2024 16:52:13 - DEBUG - __main__ -   pred: 2
02/09/2024 16:52:13 - DEBUG - __main__ -   label: 1
02/09/2024 16:52:13 - DEBUG - __main__ -   pred: 1
02/09/2024 16:52:13 - DEBUG - __main__ -   label: 2
02/09/2024 16:52:13 - DEBUG - __main__ -   pred: 2
02/09/2024 16:52:13 - DEBUG - __main__ -   label: 2
02/09/2024 16:52:13 - DEBUG - __main__ -   pred: 1
02/09/2024 16:52:13 - DEBUG - __main__ -   label: 2
02/09/2024 16:52:13 - DEBUG - __main__ -   pred: 2
02/09/2024 16:52:13 - DEBUG - __main__ -   label: 2
02/09/2024 16:52:13 - DEBUG - __main__ -   pred: 2
02/09/2024 16:52:13 - DEBUG - __main__ -   label: 1
02/09/2024 16:52:13 - DEBUG - __main__ -   pred: 1
02/09/2024 16:52:13 - DEBUG - __main__ -   label: 2
02/09/2024 16:52:13 - DEBUG - __main__ -   pred: 2
02/09/2024 16:52:13 - DEBUG - __main__ -   label: 2
02/09/2024 16:52:13 - DEBUG - __main__ -   pred: 2
02/09/2024 16:52:13 - DEBUG - __main__ -   label: 3
02/09/2024 16:52:13 - DEBUG - __main__ -   pred: 2
02/09/2024 16:52:13 - DEBUG - __main__ -   label: 1
02/09/2024 16:52:13 - DEBUG - __main__ -   pred: 2
02/09/2024 16:52:13 - DEBUG - __main__ -   label: 3
02/09/2024 16:52:13 - DEBUG - __main__ -   pred: 2
02/09/2024 16:52:13 - DEBUG - __main__ -   label: 2
02/09/2024 16:52:13 - DEBUG - __main__ -   pred: 2
02/09/2024 16:52:13 - DEBUG - __main__ -   label: 1
02/09/2024 16:52:13 - DEBUG - __main__ -   pred: 1
02/09/2024 16:52:13 - DEBUG - __main__ -   label: 1
02/09/2024 16:52:13 - DEBUG - __main__ -   pred: 1
02/09/2024 16:52:13 - DEBUG - __main__ -   label: 2
02/09/2024 16:52:13 - DEBUG - __main__ -   pred: 2
02/09/2024 16:52:13 - DEBUG - __main__ -   label: 3
02/09/2024 16:52:13 - DEBUG - __main__ -   pred: 2
02/09/2024 16:52:13 - DEBUG - __main__ -   label: 2
02/09/2024 16:52:13 - DEBUG - __main__ -   pred: 2
02/09/2024 16:52:13 - DEBUG - __main__ -   label: 1
02/09/2024 16:52:13 - DEBUG - __main__ -   pred: 2
02/09/2024 16:52:13 - DEBUG - __main__ -   label: 3
02/09/2024 16:52:13 - DEBUG - __main__ -   pred: 2
02/09/2024 16:52:13 - DEBUG - __main__ -   label: 3
02/09/2024 16:52:13 - DEBUG - __main__ -   pred: 2
02/09/2024 16:52:13 - DEBUG - __main__ -   label: 3
02/09/2024 16:52:13 - DEBUG - __main__ -   pred: 2
02/09/2024 16:52:13 - DEBUG - __main__ -   label: 3
02/09/2024 16:52:13 - DEBUG - __main__ -   pred: 2
02/09/2024 16:52:13 - DEBUG - __main__ -   label: 1
02/09/2024 16:52:13 - DEBUG - __main__ -   pred: 2
02/09/2024 16:52:13 - DEBUG - __main__ -   label: 0
02/09/2024 16:52:13 - DEBUG - __main__ -   pred: 1
02/09/2024 16:52:13 - DEBUG - __main__ -   label: 1
02/09/2024 16:52:13 - DEBUG - __main__ -   pred: 1
02/09/2024 16:52:13 - DEBUG - __main__ -   label: 2
02/09/2024 16:52:13 - DEBUG - __main__ -   pred: 2
02/09/2024 16:52:13 - DEBUG - __main__ -   label: 1
02/09/2024 16:52:13 - DEBUG - __main__ -   pred: 1
02/09/2024 16:52:13 - DEBUG - __main__ -   label: 0
02/09/2024 16:52:13 - DEBUG - __main__ -   pred: 1
02/09/2024 16:52:13 - DEBUG - __main__ -   label: 2
02/09/2024 16:52:13 - DEBUG - __main__ -   pred: 2
02/09/2024 16:52:13 - DEBUG - __main__ -   label: 1
02/09/2024 16:52:13 - DEBUG - __main__ -   pred: 1
02/09/2024 16:52:13 - DEBUG - __main__ -   label: 1
02/09/2024 16:52:13 - DEBUG - __main__ -   pred: 1
02/09/2024 16:52:13 - DEBUG - __main__ -   label: 2
02/09/2024 16:52:13 - DEBUG - __main__ -   pred: 2
02/09/2024 16:52:13 - DEBUG - __main__ -   label: 1
02/09/2024 16:52:13 - DEBUG - __main__ -   pred: 1
02/09/2024 16:52:13 - DEBUG - __main__ -   label: 3
02/09/2024 16:52:13 - DEBUG - __main__ -   pred: 2
02/09/2024 16:52:13 - DEBUG - __main__ -   label: 2
02/09/2024 16:52:13 - DEBUG - __main__ -   pred: 1
02/09/2024 16:52:13 - DEBUG - __main__ -   label: 1
02/09/2024 16:52:13 - DEBUG - __main__ -   pred: 1
02/09/2024 16:52:13 - DEBUG - __main__ -   label: 2
02/09/2024 16:52:13 - DEBUG - __main__ -   pred: 1
02/09/2024 16:52:13 - DEBUG - __main__ -   label: 2
02/09/2024 16:52:13 - DEBUG - __main__ -   pred: 3
02/09/2024 16:52:13 - DEBUG - __main__ -   label: 2
02/09/2024 16:52:13 - DEBUG - __main__ -   pred: 3
02/09/2024 16:52:13 - DEBUG - __main__ -   label: 1
02/09/2024 16:52:13 - DEBUG - __main__ -   pred: 2
02/09/2024 16:52:13 - DEBUG - __main__ -   label: 2
02/09/2024 16:52:13 - DEBUG - __main__ -   pred: 3
02/09/2024 16:52:13 - DEBUG - __main__ -   label: 2
02/09/2024 16:52:13 - DEBUG - __main__ -   pred: 2
02/09/2024 16:52:13 - DEBUG - __main__ -   label: 1
02/09/2024 16:52:13 - DEBUG - __main__ -   pred: 2
02/09/2024 16:52:13 - DEBUG - __main__ -   label: 3
02/09/2024 16:52:13 - DEBUG - __main__ -   pred: 3
02/09/2024 16:52:13 - DEBUG - __main__ -   label: 3
02/09/2024 16:52:13 - DEBUG - __main__ -   pred: 3
02/09/2024 16:52:13 - DEBUG - __main__ -   label: 2
02/09/2024 16:52:13 - DEBUG - __main__ -   pred: 2
02/09/2024 16:52:13 - DEBUG - __main__ -   label: 3
02/09/2024 16:52:13 - DEBUG - __main__ -   pred: 2
02/09/2024 16:52:13 - DEBUG - __main__ -   label: 3
02/09/2024 16:52:13 - DEBUG - __main__ -   pred: 3
02/09/2024 16:52:13 - DEBUG - __main__ -   label: 2
02/09/2024 16:52:13 - DEBUG - __main__ -   pred: 1
02/09/2024 16:52:13 - DEBUG - __main__ -   label: 2
02/09/2024 16:52:13 - DEBUG - __main__ -   pred: 2
02/09/2024 16:52:13 - DEBUG - __main__ -   label: 4
02/09/2024 16:52:13 - DEBUG - __main__ -   pred: 3
02/09/2024 16:52:13 - DEBUG - __main__ -   label: 2
02/09/2024 16:52:13 - DEBUG - __main__ -   pred: 2
02/09/2024 16:52:13 - DEBUG - __main__ -   label: 1
02/09/2024 16:52:13 - DEBUG - __main__ -   pred: 1
02/09/2024 16:52:13 - DEBUG - __main__ -   label: 2
02/09/2024 16:52:13 - DEBUG - __main__ -   pred: 2
02/09/2024 16:52:13 - DEBUG - __main__ -   label: 3
02/09/2024 16:52:13 - DEBUG - __main__ -   pred: 2
02/09/2024 16:52:13 - DEBUG - __main__ -   label: 2
02/09/2024 16:52:13 - DEBUG - __main__ -   pred: 2
02/09/2024 16:52:13 - DEBUG - __main__ -   label: 3
02/09/2024 16:52:13 - DEBUG - __main__ -   pred: 2
02/09/2024 16:52:13 - DEBUG - __main__ -   label: 3
02/09/2024 16:52:13 - DEBUG - __main__ -   pred: 2
02/09/2024 16:52:13 - DEBUG - __main__ -   label: 2
02/09/2024 16:52:13 - DEBUG - __main__ -   pred: 2
02/09/2024 16:52:13 - DEBUG - __main__ -   label: 2
02/09/2024 16:52:13 - DEBUG - __main__ -   pred: 2
02/09/2024 16:52:13 - DEBUG - __main__ -   label: 1
02/09/2024 16:52:13 - DEBUG - __main__ -   pred: 2
02/09/2024 16:52:13 - DEBUG - __main__ -   label: 1
02/09/2024 16:52:13 - DEBUG - __main__ -   pred: 1
02/09/2024 16:52:13 - DEBUG - __main__ -   label: 3
02/09/2024 16:52:13 - DEBUG - __main__ -   pred: 2
02/09/2024 16:52:13 - DEBUG - __main__ -   label: 1
02/09/2024 16:52:13 - DEBUG - __main__ -   pred: 1
02/09/2024 16:52:13 - DEBUG - __main__ -   label: 3
02/09/2024 16:52:13 - DEBUG - __main__ -   pred: 4
02/09/2024 16:52:13 - DEBUG - __main__ -   label: 4
02/09/2024 16:52:13 - DEBUG - __main__ -   pred: 4
02/09/2024 16:52:13 - DEBUG - __main__ -   label: 2
02/09/2024 16:52:13 - DEBUG - __main__ -   pred: 3
02/09/2024 16:52:13 - DEBUG - __main__ -   label: 2
02/09/2024 16:52:13 - DEBUG - __main__ -   pred: 2
02/09/2024 16:52:13 - DEBUG - __main__ -   label: 2
02/09/2024 16:52:13 - DEBUG - __main__ -   pred: 2
02/09/2024 16:52:13 - DEBUG - __main__ -   label: 2
02/09/2024 16:52:13 - DEBUG - __main__ -   pred: 2
02/09/2024 16:52:13 - DEBUG - __main__ -   label: 1
02/09/2024 16:52:13 - DEBUG - __main__ -   pred: 2
02/09/2024 16:52:13 - DEBUG - __main__ -   label: 2
02/09/2024 16:52:13 - DEBUG - __main__ -   pred: 2
02/09/2024 16:52:13 - DEBUG - __main__ -   label: 1
02/09/2024 16:52:13 - DEBUG - __main__ -   pred: 2
02/09/2024 16:52:13 - DEBUG - __main__ -   label: 3
02/09/2024 16:52:13 - DEBUG - __main__ -   pred: 2
02/09/2024 16:52:13 - DEBUG - __main__ -   label: 2
02/09/2024 16:52:13 - DEBUG - __main__ -   pred: 2
02/09/2024 16:52:13 - DEBUG - __main__ -   label: 3
02/09/2024 16:52:13 - DEBUG - __main__ -   pred: 3
02/09/2024 16:52:13 - DEBUG - __main__ -   label: 2
02/09/2024 16:52:13 - DEBUG - __main__ -   pred: 2
02/09/2024 16:52:13 - DEBUG - __main__ -   label: 2
02/09/2024 16:52:13 - DEBUG - __main__ -   pred: 2
02/09/2024 16:52:13 - DEBUG - __main__ -   label: 2
02/09/2024 16:52:13 - DEBUG - __main__ -   pred: 2
02/09/2024 16:52:13 - DEBUG - __main__ -   label: 3
02/09/2024 16:52:13 - DEBUG - __main__ -   pred: 2
02/09/2024 16:52:13 - DEBUG - __main__ -   label: 1
02/09/2024 16:52:13 - DEBUG - __main__ -   pred: 2
02/09/2024 16:52:13 - DEBUG - __main__ -   label: 0
02/09/2024 16:52:13 - DEBUG - __main__ -   pred: 1
02/09/2024 16:52:13 - DEBUG - __main__ -   label: 2
02/09/2024 16:52:13 - DEBUG - __main__ -   pred: 1
02/09/2024 16:52:13 - DEBUG - __main__ -   label: 1
02/09/2024 16:52:13 - DEBUG - __main__ -   pred: 2
02/09/2024 16:52:13 - DEBUG - __main__ -   label: 2
02/09/2024 16:52:13 - DEBUG - __main__ -   pred: 2
02/09/2024 16:52:13 - DEBUG - __main__ -   label: 3
02/09/2024 16:52:13 - DEBUG - __main__ -   pred: 3
02/09/2024 16:52:13 - DEBUG - __main__ -   label: 2
02/09/2024 16:52:13 - DEBUG - __main__ -   pred: 2
02/09/2024 16:52:13 - DEBUG - __main__ -   label: 2
02/09/2024 16:52:13 - DEBUG - __main__ -   pred: 2
02/09/2024 16:52:13 - DEBUG - __main__ -   label: 2
02/09/2024 16:52:13 - DEBUG - __main__ -   pred: 3
02/09/2024 16:52:13 - DEBUG - __main__ -   label: 1
02/09/2024 16:52:13 - DEBUG - __main__ -   pred: 2
02/09/2024 16:52:13 - DEBUG - __main__ -   label: 2
02/09/2024 16:52:13 - DEBUG - __main__ -   pred: 3
02/09/2024 16:52:13 - DEBUG - __main__ -   label: 3
02/09/2024 16:52:13 - DEBUG - __main__ -   pred: 3
02/09/2024 16:52:13 - DEBUG - __main__ -   label: 2
02/09/2024 16:52:13 - DEBUG - __main__ -   pred: 1
02/09/2024 16:52:13 - DEBUG - __main__ -   label: 2
02/09/2024 16:52:13 - DEBUG - __main__ -   pred: 1
02/09/2024 16:52:13 - DEBUG - __main__ -   label: 1
02/09/2024 16:52:13 - DEBUG - __main__ -   pred: 1
02/09/2024 16:52:13 - DEBUG - __main__ -   label: 2
02/09/2024 16:52:13 - DEBUG - __main__ -   pred: 3
02/09/2024 16:52:13 - DEBUG - __main__ -   label: 2
02/09/2024 16:52:13 - DEBUG - __main__ -   pred: 3
02/09/2024 16:52:13 - DEBUG - __main__ -   label: 3
02/09/2024 16:52:13 - DEBUG - __main__ -   pred: 2
02/09/2024 16:52:13 - DEBUG - __main__ -   label: 3
02/09/2024 16:52:13 - DEBUG - __main__ -   pred: 2
02/09/2024 16:52:13 - DEBUG - __main__ -   label: 1
02/09/2024 16:52:13 - DEBUG - __main__ -   pred: 1
02/09/2024 16:52:13 - DEBUG - __main__ -   label: 2
02/09/2024 16:52:13 - DEBUG - __main__ -   pred: 2
02/09/2024 16:52:13 - DEBUG - __main__ -   label: 3
02/09/2024 16:52:13 - DEBUG - __main__ -   pred: 2
02/09/2024 16:52:13 - DEBUG - __main__ -   label: 1
02/09/2024 16:52:13 - DEBUG - __main__ -   pred: 1
02/09/2024 16:52:13 - DEBUG - __main__ -   label: 0
02/09/2024 16:52:13 - DEBUG - __main__ -   pred: 1
02/09/2024 16:52:13 - DEBUG - __main__ -   label: 3
02/09/2024 16:52:13 - DEBUG - __main__ -   pred: 3
02/09/2024 16:52:13 - DEBUG - __main__ -   label: 2
02/09/2024 16:52:13 - DEBUG - __main__ -   pred: 3
02/09/2024 16:52:13 - DEBUG - __main__ -   label: 3
02/09/2024 16:52:13 - DEBUG - __main__ -   pred: 3
02/09/2024 16:52:13 - DEBUG - __main__ -   label: 2
02/09/2024 16:52:13 - DEBUG - __main__ -   pred: 1
02/09/2024 16:52:13 - DEBUG - __main__ -   label: 1
02/09/2024 16:52:13 - DEBUG - __main__ -   pred: 1
02/09/2024 16:52:13 - DEBUG - __main__ -   label: 0
02/09/2024 16:52:13 - DEBUG - __main__ -   pred: 1
02/09/2024 16:52:13 - DEBUG - __main__ -   label: 2
02/09/2024 16:52:13 - DEBUG - __main__ -   pred: 1
02/09/2024 16:52:13 - DEBUG - __main__ -   label: 2
02/09/2024 16:52:13 - DEBUG - __main__ -   pred: 2
02/09/2024 16:52:13 - DEBUG - __main__ -   label: 1
02/09/2024 16:52:13 - DEBUG - __main__ -   pred: 1
02/09/2024 16:52:13 - DEBUG - __main__ -   label: 2
02/09/2024 16:52:13 - DEBUG - __main__ -   pred: 2
02/09/2024 16:52:13 - DEBUG - __main__ -   label: 3
02/09/2024 16:52:13 - DEBUG - __main__ -   pred: 2
02/09/2024 16:52:13 - DEBUG - __main__ -   label: 2
02/09/2024 16:52:13 - DEBUG - __main__ -   pred: 2
02/09/2024 16:52:13 - DEBUG - __main__ -   label: 2
02/09/2024 16:52:13 - DEBUG - __main__ -   pred: 2
02/09/2024 16:52:13 - DEBUG - __main__ -   label: 2
02/09/2024 16:52:13 - DEBUG - __main__ -   pred: 2
02/09/2024 16:52:13 - DEBUG - __main__ -   label: 3
02/09/2024 16:52:13 - DEBUG - __main__ -   pred: 2
02/09/2024 16:52:13 - DEBUG - __main__ -   label: 3
02/09/2024 16:52:13 - DEBUG - __main__ -   pred: 2
02/09/2024 16:52:13 - DEBUG - __main__ -   label: 1
02/09/2024 16:52:13 - DEBUG - __main__ -   pred: 2
02/09/2024 16:52:13 - DEBUG - __main__ -   label: 1
02/09/2024 16:52:13 - DEBUG - __main__ -   pred: 2
02/09/2024 16:52:13 - DEBUG - __main__ -   label: 0
02/09/2024 16:52:13 - DEBUG - __main__ -   pred: 1
02/09/2024 16:52:13 - DEBUG - __main__ -   label: 0
02/09/2024 16:52:13 - DEBUG - __main__ -   pred: 2
02/09/2024 16:52:13 - DEBUG - __main__ -   label: 0
02/09/2024 16:52:13 - DEBUG - __main__ -   pred: 1
02/09/2024 16:52:13 - DEBUG - __main__ -   label: 3
02/09/2024 16:52:13 - DEBUG - __main__ -   pred: 3
02/09/2024 16:52:13 - DEBUG - __main__ -   label: 1
02/09/2024 16:52:13 - DEBUG - __main__ -   pred: 1
02/09/2024 16:52:13 - DEBUG - __main__ -   label: 1
02/09/2024 16:52:13 - DEBUG - __main__ -   pred: 1
02/09/2024 16:52:13 - DEBUG - __main__ -   label: 0
02/09/2024 16:52:13 - DEBUG - __main__ -   pred: 1
02/09/2024 16:52:13 - DEBUG - __main__ -   label: 2
02/09/2024 16:52:13 - DEBUG - __main__ -   pred: 2
02/09/2024 16:52:13 - DEBUG - __main__ -   label: 1
02/09/2024 16:52:13 - DEBUG - __main__ -   pred: 1
02/09/2024 16:52:13 - DEBUG - __main__ -   label: 4
02/09/2024 16:52:13 - DEBUG - __main__ -   pred: 3
02/09/2024 16:52:13 - DEBUG - __main__ -   label: 1
02/09/2024 16:52:13 - DEBUG - __main__ -   pred: 2
02/09/2024 16:52:13 - DEBUG - __main__ -   label: 2
02/09/2024 16:52:13 - DEBUG - __main__ -   pred: 2
02/09/2024 16:52:13 - DEBUG - __main__ -   label: 2
02/09/2024 16:52:13 - DEBUG - __main__ -   pred: 2
02/09/2024 16:52:13 - DEBUG - __main__ -   label: 2
02/09/2024 16:52:13 - DEBUG - __main__ -   pred: 2
02/09/2024 16:52:13 - DEBUG - __main__ -   label: 2
02/09/2024 16:52:13 - DEBUG - __main__ -   pred: 2
02/09/2024 16:52:13 - DEBUG - __main__ -   label: 1
02/09/2024 16:52:13 - DEBUG - __main__ -   pred: 2
02/09/2024 16:52:13 - DEBUG - __main__ -   label: 2
02/09/2024 16:52:13 - DEBUG - __main__ -   pred: 3
02/09/2024 16:52:13 - DEBUG - __main__ -   label: 2
02/09/2024 16:52:13 - DEBUG - __main__ -   pred: 2
02/09/2024 16:52:13 - DEBUG - __main__ -   label: 2
02/09/2024 16:52:13 - DEBUG - __main__ -   pred: 2
02/09/2024 16:52:13 - DEBUG - __main__ -   label: 1
02/09/2024 16:52:13 - DEBUG - __main__ -   pred: 2
02/09/2024 16:52:13 - DEBUG - __main__ -   label: 1
02/09/2024 16:52:13 - DEBUG - __main__ -   pred: 1
02/09/2024 16:52:13 - DEBUG - __main__ -   label: 2
02/09/2024 16:52:13 - DEBUG - __main__ -   pred: 1
02/09/2024 16:52:13 - DEBUG - __main__ -   label: 2
02/09/2024 16:52:13 - DEBUG - __main__ -   pred: 2
02/09/2024 16:52:13 - DEBUG - __main__ -   label: 2
02/09/2024 16:52:13 - DEBUG - __main__ -   pred: 2
02/09/2024 16:52:13 - DEBUG - __main__ -   label: 1
02/09/2024 16:52:13 - DEBUG - __main__ -   pred: 2
02/09/2024 16:52:13 - DEBUG - __main__ -   label: 2
02/09/2024 16:52:13 - DEBUG - __main__ -   pred: 2
02/09/2024 16:52:13 - DEBUG - __main__ -   label: 2
02/09/2024 16:52:13 - DEBUG - __main__ -   pred: 2
02/09/2024 16:52:13 - DEBUG - __main__ -   label: 2
02/09/2024 16:52:13 - DEBUG - __main__ -   pred: 2
02/09/2024 16:52:13 - DEBUG - __main__ -   label: 2
02/09/2024 16:52:13 - DEBUG - __main__ -   pred: 2
02/09/2024 16:52:13 - DEBUG - __main__ -   label: 2
02/09/2024 16:52:13 - DEBUG - __main__ -   pred: 2
02/09/2024 16:52:13 - DEBUG - __main__ -   label: 2
02/09/2024 16:52:13 - DEBUG - __main__ -   pred: 1
02/09/2024 16:52:13 - DEBUG - __main__ -   label: 2
02/09/2024 16:52:13 - DEBUG - __main__ -   pred: 2
02/09/2024 16:52:13 - DEBUG - __main__ -   label: 1
02/09/2024 16:52:13 - DEBUG - __main__ -   pred: 1
02/09/2024 16:52:13 - DEBUG - __main__ -   label: 1
02/09/2024 16:52:13 - DEBUG - __main__ -   pred: 1
02/09/2024 16:52:13 - DEBUG - __main__ -   label: 2
02/09/2024 16:52:13 - DEBUG - __main__ -   pred: 2
02/09/2024 16:52:13 - DEBUG - __main__ -   label: 1
02/09/2024 16:52:13 - DEBUG - __main__ -   pred: 2
02/09/2024 16:52:13 - DEBUG - __main__ -   label: 2
02/09/2024 16:52:13 - DEBUG - __main__ -   pred: 2
02/09/2024 16:52:13 - DEBUG - __main__ -   label: 2
02/09/2024 16:52:13 - DEBUG - __main__ -   pred: 2
02/09/2024 16:52:13 - DEBUG - __main__ -   label: 2
02/09/2024 16:52:13 - DEBUG - __main__ -   pred: 2
02/09/2024 16:52:13 - DEBUG - __main__ -   label: 2
02/09/2024 16:52:13 - DEBUG - __main__ -   pred: 2
02/09/2024 16:52:13 - DEBUG - __main__ -   label: 2
02/09/2024 16:52:13 - DEBUG - __main__ -   pred: 2
02/09/2024 16:52:13 - DEBUG - __main__ -   label: 1
02/09/2024 16:52:13 - DEBUG - __main__ -   pred: 1
02/09/2024 16:52:13 - DEBUG - __main__ -   label: 3
02/09/2024 16:52:13 - DEBUG - __main__ -   pred: 2
02/09/2024 16:52:13 - DEBUG - __main__ -   label: 2
02/09/2024 16:52:13 - DEBUG - __main__ -   pred: 3
02/09/2024 16:52:13 - DEBUG - __main__ -   label: 2
02/09/2024 16:52:13 - DEBUG - __main__ -   pred: 2
02/09/2024 16:52:13 - DEBUG - __main__ -   label: 3
02/09/2024 16:52:13 - DEBUG - __main__ -   pred: 3
02/09/2024 16:52:13 - DEBUG - __main__ -   label: 2
02/09/2024 16:52:13 - DEBUG - __main__ -   pred: 1
02/09/2024 16:52:13 - DEBUG - __main__ -   label: 2
02/09/2024 16:52:13 - DEBUG - __main__ -   pred: 3
02/09/2024 16:52:13 - DEBUG - __main__ -   label: 3
02/09/2024 16:52:13 - DEBUG - __main__ -   pred: 2
02/09/2024 16:52:13 - DEBUG - __main__ -   label: 2
02/09/2024 16:52:13 - DEBUG - __main__ -   pred: 3
02/09/2024 16:52:13 - DEBUG - __main__ -   label: 3
02/09/2024 16:52:13 - DEBUG - __main__ -   pred: 3
02/09/2024 16:52:13 - DEBUG - __main__ -   label: 1
02/09/2024 16:52:13 - DEBUG - __main__ -   pred: 1
02/09/2024 16:52:13 - DEBUG - __main__ -   label: 2
02/09/2024 16:52:13 - DEBUG - __main__ -   pred: 1
02/09/2024 16:52:13 - DEBUG - __main__ -   label: 3
02/09/2024 16:52:13 - DEBUG - __main__ -   pred: 2
02/09/2024 16:52:13 - DEBUG - __main__ -   label: 1
02/09/2024 16:52:13 - DEBUG - __main__ -   pred: 0
02/09/2024 16:52:13 - DEBUG - __main__ -   label: 2
02/09/2024 16:52:13 - DEBUG - __main__ -   pred: 1
02/09/2024 16:52:13 - DEBUG - __main__ -   label: 3
02/09/2024 16:52:13 - DEBUG - __main__ -   pred: 2
02/09/2024 16:52:13 - DEBUG - __main__ -   label: 2
02/09/2024 16:52:13 - DEBUG - __main__ -   pred: 2
02/09/2024 16:52:13 - DEBUG - __main__ -   label: 2
02/09/2024 16:52:13 - DEBUG - __main__ -   pred: 2
02/09/2024 16:52:13 - DEBUG - __main__ -   label: 2
02/09/2024 16:52:13 - DEBUG - __main__ -   pred: 1
02/09/2024 16:52:13 - DEBUG - __main__ -   label: 1
02/09/2024 16:52:13 - DEBUG - __main__ -   pred: 2
02/09/2024 16:52:13 - DEBUG - __main__ -   label: 4
02/09/2024 16:52:13 - DEBUG - __main__ -   pred: 2
02/09/2024 16:52:13 - DEBUG - __main__ -   label: 3
02/09/2024 16:52:13 - DEBUG - __main__ -   pred: 1
02/09/2024 16:52:13 - DEBUG - __main__ -   label: 2
02/09/2024 16:52:13 - DEBUG - __main__ -   pred: 2
02/09/2024 16:52:13 - DEBUG - __main__ -   label: 3
02/09/2024 16:52:13 - DEBUG - __main__ -   pred: 3
02/09/2024 16:52:13 - DEBUG - __main__ -   label: 3
02/09/2024 16:52:13 - DEBUG - __main__ -   pred: 3
02/09/2024 16:52:13 - DEBUG - __main__ -   label: 2
02/09/2024 16:52:13 - DEBUG - __main__ -   pred: 2
02/09/2024 16:52:13 - DEBUG - __main__ -   label: 1
02/09/2024 16:52:13 - DEBUG - __main__ -   pred: 1
02/09/2024 16:52:13 - DEBUG - __main__ -   label: 1
02/09/2024 16:52:13 - DEBUG - __main__ -   pred: 1
02/09/2024 16:52:13 - DEBUG - __main__ -   label: 1
02/09/2024 16:52:13 - DEBUG - __main__ -   pred: 2
02/09/2024 16:52:13 - DEBUG - __main__ -   label: 1
02/09/2024 16:52:13 - DEBUG - __main__ -   pred: 1
02/09/2024 16:52:13 - DEBUG - __main__ -   label: 2
02/09/2024 16:52:13 - DEBUG - __main__ -   pred: 1
02/09/2024 16:52:13 - DEBUG - __main__ -   label: 3
02/09/2024 16:52:13 - DEBUG - __main__ -   pred: 3
02/09/2024 16:52:13 - DEBUG - __main__ -   label: 2
02/09/2024 16:52:13 - DEBUG - __main__ -   pred: 1
02/09/2024 16:52:13 - DEBUG - __main__ -   label: 2
02/09/2024 16:52:13 - DEBUG - __main__ -   pred: 2
