******** Training fold 2 ********
02/09/2024 14:54:14 - DEBUG - urllib3.connectionpool -   Starting new HTTPS connection (1): huggingface.co:443
02/09/2024 14:54:15 - DEBUG - urllib3.connectionpool -   https://huggingface.co:443 "HEAD /KBLab/wav2vec2-large-voxrex-swedish/resolve/main/preprocessor_config.json HTTP/1.1" 200 0
02/09/2024 14:54:15 - DEBUG - urllib3.connectionpool -   https://huggingface.co:443 "HEAD /KBLab/wav2vec2-large-voxrex-swedish/resolve/main/tokenizer_config.json HTTP/1.1" 200 0
02/09/2024 14:54:15 - DEBUG - __main__ -   Processor loaded. CPU mem usage: 0.39G.  Cuda 0: memory acclocated: 0 G.
02/09/2024 14:54:20 - DEBUG - __main__ -   Model loaded. CPU mem usage: 1.99G.  Cuda 0: memory acclocated: 0 G.
Wav2Vec2ForSequenceClassification(
  (wav2vec2): Wav2Vec2Model(
    (feature_extractor): Wav2Vec2FeatureEncoder(
      (conv_layers): ModuleList(
        (0): Wav2Vec2LayerNormConvLayer(
          (conv): Conv1d(1, 512, kernel_size=(10,), stride=(5,))
          (layer_norm): LayerNorm((512,), eps=1e-05, elementwise_affine=True)
          (activation): GELUActivation()
        )
        (1-4): 4 x Wav2Vec2LayerNormConvLayer(
          (conv): Conv1d(512, 512, kernel_size=(3,), stride=(2,))
          (layer_norm): LayerNorm((512,), eps=1e-05, elementwise_affine=True)
          (activation): GELUActivation()
        )
        (5-6): 2 x Wav2Vec2LayerNormConvLayer(
          (conv): Conv1d(512, 512, kernel_size=(2,), stride=(2,))
          (layer_norm): LayerNorm((512,), eps=1e-05, elementwise_affine=True)
          (activation): GELUActivation()
        )
      )
    )
    (feature_projection): Wav2Vec2FeatureProjection(
      (layer_norm): LayerNorm((512,), eps=1e-05, elementwise_affine=True)
      (projection): Linear(in_features=512, out_features=1024, bias=True)
      (dropout): Dropout(p=0.05, inplace=False)
    )
    (encoder): Wav2Vec2EncoderStableLayerNorm(
      (pos_conv_embed): Wav2Vec2PositionalConvEmbedding(
        (conv): Conv1d(1024, 1024, kernel_size=(128,), stride=(1,), padding=(64,), groups=16)
        (padding): Wav2Vec2SamePadLayer()
        (activation): GELUActivation()
      )
      (layer_norm): LayerNorm((1024,), eps=1e-05, elementwise_affine=True)
      (dropout): Dropout(p=0.05, inplace=False)
      (layers): ModuleList(
        (0-23): 24 x Wav2Vec2EncoderLayerStableLayerNorm(
          (attention): Wav2Vec2Attention(
            (k_proj): Linear(in_features=1024, out_features=1024, bias=True)
            (v_proj): Linear(in_features=1024, out_features=1024, bias=True)
            (q_proj): Linear(in_features=1024, out_features=1024, bias=True)
            (out_proj): Linear(in_features=1024, out_features=1024, bias=True)
          )
          (dropout): Dropout(p=0.05, inplace=False)
          (layer_norm): LayerNorm((1024,), eps=1e-05, elementwise_affine=True)
          (feed_forward): Wav2Vec2FeedForward(
            (intermediate_dropout): Dropout(p=0.05, inplace=False)
            (intermediate_dense): Linear(in_features=1024, out_features=4096, bias=True)
            (intermediate_act_fn): GELUActivation()
            (output_dense): Linear(in_features=4096, out_features=1024, bias=True)
            (output_dropout): Dropout(p=0.05, inplace=False)
          )
          (final_layer_norm): LayerNorm((1024,), eps=1e-05, elementwise_affine=True)
        )
      )
    )
  )
  (projector): Linear(in_features=1024, out_features=256, bias=True)
  (classifier): Linear(in_features=256, out_features=6, bias=True)
)
02/09/2024 14:54:36 - DEBUG - __main__ -   Speech loaded. N_train=1126, N_eval=416. CPU mem usage: 3.46G.  Cuda 0: memory acclocated: 0 G.
02/09/2024 14:54:46 - DEBUG - __main__ -   Feature extracted. Duration: 0:00:09 CPU mem usage: 4.67G.  Cuda 0: memory acclocated: 0 G.
02/09/2024 14:54:46 - DEBUG - augmentations.transform -   2026 instances resampled, final data size: 3152
02/09/2024 14:54:46 - DEBUG - augmentations.transform -   Apply augmentation to oversampled instances
02/09/2024 14:54:46 - DEBUG - augmentations.transform -   Max transforms: 2
02/09/2024 14:56:19 - DEBUG - augmentations.transform -   Training set (N=2026): augmented training data added. Duration: 0:01:33
02/09/2024 14:56:19 - DEBUG - augmentations.transform -   Training set (N=3152): data resampled. Duration: 0:01:33
02/09/2024 14:56:19 - DEBUG - urllib3.connectionpool -   Starting new HTTPS connection (1): s3.amazonaws.com:443
02/09/2024 14:56:20 - DEBUG - urllib3.connectionpool -   https://s3.amazonaws.com:443 "HEAD /datasets.huggingface.co/datasets/metrics/evaluate-metric/precision/evaluate-metric/precision.py HTTP/1.1" 404 0
02/09/2024 14:56:20 - DEBUG - urllib3.connectionpool -   Starting new HTTPS connection (1): huggingface.co:443
02/09/2024 14:56:20 - DEBUG - urllib3.connectionpool -   https://huggingface.co:443 "HEAD /spaces/evaluate-metric/precision/resolve/v0.4.0/precision.py HTTP/1.1" 200 0
02/09/2024 14:56:20 - DEBUG - urllib3.connectionpool -   Starting new HTTPS connection (1): s3.amazonaws.com:443
02/09/2024 14:56:20 - DEBUG - urllib3.connectionpool -   https://s3.amazonaws.com:443 "HEAD /datasets.huggingface.co/datasets/metrics/evaluate-metric/recall/evaluate-metric/recall.py HTTP/1.1" 404 0
02/09/2024 14:56:20 - DEBUG - urllib3.connectionpool -   Starting new HTTPS connection (1): huggingface.co:443
02/09/2024 14:56:21 - DEBUG - urllib3.connectionpool -   https://huggingface.co:443 "HEAD /spaces/evaluate-metric/recall/resolve/v0.4.0/recall.py HTTP/1.1" 200 0
02/09/2024 14:56:21 - DEBUG - urllib3.connectionpool -   Starting new HTTPS connection (1): s3.amazonaws.com:443
02/09/2024 14:56:21 - DEBUG - urllib3.connectionpool -   https://s3.amazonaws.com:443 "HEAD /datasets.huggingface.co/datasets/metrics/evaluate-metric/f1/evaluate-metric/f1.py HTTP/1.1" 404 0
02/09/2024 14:56:21 - DEBUG - urllib3.connectionpool -   Starting new HTTPS connection (1): huggingface.co:443
02/09/2024 14:56:21 - DEBUG - urllib3.connectionpool -   https://huggingface.co:443 "HEAD /spaces/evaluate-metric/f1/resolve/v0.4.0/f1.py HTTP/1.1" 200 0
02/09/2024 14:56:21 - DEBUG - urllib3.connectionpool -   Starting new HTTPS connection (1): s3.amazonaws.com:443
02/09/2024 14:56:22 - DEBUG - urllib3.connectionpool -   https://s3.amazonaws.com:443 "HEAD /datasets.huggingface.co/datasets/metrics/evaluate-metric/spearmanr/evaluate-metric/spearmanr.py HTTP/1.1" 404 0
02/09/2024 14:56:22 - DEBUG - urllib3.connectionpool -   Starting new HTTPS connection (1): huggingface.co:443
02/09/2024 14:56:22 - DEBUG - urllib3.connectionpool -   https://huggingface.co:443 "HEAD /spaces/evaluate-metric/spearmanr/resolve/v0.4.0/spearmanr.py HTTP/1.1" 200 0
RUNNING CCL
02/09/2024 14:56:22 - DEBUG - __main__ -   Class difficulty order: [[2, 1], [2, 1, 3, 4], [2, 1, 3, 4, 0, 5]]
02/09/2024 14:56:22 - DEBUG - __main__ -   n_epochs for each CCL phase: [3, 3, 4]
Training with classes: [2, 1]
02/09/2024 14:56:28 - DEBUG - __main__ -   Training phase 0 starts now. CPU mem usage: 7.59G.  Cuda 0: memory acclocated: 2 G.
02/09/2024 14:56:28 - DEBUG - helper.classes -   ----------- Starting epoch 1 -----------
{'loss': 0.969, 'learning_rate': 2.2602150537634412e-05, 'epoch': 0.97}
02/09/2024 15:01:53 - DEBUG - helper.classes -   Epoch 1.0 completed, Duration: 0:05:24 Mem usage: CPU mem usage: 7.96G.  Cuda 0: memory acclocated: 11 G.
02/09/2024 15:02:29 - DEBUG - fsspec.local -   open file: /home/lunt1/.cache/huggingface/metrics/precision/default/default_experiment-1-0.arrow
02/09/2024 15:02:29 - DEBUG - fsspec.local -   open file: /home/lunt1/.cache/huggingface/metrics/recall/default/default_experiment-1-0.arrow
02/09/2024 15:02:29 - DEBUG - fsspec.local -   open file: /home/lunt1/.cache/huggingface/metrics/f1/default/default_experiment-1-0.arrow
02/09/2024 15:02:29 - DEBUG - fsspec.local -   open file: /home/lunt1/.cache/huggingface/metrics/spearmanr/default/default_experiment-1-0.arrow
02/09/2024 15:02:29 - DEBUG - fsspec.local -   open file: /home/lunt1/.cache/huggingface/metrics/precision/default/default_experiment-1-0.arrow
02/09/2024 15:02:29 - DEBUG - fsspec.local -   open file: /home/lunt1/.cache/huggingface/metrics/recall/default/default_experiment-1-0.arrow
02/09/2024 15:02:29 - DEBUG - fsspec.local -   open file: /home/lunt1/.cache/huggingface/metrics/f1/default/default_experiment-1-0.arrow
{'eval_loss': 2.6495919227600098, 'eval_precision': 0.20040160642570282, 'eval_recall': 0.16752577319587628, 'eval_f1': 0.057821626158299506, 'eval_spearmanr': -0.007415735307241285, 'eval_precision_weighted': 0.5072173308619091, 'eval_recall_weighted': 0.20432692307692307, 'eval_f1_weighted': 0.07276515555766365, 'eval_runtime': 36.5983, 'eval_samples_per_second': 11.367, 'eval_steps_per_second': 5.683, 'epoch': 1.0}
02/09/2024 15:02:34 - DEBUG - helper.classes -   ----------- Starting epoch 2.0 -----------
{'loss': 0.6442, 'learning_rate': 1.1849462365591399e-05, 'epoch': 1.93}
02/09/2024 15:07:56 - DEBUG - helper.classes -   Epoch 2.0 completed, Duration: 0:05:21 Mem usage: CPU mem usage: 7.99G.  Cuda 0: memory acclocated: 11 G.
02/09/2024 15:08:32 - DEBUG - fsspec.local -   open file: /home/lunt1/.cache/huggingface/metrics/precision/default/default_experiment-1-0.arrow
02/09/2024 15:08:32 - DEBUG - fsspec.local -   open file: /home/lunt1/.cache/huggingface/metrics/recall/default/default_experiment-1-0.arrow
02/09/2024 15:08:32 - DEBUG - fsspec.local -   open file: /home/lunt1/.cache/huggingface/metrics/f1/default/default_experiment-1-0.arrow
02/09/2024 15:08:32 - DEBUG - fsspec.local -   open file: /home/lunt1/.cache/huggingface/metrics/spearmanr/default/default_experiment-1-0.arrow
02/09/2024 15:08:32 - DEBUG - fsspec.local -   open file: /home/lunt1/.cache/huggingface/metrics/precision/default/default_experiment-1-0.arrow
02/09/2024 15:08:32 - DEBUG - fsspec.local -   open file: /home/lunt1/.cache/huggingface/metrics/recall/default/default_experiment-1-0.arrow
02/09/2024 15:08:32 - DEBUG - fsspec.local -   open file: /home/lunt1/.cache/huggingface/metrics/f1/default/default_experiment-1-0.arrow
{'eval_loss': 2.7091495990753174, 'eval_precision': 0.15082166768107122, 'eval_recall': 0.2166993945344461, 'eval_f1': 0.17726260094681145, 'eval_spearmanr': 0.44639900033212776, 'eval_precision_weighted': 0.3072609906830844, 'eval_recall_weighted': 0.46153846153846156, 'eval_f1_weighted': 0.36795795578690316, 'eval_runtime': 36.0885, 'eval_samples_per_second': 11.527, 'eval_steps_per_second': 5.764, 'epoch': 2.0}
02/09/2024 15:08:37 - DEBUG - helper.classes -   ----------- Starting epoch 3.0 -----------
{'loss': 0.5479, 'learning_rate': 1.0967741935483872e-06, 'epoch': 2.9}
02/09/2024 15:13:59 - DEBUG - helper.classes -   Epoch 3.0 completed, Duration: 0:05:22 Mem usage: CPU mem usage: 7.99G.  Cuda 0: memory acclocated: 11 G.
02/09/2024 15:14:35 - DEBUG - fsspec.local -   open file: /home/lunt1/.cache/huggingface/metrics/precision/default/default_experiment-1-0.arrow
02/09/2024 15:14:35 - DEBUG - fsspec.local -   open file: /home/lunt1/.cache/huggingface/metrics/recall/default/default_experiment-1-0.arrow
02/09/2024 15:14:35 - DEBUG - fsspec.local -   open file: /home/lunt1/.cache/huggingface/metrics/f1/default/default_experiment-1-0.arrow
02/09/2024 15:14:35 - DEBUG - fsspec.local -   open file: /home/lunt1/.cache/huggingface/metrics/spearmanr/default/default_experiment-1-0.arrow
02/09/2024 15:14:35 - DEBUG - fsspec.local -   open file: /home/lunt1/.cache/huggingface/metrics/precision/default/default_experiment-1-0.arrow
02/09/2024 15:14:35 - DEBUG - fsspec.local -   open file: /home/lunt1/.cache/huggingface/metrics/recall/default/default_experiment-1-0.arrow
02/09/2024 15:14:35 - DEBUG - fsspec.local -   open file: /home/lunt1/.cache/huggingface/metrics/f1/default/default_experiment-1-0.arrow
{'eval_loss': 3.0617334842681885, 'eval_precision': 0.15125492570287524, 'eval_recall': 0.2141834396989036, 'eval_f1': 0.1761715839865402, 'eval_spearmanr': 0.4298955409497723, 'eval_precision_weighted': 0.3083724897605024, 'eval_recall_weighted': 0.4639423076923077, 'eval_f1_weighted': 0.36867724684926567, 'eval_runtime': 36.1096, 'eval_samples_per_second': 11.52, 'eval_steps_per_second': 5.76, 'epoch': 3.0}
{'train_runtime': 1094.1756, 'train_samples_per_second': 2.835, 'train_steps_per_second': 1.418, 'train_loss': 0.7113851280384568, 'epoch': 3.0}
02/09/2024 15:14:43 - INFO - __main__ -   Training completed. Duration: 0:18:14
Training with classes: [2, 1, 3, 4]
02/09/2024 15:14:43 - DEBUG - __main__ -   Training phase 1 starts now. CPU mem usage: 7.97G.  Cuda 0: memory acclocated: 11 G.
02/09/2024 15:14:43 - DEBUG - helper.classes -   ----------- Starting epoch 1 -----------
{'loss': 1.6729, 'learning_rate': 2.8040254237288136e-05, 'epoch': 0.48}
{'loss': 0.9412, 'learning_rate': 2.274364406779661e-05, 'epoch': 0.95}
02/09/2024 15:24:21 - DEBUG - helper.classes -   Epoch 1.0 completed, Duration: 0:09:37 Mem usage: CPU mem usage: 8.00G.  Cuda 0: memory acclocated: 11 G.
02/09/2024 15:24:57 - DEBUG - fsspec.local -   open file: /home/lunt1/.cache/huggingface/metrics/precision/default/default_experiment-1-0.arrow
02/09/2024 15:24:57 - DEBUG - fsspec.local -   open file: /home/lunt1/.cache/huggingface/metrics/recall/default/default_experiment-1-0.arrow
02/09/2024 15:24:57 - DEBUG - fsspec.local -   open file: /home/lunt1/.cache/huggingface/metrics/f1/default/default_experiment-1-0.arrow
02/09/2024 15:24:57 - DEBUG - fsspec.local -   open file: /home/lunt1/.cache/huggingface/metrics/spearmanr/default/default_experiment-1-0.arrow
02/09/2024 15:24:57 - DEBUG - fsspec.local -   open file: /home/lunt1/.cache/huggingface/metrics/precision/default/default_experiment-1-0.arrow
02/09/2024 15:24:57 - DEBUG - fsspec.local -   open file: /home/lunt1/.cache/huggingface/metrics/recall/default/default_experiment-1-0.arrow
02/09/2024 15:24:57 - DEBUG - fsspec.local -   open file: /home/lunt1/.cache/huggingface/metrics/f1/default/default_experiment-1-0.arrow
{'eval_loss': 1.5677953958511353, 'eval_precision': 0.30506880064421965, 'eval_recall': 0.34205152352382323, 'eval_f1': 0.30437953759204117, 'eval_spearmanr': 0.647296461747228, 'eval_precision_weighted': 0.49661142115471724, 'eval_recall_weighted': 0.46875, 'eval_f1_weighted': 0.45387797334755314, 'eval_runtime': 36.2049, 'eval_samples_per_second': 11.49, 'eval_steps_per_second': 5.745, 'epoch': 1.0}
02/09/2024 15:25:02 - DEBUG - helper.classes -   ----------- Starting epoch 2.0 -----------
{'loss': 0.7417, 'learning_rate': 1.7447033898305083e-05, 'epoch': 1.43}
{'loss': 0.7629, 'learning_rate': 1.215042372881356e-05, 'epoch': 1.91}
02/09/2024 15:34:42 - DEBUG - helper.classes -   Epoch 2.0 completed, Duration: 0:09:40 Mem usage: CPU mem usage: 7.99G.  Cuda 0: memory acclocated: 11 G.
02/09/2024 15:35:18 - DEBUG - fsspec.local -   open file: /home/lunt1/.cache/huggingface/metrics/precision/default/default_experiment-1-0.arrow
02/09/2024 15:35:18 - DEBUG - fsspec.local -   open file: /home/lunt1/.cache/huggingface/metrics/recall/default/default_experiment-1-0.arrow
02/09/2024 15:35:18 - DEBUG - fsspec.local -   open file: /home/lunt1/.cache/huggingface/metrics/f1/default/default_experiment-1-0.arrow
02/09/2024 15:35:18 - DEBUG - fsspec.local -   open file: /home/lunt1/.cache/huggingface/metrics/spearmanr/default/default_experiment-1-0.arrow
02/09/2024 15:35:18 - DEBUG - fsspec.local -   open file: /home/lunt1/.cache/huggingface/metrics/precision/default/default_experiment-1-0.arrow
02/09/2024 15:35:18 - DEBUG - fsspec.local -   open file: /home/lunt1/.cache/huggingface/metrics/recall/default/default_experiment-1-0.arrow
02/09/2024 15:35:18 - DEBUG - fsspec.local -   open file: /home/lunt1/.cache/huggingface/metrics/f1/default/default_experiment-1-0.arrow
{'eval_loss': 1.8731268644332886, 'eval_precision': 0.3166177673459227, 'eval_recall': 0.3702104829558195, 'eval_f1': 0.334161723050612, 'eval_spearmanr': 0.6611188996886763, 'eval_precision_weighted': 0.5153140917925738, 'eval_recall_weighted': 0.5096153846153846, 'eval_f1_weighted': 0.5048743694577029, 'eval_runtime': 36.2034, 'eval_samples_per_second': 11.491, 'eval_steps_per_second': 5.745, 'epoch': 2.0}
02/09/2024 15:35:23 - DEBUG - helper.classes -   ----------- Starting epoch 3.0 -----------
{'loss': 0.5077, 'learning_rate': 6.853813559322034e-06, 'epoch': 2.38}
{'loss': 0.5535, 'learning_rate': 1.5572033898305086e-06, 'epoch': 2.86}
02/09/2024 15:45:04 - DEBUG - helper.classes -   Epoch 3.0 completed, Duration: 0:09:40 Mem usage: CPU mem usage: 7.99G.  Cuda 0: memory acclocated: 11 G.
02/09/2024 15:45:40 - DEBUG - fsspec.local -   open file: /home/lunt1/.cache/huggingface/metrics/precision/default/default_experiment-1-0.arrow
02/09/2024 15:45:40 - DEBUG - fsspec.local -   open file: /home/lunt1/.cache/huggingface/metrics/recall/default/default_experiment-1-0.arrow
02/09/2024 15:45:40 - DEBUG - fsspec.local -   open file: /home/lunt1/.cache/huggingface/metrics/f1/default/default_experiment-1-0.arrow
02/09/2024 15:45:40 - DEBUG - fsspec.local -   open file: /home/lunt1/.cache/huggingface/metrics/spearmanr/default/default_experiment-1-0.arrow
02/09/2024 15:45:40 - DEBUG - fsspec.local -   open file: /home/lunt1/.cache/huggingface/metrics/precision/default/default_experiment-1-0.arrow
02/09/2024 15:45:40 - DEBUG - fsspec.local -   open file: /home/lunt1/.cache/huggingface/metrics/recall/default/default_experiment-1-0.arrow
02/09/2024 15:45:40 - DEBUG - fsspec.local -   open file: /home/lunt1/.cache/huggingface/metrics/f1/default/default_experiment-1-0.arrow
{'eval_loss': 1.9549686908721924, 'eval_precision': 0.3072361108528621, 'eval_recall': 0.31937054687910676, 'eval_f1': 0.31080519164187415, 'eval_spearmanr': 0.6496812937507915, 'eval_precision_weighted': 0.5043699230235252, 'eval_recall_weighted': 0.5240384615384616, 'eval_f1_weighted': 0.5112139379163037, 'eval_runtime': 36.2016, 'eval_samples_per_second': 11.491, 'eval_steps_per_second': 5.746, 'epoch': 3.0}
{'train_runtime': 1864.4047, 'train_samples_per_second': 3.376, 'train_steps_per_second': 1.688, 'train_loss': 0.8434187504538363, 'epoch': 3.0}
02/09/2024 15:45:47 - INFO - __main__ -   Training completed. Duration: 0:31:04
Training with classes: [2, 1, 3, 4, 0, 5]
02/09/2024 15:45:47 - DEBUG - __main__ -   Training phase 2 starts now. CPU mem usage: 7.97G.  Cuda 0: memory acclocated: 11 G.
02/09/2024 15:45:47 - DEBUG - helper.classes -   ----------- Starting epoch 1 -----------
{'loss': 1.9983, 'learning_rate': 2.377179080824089e-05, 'epoch': 0.32}
{'loss': 0.7836, 'learning_rate': 2.804865150713908e-05, 'epoch': 0.63}
{'loss': 0.6613, 'learning_rate': 2.5404547858276045e-05, 'epoch': 0.95}
02/09/2024 16:00:27 - DEBUG - helper.classes -   Epoch 1.0 completed, Duration: 0:14:39 Mem usage: CPU mem usage: 7.74G.  Cuda 0: memory acclocated: 11 G.
02/09/2024 16:01:04 - DEBUG - fsspec.local -   open file: /home/lunt1/.cache/huggingface/metrics/precision/default/default_experiment-1-0.arrow
02/09/2024 16:01:04 - DEBUG - fsspec.local -   open file: /home/lunt1/.cache/huggingface/metrics/recall/default/default_experiment-1-0.arrow
02/09/2024 16:01:04 - DEBUG - fsspec.local -   open file: /home/lunt1/.cache/huggingface/metrics/f1/default/default_experiment-1-0.arrow
02/09/2024 16:01:04 - DEBUG - fsspec.local -   open file: /home/lunt1/.cache/huggingface/metrics/spearmanr/default/default_experiment-1-0.arrow
02/09/2024 16:01:04 - DEBUG - fsspec.local -   open file: /home/lunt1/.cache/huggingface/metrics/precision/default/default_experiment-1-0.arrow
02/09/2024 16:01:04 - DEBUG - fsspec.local -   open file: /home/lunt1/.cache/huggingface/metrics/recall/default/default_experiment-1-0.arrow
02/09/2024 16:01:04 - DEBUG - fsspec.local -   open file: /home/lunt1/.cache/huggingface/metrics/f1/default/default_experiment-1-0.arrow
{'eval_loss': 2.342120885848999, 'eval_precision': 0.28888404897487024, 'eval_recall': 0.3381718085354399, 'eval_f1': 0.24203265206754773, 'eval_spearmanr': 0.645056377206288, 'eval_precision_weighted': 0.47282440097268597, 'eval_recall_weighted': 0.375, 'eval_f1_weighted': 0.4000123512768677, 'eval_runtime': 36.3172, 'eval_samples_per_second': 11.455, 'eval_steps_per_second': 5.727, 'epoch': 1.0}
02/09/2024 16:01:09 - DEBUG - helper.classes -   ----------- Starting epoch 2.0 -----------
{'loss': 0.5849, 'learning_rate': 2.276044420941301e-05, 'epoch': 1.27}
{'loss': 0.5893, 'learning_rate': 2.0116340560549974e-05, 'epoch': 1.59}
{'loss': 0.4716, 'learning_rate': 1.747223691168694e-05, 'epoch': 1.9}
02/09/2024 16:15:45 - DEBUG - helper.classes -   Epoch 2.0 completed, Duration: 0:14:36 Mem usage: CPU mem usage: 7.67G.  Cuda 0: memory acclocated: 11 G.
02/09/2024 16:16:21 - DEBUG - fsspec.local -   open file: /home/lunt1/.cache/huggingface/metrics/precision/default/default_experiment-1-0.arrow
02/09/2024 16:16:21 - DEBUG - fsspec.local -   open file: /home/lunt1/.cache/huggingface/metrics/recall/default/default_experiment-1-0.arrow
02/09/2024 16:16:21 - DEBUG - fsspec.local -   open file: /home/lunt1/.cache/huggingface/metrics/f1/default/default_experiment-1-0.arrow
02/09/2024 16:16:21 - DEBUG - fsspec.local -   open file: /home/lunt1/.cache/huggingface/metrics/spearmanr/default/default_experiment-1-0.arrow
02/09/2024 16:16:21 - DEBUG - fsspec.local -   open file: /home/lunt1/.cache/huggingface/metrics/precision/default/default_experiment-1-0.arrow
02/09/2024 16:16:21 - DEBUG - fsspec.local -   open file: /home/lunt1/.cache/huggingface/metrics/recall/default/default_experiment-1-0.arrow
02/09/2024 16:16:21 - DEBUG - fsspec.local -   open file: /home/lunt1/.cache/huggingface/metrics/f1/default/default_experiment-1-0.arrow
{'eval_loss': 2.5533854961395264, 'eval_precision': 0.32822599788109935, 'eval_recall': 0.32701612723597123, 'eval_f1': 0.31584281445940193, 'eval_spearmanr': 0.630579710315157, 'eval_precision_weighted': 0.5005247282087324, 'eval_recall_weighted': 0.4879807692307692, 'eval_f1_weighted': 0.4845591925146712, 'eval_runtime': 36.3039, 'eval_samples_per_second': 11.459, 'eval_steps_per_second': 5.729, 'epoch': 2.0}
02/09/2024 16:16:27 - DEBUG - helper.classes -   ----------- Starting epoch 3.0 -----------
{'loss': 0.2659, 'learning_rate': 1.4828133262823903e-05, 'epoch': 2.22}
{'loss': 0.3214, 'learning_rate': 1.2184029613960868e-05, 'epoch': 2.54}
{'loss': 0.2692, 'learning_rate': 9.539925965097832e-06, 'epoch': 2.86}
02/09/2024 16:31:02 - DEBUG - helper.classes -   Epoch 3.0 completed, Duration: 0:14:35 Mem usage: CPU mem usage: 7.67G.  Cuda 0: memory acclocated: 11 G.
02/09/2024 16:31:38 - DEBUG - fsspec.local -   open file: /home/lunt1/.cache/huggingface/metrics/precision/default/default_experiment-1-0.arrow
02/09/2024 16:31:38 - DEBUG - fsspec.local -   open file: /home/lunt1/.cache/huggingface/metrics/recall/default/default_experiment-1-0.arrow
02/09/2024 16:31:38 - DEBUG - fsspec.local -   open file: /home/lunt1/.cache/huggingface/metrics/f1/default/default_experiment-1-0.arrow
02/09/2024 16:31:38 - DEBUG - fsspec.local -   open file: /home/lunt1/.cache/huggingface/metrics/spearmanr/default/default_experiment-1-0.arrow
02/09/2024 16:31:38 - DEBUG - fsspec.local -   open file: /home/lunt1/.cache/huggingface/metrics/precision/default/default_experiment-1-0.arrow
02/09/2024 16:31:38 - DEBUG - fsspec.local -   open file: /home/lunt1/.cache/huggingface/metrics/recall/default/default_experiment-1-0.arrow
02/09/2024 16:31:38 - DEBUG - fsspec.local -   open file: /home/lunt1/.cache/huggingface/metrics/f1/default/default_experiment-1-0.arrow
{'eval_loss': 3.0853981971740723, 'eval_precision': 0.33246834615591664, 'eval_recall': 0.33848651727672063, 'eval_f1': 0.33174303625788776, 'eval_spearmanr': 0.6583932153606415, 'eval_precision_weighted': 0.5212755640870094, 'eval_recall_weighted': 0.5288461538461539, 'eval_f1_weighted': 0.5210238110129579, 'eval_runtime': 36.1875, 'eval_samples_per_second': 11.496, 'eval_steps_per_second': 5.748, 'epoch': 3.0}
02/09/2024 16:31:43 - DEBUG - helper.classes -   ----------- Starting epoch 4.0 -----------
{'loss': 0.2222, 'learning_rate': 6.895822316234796e-06, 'epoch': 3.17}
{'loss': 0.1399, 'learning_rate': 4.2517186673717614e-06, 'epoch': 3.49}
{'loss': 0.165, 'learning_rate': 1.6076150185087256e-06, 'epoch': 3.81}
02/09/2024 16:46:24 - DEBUG - helper.classes -   Epoch 4.0 completed, Duration: 0:14:41 Mem usage: CPU mem usage: 7.68G.  Cuda 0: memory acclocated: 11 G.
02/09/2024 16:47:00 - DEBUG - fsspec.local -   open file: /home/lunt1/.cache/huggingface/metrics/precision/default/default_experiment-1-0.arrow
02/09/2024 16:47:00 - DEBUG - fsspec.local -   open file: /home/lunt1/.cache/huggingface/metrics/recall/default/default_experiment-1-0.arrow
02/09/2024 16:47:00 - DEBUG - fsspec.local -   open file: /home/lunt1/.cache/huggingface/metrics/f1/default/default_experiment-1-0.arrow
02/09/2024 16:47:00 - DEBUG - fsspec.local -   open file: /home/lunt1/.cache/huggingface/metrics/spearmanr/default/default_experiment-1-0.arrow
02/09/2024 16:47:00 - DEBUG - fsspec.local -   open file: /home/lunt1/.cache/huggingface/metrics/precision/default/default_experiment-1-0.arrow
02/09/2024 16:47:00 - DEBUG - fsspec.local -   open file: /home/lunt1/.cache/huggingface/metrics/recall/default/default_experiment-1-0.arrow
02/09/2024 16:47:00 - DEBUG - fsspec.local -   open file: /home/lunt1/.cache/huggingface/metrics/f1/default/default_experiment-1-0.arrow
{'eval_loss': 3.2457692623138428, 'eval_precision': 0.30917692295119475, 'eval_recall': 0.3020817982864496, 'eval_f1': 0.3008451865594723, 'eval_spearmanr': 0.6287500432059406, 'eval_precision_weighted': 0.4999038768001146, 'eval_recall_weighted': 0.5168269230769231, 'eval_f1_weighted': 0.5059172474351046, 'eval_runtime': 36.1927, 'eval_samples_per_second': 11.494, 'eval_steps_per_second': 5.747, 'epoch': 4.0}
{'train_runtime': 3680.5687, 'train_samples_per_second': 3.426, 'train_steps_per_second': 1.713, 'train_loss': 0.5230453214064468, 'epoch': 4.0}
02/09/2024 16:47:08 - INFO - __main__ -   Training completed. Duration: 1:01:20
02/09/2024 16:47:44 - DEBUG - fsspec.local -   open file: /home/lunt1/.cache/huggingface/metrics/precision/default/default_experiment-1-0.arrow
02/09/2024 16:47:44 - DEBUG - fsspec.local -   open file: /home/lunt1/.cache/huggingface/metrics/recall/default/default_experiment-1-0.arrow
02/09/2024 16:47:44 - DEBUG - fsspec.local -   open file: /home/lunt1/.cache/huggingface/metrics/f1/default/default_experiment-1-0.arrow
02/09/2024 16:47:44 - DEBUG - fsspec.local -   open file: /home/lunt1/.cache/huggingface/metrics/spearmanr/default/default_experiment-1-0.arrow
02/09/2024 16:47:44 - DEBUG - fsspec.local -   open file: /home/lunt1/.cache/huggingface/metrics/precision/default/default_experiment-1-0.arrow
02/09/2024 16:47:44 - DEBUG - fsspec.local -   open file: /home/lunt1/.cache/huggingface/metrics/recall/default/default_experiment-1-0.arrow
02/09/2024 16:47:44 - DEBUG - fsspec.local -   open file: /home/lunt1/.cache/huggingface/metrics/f1/default/default_experiment-1-0.arrow
02/09/2024 16:47:44 - DEBUG - fsspec.local -   open file: /home/lunt1/.cache/huggingface/metrics/precision/default/default_experiment-1-0.arrow
02/09/2024 16:47:44 - DEBUG - fsspec.local -   open file: /home/lunt1/.cache/huggingface/metrics/recall/default/default_experiment-1-0.arrow
02/09/2024 16:47:44 - DEBUG - fsspec.local -   open file: /home/lunt1/.cache/huggingface/metrics/f1/default/default_experiment-1-0.arrow
02/09/2024 16:47:44 - DEBUG - fsspec.local -   open file: /home/lunt1/.cache/huggingface/metrics/spearmanr/default/default_experiment-1-0.arrow
02/09/2024 16:47:44 - DEBUG - fsspec.local -   open file: /home/lunt1/.cache/huggingface/metrics/precision/default/default_experiment-1-0.arrow
02/09/2024 16:47:44 - DEBUG - fsspec.local -   open file: /home/lunt1/.cache/huggingface/metrics/recall/default/default_experiment-1-0.arrow
02/09/2024 16:47:44 - DEBUG - fsspec.local -   open file: /home/lunt1/.cache/huggingface/metrics/f1/default/default_experiment-1-0.arrow
02/09/2024 16:47:44 - DEBUG - __main__ -   label: 2
02/09/2024 16:47:44 - DEBUG - __main__ -   pred: 2
02/09/2024 16:47:44 - DEBUG - __main__ -   label: 2
02/09/2024 16:47:44 - DEBUG - __main__ -   pred: 2
02/09/2024 16:47:44 - DEBUG - __main__ -   label: 2
02/09/2024 16:47:44 - DEBUG - __main__ -   pred: 2
02/09/2024 16:47:44 - DEBUG - __main__ -   label: 2
02/09/2024 16:47:44 - DEBUG - __main__ -   pred: 1
02/09/2024 16:47:44 - DEBUG - __main__ -   label: 2
02/09/2024 16:47:44 - DEBUG - __main__ -   pred: 2
02/09/2024 16:47:44 - DEBUG - __main__ -   label: 1
02/09/2024 16:47:44 - DEBUG - __main__ -   pred: 2
02/09/2024 16:47:44 - DEBUG - __main__ -   label: 2
02/09/2024 16:47:44 - DEBUG - __main__ -   pred: 1
02/09/2024 16:47:44 - DEBUG - __main__ -   label: 2
02/09/2024 16:47:44 - DEBUG - __main__ -   pred: 1
02/09/2024 16:47:44 - DEBUG - __main__ -   label: 2
02/09/2024 16:47:44 - DEBUG - __main__ -   pred: 2
02/09/2024 16:47:44 - DEBUG - __main__ -   label: 2
02/09/2024 16:47:44 - DEBUG - __main__ -   pred: 1
02/09/2024 16:47:44 - DEBUG - __main__ -   label: 3
02/09/2024 16:47:44 - DEBUG - __main__ -   pred: 2
02/09/2024 16:47:44 - DEBUG - __main__ -   label: 3
02/09/2024 16:47:44 - DEBUG - __main__ -   pred: 2
02/09/2024 16:47:44 - DEBUG - __main__ -   label: 2
02/09/2024 16:47:44 - DEBUG - __main__ -   pred: 2
02/09/2024 16:47:44 - DEBUG - __main__ -   label: 1
02/09/2024 16:47:44 - DEBUG - __main__ -   pred: 2
02/09/2024 16:47:44 - DEBUG - __main__ -   label: 2
02/09/2024 16:47:44 - DEBUG - __main__ -   pred: 2
02/09/2024 16:47:44 - DEBUG - __main__ -   label: 1
02/09/2024 16:47:44 - DEBUG - __main__ -   pred: 2
02/09/2024 16:47:44 - DEBUG - __main__ -   label: 2
02/09/2024 16:47:44 - DEBUG - __main__ -   pred: 2
02/09/2024 16:47:44 - DEBUG - __main__ -   label: 1
02/09/2024 16:47:44 - DEBUG - __main__ -   pred: 1
02/09/2024 16:47:44 - DEBUG - __main__ -   label: 2
02/09/2024 16:47:44 - DEBUG - __main__ -   pred: 2
02/09/2024 16:47:44 - DEBUG - __main__ -   label: 1
02/09/2024 16:47:44 - DEBUG - __main__ -   pred: 1
02/09/2024 16:47:44 - DEBUG - __main__ -   label: 1
02/09/2024 16:47:44 - DEBUG - __main__ -   pred: 2
02/09/2024 16:47:44 - DEBUG - __main__ -   label: 2
02/09/2024 16:47:44 - DEBUG - __main__ -   pred: 2
02/09/2024 16:47:44 - DEBUG - __main__ -   label: 1
02/09/2024 16:47:44 - DEBUG - __main__ -   pred: 1
02/09/2024 16:47:44 - DEBUG - __main__ -   label: 3
02/09/2024 16:47:44 - DEBUG - __main__ -   pred: 2
02/09/2024 16:47:44 - DEBUG - __main__ -   label: 1
02/09/2024 16:47:44 - DEBUG - __main__ -   pred: 2
02/09/2024 16:47:44 - DEBUG - __main__ -   label: 0
02/09/2024 16:47:44 - DEBUG - __main__ -   pred: 1
02/09/2024 16:47:44 - DEBUG - __main__ -   label: 2
02/09/2024 16:47:44 - DEBUG - __main__ -   pred: 2
02/09/2024 16:47:44 - DEBUG - __main__ -   label: 3
02/09/2024 16:47:44 - DEBUG - __main__ -   pred: 2
02/09/2024 16:47:44 - DEBUG - __main__ -   label: 3
02/09/2024 16:47:44 - DEBUG - __main__ -   pred: 2
02/09/2024 16:47:44 - DEBUG - __main__ -   label: 1
02/09/2024 16:47:44 - DEBUG - __main__ -   pred: 1
02/09/2024 16:47:44 - DEBUG - __main__ -   label: 2
02/09/2024 16:47:44 - DEBUG - __main__ -   pred: 2
02/09/2024 16:47:44 - DEBUG - __main__ -   label: 3
02/09/2024 16:47:44 - DEBUG - __main__ -   pred: 2
02/09/2024 16:47:44 - DEBUG - __main__ -   label: 2
02/09/2024 16:47:44 - DEBUG - __main__ -   pred: 2
02/09/2024 16:47:44 - DEBUG - __main__ -   label: 1
02/09/2024 16:47:44 - DEBUG - __main__ -   pred: 1
02/09/2024 16:47:44 - DEBUG - __main__ -   label: 2
02/09/2024 16:47:44 - DEBUG - __main__ -   pred: 2
02/09/2024 16:47:44 - DEBUG - __main__ -   label: 2
02/09/2024 16:47:44 - DEBUG - __main__ -   pred: 3
02/09/2024 16:47:44 - DEBUG - __main__ -   label: 2
02/09/2024 16:47:44 - DEBUG - __main__ -   pred: 3
02/09/2024 16:47:44 - DEBUG - __main__ -   label: 2
02/09/2024 16:47:44 - DEBUG - __main__ -   pred: 4
02/09/2024 16:47:44 - DEBUG - __main__ -   label: 2
02/09/2024 16:47:44 - DEBUG - __main__ -   pred: 2
02/09/2024 16:47:44 - DEBUG - __main__ -   label: 3
02/09/2024 16:47:44 - DEBUG - __main__ -   pred: 2
02/09/2024 16:47:44 - DEBUG - __main__ -   label: 2
02/09/2024 16:47:44 - DEBUG - __main__ -   pred: 2
02/09/2024 16:47:44 - DEBUG - __main__ -   label: 2
02/09/2024 16:47:44 - DEBUG - __main__ -   pred: 3
02/09/2024 16:47:44 - DEBUG - __main__ -   label: 2
02/09/2024 16:47:44 - DEBUG - __main__ -   pred: 3
02/09/2024 16:47:44 - DEBUG - __main__ -   label: 4
02/09/2024 16:47:44 - DEBUG - __main__ -   pred: 3
02/09/2024 16:47:44 - DEBUG - __main__ -   label: 3
02/09/2024 16:47:44 - DEBUG - __main__ -   pred: 3
02/09/2024 16:47:44 - DEBUG - __main__ -   label: 3
02/09/2024 16:47:44 - DEBUG - __main__ -   pred: 4
02/09/2024 16:47:44 - DEBUG - __main__ -   label: 3
02/09/2024 16:47:44 - DEBUG - __main__ -   pred: 2
02/09/2024 16:47:44 - DEBUG - __main__ -   label: 3
02/09/2024 16:47:44 - DEBUG - __main__ -   pred: 3
02/09/2024 16:47:44 - DEBUG - __main__ -   label: 2
02/09/2024 16:47:44 - DEBUG - __main__ -   pred: 1
02/09/2024 16:47:44 - DEBUG - __main__ -   label: 3
02/09/2024 16:47:44 - DEBUG - __main__ -   pred: 2
02/09/2024 16:47:44 - DEBUG - __main__ -   label: 2
02/09/2024 16:47:44 - DEBUG - __main__ -   pred: 1
02/09/2024 16:47:44 - DEBUG - __main__ -   label: 2
02/09/2024 16:47:44 - DEBUG - __main__ -   pred: 2
02/09/2024 16:47:44 - DEBUG - __main__ -   label: 3
02/09/2024 16:47:44 - DEBUG - __main__ -   pred: 3
02/09/2024 16:47:44 - DEBUG - __main__ -   label: 2
02/09/2024 16:47:44 - DEBUG - __main__ -   pred: 2
02/09/2024 16:47:44 - DEBUG - __main__ -   label: 2
02/09/2024 16:47:44 - DEBUG - __main__ -   pred: 3
02/09/2024 16:47:44 - DEBUG - __main__ -   label: 3
02/09/2024 16:47:44 - DEBUG - __main__ -   pred: 3
02/09/2024 16:47:44 - DEBUG - __main__ -   label: 2
02/09/2024 16:47:44 - DEBUG - __main__ -   pred: 2
02/09/2024 16:47:44 - DEBUG - __main__ -   label: 4
02/09/2024 16:47:44 - DEBUG - __main__ -   pred: 4
02/09/2024 16:47:44 - DEBUG - __main__ -   label: 4
02/09/2024 16:47:44 - DEBUG - __main__ -   pred: 4
02/09/2024 16:47:44 - DEBUG - __main__ -   label: 2
02/09/2024 16:47:44 - DEBUG - __main__ -   pred: 1
02/09/2024 16:47:44 - DEBUG - __main__ -   label: 2
02/09/2024 16:47:44 - DEBUG - __main__ -   pred: 2
02/09/2024 16:47:44 - DEBUG - __main__ -   label: 2
02/09/2024 16:47:44 - DEBUG - __main__ -   pred: 2
02/09/2024 16:47:44 - DEBUG - __main__ -   label: 1
02/09/2024 16:47:44 - DEBUG - __main__ -   pred: 1
02/09/2024 16:47:44 - DEBUG - __main__ -   label: 2
02/09/2024 16:47:44 - DEBUG - __main__ -   pred: 1
02/09/2024 16:47:44 - DEBUG - __main__ -   label: 2
02/09/2024 16:47:44 - DEBUG - __main__ -   pred: 2
02/09/2024 16:47:44 - DEBUG - __main__ -   label: 2
02/09/2024 16:47:44 - DEBUG - __main__ -   pred: 2
02/09/2024 16:47:44 - DEBUG - __main__ -   label: 3
02/09/2024 16:47:44 - DEBUG - __main__ -   pred: 2
02/09/2024 16:47:44 - DEBUG - __main__ -   label: 2
02/09/2024 16:47:44 - DEBUG - __main__ -   pred: 1
02/09/2024 16:47:44 - DEBUG - __main__ -   label: 2
02/09/2024 16:47:44 - DEBUG - __main__ -   pred: 2
02/09/2024 16:47:44 - DEBUG - __main__ -   label: 1
02/09/2024 16:47:44 - DEBUG - __main__ -   pred: 1
02/09/2024 16:47:44 - DEBUG - __main__ -   label: 2
02/09/2024 16:47:44 - DEBUG - __main__ -   pred: 2
02/09/2024 16:47:44 - DEBUG - __main__ -   label: 2
02/09/2024 16:47:44 - DEBUG - __main__ -   pred: 2
02/09/2024 16:47:44 - DEBUG - __main__ -   label: 3
02/09/2024 16:47:44 - DEBUG - __main__ -   pred: 2
02/09/2024 16:47:44 - DEBUG - __main__ -   label: 2
02/09/2024 16:47:44 - DEBUG - __main__ -   pred: 2
02/09/2024 16:47:44 - DEBUG - __main__ -   label: 2
02/09/2024 16:47:44 - DEBUG - __main__ -   pred: 2
02/09/2024 16:47:44 - DEBUG - __main__ -   label: 3
02/09/2024 16:47:44 - DEBUG - __main__ -   pred: 2
02/09/2024 16:47:44 - DEBUG - __main__ -   label: 3
02/09/2024 16:47:44 - DEBUG - __main__ -   pred: 2
02/09/2024 16:47:44 - DEBUG - __main__ -   label: 3
02/09/2024 16:47:44 - DEBUG - __main__ -   pred: 3
02/09/2024 16:47:44 - DEBUG - __main__ -   label: 2
02/09/2024 16:47:44 - DEBUG - __main__ -   pred: 2
02/09/2024 16:47:44 - DEBUG - __main__ -   label: 2
02/09/2024 16:47:44 - DEBUG - __main__ -   pred: 2
02/09/2024 16:47:44 - DEBUG - __main__ -   label: 2
02/09/2024 16:47:44 - DEBUG - __main__ -   pred: 2
02/09/2024 16:47:44 - DEBUG - __main__ -   label: 2
02/09/2024 16:47:44 - DEBUG - __main__ -   pred: 2
02/09/2024 16:47:44 - DEBUG - __main__ -   label: 1
02/09/2024 16:47:44 - DEBUG - __main__ -   pred: 1
02/09/2024 16:47:44 - DEBUG - __main__ -   label: 1
02/09/2024 16:47:44 - DEBUG - __main__ -   pred: 1
02/09/2024 16:47:44 - DEBUG - __main__ -   label: 1
02/09/2024 16:47:44 - DEBUG - __main__ -   pred: 1
02/09/2024 16:47:44 - DEBUG - __main__ -   label: 2
02/09/2024 16:47:44 - DEBUG - __main__ -   pred: 1
02/09/2024 16:47:44 - DEBUG - __main__ -   label: 2
02/09/2024 16:47:44 - DEBUG - __main__ -   pred: 1
02/09/2024 16:47:44 - DEBUG - __main__ -   label: 1
02/09/2024 16:47:44 - DEBUG - __main__ -   pred: 1
02/09/2024 16:47:44 - DEBUG - __main__ -   label: 2
02/09/2024 16:47:44 - DEBUG - __main__ -   pred: 1
02/09/2024 16:47:44 - DEBUG - __main__ -   label: 1
02/09/2024 16:47:44 - DEBUG - __main__ -   pred: 1
02/09/2024 16:47:44 - DEBUG - __main__ -   label: 2
02/09/2024 16:47:44 - DEBUG - __main__ -   pred: 1
02/09/2024 16:47:44 - DEBUG - __main__ -   label: 1
02/09/2024 16:47:44 - DEBUG - __main__ -   pred: 2
02/09/2024 16:47:44 - DEBUG - __main__ -   label: 2
02/09/2024 16:47:44 - DEBUG - __main__ -   pred: 1
02/09/2024 16:47:44 - DEBUG - __main__ -   label: 1
02/09/2024 16:47:44 - DEBUG - __main__ -   pred: 1
02/09/2024 16:47:44 - DEBUG - __main__ -   label: 2
02/09/2024 16:47:44 - DEBUG - __main__ -   pred: 1
02/09/2024 16:47:44 - DEBUG - __main__ -   label: 2
02/09/2024 16:47:44 - DEBUG - __main__ -   pred: 2
02/09/2024 16:47:44 - DEBUG - __main__ -   label: 0
02/09/2024 16:47:44 - DEBUG - __main__ -   pred: 1
02/09/2024 16:47:44 - DEBUG - __main__ -   label: 1
02/09/2024 16:47:44 - DEBUG - __main__ -   pred: 1
02/09/2024 16:47:44 - DEBUG - __main__ -   label: 2
02/09/2024 16:47:44 - DEBUG - __main__ -   pred: 1
02/09/2024 16:47:44 - DEBUG - __main__ -   label: 0
02/09/2024 16:47:44 - DEBUG - __main__ -   pred: 1
02/09/2024 16:47:44 - DEBUG - __main__ -   label: 2
02/09/2024 16:47:44 - DEBUG - __main__ -   pred: 2
02/09/2024 16:47:44 - DEBUG - __main__ -   label: 1
02/09/2024 16:47:44 - DEBUG - __main__ -   pred: 2
02/09/2024 16:47:44 - DEBUG - __main__ -   label: 1
02/09/2024 16:47:44 - DEBUG - __main__ -   pred: 1
02/09/2024 16:47:44 - DEBUG - __main__ -   label: 0
02/09/2024 16:47:44 - DEBUG - __main__ -   pred: 1
02/09/2024 16:47:44 - DEBUG - __main__ -   label: 1
02/09/2024 16:47:44 - DEBUG - __main__ -   pred: 1
02/09/2024 16:47:44 - DEBUG - __main__ -   label: 2
02/09/2024 16:47:44 - DEBUG - __main__ -   pred: 2
02/09/2024 16:47:44 - DEBUG - __main__ -   label: 2
02/09/2024 16:47:44 - DEBUG - __main__ -   pred: 1
02/09/2024 16:47:44 - DEBUG - __main__ -   label: 2
02/09/2024 16:47:44 - DEBUG - __main__ -   pred: 2
02/09/2024 16:47:44 - DEBUG - __main__ -   label: 2
02/09/2024 16:47:44 - DEBUG - __main__ -   pred: 1
02/09/2024 16:47:44 - DEBUG - __main__ -   label: 2
02/09/2024 16:47:44 - DEBUG - __main__ -   pred: 2
02/09/2024 16:47:44 - DEBUG - __main__ -   label: 2
02/09/2024 16:47:44 - DEBUG - __main__ -   pred: 2
02/09/2024 16:47:44 - DEBUG - __main__ -   label: 1
02/09/2024 16:47:44 - DEBUG - __main__ -   pred: 1
02/09/2024 16:47:44 - DEBUG - __main__ -   label: 2
02/09/2024 16:47:44 - DEBUG - __main__ -   pred: 2
02/09/2024 16:47:44 - DEBUG - __main__ -   label: 2
02/09/2024 16:47:44 - DEBUG - __main__ -   pred: 2
02/09/2024 16:47:44 - DEBUG - __main__ -   label: 2
02/09/2024 16:47:44 - DEBUG - __main__ -   pred: 2
02/09/2024 16:47:44 - DEBUG - __main__ -   label: 4
02/09/2024 16:47:44 - DEBUG - __main__ -   pred: 2
02/09/2024 16:47:44 - DEBUG - __main__ -   label: 3
02/09/2024 16:47:44 - DEBUG - __main__ -   pred: 3
02/09/2024 16:47:44 - DEBUG - __main__ -   label: 3
02/09/2024 16:47:44 - DEBUG - __main__ -   pred: 2
02/09/2024 16:47:44 - DEBUG - __main__ -   label: 1
02/09/2024 16:47:44 - DEBUG - __main__ -   pred: 1
02/09/2024 16:47:44 - DEBUG - __main__ -   label: 1
02/09/2024 16:47:44 - DEBUG - __main__ -   pred: 1
02/09/2024 16:47:44 - DEBUG - __main__ -   label: 3
02/09/2024 16:47:44 - DEBUG - __main__ -   pred: 3
02/09/2024 16:47:44 - DEBUG - __main__ -   label: 2
02/09/2024 16:47:44 - DEBUG - __main__ -   pred: 2
02/09/2024 16:47:44 - DEBUG - __main__ -   label: 2
02/09/2024 16:47:44 - DEBUG - __main__ -   pred: 2
02/09/2024 16:47:44 - DEBUG - __main__ -   label: 5
02/09/2024 16:47:44 - DEBUG - __main__ -   pred: 4
02/09/2024 16:47:44 - DEBUG - __main__ -   label: 3
02/09/2024 16:47:44 - DEBUG - __main__ -   pred: 4
02/09/2024 16:47:44 - DEBUG - __main__ -   label: 4
02/09/2024 16:47:44 - DEBUG - __main__ -   pred: 4
02/09/2024 16:47:44 - DEBUG - __main__ -   label: 3
02/09/2024 16:47:44 - DEBUG - __main__ -   pred: 3
02/09/2024 16:47:44 - DEBUG - __main__ -   label: 3
02/09/2024 16:47:44 - DEBUG - __main__ -   pred: 4
02/09/2024 16:47:44 - DEBUG - __main__ -   label: 1
02/09/2024 16:47:44 - DEBUG - __main__ -   pred: 3
02/09/2024 16:47:44 - DEBUG - __main__ -   label: 3
02/09/2024 16:47:44 - DEBUG - __main__ -   pred: 4
02/09/2024 16:47:44 - DEBUG - __main__ -   label: 4
02/09/2024 16:47:44 - DEBUG - __main__ -   pred: 3
02/09/2024 16:47:44 - DEBUG - __main__ -   label: 2
02/09/2024 16:47:44 - DEBUG - __main__ -   pred: 3
02/09/2024 16:47:44 - DEBUG - __main__ -   label: 2
02/09/2024 16:47:44 - DEBUG - __main__ -   pred: 3
02/09/2024 16:47:44 - DEBUG - __main__ -   label: 4
02/09/2024 16:47:44 - DEBUG - __main__ -   pred: 3
02/09/2024 16:47:44 - DEBUG - __main__ -   label: 3
02/09/2024 16:47:44 - DEBUG - __main__ -   pred: 2
02/09/2024 16:47:44 - DEBUG - __main__ -   label: 5
02/09/2024 16:47:44 - DEBUG - __main__ -   pred: 4
02/09/2024 16:47:44 - DEBUG - __main__ -   label: 4
02/09/2024 16:47:44 - DEBUG - __main__ -   pred: 4
02/09/2024 16:47:44 - DEBUG - __main__ -   label: 5
02/09/2024 16:47:44 - DEBUG - __main__ -   pred: 4
02/09/2024 16:47:44 - DEBUG - __main__ -   label: 5
02/09/2024 16:47:44 - DEBUG - __main__ -   pred: 3
02/09/2024 16:47:44 - DEBUG - __main__ -   label: 3
02/09/2024 16:47:44 - DEBUG - __main__ -   pred: 4
02/09/2024 16:47:44 - DEBUG - __main__ -   label: 3
02/09/2024 16:47:44 - DEBUG - __main__ -   pred: 4
02/09/2024 16:47:44 - DEBUG - __main__ -   label: 4
02/09/2024 16:47:44 - DEBUG - __main__ -   pred: 4
02/09/2024 16:47:44 - DEBUG - __main__ -   label: 4
02/09/2024 16:47:44 - DEBUG - __main__ -   pred: 3
02/09/2024 16:47:44 - DEBUG - __main__ -   label: 4
02/09/2024 16:47:44 - DEBUG - __main__ -   pred: 3
02/09/2024 16:47:44 - DEBUG - __main__ -   label: 3
02/09/2024 16:47:44 - DEBUG - __main__ -   pred: 3
02/09/2024 16:47:44 - DEBUG - __main__ -   label: 4
02/09/2024 16:47:44 - DEBUG - __main__ -   pred: 4
02/09/2024 16:47:44 - DEBUG - __main__ -   label: 3
02/09/2024 16:47:44 - DEBUG - __main__ -   pred: 3
02/09/2024 16:47:44 - DEBUG - __main__ -   label: 2
02/09/2024 16:47:44 - DEBUG - __main__ -   pred: 2
02/09/2024 16:47:44 - DEBUG - __main__ -   label: 2
02/09/2024 16:47:44 - DEBUG - __main__ -   pred: 2
02/09/2024 16:47:44 - DEBUG - __main__ -   label: 3
02/09/2024 16:47:44 - DEBUG - __main__ -   pred: 3
02/09/2024 16:47:44 - DEBUG - __main__ -   label: 1
02/09/2024 16:47:44 - DEBUG - __main__ -   pred: 2
02/09/2024 16:47:44 - DEBUG - __main__ -   label: 2
02/09/2024 16:47:44 - DEBUG - __main__ -   pred: 2
02/09/2024 16:47:44 - DEBUG - __main__ -   label: 2
02/09/2024 16:47:44 - DEBUG - __main__ -   pred: 2
02/09/2024 16:47:44 - DEBUG - __main__ -   label: 3
02/09/2024 16:47:44 - DEBUG - __main__ -   pred: 3
02/09/2024 16:47:44 - DEBUG - __main__ -   label: 3
02/09/2024 16:47:44 - DEBUG - __main__ -   pred: 2
02/09/2024 16:47:44 - DEBUG - __main__ -   label: 2
02/09/2024 16:47:44 - DEBUG - __main__ -   pred: 2
02/09/2024 16:47:44 - DEBUG - __main__ -   label: 2
02/09/2024 16:47:44 - DEBUG - __main__ -   pred: 2
02/09/2024 16:47:44 - DEBUG - __main__ -   label: 3
02/09/2024 16:47:44 - DEBUG - __main__ -   pred: 2
02/09/2024 16:47:44 - DEBUG - __main__ -   label: 2
02/09/2024 16:47:44 - DEBUG - __main__ -   pred: 1
02/09/2024 16:47:44 - DEBUG - __main__ -   label: 3
02/09/2024 16:47:44 - DEBUG - __main__ -   pred: 3
02/09/2024 16:47:44 - DEBUG - __main__ -   label: 3
02/09/2024 16:47:44 - DEBUG - __main__ -   pred: 3
02/09/2024 16:47:44 - DEBUG - __main__ -   label: 3
02/09/2024 16:47:44 - DEBUG - __main__ -   pred: 3
02/09/2024 16:47:44 - DEBUG - __main__ -   label: 4
02/09/2024 16:47:44 - DEBUG - __main__ -   pred: 3
02/09/2024 16:47:44 - DEBUG - __main__ -   label: 3
02/09/2024 16:47:44 - DEBUG - __main__ -   pred: 2
02/09/2024 16:47:44 - DEBUG - __main__ -   label: 2
02/09/2024 16:47:44 - DEBUG - __main__ -   pred: 2
02/09/2024 16:47:44 - DEBUG - __main__ -   label: 4
02/09/2024 16:47:44 - DEBUG - __main__ -   pred: 3
02/09/2024 16:47:44 - DEBUG - __main__ -   label: 2
02/09/2024 16:47:44 - DEBUG - __main__ -   pred: 2
02/09/2024 16:47:44 - DEBUG - __main__ -   label: 2
02/09/2024 16:47:44 - DEBUG - __main__ -   pred: 3
02/09/2024 16:47:44 - DEBUG - __main__ -   label: 4
02/09/2024 16:47:44 - DEBUG - __main__ -   pred: 3
02/09/2024 16:47:44 - DEBUG - __main__ -   label: 2
02/09/2024 16:47:44 - DEBUG - __main__ -   pred: 3
02/09/2024 16:47:44 - DEBUG - __main__ -   label: 1
02/09/2024 16:47:44 - DEBUG - __main__ -   pred: 3
02/09/2024 16:47:44 - DEBUG - __main__ -   label: 3
02/09/2024 16:47:44 - DEBUG - __main__ -   pred: 3
02/09/2024 16:47:44 - DEBUG - __main__ -   label: 3
02/09/2024 16:47:44 - DEBUG - __main__ -   pred: 4
02/09/2024 16:47:44 - DEBUG - __main__ -   label: 2
02/09/2024 16:47:44 - DEBUG - __main__ -   pred: 1
02/09/2024 16:47:44 - DEBUG - __main__ -   label: 2
02/09/2024 16:47:44 - DEBUG - __main__ -   pred: 2
02/09/2024 16:47:44 - DEBUG - __main__ -   label: 2
02/09/2024 16:47:44 - DEBUG - __main__ -   pred: 1
02/09/2024 16:47:44 - DEBUG - __main__ -   label: 2
02/09/2024 16:47:44 - DEBUG - __main__ -   pred: 1
02/09/2024 16:47:44 - DEBUG - __main__ -   label: 2
02/09/2024 16:47:44 - DEBUG - __main__ -   pred: 2
02/09/2024 16:47:44 - DEBUG - __main__ -   label: 4
02/09/2024 16:47:44 - DEBUG - __main__ -   pred: 2
02/09/2024 16:47:44 - DEBUG - __main__ -   label: 2
02/09/2024 16:47:44 - DEBUG - __main__ -   pred: 2
02/09/2024 16:47:44 - DEBUG - __main__ -   label: 2
02/09/2024 16:47:44 - DEBUG - __main__ -   pred: 1
02/09/2024 16:47:44 - DEBUG - __main__ -   label: 3
02/09/2024 16:47:44 - DEBUG - __main__ -   pred: 3
02/09/2024 16:47:44 - DEBUG - __main__ -   label: 2
02/09/2024 16:47:44 - DEBUG - __main__ -   pred: 1
02/09/2024 16:47:44 - DEBUG - __main__ -   label: 3
02/09/2024 16:47:44 - DEBUG - __main__ -   pred: 2
02/09/2024 16:47:44 - DEBUG - __main__ -   label: 1
02/09/2024 16:47:44 - DEBUG - __main__ -   pred: 1
02/09/2024 16:47:44 - DEBUG - __main__ -   label: 1
02/09/2024 16:47:44 - DEBUG - __main__ -   pred: 1
02/09/2024 16:47:44 - DEBUG - __main__ -   label: 3
02/09/2024 16:47:44 - DEBUG - __main__ -   pred: 2
02/09/2024 16:47:44 - DEBUG - __main__ -   label: 2
02/09/2024 16:47:44 - DEBUG - __main__ -   pred: 2
02/09/2024 16:47:44 - DEBUG - __main__ -   label: 2
02/09/2024 16:47:44 - DEBUG - __main__ -   pred: 1
02/09/2024 16:47:44 - DEBUG - __main__ -   label: 1
02/09/2024 16:47:44 - DEBUG - __main__ -   pred: 1
02/09/2024 16:47:44 - DEBUG - __main__ -   label: 2
02/09/2024 16:47:44 - DEBUG - __main__ -   pred: 1
02/09/2024 16:47:44 - DEBUG - __main__ -   label: 2
02/09/2024 16:47:44 - DEBUG - __main__ -   pred: 2
02/09/2024 16:47:44 - DEBUG - __main__ -   label: 2
02/09/2024 16:47:44 - DEBUG - __main__ -   pred: 1
02/09/2024 16:47:44 - DEBUG - __main__ -   label: 1
02/09/2024 16:47:44 - DEBUG - __main__ -   pred: 1
02/09/2024 16:47:44 - DEBUG - __main__ -   label: 2
02/09/2024 16:47:44 - DEBUG - __main__ -   pred: 2
02/09/2024 16:47:44 - DEBUG - __main__ -   label: 1
02/09/2024 16:47:44 - DEBUG - __main__ -   pred: 1
02/09/2024 16:47:44 - DEBUG - __main__ -   label: 1
02/09/2024 16:47:44 - DEBUG - __main__ -   pred: 1
02/09/2024 16:47:44 - DEBUG - __main__ -   label: 1
02/09/2024 16:47:44 - DEBUG - __main__ -   pred: 1
02/09/2024 16:47:44 - DEBUG - __main__ -   label: 1
02/09/2024 16:47:44 - DEBUG - __main__ -   pred: 1
02/09/2024 16:47:44 - DEBUG - __main__ -   label: 2
02/09/2024 16:47:44 - DEBUG - __main__ -   pred: 2
02/09/2024 16:47:44 - DEBUG - __main__ -   label: 2
02/09/2024 16:47:44 - DEBUG - __main__ -   pred: 2
02/09/2024 16:47:44 - DEBUG - __main__ -   label: 1
02/09/2024 16:47:44 - DEBUG - __main__ -   pred: 1
02/09/2024 16:47:44 - DEBUG - __main__ -   label: 1
02/09/2024 16:47:44 - DEBUG - __main__ -   pred: 2
02/09/2024 16:47:44 - DEBUG - __main__ -   label: 1
02/09/2024 16:47:44 - DEBUG - __main__ -   pred: 0
02/09/2024 16:47:44 - DEBUG - __main__ -   label: 3
02/09/2024 16:47:44 - DEBUG - __main__ -   pred: 3
02/09/2024 16:47:44 - DEBUG - __main__ -   label: 3
02/09/2024 16:47:44 - DEBUG - __main__ -   pred: 2
02/09/2024 16:47:44 - DEBUG - __main__ -   label: 2
02/09/2024 16:47:44 - DEBUG - __main__ -   pred: 3
02/09/2024 16:47:44 - DEBUG - __main__ -   label: 3
02/09/2024 16:47:44 - DEBUG - __main__ -   pred: 3
02/09/2024 16:47:44 - DEBUG - __main__ -   label: 2
02/09/2024 16:47:44 - DEBUG - __main__ -   pred: 2
02/09/2024 16:47:44 - DEBUG - __main__ -   label: 2
02/09/2024 16:47:44 - DEBUG - __main__ -   pred: 2
02/09/2024 16:47:44 - DEBUG - __main__ -   label: 1
02/09/2024 16:47:44 - DEBUG - __main__ -   pred: 1
02/09/2024 16:47:44 - DEBUG - __main__ -   label: 2
02/09/2024 16:47:44 - DEBUG - __main__ -   pred: 2
02/09/2024 16:47:44 - DEBUG - __main__ -   label: 2
02/09/2024 16:47:44 - DEBUG - __main__ -   pred: 3
02/09/2024 16:47:44 - DEBUG - __main__ -   label: 1
02/09/2024 16:47:44 - DEBUG - __main__ -   pred: 0
02/09/2024 16:47:44 - DEBUG - __main__ -   label: 3
02/09/2024 16:47:44 - DEBUG - __main__ -   pred: 3
02/09/2024 16:47:44 - DEBUG - __main__ -   label: 1
02/09/2024 16:47:44 - DEBUG - __main__ -   pred: 1
02/09/2024 16:47:44 - DEBUG - __main__ -   label: 2
02/09/2024 16:47:44 - DEBUG - __main__ -   pred: 3
02/09/2024 16:47:44 - DEBUG - __main__ -   label: 2
02/09/2024 16:47:44 - DEBUG - __main__ -   pred: 1
02/09/2024 16:47:44 - DEBUG - __main__ -   label: 3
02/09/2024 16:47:44 - DEBUG - __main__ -   pred: 3
02/09/2024 16:47:44 - DEBUG - __main__ -   label: 2
02/09/2024 16:47:44 - DEBUG - __main__ -   pred: 2
02/09/2024 16:47:44 - DEBUG - __main__ -   label: 0
02/09/2024 16:47:44 - DEBUG - __main__ -   pred: 1
02/09/2024 16:47:44 - DEBUG - __main__ -   label: 4
02/09/2024 16:47:44 - DEBUG - __main__ -   pred: 3
02/09/2024 16:47:44 - DEBUG - __main__ -   label: 1
02/09/2024 16:47:44 - DEBUG - __main__ -   pred: 2
02/09/2024 16:47:44 - DEBUG - __main__ -   label: 3
02/09/2024 16:47:44 - DEBUG - __main__ -   pred: 3
02/09/2024 16:47:44 - DEBUG - __main__ -   label: 1
02/09/2024 16:47:44 - DEBUG - __main__ -   pred: 1
02/09/2024 16:47:44 - DEBUG - __main__ -   label: 2
02/09/2024 16:47:44 - DEBUG - __main__ -   pred: 2
02/09/2024 16:47:44 - DEBUG - __main__ -   label: 1
02/09/2024 16:47:44 - DEBUG - __main__ -   pred: 1
02/09/2024 16:47:44 - DEBUG - __main__ -   label: 1
02/09/2024 16:47:44 - DEBUG - __main__ -   pred: 1
02/09/2024 16:47:44 - DEBUG - __main__ -   label: 0
02/09/2024 16:47:44 - DEBUG - __main__ -   pred: 1
02/09/2024 16:47:44 - DEBUG - __main__ -   label: 1
02/09/2024 16:47:44 - DEBUG - __main__ -   pred: 1
02/09/2024 16:47:44 - DEBUG - __main__ -   label: 2
02/09/2024 16:47:44 - DEBUG - __main__ -   pred: 1
02/09/2024 16:47:44 - DEBUG - __main__ -   label: 3
02/09/2024 16:47:44 - DEBUG - __main__ -   pred: 2
02/09/2024 16:47:44 - DEBUG - __main__ -   label: 1
02/09/2024 16:47:44 - DEBUG - __main__ -   pred: 2
02/09/2024 16:47:44 - DEBUG - __main__ -   label: 2
02/09/2024 16:47:44 - DEBUG - __main__ -   pred: 2
02/09/2024 16:47:44 - DEBUG - __main__ -   label: 2
02/09/2024 16:47:44 - DEBUG - __main__ -   pred: 2
02/09/2024 16:47:44 - DEBUG - __main__ -   label: 3
02/09/2024 16:47:44 - DEBUG - __main__ -   pred: 2
02/09/2024 16:47:44 - DEBUG - __main__ -   label: 3
02/09/2024 16:47:44 - DEBUG - __main__ -   pred: 2
02/09/2024 16:47:44 - DEBUG - __main__ -   label: 1
02/09/2024 16:47:44 - DEBUG - __main__ -   pred: 2
02/09/2024 16:47:44 - DEBUG - __main__ -   label: 2
02/09/2024 16:47:44 - DEBUG - __main__ -   pred: 3
02/09/2024 16:47:44 - DEBUG - __main__ -   label: 3
02/09/2024 16:47:44 - DEBUG - __main__ -   pred: 3
02/09/2024 16:47:44 - DEBUG - __main__ -   label: 2
02/09/2024 16:47:44 - DEBUG - __main__ -   pred: 2
02/09/2024 16:47:44 - DEBUG - __main__ -   label: 3
02/09/2024 16:47:44 - DEBUG - __main__ -   pred: 3
02/09/2024 16:47:44 - DEBUG - __main__ -   label: 2
02/09/2024 16:47:44 - DEBUG - __main__ -   pred: 2
02/09/2024 16:47:44 - DEBUG - __main__ -   label: 2
02/09/2024 16:47:44 - DEBUG - __main__ -   pred: 2
02/09/2024 16:47:44 - DEBUG - __main__ -   label: 4
02/09/2024 16:47:44 - DEBUG - __main__ -   pred: 2
02/09/2024 16:47:44 - DEBUG - __main__ -   label: 2
02/09/2024 16:47:44 - DEBUG - __main__ -   pred: 2
02/09/2024 16:47:44 - DEBUG - __main__ -   label: 1
02/09/2024 16:47:44 - DEBUG - __main__ -   pred: 1
02/09/2024 16:47:44 - DEBUG - __main__ -   label: 2
02/09/2024 16:47:44 - DEBUG - __main__ -   pred: 2
02/09/2024 16:47:44 - DEBUG - __main__ -   label: 3
02/09/2024 16:47:44 - DEBUG - __main__ -   pred: 3
02/09/2024 16:47:44 - DEBUG - __main__ -   label: 2
02/09/2024 16:47:44 - DEBUG - __main__ -   pred: 1
02/09/2024 16:47:44 - DEBUG - __main__ -   label: 4
02/09/2024 16:47:44 - DEBUG - __main__ -   pred: 3
02/09/2024 16:47:44 - DEBUG - __main__ -   label: 2
02/09/2024 16:47:44 - DEBUG - __main__ -   pred: 3
02/09/2024 16:47:44 - DEBUG - __main__ -   label: 2
02/09/2024 16:47:44 - DEBUG - __main__ -   pred: 2
02/09/2024 16:47:44 - DEBUG - __main__ -   label: 2
02/09/2024 16:47:44 - DEBUG - __main__ -   pred: 1
02/09/2024 16:47:44 - DEBUG - __main__ -   label: 2
02/09/2024 16:47:44 - DEBUG - __main__ -   pred: 2
02/09/2024 16:47:44 - DEBUG - __main__ -   label: 3
02/09/2024 16:47:44 - DEBUG - __main__ -   pred: 2
02/09/2024 16:47:44 - DEBUG - __main__ -   label: 2
02/09/2024 16:47:44 - DEBUG - __main__ -   pred: 2
02/09/2024 16:47:44 - DEBUG - __main__ -   label: 3
02/09/2024 16:47:44 - DEBUG - __main__ -   pred: 3
02/09/2024 16:47:44 - DEBUG - __main__ -   label: 1
02/09/2024 16:47:44 - DEBUG - __main__ -   pred: 2
02/09/2024 16:47:44 - DEBUG - __main__ -   label: 2
02/09/2024 16:47:44 - DEBUG - __main__ -   pred: 3
02/09/2024 16:47:44 - DEBUG - __main__ -   label: 2
02/09/2024 16:47:44 - DEBUG - __main__ -   pred: 3
02/09/2024 16:47:44 - DEBUG - __main__ -   label: 2
02/09/2024 16:47:44 - DEBUG - __main__ -   pred: 1
02/09/2024 16:47:44 - DEBUG - __main__ -   label: 2
02/09/2024 16:47:44 - DEBUG - __main__ -   pred: 1
02/09/2024 16:47:44 - DEBUG - __main__ -   label: 2
02/09/2024 16:47:44 - DEBUG - __main__ -   pred: 2
02/09/2024 16:47:44 - DEBUG - __main__ -   label: 4
02/09/2024 16:47:44 - DEBUG - __main__ -   pred: 4
02/09/2024 16:47:44 - DEBUG - __main__ -   label: 2
02/09/2024 16:47:44 - DEBUG - __main__ -   pred: 2
02/09/2024 16:47:44 - DEBUG - __main__ -   label: 4
02/09/2024 16:47:44 - DEBUG - __main__ -   pred: 3
02/09/2024 16:47:44 - DEBUG - __main__ -   label: 4
02/09/2024 16:47:44 - DEBUG - __main__ -   pred: 4
02/09/2024 16:47:44 - DEBUG - __main__ -   label: 2
02/09/2024 16:47:44 - DEBUG - __main__ -   pred: 2
02/09/2024 16:47:44 - DEBUG - __main__ -   label: 1
02/09/2024 16:47:44 - DEBUG - __main__ -   pred: 2
02/09/2024 16:47:44 - DEBUG - __main__ -   label: 1
02/09/2024 16:47:44 - DEBUG - __main__ -   pred: 1
02/09/2024 16:47:44 - DEBUG - __main__ -   label: 2
02/09/2024 16:47:44 - DEBUG - __main__ -   pred: 2
02/09/2024 16:47:44 - DEBUG - __main__ -   label: 4
02/09/2024 16:47:44 - DEBUG - __main__ -   pred: 3
02/09/2024 16:47:44 - DEBUG - __main__ -   label: 1
02/09/2024 16:47:44 - DEBUG - __main__ -   pred: 3
02/09/2024 16:47:44 - DEBUG - __main__ -   label: 4
02/09/2024 16:47:44 - DEBUG - __main__ -   pred: 3
02/09/2024 16:47:44 - DEBUG - __main__ -   label: 2
02/09/2024 16:47:44 - DEBUG - __main__ -   pred: 3
02/09/2024 16:47:44 - DEBUG - __main__ -   label: 2
02/09/2024 16:47:44 - DEBUG - __main__ -   pred: 2
02/09/2024 16:47:44 - DEBUG - __main__ -   label: 1
02/09/2024 16:47:44 - DEBUG - __main__ -   pred: 1
02/09/2024 16:47:44 - DEBUG - __main__ -   label: 1
02/09/2024 16:47:44 - DEBUG - __main__ -   pred: 2
02/09/2024 16:47:44 - DEBUG - __main__ -   label: 3
02/09/2024 16:47:44 - DEBUG - __main__ -   pred: 2
02/09/2024 16:47:44 - DEBUG - __main__ -   label: 2
02/09/2024 16:47:44 - DEBUG - __main__ -   pred: 2
02/09/2024 16:47:44 - DEBUG - __main__ -   label: 2
02/09/2024 16:47:44 - DEBUG - __main__ -   pred: 2
02/09/2024 16:47:44 - DEBUG - __main__ -   label: 2
02/09/2024 16:47:44 - DEBUG - __main__ -   pred: 2
02/09/2024 16:47:44 - DEBUG - __main__ -   label: 3
02/09/2024 16:47:44 - DEBUG - __main__ -   pred: 2
02/09/2024 16:47:44 - DEBUG - __main__ -   label: 2
02/09/2024 16:47:44 - DEBUG - __main__ -   pred: 2
02/09/2024 16:47:44 - DEBUG - __main__ -   label: 3
02/09/2024 16:47:44 - DEBUG - __main__ -   pred: 2
02/09/2024 16:47:44 - DEBUG - __main__ -   label: 3
02/09/2024 16:47:44 - DEBUG - __main__ -   pred: 3
02/09/2024 16:47:44 - DEBUG - __main__ -   label: 3
02/09/2024 16:47:44 - DEBUG - __main__ -   pred: 4
02/09/2024 16:47:44 - DEBUG - __main__ -   label: 2
02/09/2024 16:47:44 - DEBUG - __main__ -   pred: 2
02/09/2024 16:47:44 - DEBUG - __main__ -   label: 3
02/09/2024 16:47:44 - DEBUG - __main__ -   pred: 3
02/09/2024 16:47:44 - DEBUG - __main__ -   label: 4
02/09/2024 16:47:44 - DEBUG - __main__ -   pred: 3
02/09/2024 16:47:44 - DEBUG - __main__ -   label: 3
02/09/2024 16:47:44 - DEBUG - __main__ -   pred: 2
02/09/2024 16:47:44 - DEBUG - __main__ -   label: 2
02/09/2024 16:47:44 - DEBUG - __main__ -   pred: 2
02/09/2024 16:47:44 - DEBUG - __main__ -   label: 2
02/09/2024 16:47:44 - DEBUG - __main__ -   pred: 2
02/09/2024 16:47:44 - DEBUG - __main__ -   label: 3
02/09/2024 16:47:44 - DEBUG - __main__ -   pred: 2
02/09/2024 16:47:44 - DEBUG - __main__ -   label: 2
02/09/2024 16:47:44 - DEBUG - __main__ -   pred: 3
02/09/2024 16:47:44 - DEBUG - __main__ -   label: 2
02/09/2024 16:47:44 - DEBUG - __main__ -   pred: 2
02/09/2024 16:47:44 - DEBUG - __main__ -   label: 3
02/09/2024 16:47:44 - DEBUG - __main__ -   pred: 2
02/09/2024 16:47:44 - DEBUG - __main__ -   label: 3
02/09/2024 16:47:44 - DEBUG - __main__ -   pred: 3
02/09/2024 16:47:44 - DEBUG - __main__ -   label: 2
02/09/2024 16:47:44 - DEBUG - __main__ -   pred: 2
02/09/2024 16:47:44 - DEBUG - __main__ -   label: 2
02/09/2024 16:47:44 - DEBUG - __main__ -   pred: 2
02/09/2024 16:47:44 - DEBUG - __main__ -   label: 1
02/09/2024 16:47:44 - DEBUG - __main__ -   pred: 1
02/09/2024 16:47:44 - DEBUG - __main__ -   label: 2
02/09/2024 16:47:44 - DEBUG - __main__ -   pred: 3
02/09/2024 16:47:44 - DEBUG - __main__ -   label: 2
02/09/2024 16:47:44 - DEBUG - __main__ -   pred: 2
02/09/2024 16:47:44 - DEBUG - __main__ -   label: 2
02/09/2024 16:47:44 - DEBUG - __main__ -   pred: 2
02/09/2024 16:47:44 - DEBUG - __main__ -   label: 0
02/09/2024 16:47:44 - DEBUG - __main__ -   pred: 1
02/09/2024 16:47:44 - DEBUG - __main__ -   label: 3
02/09/2024 16:47:44 - DEBUG - __main__ -   pred: 3
02/09/2024 16:47:44 - DEBUG - __main__ -   label: 2
02/09/2024 16:47:44 - DEBUG - __main__ -   pred: 1
02/09/2024 16:47:44 - DEBUG - __main__ -   label: 2
02/09/2024 16:47:44 - DEBUG - __main__ -   pred: 3
02/09/2024 16:47:44 - DEBUG - __main__ -   label: 3
02/09/2024 16:47:44 - DEBUG - __main__ -   pred: 2
02/09/2024 16:47:44 - DEBUG - __main__ -   label: 1
02/09/2024 16:47:44 - DEBUG - __main__ -   pred: 2
02/09/2024 16:47:44 - DEBUG - __main__ -   label: 3
02/09/2024 16:47:44 - DEBUG - __main__ -   pred: 3
02/09/2024 16:47:44 - DEBUG - __main__ -   label: 3
02/09/2024 16:47:44 - DEBUG - __main__ -   pred: 3
02/09/2024 16:47:44 - DEBUG - __main__ -   label: 3
02/09/2024 16:47:44 - DEBUG - __main__ -   pred: 3
02/09/2024 16:47:44 - DEBUG - __main__ -   label: 3
02/09/2024 16:47:44 - DEBUG - __main__ -   pred: 3
02/09/2024 16:47:44 - DEBUG - __main__ -   label: 1
02/09/2024 16:47:44 - DEBUG - __main__ -   pred: 1
02/09/2024 16:47:44 - DEBUG - __main__ -   label: 1
02/09/2024 16:47:44 - DEBUG - __main__ -   pred: 1
02/09/2024 16:47:44 - DEBUG - __main__ -   label: 1
02/09/2024 16:47:44 - DEBUG - __main__ -   pred: 1
02/09/2024 16:47:44 - DEBUG - __main__ -   label: 2
02/09/2024 16:47:44 - DEBUG - __main__ -   pred: 3
02/09/2024 16:47:44 - DEBUG - __main__ -   label: 1
02/09/2024 16:47:44 - DEBUG - __main__ -   pred: 0
02/09/2024 16:47:44 - DEBUG - __main__ -   label: 2
02/09/2024 16:47:44 - DEBUG - __main__ -   pred: 3
02/09/2024 16:47:44 - DEBUG - __main__ -   label: 2
02/09/2024 16:47:44 - DEBUG - __main__ -   pred: 1
02/09/2024 16:47:44 - DEBUG - __main__ -   label: 2
02/09/2024 16:47:44 - DEBUG - __main__ -   pred: 2
02/09/2024 16:47:44 - DEBUG - __main__ -   label: 1
02/09/2024 16:47:44 - DEBUG - __main__ -   pred: 1
02/09/2024 16:47:44 - DEBUG - __main__ -   label: 2
02/09/2024 16:47:44 - DEBUG - __main__ -   pred: 1
02/09/2024 16:47:44 - DEBUG - __main__ -   label: 2
02/09/2024 16:47:44 - DEBUG - __main__ -   pred: 3
02/09/2024 16:47:44 - DEBUG - __main__ -   label: 2
02/09/2024 16:47:44 - DEBUG - __main__ -   pred: 3
02/09/2024 16:47:44 - DEBUG - __main__ -   label: 1
02/09/2024 16:47:44 - DEBUG - __main__ -   pred: 1
02/09/2024 16:47:44 - DEBUG - __main__ -   label: 2
02/09/2024 16:47:44 - DEBUG - __main__ -   pred: 1
02/09/2024 16:47:44 - DEBUG - __main__ -   label: 1
02/09/2024 16:47:44 - DEBUG - __main__ -   pred: 1
02/09/2024 16:47:44 - DEBUG - __main__ -   label: 2
02/09/2024 16:47:44 - DEBUG - __main__ -   pred: 3
02/09/2024 16:47:44 - DEBUG - __main__ -   label: 2
02/09/2024 16:47:44 - DEBUG - __main__ -   pred: 1
02/09/2024 16:47:44 - DEBUG - __main__ -   label: 2
02/09/2024 16:47:44 - DEBUG - __main__ -   pred: 1
02/09/2024 16:47:44 - DEBUG - __main__ -   label: 3
02/09/2024 16:47:44 - DEBUG - __main__ -   pred: 2
02/09/2024 16:47:44 - DEBUG - __main__ -   label: 1
02/09/2024 16:47:44 - DEBUG - __main__ -   pred: 1
02/09/2024 16:47:44 - DEBUG - __main__ -   label: 3
02/09/2024 16:47:44 - DEBUG - __main__ -   pred: 1
02/09/2024 16:47:44 - DEBUG - __main__ -   label: 1
02/09/2024 16:47:44 - DEBUG - __main__ -   pred: 1
02/09/2024 16:47:44 - DEBUG - __main__ -   label: 2
02/09/2024 16:47:44 - DEBUG - __main__ -   pred: 1
02/09/2024 16:47:44 - DEBUG - __main__ -   label: 2
02/09/2024 16:47:44 - DEBUG - __main__ -   pred: 1
02/09/2024 16:47:44 - DEBUG - __main__ -   label: 3
02/09/2024 16:47:44 - DEBUG - __main__ -   pred: 2
02/09/2024 16:47:44 - DEBUG - __main__ -   label: 2
02/09/2024 16:47:44 - DEBUG - __main__ -   pred: 2
02/09/2024 16:47:44 - DEBUG - __main__ -   label: 2
02/09/2024 16:47:44 - DEBUG - __main__ -   pred: 2
02/09/2024 16:47:44 - DEBUG - __main__ -   label: 3
02/09/2024 16:47:44 - DEBUG - __main__ -   pred: 2
02/09/2024 16:47:44 - DEBUG - __main__ -   label: 1
02/09/2024 16:47:44 - DEBUG - __main__ -   pred: 1
02/09/2024 16:47:44 - DEBUG - __main__ -   label: 1
02/09/2024 16:47:44 - DEBUG - __main__ -   pred: 2
02/09/2024 16:47:44 - DEBUG - __main__ -   label: 3
02/09/2024 16:47:44 - DEBUG - __main__ -   pred: 2
02/09/2024 16:47:44 - DEBUG - __main__ -   label: 3
02/09/2024 16:47:44 - DEBUG - __main__ -   pred: 3
02/09/2024 16:47:44 - DEBUG - __main__ -   label: 3
02/09/2024 16:47:44 - DEBUG - __main__ -   pred: 2
02/09/2024 16:47:44 - DEBUG - __main__ -   label: 3
02/09/2024 16:47:44 - DEBUG - __main__ -   pred: 3
02/09/2024 16:47:44 - DEBUG - __main__ -   label: 4
02/09/2024 16:47:44 - DEBUG - __main__ -   pred: 3
02/09/2024 16:47:44 - DEBUG - __main__ -   label: 2
02/09/2024 16:47:44 - DEBUG - __main__ -   pred: 2
02/09/2024 16:47:44 - DEBUG - __main__ -   label: 2
02/09/2024 16:47:44 - DEBUG - __main__ -   pred: 2
02/09/2024 16:47:44 - DEBUG - __main__ -   label: 2
02/09/2024 16:47:44 - DEBUG - __main__ -   pred: 2
02/09/2024 16:47:44 - DEBUG - __main__ -   label: 2
02/09/2024 16:47:44 - DEBUG - __main__ -   pred: 1
02/09/2024 16:47:44 - DEBUG - __main__ -   label: 2
02/09/2024 16:47:44 - DEBUG - __main__ -   pred: 1
02/09/2024 16:47:44 - DEBUG - __main__ -   label: 2
02/09/2024 16:47:44 - DEBUG - __main__ -   pred: 2
02/09/2024 16:47:44 - DEBUG - __main__ -   label: 2
02/09/2024 16:47:44 - DEBUG - __main__ -   pred: 2
02/09/2024 16:47:44 - DEBUG - __main__ -   label: 2
02/09/2024 16:47:44 - DEBUG - __main__ -   pred: 2
02/09/2024 16:47:44 - DEBUG - __main__ -   label: 2
02/09/2024 16:47:44 - DEBUG - __main__ -   pred: 2
02/09/2024 16:47:44 - DEBUG - __main__ -   label: 2
02/09/2024 16:47:44 - DEBUG - __main__ -   pred: 2
02/09/2024 16:47:44 - DEBUG - __main__ -   label: 3
02/09/2024 16:47:44 - DEBUG - __main__ -   pred: 2
02/09/2024 16:47:44 - DEBUG - __main__ -   label: 1
02/09/2024 16:47:44 - DEBUG - __main__ -   pred: 1
02/09/2024 16:47:44 - DEBUG - __main__ -   label: 3
02/09/2024 16:47:44 - DEBUG - __main__ -   pred: 2
02/09/2024 16:47:44 - DEBUG - __main__ -   label: 1
02/09/2024 16:47:44 - DEBUG - __main__ -   pred: 1
02/09/2024 16:47:44 - DEBUG - __main__ -   label: 2
02/09/2024 16:47:44 - DEBUG - __main__ -   pred: 2
02/09/2024 16:47:44 - DEBUG - __main__ -   label: 2
02/09/2024 16:47:44 - DEBUG - __main__ -   pred: 1
02/09/2024 16:47:44 - DEBUG - __main__ -   label: 2
02/09/2024 16:47:44 - DEBUG - __main__ -   pred: 3
02/09/2024 16:47:44 - DEBUG - __main__ -   label: 1
02/09/2024 16:47:44 - DEBUG - __main__ -   pred: 1
02/09/2024 16:47:44 - DEBUG - __main__ -   label: 2
02/09/2024 16:47:44 - DEBUG - __main__ -   pred: 1
02/09/2024 16:47:44 - DEBUG - __main__ -   label: 3
02/09/2024 16:47:44 - DEBUG - __main__ -   pred: 2
02/09/2024 16:47:44 - DEBUG - __main__ -   label: 1
02/09/2024 16:47:44 - DEBUG - __main__ -   pred: 2
02/09/2024 16:47:44 - DEBUG - __main__ -   label: 4
02/09/2024 16:47:44 - DEBUG - __main__ -   pred: 4
02/09/2024 16:47:44 - DEBUG - __main__ -   label: 2
02/09/2024 16:47:44 - DEBUG - __main__ -   pred: 4
02/09/2024 16:47:44 - DEBUG - __main__ -   label: 3
02/09/2024 16:47:44 - DEBUG - __main__ -   pred: 3
02/09/2024 16:47:44 - DEBUG - __main__ -   label: 2
02/09/2024 16:47:44 - DEBUG - __main__ -   pred: 2
02/09/2024 16:47:44 - DEBUG - __main__ -   label: 3
02/09/2024 16:47:44 - DEBUG - __main__ -   pred: 2
02/09/2024 16:47:44 - DEBUG - __main__ -   label: 2
02/09/2024 16:47:44 - DEBUG - __main__ -   pred: 2
02/09/2024 16:47:44 - DEBUG - __main__ -   label: 2
02/09/2024 16:47:44 - DEBUG - __main__ -   pred: 1
02/09/2024 16:47:44 - DEBUG - __main__ -   label: 3
02/09/2024 16:47:44 - DEBUG - __main__ -   pred: 1
02/09/2024 16:47:44 - DEBUG - __main__ -   label: 3
02/09/2024 16:47:44 - DEBUG - __main__ -   pred: 3
02/09/2024 16:47:44 - DEBUG - __main__ -   label: 2
02/09/2024 16:47:44 - DEBUG - __main__ -   pred: 2
02/09/2024 16:47:44 - DEBUG - __main__ -   label: 2
02/09/2024 16:47:44 - DEBUG - __main__ -   pred: 3
02/09/2024 16:47:44 - DEBUG - __main__ -   label: 3
02/09/2024 16:47:44 - DEBUG - __main__ -   pred: 2
02/09/2024 16:47:44 - DEBUG - __main__ -   label: 2
02/09/2024 16:47:44 - DEBUG - __main__ -   pred: 3
02/09/2024 16:47:44 - DEBUG - __main__ -   label: 3
02/09/2024 16:47:44 - DEBUG - __main__ -   pred: 3
02/09/2024 16:47:44 - DEBUG - __main__ -   label: 3
02/09/2024 16:47:44 - DEBUG - __main__ -   pred: 3
02/09/2024 16:47:44 - DEBUG - __main__ -   label: 2
02/09/2024 16:47:44 - DEBUG - __main__ -   pred: 2
02/09/2024 16:47:44 - DEBUG - __main__ -   label: 2
02/09/2024 16:47:44 - DEBUG - __main__ -   pred: 2
02/09/2024 16:47:44 - DEBUG - __main__ -   label: 3
02/09/2024 16:47:44 - DEBUG - __main__ -   pred: 2
02/09/2024 16:47:44 - DEBUG - __main__ -   label: 2
02/09/2024 16:47:44 - DEBUG - __main__ -   pred: 1
02/09/2024 16:47:44 - DEBUG - __main__ -   label: 2
02/09/2024 16:47:44 - DEBUG - __main__ -   pred: 0
02/09/2024 16:47:44 - DEBUG - __main__ -   label: 2
02/09/2024 16:47:44 - DEBUG - __main__ -   pred: 1
02/09/2024 16:47:44 - DEBUG - __main__ -   label: 1
02/09/2024 16:47:44 - DEBUG - __main__ -   pred: 1
02/09/2024 16:47:44 - DEBUG - __main__ -   label: 2
02/09/2024 16:47:44 - DEBUG - __main__ -   pred: 1
02/09/2024 16:47:44 - DEBUG - __main__ -   label: 1
02/09/2024 16:47:44 - DEBUG - __main__ -   pred: 1
02/09/2024 16:47:44 - DEBUG - __main__ -   label: 1
02/09/2024 16:47:44 - DEBUG - __main__ -   pred: 2
02/09/2024 16:47:44 - DEBUG - __main__ -   label: 2
02/09/2024 16:47:44 - DEBUG - __main__ -   pred: 1
02/09/2024 16:47:44 - DEBUG - __main__ -   label: 2
02/09/2024 16:47:44 - DEBUG - __main__ -   pred: 1
02/09/2024 16:47:44 - DEBUG - __main__ -   label: 2
02/09/2024 16:47:44 - DEBUG - __main__ -   pred: 2
02/09/2024 16:47:44 - DEBUG - __main__ -   label: 2
02/09/2024 16:47:44 - DEBUG - __main__ -   pred: 2
02/09/2024 16:47:44 - DEBUG - __main__ -   label: 1
02/09/2024 16:47:44 - DEBUG - __main__ -   pred: 2
02/09/2024 16:47:44 - DEBUG - __main__ -   label: 1
02/09/2024 16:47:44 - DEBUG - __main__ -   pred: 1
02/09/2024 16:47:44 - DEBUG - __main__ -   label: 3
02/09/2024 16:47:44 - DEBUG - __main__ -   pred: 3
02/09/2024 16:47:44 - DEBUG - __main__ -   label: 3
02/09/2024 16:47:44 - DEBUG - __main__ -   pred: 3
02/09/2024 16:47:44 - DEBUG - __main__ -   label: 1
02/09/2024 16:47:44 - DEBUG - __main__ -   pred: 1
02/09/2024 16:47:44 - DEBUG - __main__ -   label: 4
02/09/2024 16:47:44 - DEBUG - __main__ -   pred: 3
02/09/2024 16:47:44 - DEBUG - __main__ -   label: 1
02/09/2024 16:47:44 - DEBUG - __main__ -   pred: 2
02/09/2024 16:47:44 - DEBUG - __main__ -   label: 0
02/09/2024 16:47:44 - DEBUG - __main__ -   pred: 1
02/09/2024 16:47:44 - DEBUG - __main__ -   label: 0
02/09/2024 16:47:44 - DEBUG - __main__ -   pred: 1
02/09/2024 16:47:44 - DEBUG - __main__ -   label: 4
02/09/2024 16:47:44 - DEBUG - __main__ -   pred: 4
02/09/2024 16:47:44 - DEBUG - __main__ -   label: 2
02/09/2024 16:47:44 - DEBUG - __main__ -   pred: 2
02/09/2024 16:47:44 - DEBUG - __main__ -   label: 1
02/09/2024 16:47:44 - DEBUG - __main__ -   pred: 2
02/09/2024 16:47:44 - DEBUG - __main__ -   label: 2
02/09/2024 16:47:44 - DEBUG - __main__ -   pred: 2
02/09/2024 16:47:44 - DEBUG - __main__ -   label: 1
02/09/2024 16:47:44 - DEBUG - __main__ -   pred: 1
02/09/2024 16:47:44 - DEBUG - __main__ -   label: 1
02/09/2024 16:47:44 - DEBUG - __main__ -   pred: 1
02/09/2024 16:47:44 - DEBUG - __main__ -   label: 0
02/09/2024 16:47:44 - DEBUG - __main__ -   pred: 2
