******** Training fold 0 ********
08/18/2023 09:46:32 - DEBUG - __main__ -   Processor loaded. CPU mem usage: 0.38G.  Cuda 0: memory acclocated: 0 G.
08/18/2023 09:46:40 - DEBUG - __main__ -   Model loaded. CPU mem usage: 1.99G.  Cuda 0: memory acclocated: 0 G.
Wav2Vec2ForSequenceClassification(
  (wav2vec2): Wav2Vec2Model(
    (feature_extractor): Wav2Vec2FeatureEncoder(
      (conv_layers): ModuleList(
        (0): Wav2Vec2LayerNormConvLayer(
          (conv): Conv1d(1, 512, kernel_size=(10,), stride=(5,))
          (layer_norm): LayerNorm((512,), eps=1e-05, elementwise_affine=True)
          (activation): GELUActivation()
        )
        (1-4): 4 x Wav2Vec2LayerNormConvLayer(
          (conv): Conv1d(512, 512, kernel_size=(3,), stride=(2,))
          (layer_norm): LayerNorm((512,), eps=1e-05, elementwise_affine=True)
          (activation): GELUActivation()
        )
        (5-6): 2 x Wav2Vec2LayerNormConvLayer(
          (conv): Conv1d(512, 512, kernel_size=(2,), stride=(2,))
          (layer_norm): LayerNorm((512,), eps=1e-05, elementwise_affine=True)
          (activation): GELUActivation()
        )
      )
    )
    (feature_projection): Wav2Vec2FeatureProjection(
      (layer_norm): LayerNorm((512,), eps=1e-05, elementwise_affine=True)
      (projection): Linear(in_features=512, out_features=1024, bias=True)
      (dropout): Dropout(p=0.1, inplace=False)
    )
    (encoder): Wav2Vec2EncoderStableLayerNorm(
      (pos_conv_embed): Wav2Vec2PositionalConvEmbedding(
        (conv): Conv1d(1024, 1024, kernel_size=(128,), stride=(1,), padding=(64,), groups=16)
        (padding): Wav2Vec2SamePadLayer()
        (activation): GELUActivation()
      )
      (layer_norm): LayerNorm((1024,), eps=1e-05, elementwise_affine=True)
      (dropout): Dropout(p=0.1, inplace=False)
      (layers): ModuleList(
        (0-23): 24 x Wav2Vec2EncoderLayerStableLayerNorm(
          (attention): Wav2Vec2Attention(
            (k_proj): Linear(in_features=1024, out_features=1024, bias=True)
            (v_proj): Linear(in_features=1024, out_features=1024, bias=True)
            (q_proj): Linear(in_features=1024, out_features=1024, bias=True)
            (out_proj): Linear(in_features=1024, out_features=1024, bias=True)
          )
          (dropout): Dropout(p=0.1, inplace=False)
          (layer_norm): LayerNorm((1024,), eps=1e-05, elementwise_affine=True)
          (feed_forward): Wav2Vec2FeedForward(
            (intermediate_dropout): Dropout(p=0.0, inplace=False)
            (intermediate_dense): Linear(in_features=1024, out_features=4096, bias=True)
            (intermediate_act_fn): GELUActivation()
            (output_dense): Linear(in_features=4096, out_features=1024, bias=True)
            (output_dropout): Dropout(p=0.1, inplace=False)
          )
          (final_layer_norm): LayerNorm((1024,), eps=1e-05, elementwise_affine=True)
        )
      )
    )
  )
  (projector): Linear(in_features=1024, out_features=256, bias=True)
  (classifier): Linear(in_features=256, out_features=7, bias=True)
)
08/18/2023 09:47:25 - DEBUG - __main__ -   Speech loaded. N_train=1584, N_eval=528. CPU mem usage: 6.05G.  Cuda 0: memory acclocated: 0 G.
08/18/2023 09:47:52 - DEBUG - __main__ -   Feature extracted. Duration: 0:00:27 CPU mem usage: 9.08G.  Cuda 0: memory acclocated: 0 G.
08/18/2023 09:50:02 - DEBUG - augmentations.transform -   Training set (N=3168): augmented training data added. Duration: 0:02:10
08/18/2023 09:50:03 - DEBUG - urllib3.connectionpool -   Starting new HTTPS connection (1): s3.amazonaws.com:443
08/18/2023 09:50:03 - DEBUG - urllib3.connectionpool -   https://s3.amazonaws.com:443 "HEAD /datasets.huggingface.co/datasets/metrics/evaluate-metric/precision/evaluate-metric/precision.py HTTP/1.1" 404 0
08/18/2023 09:50:03 - DEBUG - urllib3.connectionpool -   Starting new HTTPS connection (1): huggingface.co:443
08/18/2023 09:50:03 - DEBUG - urllib3.connectionpool -   https://huggingface.co:443 "HEAD /spaces/evaluate-metric/precision/resolve/v0.4.0/precision.py HTTP/1.1" 200 0
08/18/2023 09:50:03 - DEBUG - urllib3.connectionpool -   Starting new HTTPS connection (1): s3.amazonaws.com:443
08/18/2023 09:50:04 - DEBUG - urllib3.connectionpool -   https://s3.amazonaws.com:443 "HEAD /datasets.huggingface.co/datasets/metrics/evaluate-metric/recall/evaluate-metric/recall.py HTTP/1.1" 404 0
08/18/2023 09:50:04 - DEBUG - urllib3.connectionpool -   Starting new HTTPS connection (1): huggingface.co:443
08/18/2023 09:50:04 - DEBUG - urllib3.connectionpool -   https://huggingface.co:443 "HEAD /spaces/evaluate-metric/recall/resolve/v0.4.0/recall.py HTTP/1.1" 200 0
08/18/2023 09:50:04 - DEBUG - urllib3.connectionpool -   Starting new HTTPS connection (1): s3.amazonaws.com:443
08/18/2023 09:50:04 - DEBUG - urllib3.connectionpool -   https://s3.amazonaws.com:443 "HEAD /datasets.huggingface.co/datasets/metrics/evaluate-metric/f1/evaluate-metric/f1.py HTTP/1.1" 404 0
08/18/2023 09:50:04 - DEBUG - urllib3.connectionpool -   Starting new HTTPS connection (1): huggingface.co:443
08/18/2023 09:50:05 - DEBUG - urllib3.connectionpool -   https://huggingface.co:443 "HEAD /spaces/evaluate-metric/f1/resolve/v0.4.0/f1.py HTTP/1.1" 200 0
08/18/2023 09:50:05 - DEBUG - urllib3.connectionpool -   Starting new HTTPS connection (1): s3.amazonaws.com:443
08/18/2023 09:50:05 - DEBUG - urllib3.connectionpool -   https://s3.amazonaws.com:443 "HEAD /datasets.huggingface.co/datasets/metrics/evaluate-metric/spearmanr/evaluate-metric/spearmanr.py HTTP/1.1" 404 0
08/18/2023 09:50:05 - DEBUG - urllib3.connectionpool -   Starting new HTTPS connection (1): huggingface.co:443
08/18/2023 09:50:05 - DEBUG - urllib3.connectionpool -   https://huggingface.co:443 "HEAD /spaces/evaluate-metric/spearmanr/resolve/v0.4.0/spearmanr.py HTTP/1.1" 200 0
08/18/2023 09:50:07 - DEBUG - __main__ -   Training starts now. CPU mem usage: 13.89G.  Cuda 0: memory acclocated: 2 G.
08/18/2023 09:50:07 - DEBUG - helper.classes -   ----------- Starting epoch 1 -----------
{'loss': 1.8582, 'learning_rate': 9.46969696969697e-06, 'epoch': 0.32}
{'loss': 1.4721, 'learning_rate': 1.893939393939394e-05, 'epoch': 0.63}
{'loss': 1.2816, 'learning_rate': 2.8409090909090912e-05, 'epoch': 0.95}
08/18/2023 10:31:03 - DEBUG - helper.classes -   Epoch 1.0 completed, Duration: 0:40:55 Mem usage: CPU mem usage: 14.35G.  Cuda 0: memory acclocated: 28 G.
08/18/2023 10:33:02 - DEBUG - fsspec.local -   open file: /home/lunt1/.cache/huggingface/metrics/precision/default/default_experiment-1-0.arrow
08/18/2023 10:33:02 - DEBUG - fsspec.local -   open file: /home/lunt1/.cache/huggingface/metrics/recall/default/default_experiment-1-0.arrow
08/18/2023 10:33:02 - DEBUG - fsspec.local -   open file: /home/lunt1/.cache/huggingface/metrics/f1/default/default_experiment-1-0.arrow
08/18/2023 10:33:02 - DEBUG - fsspec.local -   open file: /home/lunt1/.cache/huggingface/metrics/spearmanr/default/default_experiment-1-0.arrow
08/18/2023 10:33:02 - DEBUG - fsspec.local -   open file: /home/lunt1/.cache/huggingface/metrics/precision/default/default_experiment-1-0.arrow
08/18/2023 10:33:02 - DEBUG - fsspec.local -   open file: /home/lunt1/.cache/huggingface/metrics/recall/default/default_experiment-1-0.arrow
08/18/2023 10:33:02 - DEBUG - fsspec.local -   open file: /home/lunt1/.cache/huggingface/metrics/f1/default/default_experiment-1-0.arrow
{'eval_loss': 1.2657948732376099, 'eval_precision': 0.2654968047825191, 'eval_recall': 0.3084680471044107, 'eval_f1': 0.2677375454193189, 'eval_spearmanr': 0.8092412754567624, 'eval_precision_weighted': 0.3965420574795575, 'eval_recall_weighted': 0.4621212121212121, 'eval_f1_weighted': 0.40174265504611206, 'eval_runtime': 118.8958, 'eval_samples_per_second': 4.441, 'eval_steps_per_second': 2.22, 'epoch': 1.0}
08/18/2023 10:33:07 - DEBUG - helper.classes -   ----------- Starting epoch 2.0 -----------
{'loss': 1.2929, 'learning_rate': 2.9124579124579127e-05, 'epoch': 1.26}
{'loss': 1.203, 'learning_rate': 2.8072390572390573e-05, 'epoch': 1.58}
{'loss': 1.2266, 'learning_rate': 2.702020202020202e-05, 'epoch': 1.89}
08/18/2023 11:14:19 - DEBUG - helper.classes -   Epoch 2.0 completed, Duration: 0:41:11 Mem usage: CPU mem usage: 14.25G.  Cuda 0: memory acclocated: 28 G.
08/18/2023 11:16:17 - DEBUG - fsspec.local -   open file: /home/lunt1/.cache/huggingface/metrics/precision/default/default_experiment-1-0.arrow
08/18/2023 11:16:17 - DEBUG - fsspec.local -   open file: /home/lunt1/.cache/huggingface/metrics/recall/default/default_experiment-1-0.arrow
08/18/2023 11:16:17 - DEBUG - fsspec.local -   open file: /home/lunt1/.cache/huggingface/metrics/f1/default/default_experiment-1-0.arrow
08/18/2023 11:16:17 - DEBUG - fsspec.local -   open file: /home/lunt1/.cache/huggingface/metrics/spearmanr/default/default_experiment-1-0.arrow
08/18/2023 11:16:17 - DEBUG - fsspec.local -   open file: /home/lunt1/.cache/huggingface/metrics/precision/default/default_experiment-1-0.arrow
08/18/2023 11:16:17 - DEBUG - fsspec.local -   open file: /home/lunt1/.cache/huggingface/metrics/recall/default/default_experiment-1-0.arrow
08/18/2023 11:16:17 - DEBUG - fsspec.local -   open file: /home/lunt1/.cache/huggingface/metrics/f1/default/default_experiment-1-0.arrow
{'eval_loss': 1.2475982904434204, 'eval_precision': 0.3131906874871118, 'eval_recall': 0.33105753895227574, 'eval_f1': 0.3202534450554299, 'eval_spearmanr': 0.8156191156889733, 'eval_precision_weighted': 0.43537393986926376, 'eval_recall_weighted': 0.45454545454545453, 'eval_f1_weighted': 0.4428125181653521, 'eval_runtime': 118.8308, 'eval_samples_per_second': 4.443, 'eval_steps_per_second': 2.222, 'epoch': 2.0}
08/18/2023 11:16:23 - DEBUG - helper.classes -   ----------- Starting epoch 3.0 -----------
{'loss': 1.1363, 'learning_rate': 2.596801346801347e-05, 'epoch': 2.21}
{'loss': 1.0699, 'learning_rate': 2.4915824915824916e-05, 'epoch': 2.53}
{'loss': 1.0405, 'learning_rate': 2.3863636363636362e-05, 'epoch': 2.84}
08/18/2023 11:57:19 - DEBUG - helper.classes -   Epoch 3.0 completed, Duration: 0:40:55 Mem usage: CPU mem usage: 14.29G.  Cuda 0: memory acclocated: 28 G.
08/18/2023 11:59:18 - DEBUG - fsspec.local -   open file: /home/lunt1/.cache/huggingface/metrics/precision/default/default_experiment-1-0.arrow
08/18/2023 11:59:18 - DEBUG - fsspec.local -   open file: /home/lunt1/.cache/huggingface/metrics/recall/default/default_experiment-1-0.arrow
08/18/2023 11:59:18 - DEBUG - fsspec.local -   open file: /home/lunt1/.cache/huggingface/metrics/f1/default/default_experiment-1-0.arrow
08/18/2023 11:59:18 - DEBUG - fsspec.local -   open file: /home/lunt1/.cache/huggingface/metrics/spearmanr/default/default_experiment-1-0.arrow
08/18/2023 11:59:18 - DEBUG - fsspec.local -   open file: /home/lunt1/.cache/huggingface/metrics/precision/default/default_experiment-1-0.arrow
08/18/2023 11:59:18 - DEBUG - fsspec.local -   open file: /home/lunt1/.cache/huggingface/metrics/recall/default/default_experiment-1-0.arrow
08/18/2023 11:59:18 - DEBUG - fsspec.local -   open file: /home/lunt1/.cache/huggingface/metrics/f1/default/default_experiment-1-0.arrow
{'eval_loss': 1.6097506284713745, 'eval_precision': 0.33077311606906346, 'eval_recall': 0.34169359817403727, 'eval_f1': 0.3285148014331611, 'eval_spearmanr': 0.8128685686446, 'eval_precision_weighted': 0.457967707123337, 'eval_recall_weighted': 0.4583333333333333, 'eval_f1_weighted': 0.4484461790247787, 'eval_runtime': 119.1184, 'eval_samples_per_second': 4.433, 'eval_steps_per_second': 2.216, 'epoch': 3.0}
08/18/2023 11:59:24 - DEBUG - helper.classes -   ----------- Starting epoch 4.0 -----------
{'loss': 0.9514, 'learning_rate': 2.2811447811447814e-05, 'epoch': 3.16}
{'loss': 0.8893, 'learning_rate': 2.175925925925926e-05, 'epoch': 3.47}
{'loss': 1.0327, 'learning_rate': 2.0707070707070705e-05, 'epoch': 3.79}
08/18/2023 12:40:14 - DEBUG - helper.classes -   Epoch 4.0 completed, Duration: 0:40:50 Mem usage: CPU mem usage: 14.30G.  Cuda 0: memory acclocated: 28 G.
08/18/2023 12:42:13 - DEBUG - fsspec.local -   open file: /home/lunt1/.cache/huggingface/metrics/precision/default/default_experiment-1-0.arrow
08/18/2023 12:42:13 - DEBUG - fsspec.local -   open file: /home/lunt1/.cache/huggingface/metrics/recall/default/default_experiment-1-0.arrow
08/18/2023 12:42:13 - DEBUG - fsspec.local -   open file: /home/lunt1/.cache/huggingface/metrics/f1/default/default_experiment-1-0.arrow
08/18/2023 12:42:13 - DEBUG - fsspec.local -   open file: /home/lunt1/.cache/huggingface/metrics/spearmanr/default/default_experiment-1-0.arrow
08/18/2023 12:42:13 - DEBUG - fsspec.local -   open file: /home/lunt1/.cache/huggingface/metrics/precision/default/default_experiment-1-0.arrow
08/18/2023 12:42:13 - DEBUG - fsspec.local -   open file: /home/lunt1/.cache/huggingface/metrics/recall/default/default_experiment-1-0.arrow
08/18/2023 12:42:13 - DEBUG - fsspec.local -   open file: /home/lunt1/.cache/huggingface/metrics/f1/default/default_experiment-1-0.arrow
{'eval_loss': 2.24355149269104, 'eval_precision': 0.33539573813624246, 'eval_recall': 0.3560256400884039, 'eval_f1': 0.34043806389170267, 'eval_spearmanr': 0.8152182936492467, 'eval_precision_weighted': 0.46261982356920356, 'eval_recall_weighted': 0.4734848484848485, 'eval_f1_weighted': 0.46283181920698513, 'eval_runtime': 118.8049, 'eval_samples_per_second': 4.444, 'eval_steps_per_second': 2.222, 'epoch': 4.0}
08/18/2023 12:42:19 - DEBUG - helper.classes -   ----------- Starting epoch 5.0 -----------
{'loss': 0.9329, 'learning_rate': 1.9654882154882158e-05, 'epoch': 4.1}
{'loss': 0.8398, 'learning_rate': 1.8602693602693603e-05, 'epoch': 4.42}
{'loss': 0.8885, 'learning_rate': 1.755050505050505e-05, 'epoch': 4.73}
08/18/2023 13:23:03 - DEBUG - helper.classes -   Epoch 5.0 completed, Duration: 0:40:44 Mem usage: CPU mem usage: 14.32G.  Cuda 0: memory acclocated: 28 G.
08/18/2023 13:25:02 - DEBUG - fsspec.local -   open file: /home/lunt1/.cache/huggingface/metrics/precision/default/default_experiment-1-0.arrow
08/18/2023 13:25:02 - DEBUG - fsspec.local -   open file: /home/lunt1/.cache/huggingface/metrics/recall/default/default_experiment-1-0.arrow
08/18/2023 13:25:02 - DEBUG - fsspec.local -   open file: /home/lunt1/.cache/huggingface/metrics/f1/default/default_experiment-1-0.arrow
08/18/2023 13:25:02 - DEBUG - fsspec.local -   open file: /home/lunt1/.cache/huggingface/metrics/spearmanr/default/default_experiment-1-0.arrow
08/18/2023 13:25:02 - DEBUG - fsspec.local -   open file: /home/lunt1/.cache/huggingface/metrics/precision/default/default_experiment-1-0.arrow
08/18/2023 13:25:02 - DEBUG - fsspec.local -   open file: /home/lunt1/.cache/huggingface/metrics/recall/default/default_experiment-1-0.arrow
08/18/2023 13:25:02 - DEBUG - fsspec.local -   open file: /home/lunt1/.cache/huggingface/metrics/f1/default/default_experiment-1-0.arrow
{'eval_loss': 2.901156187057495, 'eval_precision': 0.3308245709133425, 'eval_recall': 0.3507547124983095, 'eval_f1': 0.33707291825772534, 'eval_spearmanr': 0.8146601437204771, 'eval_precision_weighted': 0.4561003026811468, 'eval_recall_weighted': 0.4734848484848485, 'eval_f1_weighted': 0.46062950741854186, 'eval_runtime': 118.8445, 'eval_samples_per_second': 4.443, 'eval_steps_per_second': 2.221, 'epoch': 5.0}
08/18/2023 13:25:08 - DEBUG - helper.classes -   ----------- Starting epoch 6.0 -----------
{'loss': 0.8999, 'learning_rate': 1.64983164983165e-05, 'epoch': 5.05}
{'loss': 0.7828, 'learning_rate': 1.5446127946127947e-05, 'epoch': 5.37}
{'loss': 0.8305, 'learning_rate': 1.4393939393939394e-05, 'epoch': 5.68}
{'loss': 0.766, 'learning_rate': 1.3341750841750843e-05, 'epoch': 6.0}
08/18/2023 14:05:59 - DEBUG - helper.classes -   Epoch 6.0 completed, Duration: 0:40:50 Mem usage: CPU mem usage: 14.33G.  Cuda 0: memory acclocated: 28 G.
08/18/2023 14:07:58 - DEBUG - fsspec.local -   open file: /home/lunt1/.cache/huggingface/metrics/precision/default/default_experiment-1-0.arrow
08/18/2023 14:07:58 - DEBUG - fsspec.local -   open file: /home/lunt1/.cache/huggingface/metrics/recall/default/default_experiment-1-0.arrow
08/18/2023 14:07:58 - DEBUG - fsspec.local -   open file: /home/lunt1/.cache/huggingface/metrics/f1/default/default_experiment-1-0.arrow
08/18/2023 14:07:58 - DEBUG - fsspec.local -   open file: /home/lunt1/.cache/huggingface/metrics/spearmanr/default/default_experiment-1-0.arrow
08/18/2023 14:07:58 - DEBUG - fsspec.local -   open file: /home/lunt1/.cache/huggingface/metrics/precision/default/default_experiment-1-0.arrow
08/18/2023 14:07:58 - DEBUG - fsspec.local -   open file: /home/lunt1/.cache/huggingface/metrics/recall/default/default_experiment-1-0.arrow
08/18/2023 14:07:58 - DEBUG - fsspec.local -   open file: /home/lunt1/.cache/huggingface/metrics/f1/default/default_experiment-1-0.arrow
{'eval_loss': 3.5148744583129883, 'eval_precision': 0.29233480468319295, 'eval_recall': 0.31250115163005676, 'eval_f1': 0.29787093201517206, 'eval_spearmanr': 0.7913226539866818, 'eval_precision_weighted': 0.40260375411965793, 'eval_recall_weighted': 0.42045454545454547, 'eval_f1_weighted': 0.4059427335118203, 'eval_runtime': 119.956, 'eval_samples_per_second': 4.402, 'eval_steps_per_second': 2.201, 'epoch': 6.0}
08/18/2023 14:08:04 - DEBUG - helper.classes -   ----------- Starting epoch 7.0 -----------
{'loss': 0.7166, 'learning_rate': 1.228956228956229e-05, 'epoch': 6.31}
{'loss': 0.6645, 'learning_rate': 1.1237373737373737e-05, 'epoch': 6.63}
{'loss': 0.6815, 'learning_rate': 1.0185185185185186e-05, 'epoch': 6.94}
08/18/2023 14:49:09 - DEBUG - helper.classes -   Epoch 7.0 completed, Duration: 0:41:04 Mem usage: CPU mem usage: 14.33G.  Cuda 0: memory acclocated: 28 G.
08/18/2023 14:51:07 - DEBUG - fsspec.local -   open file: /home/lunt1/.cache/huggingface/metrics/precision/default/default_experiment-1-0.arrow
08/18/2023 14:51:07 - DEBUG - fsspec.local -   open file: /home/lunt1/.cache/huggingface/metrics/recall/default/default_experiment-1-0.arrow
08/18/2023 14:51:07 - DEBUG - fsspec.local -   open file: /home/lunt1/.cache/huggingface/metrics/f1/default/default_experiment-1-0.arrow
08/18/2023 14:51:07 - DEBUG - fsspec.local -   open file: /home/lunt1/.cache/huggingface/metrics/spearmanr/default/default_experiment-1-0.arrow
08/18/2023 14:51:07 - DEBUG - fsspec.local -   open file: /home/lunt1/.cache/huggingface/metrics/precision/default/default_experiment-1-0.arrow
08/18/2023 14:51:07 - DEBUG - fsspec.local -   open file: /home/lunt1/.cache/huggingface/metrics/recall/default/default_experiment-1-0.arrow
08/18/2023 14:51:07 - DEBUG - fsspec.local -   open file: /home/lunt1/.cache/huggingface/metrics/f1/default/default_experiment-1-0.arrow
{'eval_loss': 3.7990236282348633, 'eval_precision': 0.3101660151810272, 'eval_recall': 0.31788410951090373, 'eval_f1': 0.3050592811105252, 'eval_spearmanr': 0.7893658405456061, 'eval_precision_weighted': 0.42870386261730786, 'eval_recall_weighted': 0.4375, 'eval_f1_weighted': 0.4194805097977279, 'eval_runtime': 118.7448, 'eval_samples_per_second': 4.447, 'eval_steps_per_second': 2.223, 'epoch': 7.0}
08/18/2023 14:51:13 - DEBUG - helper.classes -   ----------- Starting epoch 8.0 -----------
{'loss': 0.7012, 'learning_rate': 9.132996632996632e-06, 'epoch': 7.26}
{'loss': 0.5571, 'learning_rate': 8.08080808080808e-06, 'epoch': 7.58}
{'loss': 0.6114, 'learning_rate': 7.028619528619529e-06, 'epoch': 7.89}
08/18/2023 15:32:07 - DEBUG - helper.classes -   Epoch 8.0 completed, Duration: 0:40:53 Mem usage: CPU mem usage: 14.33G.  Cuda 0: memory acclocated: 28 G.
08/18/2023 15:34:06 - DEBUG - fsspec.local -   open file: /home/lunt1/.cache/huggingface/metrics/precision/default/default_experiment-1-0.arrow
08/18/2023 15:34:06 - DEBUG - fsspec.local -   open file: /home/lunt1/.cache/huggingface/metrics/recall/default/default_experiment-1-0.arrow
08/18/2023 15:34:06 - DEBUG - fsspec.local -   open file: /home/lunt1/.cache/huggingface/metrics/f1/default/default_experiment-1-0.arrow
08/18/2023 15:34:06 - DEBUG - fsspec.local -   open file: /home/lunt1/.cache/huggingface/metrics/spearmanr/default/default_experiment-1-0.arrow
08/18/2023 15:34:06 - DEBUG - fsspec.local -   open file: /home/lunt1/.cache/huggingface/metrics/precision/default/default_experiment-1-0.arrow
08/18/2023 15:34:06 - DEBUG - fsspec.local -   open file: /home/lunt1/.cache/huggingface/metrics/recall/default/default_experiment-1-0.arrow
08/18/2023 15:34:06 - DEBUG - fsspec.local -   open file: /home/lunt1/.cache/huggingface/metrics/f1/default/default_experiment-1-0.arrow
{'eval_loss': 4.111480712890625, 'eval_precision': 0.2943725626208398, 'eval_recall': 0.298929949401382, 'eval_f1': 0.2866088969834724, 'eval_spearmanr': 0.7712920584732483, 'eval_precision_weighted': 0.40843636980389525, 'eval_recall_weighted': 0.4128787878787879, 'eval_f1_weighted': 0.3954246986820922, 'eval_runtime': 118.8323, 'eval_samples_per_second': 4.443, 'eval_steps_per_second': 2.222, 'epoch': 8.0}
08/18/2023 15:34:12 - DEBUG - helper.classes -   ----------- Starting epoch 9.0 -----------
{'loss': 0.4962, 'learning_rate': 5.976430976430977e-06, 'epoch': 8.21}
{'loss': 0.554, 'learning_rate': 4.924242424242424e-06, 'epoch': 8.52}
{'loss': 0.5728, 'learning_rate': 3.872053872053872e-06, 'epoch': 8.84}
08/18/2023 16:15:13 - DEBUG - helper.classes -   Epoch 9.0 completed, Duration: 0:41:01 Mem usage: CPU mem usage: 14.34G.  Cuda 0: memory acclocated: 28 G.
08/18/2023 16:17:12 - DEBUG - fsspec.local -   open file: /home/lunt1/.cache/huggingface/metrics/precision/default/default_experiment-1-0.arrow
08/18/2023 16:17:12 - DEBUG - fsspec.local -   open file: /home/lunt1/.cache/huggingface/metrics/recall/default/default_experiment-1-0.arrow
08/18/2023 16:17:12 - DEBUG - fsspec.local -   open file: /home/lunt1/.cache/huggingface/metrics/f1/default/default_experiment-1-0.arrow
08/18/2023 16:17:12 - DEBUG - fsspec.local -   open file: /home/lunt1/.cache/huggingface/metrics/spearmanr/default/default_experiment-1-0.arrow
08/18/2023 16:17:12 - DEBUG - fsspec.local -   open file: /home/lunt1/.cache/huggingface/metrics/precision/default/default_experiment-1-0.arrow
08/18/2023 16:17:12 - DEBUG - fsspec.local -   open file: /home/lunt1/.cache/huggingface/metrics/recall/default/default_experiment-1-0.arrow
08/18/2023 16:17:12 - DEBUG - fsspec.local -   open file: /home/lunt1/.cache/huggingface/metrics/f1/default/default_experiment-1-0.arrow
{'eval_loss': 4.177689075469971, 'eval_precision': 0.299045395658668, 'eval_recall': 0.31049571031276635, 'eval_f1': 0.3000675438072186, 'eval_spearmanr': 0.7758998285443272, 'eval_precision_weighted': 0.4130642546982433, 'eval_recall_weighted': 0.42803030303030304, 'eval_f1_weighted': 0.4134565299165116, 'eval_runtime': 118.9927, 'eval_samples_per_second': 4.437, 'eval_steps_per_second': 2.219, 'epoch': 9.0}
08/18/2023 16:17:18 - DEBUG - helper.classes -   ----------- Starting epoch 10.0 -----------
{'loss': 0.4526, 'learning_rate': 2.81986531986532e-06, 'epoch': 9.15}
{'loss': 0.5783, 'learning_rate': 1.7676767676767678e-06, 'epoch': 9.47}
{'loss': 0.4212, 'learning_rate': 7.154882154882155e-07, 'epoch': 9.79}
08/18/2023 16:58:31 - DEBUG - helper.classes -   Epoch 10.0 completed, Duration: 0:41:12 Mem usage: CPU mem usage: 14.33G.  Cuda 0: memory acclocated: 28 G.
08/18/2023 17:00:29 - DEBUG - fsspec.local -   open file: /home/lunt1/.cache/huggingface/metrics/precision/default/default_experiment-1-0.arrow
08/18/2023 17:00:30 - DEBUG - fsspec.local -   open file: /home/lunt1/.cache/huggingface/metrics/recall/default/default_experiment-1-0.arrow
08/18/2023 17:00:30 - DEBUG - fsspec.local -   open file: /home/lunt1/.cache/huggingface/metrics/f1/default/default_experiment-1-0.arrow
08/18/2023 17:00:30 - DEBUG - fsspec.local -   open file: /home/lunt1/.cache/huggingface/metrics/spearmanr/default/default_experiment-1-0.arrow
08/18/2023 17:00:30 - DEBUG - fsspec.local -   open file: /home/lunt1/.cache/huggingface/metrics/precision/default/default_experiment-1-0.arrow
08/18/2023 17:00:30 - DEBUG - fsspec.local -   open file: /home/lunt1/.cache/huggingface/metrics/recall/default/default_experiment-1-0.arrow
08/18/2023 17:00:30 - DEBUG - fsspec.local -   open file: /home/lunt1/.cache/huggingface/metrics/f1/default/default_experiment-1-0.arrow
{'eval_loss': 4.357450485229492, 'eval_precision': 0.2971185995374504, 'eval_recall': 0.30050791688844036, 'eval_f1': 0.28923948167394986, 'eval_spearmanr': 0.7732063544759188, 'eval_precision_weighted': 0.4059598216207871, 'eval_recall_weighted': 0.4147727272727273, 'eval_f1_weighted': 0.39596547116947717, 'eval_runtime': 118.6873, 'eval_samples_per_second': 4.449, 'eval_steps_per_second': 2.224, 'epoch': 10.0}
{'train_runtime': 25833.2654, 'train_samples_per_second': 1.226, 'train_steps_per_second': 0.613, 'train_loss': 0.8755223389827844, 'epoch': 10.0}
08/18/2023 17:00:41 - INFO - __main__ -   Training completed. Duration: 7:10:33
08/18/2023 17:02:39 - DEBUG - fsspec.local -   open file: /home/lunt1/.cache/huggingface/metrics/precision/default/default_experiment-1-0.arrow
08/18/2023 17:02:39 - DEBUG - fsspec.local -   open file: /home/lunt1/.cache/huggingface/metrics/recall/default/default_experiment-1-0.arrow
08/18/2023 17:02:39 - DEBUG - fsspec.local -   open file: /home/lunt1/.cache/huggingface/metrics/f1/default/default_experiment-1-0.arrow
08/18/2023 17:02:39 - DEBUG - fsspec.local -   open file: /home/lunt1/.cache/huggingface/metrics/spearmanr/default/default_experiment-1-0.arrow
08/18/2023 17:02:39 - DEBUG - fsspec.local -   open file: /home/lunt1/.cache/huggingface/metrics/precision/default/default_experiment-1-0.arrow
08/18/2023 17:02:39 - DEBUG - fsspec.local -   open file: /home/lunt1/.cache/huggingface/metrics/recall/default/default_experiment-1-0.arrow
08/18/2023 17:02:39 - DEBUG - fsspec.local -   open file: /home/lunt1/.cache/huggingface/metrics/f1/default/default_experiment-1-0.arrow
08/18/2023 17:02:39 - DEBUG - fsspec.local -   open file: /home/lunt1/.cache/huggingface/metrics/precision/default/default_experiment-1-0.arrow
08/18/2023 17:02:39 - DEBUG - fsspec.local -   open file: /home/lunt1/.cache/huggingface/metrics/recall/default/default_experiment-1-0.arrow
08/18/2023 17:02:40 - DEBUG - fsspec.local -   open file: /home/lunt1/.cache/huggingface/metrics/f1/default/default_experiment-1-0.arrow
08/18/2023 17:02:40 - DEBUG - fsspec.local -   open file: /home/lunt1/.cache/huggingface/metrics/spearmanr/default/default_experiment-1-0.arrow
08/18/2023 17:02:40 - DEBUG - fsspec.local -   open file: /home/lunt1/.cache/huggingface/metrics/precision/default/default_experiment-1-0.arrow
08/18/2023 17:02:40 - DEBUG - fsspec.local -   open file: /home/lunt1/.cache/huggingface/metrics/recall/default/default_experiment-1-0.arrow
08/18/2023 17:02:40 - DEBUG - fsspec.local -   open file: /home/lunt1/.cache/huggingface/metrics/f1/default/default_experiment-1-0.arrow
08/18/2023 17:02:40 - DEBUG - __main__ -   label: 5
08/18/2023 17:02:40 - DEBUG - __main__ -   pred: 5
08/18/2023 17:02:40 - DEBUG - __main__ -   label: 3
08/18/2023 17:02:40 - DEBUG - __main__ -   pred: 4
08/18/2023 17:02:40 - DEBUG - __main__ -   label: 5
08/18/2023 17:02:40 - DEBUG - __main__ -   pred: 5
08/18/2023 17:02:40 - DEBUG - __main__ -   label: 3
08/18/2023 17:02:40 - DEBUG - __main__ -   pred: 4
08/18/2023 17:02:40 - DEBUG - __main__ -   label: 4
08/18/2023 17:02:40 - DEBUG - __main__ -   pred: 5
08/18/2023 17:02:40 - DEBUG - __main__ -   label: 4
08/18/2023 17:02:40 - DEBUG - __main__ -   pred: 3
08/18/2023 17:02:40 - DEBUG - __main__ -   label: 6
08/18/2023 17:02:40 - DEBUG - __main__ -   pred: 4
08/18/2023 17:02:40 - DEBUG - __main__ -   label: 3
08/18/2023 17:02:40 - DEBUG - __main__ -   pred: 3
08/18/2023 17:02:40 - DEBUG - __main__ -   label: 4
08/18/2023 17:02:40 - DEBUG - __main__ -   pred: 3
08/18/2023 17:02:40 - DEBUG - __main__ -   label: 4
08/18/2023 17:02:40 - DEBUG - __main__ -   pred: 4
08/18/2023 17:02:40 - DEBUG - __main__ -   label: 4
08/18/2023 17:02:40 - DEBUG - __main__ -   pred: 4
08/18/2023 17:02:40 - DEBUG - __main__ -   label: 3
08/18/2023 17:02:40 - DEBUG - __main__ -   pred: 3
08/18/2023 17:02:40 - DEBUG - __main__ -   label: 5
08/18/2023 17:02:40 - DEBUG - __main__ -   pred: 4
08/18/2023 17:02:40 - DEBUG - __main__ -   label: 3
08/18/2023 17:02:40 - DEBUG - __main__ -   pred: 5
08/18/2023 17:02:40 - DEBUG - __main__ -   label: 2
08/18/2023 17:02:40 - DEBUG - __main__ -   pred: 3
08/18/2023 17:02:40 - DEBUG - __main__ -   label: 3
08/18/2023 17:02:40 - DEBUG - __main__ -   pred: 4
08/18/2023 17:02:40 - DEBUG - __main__ -   label: 6
08/18/2023 17:02:40 - DEBUG - __main__ -   pred: 5
08/18/2023 17:02:40 - DEBUG - __main__ -   label: 6
08/18/2023 17:02:40 - DEBUG - __main__ -   pred: 5
08/18/2023 17:02:40 - DEBUG - __main__ -   label: 3
08/18/2023 17:02:40 - DEBUG - __main__ -   pred: 3
08/18/2023 17:02:40 - DEBUG - __main__ -   label: 6
08/18/2023 17:02:40 - DEBUG - __main__ -   pred: 4
08/18/2023 17:02:40 - DEBUG - __main__ -   label: 5
08/18/2023 17:02:40 - DEBUG - __main__ -   pred: 5
08/18/2023 17:02:40 - DEBUG - __main__ -   label: 2
08/18/2023 17:02:40 - DEBUG - __main__ -   pred: 3
08/18/2023 17:02:40 - DEBUG - __main__ -   label: 6
08/18/2023 17:02:40 - DEBUG - __main__ -   pred: 4
08/18/2023 17:02:40 - DEBUG - __main__ -   label: 5
08/18/2023 17:02:40 - DEBUG - __main__ -   pred: 3
08/18/2023 17:02:40 - DEBUG - __main__ -   label: 5
08/18/2023 17:02:40 - DEBUG - __main__ -   pred: 4
08/18/2023 17:02:40 - DEBUG - __main__ -   label: 4
08/18/2023 17:02:40 - DEBUG - __main__ -   pred: 3
08/18/2023 17:02:40 - DEBUG - __main__ -   label: 5
08/18/2023 17:02:40 - DEBUG - __main__ -   pred: 3
08/18/2023 17:02:40 - DEBUG - __main__ -   label: 3
08/18/2023 17:02:40 - DEBUG - __main__ -   pred: 3
08/18/2023 17:02:40 - DEBUG - __main__ -   label: 4
08/18/2023 17:02:40 - DEBUG - __main__ -   pred: 4
08/18/2023 17:02:40 - DEBUG - __main__ -   label: 4
08/18/2023 17:02:40 - DEBUG - __main__ -   pred: 3
08/18/2023 17:02:40 - DEBUG - __main__ -   label: 5
08/18/2023 17:02:40 - DEBUG - __main__ -   pred: 5
08/18/2023 17:02:40 - DEBUG - __main__ -   label: 4
08/18/2023 17:02:40 - DEBUG - __main__ -   pred: 4
08/18/2023 17:02:40 - DEBUG - __main__ -   label: 6
08/18/2023 17:02:40 - DEBUG - __main__ -   pred: 5
08/18/2023 17:02:40 - DEBUG - __main__ -   label: 6
08/18/2023 17:02:40 - DEBUG - __main__ -   pred: 5
08/18/2023 17:02:40 - DEBUG - __main__ -   label: 2
08/18/2023 17:02:40 - DEBUG - __main__ -   pred: 3
08/18/2023 17:02:40 - DEBUG - __main__ -   label: 3
08/18/2023 17:02:40 - DEBUG - __main__ -   pred: 4
08/18/2023 17:02:40 - DEBUG - __main__ -   label: 5
08/18/2023 17:02:40 - DEBUG - __main__ -   pred: 4
08/18/2023 17:02:40 - DEBUG - __main__ -   label: 5
08/18/2023 17:02:40 - DEBUG - __main__ -   pred: 4
08/18/2023 17:02:40 - DEBUG - __main__ -   label: 6
08/18/2023 17:02:40 - DEBUG - __main__ -   pred: 5
08/18/2023 17:02:40 - DEBUG - __main__ -   label: 4
08/18/2023 17:02:40 - DEBUG - __main__ -   pred: 4
08/18/2023 17:02:40 - DEBUG - __main__ -   label: 3
08/18/2023 17:02:40 - DEBUG - __main__ -   pred: 3
08/18/2023 17:02:40 - DEBUG - __main__ -   label: 4
08/18/2023 17:02:40 - DEBUG - __main__ -   pred: 4
08/18/2023 17:02:40 - DEBUG - __main__ -   label: 1
08/18/2023 17:02:40 - DEBUG - __main__ -   pred: 2
08/18/2023 17:02:40 - DEBUG - __main__ -   label: 4
08/18/2023 17:02:40 - DEBUG - __main__ -   pred: 4
08/18/2023 17:02:40 - DEBUG - __main__ -   label: 5
08/18/2023 17:02:40 - DEBUG - __main__ -   pred: 5
08/18/2023 17:02:40 - DEBUG - __main__ -   label: 2
08/18/2023 17:02:40 - DEBUG - __main__ -   pred: 3
08/18/2023 17:02:40 - DEBUG - __main__ -   label: 4
08/18/2023 17:02:40 - DEBUG - __main__ -   pred: 3
08/18/2023 17:02:40 - DEBUG - __main__ -   label: 4
08/18/2023 17:02:40 - DEBUG - __main__ -   pred: 4
08/18/2023 17:02:40 - DEBUG - __main__ -   label: 4
08/18/2023 17:02:40 - DEBUG - __main__ -   pred: 5
08/18/2023 17:02:40 - DEBUG - __main__ -   label: 5
08/18/2023 17:02:40 - DEBUG - __main__ -   pred: 4
08/18/2023 17:02:40 - DEBUG - __main__ -   label: 4
08/18/2023 17:02:40 - DEBUG - __main__ -   pred: 5
08/18/2023 17:02:40 - DEBUG - __main__ -   label: 5
08/18/2023 17:02:40 - DEBUG - __main__ -   pred: 4
08/18/2023 17:02:40 - DEBUG - __main__ -   label: 3
08/18/2023 17:02:40 - DEBUG - __main__ -   pred: 3
08/18/2023 17:02:40 - DEBUG - __main__ -   label: 4
08/18/2023 17:02:40 - DEBUG - __main__ -   pred: 4
08/18/2023 17:02:40 - DEBUG - __main__ -   label: 4
08/18/2023 17:02:40 - DEBUG - __main__ -   pred: 3
08/18/2023 17:02:40 - DEBUG - __main__ -   label: 4
08/18/2023 17:02:40 - DEBUG - __main__ -   pred: 2
08/18/2023 17:02:40 - DEBUG - __main__ -   label: 4
08/18/2023 17:02:40 - DEBUG - __main__ -   pred: 5
08/18/2023 17:02:40 - DEBUG - __main__ -   label: 5
08/18/2023 17:02:40 - DEBUG - __main__ -   pred: 5
08/18/2023 17:02:40 - DEBUG - __main__ -   label: 4
08/18/2023 17:02:40 - DEBUG - __main__ -   pred: 4
08/18/2023 17:02:40 - DEBUG - __main__ -   label: 3
08/18/2023 17:02:40 - DEBUG - __main__ -   pred: 3
08/18/2023 17:02:40 - DEBUG - __main__ -   label: 4
08/18/2023 17:02:40 - DEBUG - __main__ -   pred: 4
08/18/2023 17:02:40 - DEBUG - __main__ -   label: 3
08/18/2023 17:02:40 - DEBUG - __main__ -   pred: 3
08/18/2023 17:02:40 - DEBUG - __main__ -   label: 3
08/18/2023 17:02:40 - DEBUG - __main__ -   pred: 3
08/18/2023 17:02:40 - DEBUG - __main__ -   label: 3
08/18/2023 17:02:40 - DEBUG - __main__ -   pred: 3
08/18/2023 17:02:40 - DEBUG - __main__ -   label: 2
08/18/2023 17:02:40 - DEBUG - __main__ -   pred: 3
08/18/2023 17:02:40 - DEBUG - __main__ -   label: 3
08/18/2023 17:02:40 - DEBUG - __main__ -   pred: 3
08/18/2023 17:02:40 - DEBUG - __main__ -   label: 6
08/18/2023 17:02:40 - DEBUG - __main__ -   pred: 5
08/18/2023 17:02:40 - DEBUG - __main__ -   label: 4
08/18/2023 17:02:40 - DEBUG - __main__ -   pred: 5
08/18/2023 17:02:40 - DEBUG - __main__ -   label: 4
08/18/2023 17:02:40 - DEBUG - __main__ -   pred: 4
08/18/2023 17:02:40 - DEBUG - __main__ -   label: 6
08/18/2023 17:02:40 - DEBUG - __main__ -   pred: 5
08/18/2023 17:02:40 - DEBUG - __main__ -   label: 4
08/18/2023 17:02:40 - DEBUG - __main__ -   pred: 4
08/18/2023 17:02:40 - DEBUG - __main__ -   label: 3
08/18/2023 17:02:40 - DEBUG - __main__ -   pred: 3
08/18/2023 17:02:40 - DEBUG - __main__ -   label: 4
08/18/2023 17:02:40 - DEBUG - __main__ -   pred: 3
08/18/2023 17:02:40 - DEBUG - __main__ -   label: 3
08/18/2023 17:02:40 - DEBUG - __main__ -   pred: 4
08/18/2023 17:02:40 - DEBUG - __main__ -   label: 3
08/18/2023 17:02:40 - DEBUG - __main__ -   pred: 5
08/18/2023 17:02:40 - DEBUG - __main__ -   label: 3
08/18/2023 17:02:40 - DEBUG - __main__ -   pred: 3
08/18/2023 17:02:40 - DEBUG - __main__ -   label: 5
08/18/2023 17:02:40 - DEBUG - __main__ -   pred: 3
08/18/2023 17:02:40 - DEBUG - __main__ -   label: 5
08/18/2023 17:02:40 - DEBUG - __main__ -   pred: 5
08/18/2023 17:02:40 - DEBUG - __main__ -   label: 3
08/18/2023 17:02:40 - DEBUG - __main__ -   pred: 2
08/18/2023 17:02:40 - DEBUG - __main__ -   label: 6
08/18/2023 17:02:40 - DEBUG - __main__ -   pred: 5
08/18/2023 17:02:40 - DEBUG - __main__ -   label: 3
08/18/2023 17:02:40 - DEBUG - __main__ -   pred: 4
08/18/2023 17:02:40 - DEBUG - __main__ -   label: 5
08/18/2023 17:02:40 - DEBUG - __main__ -   pred: 5
08/18/2023 17:02:40 - DEBUG - __main__ -   label: 4
08/18/2023 17:02:40 - DEBUG - __main__ -   pred: 5
08/18/2023 17:02:40 - DEBUG - __main__ -   label: 1
08/18/2023 17:02:40 - DEBUG - __main__ -   pred: 2
08/18/2023 17:02:40 - DEBUG - __main__ -   label: 4
08/18/2023 17:02:40 - DEBUG - __main__ -   pred: 5
08/18/2023 17:02:40 - DEBUG - __main__ -   label: 5
08/18/2023 17:02:40 - DEBUG - __main__ -   pred: 5
08/18/2023 17:02:40 - DEBUG - __main__ -   label: 6
08/18/2023 17:02:40 - DEBUG - __main__ -   pred: 5
08/18/2023 17:02:40 - DEBUG - __main__ -   label: 3
08/18/2023 17:02:40 - DEBUG - __main__ -   pred: 3
08/18/2023 17:02:40 - DEBUG - __main__ -   label: 3
08/18/2023 17:02:40 - DEBUG - __main__ -   pred: 3
08/18/2023 17:02:40 - DEBUG - __main__ -   label: 4
08/18/2023 17:02:40 - DEBUG - __main__ -   pred: 4
08/18/2023 17:02:40 - DEBUG - __main__ -   label: 2
08/18/2023 17:02:40 - DEBUG - __main__ -   pred: 3
08/18/2023 17:02:40 - DEBUG - __main__ -   label: 4
08/18/2023 17:02:40 - DEBUG - __main__ -   pred: 3
08/18/2023 17:02:40 - DEBUG - __main__ -   label: 3
08/18/2023 17:02:40 - DEBUG - __main__ -   pred: 3
08/18/2023 17:02:40 - DEBUG - __main__ -   label: 3
08/18/2023 17:02:40 - DEBUG - __main__ -   pred: 2
08/18/2023 17:02:40 - DEBUG - __main__ -   label: 2
08/18/2023 17:02:40 - DEBUG - __main__ -   pred: 3
08/18/2023 17:02:40 - DEBUG - __main__ -   label: 3
08/18/2023 17:02:40 - DEBUG - __main__ -   pred: 5
08/18/2023 17:02:40 - DEBUG - __main__ -   label: 4
08/18/2023 17:02:40 - DEBUG - __main__ -   pred: 4
08/18/2023 17:02:40 - DEBUG - __main__ -   label: 4
08/18/2023 17:02:40 - DEBUG - __main__ -   pred: 5
08/18/2023 17:02:40 - DEBUG - __main__ -   label: 3
08/18/2023 17:02:40 - DEBUG - __main__ -   pred: 3
08/18/2023 17:02:40 - DEBUG - __main__ -   label: 4
08/18/2023 17:02:40 - DEBUG - __main__ -   pred: 5
08/18/2023 17:02:40 - DEBUG - __main__ -   label: 4
08/18/2023 17:02:40 - DEBUG - __main__ -   pred: 4
08/18/2023 17:02:40 - DEBUG - __main__ -   label: 5
08/18/2023 17:02:40 - DEBUG - __main__ -   pred: 4
08/18/2023 17:02:40 - DEBUG - __main__ -   label: 4
08/18/2023 17:02:40 - DEBUG - __main__ -   pred: 3
08/18/2023 17:02:40 - DEBUG - __main__ -   label: 3
08/18/2023 17:02:40 - DEBUG - __main__ -   pred: 4
08/18/2023 17:02:40 - DEBUG - __main__ -   label: 4
08/18/2023 17:02:40 - DEBUG - __main__ -   pred: 4
08/18/2023 17:02:40 - DEBUG - __main__ -   label: 6
08/18/2023 17:02:40 - DEBUG - __main__ -   pred: 5
08/18/2023 17:02:40 - DEBUG - __main__ -   label: 5
08/18/2023 17:02:40 - DEBUG - __main__ -   pred: 5
08/18/2023 17:02:40 - DEBUG - __main__ -   label: 6
08/18/2023 17:02:40 - DEBUG - __main__ -   pred: 5
08/18/2023 17:02:40 - DEBUG - __main__ -   label: 3
08/18/2023 17:02:40 - DEBUG - __main__ -   pred: 3
08/18/2023 17:02:40 - DEBUG - __main__ -   label: 4
08/18/2023 17:02:40 - DEBUG - __main__ -   pred: 4
08/18/2023 17:02:40 - DEBUG - __main__ -   label: 4
08/18/2023 17:02:40 - DEBUG - __main__ -   pred: 3
08/18/2023 17:02:40 - DEBUG - __main__ -   label: 3
08/18/2023 17:02:40 - DEBUG - __main__ -   pred: 2
08/18/2023 17:02:40 - DEBUG - __main__ -   label: 2
08/18/2023 17:02:40 - DEBUG - __main__ -   pred: 2
08/18/2023 17:02:40 - DEBUG - __main__ -   label: 3
08/18/2023 17:02:40 - DEBUG - __main__ -   pred: 4
08/18/2023 17:02:40 - DEBUG - __main__ -   label: 2
08/18/2023 17:02:40 - DEBUG - __main__ -   pred: 3
08/18/2023 17:02:40 - DEBUG - __main__ -   label: 3
08/18/2023 17:02:40 - DEBUG - __main__ -   pred: 3
08/18/2023 17:02:40 - DEBUG - __main__ -   label: 1
08/18/2023 17:02:40 - DEBUG - __main__ -   pred: 2
08/18/2023 17:02:40 - DEBUG - __main__ -   label: 2
08/18/2023 17:02:40 - DEBUG - __main__ -   pred: 3
08/18/2023 17:02:40 - DEBUG - __main__ -   label: 1
08/18/2023 17:02:40 - DEBUG - __main__ -   pred: 2
08/18/2023 17:02:40 - DEBUG - __main__ -   label: 1
08/18/2023 17:02:40 - DEBUG - __main__ -   pred: 1
08/18/2023 17:02:40 - DEBUG - __main__ -   label: 2
08/18/2023 17:02:40 - DEBUG - __main__ -   pred: 2
08/18/2023 17:02:40 - DEBUG - __main__ -   label: 2
08/18/2023 17:02:40 - DEBUG - __main__ -   pred: 2
08/18/2023 17:02:40 - DEBUG - __main__ -   label: 1
08/18/2023 17:02:40 - DEBUG - __main__ -   pred: 2
08/18/2023 17:02:40 - DEBUG - __main__ -   label: 0
08/18/2023 17:02:40 - DEBUG - __main__ -   pred: 1
08/18/2023 17:02:40 - DEBUG - __main__ -   label: 2
08/18/2023 17:02:40 - DEBUG - __main__ -   pred: 2
08/18/2023 17:02:40 - DEBUG - __main__ -   label: 1
08/18/2023 17:02:40 - DEBUG - __main__ -   pred: 1
08/18/2023 17:02:40 - DEBUG - __main__ -   label: 1
08/18/2023 17:02:40 - DEBUG - __main__ -   pred: 1
08/18/2023 17:02:40 - DEBUG - __main__ -   label: 1
08/18/2023 17:02:40 - DEBUG - __main__ -   pred: 2
08/18/2023 17:02:40 - DEBUG - __main__ -   label: 2
08/18/2023 17:02:40 - DEBUG - __main__ -   pred: 2
08/18/2023 17:02:40 - DEBUG - __main__ -   label: 1
08/18/2023 17:02:40 - DEBUG - __main__ -   pred: 1
08/18/2023 17:02:40 - DEBUG - __main__ -   label: 2
08/18/2023 17:02:40 - DEBUG - __main__ -   pred: 3
08/18/2023 17:02:40 - DEBUG - __main__ -   label: 1
08/18/2023 17:02:40 - DEBUG - __main__ -   pred: 1
08/18/2023 17:02:40 - DEBUG - __main__ -   label: 1
08/18/2023 17:02:40 - DEBUG - __main__ -   pred: 1
08/18/2023 17:02:40 - DEBUG - __main__ -   label: 1
08/18/2023 17:02:40 - DEBUG - __main__ -   pred: 1
08/18/2023 17:02:40 - DEBUG - __main__ -   label: 1
08/18/2023 17:02:40 - DEBUG - __main__ -   pred: 2
08/18/2023 17:02:40 - DEBUG - __main__ -   label: 1
08/18/2023 17:02:40 - DEBUG - __main__ -   pred: 1
08/18/2023 17:02:40 - DEBUG - __main__ -   label: 1
08/18/2023 17:02:40 - DEBUG - __main__ -   pred: 1
08/18/2023 17:02:40 - DEBUG - __main__ -   label: 1
08/18/2023 17:02:40 - DEBUG - __main__ -   pred: 2
08/18/2023 17:02:40 - DEBUG - __main__ -   label: 1
08/18/2023 17:02:40 - DEBUG - __main__ -   pred: 1
08/18/2023 17:02:40 - DEBUG - __main__ -   label: 1
08/18/2023 17:02:40 - DEBUG - __main__ -   pred: 1
08/18/2023 17:02:40 - DEBUG - __main__ -   label: 2
08/18/2023 17:02:40 - DEBUG - __main__ -   pred: 1
08/18/2023 17:02:40 - DEBUG - __main__ -   label: 2
08/18/2023 17:02:40 - DEBUG - __main__ -   pred: 2
08/18/2023 17:02:40 - DEBUG - __main__ -   label: 1
08/18/2023 17:02:40 - DEBUG - __main__ -   pred: 1
08/18/2023 17:02:40 - DEBUG - __main__ -   label: 2
08/18/2023 17:02:40 - DEBUG - __main__ -   pred: 2
08/18/2023 17:02:40 - DEBUG - __main__ -   label: 1
08/18/2023 17:02:40 - DEBUG - __main__ -   pred: 2
08/18/2023 17:02:40 - DEBUG - __main__ -   label: 2
08/18/2023 17:02:40 - DEBUG - __main__ -   pred: 2
08/18/2023 17:02:40 - DEBUG - __main__ -   label: 2
08/18/2023 17:02:40 - DEBUG - __main__ -   pred: 2
08/18/2023 17:02:40 - DEBUG - __main__ -   label: 2
08/18/2023 17:02:40 - DEBUG - __main__ -   pred: 2
08/18/2023 17:02:40 - DEBUG - __main__ -   label: 4
08/18/2023 17:02:40 - DEBUG - __main__ -   pred: 3
08/18/2023 17:02:40 - DEBUG - __main__ -   label: 5
08/18/2023 17:02:40 - DEBUG - __main__ -   pred: 5
08/18/2023 17:02:40 - DEBUG - __main__ -   label: 4
08/18/2023 17:02:40 - DEBUG - __main__ -   pred: 5
08/18/2023 17:02:40 - DEBUG - __main__ -   label: 4
08/18/2023 17:02:40 - DEBUG - __main__ -   pred: 4
08/18/2023 17:02:40 - DEBUG - __main__ -   label: 4
08/18/2023 17:02:40 - DEBUG - __main__ -   pred: 4
08/18/2023 17:02:40 - DEBUG - __main__ -   label: 1
08/18/2023 17:02:40 - DEBUG - __main__ -   pred: 2
08/18/2023 17:02:40 - DEBUG - __main__ -   label: 4
08/18/2023 17:02:40 - DEBUG - __main__ -   pred: 5
08/18/2023 17:02:40 - DEBUG - __main__ -   label: 4
08/18/2023 17:02:40 - DEBUG - __main__ -   pred: 4
08/18/2023 17:02:40 - DEBUG - __main__ -   label: 6
08/18/2023 17:02:40 - DEBUG - __main__ -   pred: 5
08/18/2023 17:02:40 - DEBUG - __main__ -   label: 6
08/18/2023 17:02:40 - DEBUG - __main__ -   pred: 5
08/18/2023 17:02:40 - DEBUG - __main__ -   label: 5
08/18/2023 17:02:40 - DEBUG - __main__ -   pred: 4
08/18/2023 17:02:40 - DEBUG - __main__ -   label: 4
08/18/2023 17:02:40 - DEBUG - __main__ -   pred: 3
08/18/2023 17:02:40 - DEBUG - __main__ -   label: 2
08/18/2023 17:02:40 - DEBUG - __main__ -   pred: 2
08/18/2023 17:02:40 - DEBUG - __main__ -   label: 2
08/18/2023 17:02:40 - DEBUG - __main__ -   pred: 2
08/18/2023 17:02:40 - DEBUG - __main__ -   label: 1
08/18/2023 17:02:40 - DEBUG - __main__ -   pred: 2
08/18/2023 17:02:40 - DEBUG - __main__ -   label: 1
08/18/2023 17:02:40 - DEBUG - __main__ -   pred: 1
08/18/2023 17:02:40 - DEBUG - __main__ -   label: 1
08/18/2023 17:02:40 - DEBUG - __main__ -   pred: 2
08/18/2023 17:02:40 - DEBUG - __main__ -   label: 1
08/18/2023 17:02:40 - DEBUG - __main__ -   pred: 1
08/18/2023 17:02:40 - DEBUG - __main__ -   label: 2
08/18/2023 17:02:40 - DEBUG - __main__ -   pred: 1
08/18/2023 17:02:40 - DEBUG - __main__ -   label: 2
08/18/2023 17:02:40 - DEBUG - __main__ -   pred: 1
08/18/2023 17:02:40 - DEBUG - __main__ -   label: 4
08/18/2023 17:02:40 - DEBUG - __main__ -   pred: 4
08/18/2023 17:02:40 - DEBUG - __main__ -   label: 4
08/18/2023 17:02:40 - DEBUG - __main__ -   pred: 4
08/18/2023 17:02:40 - DEBUG - __main__ -   label: 1
08/18/2023 17:02:40 - DEBUG - __main__ -   pred: 1
08/18/2023 17:02:40 - DEBUG - __main__ -   label: 3
08/18/2023 17:02:40 - DEBUG - __main__ -   pred: 3
08/18/2023 17:02:40 - DEBUG - __main__ -   label: 3
08/18/2023 17:02:40 - DEBUG - __main__ -   pred: 4
08/18/2023 17:02:40 - DEBUG - __main__ -   label: 2
08/18/2023 17:02:40 - DEBUG - __main__ -   pred: 2
08/18/2023 17:02:40 - DEBUG - __main__ -   label: 3
08/18/2023 17:02:40 - DEBUG - __main__ -   pred: 3
08/18/2023 17:02:40 - DEBUG - __main__ -   label: 4
08/18/2023 17:02:40 - DEBUG - __main__ -   pred: 5
08/18/2023 17:02:40 - DEBUG - __main__ -   label: 1
08/18/2023 17:02:40 - DEBUG - __main__ -   pred: 2
08/18/2023 17:02:40 - DEBUG - __main__ -   label: 4
08/18/2023 17:02:40 - DEBUG - __main__ -   pred: 4
08/18/2023 17:02:40 - DEBUG - __main__ -   label: 4
08/18/2023 17:02:40 - DEBUG - __main__ -   pred: 3
08/18/2023 17:02:40 - DEBUG - __main__ -   label: 4
08/18/2023 17:02:40 - DEBUG - __main__ -   pred: 4
08/18/2023 17:02:40 - DEBUG - __main__ -   label: 4
08/18/2023 17:02:40 - DEBUG - __main__ -   pred: 4
08/18/2023 17:02:40 - DEBUG - __main__ -   label: 6
08/18/2023 17:02:40 - DEBUG - __main__ -   pred: 4
08/18/2023 17:02:40 - DEBUG - __main__ -   label: 3
08/18/2023 17:02:40 - DEBUG - __main__ -   pred: 3
08/18/2023 17:02:40 - DEBUG - __main__ -   label: 4
08/18/2023 17:02:40 - DEBUG - __main__ -   pred: 5
08/18/2023 17:02:40 - DEBUG - __main__ -   label: 3
08/18/2023 17:02:40 - DEBUG - __main__ -   pred: 4
08/18/2023 17:02:40 - DEBUG - __main__ -   label: 5
08/18/2023 17:02:40 - DEBUG - __main__ -   pred: 4
08/18/2023 17:02:40 - DEBUG - __main__ -   label: 2
08/18/2023 17:02:40 - DEBUG - __main__ -   pred: 2
08/18/2023 17:02:40 - DEBUG - __main__ -   label: 1
08/18/2023 17:02:40 - DEBUG - __main__ -   pred: 2
08/18/2023 17:02:40 - DEBUG - __main__ -   label: 3
08/18/2023 17:02:40 - DEBUG - __main__ -   pred: 1
08/18/2023 17:02:40 - DEBUG - __main__ -   label: 2
08/18/2023 17:02:40 - DEBUG - __main__ -   pred: 3
08/18/2023 17:02:40 - DEBUG - __main__ -   label: 1
08/18/2023 17:02:40 - DEBUG - __main__ -   pred: 2
08/18/2023 17:02:40 - DEBUG - __main__ -   label: 2
08/18/2023 17:02:40 - DEBUG - __main__ -   pred: 1
08/18/2023 17:02:40 - DEBUG - __main__ -   label: 2
08/18/2023 17:02:40 - DEBUG - __main__ -   pred: 2
08/18/2023 17:02:40 - DEBUG - __main__ -   label: 2
08/18/2023 17:02:40 - DEBUG - __main__ -   pred: 2
08/18/2023 17:02:40 - DEBUG - __main__ -   label: 2
08/18/2023 17:02:40 - DEBUG - __main__ -   pred: 2
08/18/2023 17:02:40 - DEBUG - __main__ -   label: 2
08/18/2023 17:02:40 - DEBUG - __main__ -   pred: 2
08/18/2023 17:02:40 - DEBUG - __main__ -   label: 3
08/18/2023 17:02:40 - DEBUG - __main__ -   pred: 1
08/18/2023 17:02:40 - DEBUG - __main__ -   label: 3
08/18/2023 17:02:40 - DEBUG - __main__ -   pred: 2
08/18/2023 17:02:40 - DEBUG - __main__ -   label: 2
08/18/2023 17:02:40 - DEBUG - __main__ -   pred: 1
08/18/2023 17:02:40 - DEBUG - __main__ -   label: 1
08/18/2023 17:02:40 - DEBUG - __main__ -   pred: 2
08/18/2023 17:02:40 - DEBUG - __main__ -   label: 3
08/18/2023 17:02:40 - DEBUG - __main__ -   pred: 1
08/18/2023 17:02:40 - DEBUG - __main__ -   label: 3
08/18/2023 17:02:40 - DEBUG - __main__ -   pred: 2
08/18/2023 17:02:40 - DEBUG - __main__ -   label: 2
08/18/2023 17:02:40 - DEBUG - __main__ -   pred: 2
08/18/2023 17:02:40 - DEBUG - __main__ -   label: 1
08/18/2023 17:02:40 - DEBUG - __main__ -   pred: 2
08/18/2023 17:02:40 - DEBUG - __main__ -   label: 3
08/18/2023 17:02:40 - DEBUG - __main__ -   pred: 2
08/18/2023 17:02:40 - DEBUG - __main__ -   label: 4
08/18/2023 17:02:40 - DEBUG - __main__ -   pred: 5
08/18/2023 17:02:40 - DEBUG - __main__ -   label: 4
08/18/2023 17:02:40 - DEBUG - __main__ -   pred: 4
08/18/2023 17:02:40 - DEBUG - __main__ -   label: 2
08/18/2023 17:02:40 - DEBUG - __main__ -   pred: 2
08/18/2023 17:02:40 - DEBUG - __main__ -   label: 2
08/18/2023 17:02:40 - DEBUG - __main__ -   pred: 2
08/18/2023 17:02:40 - DEBUG - __main__ -   label: 2
08/18/2023 17:02:40 - DEBUG - __main__ -   pred: 2
08/18/2023 17:02:40 - DEBUG - __main__ -   label: 2
08/18/2023 17:02:40 - DEBUG - __main__ -   pred: 2
08/18/2023 17:02:40 - DEBUG - __main__ -   label: 3
08/18/2023 17:02:40 - DEBUG - __main__ -   pred: 2
08/18/2023 17:02:40 - DEBUG - __main__ -   label: 4
08/18/2023 17:02:40 - DEBUG - __main__ -   pred: 2
08/18/2023 17:02:40 - DEBUG - __main__ -   label: 2
08/18/2023 17:02:40 - DEBUG - __main__ -   pred: 2
08/18/2023 17:02:40 - DEBUG - __main__ -   label: 3
08/18/2023 17:02:40 - DEBUG - __main__ -   pred: 1
08/18/2023 17:02:40 - DEBUG - __main__ -   label: 2
08/18/2023 17:02:40 - DEBUG - __main__ -   pred: 2
08/18/2023 17:02:40 - DEBUG - __main__ -   label: 4
08/18/2023 17:02:40 - DEBUG - __main__ -   pred: 1
08/18/2023 17:02:40 - DEBUG - __main__ -   label: 2
08/18/2023 17:02:40 - DEBUG - __main__ -   pred: 1
08/18/2023 17:02:40 - DEBUG - __main__ -   label: 3
08/18/2023 17:02:40 - DEBUG - __main__ -   pred: 1
08/18/2023 17:02:40 - DEBUG - __main__ -   label: 4
08/18/2023 17:02:40 - DEBUG - __main__ -   pred: 1
08/18/2023 17:02:40 - DEBUG - __main__ -   label: 2
08/18/2023 17:02:40 - DEBUG - __main__ -   pred: 1
08/18/2023 17:02:40 - DEBUG - __main__ -   label: 4
08/18/2023 17:02:40 - DEBUG - __main__ -   pred: 2
08/18/2023 17:02:40 - DEBUG - __main__ -   label: 2
08/18/2023 17:02:40 - DEBUG - __main__ -   pred: 1
08/18/2023 17:02:40 - DEBUG - __main__ -   label: 2
08/18/2023 17:02:40 - DEBUG - __main__ -   pred: 1
08/18/2023 17:02:40 - DEBUG - __main__ -   label: 3
08/18/2023 17:02:40 - DEBUG - __main__ -   pred: 2
08/18/2023 17:02:40 - DEBUG - __main__ -   label: 4
08/18/2023 17:02:40 - DEBUG - __main__ -   pred: 3
08/18/2023 17:02:40 - DEBUG - __main__ -   label: 4
08/18/2023 17:02:40 - DEBUG - __main__ -   pred: 4
08/18/2023 17:02:40 - DEBUG - __main__ -   label: 3
08/18/2023 17:02:40 - DEBUG - __main__ -   pred: 2
08/18/2023 17:02:40 - DEBUG - __main__ -   label: 3
08/18/2023 17:02:40 - DEBUG - __main__ -   pred: 2
08/18/2023 17:02:40 - DEBUG - __main__ -   label: 4
08/18/2023 17:02:40 - DEBUG - __main__ -   pred: 4
08/18/2023 17:02:40 - DEBUG - __main__ -   label: 3
08/18/2023 17:02:40 - DEBUG - __main__ -   pred: 2
08/18/2023 17:02:40 - DEBUG - __main__ -   label: 3
08/18/2023 17:02:40 - DEBUG - __main__ -   pred: 3
08/18/2023 17:02:40 - DEBUG - __main__ -   label: 5
08/18/2023 17:02:40 - DEBUG - __main__ -   pred: 4
08/18/2023 17:02:40 - DEBUG - __main__ -   label: 4
08/18/2023 17:02:40 - DEBUG - __main__ -   pred: 5
08/18/2023 17:02:40 - DEBUG - __main__ -   label: 6
08/18/2023 17:02:40 - DEBUG - __main__ -   pred: 5
08/18/2023 17:02:40 - DEBUG - __main__ -   label: 5
08/18/2023 17:02:40 - DEBUG - __main__ -   pred: 5
08/18/2023 17:02:40 - DEBUG - __main__ -   label: 2
08/18/2023 17:02:40 - DEBUG - __main__ -   pred: 2
08/18/2023 17:02:40 - DEBUG - __main__ -   label: 2
08/18/2023 17:02:40 - DEBUG - __main__ -   pred: 2
08/18/2023 17:02:40 - DEBUG - __main__ -   label: 2
08/18/2023 17:02:40 - DEBUG - __main__ -   pred: 2
08/18/2023 17:02:40 - DEBUG - __main__ -   label: 3
08/18/2023 17:02:40 - DEBUG - __main__ -   pred: 2
08/18/2023 17:02:40 - DEBUG - __main__ -   label: 2
08/18/2023 17:02:40 - DEBUG - __main__ -   pred: 2
08/18/2023 17:02:40 - DEBUG - __main__ -   label: 1
08/18/2023 17:02:40 - DEBUG - __main__ -   pred: 2
08/18/2023 17:02:40 - DEBUG - __main__ -   label: 2
08/18/2023 17:02:40 - DEBUG - __main__ -   pred: 2
08/18/2023 17:02:40 - DEBUG - __main__ -   label: 1
08/18/2023 17:02:40 - DEBUG - __main__ -   pred: 2
08/18/2023 17:02:40 - DEBUG - __main__ -   label: 2
08/18/2023 17:02:40 - DEBUG - __main__ -   pred: 3
08/18/2023 17:02:40 - DEBUG - __main__ -   label: 3
08/18/2023 17:02:40 - DEBUG - __main__ -   pred: 3
08/18/2023 17:02:40 - DEBUG - __main__ -   label: 3
08/18/2023 17:02:40 - DEBUG - __main__ -   pred: 3
08/18/2023 17:02:40 - DEBUG - __main__ -   label: 5
08/18/2023 17:02:40 - DEBUG - __main__ -   pred: 4
08/18/2023 17:02:40 - DEBUG - __main__ -   label: 3
08/18/2023 17:02:40 - DEBUG - __main__ -   pred: 3
08/18/2023 17:02:40 - DEBUG - __main__ -   label: 3
08/18/2023 17:02:40 - DEBUG - __main__ -   pred: 2
08/18/2023 17:02:40 - DEBUG - __main__ -   label: 5
08/18/2023 17:02:40 - DEBUG - __main__ -   pred: 4
08/18/2023 17:02:40 - DEBUG - __main__ -   label: 4
08/18/2023 17:02:40 - DEBUG - __main__ -   pred: 4
08/18/2023 17:02:40 - DEBUG - __main__ -   label: 5
08/18/2023 17:02:40 - DEBUG - __main__ -   pred: 5
08/18/2023 17:02:40 - DEBUG - __main__ -   label: 4
08/18/2023 17:02:40 - DEBUG - __main__ -   pred: 5
08/18/2023 17:02:40 - DEBUG - __main__ -   label: 4
08/18/2023 17:02:40 - DEBUG - __main__ -   pred: 3
08/18/2023 17:02:40 - DEBUG - __main__ -   label: 4
08/18/2023 17:02:40 - DEBUG - __main__ -   pred: 4
08/18/2023 17:02:40 - DEBUG - __main__ -   label: 5
08/18/2023 17:02:40 - DEBUG - __main__ -   pred: 4
08/18/2023 17:02:40 - DEBUG - __main__ -   label: 5
08/18/2023 17:02:40 - DEBUG - __main__ -   pred: 5
08/18/2023 17:02:40 - DEBUG - __main__ -   label: 6
08/18/2023 17:02:40 - DEBUG - __main__ -   pred: 5
08/18/2023 17:02:40 - DEBUG - __main__ -   label: 3
08/18/2023 17:02:40 - DEBUG - __main__ -   pred: 5
08/18/2023 17:02:40 - DEBUG - __main__ -   label: 4
08/18/2023 17:02:40 - DEBUG - __main__ -   pred: 4
08/18/2023 17:02:40 - DEBUG - __main__ -   label: 5
08/18/2023 17:02:40 - DEBUG - __main__ -   pred: 4
08/18/2023 17:02:40 - DEBUG - __main__ -   label: 5
08/18/2023 17:02:40 - DEBUG - __main__ -   pred: 4
08/18/2023 17:02:40 - DEBUG - __main__ -   label: 4
08/18/2023 17:02:40 - DEBUG - __main__ -   pred: 4
08/18/2023 17:02:40 - DEBUG - __main__ -   label: 4
08/18/2023 17:02:40 - DEBUG - __main__ -   pred: 5
08/18/2023 17:02:40 - DEBUG - __main__ -   label: 3
08/18/2023 17:02:40 - DEBUG - __main__ -   pred: 4
08/18/2023 17:02:40 - DEBUG - __main__ -   label: 4
08/18/2023 17:02:40 - DEBUG - __main__ -   pred: 4
08/18/2023 17:02:40 - DEBUG - __main__ -   label: 3
08/18/2023 17:02:40 - DEBUG - __main__ -   pred: 3
08/18/2023 17:02:40 - DEBUG - __main__ -   label: 4
08/18/2023 17:02:40 - DEBUG - __main__ -   pred: 4
08/18/2023 17:02:40 - DEBUG - __main__ -   label: 4
08/18/2023 17:02:40 - DEBUG - __main__ -   pred: 4
08/18/2023 17:02:40 - DEBUG - __main__ -   label: 2
08/18/2023 17:02:40 - DEBUG - __main__ -   pred: 2
08/18/2023 17:02:40 - DEBUG - __main__ -   label: 2
08/18/2023 17:02:40 - DEBUG - __main__ -   pred: 2
08/18/2023 17:02:40 - DEBUG - __main__ -   label: 2
08/18/2023 17:02:40 - DEBUG - __main__ -   pred: 1
08/18/2023 17:02:40 - DEBUG - __main__ -   label: 2
08/18/2023 17:02:40 - DEBUG - __main__ -   pred: 3
08/18/2023 17:02:40 - DEBUG - __main__ -   label: 2
08/18/2023 17:02:40 - DEBUG - __main__ -   pred: 1
08/18/2023 17:02:40 - DEBUG - __main__ -   label: 2
08/18/2023 17:02:40 - DEBUG - __main__ -   pred: 2
08/18/2023 17:02:40 - DEBUG - __main__ -   label: 2
08/18/2023 17:02:40 - DEBUG - __main__ -   pred: 1
08/18/2023 17:02:40 - DEBUG - __main__ -   label: 1
08/18/2023 17:02:40 - DEBUG - __main__ -   pred: 2
08/18/2023 17:02:40 - DEBUG - __main__ -   label: 3
08/18/2023 17:02:40 - DEBUG - __main__ -   pred: 5
08/18/2023 17:02:40 - DEBUG - __main__ -   label: 4
08/18/2023 17:02:40 - DEBUG - __main__ -   pred: 5
08/18/2023 17:02:40 - DEBUG - __main__ -   label: 4
08/18/2023 17:02:40 - DEBUG - __main__ -   pred: 5
08/18/2023 17:02:40 - DEBUG - __main__ -   label: 3
08/18/2023 17:02:40 - DEBUG - __main__ -   pred: 3
08/18/2023 17:02:40 - DEBUG - __main__ -   label: 4
08/18/2023 17:02:40 - DEBUG - __main__ -   pred: 5
08/18/2023 17:02:40 - DEBUG - __main__ -   label: 2
08/18/2023 17:02:40 - DEBUG - __main__ -   pred: 2
08/18/2023 17:02:40 - DEBUG - __main__ -   label: 3
08/18/2023 17:02:40 - DEBUG - __main__ -   pred: 3
08/18/2023 17:02:40 - DEBUG - __main__ -   label: 1
08/18/2023 17:02:40 - DEBUG - __main__ -   pred: 1
08/18/2023 17:02:40 - DEBUG - __main__ -   label: 1
08/18/2023 17:02:40 - DEBUG - __main__ -   pred: 1
08/18/2023 17:02:40 - DEBUG - __main__ -   label: 1
08/18/2023 17:02:40 - DEBUG - __main__ -   pred: 2
08/18/2023 17:02:40 - DEBUG - __main__ -   label: 1
08/18/2023 17:02:40 - DEBUG - __main__ -   pred: 1
08/18/2023 17:02:40 - DEBUG - __main__ -   label: 1
08/18/2023 17:02:40 - DEBUG - __main__ -   pred: 1
08/18/2023 17:02:40 - DEBUG - __main__ -   label: 1
08/18/2023 17:02:40 - DEBUG - __main__ -   pred: 2
08/18/2023 17:02:40 - DEBUG - __main__ -   label: 1
08/18/2023 17:02:40 - DEBUG - __main__ -   pred: 2
08/18/2023 17:02:40 - DEBUG - __main__ -   label: 1
08/18/2023 17:02:40 - DEBUG - __main__ -   pred: 1
08/18/2023 17:02:40 - DEBUG - __main__ -   label: 2
08/18/2023 17:02:40 - DEBUG - __main__ -   pred: 2
08/18/2023 17:02:40 - DEBUG - __main__ -   label: 4
08/18/2023 17:02:40 - DEBUG - __main__ -   pred: 4
08/18/2023 17:02:40 - DEBUG - __main__ -   label: 3
08/18/2023 17:02:40 - DEBUG - __main__ -   pred: 4
08/18/2023 17:02:40 - DEBUG - __main__ -   label: 2
08/18/2023 17:02:40 - DEBUG - __main__ -   pred: 2
08/18/2023 17:02:40 - DEBUG - __main__ -   label: 3
08/18/2023 17:02:40 - DEBUG - __main__ -   pred: 5
08/18/2023 17:02:40 - DEBUG - __main__ -   label: 4
08/18/2023 17:02:40 - DEBUG - __main__ -   pred: 4
08/18/2023 17:02:40 - DEBUG - __main__ -   label: 4
08/18/2023 17:02:40 - DEBUG - __main__ -   pred: 3
08/18/2023 17:02:40 - DEBUG - __main__ -   label: 2
08/18/2023 17:02:40 - DEBUG - __main__ -   pred: 2
08/18/2023 17:02:40 - DEBUG - __main__ -   label: 2
08/18/2023 17:02:40 - DEBUG - __main__ -   pred: 2
08/18/2023 17:02:40 - DEBUG - __main__ -   label: 3
08/18/2023 17:02:40 - DEBUG - __main__ -   pred: 2
08/18/2023 17:02:40 - DEBUG - __main__ -   label: 1
08/18/2023 17:02:40 - DEBUG - __main__ -   pred: 2
08/18/2023 17:02:40 - DEBUG - __main__ -   label: 2
08/18/2023 17:02:40 - DEBUG - __main__ -   pred: 2
08/18/2023 17:02:40 - DEBUG - __main__ -   label: 2
08/18/2023 17:02:40 - DEBUG - __main__ -   pred: 2
08/18/2023 17:02:40 - DEBUG - __main__ -   label: 1
08/18/2023 17:02:40 - DEBUG - __main__ -   pred: 2
08/18/2023 17:02:40 - DEBUG - __main__ -   label: 3
08/18/2023 17:02:40 - DEBUG - __main__ -   pred: 2
08/18/2023 17:02:40 - DEBUG - __main__ -   label: 1
08/18/2023 17:02:40 - DEBUG - __main__ -   pred: 3
08/18/2023 17:02:40 - DEBUG - __main__ -   label: 2
08/18/2023 17:02:40 - DEBUG - __main__ -   pred: 2
08/18/2023 17:02:40 - DEBUG - __main__ -   label: 1
08/18/2023 17:02:40 - DEBUG - __main__ -   pred: 3
08/18/2023 17:02:40 - DEBUG - __main__ -   label: 1
08/18/2023 17:02:40 - DEBUG - __main__ -   pred: 1
08/18/2023 17:02:40 - DEBUG - __main__ -   label: 1
08/18/2023 17:02:40 - DEBUG - __main__ -   pred: 2
08/18/2023 17:02:40 - DEBUG - __main__ -   label: 1
08/18/2023 17:02:40 - DEBUG - __main__ -   pred: 1
08/18/2023 17:02:40 - DEBUG - __main__ -   label: 2
08/18/2023 17:02:40 - DEBUG - __main__ -   pred: 2
08/18/2023 17:02:40 - DEBUG - __main__ -   label: 2
08/18/2023 17:02:40 - DEBUG - __main__ -   pred: 2
08/18/2023 17:02:40 - DEBUG - __main__ -   label: 1
08/18/2023 17:02:40 - DEBUG - __main__ -   pred: 1
08/18/2023 17:02:40 - DEBUG - __main__ -   label: 1
08/18/2023 17:02:40 - DEBUG - __main__ -   pred: 1
08/18/2023 17:02:40 - DEBUG - __main__ -   label: 1
08/18/2023 17:02:40 - DEBUG - __main__ -   pred: 1
08/18/2023 17:02:40 - DEBUG - __main__ -   label: 2
08/18/2023 17:02:40 - DEBUG - __main__ -   pred: 1
08/18/2023 17:02:40 - DEBUG - __main__ -   label: 1
08/18/2023 17:02:40 - DEBUG - __main__ -   pred: 1
08/18/2023 17:02:40 - DEBUG - __main__ -   label: 1
08/18/2023 17:02:40 - DEBUG - __main__ -   pred: 2
08/18/2023 17:02:40 - DEBUG - __main__ -   label: 1
08/18/2023 17:02:40 - DEBUG - __main__ -   pred: 1
08/18/2023 17:02:40 - DEBUG - __main__ -   label: 2
08/18/2023 17:02:40 - DEBUG - __main__ -   pred: 2
08/18/2023 17:02:40 - DEBUG - __main__ -   label: 2
08/18/2023 17:02:40 - DEBUG - __main__ -   pred: 3
08/18/2023 17:02:40 - DEBUG - __main__ -   label: 1
08/18/2023 17:02:40 - DEBUG - __main__ -   pred: 1
08/18/2023 17:02:40 - DEBUG - __main__ -   label: 2
08/18/2023 17:02:40 - DEBUG - __main__ -   pred: 2
08/18/2023 17:02:40 - DEBUG - __main__ -   label: 1
08/18/2023 17:02:40 - DEBUG - __main__ -   pred: 2
08/18/2023 17:02:40 - DEBUG - __main__ -   label: 2
08/18/2023 17:02:40 - DEBUG - __main__ -   pred: 3
08/18/2023 17:02:40 - DEBUG - __main__ -   label: 1
08/18/2023 17:02:40 - DEBUG - __main__ -   pred: 1
08/18/2023 17:02:40 - DEBUG - __main__ -   label: 2
08/18/2023 17:02:40 - DEBUG - __main__ -   pred: 3
08/18/2023 17:02:40 - DEBUG - __main__ -   label: 4
08/18/2023 17:02:40 - DEBUG - __main__ -   pred: 3
08/18/2023 17:02:40 - DEBUG - __main__ -   label: 5
08/18/2023 17:02:40 - DEBUG - __main__ -   pred: 5
08/18/2023 17:02:40 - DEBUG - __main__ -   label: 6
08/18/2023 17:02:40 - DEBUG - __main__ -   pred: 5
08/18/2023 17:02:40 - DEBUG - __main__ -   label: 4
08/18/2023 17:02:40 - DEBUG - __main__ -   pred: 4
08/18/2023 17:02:40 - DEBUG - __main__ -   label: 3
08/18/2023 17:02:40 - DEBUG - __main__ -   pred: 3
08/18/2023 17:02:40 - DEBUG - __main__ -   label: 4
08/18/2023 17:02:40 - DEBUG - __main__ -   pred: 4
08/18/2023 17:02:40 - DEBUG - __main__ -   label: 4
08/18/2023 17:02:40 - DEBUG - __main__ -   pred: 5
08/18/2023 17:02:40 - DEBUG - __main__ -   label: 3
08/18/2023 17:02:40 - DEBUG - __main__ -   pred: 4
08/18/2023 17:02:40 - DEBUG - __main__ -   label: 4
08/18/2023 17:02:40 - DEBUG - __main__ -   pred: 4
08/18/2023 17:02:40 - DEBUG - __main__ -   label: 2
08/18/2023 17:02:40 - DEBUG - __main__ -   pred: 3
08/18/2023 17:02:40 - DEBUG - __main__ -   label: 2
08/18/2023 17:02:40 - DEBUG - __main__ -   pred: 2
08/18/2023 17:02:40 - DEBUG - __main__ -   label: 2
08/18/2023 17:02:40 - DEBUG - __main__ -   pred: 2
08/18/2023 17:02:40 - DEBUG - __main__ -   label: 0
08/18/2023 17:02:40 - DEBUG - __main__ -   pred: 2
08/18/2023 17:02:40 - DEBUG - __main__ -   label: 0
08/18/2023 17:02:40 - DEBUG - __main__ -   pred: 2
08/18/2023 17:02:40 - DEBUG - __main__ -   label: 1
08/18/2023 17:02:40 - DEBUG - __main__ -   pred: 2
08/18/2023 17:02:40 - DEBUG - __main__ -   label: 0
08/18/2023 17:02:40 - DEBUG - __main__ -   pred: 2
08/18/2023 17:02:40 - DEBUG - __main__ -   label: 1
08/18/2023 17:02:40 - DEBUG - __main__ -   pred: 2
08/18/2023 17:02:40 - DEBUG - __main__ -   label: 1
08/18/2023 17:02:40 - DEBUG - __main__ -   pred: 1
08/18/2023 17:02:40 - DEBUG - __main__ -   label: 1
08/18/2023 17:02:40 - DEBUG - __main__ -   pred: 2
08/18/2023 17:02:40 - DEBUG - __main__ -   label: 1
08/18/2023 17:02:40 - DEBUG - __main__ -   pred: 1
08/18/2023 17:02:40 - DEBUG - __main__ -   label: 1
08/18/2023 17:02:40 - DEBUG - __main__ -   pred: 2
08/18/2023 17:02:40 - DEBUG - __main__ -   label: 1
08/18/2023 17:02:40 - DEBUG - __main__ -   pred: 2
08/18/2023 17:02:40 - DEBUG - __main__ -   label: 0
08/18/2023 17:02:40 - DEBUG - __main__ -   pred: 1
08/18/2023 17:02:40 - DEBUG - __main__ -   label: 1
08/18/2023 17:02:40 - DEBUG - __main__ -   pred: 1
08/18/2023 17:02:40 - DEBUG - __main__ -   label: 1
08/18/2023 17:02:40 - DEBUG - __main__ -   pred: 2
08/18/2023 17:02:40 - DEBUG - __main__ -   label: 1
08/18/2023 17:02:40 - DEBUG - __main__ -   pred: 2
08/18/2023 17:02:40 - DEBUG - __main__ -   label: 2
08/18/2023 17:02:40 - DEBUG - __main__ -   pred: 2
08/18/2023 17:02:40 - DEBUG - __main__ -   label: 1
08/18/2023 17:02:40 - DEBUG - __main__ -   pred: 2
08/18/2023 17:02:40 - DEBUG - __main__ -   label: 1
08/18/2023 17:02:40 - DEBUG - __main__ -   pred: 2
08/18/2023 17:02:40 - DEBUG - __main__ -   label: 2
08/18/2023 17:02:40 - DEBUG - __main__ -   pred: 1
08/18/2023 17:02:40 - DEBUG - __main__ -   label: 1
08/18/2023 17:02:40 - DEBUG - __main__ -   pred: 2
08/18/2023 17:02:40 - DEBUG - __main__ -   label: 1
08/18/2023 17:02:40 - DEBUG - __main__ -   pred: 1
08/18/2023 17:02:40 - DEBUG - __main__ -   label: 2
08/18/2023 17:02:40 - DEBUG - __main__ -   pred: 2
08/18/2023 17:02:40 - DEBUG - __main__ -   label: 4
08/18/2023 17:02:40 - DEBUG - __main__ -   pred: 4
08/18/2023 17:02:40 - DEBUG - __main__ -   label: 5
08/18/2023 17:02:40 - DEBUG - __main__ -   pred: 5
08/18/2023 17:02:40 - DEBUG - __main__ -   label: 4
08/18/2023 17:02:40 - DEBUG - __main__ -   pred: 5
08/18/2023 17:02:40 - DEBUG - __main__ -   label: 4
08/18/2023 17:02:40 - DEBUG - __main__ -   pred: 5
08/18/2023 17:02:40 - DEBUG - __main__ -   label: 3
08/18/2023 17:02:40 - DEBUG - __main__ -   pred: 4
08/18/2023 17:02:40 - DEBUG - __main__ -   label: 5
08/18/2023 17:02:40 - DEBUG - __main__ -   pred: 5
08/18/2023 17:02:40 - DEBUG - __main__ -   label: 3
08/18/2023 17:02:40 - DEBUG - __main__ -   pred: 4
08/18/2023 17:02:40 - DEBUG - __main__ -   label: 5
08/18/2023 17:02:40 - DEBUG - __main__ -   pred: 5
08/18/2023 17:02:40 - DEBUG - __main__ -   label: 3
08/18/2023 17:02:40 - DEBUG - __main__ -   pred: 3
08/18/2023 17:02:40 - DEBUG - __main__ -   label: 4
08/18/2023 17:02:40 - DEBUG - __main__ -   pred: 5
08/18/2023 17:02:40 - DEBUG - __main__ -   label: 3
08/18/2023 17:02:40 - DEBUG - __main__ -   pred: 2
08/18/2023 17:02:40 - DEBUG - __main__ -   label: 3
08/18/2023 17:02:40 - DEBUG - __main__ -   pred: 2
08/18/2023 17:02:40 - DEBUG - __main__ -   label: 2
08/18/2023 17:02:40 - DEBUG - __main__ -   pred: 1
08/18/2023 17:02:40 - DEBUG - __main__ -   label: 2
08/18/2023 17:02:40 - DEBUG - __main__ -   pred: 1
08/18/2023 17:02:40 - DEBUG - __main__ -   label: 1
08/18/2023 17:02:40 - DEBUG - __main__ -   pred: 2
08/18/2023 17:02:40 - DEBUG - __main__ -   label: 2
08/18/2023 17:02:40 - DEBUG - __main__ -   pred: 2
08/18/2023 17:02:40 - DEBUG - __main__ -   label: 1
08/18/2023 17:02:40 - DEBUG - __main__ -   pred: 2
08/18/2023 17:02:40 - DEBUG - __main__ -   label: 1
08/18/2023 17:02:40 - DEBUG - __main__ -   pred: 3
08/18/2023 17:02:40 - DEBUG - __main__ -   label: 2
08/18/2023 17:02:40 - DEBUG - __main__ -   pred: 2
08/18/2023 17:02:40 - DEBUG - __main__ -   label: 1
08/18/2023 17:02:40 - DEBUG - __main__ -   pred: 1
08/18/2023 17:02:40 - DEBUG - __main__ -   label: 2
08/18/2023 17:02:40 - DEBUG - __main__ -   pred: 1
08/18/2023 17:02:40 - DEBUG - __main__ -   label: 2
08/18/2023 17:02:40 - DEBUG - __main__ -   pred: 1
08/18/2023 17:02:40 - DEBUG - __main__ -   label: 2
08/18/2023 17:02:40 - DEBUG - __main__ -   pred: 2
08/18/2023 17:02:40 - DEBUG - __main__ -   label: 2
08/18/2023 17:02:40 - DEBUG - __main__ -   pred: 2
08/18/2023 17:02:40 - DEBUG - __main__ -   label: 2
08/18/2023 17:02:40 - DEBUG - __main__ -   pred: 2
08/18/2023 17:02:40 - DEBUG - __main__ -   label: 5
08/18/2023 17:02:40 - DEBUG - __main__ -   pred: 4
08/18/2023 17:02:40 - DEBUG - __main__ -   label: 4
08/18/2023 17:02:40 - DEBUG - __main__ -   pred: 5
08/18/2023 17:02:40 - DEBUG - __main__ -   label: 4
08/18/2023 17:02:40 - DEBUG - __main__ -   pred: 4
08/18/2023 17:02:40 - DEBUG - __main__ -   label: 4
08/18/2023 17:02:40 - DEBUG - __main__ -   pred: 4
08/18/2023 17:02:40 - DEBUG - __main__ -   label: 3
08/18/2023 17:02:40 - DEBUG - __main__ -   pred: 4
08/18/2023 17:02:40 - DEBUG - __main__ -   label: 2
08/18/2023 17:02:40 - DEBUG - __main__ -   pred: 1
08/18/2023 17:02:40 - DEBUG - __main__ -   label: 2
08/18/2023 17:02:40 - DEBUG - __main__ -   pred: 2
08/18/2023 17:02:40 - DEBUG - __main__ -   label: 1
08/18/2023 17:02:40 - DEBUG - __main__ -   pred: 2
08/18/2023 17:02:40 - DEBUG - __main__ -   label: 4
08/18/2023 17:02:40 - DEBUG - __main__ -   pred: 3
08/18/2023 17:02:40 - DEBUG - __main__ -   label: 5
08/18/2023 17:02:40 - DEBUG - __main__ -   pred: 5
08/18/2023 17:02:40 - DEBUG - __main__ -   label: 4
08/18/2023 17:02:40 - DEBUG - __main__ -   pred: 4
08/18/2023 17:02:40 - DEBUG - __main__ -   label: 2
08/18/2023 17:02:40 - DEBUG - __main__ -   pred: 2
08/18/2023 17:02:40 - DEBUG - __main__ -   label: 2
08/18/2023 17:02:40 - DEBUG - __main__ -   pred: 2
08/18/2023 17:02:40 - DEBUG - __main__ -   label: 2
08/18/2023 17:02:40 - DEBUG - __main__ -   pred: 1
08/18/2023 17:02:40 - DEBUG - __main__ -   label: 2
08/18/2023 17:02:40 - DEBUG - __main__ -   pred: 1
08/18/2023 17:02:40 - DEBUG - __main__ -   label: 2
08/18/2023 17:02:40 - DEBUG - __main__ -   pred: 2
08/18/2023 17:02:40 - DEBUG - __main__ -   label: 1
08/18/2023 17:02:40 - DEBUG - __main__ -   pred: 1
08/18/2023 17:02:40 - DEBUG - __main__ -   label: 1
08/18/2023 17:02:40 - DEBUG - __main__ -   pred: 1
08/18/2023 17:02:40 - DEBUG - __main__ -   label: 2
08/18/2023 17:02:40 - DEBUG - __main__ -   pred: 1
08/18/2023 17:02:40 - DEBUG - __main__ -   label: 1
08/18/2023 17:02:40 - DEBUG - __main__ -   pred: 1
08/18/2023 17:02:40 - DEBUG - __main__ -   label: 3
08/18/2023 17:02:40 - DEBUG - __main__ -   pred: 3
08/18/2023 17:02:40 - DEBUG - __main__ -   label: 3
08/18/2023 17:02:40 - DEBUG - __main__ -   pred: 4
08/18/2023 17:02:40 - DEBUG - __main__ -   label: 2
08/18/2023 17:02:40 - DEBUG - __main__ -   pred: 3
08/18/2023 17:02:40 - DEBUG - __main__ -   label: 2
08/18/2023 17:02:40 - DEBUG - __main__ -   pred: 1
08/18/2023 17:02:40 - DEBUG - __main__ -   label: 3
08/18/2023 17:02:40 - DEBUG - __main__ -   pred: 3
08/18/2023 17:02:40 - DEBUG - __main__ -   label: 3
08/18/2023 17:02:40 - DEBUG - __main__ -   pred: 3
08/18/2023 17:02:40 - DEBUG - __main__ -   label: 5
08/18/2023 17:02:40 - DEBUG - __main__ -   pred: 5
08/18/2023 17:02:40 - DEBUG - __main__ -   label: 4
08/18/2023 17:02:40 - DEBUG - __main__ -   pred: 4
08/18/2023 17:02:40 - DEBUG - __main__ -   label: 5
08/18/2023 17:02:40 - DEBUG - __main__ -   pred: 5
08/18/2023 17:02:40 - DEBUG - __main__ -   label: 3
08/18/2023 17:02:40 - DEBUG - __main__ -   pred: 3
08/18/2023 17:02:40 - DEBUG - __main__ -   label: 5
08/18/2023 17:02:40 - DEBUG - __main__ -   pred: 5
08/18/2023 17:02:40 - DEBUG - __main__ -   label: 3
08/18/2023 17:02:40 - DEBUG - __main__ -   pred: 4
08/18/2023 17:02:40 - DEBUG - __main__ -   label: 4
08/18/2023 17:02:40 - DEBUG - __main__ -   pred: 5
08/18/2023 17:02:40 - DEBUG - __main__ -   label: 1
08/18/2023 17:02:40 - DEBUG - __main__ -   pred: 1
08/18/2023 17:02:40 - DEBUG - __main__ -   label: 3
08/18/2023 17:02:40 - DEBUG - __main__ -   pred: 4
08/18/2023 17:02:40 - DEBUG - __main__ -   label: 2
08/18/2023 17:02:40 - DEBUG - __main__ -   pred: 2
08/18/2023 17:02:40 - DEBUG - __main__ -   label: 1
08/18/2023 17:02:40 - DEBUG - __main__ -   pred: 1
08/18/2023 17:02:40 - DEBUG - __main__ -   label: 1
08/18/2023 17:02:40 - DEBUG - __main__ -   pred: 1
08/18/2023 17:02:40 - DEBUG - __main__ -   label: 1
08/18/2023 17:02:40 - DEBUG - __main__ -   pred: 2
08/18/2023 17:02:40 - DEBUG - __main__ -   label: 2
08/18/2023 17:02:40 - DEBUG - __main__ -   pred: 1
08/18/2023 17:02:40 - DEBUG - __main__ -   label: 1
08/18/2023 17:02:40 - DEBUG - __main__ -   pred: 1
08/18/2023 17:02:40 - DEBUG - __main__ -   label: 2
08/18/2023 17:02:40 - DEBUG - __main__ -   pred: 1
08/18/2023 17:02:40 - DEBUG - __main__ -   label: 2
08/18/2023 17:02:40 - DEBUG - __main__ -   pred: 2
08/18/2023 17:02:40 - DEBUG - __main__ -   label: 2
08/18/2023 17:02:40 - DEBUG - __main__ -   pred: 1
08/18/2023 17:02:40 - DEBUG - __main__ -   label: 3
08/18/2023 17:02:40 - DEBUG - __main__ -   pred: 2
08/18/2023 17:02:40 - DEBUG - __main__ -   label: 3
08/18/2023 17:02:40 - DEBUG - __main__ -   pred: 1
08/18/2023 17:02:40 - DEBUG - __main__ -   label: 2
08/18/2023 17:02:40 - DEBUG - __main__ -   pred: 1
08/18/2023 17:02:40 - DEBUG - __main__ -   label: 1
08/18/2023 17:02:40 - DEBUG - __main__ -   pred: 1
08/18/2023 17:02:40 - DEBUG - __main__ -   label: 1
08/18/2023 17:02:40 - DEBUG - __main__ -   pred: 1
08/18/2023 17:02:40 - DEBUG - __main__ -   label: 2
08/18/2023 17:02:40 - DEBUG - __main__ -   pred: 1
08/18/2023 17:02:40 - DEBUG - __main__ -   label: 2
08/18/2023 17:02:40 - DEBUG - __main__ -   pred: 2
08/18/2023 17:02:40 - DEBUG - __main__ -   label: 2
08/18/2023 17:02:40 - DEBUG - __main__ -   pred: 2
08/18/2023 17:02:40 - DEBUG - __main__ -   label: 3
08/18/2023 17:02:40 - DEBUG - __main__ -   pred: 1
08/18/2023 17:02:40 - DEBUG - __main__ -   label: 3
08/18/2023 17:02:40 - DEBUG - __main__ -   pred: 2
08/18/2023 17:02:40 - DEBUG - __main__ -   label: 1
08/18/2023 17:02:40 - DEBUG - __main__ -   pred: 2
08/18/2023 17:02:40 - DEBUG - __main__ -   label: 2
08/18/2023 17:02:40 - DEBUG - __main__ -   pred: 2
08/18/2023 17:02:40 - DEBUG - __main__ -   label: 2
08/18/2023 17:02:40 - DEBUG - __main__ -   pred: 2
08/18/2023 17:02:40 - DEBUG - __main__ -   label: 3
08/18/2023 17:02:40 - DEBUG - __main__ -   pred: 2
08/18/2023 17:02:40 - DEBUG - __main__ -   label: 5
08/18/2023 17:02:40 - DEBUG - __main__ -   pred: 3
08/18/2023 17:02:40 - DEBUG - __main__ -   label: 3
08/18/2023 17:02:40 - DEBUG - __main__ -   pred: 3
08/18/2023 17:02:40 - DEBUG - __main__ -   label: 4
08/18/2023 17:02:40 - DEBUG - __main__ -   pred: 4
08/18/2023 17:02:40 - DEBUG - __main__ -   label: 5
08/18/2023 17:02:40 - DEBUG - __main__ -   pred: 5
08/18/2023 17:02:40 - DEBUG - __main__ -   label: 5
08/18/2023 17:02:40 - DEBUG - __main__ -   pred: 4
08/18/2023 17:02:40 - DEBUG - __main__ -   label: 5
08/18/2023 17:02:40 - DEBUG - __main__ -   pred: 3
08/18/2023 17:02:40 - DEBUG - __main__ -   label: 5
08/18/2023 17:02:40 - DEBUG - __main__ -   pred: 5
08/18/2023 17:02:40 - DEBUG - __main__ -   label: 5
08/18/2023 17:02:40 - DEBUG - __main__ -   pred: 4
08/18/2023 17:02:40 - DEBUG - __main__ -   label: 6
08/18/2023 17:02:40 - DEBUG - __main__ -   pred: 5
08/18/2023 17:02:40 - DEBUG - __main__ -   label: 6
08/18/2023 17:02:40 - DEBUG - __main__ -   pred: 4
08/18/2023 17:02:40 - DEBUG - __main__ -   label: 6
08/18/2023 17:02:40 - DEBUG - __main__ -   pred: 4
08/18/2023 17:02:40 - DEBUG - __main__ -   label: 4
08/18/2023 17:02:40 - DEBUG - __main__ -   pred: 3
08/18/2023 17:02:40 - DEBUG - __main__ -   label: 2
08/18/2023 17:02:40 - DEBUG - __main__ -   pred: 1
08/18/2023 17:02:40 - DEBUG - __main__ -   label: 3
08/18/2023 17:02:40 - DEBUG - __main__ -   pred: 2
08/18/2023 17:02:40 - DEBUG - __main__ -   label: 3
08/18/2023 17:02:40 - DEBUG - __main__ -   pred: 3
08/18/2023 17:02:40 - DEBUG - __main__ -   label: 2
08/18/2023 17:02:40 - DEBUG - __main__ -   pred: 2
08/18/2023 17:02:40 - DEBUG - __main__ -   label: 2
08/18/2023 17:02:40 - DEBUG - __main__ -   pred: 1
08/18/2023 17:02:40 - DEBUG - __main__ -   label: 1
08/18/2023 17:02:40 - DEBUG - __main__ -   pred: 1
08/18/2023 17:02:40 - DEBUG - __main__ -   label: 3
08/18/2023 17:02:40 - DEBUG - __main__ -   pred: 2
08/18/2023 17:02:40 - DEBUG - __main__ -   label: 5
08/18/2023 17:02:40 - DEBUG - __main__ -   pred: 5
08/18/2023 17:02:40 - DEBUG - __main__ -   label: 3
08/18/2023 17:02:40 - DEBUG - __main__ -   pred: 3
08/18/2023 17:02:40 - DEBUG - __main__ -   label: 1
08/18/2023 17:02:40 - DEBUG - __main__ -   pred: 1
08/18/2023 17:02:40 - DEBUG - __main__ -   label: 3
08/18/2023 17:02:40 - DEBUG - __main__ -   pred: 4
08/18/2023 17:02:40 - DEBUG - __main__ -   label: 5
08/18/2023 17:02:40 - DEBUG - __main__ -   pred: 5
08/18/2023 17:02:40 - DEBUG - __main__ -   label: 3
08/18/2023 17:02:40 - DEBUG - __main__ -   pred: 3
08/18/2023 17:02:40 - DEBUG - __main__ -   label: 4
08/18/2023 17:02:40 - DEBUG - __main__ -   pred: 5
08/18/2023 17:02:40 - DEBUG - __main__ -   label: 3
08/18/2023 17:02:40 - DEBUG - __main__ -   pred: 4
08/18/2023 17:02:40 - DEBUG - __main__ -   label: 4
08/18/2023 17:02:40 - DEBUG - __main__ -   pred: 4
08/18/2023 17:02:40 - DEBUG - __main__ -   label: 2
08/18/2023 17:02:40 - DEBUG - __main__ -   pred: 2
08/18/2023 17:02:40 - DEBUG - __main__ -   label: 1
08/18/2023 17:02:40 - DEBUG - __main__ -   pred: 2
08/18/2023 17:02:40 - DEBUG - __main__ -   label: 1
08/18/2023 17:02:40 - DEBUG - __main__ -   pred: 2
08/18/2023 17:02:40 - DEBUG - __main__ -   label: 1
08/18/2023 17:02:40 - DEBUG - __main__ -   pred: 2
08/18/2023 17:02:40 - DEBUG - __main__ -   label: 1
08/18/2023 17:02:40 - DEBUG - __main__ -   pred: 3
08/18/2023 17:02:40 - DEBUG - __main__ -   label: 2
08/18/2023 17:02:40 - DEBUG - __main__ -   pred: 2
08/18/2023 17:02:40 - DEBUG - __main__ -   label: 2
08/18/2023 17:02:40 - DEBUG - __main__ -   pred: 2
08/18/2023 17:02:40 - DEBUG - __main__ -   label: 1
08/18/2023 17:02:40 - DEBUG - __main__ -   pred: 2
08/18/2023 17:02:40 - DEBUG - __main__ -   label: 1
08/18/2023 17:02:40 - DEBUG - __main__ -   pred: 1
08/18/2023 17:02:40 - DEBUG - __main__ -   label: 1
08/18/2023 17:02:40 - DEBUG - __main__ -   pred: 1
08/18/2023 17:02:40 - DEBUG - __main__ -   label: 1
08/18/2023 17:02:40 - DEBUG - __main__ -   pred: 1
08/18/2023 17:02:40 - DEBUG - __main__ -   label: 1
08/18/2023 17:02:40 - DEBUG - __main__ -   pred: 1
08/18/2023 17:02:40 - DEBUG - __main__ -   label: 2
08/18/2023 17:02:40 - DEBUG - __main__ -   pred: 1
08/18/2023 17:02:40 - DEBUG - __main__ -   label: 1
08/18/2023 17:02:40 - DEBUG - __main__ -   pred: 1
08/18/2023 17:02:40 - DEBUG - __main__ -   label: 1
08/18/2023 17:02:40 - DEBUG - __main__ -   pred: 2
08/18/2023 17:02:40 - DEBUG - __main__ -   label: 1
08/18/2023 17:02:40 - DEBUG - __main__ -   pred: 1
08/18/2023 17:02:40 - DEBUG - __main__ -   label: 1
08/18/2023 17:02:40 - DEBUG - __main__ -   pred: 1
08/18/2023 17:02:40 - DEBUG - __main__ -   label: 1
08/18/2023 17:02:40 - DEBUG - __main__ -   pred: 1
08/18/2023 17:02:40 - DEBUG - __main__ -   label: 1
08/18/2023 17:02:40 - DEBUG - __main__ -   pred: 2
08/18/2023 17:02:40 - DEBUG - __main__ -   label: 1
08/18/2023 17:02:40 - DEBUG - __main__ -   pred: 2
08/18/2023 17:02:40 - DEBUG - __main__ -   label: 1
08/18/2023 17:02:40 - DEBUG - __main__ -   pred: 2
08/18/2023 17:02:40 - DEBUG - __main__ -   label: 1
08/18/2023 17:02:40 - DEBUG - __main__ -   pred: 2
08/18/2023 17:02:40 - DEBUG - __main__ -   label: 1
08/18/2023 17:02:40 - DEBUG - __main__ -   pred: 1
08/18/2023 17:02:40 - DEBUG - __main__ -   label: 1
08/18/2023 17:02:40 - DEBUG - __main__ -   pred: 1
08/18/2023 17:02:40 - DEBUG - __main__ -   label: 1
08/18/2023 17:02:40 - DEBUG - __main__ -   pred: 2
08/18/2023 17:02:40 - DEBUG - __main__ -   label: 2
08/18/2023 17:02:40 - DEBUG - __main__ -   pred: 2
08/18/2023 17:02:40 - DEBUG - __main__ -   label: 1
08/18/2023 17:02:40 - DEBUG - __main__ -   pred: 2
08/18/2023 17:02:40 - DEBUG - __main__ -   label: 4
08/18/2023 17:02:40 - DEBUG - __main__ -   pred: 4
08/18/2023 17:02:40 - DEBUG - __main__ -   label: 3
08/18/2023 17:02:40 - DEBUG - __main__ -   pred: 3
08/18/2023 17:02:40 - DEBUG - __main__ -   label: 2
08/18/2023 17:02:40 - DEBUG - __main__ -   pred: 2
08/18/2023 17:02:40 - DEBUG - __main__ -   label: 2
08/18/2023 17:02:40 - DEBUG - __main__ -   pred: 3
08/18/2023 17:02:40 - DEBUG - __main__ -   label: 3
08/18/2023 17:02:40 - DEBUG - __main__ -   pred: 5
08/18/2023 17:02:40 - DEBUG - __main__ -   label: 2
08/18/2023 17:02:40 - DEBUG - __main__ -   pred: 2
08/18/2023 17:02:40 - DEBUG - __main__ -   label: 3
08/18/2023 17:02:40 - DEBUG - __main__ -   pred: 3
08/18/2023 17:02:40 - DEBUG - __main__ -   label: 3
08/18/2023 17:02:40 - DEBUG - __main__ -   pred: 2
08/18/2023 17:02:40 - DEBUG - __main__ -   label: 1
08/18/2023 17:02:40 - DEBUG - __main__ -   pred: 1
08/18/2023 17:02:40 - DEBUG - __main__ -   label: 3
08/18/2023 17:02:40 - DEBUG - __main__ -   pred: 4
08/18/2023 17:02:40 - DEBUG - __main__ -   label: 4
08/18/2023 17:02:40 - DEBUG - __main__ -   pred: 5
08/18/2023 17:02:40 - DEBUG - __main__ -   label: 4
08/18/2023 17:02:40 - DEBUG - __main__ -   pred: 4
08/18/2023 17:02:40 - DEBUG - __main__ -   label: 3
08/18/2023 17:02:40 - DEBUG - __main__ -   pred: 5
08/18/2023 17:02:40 - DEBUG - __main__ -   label: 4
08/18/2023 17:02:40 - DEBUG - __main__ -   pred: 5
08/18/2023 17:02:40 - DEBUG - __main__ -   label: 3
08/18/2023 17:02:40 - DEBUG - __main__ -   pred: 3
08/18/2023 17:02:40 - DEBUG - __main__ -   label: 4
08/18/2023 17:02:40 - DEBUG - __main__ -   pred: 5
08/18/2023 17:02:40 - DEBUG - __main__ -   label: 5
08/18/2023 17:02:40 - DEBUG - __main__ -   pred: 4
08/18/2023 17:02:40 - DEBUG - __main__ -   label: 4
08/18/2023 17:02:40 - DEBUG - __main__ -   pred: 4
08/18/2023 17:02:40 - DEBUG - __main__ -   label: 4
08/18/2023 17:02:40 - DEBUG - __main__ -   pred: 4
08/18/2023 17:02:40 - DEBUG - __main__ -   label: 4
08/18/2023 17:02:40 - DEBUG - __main__ -   pred: 5
08/18/2023 17:02:40 - DEBUG - __main__ -   label: 4
08/18/2023 17:02:40 - DEBUG - __main__ -   pred: 4
08/18/2023 17:02:40 - DEBUG - __main__ -   label: 5
08/18/2023 17:02:40 - DEBUG - __main__ -   pred: 4
08/18/2023 17:02:40 - DEBUG - __main__ -   label: 4
08/18/2023 17:02:40 - DEBUG - __main__ -   pred: 5
08/18/2023 17:02:40 - DEBUG - __main__ -   label: 3
08/18/2023 17:02:40 - DEBUG - __main__ -   pred: 4
08/18/2023 17:02:40 - DEBUG - __main__ -   label: 4
08/18/2023 17:02:40 - DEBUG - __main__ -   pred: 4
08/18/2023 17:02:40 - DEBUG - __main__ -   label: 3
08/18/2023 17:02:40 - DEBUG - __main__ -   pred: 3
