******** Training fold 1 ********
02/14/2024 11:20:23 - DEBUG - urllib3.connectionpool -   Starting new HTTPS connection (1): huggingface.co:443
02/14/2024 11:20:23 - DEBUG - urllib3.connectionpool -   https://huggingface.co:443 "HEAD /KBLab/wav2vec2-large-voxrex-swedish/resolve/main/preprocessor_config.json HTTP/1.1" 200 0
02/14/2024 11:20:23 - DEBUG - filelock -   Attempting to acquire lock 47516817197072 on cache/models--KBLab--wav2vec2-large-voxrex-swedish/blobs/36ebe8b7c1cc967b3059f0494ae8a1069dd67655.lock
02/14/2024 11:20:23 - DEBUG - filelock -   Lock 47516817197072 not acquired on cache/models--KBLab--wav2vec2-large-voxrex-swedish/blobs/36ebe8b7c1cc967b3059f0494ae8a1069dd67655.lock, waiting 0.05 seconds ...
02/14/2024 11:20:23 - DEBUG - filelock -   Attempting to acquire lock 47516817197072 on cache/models--KBLab--wav2vec2-large-voxrex-swedish/blobs/36ebe8b7c1cc967b3059f0494ae8a1069dd67655.lock
02/14/2024 11:20:23 - DEBUG - filelock -   Lock 47516817197072 not acquired on cache/models--KBLab--wav2vec2-large-voxrex-swedish/blobs/36ebe8b7c1cc967b3059f0494ae8a1069dd67655.lock, waiting 0.05 seconds ...
02/14/2024 11:20:23 - DEBUG - filelock -   Attempting to acquire lock 47516817197072 on cache/models--KBLab--wav2vec2-large-voxrex-swedish/blobs/36ebe8b7c1cc967b3059f0494ae8a1069dd67655.lock
02/14/2024 11:20:23 - DEBUG - filelock -   Lock 47516817197072 not acquired on cache/models--KBLab--wav2vec2-large-voxrex-swedish/blobs/36ebe8b7c1cc967b3059f0494ae8a1069dd67655.lock, waiting 0.05 seconds ...
02/14/2024 11:20:23 - DEBUG - filelock -   Attempting to acquire lock 47516817197072 on cache/models--KBLab--wav2vec2-large-voxrex-swedish/blobs/36ebe8b7c1cc967b3059f0494ae8a1069dd67655.lock
02/14/2024 11:20:23 - DEBUG - filelock -   Lock 47516817197072 acquired on cache/models--KBLab--wav2vec2-large-voxrex-swedish/blobs/36ebe8b7c1cc967b3059f0494ae8a1069dd67655.lock
02/14/2024 11:20:23 - DEBUG - filelock -   Attempting to release lock 47516817197072 on cache/models--KBLab--wav2vec2-large-voxrex-swedish/blobs/36ebe8b7c1cc967b3059f0494ae8a1069dd67655.lock
02/14/2024 11:20:23 - DEBUG - filelock -   Lock 47516817197072 released on cache/models--KBLab--wav2vec2-large-voxrex-swedish/blobs/36ebe8b7c1cc967b3059f0494ae8a1069dd67655.lock
02/14/2024 11:20:23 - DEBUG - urllib3.connectionpool -   https://huggingface.co:443 "HEAD /KBLab/wav2vec2-large-voxrex-swedish/resolve/main/tokenizer_config.json HTTP/1.1" 200 0
02/14/2024 11:20:23 - DEBUG - filelock -   Attempting to acquire lock 47516824078672 on cache/models--KBLab--wav2vec2-large-voxrex-swedish/blobs/92169da5ef839418d20bd11deb1e1db05e74bf35.lock
02/14/2024 11:20:23 - DEBUG - filelock -   Lock 47516824078672 not acquired on cache/models--KBLab--wav2vec2-large-voxrex-swedish/blobs/92169da5ef839418d20bd11deb1e1db05e74bf35.lock, waiting 0.05 seconds ...
02/14/2024 11:20:23 - DEBUG - filelock -   Attempting to acquire lock 47516824078672 on cache/models--KBLab--wav2vec2-large-voxrex-swedish/blobs/92169da5ef839418d20bd11deb1e1db05e74bf35.lock
02/14/2024 11:20:23 - DEBUG - filelock -   Lock 47516824078672 not acquired on cache/models--KBLab--wav2vec2-large-voxrex-swedish/blobs/92169da5ef839418d20bd11deb1e1db05e74bf35.lock, waiting 0.05 seconds ...
02/14/2024 11:20:23 - DEBUG - filelock -   Attempting to acquire lock 47516824078672 on cache/models--KBLab--wav2vec2-large-voxrex-swedish/blobs/92169da5ef839418d20bd11deb1e1db05e74bf35.lock
02/14/2024 11:20:23 - DEBUG - filelock -   Lock 47516824078672 not acquired on cache/models--KBLab--wav2vec2-large-voxrex-swedish/blobs/92169da5ef839418d20bd11deb1e1db05e74bf35.lock, waiting 0.05 seconds ...
02/14/2024 11:20:23 - DEBUG - filelock -   Attempting to acquire lock 47516824078672 on cache/models--KBLab--wav2vec2-large-voxrex-swedish/blobs/92169da5ef839418d20bd11deb1e1db05e74bf35.lock
02/14/2024 11:20:23 - DEBUG - filelock -   Lock 47516824078672 not acquired on cache/models--KBLab--wav2vec2-large-voxrex-swedish/blobs/92169da5ef839418d20bd11deb1e1db05e74bf35.lock, waiting 0.05 seconds ...
02/14/2024 11:20:23 - DEBUG - filelock -   Attempting to acquire lock 47516824078672 on cache/models--KBLab--wav2vec2-large-voxrex-swedish/blobs/92169da5ef839418d20bd11deb1e1db05e74bf35.lock
02/14/2024 11:20:23 - DEBUG - filelock -   Lock 47516824078672 acquired on cache/models--KBLab--wav2vec2-large-voxrex-swedish/blobs/92169da5ef839418d20bd11deb1e1db05e74bf35.lock
02/14/2024 11:20:23 - DEBUG - filelock -   Attempting to release lock 47516824078672 on cache/models--KBLab--wav2vec2-large-voxrex-swedish/blobs/92169da5ef839418d20bd11deb1e1db05e74bf35.lock
02/14/2024 11:20:23 - DEBUG - filelock -   Lock 47516824078672 released on cache/models--KBLab--wav2vec2-large-voxrex-swedish/blobs/92169da5ef839418d20bd11deb1e1db05e74bf35.lock
02/14/2024 11:20:24 - DEBUG - urllib3.connectionpool -   https://huggingface.co:443 "HEAD /KBLab/wav2vec2-large-voxrex-swedish/resolve/main/vocab.json HTTP/1.1" 200 0
02/14/2024 11:20:24 - DEBUG - filelock -   Attempting to acquire lock 47516843388368 on cache/models--KBLab--wav2vec2-large-voxrex-swedish/blobs/6c477f44f1c66dbdea44c2e0781ba0aeb4fa53f6.lock
02/14/2024 11:20:24 - DEBUG - filelock -   Lock 47516843388368 acquired on cache/models--KBLab--wav2vec2-large-voxrex-swedish/blobs/6c477f44f1c66dbdea44c2e0781ba0aeb4fa53f6.lock
02/14/2024 11:20:24 - DEBUG - urllib3.connectionpool -   https://huggingface.co:443 "GET /KBLab/wav2vec2-large-voxrex-swedish/resolve/main/vocab.json HTTP/1.1" 200 421
02/14/2024 11:20:24 - DEBUG - filelock -   Attempting to release lock 47516843388368 on cache/models--KBLab--wav2vec2-large-voxrex-swedish/blobs/6c477f44f1c66dbdea44c2e0781ba0aeb4fa53f6.lock
02/14/2024 11:20:24 - DEBUG - filelock -   Lock 47516843388368 released on cache/models--KBLab--wav2vec2-large-voxrex-swedish/blobs/6c477f44f1c66dbdea44c2e0781ba0aeb4fa53f6.lock
02/14/2024 11:20:24 - DEBUG - urllib3.connectionpool -   https://huggingface.co:443 "HEAD /KBLab/wav2vec2-large-voxrex-swedish/resolve/main/added_tokens.json HTTP/1.1" 404 0
02/14/2024 11:20:24 - DEBUG - urllib3.connectionpool -   https://huggingface.co:443 "HEAD /KBLab/wav2vec2-large-voxrex-swedish/resolve/main/special_tokens_map.json HTTP/1.1" 200 0
02/14/2024 11:20:24 - DEBUG - filelock -   Attempting to acquire lock 47516830570640 on cache/models--KBLab--wav2vec2-large-voxrex-swedish/blobs/25bc39604f72700b3b8e10bd69bb2f227157edd1.lock
02/14/2024 11:20:24 - DEBUG - filelock -   Lock 47516830570640 acquired on cache/models--KBLab--wav2vec2-large-voxrex-swedish/blobs/25bc39604f72700b3b8e10bd69bb2f227157edd1.lock
02/14/2024 11:20:24 - DEBUG - urllib3.connectionpool -   https://huggingface.co:443 "GET /KBLab/wav2vec2-large-voxrex-swedish/resolve/main/special_tokens_map.json HTTP/1.1" 200 85
02/14/2024 11:20:24 - DEBUG - filelock -   Attempting to release lock 47516830570640 on cache/models--KBLab--wav2vec2-large-voxrex-swedish/blobs/25bc39604f72700b3b8e10bd69bb2f227157edd1.lock
02/14/2024 11:20:24 - DEBUG - filelock -   Lock 47516830570640 released on cache/models--KBLab--wav2vec2-large-voxrex-swedish/blobs/25bc39604f72700b3b8e10bd69bb2f227157edd1.lock
02/14/2024 11:20:24 - DEBUG - __main__ -   Processor loaded. CPU mem usage: 0.39G.  Cuda 0: memory acclocated: 0 G.
02/14/2024 11:20:30 - DEBUG - __main__ -   Model loaded. CPU mem usage: 1.99G.  Cuda 0: memory acclocated: 0 G.
Wav2Vec2ForSequenceClassification(
  (wav2vec2): Wav2Vec2Model(
    (feature_extractor): Wav2Vec2FeatureEncoder(
      (conv_layers): ModuleList(
        (0): Wav2Vec2LayerNormConvLayer(
          (conv): Conv1d(1, 512, kernel_size=(10,), stride=(5,))
          (layer_norm): LayerNorm((512,), eps=1e-05, elementwise_affine=True)
          (activation): GELUActivation()
        )
        (1-4): 4 x Wav2Vec2LayerNormConvLayer(
          (conv): Conv1d(512, 512, kernel_size=(3,), stride=(2,))
          (layer_norm): LayerNorm((512,), eps=1e-05, elementwise_affine=True)
          (activation): GELUActivation()
        )
        (5-6): 2 x Wav2Vec2LayerNormConvLayer(
          (conv): Conv1d(512, 512, kernel_size=(2,), stride=(2,))
          (layer_norm): LayerNorm((512,), eps=1e-05, elementwise_affine=True)
          (activation): GELUActivation()
        )
      )
    )
    (feature_projection): Wav2Vec2FeatureProjection(
      (layer_norm): LayerNorm((512,), eps=1e-05, elementwise_affine=True)
      (projection): Linear(in_features=512, out_features=1024, bias=True)
      (dropout): Dropout(p=0.05, inplace=False)
    )
    (encoder): Wav2Vec2EncoderStableLayerNorm(
      (pos_conv_embed): Wav2Vec2PositionalConvEmbedding(
        (conv): Conv1d(1024, 1024, kernel_size=(128,), stride=(1,), padding=(64,), groups=16)
        (padding): Wav2Vec2SamePadLayer()
        (activation): GELUActivation()
      )
      (layer_norm): LayerNorm((1024,), eps=1e-05, elementwise_affine=True)
      (dropout): Dropout(p=0.05, inplace=False)
      (layers): ModuleList(
        (0-23): 24 x Wav2Vec2EncoderLayerStableLayerNorm(
          (attention): Wav2Vec2Attention(
            (k_proj): Linear(in_features=1024, out_features=1024, bias=True)
            (v_proj): Linear(in_features=1024, out_features=1024, bias=True)
            (q_proj): Linear(in_features=1024, out_features=1024, bias=True)
            (out_proj): Linear(in_features=1024, out_features=1024, bias=True)
          )
          (dropout): Dropout(p=0.05, inplace=False)
          (layer_norm): LayerNorm((1024,), eps=1e-05, elementwise_affine=True)
          (feed_forward): Wav2Vec2FeedForward(
            (intermediate_dropout): Dropout(p=0.05, inplace=False)
            (intermediate_dense): Linear(in_features=1024, out_features=4096, bias=True)
            (intermediate_act_fn): GELUActivation()
            (output_dense): Linear(in_features=4096, out_features=1024, bias=True)
            (output_dropout): Dropout(p=0.05, inplace=False)
          )
          (final_layer_norm): LayerNorm((1024,), eps=1e-05, elementwise_affine=True)
        )
      )
    )
  )
  (projector): Linear(in_features=1024, out_features=256, bias=True)
  (classifier): Linear(in_features=256, out_features=6, bias=True)
)
02/14/2024 11:20:52 - DEBUG - __main__ -   Speech loaded. N_train=1172, N_eval=370. CPU mem usage: 3.41G.  Cuda 0: memory acclocated: 0 G.
02/14/2024 11:21:02 - DEBUG - __main__ -   Feature extracted. Duration: 0:00:09 CPU mem usage: 4.60G.  Cuda 0: memory acclocated: 0 G.
02/14/2024 11:21:02 - DEBUG - augmentations.transform -   2109 instances resampled, final data size: 3281
02/14/2024 11:21:02 - DEBUG - augmentations.transform -   Do NOT apply augmentation to oversampled instances
02/14/2024 11:21:02 - DEBUG - augmentations.transform -   Training set (N=3281): data resampled. Duration: 0:00:00
02/14/2024 11:21:02 - DEBUG - urllib3.connectionpool -   Starting new HTTPS connection (1): s3.amazonaws.com:443
02/14/2024 11:21:02 - DEBUG - urllib3.connectionpool -   https://s3.amazonaws.com:443 "HEAD /datasets.huggingface.co/datasets/metrics/evaluate-metric/precision/evaluate-metric/precision.py HTTP/1.1" 404 0
02/14/2024 11:21:02 - DEBUG - urllib3.connectionpool -   Starting new HTTPS connection (1): huggingface.co:443
02/14/2024 11:21:03 - DEBUG - urllib3.connectionpool -   https://huggingface.co:443 "HEAD /spaces/evaluate-metric/precision/resolve/v0.4.0/precision.py HTTP/1.1" 200 0
02/14/2024 11:21:03 - DEBUG - urllib3.connectionpool -   Starting new HTTPS connection (1): s3.amazonaws.com:443
02/14/2024 11:21:03 - DEBUG - urllib3.connectionpool -   https://s3.amazonaws.com:443 "HEAD /datasets.huggingface.co/datasets/metrics/evaluate-metric/recall/evaluate-metric/recall.py HTTP/1.1" 404 0
02/14/2024 11:21:03 - DEBUG - urllib3.connectionpool -   Starting new HTTPS connection (1): huggingface.co:443
02/14/2024 11:21:03 - DEBUG - urllib3.connectionpool -   https://huggingface.co:443 "HEAD /spaces/evaluate-metric/recall/resolve/v0.4.0/recall.py HTTP/1.1" 200 0
02/14/2024 11:21:03 - DEBUG - urllib3.connectionpool -   Starting new HTTPS connection (1): s3.amazonaws.com:443
02/14/2024 11:21:04 - DEBUG - urllib3.connectionpool -   https://s3.amazonaws.com:443 "HEAD /datasets.huggingface.co/datasets/metrics/evaluate-metric/f1/evaluate-metric/f1.py HTTP/1.1" 404 0
02/14/2024 11:21:04 - DEBUG - urllib3.connectionpool -   Starting new HTTPS connection (1): huggingface.co:443
02/14/2024 11:21:04 - DEBUG - urllib3.connectionpool -   https://huggingface.co:443 "HEAD /spaces/evaluate-metric/f1/resolve/v0.4.0/f1.py HTTP/1.1" 200 0
02/14/2024 11:21:04 - DEBUG - urllib3.connectionpool -   Starting new HTTPS connection (1): s3.amazonaws.com:443
02/14/2024 11:21:05 - DEBUG - urllib3.connectionpool -   https://s3.amazonaws.com:443 "HEAD /datasets.huggingface.co/datasets/metrics/evaluate-metric/spearmanr/evaluate-metric/spearmanr.py HTTP/1.1" 404 0
02/14/2024 11:21:05 - DEBUG - urllib3.connectionpool -   Starting new HTTPS connection (1): huggingface.co:443
02/14/2024 11:21:05 - DEBUG - urllib3.connectionpool -   https://huggingface.co:443 "HEAD /spaces/evaluate-metric/spearmanr/resolve/v0.4.0/spearmanr.py HTTP/1.1" 200 0
02/14/2024 11:21:10 - DEBUG - __main__ -   Training starts now. CPU mem usage: 4.37G.  Cuda 0: memory acclocated: 2 G.
02/14/2024 11:21:10 - DEBUG - helper.classes -   ----------- Starting epoch 1 -----------
{'loss': 1.7896, 'learning_rate': 9.140767824497258e-06, 'epoch': 0.3}
{'loss': 1.3981, 'learning_rate': 1.8281535648994517e-05, 'epoch': 0.61}
{'loss': 0.9403, 'learning_rate': 2.7422303473491775e-05, 'epoch': 0.91}
02/14/2024 11:36:37 - DEBUG - helper.classes -   Epoch 1.0 completed, Duration: 0:15:26 Mem usage: CPU mem usage: 5.16G.  Cuda 0: memory acclocated: 7 G.
02/14/2024 11:37:09 - DEBUG - fsspec.local -   open file: /home/lunt1/.cache/huggingface/metrics/precision/default/default_experiment-1-0.arrow
02/14/2024 11:37:09 - DEBUG - fsspec.local -   open file: /home/lunt1/.cache/huggingface/metrics/recall/default/default_experiment-1-0.arrow
02/14/2024 11:37:09 - DEBUG - fsspec.local -   open file: /home/lunt1/.cache/huggingface/metrics/f1/default/default_experiment-1-0.arrow
02/14/2024 11:37:09 - DEBUG - fsspec.local -   open file: /home/lunt1/.cache/huggingface/metrics/spearmanr/default/default_experiment-1-0.arrow
02/14/2024 11:37:09 - DEBUG - fsspec.local -   open file: /home/lunt1/.cache/huggingface/metrics/precision/default/default_experiment-1-0.arrow
02/14/2024 11:37:09 - DEBUG - fsspec.local -   open file: /home/lunt1/.cache/huggingface/metrics/recall/default/default_experiment-1-0.arrow
02/14/2024 11:37:09 - DEBUG - fsspec.local -   open file: /home/lunt1/.cache/huggingface/metrics/f1/default/default_experiment-1-0.arrow
{'eval_loss': 1.128187656402588, 'eval_precision': 0.3887598756866308, 'eval_recall': 0.4332602288885832, 'eval_f1': 0.3802352863613843, 'eval_spearmanr': 0.6501204310026041, 'eval_precision_weighted': 0.541165394910233, 'eval_recall_weighted': 0.5378378378378378, 'eval_f1_weighted': 0.5214227696897006, 'eval_runtime': 31.9623, 'eval_samples_per_second': 11.576, 'eval_steps_per_second': 5.788, 'epoch': 1.0}
02/14/2024 11:37:14 - DEBUG - helper.classes -   ----------- Starting epoch 2.0 -----------
{'loss': 0.7008, 'learning_rate': 2.9270769855778996e-05, 'epoch': 1.22}
{'loss': 0.543, 'learning_rate': 2.8255128986390413e-05, 'epoch': 1.52}
{'loss': 0.5448, 'learning_rate': 2.723948811700183e-05, 'epoch': 1.83}
02/14/2024 11:52:30 - DEBUG - helper.classes -   Epoch 2.0 completed, Duration: 0:15:16 Mem usage: CPU mem usage: 5.19G.  Cuda 0: memory acclocated: 9 G.
02/14/2024 11:53:02 - DEBUG - fsspec.local -   open file: /home/lunt1/.cache/huggingface/metrics/precision/default/default_experiment-1-0.arrow
02/14/2024 11:53:02 - DEBUG - fsspec.local -   open file: /home/lunt1/.cache/huggingface/metrics/recall/default/default_experiment-1-0.arrow
02/14/2024 11:53:02 - DEBUG - fsspec.local -   open file: /home/lunt1/.cache/huggingface/metrics/f1/default/default_experiment-1-0.arrow
02/14/2024 11:53:02 - DEBUG - fsspec.local -   open file: /home/lunt1/.cache/huggingface/metrics/spearmanr/default/default_experiment-1-0.arrow
02/14/2024 11:53:02 - DEBUG - fsspec.local -   open file: /home/lunt1/.cache/huggingface/metrics/precision/default/default_experiment-1-0.arrow
02/14/2024 11:53:02 - DEBUG - fsspec.local -   open file: /home/lunt1/.cache/huggingface/metrics/recall/default/default_experiment-1-0.arrow
02/14/2024 11:53:02 - DEBUG - fsspec.local -   open file: /home/lunt1/.cache/huggingface/metrics/f1/default/default_experiment-1-0.arrow
{'eval_loss': 1.5628494024276733, 'eval_precision': 0.43623045709511876, 'eval_recall': 0.3836541328379432, 'eval_f1': 0.37456511865859676, 'eval_spearmanr': 0.6316009350796218, 'eval_precision_weighted': 0.503896614122178, 'eval_recall_weighted': 0.4486486486486487, 'eval_f1_weighted': 0.43077880564349175, 'eval_runtime': 31.9111, 'eval_samples_per_second': 11.595, 'eval_steps_per_second': 5.797, 'epoch': 2.0}
02/14/2024 11:53:07 - DEBUG - helper.classes -   ----------- Starting epoch 3.0 -----------
{'loss': 0.5122, 'learning_rate': 2.6223847247613243e-05, 'epoch': 2.13}
{'loss': 0.4322, 'learning_rate': 2.5208206378224663e-05, 'epoch': 2.44}
{'loss': 0.4296, 'learning_rate': 2.4192565508836077e-05, 'epoch': 2.74}
02/14/2024 12:08:29 - DEBUG - helper.classes -   Epoch 3.0 completed, Duration: 0:15:22 Mem usage: CPU mem usage: 5.19G.  Cuda 0: memory acclocated: 9 G.
02/14/2024 12:09:01 - DEBUG - fsspec.local -   open file: /home/lunt1/.cache/huggingface/metrics/precision/default/default_experiment-1-0.arrow
02/14/2024 12:09:01 - DEBUG - fsspec.local -   open file: /home/lunt1/.cache/huggingface/metrics/recall/default/default_experiment-1-0.arrow
02/14/2024 12:09:01 - DEBUG - fsspec.local -   open file: /home/lunt1/.cache/huggingface/metrics/f1/default/default_experiment-1-0.arrow
02/14/2024 12:09:01 - DEBUG - fsspec.local -   open file: /home/lunt1/.cache/huggingface/metrics/spearmanr/default/default_experiment-1-0.arrow
02/14/2024 12:09:01 - DEBUG - fsspec.local -   open file: /home/lunt1/.cache/huggingface/metrics/precision/default/default_experiment-1-0.arrow
02/14/2024 12:09:01 - DEBUG - fsspec.local -   open file: /home/lunt1/.cache/huggingface/metrics/recall/default/default_experiment-1-0.arrow
02/14/2024 12:09:01 - DEBUG - fsspec.local -   open file: /home/lunt1/.cache/huggingface/metrics/f1/default/default_experiment-1-0.arrow
{'eval_loss': 2.6346068382263184, 'eval_precision': 0.42518472630440995, 'eval_recall': 0.4280141965964864, 'eval_f1': 0.4103631999531225, 'eval_spearmanr': 0.6720108696850212, 'eval_precision_weighted': 0.5498181468680112, 'eval_recall_weighted': 0.5054054054054054, 'eval_f1_weighted': 0.5083020155992201, 'eval_runtime': 31.8789, 'eval_samples_per_second': 11.606, 'eval_steps_per_second': 5.803, 'epoch': 3.0}
02/14/2024 12:09:07 - DEBUG - helper.classes -   ----------- Starting epoch 4.0 -----------
{'loss': 0.4447, 'learning_rate': 2.317692463944749e-05, 'epoch': 3.05}
{'loss': 0.2871, 'learning_rate': 2.216128377005891e-05, 'epoch': 3.35}
{'loss': 0.3399, 'learning_rate': 2.1145642900670324e-05, 'epoch': 3.66}
{'loss': 0.333, 'learning_rate': 2.0130002031281737e-05, 'epoch': 3.96}
02/14/2024 12:24:24 - DEBUG - helper.classes -   Epoch 4.0 completed, Duration: 0:15:17 Mem usage: CPU mem usage: 5.20G.  Cuda 0: memory acclocated: 9 G.
02/14/2024 12:24:56 - DEBUG - fsspec.local -   open file: /home/lunt1/.cache/huggingface/metrics/precision/default/default_experiment-1-0.arrow
02/14/2024 12:24:56 - DEBUG - fsspec.local -   open file: /home/lunt1/.cache/huggingface/metrics/recall/default/default_experiment-1-0.arrow
02/14/2024 12:24:56 - DEBUG - fsspec.local -   open file: /home/lunt1/.cache/huggingface/metrics/f1/default/default_experiment-1-0.arrow
02/14/2024 12:24:56 - DEBUG - fsspec.local -   open file: /home/lunt1/.cache/huggingface/metrics/spearmanr/default/default_experiment-1-0.arrow
02/14/2024 12:24:56 - DEBUG - fsspec.local -   open file: /home/lunt1/.cache/huggingface/metrics/precision/default/default_experiment-1-0.arrow
02/14/2024 12:24:56 - DEBUG - fsspec.local -   open file: /home/lunt1/.cache/huggingface/metrics/recall/default/default_experiment-1-0.arrow
02/14/2024 12:24:56 - DEBUG - fsspec.local -   open file: /home/lunt1/.cache/huggingface/metrics/f1/default/default_experiment-1-0.arrow
{'eval_loss': 2.70841383934021, 'eval_precision': 0.5450854805083123, 'eval_recall': 0.35941097885418105, 'eval_f1': 0.38738857130341464, 'eval_spearmanr': 0.6221473503599801, 'eval_precision_weighted': 0.5702214767204524, 'eval_recall_weighted': 0.5621621621621622, 'eval_f1_weighted': 0.5541807804256059, 'eval_runtime': 31.9539, 'eval_samples_per_second': 11.579, 'eval_steps_per_second': 5.79, 'epoch': 4.0}
02/14/2024 12:25:01 - DEBUG - helper.classes -   ----------- Starting epoch 5.0 -----------
{'loss': 0.2369, 'learning_rate': 1.9114361161893154e-05, 'epoch': 4.27}
{'loss': 0.2257, 'learning_rate': 1.809872029250457e-05, 'epoch': 4.57}
{'loss': 0.2067, 'learning_rate': 1.7083079423115988e-05, 'epoch': 4.88}
02/14/2024 12:40:14 - DEBUG - helper.classes -   Epoch 5.0 completed, Duration: 0:15:13 Mem usage: CPU mem usage: 4.88G.  Cuda 0: memory acclocated: 9 G.
02/14/2024 12:40:46 - DEBUG - fsspec.local -   open file: /home/lunt1/.cache/huggingface/metrics/precision/default/default_experiment-1-0.arrow
02/14/2024 12:40:46 - DEBUG - fsspec.local -   open file: /home/lunt1/.cache/huggingface/metrics/recall/default/default_experiment-1-0.arrow
02/14/2024 12:40:46 - DEBUG - fsspec.local -   open file: /home/lunt1/.cache/huggingface/metrics/f1/default/default_experiment-1-0.arrow
02/14/2024 12:40:46 - DEBUG - fsspec.local -   open file: /home/lunt1/.cache/huggingface/metrics/spearmanr/default/default_experiment-1-0.arrow
02/14/2024 12:40:46 - DEBUG - fsspec.local -   open file: /home/lunt1/.cache/huggingface/metrics/precision/default/default_experiment-1-0.arrow
02/14/2024 12:40:46 - DEBUG - fsspec.local -   open file: /home/lunt1/.cache/huggingface/metrics/recall/default/default_experiment-1-0.arrow
02/14/2024 12:40:46 - DEBUG - fsspec.local -   open file: /home/lunt1/.cache/huggingface/metrics/f1/default/default_experiment-1-0.arrow
{'eval_loss': 3.5652432441711426, 'eval_precision': 0.472319687909986, 'eval_recall': 0.40545989862850323, 'eval_f1': 0.4216355846148094, 'eval_spearmanr': 0.653843999184552, 'eval_precision_weighted': 0.5656099354229104, 'eval_recall_weighted': 0.5567567567567567, 'eval_f1_weighted': 0.5486320711679461, 'eval_runtime': 31.8838, 'eval_samples_per_second': 11.605, 'eval_steps_per_second': 5.802, 'epoch': 5.0}
02/14/2024 12:40:51 - DEBUG - helper.classes -   ----------- Starting epoch 6.0 -----------
{'loss': 0.1455, 'learning_rate': 1.60674385537274e-05, 'epoch': 5.18}
{'loss': 0.1464, 'learning_rate': 1.5051797684338817e-05, 'epoch': 5.48}
{'loss': 0.1311, 'learning_rate': 1.4036156814950234e-05, 'epoch': 5.79}
02/14/2024 12:56:13 - DEBUG - helper.classes -   Epoch 6.0 completed, Duration: 0:15:22 Mem usage: CPU mem usage: 4.88G.  Cuda 0: memory acclocated: 9 G.
02/14/2024 12:56:45 - DEBUG - fsspec.local -   open file: /home/lunt1/.cache/huggingface/metrics/precision/default/default_experiment-1-0.arrow
02/14/2024 12:56:45 - DEBUG - fsspec.local -   open file: /home/lunt1/.cache/huggingface/metrics/recall/default/default_experiment-1-0.arrow
02/14/2024 12:56:45 - DEBUG - fsspec.local -   open file: /home/lunt1/.cache/huggingface/metrics/f1/default/default_experiment-1-0.arrow
02/14/2024 12:56:45 - DEBUG - fsspec.local -   open file: /home/lunt1/.cache/huggingface/metrics/spearmanr/default/default_experiment-1-0.arrow
02/14/2024 12:56:45 - DEBUG - fsspec.local -   open file: /home/lunt1/.cache/huggingface/metrics/precision/default/default_experiment-1-0.arrow
02/14/2024 12:56:45 - DEBUG - fsspec.local -   open file: /home/lunt1/.cache/huggingface/metrics/recall/default/default_experiment-1-0.arrow
02/14/2024 12:56:45 - DEBUG - fsspec.local -   open file: /home/lunt1/.cache/huggingface/metrics/f1/default/default_experiment-1-0.arrow
{'eval_loss': 3.58571457862854, 'eval_precision': 0.47505502106520775, 'eval_recall': 0.40581079996330444, 'eval_f1': 0.4270292216677096, 'eval_spearmanr': 0.6569259898437529, 'eval_precision_weighted': 0.5776559241754489, 'eval_recall_weighted': 0.5783783783783784, 'eval_f1_weighted': 0.5716312642738899, 'eval_runtime': 31.8953, 'eval_samples_per_second': 11.6, 'eval_steps_per_second': 5.8, 'epoch': 6.0}
02/14/2024 12:56:50 - DEBUG - helper.classes -   ----------- Starting epoch 7.0 -----------
{'loss': 0.1247, 'learning_rate': 1.302051594556165e-05, 'epoch': 6.09}
{'loss': 0.1543, 'learning_rate': 1.2004875076173066e-05, 'epoch': 6.4}
{'loss': 0.1411, 'learning_rate': 1.0989234206784482e-05, 'epoch': 6.7}
02/14/2024 13:12:08 - DEBUG - helper.classes -   Epoch 7.0 completed, Duration: 0:15:18 Mem usage: CPU mem usage: 4.89G.  Cuda 0: memory acclocated: 9 G.
02/14/2024 13:12:40 - DEBUG - fsspec.local -   open file: /home/lunt1/.cache/huggingface/metrics/precision/default/default_experiment-1-0.arrow
02/14/2024 13:12:40 - DEBUG - fsspec.local -   open file: /home/lunt1/.cache/huggingface/metrics/recall/default/default_experiment-1-0.arrow
02/14/2024 13:12:40 - DEBUG - fsspec.local -   open file: /home/lunt1/.cache/huggingface/metrics/f1/default/default_experiment-1-0.arrow
02/14/2024 13:12:40 - DEBUG - fsspec.local -   open file: /home/lunt1/.cache/huggingface/metrics/spearmanr/default/default_experiment-1-0.arrow
02/14/2024 13:12:40 - DEBUG - fsspec.local -   open file: /home/lunt1/.cache/huggingface/metrics/precision/default/default_experiment-1-0.arrow
02/14/2024 13:12:40 - DEBUG - fsspec.local -   open file: /home/lunt1/.cache/huggingface/metrics/recall/default/default_experiment-1-0.arrow
02/14/2024 13:12:40 - DEBUG - fsspec.local -   open file: /home/lunt1/.cache/huggingface/metrics/f1/default/default_experiment-1-0.arrow
{'eval_loss': 3.702484369277954, 'eval_precision': 0.4689063289555256, 'eval_recall': 0.4026452341635705, 'eval_f1': 0.42620637174181436, 'eval_spearmanr': 0.6502399143858414, 'eval_precision_weighted': 0.5696614211508597, 'eval_recall_weighted': 0.5702702702702702, 'eval_f1_weighted': 0.5652079927726413, 'eval_runtime': 31.9104, 'eval_samples_per_second': 11.595, 'eval_steps_per_second': 5.797, 'epoch': 7.0}
02/14/2024 13:12:45 - DEBUG - helper.classes -   ----------- Starting epoch 8.0 -----------
{'loss': 0.1568, 'learning_rate': 9.973593337395896e-06, 'epoch': 7.01}
{'loss': 0.0403, 'learning_rate': 8.957952468007313e-06, 'epoch': 7.31}
{'loss': 0.0445, 'learning_rate': 7.94231159861873e-06, 'epoch': 7.62}
{'loss': 0.0934, 'learning_rate': 6.926670729230144e-06, 'epoch': 7.92}
02/14/2024 13:27:56 - DEBUG - helper.classes -   Epoch 8.0 completed, Duration: 0:15:11 Mem usage: CPU mem usage: 4.89G.  Cuda 0: memory acclocated: 9 G.
02/14/2024 13:28:28 - DEBUG - fsspec.local -   open file: /home/lunt1/.cache/huggingface/metrics/precision/default/default_experiment-1-0.arrow
02/14/2024 13:28:28 - DEBUG - fsspec.local -   open file: /home/lunt1/.cache/huggingface/metrics/recall/default/default_experiment-1-0.arrow
02/14/2024 13:28:28 - DEBUG - fsspec.local -   open file: /home/lunt1/.cache/huggingface/metrics/f1/default/default_experiment-1-0.arrow
02/14/2024 13:28:28 - DEBUG - fsspec.local -   open file: /home/lunt1/.cache/huggingface/metrics/spearmanr/default/default_experiment-1-0.arrow
02/14/2024 13:28:28 - DEBUG - fsspec.local -   open file: /home/lunt1/.cache/huggingface/metrics/precision/default/default_experiment-1-0.arrow
02/14/2024 13:28:28 - DEBUG - fsspec.local -   open file: /home/lunt1/.cache/huggingface/metrics/recall/default/default_experiment-1-0.arrow
02/14/2024 13:28:28 - DEBUG - fsspec.local -   open file: /home/lunt1/.cache/huggingface/metrics/f1/default/default_experiment-1-0.arrow
{'eval_loss': 4.072227478027344, 'eval_precision': 0.47553257173581015, 'eval_recall': 0.3964296362552177, 'eval_f1': 0.4248012777501255, 'eval_spearmanr': 0.6411193632712169, 'eval_precision_weighted': 0.5620141366540026, 'eval_recall_weighted': 0.5648648648648649, 'eval_f1_weighted': 0.5579274859931733, 'eval_runtime': 31.8707, 'eval_samples_per_second': 11.609, 'eval_steps_per_second': 5.805, 'epoch': 8.0}
02/14/2024 13:28:33 - DEBUG - helper.classes -   ----------- Starting epoch 9.0 -----------
{'loss': 0.0606, 'learning_rate': 5.91102985984156e-06, 'epoch': 8.23}
{'loss': 0.0473, 'learning_rate': 4.895388990452976e-06, 'epoch': 8.53}
{'loss': 0.0538, 'learning_rate': 3.879748121064392e-06, 'epoch': 8.84}
02/14/2024 13:43:56 - DEBUG - helper.classes -   Epoch 9.0 completed, Duration: 0:15:22 Mem usage: CPU mem usage: 4.88G.  Cuda 0: memory acclocated: 9 G.
02/14/2024 13:44:28 - DEBUG - fsspec.local -   open file: /home/lunt1/.cache/huggingface/metrics/precision/default/default_experiment-1-0.arrow
02/14/2024 13:44:28 - DEBUG - fsspec.local -   open file: /home/lunt1/.cache/huggingface/metrics/recall/default/default_experiment-1-0.arrow
02/14/2024 13:44:28 - DEBUG - fsspec.local -   open file: /home/lunt1/.cache/huggingface/metrics/f1/default/default_experiment-1-0.arrow
02/14/2024 13:44:28 - DEBUG - fsspec.local -   open file: /home/lunt1/.cache/huggingface/metrics/spearmanr/default/default_experiment-1-0.arrow
02/14/2024 13:44:28 - DEBUG - fsspec.local -   open file: /home/lunt1/.cache/huggingface/metrics/precision/default/default_experiment-1-0.arrow
02/14/2024 13:44:28 - DEBUG - fsspec.local -   open file: /home/lunt1/.cache/huggingface/metrics/recall/default/default_experiment-1-0.arrow
02/14/2024 13:44:28 - DEBUG - fsspec.local -   open file: /home/lunt1/.cache/huggingface/metrics/f1/default/default_experiment-1-0.arrow
{'eval_loss': 4.178351879119873, 'eval_precision': 0.4855102093016457, 'eval_recall': 0.41120046098802815, 'eval_f1': 0.436045111278988, 'eval_spearmanr': 0.6690854831391959, 'eval_precision_weighted': 0.5750965547236265, 'eval_recall_weighted': 0.5756756756756757, 'eval_f1_weighted': 0.5707734275034062, 'eval_runtime': 31.881, 'eval_samples_per_second': 11.606, 'eval_steps_per_second': 5.803, 'epoch': 9.0}
02/14/2024 13:44:33 - DEBUG - helper.classes -   ----------- Starting epoch 10.0 -----------
{'loss': 0.0807, 'learning_rate': 2.8641072516758073e-06, 'epoch': 9.14}
{'loss': 0.0765, 'learning_rate': 1.8484663822872234e-06, 'epoch': 9.45}
{'loss': 0.0505, 'learning_rate': 8.328255128986391e-07, 'epoch': 9.75}
02/14/2024 13:59:49 - DEBUG - helper.classes -   Epoch 10.0 completed, Duration: 0:15:16 Mem usage: CPU mem usage: 4.89G.  Cuda 0: memory acclocated: 9 G.
02/14/2024 14:00:21 - DEBUG - fsspec.local -   open file: /home/lunt1/.cache/huggingface/metrics/precision/default/default_experiment-1-0.arrow
02/14/2024 14:00:21 - DEBUG - fsspec.local -   open file: /home/lunt1/.cache/huggingface/metrics/recall/default/default_experiment-1-0.arrow
02/14/2024 14:00:21 - DEBUG - fsspec.local -   open file: /home/lunt1/.cache/huggingface/metrics/f1/default/default_experiment-1-0.arrow
02/14/2024 14:00:21 - DEBUG - fsspec.local -   open file: /home/lunt1/.cache/huggingface/metrics/spearmanr/default/default_experiment-1-0.arrow
02/14/2024 14:00:21 - DEBUG - fsspec.local -   open file: /home/lunt1/.cache/huggingface/metrics/precision/default/default_experiment-1-0.arrow
02/14/2024 14:00:21 - DEBUG - fsspec.local -   open file: /home/lunt1/.cache/huggingface/metrics/recall/default/default_experiment-1-0.arrow
02/14/2024 14:00:21 - DEBUG - fsspec.local -   open file: /home/lunt1/.cache/huggingface/metrics/f1/default/default_experiment-1-0.arrow
{'eval_loss': 4.241286277770996, 'eval_precision': 0.47566377752547967, 'eval_recall': 0.4087123297096464, 'eval_f1': 0.42960573274476616, 'eval_spearmanr': 0.6627024334932502, 'eval_precision_weighted': 0.57009797318883, 'eval_recall_weighted': 0.5702702702702702, 'eval_f1_weighted': 0.56365241346709, 'eval_runtime': 32.0543, 'eval_samples_per_second': 11.543, 'eval_steps_per_second': 5.771, 'epoch': 10.0}
{'train_runtime': 9558.7643, 'train_samples_per_second': 3.432, 'train_steps_per_second': 1.717, 'train_loss': 0.3335133988998199, 'epoch': 10.0}
02/14/2024 14:00:29 - INFO - __main__ -   Training completed. Duration: 2:39:19
02/14/2024 14:01:01 - DEBUG - fsspec.local -   open file: /home/lunt1/.cache/huggingface/metrics/precision/default/default_experiment-1-0.arrow
02/14/2024 14:01:01 - DEBUG - fsspec.local -   open file: /home/lunt1/.cache/huggingface/metrics/recall/default/default_experiment-1-0.arrow
02/14/2024 14:01:01 - DEBUG - fsspec.local -   open file: /home/lunt1/.cache/huggingface/metrics/f1/default/default_experiment-1-0.arrow
02/14/2024 14:01:01 - DEBUG - fsspec.local -   open file: /home/lunt1/.cache/huggingface/metrics/spearmanr/default/default_experiment-1-0.arrow
02/14/2024 14:01:01 - DEBUG - fsspec.local -   open file: /home/lunt1/.cache/huggingface/metrics/precision/default/default_experiment-1-0.arrow
02/14/2024 14:01:01 - DEBUG - fsspec.local -   open file: /home/lunt1/.cache/huggingface/metrics/recall/default/default_experiment-1-0.arrow
02/14/2024 14:01:01 - DEBUG - fsspec.local -   open file: /home/lunt1/.cache/huggingface/metrics/f1/default/default_experiment-1-0.arrow
02/14/2024 14:01:01 - DEBUG - fsspec.local -   open file: /home/lunt1/.cache/huggingface/metrics/precision/default/default_experiment-1-0.arrow
02/14/2024 14:01:01 - DEBUG - fsspec.local -   open file: /home/lunt1/.cache/huggingface/metrics/recall/default/default_experiment-1-0.arrow
02/14/2024 14:01:01 - DEBUG - fsspec.local -   open file: /home/lunt1/.cache/huggingface/metrics/f1/default/default_experiment-1-0.arrow
02/14/2024 14:01:01 - DEBUG - fsspec.local -   open file: /home/lunt1/.cache/huggingface/metrics/spearmanr/default/default_experiment-1-0.arrow
02/14/2024 14:01:01 - DEBUG - fsspec.local -   open file: /home/lunt1/.cache/huggingface/metrics/precision/default/default_experiment-1-0.arrow
02/14/2024 14:01:01 - DEBUG - fsspec.local -   open file: /home/lunt1/.cache/huggingface/metrics/recall/default/default_experiment-1-0.arrow
02/14/2024 14:01:01 - DEBUG - fsspec.local -   open file: /home/lunt1/.cache/huggingface/metrics/f1/default/default_experiment-1-0.arrow
02/14/2024 14:01:01 - DEBUG - __main__ -   label: 1
02/14/2024 14:01:01 - DEBUG - __main__ -   pred: 1
02/14/2024 14:01:01 - DEBUG - __main__ -   label: 1
02/14/2024 14:01:01 - DEBUG - __main__ -   pred: 1
02/14/2024 14:01:01 - DEBUG - __main__ -   label: 2
02/14/2024 14:01:01 - DEBUG - __main__ -   pred: 2
02/14/2024 14:01:01 - DEBUG - __main__ -   label: 2
02/14/2024 14:01:01 - DEBUG - __main__ -   pred: 1
02/14/2024 14:01:01 - DEBUG - __main__ -   label: 2
02/14/2024 14:01:01 - DEBUG - __main__ -   pred: 2
02/14/2024 14:01:01 - DEBUG - __main__ -   label: 2
02/14/2024 14:01:01 - DEBUG - __main__ -   pred: 1
02/14/2024 14:01:01 - DEBUG - __main__ -   label: 2
02/14/2024 14:01:01 - DEBUG - __main__ -   pred: 2
02/14/2024 14:01:01 - DEBUG - __main__ -   label: 2
02/14/2024 14:01:01 - DEBUG - __main__ -   pred: 1
02/14/2024 14:01:01 - DEBUG - __main__ -   label: 1
02/14/2024 14:01:01 - DEBUG - __main__ -   pred: 2
02/14/2024 14:01:01 - DEBUG - __main__ -   label: 2
02/14/2024 14:01:01 - DEBUG - __main__ -   pred: 2
02/14/2024 14:01:01 - DEBUG - __main__ -   label: 2
02/14/2024 14:01:01 - DEBUG - __main__ -   pred: 2
02/14/2024 14:01:01 - DEBUG - __main__ -   label: 2
02/14/2024 14:01:01 - DEBUG - __main__ -   pred: 2
02/14/2024 14:01:01 - DEBUG - __main__ -   label: 2
02/14/2024 14:01:01 - DEBUG - __main__ -   pred: 2
02/14/2024 14:01:01 - DEBUG - __main__ -   label: 1
02/14/2024 14:01:01 - DEBUG - __main__ -   pred: 2
02/14/2024 14:01:01 - DEBUG - __main__ -   label: 2
02/14/2024 14:01:01 - DEBUG - __main__ -   pred: 2
02/14/2024 14:01:01 - DEBUG - __main__ -   label: 2
02/14/2024 14:01:01 - DEBUG - __main__ -   pred: 2
02/14/2024 14:01:01 - DEBUG - __main__ -   label: 2
02/14/2024 14:01:01 - DEBUG - __main__ -   pred: 1
02/14/2024 14:01:01 - DEBUG - __main__ -   label: 1
02/14/2024 14:01:01 - DEBUG - __main__ -   pred: 2
02/14/2024 14:01:01 - DEBUG - __main__ -   label: 2
02/14/2024 14:01:01 - DEBUG - __main__ -   pred: 2
02/14/2024 14:01:01 - DEBUG - __main__ -   label: 2
02/14/2024 14:01:01 - DEBUG - __main__ -   pred: 2
02/14/2024 14:01:01 - DEBUG - __main__ -   label: 1
02/14/2024 14:01:01 - DEBUG - __main__ -   pred: 2
02/14/2024 14:01:01 - DEBUG - __main__ -   label: 1
02/14/2024 14:01:01 - DEBUG - __main__ -   pred: 2
02/14/2024 14:01:01 - DEBUG - __main__ -   label: 2
02/14/2024 14:01:01 - DEBUG - __main__ -   pred: 2
02/14/2024 14:01:01 - DEBUG - __main__ -   label: 2
02/14/2024 14:01:01 - DEBUG - __main__ -   pred: 1
02/14/2024 14:01:01 - DEBUG - __main__ -   label: 2
02/14/2024 14:01:01 - DEBUG - __main__ -   pred: 2
02/14/2024 14:01:01 - DEBUG - __main__ -   label: 2
02/14/2024 14:01:01 - DEBUG - __main__ -   pred: 2
02/14/2024 14:01:01 - DEBUG - __main__ -   label: 2
02/14/2024 14:01:01 - DEBUG - __main__ -   pred: 2
02/14/2024 14:01:01 - DEBUG - __main__ -   label: 1
02/14/2024 14:01:01 - DEBUG - __main__ -   pred: 1
02/14/2024 14:01:01 - DEBUG - __main__ -   label: 3
02/14/2024 14:01:01 - DEBUG - __main__ -   pred: 2
02/14/2024 14:01:01 - DEBUG - __main__ -   label: 2
02/14/2024 14:01:01 - DEBUG - __main__ -   pred: 2
02/14/2024 14:01:01 - DEBUG - __main__ -   label: 2
02/14/2024 14:01:01 - DEBUG - __main__ -   pred: 1
02/14/2024 14:01:01 - DEBUG - __main__ -   label: 2
02/14/2024 14:01:01 - DEBUG - __main__ -   pred: 3
02/14/2024 14:01:01 - DEBUG - __main__ -   label: 2
02/14/2024 14:01:01 - DEBUG - __main__ -   pred: 1
02/14/2024 14:01:01 - DEBUG - __main__ -   label: 2
02/14/2024 14:01:01 - DEBUG - __main__ -   pred: 3
02/14/2024 14:01:01 - DEBUG - __main__ -   label: 3
02/14/2024 14:01:01 - DEBUG - __main__ -   pred: 3
02/14/2024 14:01:01 - DEBUG - __main__ -   label: 1
02/14/2024 14:01:01 - DEBUG - __main__ -   pred: 1
02/14/2024 14:01:01 - DEBUG - __main__ -   label: 3
02/14/2024 14:01:01 - DEBUG - __main__ -   pred: 2
02/14/2024 14:01:01 - DEBUG - __main__ -   label: 3
02/14/2024 14:01:01 - DEBUG - __main__ -   pred: 3
02/14/2024 14:01:01 - DEBUG - __main__ -   label: 1
02/14/2024 14:01:01 - DEBUG - __main__ -   pred: 1
02/14/2024 14:01:01 - DEBUG - __main__ -   label: 2
02/14/2024 14:01:01 - DEBUG - __main__ -   pred: 2
02/14/2024 14:01:01 - DEBUG - __main__ -   label: 2
02/14/2024 14:01:01 - DEBUG - __main__ -   pred: 3
02/14/2024 14:01:01 - DEBUG - __main__ -   label: 3
02/14/2024 14:01:01 - DEBUG - __main__ -   pred: 2
02/14/2024 14:01:01 - DEBUG - __main__ -   label: 4
02/14/2024 14:01:01 - DEBUG - __main__ -   pred: 3
02/14/2024 14:01:01 - DEBUG - __main__ -   label: 3
02/14/2024 14:01:01 - DEBUG - __main__ -   pred: 3
02/14/2024 14:01:01 - DEBUG - __main__ -   label: 3
02/14/2024 14:01:01 - DEBUG - __main__ -   pred: 2
02/14/2024 14:01:01 - DEBUG - __main__ -   label: 3
02/14/2024 14:01:01 - DEBUG - __main__ -   pred: 3
02/14/2024 14:01:01 - DEBUG - __main__ -   label: 4
02/14/2024 14:01:01 - DEBUG - __main__ -   pred: 3
02/14/2024 14:01:01 - DEBUG - __main__ -   label: 2
02/14/2024 14:01:01 - DEBUG - __main__ -   pred: 2
02/14/2024 14:01:01 - DEBUG - __main__ -   label: 4
02/14/2024 14:01:01 - DEBUG - __main__ -   pred: 3
02/14/2024 14:01:01 - DEBUG - __main__ -   label: 2
02/14/2024 14:01:01 - DEBUG - __main__ -   pred: 2
02/14/2024 14:01:01 - DEBUG - __main__ -   label: 2
02/14/2024 14:01:01 - DEBUG - __main__ -   pred: 3
02/14/2024 14:01:01 - DEBUG - __main__ -   label: 2
02/14/2024 14:01:01 - DEBUG - __main__ -   pred: 2
02/14/2024 14:01:01 - DEBUG - __main__ -   label: 2
02/14/2024 14:01:01 - DEBUG - __main__ -   pred: 2
02/14/2024 14:01:01 - DEBUG - __main__ -   label: 3
02/14/2024 14:01:01 - DEBUG - __main__ -   pred: 3
02/14/2024 14:01:01 - DEBUG - __main__ -   label: 2
02/14/2024 14:01:01 - DEBUG - __main__ -   pred: 2
02/14/2024 14:01:01 - DEBUG - __main__ -   label: 3
02/14/2024 14:01:01 - DEBUG - __main__ -   pred: 2
02/14/2024 14:01:01 - DEBUG - __main__ -   label: 3
02/14/2024 14:01:01 - DEBUG - __main__ -   pred: 3
02/14/2024 14:01:01 - DEBUG - __main__ -   label: 4
02/14/2024 14:01:01 - DEBUG - __main__ -   pred: 4
02/14/2024 14:01:01 - DEBUG - __main__ -   label: 1
02/14/2024 14:01:01 - DEBUG - __main__ -   pred: 1
02/14/2024 14:01:01 - DEBUG - __main__ -   label: 1
02/14/2024 14:01:01 - DEBUG - __main__ -   pred: 1
02/14/2024 14:01:01 - DEBUG - __main__ -   label: 2
02/14/2024 14:01:01 - DEBUG - __main__ -   pred: 3
02/14/2024 14:01:01 - DEBUG - __main__ -   label: 1
02/14/2024 14:01:01 - DEBUG - __main__ -   pred: 1
02/14/2024 14:01:01 - DEBUG - __main__ -   label: 1
02/14/2024 14:01:01 - DEBUG - __main__ -   pred: 2
02/14/2024 14:01:01 - DEBUG - __main__ -   label: 2
02/14/2024 14:01:01 - DEBUG - __main__ -   pred: 2
02/14/2024 14:01:01 - DEBUG - __main__ -   label: 2
02/14/2024 14:01:01 - DEBUG - __main__ -   pred: 1
02/14/2024 14:01:01 - DEBUG - __main__ -   label: 1
02/14/2024 14:01:01 - DEBUG - __main__ -   pred: 1
02/14/2024 14:01:01 - DEBUG - __main__ -   label: 2
02/14/2024 14:01:01 - DEBUG - __main__ -   pred: 2
02/14/2024 14:01:01 - DEBUG - __main__ -   label: 1
02/14/2024 14:01:01 - DEBUG - __main__ -   pred: 1
02/14/2024 14:01:01 - DEBUG - __main__ -   label: 2
02/14/2024 14:01:01 - DEBUG - __main__ -   pred: 3
02/14/2024 14:01:01 - DEBUG - __main__ -   label: 2
02/14/2024 14:01:01 - DEBUG - __main__ -   pred: 1
02/14/2024 14:01:01 - DEBUG - __main__ -   label: 2
02/14/2024 14:01:01 - DEBUG - __main__ -   pred: 2
02/14/2024 14:01:01 - DEBUG - __main__ -   label: 3
02/14/2024 14:01:01 - DEBUG - __main__ -   pred: 2
02/14/2024 14:01:01 - DEBUG - __main__ -   label: 3
02/14/2024 14:01:01 - DEBUG - __main__ -   pred: 2
02/14/2024 14:01:01 - DEBUG - __main__ -   label: 1
02/14/2024 14:01:01 - DEBUG - __main__ -   pred: 2
02/14/2024 14:01:01 - DEBUG - __main__ -   label: 2
02/14/2024 14:01:01 - DEBUG - __main__ -   pred: 2
02/14/2024 14:01:01 - DEBUG - __main__ -   label: 2
02/14/2024 14:01:01 - DEBUG - __main__ -   pred: 1
02/14/2024 14:01:01 - DEBUG - __main__ -   label: 2
02/14/2024 14:01:01 - DEBUG - __main__ -   pred: 2
02/14/2024 14:01:01 - DEBUG - __main__ -   label: 3
02/14/2024 14:01:01 - DEBUG - __main__ -   pred: 2
02/14/2024 14:01:01 - DEBUG - __main__ -   label: 3
02/14/2024 14:01:01 - DEBUG - __main__ -   pred: 2
02/14/2024 14:01:01 - DEBUG - __main__ -   label: 2
02/14/2024 14:01:01 - DEBUG - __main__ -   pred: 2
02/14/2024 14:01:01 - DEBUG - __main__ -   label: 0
02/14/2024 14:01:01 - DEBUG - __main__ -   pred: 1
02/14/2024 14:01:01 - DEBUG - __main__ -   label: 1
02/14/2024 14:01:01 - DEBUG - __main__ -   pred: 1
02/14/2024 14:01:01 - DEBUG - __main__ -   label: 1
02/14/2024 14:01:01 - DEBUG - __main__ -   pred: 1
02/14/2024 14:01:01 - DEBUG - __main__ -   label: 1
02/14/2024 14:01:01 - DEBUG - __main__ -   pred: 1
02/14/2024 14:01:01 - DEBUG - __main__ -   label: 0
02/14/2024 14:01:01 - DEBUG - __main__ -   pred: 0
02/14/2024 14:01:01 - DEBUG - __main__ -   label: 1
02/14/2024 14:01:01 - DEBUG - __main__ -   pred: 1
02/14/2024 14:01:01 - DEBUG - __main__ -   label: 2
02/14/2024 14:01:01 - DEBUG - __main__ -   pred: 1
02/14/2024 14:01:01 - DEBUG - __main__ -   label: 1
02/14/2024 14:01:01 - DEBUG - __main__ -   pred: 1
02/14/2024 14:01:01 - DEBUG - __main__ -   label: 1
02/14/2024 14:01:01 - DEBUG - __main__ -   pred: 1
02/14/2024 14:01:01 - DEBUG - __main__ -   label: 3
02/14/2024 14:01:01 - DEBUG - __main__ -   pred: 1
02/14/2024 14:01:01 - DEBUG - __main__ -   label: 2
02/14/2024 14:01:01 - DEBUG - __main__ -   pred: 2
02/14/2024 14:01:01 - DEBUG - __main__ -   label: 2
02/14/2024 14:01:01 - DEBUG - __main__ -   pred: 2
02/14/2024 14:01:01 - DEBUG - __main__ -   label: 1
02/14/2024 14:01:01 - DEBUG - __main__ -   pred: 0
02/14/2024 14:01:01 - DEBUG - __main__ -   label: 2
02/14/2024 14:01:01 - DEBUG - __main__ -   pred: 2
02/14/2024 14:01:01 - DEBUG - __main__ -   label: 1
02/14/2024 14:01:01 - DEBUG - __main__ -   pred: 1
02/14/2024 14:01:01 - DEBUG - __main__ -   label: 1
02/14/2024 14:01:01 - DEBUG - __main__ -   pred: 1
02/14/2024 14:01:01 - DEBUG - __main__ -   label: 0
02/14/2024 14:01:01 - DEBUG - __main__ -   pred: 1
02/14/2024 14:01:01 - DEBUG - __main__ -   label: 2
02/14/2024 14:01:01 - DEBUG - __main__ -   pred: 2
02/14/2024 14:01:01 - DEBUG - __main__ -   label: 1
02/14/2024 14:01:01 - DEBUG - __main__ -   pred: 2
02/14/2024 14:01:01 - DEBUG - __main__ -   label: 1
02/14/2024 14:01:01 - DEBUG - __main__ -   pred: 2
02/14/2024 14:01:01 - DEBUG - __main__ -   label: 2
02/14/2024 14:01:01 - DEBUG - __main__ -   pred: 1
02/14/2024 14:01:01 - DEBUG - __main__ -   label: 2
02/14/2024 14:01:01 - DEBUG - __main__ -   pred: 2
02/14/2024 14:01:01 - DEBUG - __main__ -   label: 2
02/14/2024 14:01:01 - DEBUG - __main__ -   pred: 2
02/14/2024 14:01:01 - DEBUG - __main__ -   label: 0
02/14/2024 14:01:01 - DEBUG - __main__ -   pred: 0
02/14/2024 14:01:01 - DEBUG - __main__ -   label: 1
02/14/2024 14:01:01 - DEBUG - __main__ -   pred: 1
02/14/2024 14:01:01 - DEBUG - __main__ -   label: 1
02/14/2024 14:01:01 - DEBUG - __main__ -   pred: 1
02/14/2024 14:01:01 - DEBUG - __main__ -   label: 2
02/14/2024 14:01:01 - DEBUG - __main__ -   pred: 1
02/14/2024 14:01:01 - DEBUG - __main__ -   label: 3
02/14/2024 14:01:01 - DEBUG - __main__ -   pred: 2
02/14/2024 14:01:01 - DEBUG - __main__ -   label: 4
02/14/2024 14:01:01 - DEBUG - __main__ -   pred: 2
02/14/2024 14:01:01 - DEBUG - __main__ -   label: 1
02/14/2024 14:01:01 - DEBUG - __main__ -   pred: 1
02/14/2024 14:01:01 - DEBUG - __main__ -   label: 1
02/14/2024 14:01:01 - DEBUG - __main__ -   pred: 2
02/14/2024 14:01:01 - DEBUG - __main__ -   label: 2
02/14/2024 14:01:01 - DEBUG - __main__ -   pred: 2
02/14/2024 14:01:01 - DEBUG - __main__ -   label: 2
02/14/2024 14:01:01 - DEBUG - __main__ -   pred: 2
02/14/2024 14:01:01 - DEBUG - __main__ -   label: 1
02/14/2024 14:01:01 - DEBUG - __main__ -   pred: 2
02/14/2024 14:01:01 - DEBUG - __main__ -   label: 2
02/14/2024 14:01:01 - DEBUG - __main__ -   pred: 1
02/14/2024 14:01:01 - DEBUG - __main__ -   label: 1
02/14/2024 14:01:01 - DEBUG - __main__ -   pred: 1
02/14/2024 14:01:01 - DEBUG - __main__ -   label: 2
02/14/2024 14:01:01 - DEBUG - __main__ -   pred: 2
02/14/2024 14:01:01 - DEBUG - __main__ -   label: 2
02/14/2024 14:01:01 - DEBUG - __main__ -   pred: 1
02/14/2024 14:01:01 - DEBUG - __main__ -   label: 2
02/14/2024 14:01:01 - DEBUG - __main__ -   pred: 1
02/14/2024 14:01:01 - DEBUG - __main__ -   label: 3
02/14/2024 14:01:01 - DEBUG - __main__ -   pred: 2
02/14/2024 14:01:01 - DEBUG - __main__ -   label: 1
02/14/2024 14:01:01 - DEBUG - __main__ -   pred: 1
02/14/2024 14:01:01 - DEBUG - __main__ -   label: 1
02/14/2024 14:01:01 - DEBUG - __main__ -   pred: 1
02/14/2024 14:01:01 - DEBUG - __main__ -   label: 2
02/14/2024 14:01:01 - DEBUG - __main__ -   pred: 2
02/14/2024 14:01:01 - DEBUG - __main__ -   label: 1
02/14/2024 14:01:01 - DEBUG - __main__ -   pred: 1
02/14/2024 14:01:01 - DEBUG - __main__ -   label: 1
02/14/2024 14:01:01 - DEBUG - __main__ -   pred: 1
02/14/2024 14:01:01 - DEBUG - __main__ -   label: 3
02/14/2024 14:01:01 - DEBUG - __main__ -   pred: 3
02/14/2024 14:01:01 - DEBUG - __main__ -   label: 2
02/14/2024 14:01:01 - DEBUG - __main__ -   pred: 3
02/14/2024 14:01:01 - DEBUG - __main__ -   label: 3
02/14/2024 14:01:01 - DEBUG - __main__ -   pred: 3
02/14/2024 14:01:01 - DEBUG - __main__ -   label: 2
02/14/2024 14:01:01 - DEBUG - __main__ -   pred: 2
02/14/2024 14:01:01 - DEBUG - __main__ -   label: 2
02/14/2024 14:01:01 - DEBUG - __main__ -   pred: 2
02/14/2024 14:01:01 - DEBUG - __main__ -   label: 4
02/14/2024 14:01:01 - DEBUG - __main__ -   pred: 4
02/14/2024 14:01:01 - DEBUG - __main__ -   label: 4
02/14/2024 14:01:01 - DEBUG - __main__ -   pred: 3
02/14/2024 14:01:01 - DEBUG - __main__ -   label: 4
02/14/2024 14:01:01 - DEBUG - __main__ -   pred: 4
02/14/2024 14:01:01 - DEBUG - __main__ -   label: 4
02/14/2024 14:01:01 - DEBUG - __main__ -   pred: 4
02/14/2024 14:01:01 - DEBUG - __main__ -   label: 4
02/14/2024 14:01:01 - DEBUG - __main__ -   pred: 3
02/14/2024 14:01:01 - DEBUG - __main__ -   label: 4
02/14/2024 14:01:01 - DEBUG - __main__ -   pred: 4
02/14/2024 14:01:01 - DEBUG - __main__ -   label: 3
02/14/2024 14:01:01 - DEBUG - __main__ -   pred: 3
02/14/2024 14:01:01 - DEBUG - __main__ -   label: 4
02/14/2024 14:01:01 - DEBUG - __main__ -   pred: 3
02/14/2024 14:01:01 - DEBUG - __main__ -   label: 3
02/14/2024 14:01:01 - DEBUG - __main__ -   pred: 4
02/14/2024 14:01:01 - DEBUG - __main__ -   label: 4
02/14/2024 14:01:01 - DEBUG - __main__ -   pred: 4
02/14/2024 14:01:01 - DEBUG - __main__ -   label: 4
02/14/2024 14:01:01 - DEBUG - __main__ -   pred: 4
02/14/2024 14:01:01 - DEBUG - __main__ -   label: 3
02/14/2024 14:01:01 - DEBUG - __main__ -   pred: 4
02/14/2024 14:01:01 - DEBUG - __main__ -   label: 3
02/14/2024 14:01:01 - DEBUG - __main__ -   pred: 3
02/14/2024 14:01:01 - DEBUG - __main__ -   label: 4
02/14/2024 14:01:01 - DEBUG - __main__ -   pred: 4
02/14/2024 14:01:01 - DEBUG - __main__ -   label: 4
02/14/2024 14:01:01 - DEBUG - __main__ -   pred: 3
02/14/2024 14:01:01 - DEBUG - __main__ -   label: 5
02/14/2024 14:01:01 - DEBUG - __main__ -   pred: 3
02/14/2024 14:01:01 - DEBUG - __main__ -   label: 2
02/14/2024 14:01:01 - DEBUG - __main__ -   pred: 3
02/14/2024 14:01:01 - DEBUG - __main__ -   label: 3
02/14/2024 14:01:01 - DEBUG - __main__ -   pred: 4
02/14/2024 14:01:01 - DEBUG - __main__ -   label: 2
02/14/2024 14:01:01 - DEBUG - __main__ -   pred: 2
02/14/2024 14:01:01 - DEBUG - __main__ -   label: 4
02/14/2024 14:01:01 - DEBUG - __main__ -   pred: 4
02/14/2024 14:01:01 - DEBUG - __main__ -   label: 1
02/14/2024 14:01:01 - DEBUG - __main__ -   pred: 2
02/14/2024 14:01:01 - DEBUG - __main__ -   label: 2
02/14/2024 14:01:01 - DEBUG - __main__ -   pred: 3
02/14/2024 14:01:01 - DEBUG - __main__ -   label: 4
02/14/2024 14:01:01 - DEBUG - __main__ -   pred: 3
02/14/2024 14:01:01 - DEBUG - __main__ -   label: 2
02/14/2024 14:01:01 - DEBUG - __main__ -   pred: 2
02/14/2024 14:01:01 - DEBUG - __main__ -   label: 2
02/14/2024 14:01:01 - DEBUG - __main__ -   pred: 2
02/14/2024 14:01:01 - DEBUG - __main__ -   label: 4
02/14/2024 14:01:01 - DEBUG - __main__ -   pred: 3
02/14/2024 14:01:01 - DEBUG - __main__ -   label: 2
02/14/2024 14:01:01 - DEBUG - __main__ -   pred: 3
02/14/2024 14:01:01 - DEBUG - __main__ -   label: 2
02/14/2024 14:01:01 - DEBUG - __main__ -   pred: 2
02/14/2024 14:01:01 - DEBUG - __main__ -   label: 3
02/14/2024 14:01:01 - DEBUG - __main__ -   pred: 2
02/14/2024 14:01:01 - DEBUG - __main__ -   label: 3
02/14/2024 14:01:01 - DEBUG - __main__ -   pred: 3
02/14/2024 14:01:01 - DEBUG - __main__ -   label: 3
02/14/2024 14:01:01 - DEBUG - __main__ -   pred: 3
02/14/2024 14:01:01 - DEBUG - __main__ -   label: 2
02/14/2024 14:01:01 - DEBUG - __main__ -   pred: 3
02/14/2024 14:01:01 - DEBUG - __main__ -   label: 3
02/14/2024 14:01:01 - DEBUG - __main__ -   pred: 3
02/14/2024 14:01:01 - DEBUG - __main__ -   label: 3
02/14/2024 14:01:01 - DEBUG - __main__ -   pred: 3
02/14/2024 14:01:01 - DEBUG - __main__ -   label: 3
02/14/2024 14:01:01 - DEBUG - __main__ -   pred: 4
02/14/2024 14:01:01 - DEBUG - __main__ -   label: 3
02/14/2024 14:01:01 - DEBUG - __main__ -   pred: 3
02/14/2024 14:01:01 - DEBUG - __main__ -   label: 3
02/14/2024 14:01:01 - DEBUG - __main__ -   pred: 3
02/14/2024 14:01:01 - DEBUG - __main__ -   label: 2
02/14/2024 14:01:01 - DEBUG - __main__ -   pred: 2
02/14/2024 14:01:01 - DEBUG - __main__ -   label: 2
02/14/2024 14:01:01 - DEBUG - __main__ -   pred: 2
02/14/2024 14:01:01 - DEBUG - __main__ -   label: 3
02/14/2024 14:01:01 - DEBUG - __main__ -   pred: 3
02/14/2024 14:01:01 - DEBUG - __main__ -   label: 3
02/14/2024 14:01:01 - DEBUG - __main__ -   pred: 3
02/14/2024 14:01:01 - DEBUG - __main__ -   label: 2
02/14/2024 14:01:01 - DEBUG - __main__ -   pred: 2
02/14/2024 14:01:01 - DEBUG - __main__ -   label: 3
02/14/2024 14:01:01 - DEBUG - __main__ -   pred: 3
02/14/2024 14:01:01 - DEBUG - __main__ -   label: 2
02/14/2024 14:01:01 - DEBUG - __main__ -   pred: 2
02/14/2024 14:01:01 - DEBUG - __main__ -   label: 1
02/14/2024 14:01:01 - DEBUG - __main__ -   pred: 1
02/14/2024 14:01:01 - DEBUG - __main__ -   label: 1
02/14/2024 14:01:01 - DEBUG - __main__ -   pred: 2
02/14/2024 14:01:01 - DEBUG - __main__ -   label: 3
02/14/2024 14:01:01 - DEBUG - __main__ -   pred: 3
02/14/2024 14:01:01 - DEBUG - __main__ -   label: 2
02/14/2024 14:01:01 - DEBUG - __main__ -   pred: 2
02/14/2024 14:01:01 - DEBUG - __main__ -   label: 2
02/14/2024 14:01:01 - DEBUG - __main__ -   pred: 2
02/14/2024 14:01:01 - DEBUG - __main__ -   label: 2
02/14/2024 14:01:01 - DEBUG - __main__ -   pred: 2
02/14/2024 14:01:01 - DEBUG - __main__ -   label: 2
02/14/2024 14:01:01 - DEBUG - __main__ -   pred: 1
02/14/2024 14:01:01 - DEBUG - __main__ -   label: 3
02/14/2024 14:01:01 - DEBUG - __main__ -   pred: 2
02/14/2024 14:01:01 - DEBUG - __main__ -   label: 2
02/14/2024 14:01:01 - DEBUG - __main__ -   pred: 2
02/14/2024 14:01:01 - DEBUG - __main__ -   label: 2
02/14/2024 14:01:01 - DEBUG - __main__ -   pred: 2
02/14/2024 14:01:01 - DEBUG - __main__ -   label: 3
02/14/2024 14:01:01 - DEBUG - __main__ -   pred: 2
02/14/2024 14:01:01 - DEBUG - __main__ -   label: 4
02/14/2024 14:01:01 - DEBUG - __main__ -   pred: 3
02/14/2024 14:01:01 - DEBUG - __main__ -   label: 2
02/14/2024 14:01:01 - DEBUG - __main__ -   pred: 2
02/14/2024 14:01:01 - DEBUG - __main__ -   label: 1
02/14/2024 14:01:01 - DEBUG - __main__ -   pred: 1
02/14/2024 14:01:01 - DEBUG - __main__ -   label: 1
02/14/2024 14:01:01 - DEBUG - __main__ -   pred: 1
02/14/2024 14:01:01 - DEBUG - __main__ -   label: 2
02/14/2024 14:01:01 - DEBUG - __main__ -   pred: 2
02/14/2024 14:01:01 - DEBUG - __main__ -   label: 1
02/14/2024 14:01:01 - DEBUG - __main__ -   pred: 1
02/14/2024 14:01:01 - DEBUG - __main__ -   label: 1
02/14/2024 14:01:01 - DEBUG - __main__ -   pred: 0
02/14/2024 14:01:01 - DEBUG - __main__ -   label: 2
02/14/2024 14:01:01 - DEBUG - __main__ -   pred: 2
02/14/2024 14:01:01 - DEBUG - __main__ -   label: 2
02/14/2024 14:01:01 - DEBUG - __main__ -   pred: 2
02/14/2024 14:01:01 - DEBUG - __main__ -   label: 2
02/14/2024 14:01:01 - DEBUG - __main__ -   pred: 2
02/14/2024 14:01:01 - DEBUG - __main__ -   label: 2
02/14/2024 14:01:01 - DEBUG - __main__ -   pred: 1
02/14/2024 14:01:01 - DEBUG - __main__ -   label: 1
02/14/2024 14:01:01 - DEBUG - __main__ -   pred: 2
02/14/2024 14:01:01 - DEBUG - __main__ -   label: 1
02/14/2024 14:01:01 - DEBUG - __main__ -   pred: 1
02/14/2024 14:01:01 - DEBUG - __main__ -   label: 2
02/14/2024 14:01:01 - DEBUG - __main__ -   pred: 2
02/14/2024 14:01:01 - DEBUG - __main__ -   label: 2
02/14/2024 14:01:01 - DEBUG - __main__ -   pred: 2
02/14/2024 14:01:01 - DEBUG - __main__ -   label: 1
02/14/2024 14:01:01 - DEBUG - __main__ -   pred: 1
02/14/2024 14:01:01 - DEBUG - __main__ -   label: 3
02/14/2024 14:01:01 - DEBUG - __main__ -   pred: 3
02/14/2024 14:01:01 - DEBUG - __main__ -   label: 2
02/14/2024 14:01:01 - DEBUG - __main__ -   pred: 1
02/14/2024 14:01:01 - DEBUG - __main__ -   label: 2
02/14/2024 14:01:01 - DEBUG - __main__ -   pred: 2
02/14/2024 14:01:01 - DEBUG - __main__ -   label: 3
02/14/2024 14:01:01 - DEBUG - __main__ -   pred: 2
02/14/2024 14:01:01 - DEBUG - __main__ -   label: 3
02/14/2024 14:01:01 - DEBUG - __main__ -   pred: 2
02/14/2024 14:01:01 - DEBUG - __main__ -   label: 2
02/14/2024 14:01:01 - DEBUG - __main__ -   pred: 2
02/14/2024 14:01:01 - DEBUG - __main__ -   label: 1
02/14/2024 14:01:01 - DEBUG - __main__ -   pred: 2
02/14/2024 14:01:01 - DEBUG - __main__ -   label: 1
02/14/2024 14:01:01 - DEBUG - __main__ -   pred: 2
02/14/2024 14:01:01 - DEBUG - __main__ -   label: 2
02/14/2024 14:01:01 - DEBUG - __main__ -   pred: 3
02/14/2024 14:01:01 - DEBUG - __main__ -   label: 1
02/14/2024 14:01:01 - DEBUG - __main__ -   pred: 1
02/14/2024 14:01:01 - DEBUG - __main__ -   label: 3
02/14/2024 14:01:01 - DEBUG - __main__ -   pred: 3
02/14/2024 14:01:01 - DEBUG - __main__ -   label: 1
02/14/2024 14:01:01 - DEBUG - __main__ -   pred: 2
02/14/2024 14:01:01 - DEBUG - __main__ -   label: 1
02/14/2024 14:01:01 - DEBUG - __main__ -   pred: 2
02/14/2024 14:01:01 - DEBUG - __main__ -   label: 3
02/14/2024 14:01:01 - DEBUG - __main__ -   pred: 3
02/14/2024 14:01:01 - DEBUG - __main__ -   label: 1
02/14/2024 14:01:01 - DEBUG - __main__ -   pred: 1
02/14/2024 14:01:01 - DEBUG - __main__ -   label: 2
02/14/2024 14:01:01 - DEBUG - __main__ -   pred: 2
02/14/2024 14:01:01 - DEBUG - __main__ -   label: 2
02/14/2024 14:01:01 - DEBUG - __main__ -   pred: 3
02/14/2024 14:01:01 - DEBUG - __main__ -   label: 2
02/14/2024 14:01:01 - DEBUG - __main__ -   pred: 2
02/14/2024 14:01:01 - DEBUG - __main__ -   label: 2
02/14/2024 14:01:01 - DEBUG - __main__ -   pred: 2
02/14/2024 14:01:01 - DEBUG - __main__ -   label: 2
02/14/2024 14:01:01 - DEBUG - __main__ -   pred: 2
02/14/2024 14:01:01 - DEBUG - __main__ -   label: 2
02/14/2024 14:01:01 - DEBUG - __main__ -   pred: 2
02/14/2024 14:01:01 - DEBUG - __main__ -   label: 2
02/14/2024 14:01:01 - DEBUG - __main__ -   pred: 2
02/14/2024 14:01:01 - DEBUG - __main__ -   label: 3
02/14/2024 14:01:01 - DEBUG - __main__ -   pred: 2
02/14/2024 14:01:01 - DEBUG - __main__ -   label: 2
02/14/2024 14:01:01 - DEBUG - __main__ -   pred: 2
02/14/2024 14:01:01 - DEBUG - __main__ -   label: 3
02/14/2024 14:01:01 - DEBUG - __main__ -   pred: 3
02/14/2024 14:01:01 - DEBUG - __main__ -   label: 1
02/14/2024 14:01:01 - DEBUG - __main__ -   pred: 1
02/14/2024 14:01:01 - DEBUG - __main__ -   label: 2
02/14/2024 14:01:01 - DEBUG - __main__ -   pred: 2
02/14/2024 14:01:01 - DEBUG - __main__ -   label: 2
02/14/2024 14:01:01 - DEBUG - __main__ -   pred: 1
02/14/2024 14:01:01 - DEBUG - __main__ -   label: 4
02/14/2024 14:01:01 - DEBUG - __main__ -   pred: 3
02/14/2024 14:01:01 - DEBUG - __main__ -   label: 2
02/14/2024 14:01:01 - DEBUG - __main__ -   pred: 1
02/14/2024 14:01:01 - DEBUG - __main__ -   label: 3
02/14/2024 14:01:01 - DEBUG - __main__ -   pred: 2
02/14/2024 14:01:01 - DEBUG - __main__ -   label: 1
02/14/2024 14:01:01 - DEBUG - __main__ -   pred: 1
02/14/2024 14:01:01 - DEBUG - __main__ -   label: 1
02/14/2024 14:01:01 - DEBUG - __main__ -   pred: 2
02/14/2024 14:01:01 - DEBUG - __main__ -   label: 2
02/14/2024 14:01:01 - DEBUG - __main__ -   pred: 1
02/14/2024 14:01:01 - DEBUG - __main__ -   label: 3
02/14/2024 14:01:01 - DEBUG - __main__ -   pred: 2
02/14/2024 14:01:01 - DEBUG - __main__ -   label: 2
02/14/2024 14:01:01 - DEBUG - __main__ -   pred: 3
02/14/2024 14:01:01 - DEBUG - __main__ -   label: 3
02/14/2024 14:01:01 - DEBUG - __main__ -   pred: 4
02/14/2024 14:01:01 - DEBUG - __main__ -   label: 3
02/14/2024 14:01:01 - DEBUG - __main__ -   pred: 3
02/14/2024 14:01:01 - DEBUG - __main__ -   label: 4
02/14/2024 14:01:01 - DEBUG - __main__ -   pred: 3
02/14/2024 14:01:01 - DEBUG - __main__ -   label: 2
02/14/2024 14:01:01 - DEBUG - __main__ -   pred: 1
02/14/2024 14:01:01 - DEBUG - __main__ -   label: 1
02/14/2024 14:01:01 - DEBUG - __main__ -   pred: 2
02/14/2024 14:01:01 - DEBUG - __main__ -   label: 2
02/14/2024 14:01:01 - DEBUG - __main__ -   pred: 1
02/14/2024 14:01:01 - DEBUG - __main__ -   label: 3
02/14/2024 14:01:01 - DEBUG - __main__ -   pred: 3
02/14/2024 14:01:01 - DEBUG - __main__ -   label: 3
02/14/2024 14:01:01 - DEBUG - __main__ -   pred: 2
02/14/2024 14:01:01 - DEBUG - __main__ -   label: 3
02/14/2024 14:01:01 - DEBUG - __main__ -   pred: 3
02/14/2024 14:01:01 - DEBUG - __main__ -   label: 2
02/14/2024 14:01:01 - DEBUG - __main__ -   pred: 2
02/14/2024 14:01:01 - DEBUG - __main__ -   label: 2
02/14/2024 14:01:01 - DEBUG - __main__ -   pred: 2
02/14/2024 14:01:01 - DEBUG - __main__ -   label: 2
02/14/2024 14:01:01 - DEBUG - __main__ -   pred: 2
02/14/2024 14:01:01 - DEBUG - __main__ -   label: 3
02/14/2024 14:01:01 - DEBUG - __main__ -   pred: 2
02/14/2024 14:01:01 - DEBUG - __main__ -   label: 2
02/14/2024 14:01:01 - DEBUG - __main__ -   pred: 2
02/14/2024 14:01:01 - DEBUG - __main__ -   label: 3
02/14/2024 14:01:01 - DEBUG - __main__ -   pred: 3
02/14/2024 14:01:01 - DEBUG - __main__ -   label: 2
02/14/2024 14:01:01 - DEBUG - __main__ -   pred: 1
02/14/2024 14:01:01 - DEBUG - __main__ -   label: 2
02/14/2024 14:01:01 - DEBUG - __main__ -   pred: 2
02/14/2024 14:01:01 - DEBUG - __main__ -   label: 2
02/14/2024 14:01:01 - DEBUG - __main__ -   pred: 3
02/14/2024 14:01:01 - DEBUG - __main__ -   label: 2
02/14/2024 14:01:01 - DEBUG - __main__ -   pred: 2
02/14/2024 14:01:01 - DEBUG - __main__ -   label: 2
02/14/2024 14:01:01 - DEBUG - __main__ -   pred: 2
02/14/2024 14:01:01 - DEBUG - __main__ -   label: 2
02/14/2024 14:01:01 - DEBUG - __main__ -   pred: 1
02/14/2024 14:01:01 - DEBUG - __main__ -   label: 2
02/14/2024 14:01:01 - DEBUG - __main__ -   pred: 2
02/14/2024 14:01:01 - DEBUG - __main__ -   label: 3
02/14/2024 14:01:01 - DEBUG - __main__ -   pred: 2
02/14/2024 14:01:01 - DEBUG - __main__ -   label: 2
02/14/2024 14:01:01 - DEBUG - __main__ -   pred: 2
02/14/2024 14:01:01 - DEBUG - __main__ -   label: 2
02/14/2024 14:01:01 - DEBUG - __main__ -   pred: 2
02/14/2024 14:01:01 - DEBUG - __main__ -   label: 1
02/14/2024 14:01:01 - DEBUG - __main__ -   pred: 2
02/14/2024 14:01:01 - DEBUG - __main__ -   label: 1
02/14/2024 14:01:01 - DEBUG - __main__ -   pred: 1
02/14/2024 14:01:01 - DEBUG - __main__ -   label: 2
02/14/2024 14:01:01 - DEBUG - __main__ -   pred: 3
02/14/2024 14:01:01 - DEBUG - __main__ -   label: 2
02/14/2024 14:01:01 - DEBUG - __main__ -   pred: 2
02/14/2024 14:01:01 - DEBUG - __main__ -   label: 3
02/14/2024 14:01:01 - DEBUG - __main__ -   pred: 3
02/14/2024 14:01:01 - DEBUG - __main__ -   label: 3
02/14/2024 14:01:01 - DEBUG - __main__ -   pred: 3
02/14/2024 14:01:01 - DEBUG - __main__ -   label: 1
02/14/2024 14:01:01 - DEBUG - __main__ -   pred: 1
02/14/2024 14:01:01 - DEBUG - __main__ -   label: 3
02/14/2024 14:01:01 - DEBUG - __main__ -   pred: 2
02/14/2024 14:01:01 - DEBUG - __main__ -   label: 2
02/14/2024 14:01:01 - DEBUG - __main__ -   pred: 2
02/14/2024 14:01:01 - DEBUG - __main__ -   label: 2
02/14/2024 14:01:01 - DEBUG - __main__ -   pred: 2
02/14/2024 14:01:01 - DEBUG - __main__ -   label: 1
02/14/2024 14:01:01 - DEBUG - __main__ -   pred: 1
02/14/2024 14:01:01 - DEBUG - __main__ -   label: 3
02/14/2024 14:01:01 - DEBUG - __main__ -   pred: 3
02/14/2024 14:01:01 - DEBUG - __main__ -   label: 2
02/14/2024 14:01:01 - DEBUG - __main__ -   pred: 2
02/14/2024 14:01:01 - DEBUG - __main__ -   label: 3
02/14/2024 14:01:01 - DEBUG - __main__ -   pred: 3
02/14/2024 14:01:01 - DEBUG - __main__ -   label: 3
02/14/2024 14:01:01 - DEBUG - __main__ -   pred: 3
02/14/2024 14:01:01 - DEBUG - __main__ -   label: 2
02/14/2024 14:01:01 - DEBUG - __main__ -   pred: 2
02/14/2024 14:01:01 - DEBUG - __main__ -   label: 0
02/14/2024 14:01:01 - DEBUG - __main__ -   pred: 2
02/14/2024 14:01:01 - DEBUG - __main__ -   label: 2
02/14/2024 14:01:01 - DEBUG - __main__ -   pred: 2
02/14/2024 14:01:01 - DEBUG - __main__ -   label: 2
02/14/2024 14:01:01 - DEBUG - __main__ -   pred: 2
02/14/2024 14:01:01 - DEBUG - __main__ -   label: 1
02/14/2024 14:01:01 - DEBUG - __main__ -   pred: 2
02/14/2024 14:01:01 - DEBUG - __main__ -   label: 1
02/14/2024 14:01:01 - DEBUG - __main__ -   pred: 1
02/14/2024 14:01:01 - DEBUG - __main__ -   label: 2
02/14/2024 14:01:01 - DEBUG - __main__ -   pred: 2
02/14/2024 14:01:01 - DEBUG - __main__ -   label: 1
02/14/2024 14:01:01 - DEBUG - __main__ -   pred: 1
02/14/2024 14:01:01 - DEBUG - __main__ -   label: 1
02/14/2024 14:01:01 - DEBUG - __main__ -   pred: 2
02/14/2024 14:01:01 - DEBUG - __main__ -   label: 2
02/14/2024 14:01:01 - DEBUG - __main__ -   pred: 2
02/14/2024 14:01:01 - DEBUG - __main__ -   label: 3
02/14/2024 14:01:01 - DEBUG - __main__ -   pred: 2
02/14/2024 14:01:01 - DEBUG - __main__ -   label: 1
02/14/2024 14:01:01 - DEBUG - __main__ -   pred: 1
02/14/2024 14:01:01 - DEBUG - __main__ -   label: 2
02/14/2024 14:01:01 - DEBUG - __main__ -   pred: 2
02/14/2024 14:01:01 - DEBUG - __main__ -   label: 3
02/14/2024 14:01:01 - DEBUG - __main__ -   pred: 2
02/14/2024 14:01:01 - DEBUG - __main__ -   label: 2
02/14/2024 14:01:01 - DEBUG - __main__ -   pred: 2
02/14/2024 14:01:01 - DEBUG - __main__ -   label: 2
02/14/2024 14:01:01 - DEBUG - __main__ -   pred: 1
02/14/2024 14:01:01 - DEBUG - __main__ -   label: 1
02/14/2024 14:01:01 - DEBUG - __main__ -   pred: 1
02/14/2024 14:01:01 - DEBUG - __main__ -   label: 2
02/14/2024 14:01:01 - DEBUG - __main__ -   pred: 1
02/14/2024 14:01:01 - DEBUG - __main__ -   label: 3
02/14/2024 14:01:01 - DEBUG - __main__ -   pred: 2
02/14/2024 14:01:01 - DEBUG - __main__ -   label: 1
02/14/2024 14:01:01 - DEBUG - __main__ -   pred: 1
02/14/2024 14:01:01 - DEBUG - __main__ -   label: 3
02/14/2024 14:01:01 - DEBUG - __main__ -   pred: 2
02/14/2024 14:01:01 - DEBUG - __main__ -   label: 3
02/14/2024 14:01:01 - DEBUG - __main__ -   pred: 2
02/14/2024 14:01:01 - DEBUG - __main__ -   label: 3
02/14/2024 14:01:01 - DEBUG - __main__ -   pred: 3
02/14/2024 14:01:01 - DEBUG - __main__ -   label: 2
02/14/2024 14:01:01 - DEBUG - __main__ -   pred: 1
02/14/2024 14:01:01 - DEBUG - __main__ -   label: 1
02/14/2024 14:01:01 - DEBUG - __main__ -   pred: 2
02/14/2024 14:01:01 - DEBUG - __main__ -   label: 4
02/14/2024 14:01:01 - DEBUG - __main__ -   pred: 3
02/14/2024 14:01:01 - DEBUG - __main__ -   label: 3
02/14/2024 14:01:01 - DEBUG - __main__ -   pred: 3
02/14/2024 14:01:01 - DEBUG - __main__ -   label: 1
02/14/2024 14:01:01 - DEBUG - __main__ -   pred: 3
02/14/2024 14:01:01 - DEBUG - __main__ -   label: 2
02/14/2024 14:01:01 - DEBUG - __main__ -   pred: 3
02/14/2024 14:01:01 - DEBUG - __main__ -   label: 3
02/14/2024 14:01:01 - DEBUG - __main__ -   pred: 3
02/14/2024 14:01:01 - DEBUG - __main__ -   label: 2
02/14/2024 14:01:01 - DEBUG - __main__ -   pred: 3
02/14/2024 14:01:01 - DEBUG - __main__ -   label: 4
02/14/2024 14:01:01 - DEBUG - __main__ -   pred: 2
02/14/2024 14:01:01 - DEBUG - __main__ -   label: 2
02/14/2024 14:01:01 - DEBUG - __main__ -   pred: 1
02/14/2024 14:01:01 - DEBUG - __main__ -   label: 1
02/14/2024 14:01:01 - DEBUG - __main__ -   pred: 2
02/14/2024 14:01:01 - DEBUG - __main__ -   label: 2
02/14/2024 14:01:01 - DEBUG - __main__ -   pred: 2
02/14/2024 14:01:01 - DEBUG - __main__ -   label: 2
02/14/2024 14:01:01 - DEBUG - __main__ -   pred: 2
02/14/2024 14:01:01 - DEBUG - __main__ -   label: 2
02/14/2024 14:01:01 - DEBUG - __main__ -   pred: 2
02/14/2024 14:01:01 - DEBUG - __main__ -   label: 3
02/14/2024 14:01:01 - DEBUG - __main__ -   pred: 2
02/14/2024 14:01:01 - DEBUG - __main__ -   label: 2
02/14/2024 14:01:01 - DEBUG - __main__ -   pred: 2
02/14/2024 14:01:01 - DEBUG - __main__ -   label: 2
02/14/2024 14:01:01 - DEBUG - __main__ -   pred: 3
02/14/2024 14:01:01 - DEBUG - __main__ -   label: 2
02/14/2024 14:01:01 - DEBUG - __main__ -   pred: 2
02/14/2024 14:01:01 - DEBUG - __main__ -   label: 2
02/14/2024 14:01:01 - DEBUG - __main__ -   pred: 2
02/14/2024 14:01:01 - DEBUG - __main__ -   label: 2
02/14/2024 14:01:01 - DEBUG - __main__ -   pred: 3
02/14/2024 14:01:01 - DEBUG - __main__ -   label: 2
02/14/2024 14:01:01 - DEBUG - __main__ -   pred: 1
02/14/2024 14:01:01 - DEBUG - __main__ -   label: 2
02/14/2024 14:01:01 - DEBUG - __main__ -   pred: 1
02/14/2024 14:01:01 - DEBUG - __main__ -   label: 2
02/14/2024 14:01:01 - DEBUG - __main__ -   pred: 1
02/14/2024 14:01:01 - DEBUG - __main__ -   label: 2
02/14/2024 14:01:01 - DEBUG - __main__ -   pred: 2
02/14/2024 14:01:01 - DEBUG - __main__ -   label: 1
02/14/2024 14:01:01 - DEBUG - __main__ -   pred: 1
02/14/2024 14:01:01 - DEBUG - __main__ -   label: 2
02/14/2024 14:01:01 - DEBUG - __main__ -   pred: 2
02/14/2024 14:01:01 - DEBUG - __main__ -   label: 2
02/14/2024 14:01:01 - DEBUG - __main__ -   pred: 2
02/14/2024 14:01:01 - DEBUG - __main__ -   label: 1
02/14/2024 14:01:01 - DEBUG - __main__ -   pred: 1
02/14/2024 14:01:01 - DEBUG - __main__ -   label: 2
02/14/2024 14:01:01 - DEBUG - __main__ -   pred: 2
02/14/2024 14:01:01 - DEBUG - __main__ -   label: 1
02/14/2024 14:01:01 - DEBUG - __main__ -   pred: 1
02/14/2024 14:01:01 - DEBUG - __main__ -   label: 3
02/14/2024 14:01:01 - DEBUG - __main__ -   pred: 2
02/14/2024 14:01:01 - DEBUG - __main__ -   label: 2
02/14/2024 14:01:01 - DEBUG - __main__ -   pred: 3
02/14/2024 14:01:01 - DEBUG - __main__ -   label: 2
02/14/2024 14:01:01 - DEBUG - __main__ -   pred: 2
02/14/2024 14:01:01 - DEBUG - __main__ -   label: 3
02/14/2024 14:01:01 - DEBUG - __main__ -   pred: 2
02/14/2024 14:01:01 - DEBUG - __main__ -   label: 2
02/14/2024 14:01:01 - DEBUG - __main__ -   pred: 2
02/14/2024 14:01:01 - DEBUG - __main__ -   label: 3
02/14/2024 14:01:01 - DEBUG - __main__ -   pred: 3
02/14/2024 14:01:01 - DEBUG - __main__ -   label: 2
02/14/2024 14:01:01 - DEBUG - __main__ -   pred: 3
02/14/2024 14:01:01 - DEBUG - __main__ -   label: 3
02/14/2024 14:01:01 - DEBUG - __main__ -   pred: 2
02/14/2024 14:01:01 - DEBUG - __main__ -   label: 3
02/14/2024 14:01:01 - DEBUG - __main__ -   pred: 2
02/14/2024 14:01:01 - DEBUG - __main__ -   label: 3
02/14/2024 14:01:01 - DEBUG - __main__ -   pred: 3
02/14/2024 14:01:01 - DEBUG - __main__ -   label: 3
02/14/2024 14:01:01 - DEBUG - __main__ -   pred: 3
02/14/2024 14:01:01 - DEBUG - __main__ -   label: 2
02/14/2024 14:01:01 - DEBUG - __main__ -   pred: 2
02/14/2024 14:01:01 - DEBUG - __main__ -   label: 3
02/14/2024 14:01:01 - DEBUG - __main__ -   pred: 3
02/14/2024 14:01:01 - DEBUG - __main__ -   label: 2
02/14/2024 14:01:01 - DEBUG - __main__ -   pred: 1
02/14/2024 14:01:01 - DEBUG - __main__ -   label: 3
02/14/2024 14:01:01 - DEBUG - __main__ -   pred: 2
02/14/2024 14:01:01 - DEBUG - __main__ -   label: 2
02/14/2024 14:01:01 - DEBUG - __main__ -   pred: 2
02/14/2024 14:01:01 - DEBUG - __main__ -   label: 3
02/14/2024 14:01:01 - DEBUG - __main__ -   pred: 2
02/14/2024 14:01:01 - DEBUG - __main__ -   label: 3
02/14/2024 14:01:01 - DEBUG - __main__ -   pred: 2
02/14/2024 14:01:01 - DEBUG - __main__ -   label: 1
02/14/2024 14:01:01 - DEBUG - __main__ -   pred: 2
02/14/2024 14:01:01 - DEBUG - __main__ -   label: 1
02/14/2024 14:01:01 - DEBUG - __main__ -   pred: 1
02/14/2024 14:01:01 - DEBUG - __main__ -   label: 1
02/14/2024 14:01:01 - DEBUG - __main__ -   pred: 2
02/14/2024 14:01:01 - DEBUG - __main__ -   label: 3
02/14/2024 14:01:01 - DEBUG - __main__ -   pred: 2
02/14/2024 14:01:01 - DEBUG - __main__ -   label: 3
02/14/2024 14:01:01 - DEBUG - __main__ -   pred: 1
02/14/2024 14:01:01 - DEBUG - __main__ -   label: 2
02/14/2024 14:01:01 - DEBUG - __main__ -   pred: 1
02/14/2024 14:01:01 - DEBUG - __main__ -   label: 0
02/14/2024 14:01:01 - DEBUG - __main__ -   pred: 0
02/14/2024 14:01:01 - DEBUG - __main__ -   label: 1
02/14/2024 14:01:01 - DEBUG - __main__ -   pred: 2
02/14/2024 14:01:01 - DEBUG - __main__ -   label: 2
02/14/2024 14:01:01 - DEBUG - __main__ -   pred: 2
02/14/2024 14:01:01 - DEBUG - __main__ -   label: 2
02/14/2024 14:01:01 - DEBUG - __main__ -   pred: 2
02/14/2024 14:01:01 - DEBUG - __main__ -   label: 2
02/14/2024 14:01:01 - DEBUG - __main__ -   pred: 3
02/14/2024 14:01:01 - DEBUG - __main__ -   label: 2
02/14/2024 14:01:01 - DEBUG - __main__ -   pred: 2
02/14/2024 14:01:01 - DEBUG - __main__ -   label: 4
02/14/2024 14:01:01 - DEBUG - __main__ -   pred: 3
02/14/2024 14:01:01 - DEBUG - __main__ -   label: 2
02/14/2024 14:01:01 - DEBUG - __main__ -   pred: 2
02/14/2024 14:01:01 - DEBUG - __main__ -   label: 0
02/14/2024 14:01:01 - DEBUG - __main__ -   pred: 1
02/14/2024 14:01:01 - DEBUG - __main__ -   label: 2
02/14/2024 14:01:01 - DEBUG - __main__ -   pred: 2
02/14/2024 14:01:01 - DEBUG - __main__ -   label: 3
02/14/2024 14:01:01 - DEBUG - __main__ -   pred: 2
02/14/2024 14:01:01 - DEBUG - __main__ -   label: 3
02/14/2024 14:01:01 - DEBUG - __main__ -   pred: 3
02/14/2024 14:01:01 - DEBUG - __main__ -   label: 4
02/14/2024 14:01:01 - DEBUG - __main__ -   pred: 2
02/14/2024 14:01:01 - DEBUG - __main__ -   label: 0
02/14/2024 14:01:01 - DEBUG - __main__ -   pred: 1
02/14/2024 14:01:01 - DEBUG - __main__ -   label: 1
02/14/2024 14:01:01 - DEBUG - __main__ -   pred: 1
02/14/2024 14:01:01 - DEBUG - __main__ -   label: 2
02/14/2024 14:01:01 - DEBUG - __main__ -   pred: 2
