******** Training fold 0 ********
08/14/2023 18:32:44 - DEBUG - __main__ -   Processor loaded. CPU mem usage: 0.38G.  Cuda 0: memory acclocated: 0 G.
08/14/2023 18:32:52 - DEBUG - __main__ -   Model loaded. CPU mem usage: 1.99G.  Cuda 0: memory acclocated: 0 G.
Wav2Vec2ForSequenceClassification(
  (wav2vec2): Wav2Vec2Model(
    (feature_extractor): Wav2Vec2FeatureEncoder(
      (conv_layers): ModuleList(
        (0): Wav2Vec2LayerNormConvLayer(
          (conv): Conv1d(1, 512, kernel_size=(10,), stride=(5,))
          (layer_norm): LayerNorm((512,), eps=1e-05, elementwise_affine=True)
          (activation): GELUActivation()
        )
        (1-4): 4 x Wav2Vec2LayerNormConvLayer(
          (conv): Conv1d(512, 512, kernel_size=(3,), stride=(2,))
          (layer_norm): LayerNorm((512,), eps=1e-05, elementwise_affine=True)
          (activation): GELUActivation()
        )
        (5-6): 2 x Wav2Vec2LayerNormConvLayer(
          (conv): Conv1d(512, 512, kernel_size=(2,), stride=(2,))
          (layer_norm): LayerNorm((512,), eps=1e-05, elementwise_affine=True)
          (activation): GELUActivation()
        )
      )
    )
    (feature_projection): Wav2Vec2FeatureProjection(
      (layer_norm): LayerNorm((512,), eps=1e-05, elementwise_affine=True)
      (projection): Linear(in_features=512, out_features=1024, bias=True)
      (dropout): Dropout(p=0.1, inplace=False)
    )
    (encoder): Wav2Vec2EncoderStableLayerNorm(
      (pos_conv_embed): Wav2Vec2PositionalConvEmbedding(
        (conv): Conv1d(1024, 1024, kernel_size=(128,), stride=(1,), padding=(64,), groups=16)
        (padding): Wav2Vec2SamePadLayer()
        (activation): GELUActivation()
      )
      (layer_norm): LayerNorm((1024,), eps=1e-05, elementwise_affine=True)
      (dropout): Dropout(p=0.1, inplace=False)
      (layers): ModuleList(
        (0-23): 24 x Wav2Vec2EncoderLayerStableLayerNorm(
          (attention): Wav2Vec2Attention(
            (k_proj): Linear(in_features=1024, out_features=1024, bias=True)
            (v_proj): Linear(in_features=1024, out_features=1024, bias=True)
            (q_proj): Linear(in_features=1024, out_features=1024, bias=True)
            (out_proj): Linear(in_features=1024, out_features=1024, bias=True)
          )
          (dropout): Dropout(p=0.1, inplace=False)
          (layer_norm): LayerNorm((1024,), eps=1e-05, elementwise_affine=True)
          (feed_forward): Wav2Vec2FeedForward(
            (intermediate_dropout): Dropout(p=0.0, inplace=False)
            (intermediate_dense): Linear(in_features=1024, out_features=4096, bias=True)
            (intermediate_act_fn): GELUActivation()
            (output_dense): Linear(in_features=4096, out_features=1024, bias=True)
            (output_dropout): Dropout(p=0.1, inplace=False)
          )
          (final_layer_norm): LayerNorm((1024,), eps=1e-05, elementwise_affine=True)
        )
      )
    )
  )
  (projector): Linear(in_features=1024, out_features=256, bias=True)
  (classifier): Linear(in_features=256, out_features=7, bias=True)
)
08/14/2023 18:33:34 - DEBUG - __main__ -   Speech loaded. N_train=1584, N_eval=528. CPU mem usage: 6.10G.  Cuda 0: memory acclocated: 0 G.
08/14/2023 18:34:00 - DEBUG - __main__ -   Feature extracted. Duration: 0:00:25 CPU mem usage: 9.15G.  Cuda 0: memory acclocated: 0 G.
08/14/2023 18:34:00 - DEBUG - urllib3.connectionpool -   Starting new HTTPS connection (1): s3.amazonaws.com:443
08/14/2023 18:34:00 - DEBUG - urllib3.connectionpool -   https://s3.amazonaws.com:443 "HEAD /datasets.huggingface.co/datasets/metrics/evaluate-metric/precision/evaluate-metric/precision.py HTTP/1.1" 404 0
08/14/2023 18:34:00 - DEBUG - urllib3.connectionpool -   Starting new HTTPS connection (1): huggingface.co:443
08/14/2023 18:34:00 - DEBUG - urllib3.connectionpool -   https://huggingface.co:443 "HEAD /spaces/evaluate-metric/precision/resolve/v0.4.0/precision.py HTTP/1.1" 200 0
08/14/2023 18:34:00 - DEBUG - urllib3.connectionpool -   Starting new HTTPS connection (1): s3.amazonaws.com:443
08/14/2023 18:34:01 - DEBUG - urllib3.connectionpool -   https://s3.amazonaws.com:443 "HEAD /datasets.huggingface.co/datasets/metrics/evaluate-metric/recall/evaluate-metric/recall.py HTTP/1.1" 404 0
08/14/2023 18:34:01 - DEBUG - urllib3.connectionpool -   Starting new HTTPS connection (1): huggingface.co:443
08/14/2023 18:34:01 - DEBUG - urllib3.connectionpool -   https://huggingface.co:443 "HEAD /spaces/evaluate-metric/recall/resolve/v0.4.0/recall.py HTTP/1.1" 200 0
08/14/2023 18:34:01 - DEBUG - urllib3.connectionpool -   Starting new HTTPS connection (1): s3.amazonaws.com:443
08/14/2023 18:34:02 - DEBUG - urllib3.connectionpool -   https://s3.amazonaws.com:443 "HEAD /datasets.huggingface.co/datasets/metrics/evaluate-metric/f1/evaluate-metric/f1.py HTTP/1.1" 404 0
08/14/2023 18:34:02 - DEBUG - urllib3.connectionpool -   Starting new HTTPS connection (1): huggingface.co:443
08/14/2023 18:34:02 - DEBUG - urllib3.connectionpool -   https://huggingface.co:443 "HEAD /spaces/evaluate-metric/f1/resolve/v0.4.0/f1.py HTTP/1.1" 200 0
08/14/2023 18:34:02 - DEBUG - urllib3.connectionpool -   Starting new HTTPS connection (1): s3.amazonaws.com:443
08/14/2023 18:34:02 - DEBUG - urllib3.connectionpool -   https://s3.amazonaws.com:443 "HEAD /datasets.huggingface.co/datasets/metrics/evaluate-metric/spearmanr/evaluate-metric/spearmanr.py HTTP/1.1" 404 0
08/14/2023 18:34:02 - DEBUG - urllib3.connectionpool -   Starting new HTTPS connection (1): huggingface.co:443
08/14/2023 18:34:02 - DEBUG - urllib3.connectionpool -   https://huggingface.co:443 "HEAD /spaces/evaluate-metric/spearmanr/resolve/v0.4.0/spearmanr.py HTTP/1.1" 200 0
08/14/2023 18:34:05 - DEBUG - __main__ -   Training starts now. CPU mem usage: 8.56G.  Cuda 0: memory acclocated: 2 G.
08/14/2023 18:34:05 - DEBUG - helper.classes -   ----------- Starting epoch 1 -----------
{'loss': 1.7927, 'learning_rate': 1.893939393939394e-05, 'epoch': 0.63}
08/14/2023 18:54:33 - DEBUG - helper.classes -   Epoch 1.0 completed, Duration: 0:20:28 Mem usage: CPU mem usage: 9.67G.  Cuda 0: memory acclocated: 17 G.
08/14/2023 18:56:32 - DEBUG - fsspec.local -   open file: /home/lunt1/.cache/huggingface/metrics/precision/default/default_experiment-1-0.arrow
08/14/2023 18:56:32 - DEBUG - fsspec.local -   open file: /home/lunt1/.cache/huggingface/metrics/recall/default/default_experiment-1-0.arrow
08/14/2023 18:56:32 - DEBUG - fsspec.local -   open file: /home/lunt1/.cache/huggingface/metrics/f1/default/default_experiment-1-0.arrow
08/14/2023 18:56:32 - DEBUG - fsspec.local -   open file: /home/lunt1/.cache/huggingface/metrics/spearmanr/default/default_experiment-1-0.arrow
08/14/2023 18:56:33 - DEBUG - fsspec.local -   open file: /home/lunt1/.cache/huggingface/metrics/precision/default/default_experiment-1-0.arrow
08/14/2023 18:56:33 - DEBUG - fsspec.local -   open file: /home/lunt1/.cache/huggingface/metrics/recall/default/default_experiment-1-0.arrow
08/14/2023 18:56:33 - DEBUG - fsspec.local -   open file: /home/lunt1/.cache/huggingface/metrics/f1/default/default_experiment-1-0.arrow
{'eval_loss': 1.2845104932785034, 'eval_precision': 0.2524688040961961, 'eval_recall': 0.2987710853739562, 'eval_f1': 0.24213203354026072, 'eval_spearmanr': 0.7962803568362306, 'eval_precision_weighted': 0.3780592833248484, 'eval_recall_weighted': 0.45075757575757575, 'eval_f1_weighted': 0.36700627811407877, 'eval_runtime': 119.6921, 'eval_samples_per_second': 4.411, 'eval_steps_per_second': 2.206, 'epoch': 1.0}
08/14/2023 18:56:38 - DEBUG - helper.classes -   ----------- Starting epoch 2.0 -----------
{'loss': 1.3657, 'learning_rate': 2.9124579124579127e-05, 'epoch': 1.26}
{'loss': 1.283, 'learning_rate': 2.702020202020202e-05, 'epoch': 1.89}
08/14/2023 19:17:04 - DEBUG - helper.classes -   Epoch 2.0 completed, Duration: 0:20:25 Mem usage: CPU mem usage: 9.83G.  Cuda 0: memory acclocated: 17 G.
08/14/2023 19:19:03 - DEBUG - fsspec.local -   open file: /home/lunt1/.cache/huggingface/metrics/precision/default/default_experiment-1-0.arrow
08/14/2023 19:19:03 - DEBUG - fsspec.local -   open file: /home/lunt1/.cache/huggingface/metrics/recall/default/default_experiment-1-0.arrow
08/14/2023 19:19:03 - DEBUG - fsspec.local -   open file: /home/lunt1/.cache/huggingface/metrics/f1/default/default_experiment-1-0.arrow
08/14/2023 19:19:03 - DEBUG - fsspec.local -   open file: /home/lunt1/.cache/huggingface/metrics/spearmanr/default/default_experiment-1-0.arrow
08/14/2023 19:19:03 - DEBUG - fsspec.local -   open file: /home/lunt1/.cache/huggingface/metrics/precision/default/default_experiment-1-0.arrow
08/14/2023 19:19:03 - DEBUG - fsspec.local -   open file: /home/lunt1/.cache/huggingface/metrics/recall/default/default_experiment-1-0.arrow
08/14/2023 19:19:03 - DEBUG - fsspec.local -   open file: /home/lunt1/.cache/huggingface/metrics/f1/default/default_experiment-1-0.arrow
{'eval_loss': 1.260023832321167, 'eval_precision': 0.30031450693346934, 'eval_recall': 0.33100070020981925, 'eval_f1': 0.2849841080823074, 'eval_spearmanr': 0.8146326086126996, 'eval_precision_weighted': 0.41318749233315283, 'eval_recall_weighted': 0.4128787878787879, 'eval_f1_weighted': 0.38008322451286647, 'eval_runtime': 119.4488, 'eval_samples_per_second': 4.42, 'eval_steps_per_second': 2.21, 'epoch': 2.0}
08/14/2023 19:19:09 - DEBUG - helper.classes -   ----------- Starting epoch 3.0 -----------
{'loss': 1.2197, 'learning_rate': 2.4915824915824916e-05, 'epoch': 2.53}
08/14/2023 19:39:50 - DEBUG - helper.classes -   Epoch 3.0 completed, Duration: 0:20:40 Mem usage: CPU mem usage: 9.74G.  Cuda 0: memory acclocated: 17 G.
08/14/2023 19:41:49 - DEBUG - fsspec.local -   open file: /home/lunt1/.cache/huggingface/metrics/precision/default/default_experiment-1-0.arrow
08/14/2023 19:41:49 - DEBUG - fsspec.local -   open file: /home/lunt1/.cache/huggingface/metrics/recall/default/default_experiment-1-0.arrow
08/14/2023 19:41:49 - DEBUG - fsspec.local -   open file: /home/lunt1/.cache/huggingface/metrics/f1/default/default_experiment-1-0.arrow
08/14/2023 19:41:49 - DEBUG - fsspec.local -   open file: /home/lunt1/.cache/huggingface/metrics/spearmanr/default/default_experiment-1-0.arrow
08/14/2023 19:41:49 - DEBUG - fsspec.local -   open file: /home/lunt1/.cache/huggingface/metrics/precision/default/default_experiment-1-0.arrow
08/14/2023 19:41:49 - DEBUG - fsspec.local -   open file: /home/lunt1/.cache/huggingface/metrics/recall/default/default_experiment-1-0.arrow
08/14/2023 19:41:49 - DEBUG - fsspec.local -   open file: /home/lunt1/.cache/huggingface/metrics/f1/default/default_experiment-1-0.arrow
{'eval_loss': 1.232337474822998, 'eval_precision': 0.31420789440441393, 'eval_recall': 0.33389606453214665, 'eval_f1': 0.3191150953981892, 'eval_spearmanr': 0.8191289633856286, 'eval_precision_weighted': 0.43636097125276607, 'eval_recall_weighted': 0.45265151515151514, 'eval_f1_weighted': 0.4390008942060621, 'eval_runtime': 119.4599, 'eval_samples_per_second': 4.42, 'eval_steps_per_second': 2.21, 'epoch': 3.0}
08/14/2023 19:41:56 - DEBUG - helper.classes -   ----------- Starting epoch 4.0 -----------
{'loss': 1.1809, 'learning_rate': 2.2811447811447814e-05, 'epoch': 3.16}
{'loss': 1.1507, 'learning_rate': 2.0707070707070705e-05, 'epoch': 3.79}
08/14/2023 20:02:27 - DEBUG - helper.classes -   Epoch 4.0 completed, Duration: 0:20:31 Mem usage: CPU mem usage: 9.76G.  Cuda 0: memory acclocated: 17 G.
08/14/2023 20:04:27 - DEBUG - fsspec.local -   open file: /home/lunt1/.cache/huggingface/metrics/precision/default/default_experiment-1-0.arrow
08/14/2023 20:04:27 - DEBUG - fsspec.local -   open file: /home/lunt1/.cache/huggingface/metrics/recall/default/default_experiment-1-0.arrow
08/14/2023 20:04:27 - DEBUG - fsspec.local -   open file: /home/lunt1/.cache/huggingface/metrics/f1/default/default_experiment-1-0.arrow
08/14/2023 20:04:27 - DEBUG - fsspec.local -   open file: /home/lunt1/.cache/huggingface/metrics/spearmanr/default/default_experiment-1-0.arrow
08/14/2023 20:04:27 - DEBUG - fsspec.local -   open file: /home/lunt1/.cache/huggingface/metrics/precision/default/default_experiment-1-0.arrow
08/14/2023 20:04:27 - DEBUG - fsspec.local -   open file: /home/lunt1/.cache/huggingface/metrics/recall/default/default_experiment-1-0.arrow
08/14/2023 20:04:27 - DEBUG - fsspec.local -   open file: /home/lunt1/.cache/huggingface/metrics/f1/default/default_experiment-1-0.arrow
{'eval_loss': 1.3369863033294678, 'eval_precision': 0.3134839460736104, 'eval_recall': 0.3374588166313469, 'eval_f1': 0.3087150541049875, 'eval_spearmanr': 0.8245521456500191, 'eval_precision_weighted': 0.437093042300742, 'eval_recall_weighted': 0.4393939393939394, 'eval_f1_weighted': 0.4214590206941945, 'eval_runtime': 119.4841, 'eval_samples_per_second': 4.419, 'eval_steps_per_second': 2.209, 'epoch': 4.0}
08/14/2023 20:04:33 - DEBUG - helper.classes -   ----------- Starting epoch 5.0 -----------
{'loss': 1.081, 'learning_rate': 1.8602693602693603e-05, 'epoch': 4.42}
08/14/2023 20:24:30 - DEBUG - helper.classes -   Epoch 5.0 completed, Duration: 0:19:57 Mem usage: CPU mem usage: 9.75G.  Cuda 0: memory acclocated: 17 G.
08/14/2023 20:26:29 - DEBUG - fsspec.local -   open file: /home/lunt1/.cache/huggingface/metrics/precision/default/default_experiment-1-0.arrow
08/14/2023 20:26:29 - DEBUG - fsspec.local -   open file: /home/lunt1/.cache/huggingface/metrics/recall/default/default_experiment-1-0.arrow
08/14/2023 20:26:29 - DEBUG - fsspec.local -   open file: /home/lunt1/.cache/huggingface/metrics/f1/default/default_experiment-1-0.arrow
08/14/2023 20:26:29 - DEBUG - fsspec.local -   open file: /home/lunt1/.cache/huggingface/metrics/spearmanr/default/default_experiment-1-0.arrow
08/14/2023 20:26:29 - DEBUG - fsspec.local -   open file: /home/lunt1/.cache/huggingface/metrics/precision/default/default_experiment-1-0.arrow
08/14/2023 20:26:29 - DEBUG - fsspec.local -   open file: /home/lunt1/.cache/huggingface/metrics/recall/default/default_experiment-1-0.arrow
08/14/2023 20:26:29 - DEBUG - fsspec.local -   open file: /home/lunt1/.cache/huggingface/metrics/f1/default/default_experiment-1-0.arrow
{'eval_loss': 1.3496952056884766, 'eval_precision': 0.32297306154933036, 'eval_recall': 0.3400965860296004, 'eval_f1': 0.3277589688782993, 'eval_spearmanr': 0.8245169439906195, 'eval_precision_weighted': 0.4481253341418514, 'eval_recall_weighted': 0.4696969696969697, 'eval_f1_weighted': 0.4538114861677305, 'eval_runtime': 119.4819, 'eval_samples_per_second': 4.419, 'eval_steps_per_second': 2.21, 'epoch': 5.0}
08/14/2023 20:26:35 - DEBUG - helper.classes -   ----------- Starting epoch 6.0 -----------
{'loss': 1.0686, 'learning_rate': 1.64983164983165e-05, 'epoch': 5.05}
{'loss': 0.9744, 'learning_rate': 1.4393939393939394e-05, 'epoch': 5.68}
08/14/2023 20:46:59 - DEBUG - helper.classes -   Epoch 6.0 completed, Duration: 0:20:23 Mem usage: CPU mem usage: 9.76G.  Cuda 0: memory acclocated: 17 G.
08/14/2023 20:48:59 - DEBUG - fsspec.local -   open file: /home/lunt1/.cache/huggingface/metrics/precision/default/default_experiment-1-0.arrow
08/14/2023 20:48:59 - DEBUG - fsspec.local -   open file: /home/lunt1/.cache/huggingface/metrics/recall/default/default_experiment-1-0.arrow
08/14/2023 20:48:59 - DEBUG - fsspec.local -   open file: /home/lunt1/.cache/huggingface/metrics/f1/default/default_experiment-1-0.arrow
08/14/2023 20:48:59 - DEBUG - fsspec.local -   open file: /home/lunt1/.cache/huggingface/metrics/spearmanr/default/default_experiment-1-0.arrow
08/14/2023 20:48:59 - DEBUG - fsspec.local -   open file: /home/lunt1/.cache/huggingface/metrics/precision/default/default_experiment-1-0.arrow
08/14/2023 20:48:59 - DEBUG - fsspec.local -   open file: /home/lunt1/.cache/huggingface/metrics/recall/default/default_experiment-1-0.arrow
08/14/2023 20:48:59 - DEBUG - fsspec.local -   open file: /home/lunt1/.cache/huggingface/metrics/f1/default/default_experiment-1-0.arrow
{'eval_loss': 1.6791092157363892, 'eval_precision': 0.2949625942270982, 'eval_recall': 0.30909161904799387, 'eval_f1': 0.2989539089230266, 'eval_spearmanr': 0.8097098896516374, 'eval_precision_weighted': 0.41507453224144814, 'eval_recall_weighted': 0.4431818181818182, 'eval_f1_weighted': 0.425134881804869, 'eval_runtime': 119.585, 'eval_samples_per_second': 4.415, 'eval_steps_per_second': 2.208, 'epoch': 6.0}
08/14/2023 20:49:05 - DEBUG - helper.classes -   ----------- Starting epoch 7.0 -----------
{'loss': 0.9262, 'learning_rate': 1.228956228956229e-05, 'epoch': 6.31}
{'loss': 0.9408, 'learning_rate': 1.0185185185185186e-05, 'epoch': 6.94}
08/14/2023 21:09:46 - DEBUG - helper.classes -   Epoch 7.0 completed, Duration: 0:20:41 Mem usage: CPU mem usage: 9.80G.  Cuda 0: memory acclocated: 17 G.
08/14/2023 21:11:46 - DEBUG - fsspec.local -   open file: /home/lunt1/.cache/huggingface/metrics/precision/default/default_experiment-1-0.arrow
08/14/2023 21:11:46 - DEBUG - fsspec.local -   open file: /home/lunt1/.cache/huggingface/metrics/recall/default/default_experiment-1-0.arrow
08/14/2023 21:11:46 - DEBUG - fsspec.local -   open file: /home/lunt1/.cache/huggingface/metrics/f1/default/default_experiment-1-0.arrow
08/14/2023 21:11:46 - DEBUG - fsspec.local -   open file: /home/lunt1/.cache/huggingface/metrics/spearmanr/default/default_experiment-1-0.arrow
08/14/2023 21:11:46 - DEBUG - fsspec.local -   open file: /home/lunt1/.cache/huggingface/metrics/precision/default/default_experiment-1-0.arrow
08/14/2023 21:11:46 - DEBUG - fsspec.local -   open file: /home/lunt1/.cache/huggingface/metrics/recall/default/default_experiment-1-0.arrow
08/14/2023 21:11:46 - DEBUG - fsspec.local -   open file: /home/lunt1/.cache/huggingface/metrics/f1/default/default_experiment-1-0.arrow
{'eval_loss': 1.8286086320877075, 'eval_precision': 0.32463842828318396, 'eval_recall': 0.3441084832233158, 'eval_f1': 0.3333252699323346, 'eval_spearmanr': 0.8188815635704497, 'eval_precision_weighted': 0.45108374975470655, 'eval_recall_weighted': 0.4753787878787879, 'eval_f1_weighted': 0.4619273635364155, 'eval_runtime': 119.2341, 'eval_samples_per_second': 4.428, 'eval_steps_per_second': 2.214, 'epoch': 7.0}
08/14/2023 21:11:52 - DEBUG - helper.classes -   ----------- Starting epoch 8.0 -----------
{'loss': 0.8913, 'learning_rate': 8.08080808080808e-06, 'epoch': 7.58}
08/14/2023 21:32:14 - DEBUG - helper.classes -   Epoch 8.0 completed, Duration: 0:20:22 Mem usage: CPU mem usage: 9.79G.  Cuda 0: memory acclocated: 17 G.
08/14/2023 21:34:13 - DEBUG - fsspec.local -   open file: /home/lunt1/.cache/huggingface/metrics/precision/default/default_experiment-1-0.arrow
08/14/2023 21:34:13 - DEBUG - fsspec.local -   open file: /home/lunt1/.cache/huggingface/metrics/recall/default/default_experiment-1-0.arrow
08/14/2023 21:34:13 - DEBUG - fsspec.local -   open file: /home/lunt1/.cache/huggingface/metrics/f1/default/default_experiment-1-0.arrow
08/14/2023 21:34:13 - DEBUG - fsspec.local -   open file: /home/lunt1/.cache/huggingface/metrics/spearmanr/default/default_experiment-1-0.arrow
08/14/2023 21:34:13 - DEBUG - fsspec.local -   open file: /home/lunt1/.cache/huggingface/metrics/precision/default/default_experiment-1-0.arrow
08/14/2023 21:34:13 - DEBUG - fsspec.local -   open file: /home/lunt1/.cache/huggingface/metrics/recall/default/default_experiment-1-0.arrow
08/14/2023 21:34:13 - DEBUG - fsspec.local -   open file: /home/lunt1/.cache/huggingface/metrics/f1/default/default_experiment-1-0.arrow
{'eval_loss': 2.0414586067199707, 'eval_precision': 0.31356614515065323, 'eval_recall': 0.3249616131124715, 'eval_f1': 0.31587322559379205, 'eval_spearmanr': 0.8082861296346766, 'eval_precision_weighted': 0.4369274329817834, 'eval_recall_weighted': 0.45265151515151514, 'eval_f1_weighted': 0.43979714161519756, 'eval_runtime': 119.1948, 'eval_samples_per_second': 4.43, 'eval_steps_per_second': 2.215, 'epoch': 8.0}
08/14/2023 21:34:19 - DEBUG - helper.classes -   ----------- Starting epoch 9.0 -----------
{'loss': 0.782, 'learning_rate': 5.976430976430977e-06, 'epoch': 8.21}
{'loss': 0.8159, 'learning_rate': 3.872053872053872e-06, 'epoch': 8.84}
08/14/2023 21:55:16 - DEBUG - helper.classes -   Epoch 9.0 completed, Duration: 0:20:57 Mem usage: CPU mem usage: 9.79G.  Cuda 0: memory acclocated: 17 G.
08/14/2023 21:57:16 - DEBUG - fsspec.local -   open file: /home/lunt1/.cache/huggingface/metrics/precision/default/default_experiment-1-0.arrow
08/14/2023 21:57:16 - DEBUG - fsspec.local -   open file: /home/lunt1/.cache/huggingface/metrics/recall/default/default_experiment-1-0.arrow
08/14/2023 21:57:16 - DEBUG - fsspec.local -   open file: /home/lunt1/.cache/huggingface/metrics/f1/default/default_experiment-1-0.arrow
08/14/2023 21:57:16 - DEBUG - fsspec.local -   open file: /home/lunt1/.cache/huggingface/metrics/spearmanr/default/default_experiment-1-0.arrow
08/14/2023 21:57:16 - DEBUG - fsspec.local -   open file: /home/lunt1/.cache/huggingface/metrics/precision/default/default_experiment-1-0.arrow
08/14/2023 21:57:16 - DEBUG - fsspec.local -   open file: /home/lunt1/.cache/huggingface/metrics/recall/default/default_experiment-1-0.arrow
08/14/2023 21:57:16 - DEBUG - fsspec.local -   open file: /home/lunt1/.cache/huggingface/metrics/f1/default/default_experiment-1-0.arrow
{'eval_loss': 2.260503053665161, 'eval_precision': 0.316662465700976, 'eval_recall': 0.3313651659345439, 'eval_f1': 0.32205056474218186, 'eval_spearmanr': 0.8037732279235876, 'eval_precision_weighted': 0.44089233856791743, 'eval_recall_weighted': 0.4564393939393939, 'eval_f1_weighted': 0.44603880534016044, 'eval_runtime': 119.2984, 'eval_samples_per_second': 4.426, 'eval_steps_per_second': 2.213, 'epoch': 9.0}
08/14/2023 21:57:23 - DEBUG - helper.classes -   ----------- Starting epoch 10.0 -----------
{'loss': 0.8393, 'learning_rate': 1.7676767676767678e-06, 'epoch': 9.47}
08/14/2023 22:18:25 - DEBUG - helper.classes -   Epoch 10.0 completed, Duration: 0:21:01 Mem usage: CPU mem usage: 9.79G.  Cuda 0: memory acclocated: 17 G.
08/14/2023 22:20:25 - DEBUG - fsspec.local -   open file: /home/lunt1/.cache/huggingface/metrics/precision/default/default_experiment-1-0.arrow
08/14/2023 22:20:25 - DEBUG - fsspec.local -   open file: /home/lunt1/.cache/huggingface/metrics/recall/default/default_experiment-1-0.arrow
08/14/2023 22:20:25 - DEBUG - fsspec.local -   open file: /home/lunt1/.cache/huggingface/metrics/f1/default/default_experiment-1-0.arrow
08/14/2023 22:20:25 - DEBUG - fsspec.local -   open file: /home/lunt1/.cache/huggingface/metrics/spearmanr/default/default_experiment-1-0.arrow
08/14/2023 22:20:25 - DEBUG - fsspec.local -   open file: /home/lunt1/.cache/huggingface/metrics/precision/default/default_experiment-1-0.arrow
08/14/2023 22:20:25 - DEBUG - fsspec.local -   open file: /home/lunt1/.cache/huggingface/metrics/recall/default/default_experiment-1-0.arrow
08/14/2023 22:20:25 - DEBUG - fsspec.local -   open file: /home/lunt1/.cache/huggingface/metrics/f1/default/default_experiment-1-0.arrow
{'eval_loss': 2.3100924491882324, 'eval_precision': 0.3173572352773913, 'eval_recall': 0.33418288485133407, 'eval_f1': 0.32308955829409636, 'eval_spearmanr': 0.8089599514100906, 'eval_precision_weighted': 0.44017528760730656, 'eval_recall_weighted': 0.45454545454545453, 'eval_f1_weighted': 0.4443242061605105, 'eval_runtime': 119.4606, 'eval_samples_per_second': 4.42, 'eval_steps_per_second': 2.21, 'epoch': 10.0}
{'train_runtime': 13591.865, 'train_samples_per_second': 1.165, 'train_steps_per_second': 0.583, 'train_loss': 1.070017396560823, 'epoch': 10.0}
08/14/2023 22:20:37 - INFO - __main__ -   Training completed. Duration: 3:46:32
08/14/2023 22:22:36 - DEBUG - fsspec.local -   open file: /home/lunt1/.cache/huggingface/metrics/precision/default/default_experiment-1-0.arrow
08/14/2023 22:22:36 - DEBUG - fsspec.local -   open file: /home/lunt1/.cache/huggingface/metrics/recall/default/default_experiment-1-0.arrow
08/14/2023 22:22:36 - DEBUG - fsspec.local -   open file: /home/lunt1/.cache/huggingface/metrics/f1/default/default_experiment-1-0.arrow
08/14/2023 22:22:36 - DEBUG - fsspec.local -   open file: /home/lunt1/.cache/huggingface/metrics/spearmanr/default/default_experiment-1-0.arrow
08/14/2023 22:22:36 - DEBUG - fsspec.local -   open file: /home/lunt1/.cache/huggingface/metrics/precision/default/default_experiment-1-0.arrow
08/14/2023 22:22:36 - DEBUG - fsspec.local -   open file: /home/lunt1/.cache/huggingface/metrics/recall/default/default_experiment-1-0.arrow
08/14/2023 22:22:36 - DEBUG - fsspec.local -   open file: /home/lunt1/.cache/huggingface/metrics/f1/default/default_experiment-1-0.arrow
08/14/2023 22:22:36 - DEBUG - fsspec.local -   open file: /home/lunt1/.cache/huggingface/metrics/precision/default/default_experiment-1-0.arrow
08/14/2023 22:22:36 - DEBUG - fsspec.local -   open file: /home/lunt1/.cache/huggingface/metrics/recall/default/default_experiment-1-0.arrow
08/14/2023 22:22:36 - DEBUG - fsspec.local -   open file: /home/lunt1/.cache/huggingface/metrics/f1/default/default_experiment-1-0.arrow
08/14/2023 22:22:36 - DEBUG - fsspec.local -   open file: /home/lunt1/.cache/huggingface/metrics/spearmanr/default/default_experiment-1-0.arrow
08/14/2023 22:22:36 - DEBUG - fsspec.local -   open file: /home/lunt1/.cache/huggingface/metrics/precision/default/default_experiment-1-0.arrow
08/14/2023 22:22:36 - DEBUG - fsspec.local -   open file: /home/lunt1/.cache/huggingface/metrics/recall/default/default_experiment-1-0.arrow
08/14/2023 22:22:36 - DEBUG - fsspec.local -   open file: /home/lunt1/.cache/huggingface/metrics/f1/default/default_experiment-1-0.arrow
08/14/2023 22:22:36 - DEBUG - __main__ -   label: 5
08/14/2023 22:22:36 - DEBUG - __main__ -   pred: 5
08/14/2023 22:22:36 - DEBUG - __main__ -   label: 3
08/14/2023 22:22:36 - DEBUG - __main__ -   pred: 4
08/14/2023 22:22:36 - DEBUG - __main__ -   label: 5
08/14/2023 22:22:36 - DEBUG - __main__ -   pred: 4
08/14/2023 22:22:36 - DEBUG - __main__ -   label: 3
08/14/2023 22:22:36 - DEBUG - __main__ -   pred: 3
08/14/2023 22:22:36 - DEBUG - __main__ -   label: 4
08/14/2023 22:22:36 - DEBUG - __main__ -   pred: 5
08/14/2023 22:22:36 - DEBUG - __main__ -   label: 4
08/14/2023 22:22:36 - DEBUG - __main__ -   pred: 3
08/14/2023 22:22:36 - DEBUG - __main__ -   label: 6
08/14/2023 22:22:36 - DEBUG - __main__ -   pred: 4
08/14/2023 22:22:36 - DEBUG - __main__ -   label: 3
08/14/2023 22:22:36 - DEBUG - __main__ -   pred: 3
08/14/2023 22:22:36 - DEBUG - __main__ -   label: 4
08/14/2023 22:22:36 - DEBUG - __main__ -   pred: 3
08/14/2023 22:22:36 - DEBUG - __main__ -   label: 4
08/14/2023 22:22:36 - DEBUG - __main__ -   pred: 4
08/14/2023 22:22:36 - DEBUG - __main__ -   label: 4
08/14/2023 22:22:36 - DEBUG - __main__ -   pred: 4
08/14/2023 22:22:36 - DEBUG - __main__ -   label: 3
08/14/2023 22:22:36 - DEBUG - __main__ -   pred: 3
08/14/2023 22:22:36 - DEBUG - __main__ -   label: 5
08/14/2023 22:22:36 - DEBUG - __main__ -   pred: 3
08/14/2023 22:22:36 - DEBUG - __main__ -   label: 3
08/14/2023 22:22:36 - DEBUG - __main__ -   pred: 5
08/14/2023 22:22:36 - DEBUG - __main__ -   label: 2
08/14/2023 22:22:36 - DEBUG - __main__ -   pred: 2
08/14/2023 22:22:36 - DEBUG - __main__ -   label: 3
08/14/2023 22:22:36 - DEBUG - __main__ -   pred: 3
08/14/2023 22:22:36 - DEBUG - __main__ -   label: 6
08/14/2023 22:22:36 - DEBUG - __main__ -   pred: 5
08/14/2023 22:22:36 - DEBUG - __main__ -   label: 6
08/14/2023 22:22:36 - DEBUG - __main__ -   pred: 5
08/14/2023 22:22:36 - DEBUG - __main__ -   label: 3
08/14/2023 22:22:36 - DEBUG - __main__ -   pred: 3
08/14/2023 22:22:36 - DEBUG - __main__ -   label: 6
08/14/2023 22:22:36 - DEBUG - __main__ -   pred: 4
08/14/2023 22:22:36 - DEBUG - __main__ -   label: 5
08/14/2023 22:22:36 - DEBUG - __main__ -   pred: 5
08/14/2023 22:22:36 - DEBUG - __main__ -   label: 2
08/14/2023 22:22:36 - DEBUG - __main__ -   pred: 2
08/14/2023 22:22:36 - DEBUG - __main__ -   label: 6
08/14/2023 22:22:36 - DEBUG - __main__ -   pred: 4
08/14/2023 22:22:36 - DEBUG - __main__ -   label: 5
08/14/2023 22:22:36 - DEBUG - __main__ -   pred: 3
08/14/2023 22:22:36 - DEBUG - __main__ -   label: 5
08/14/2023 22:22:36 - DEBUG - __main__ -   pred: 3
08/14/2023 22:22:36 - DEBUG - __main__ -   label: 4
08/14/2023 22:22:36 - DEBUG - __main__ -   pred: 3
08/14/2023 22:22:36 - DEBUG - __main__ -   label: 5
08/14/2023 22:22:36 - DEBUG - __main__ -   pred: 2
08/14/2023 22:22:36 - DEBUG - __main__ -   label: 3
08/14/2023 22:22:36 - DEBUG - __main__ -   pred: 3
08/14/2023 22:22:36 - DEBUG - __main__ -   label: 4
08/14/2023 22:22:36 - DEBUG - __main__ -   pred: 3
08/14/2023 22:22:36 - DEBUG - __main__ -   label: 4
08/14/2023 22:22:36 - DEBUG - __main__ -   pred: 3
08/14/2023 22:22:36 - DEBUG - __main__ -   label: 5
08/14/2023 22:22:36 - DEBUG - __main__ -   pred: 4
08/14/2023 22:22:36 - DEBUG - __main__ -   label: 4
08/14/2023 22:22:36 - DEBUG - __main__ -   pred: 4
08/14/2023 22:22:36 - DEBUG - __main__ -   label: 6
08/14/2023 22:22:36 - DEBUG - __main__ -   pred: 5
08/14/2023 22:22:36 - DEBUG - __main__ -   label: 6
08/14/2023 22:22:36 - DEBUG - __main__ -   pred: 4
08/14/2023 22:22:36 - DEBUG - __main__ -   label: 2
08/14/2023 22:22:36 - DEBUG - __main__ -   pred: 3
08/14/2023 22:22:36 - DEBUG - __main__ -   label: 3
08/14/2023 22:22:36 - DEBUG - __main__ -   pred: 3
08/14/2023 22:22:36 - DEBUG - __main__ -   label: 5
08/14/2023 22:22:36 - DEBUG - __main__ -   pred: 4
08/14/2023 22:22:36 - DEBUG - __main__ -   label: 5
08/14/2023 22:22:36 - DEBUG - __main__ -   pred: 4
08/14/2023 22:22:36 - DEBUG - __main__ -   label: 6
08/14/2023 22:22:36 - DEBUG - __main__ -   pred: 5
08/14/2023 22:22:36 - DEBUG - __main__ -   label: 4
08/14/2023 22:22:36 - DEBUG - __main__ -   pred: 5
08/14/2023 22:22:36 - DEBUG - __main__ -   label: 3
08/14/2023 22:22:36 - DEBUG - __main__ -   pred: 3
08/14/2023 22:22:36 - DEBUG - __main__ -   label: 4
08/14/2023 22:22:36 - DEBUG - __main__ -   pred: 3
08/14/2023 22:22:36 - DEBUG - __main__ -   label: 1
08/14/2023 22:22:36 - DEBUG - __main__ -   pred: 2
08/14/2023 22:22:36 - DEBUG - __main__ -   label: 4
08/14/2023 22:22:36 - DEBUG - __main__ -   pred: 3
08/14/2023 22:22:36 - DEBUG - __main__ -   label: 5
08/14/2023 22:22:36 - DEBUG - __main__ -   pred: 4
08/14/2023 22:22:36 - DEBUG - __main__ -   label: 2
08/14/2023 22:22:36 - DEBUG - __main__ -   pred: 2
08/14/2023 22:22:36 - DEBUG - __main__ -   label: 4
08/14/2023 22:22:36 - DEBUG - __main__ -   pred: 3
08/14/2023 22:22:36 - DEBUG - __main__ -   label: 4
08/14/2023 22:22:36 - DEBUG - __main__ -   pred: 4
08/14/2023 22:22:36 - DEBUG - __main__ -   label: 4
08/14/2023 22:22:36 - DEBUG - __main__ -   pred: 5
08/14/2023 22:22:36 - DEBUG - __main__ -   label: 5
08/14/2023 22:22:36 - DEBUG - __main__ -   pred: 4
08/14/2023 22:22:36 - DEBUG - __main__ -   label: 4
08/14/2023 22:22:36 - DEBUG - __main__ -   pred: 4
08/14/2023 22:22:36 - DEBUG - __main__ -   label: 5
08/14/2023 22:22:36 - DEBUG - __main__ -   pred: 4
08/14/2023 22:22:36 - DEBUG - __main__ -   label: 3
08/14/2023 22:22:36 - DEBUG - __main__ -   pred: 4
08/14/2023 22:22:36 - DEBUG - __main__ -   label: 4
08/14/2023 22:22:36 - DEBUG - __main__ -   pred: 4
08/14/2023 22:22:36 - DEBUG - __main__ -   label: 4
08/14/2023 22:22:36 - DEBUG - __main__ -   pred: 3
08/14/2023 22:22:36 - DEBUG - __main__ -   label: 4
08/14/2023 22:22:36 - DEBUG - __main__ -   pred: 2
08/14/2023 22:22:36 - DEBUG - __main__ -   label: 4
08/14/2023 22:22:36 - DEBUG - __main__ -   pred: 5
08/14/2023 22:22:36 - DEBUG - __main__ -   label: 5
08/14/2023 22:22:36 - DEBUG - __main__ -   pred: 5
08/14/2023 22:22:36 - DEBUG - __main__ -   label: 4
08/14/2023 22:22:36 - DEBUG - __main__ -   pred: 4
08/14/2023 22:22:36 - DEBUG - __main__ -   label: 3
08/14/2023 22:22:36 - DEBUG - __main__ -   pred: 3
08/14/2023 22:22:36 - DEBUG - __main__ -   label: 4
08/14/2023 22:22:36 - DEBUG - __main__ -   pred: 4
08/14/2023 22:22:36 - DEBUG - __main__ -   label: 3
08/14/2023 22:22:36 - DEBUG - __main__ -   pred: 3
08/14/2023 22:22:36 - DEBUG - __main__ -   label: 3
08/14/2023 22:22:36 - DEBUG - __main__ -   pred: 3
08/14/2023 22:22:36 - DEBUG - __main__ -   label: 3
08/14/2023 22:22:36 - DEBUG - __main__ -   pred: 3
08/14/2023 22:22:36 - DEBUG - __main__ -   label: 2
08/14/2023 22:22:36 - DEBUG - __main__ -   pred: 3
08/14/2023 22:22:36 - DEBUG - __main__ -   label: 3
08/14/2023 22:22:36 - DEBUG - __main__ -   pred: 3
08/14/2023 22:22:36 - DEBUG - __main__ -   label: 6
08/14/2023 22:22:36 - DEBUG - __main__ -   pred: 5
08/14/2023 22:22:36 - DEBUG - __main__ -   label: 4
08/14/2023 22:22:36 - DEBUG - __main__ -   pred: 5
08/14/2023 22:22:36 - DEBUG - __main__ -   label: 4
08/14/2023 22:22:36 - DEBUG - __main__ -   pred: 3
08/14/2023 22:22:36 - DEBUG - __main__ -   label: 6
08/14/2023 22:22:36 - DEBUG - __main__ -   pred: 5
08/14/2023 22:22:36 - DEBUG - __main__ -   label: 4
08/14/2023 22:22:36 - DEBUG - __main__ -   pred: 4
08/14/2023 22:22:36 - DEBUG - __main__ -   label: 3
08/14/2023 22:22:36 - DEBUG - __main__ -   pred: 3
08/14/2023 22:22:36 - DEBUG - __main__ -   label: 4
08/14/2023 22:22:36 - DEBUG - __main__ -   pred: 3
08/14/2023 22:22:36 - DEBUG - __main__ -   label: 3
08/14/2023 22:22:36 - DEBUG - __main__ -   pred: 3
08/14/2023 22:22:36 - DEBUG - __main__ -   label: 3
08/14/2023 22:22:36 - DEBUG - __main__ -   pred: 5
08/14/2023 22:22:36 - DEBUG - __main__ -   label: 3
08/14/2023 22:22:36 - DEBUG - __main__ -   pred: 3
08/14/2023 22:22:36 - DEBUG - __main__ -   label: 5
08/14/2023 22:22:36 - DEBUG - __main__ -   pred: 3
08/14/2023 22:22:36 - DEBUG - __main__ -   label: 5
08/14/2023 22:22:36 - DEBUG - __main__ -   pred: 5
08/14/2023 22:22:36 - DEBUG - __main__ -   label: 3
08/14/2023 22:22:36 - DEBUG - __main__ -   pred: 2
08/14/2023 22:22:36 - DEBUG - __main__ -   label: 6
08/14/2023 22:22:36 - DEBUG - __main__ -   pred: 4
08/14/2023 22:22:36 - DEBUG - __main__ -   label: 3
08/14/2023 22:22:36 - DEBUG - __main__ -   pred: 4
08/14/2023 22:22:36 - DEBUG - __main__ -   label: 5
08/14/2023 22:22:36 - DEBUG - __main__ -   pred: 5
08/14/2023 22:22:36 - DEBUG - __main__ -   label: 4
08/14/2023 22:22:36 - DEBUG - __main__ -   pred: 4
08/14/2023 22:22:36 - DEBUG - __main__ -   label: 1
08/14/2023 22:22:36 - DEBUG - __main__ -   pred: 2
08/14/2023 22:22:36 - DEBUG - __main__ -   label: 4
08/14/2023 22:22:36 - DEBUG - __main__ -   pred: 5
08/14/2023 22:22:36 - DEBUG - __main__ -   label: 5
08/14/2023 22:22:36 - DEBUG - __main__ -   pred: 5
08/14/2023 22:22:36 - DEBUG - __main__ -   label: 6
08/14/2023 22:22:36 - DEBUG - __main__ -   pred: 5
08/14/2023 22:22:36 - DEBUG - __main__ -   label: 3
08/14/2023 22:22:36 - DEBUG - __main__ -   pred: 3
08/14/2023 22:22:36 - DEBUG - __main__ -   label: 3
08/14/2023 22:22:36 - DEBUG - __main__ -   pred: 3
08/14/2023 22:22:36 - DEBUG - __main__ -   label: 4
08/14/2023 22:22:36 - DEBUG - __main__ -   pred: 3
08/14/2023 22:22:36 - DEBUG - __main__ -   label: 2
08/14/2023 22:22:36 - DEBUG - __main__ -   pred: 2
08/14/2023 22:22:36 - DEBUG - __main__ -   label: 4
08/14/2023 22:22:36 - DEBUG - __main__ -   pred: 3
08/14/2023 22:22:36 - DEBUG - __main__ -   label: 3
08/14/2023 22:22:36 - DEBUG - __main__ -   pred: 3
08/14/2023 22:22:36 - DEBUG - __main__ -   label: 3
08/14/2023 22:22:36 - DEBUG - __main__ -   pred: 2
08/14/2023 22:22:36 - DEBUG - __main__ -   label: 2
08/14/2023 22:22:36 - DEBUG - __main__ -   pred: 3
08/14/2023 22:22:36 - DEBUG - __main__ -   label: 3
08/14/2023 22:22:36 - DEBUG - __main__ -   pred: 4
08/14/2023 22:22:36 - DEBUG - __main__ -   label: 4
08/14/2023 22:22:36 - DEBUG - __main__ -   pred: 4
08/14/2023 22:22:36 - DEBUG - __main__ -   label: 4
08/14/2023 22:22:36 - DEBUG - __main__ -   pred: 5
08/14/2023 22:22:36 - DEBUG - __main__ -   label: 3
08/14/2023 22:22:36 - DEBUG - __main__ -   pred: 3
08/14/2023 22:22:36 - DEBUG - __main__ -   label: 4
08/14/2023 22:22:36 - DEBUG - __main__ -   pred: 5
08/14/2023 22:22:36 - DEBUG - __main__ -   label: 4
08/14/2023 22:22:36 - DEBUG - __main__ -   pred: 4
08/14/2023 22:22:36 - DEBUG - __main__ -   label: 5
08/14/2023 22:22:36 - DEBUG - __main__ -   pred: 4
08/14/2023 22:22:36 - DEBUG - __main__ -   label: 4
08/14/2023 22:22:36 - DEBUG - __main__ -   pred: 4
08/14/2023 22:22:36 - DEBUG - __main__ -   label: 3
08/14/2023 22:22:36 - DEBUG - __main__ -   pred: 4
08/14/2023 22:22:36 - DEBUG - __main__ -   label: 4
08/14/2023 22:22:36 - DEBUG - __main__ -   pred: 4
08/14/2023 22:22:36 - DEBUG - __main__ -   label: 6
08/14/2023 22:22:36 - DEBUG - __main__ -   pred: 5
08/14/2023 22:22:36 - DEBUG - __main__ -   label: 5
08/14/2023 22:22:36 - DEBUG - __main__ -   pred: 5
08/14/2023 22:22:36 - DEBUG - __main__ -   label: 6
08/14/2023 22:22:36 - DEBUG - __main__ -   pred: 5
08/14/2023 22:22:36 - DEBUG - __main__ -   label: 3
08/14/2023 22:22:36 - DEBUG - __main__ -   pred: 3
08/14/2023 22:22:36 - DEBUG - __main__ -   label: 4
08/14/2023 22:22:36 - DEBUG - __main__ -   pred: 3
08/14/2023 22:22:36 - DEBUG - __main__ -   label: 4
08/14/2023 22:22:36 - DEBUG - __main__ -   pred: 2
08/14/2023 22:22:36 - DEBUG - __main__ -   label: 3
08/14/2023 22:22:36 - DEBUG - __main__ -   pred: 2
08/14/2023 22:22:36 - DEBUG - __main__ -   label: 2
08/14/2023 22:22:36 - DEBUG - __main__ -   pred: 2
08/14/2023 22:22:36 - DEBUG - __main__ -   label: 3
08/14/2023 22:22:36 - DEBUG - __main__ -   pred: 4
08/14/2023 22:22:36 - DEBUG - __main__ -   label: 2
08/14/2023 22:22:36 - DEBUG - __main__ -   pred: 3
08/14/2023 22:22:36 - DEBUG - __main__ -   label: 3
08/14/2023 22:22:36 - DEBUG - __main__ -   pred: 3
08/14/2023 22:22:36 - DEBUG - __main__ -   label: 1
08/14/2023 22:22:36 - DEBUG - __main__ -   pred: 2
08/14/2023 22:22:36 - DEBUG - __main__ -   label: 2
08/14/2023 22:22:36 - DEBUG - __main__ -   pred: 2
08/14/2023 22:22:36 - DEBUG - __main__ -   label: 1
08/14/2023 22:22:36 - DEBUG - __main__ -   pred: 1
08/14/2023 22:22:36 - DEBUG - __main__ -   label: 1
08/14/2023 22:22:36 - DEBUG - __main__ -   pred: 1
08/14/2023 22:22:36 - DEBUG - __main__ -   label: 2
08/14/2023 22:22:36 - DEBUG - __main__ -   pred: 2
08/14/2023 22:22:36 - DEBUG - __main__ -   label: 2
08/14/2023 22:22:36 - DEBUG - __main__ -   pred: 2
08/14/2023 22:22:36 - DEBUG - __main__ -   label: 1
08/14/2023 22:22:36 - DEBUG - __main__ -   pred: 2
08/14/2023 22:22:36 - DEBUG - __main__ -   label: 0
08/14/2023 22:22:36 - DEBUG - __main__ -   pred: 1
08/14/2023 22:22:36 - DEBUG - __main__ -   label: 2
08/14/2023 22:22:36 - DEBUG - __main__ -   pred: 3
08/14/2023 22:22:36 - DEBUG - __main__ -   label: 1
08/14/2023 22:22:36 - DEBUG - __main__ -   pred: 1
08/14/2023 22:22:36 - DEBUG - __main__ -   label: 1
08/14/2023 22:22:36 - DEBUG - __main__ -   pred: 1
08/14/2023 22:22:36 - DEBUG - __main__ -   label: 1
08/14/2023 22:22:36 - DEBUG - __main__ -   pred: 1
08/14/2023 22:22:36 - DEBUG - __main__ -   label: 2
08/14/2023 22:22:36 - DEBUG - __main__ -   pred: 2
08/14/2023 22:22:36 - DEBUG - __main__ -   label: 1
08/14/2023 22:22:36 - DEBUG - __main__ -   pred: 1
08/14/2023 22:22:36 - DEBUG - __main__ -   label: 2
08/14/2023 22:22:36 - DEBUG - __main__ -   pred: 2
08/14/2023 22:22:36 - DEBUG - __main__ -   label: 1
08/14/2023 22:22:36 - DEBUG - __main__ -   pred: 2
08/14/2023 22:22:36 - DEBUG - __main__ -   label: 1
08/14/2023 22:22:36 - DEBUG - __main__ -   pred: 1
08/14/2023 22:22:36 - DEBUG - __main__ -   label: 1
08/14/2023 22:22:36 - DEBUG - __main__ -   pred: 1
08/14/2023 22:22:36 - DEBUG - __main__ -   label: 1
08/14/2023 22:22:36 - DEBUG - __main__ -   pred: 2
08/14/2023 22:22:36 - DEBUG - __main__ -   label: 1
08/14/2023 22:22:36 - DEBUG - __main__ -   pred: 1
08/14/2023 22:22:36 - DEBUG - __main__ -   label: 1
08/14/2023 22:22:36 - DEBUG - __main__ -   pred: 1
08/14/2023 22:22:36 - DEBUG - __main__ -   label: 1
08/14/2023 22:22:36 - DEBUG - __main__ -   pred: 1
08/14/2023 22:22:36 - DEBUG - __main__ -   label: 1
08/14/2023 22:22:36 - DEBUG - __main__ -   pred: 1
08/14/2023 22:22:36 - DEBUG - __main__ -   label: 1
08/14/2023 22:22:36 - DEBUG - __main__ -   pred: 1
08/14/2023 22:22:36 - DEBUG - __main__ -   label: 2
08/14/2023 22:22:36 - DEBUG - __main__ -   pred: 1
08/14/2023 22:22:36 - DEBUG - __main__ -   label: 2
08/14/2023 22:22:36 - DEBUG - __main__ -   pred: 2
08/14/2023 22:22:36 - DEBUG - __main__ -   label: 1
08/14/2023 22:22:36 - DEBUG - __main__ -   pred: 1
08/14/2023 22:22:36 - DEBUG - __main__ -   label: 2
08/14/2023 22:22:36 - DEBUG - __main__ -   pred: 2
08/14/2023 22:22:36 - DEBUG - __main__ -   label: 1
08/14/2023 22:22:36 - DEBUG - __main__ -   pred: 1
08/14/2023 22:22:36 - DEBUG - __main__ -   label: 2
08/14/2023 22:22:36 - DEBUG - __main__ -   pred: 2
08/14/2023 22:22:36 - DEBUG - __main__ -   label: 2
08/14/2023 22:22:36 - DEBUG - __main__ -   pred: 2
08/14/2023 22:22:36 - DEBUG - __main__ -   label: 2
08/14/2023 22:22:36 - DEBUG - __main__ -   pred: 2
08/14/2023 22:22:36 - DEBUG - __main__ -   label: 4
08/14/2023 22:22:36 - DEBUG - __main__ -   pred: 3
08/14/2023 22:22:36 - DEBUG - __main__ -   label: 5
08/14/2023 22:22:36 - DEBUG - __main__ -   pred: 5
08/14/2023 22:22:36 - DEBUG - __main__ -   label: 4
08/14/2023 22:22:36 - DEBUG - __main__ -   pred: 4
08/14/2023 22:22:36 - DEBUG - __main__ -   label: 4
08/14/2023 22:22:36 - DEBUG - __main__ -   pred: 5
08/14/2023 22:22:36 - DEBUG - __main__ -   label: 4
08/14/2023 22:22:36 - DEBUG - __main__ -   pred: 5
08/14/2023 22:22:36 - DEBUG - __main__ -   label: 1
08/14/2023 22:22:36 - DEBUG - __main__ -   pred: 1
08/14/2023 22:22:36 - DEBUG - __main__ -   label: 4
08/14/2023 22:22:36 - DEBUG - __main__ -   pred: 4
08/14/2023 22:22:36 - DEBUG - __main__ -   label: 4
08/14/2023 22:22:36 - DEBUG - __main__ -   pred: 3
08/14/2023 22:22:36 - DEBUG - __main__ -   label: 6
08/14/2023 22:22:36 - DEBUG - __main__ -   pred: 5
08/14/2023 22:22:36 - DEBUG - __main__ -   label: 6
08/14/2023 22:22:36 - DEBUG - __main__ -   pred: 4
08/14/2023 22:22:36 - DEBUG - __main__ -   label: 5
08/14/2023 22:22:36 - DEBUG - __main__ -   pred: 3
08/14/2023 22:22:36 - DEBUG - __main__ -   label: 4
08/14/2023 22:22:36 - DEBUG - __main__ -   pred: 3
08/14/2023 22:22:36 - DEBUG - __main__ -   label: 2
08/14/2023 22:22:36 - DEBUG - __main__ -   pred: 2
08/14/2023 22:22:36 - DEBUG - __main__ -   label: 2
08/14/2023 22:22:36 - DEBUG - __main__ -   pred: 2
08/14/2023 22:22:36 - DEBUG - __main__ -   label: 1
08/14/2023 22:22:36 - DEBUG - __main__ -   pred: 2
08/14/2023 22:22:36 - DEBUG - __main__ -   label: 1
08/14/2023 22:22:36 - DEBUG - __main__ -   pred: 1
08/14/2023 22:22:36 - DEBUG - __main__ -   label: 1
08/14/2023 22:22:36 - DEBUG - __main__ -   pred: 2
08/14/2023 22:22:36 - DEBUG - __main__ -   label: 1
08/14/2023 22:22:36 - DEBUG - __main__ -   pred: 1
08/14/2023 22:22:36 - DEBUG - __main__ -   label: 2
08/14/2023 22:22:36 - DEBUG - __main__ -   pred: 1
08/14/2023 22:22:36 - DEBUG - __main__ -   label: 2
08/14/2023 22:22:36 - DEBUG - __main__ -   pred: 1
08/14/2023 22:22:36 - DEBUG - __main__ -   label: 4
08/14/2023 22:22:36 - DEBUG - __main__ -   pred: 4
08/14/2023 22:22:36 - DEBUG - __main__ -   label: 4
08/14/2023 22:22:36 - DEBUG - __main__ -   pred: 4
08/14/2023 22:22:36 - DEBUG - __main__ -   label: 1
08/14/2023 22:22:36 - DEBUG - __main__ -   pred: 1
08/14/2023 22:22:36 - DEBUG - __main__ -   label: 3
08/14/2023 22:22:36 - DEBUG - __main__ -   pred: 3
08/14/2023 22:22:36 - DEBUG - __main__ -   label: 3
08/14/2023 22:22:36 - DEBUG - __main__ -   pred: 4
08/14/2023 22:22:36 - DEBUG - __main__ -   label: 2
08/14/2023 22:22:36 - DEBUG - __main__ -   pred: 1
08/14/2023 22:22:36 - DEBUG - __main__ -   label: 3
08/14/2023 22:22:36 - DEBUG - __main__ -   pred: 3
08/14/2023 22:22:36 - DEBUG - __main__ -   label: 4
08/14/2023 22:22:36 - DEBUG - __main__ -   pred: 4
08/14/2023 22:22:36 - DEBUG - __main__ -   label: 1
08/14/2023 22:22:36 - DEBUG - __main__ -   pred: 1
08/14/2023 22:22:36 - DEBUG - __main__ -   label: 4
08/14/2023 22:22:36 - DEBUG - __main__ -   pred: 4
08/14/2023 22:22:36 - DEBUG - __main__ -   label: 4
08/14/2023 22:22:36 - DEBUG - __main__ -   pred: 3
08/14/2023 22:22:36 - DEBUG - __main__ -   label: 4
08/14/2023 22:22:36 - DEBUG - __main__ -   pred: 5
08/14/2023 22:22:36 - DEBUG - __main__ -   label: 4
08/14/2023 22:22:36 - DEBUG - __main__ -   pred: 3
08/14/2023 22:22:36 - DEBUG - __main__ -   label: 6
08/14/2023 22:22:36 - DEBUG - __main__ -   pred: 4
08/14/2023 22:22:36 - DEBUG - __main__ -   label: 3
08/14/2023 22:22:36 - DEBUG - __main__ -   pred: 3
08/14/2023 22:22:36 - DEBUG - __main__ -   label: 4
08/14/2023 22:22:36 - DEBUG - __main__ -   pred: 5
08/14/2023 22:22:36 - DEBUG - __main__ -   label: 3
08/14/2023 22:22:36 - DEBUG - __main__ -   pred: 4
08/14/2023 22:22:36 - DEBUG - __main__ -   label: 5
08/14/2023 22:22:36 - DEBUG - __main__ -   pred: 4
08/14/2023 22:22:36 - DEBUG - __main__ -   label: 2
08/14/2023 22:22:36 - DEBUG - __main__ -   pred: 2
08/14/2023 22:22:36 - DEBUG - __main__ -   label: 1
08/14/2023 22:22:36 - DEBUG - __main__ -   pred: 2
08/14/2023 22:22:36 - DEBUG - __main__ -   label: 3
08/14/2023 22:22:36 - DEBUG - __main__ -   pred: 1
08/14/2023 22:22:36 - DEBUG - __main__ -   label: 2
08/14/2023 22:22:36 - DEBUG - __main__ -   pred: 2
08/14/2023 22:22:36 - DEBUG - __main__ -   label: 1
08/14/2023 22:22:36 - DEBUG - __main__ -   pred: 2
08/14/2023 22:22:36 - DEBUG - __main__ -   label: 2
08/14/2023 22:22:36 - DEBUG - __main__ -   pred: 1
08/14/2023 22:22:36 - DEBUG - __main__ -   label: 2
08/14/2023 22:22:36 - DEBUG - __main__ -   pred: 2
08/14/2023 22:22:36 - DEBUG - __main__ -   label: 2
08/14/2023 22:22:36 - DEBUG - __main__ -   pred: 2
08/14/2023 22:22:36 - DEBUG - __main__ -   label: 2
08/14/2023 22:22:36 - DEBUG - __main__ -   pred: 1
08/14/2023 22:22:36 - DEBUG - __main__ -   label: 2
08/14/2023 22:22:36 - DEBUG - __main__ -   pred: 2
08/14/2023 22:22:36 - DEBUG - __main__ -   label: 3
08/14/2023 22:22:36 - DEBUG - __main__ -   pred: 1
08/14/2023 22:22:36 - DEBUG - __main__ -   label: 3
08/14/2023 22:22:36 - DEBUG - __main__ -   pred: 2
08/14/2023 22:22:36 - DEBUG - __main__ -   label: 2
08/14/2023 22:22:36 - DEBUG - __main__ -   pred: 1
08/14/2023 22:22:36 - DEBUG - __main__ -   label: 1
08/14/2023 22:22:36 - DEBUG - __main__ -   pred: 1
08/14/2023 22:22:36 - DEBUG - __main__ -   label: 3
08/14/2023 22:22:36 - DEBUG - __main__ -   pred: 1
08/14/2023 22:22:36 - DEBUG - __main__ -   label: 3
08/14/2023 22:22:36 - DEBUG - __main__ -   pred: 2
08/14/2023 22:22:36 - DEBUG - __main__ -   label: 2
08/14/2023 22:22:36 - DEBUG - __main__ -   pred: 1
08/14/2023 22:22:36 - DEBUG - __main__ -   label: 1
08/14/2023 22:22:36 - DEBUG - __main__ -   pred: 2
08/14/2023 22:22:36 - DEBUG - __main__ -   label: 3
08/14/2023 22:22:36 - DEBUG - __main__ -   pred: 2
08/14/2023 22:22:36 - DEBUG - __main__ -   label: 4
08/14/2023 22:22:36 - DEBUG - __main__ -   pred: 5
08/14/2023 22:22:36 - DEBUG - __main__ -   label: 4
08/14/2023 22:22:36 - DEBUG - __main__ -   pred: 4
08/14/2023 22:22:36 - DEBUG - __main__ -   label: 2
08/14/2023 22:22:36 - DEBUG - __main__ -   pred: 2
08/14/2023 22:22:36 - DEBUG - __main__ -   label: 2
08/14/2023 22:22:36 - DEBUG - __main__ -   pred: 2
08/14/2023 22:22:36 - DEBUG - __main__ -   label: 2
08/14/2023 22:22:36 - DEBUG - __main__ -   pred: 2
08/14/2023 22:22:36 - DEBUG - __main__ -   label: 2
08/14/2023 22:22:36 - DEBUG - __main__ -   pred: 2
08/14/2023 22:22:36 - DEBUG - __main__ -   label: 3
08/14/2023 22:22:36 - DEBUG - __main__ -   pred: 2
08/14/2023 22:22:36 - DEBUG - __main__ -   label: 4
08/14/2023 22:22:36 - DEBUG - __main__ -   pred: 2
08/14/2023 22:22:36 - DEBUG - __main__ -   label: 2
08/14/2023 22:22:36 - DEBUG - __main__ -   pred: 1
08/14/2023 22:22:36 - DEBUG - __main__ -   label: 3
08/14/2023 22:22:36 - DEBUG - __main__ -   pred: 2
08/14/2023 22:22:36 - DEBUG - __main__ -   label: 2
08/14/2023 22:22:36 - DEBUG - __main__ -   pred: 1
08/14/2023 22:22:36 - DEBUG - __main__ -   label: 4
08/14/2023 22:22:36 - DEBUG - __main__ -   pred: 1
08/14/2023 22:22:36 - DEBUG - __main__ -   label: 2
08/14/2023 22:22:36 - DEBUG - __main__ -   pred: 1
08/14/2023 22:22:36 - DEBUG - __main__ -   label: 3
08/14/2023 22:22:36 - DEBUG - __main__ -   pred: 1
08/14/2023 22:22:36 - DEBUG - __main__ -   label: 4
08/14/2023 22:22:36 - DEBUG - __main__ -   pred: 2
08/14/2023 22:22:36 - DEBUG - __main__ -   label: 2
08/14/2023 22:22:36 - DEBUG - __main__ -   pred: 1
08/14/2023 22:22:36 - DEBUG - __main__ -   label: 4
08/14/2023 22:22:36 - DEBUG - __main__ -   pred: 2
08/14/2023 22:22:36 - DEBUG - __main__ -   label: 2
08/14/2023 22:22:36 - DEBUG - __main__ -   pred: 1
08/14/2023 22:22:36 - DEBUG - __main__ -   label: 2
08/14/2023 22:22:36 - DEBUG - __main__ -   pred: 1
08/14/2023 22:22:36 - DEBUG - __main__ -   label: 3
08/14/2023 22:22:36 - DEBUG - __main__ -   pred: 2
08/14/2023 22:22:36 - DEBUG - __main__ -   label: 4
08/14/2023 22:22:36 - DEBUG - __main__ -   pred: 3
08/14/2023 22:22:36 - DEBUG - __main__ -   label: 4
08/14/2023 22:22:36 - DEBUG - __main__ -   pred: 3
08/14/2023 22:22:36 - DEBUG - __main__ -   label: 3
08/14/2023 22:22:36 - DEBUG - __main__ -   pred: 2
08/14/2023 22:22:36 - DEBUG - __main__ -   label: 3
08/14/2023 22:22:36 - DEBUG - __main__ -   pred: 2
08/14/2023 22:22:36 - DEBUG - __main__ -   label: 4
08/14/2023 22:22:36 - DEBUG - __main__ -   pred: 4
08/14/2023 22:22:36 - DEBUG - __main__ -   label: 3
08/14/2023 22:22:36 - DEBUG - __main__ -   pred: 2
08/14/2023 22:22:36 - DEBUG - __main__ -   label: 3
08/14/2023 22:22:36 - DEBUG - __main__ -   pred: 3
08/14/2023 22:22:36 - DEBUG - __main__ -   label: 5
08/14/2023 22:22:36 - DEBUG - __main__ -   pred: 4
08/14/2023 22:22:36 - DEBUG - __main__ -   label: 4
08/14/2023 22:22:36 - DEBUG - __main__ -   pred: 4
08/14/2023 22:22:36 - DEBUG - __main__ -   label: 6
08/14/2023 22:22:36 - DEBUG - __main__ -   pred: 4
08/14/2023 22:22:36 - DEBUG - __main__ -   label: 5
08/14/2023 22:22:36 - DEBUG - __main__ -   pred: 5
08/14/2023 22:22:36 - DEBUG - __main__ -   label: 2
08/14/2023 22:22:36 - DEBUG - __main__ -   pred: 2
08/14/2023 22:22:36 - DEBUG - __main__ -   label: 2
08/14/2023 22:22:36 - DEBUG - __main__ -   pred: 2
08/14/2023 22:22:36 - DEBUG - __main__ -   label: 2
08/14/2023 22:22:36 - DEBUG - __main__ -   pred: 2
08/14/2023 22:22:36 - DEBUG - __main__ -   label: 3
08/14/2023 22:22:36 - DEBUG - __main__ -   pred: 2
08/14/2023 22:22:36 - DEBUG - __main__ -   label: 2
08/14/2023 22:22:36 - DEBUG - __main__ -   pred: 2
08/14/2023 22:22:36 - DEBUG - __main__ -   label: 1
08/14/2023 22:22:36 - DEBUG - __main__ -   pred: 1
08/14/2023 22:22:36 - DEBUG - __main__ -   label: 2
08/14/2023 22:22:36 - DEBUG - __main__ -   pred: 2
08/14/2023 22:22:36 - DEBUG - __main__ -   label: 1
08/14/2023 22:22:36 - DEBUG - __main__ -   pred: 2
08/14/2023 22:22:36 - DEBUG - __main__ -   label: 2
08/14/2023 22:22:36 - DEBUG - __main__ -   pred: 2
08/14/2023 22:22:36 - DEBUG - __main__ -   label: 3
08/14/2023 22:22:36 - DEBUG - __main__ -   pred: 3
08/14/2023 22:22:36 - DEBUG - __main__ -   label: 3
08/14/2023 22:22:36 - DEBUG - __main__ -   pred: 2
08/14/2023 22:22:36 - DEBUG - __main__ -   label: 5
08/14/2023 22:22:36 - DEBUG - __main__ -   pred: 4
08/14/2023 22:22:36 - DEBUG - __main__ -   label: 3
08/14/2023 22:22:36 - DEBUG - __main__ -   pred: 3
08/14/2023 22:22:36 - DEBUG - __main__ -   label: 3
08/14/2023 22:22:36 - DEBUG - __main__ -   pred: 2
08/14/2023 22:22:36 - DEBUG - __main__ -   label: 5
08/14/2023 22:22:36 - DEBUG - __main__ -   pred: 4
08/14/2023 22:22:36 - DEBUG - __main__ -   label: 4
08/14/2023 22:22:36 - DEBUG - __main__ -   pred: 4
08/14/2023 22:22:36 - DEBUG - __main__ -   label: 5
08/14/2023 22:22:36 - DEBUG - __main__ -   pred: 4
08/14/2023 22:22:36 - DEBUG - __main__ -   label: 4
08/14/2023 22:22:36 - DEBUG - __main__ -   pred: 4
08/14/2023 22:22:36 - DEBUG - __main__ -   label: 4
08/14/2023 22:22:36 - DEBUG - __main__ -   pred: 3
08/14/2023 22:22:36 - DEBUG - __main__ -   label: 4
08/14/2023 22:22:36 - DEBUG - __main__ -   pred: 4
08/14/2023 22:22:36 - DEBUG - __main__ -   label: 5
08/14/2023 22:22:36 - DEBUG - __main__ -   pred: 3
08/14/2023 22:22:36 - DEBUG - __main__ -   label: 5
08/14/2023 22:22:36 - DEBUG - __main__ -   pred: 4
08/14/2023 22:22:36 - DEBUG - __main__ -   label: 6
08/14/2023 22:22:36 - DEBUG - __main__ -   pred: 5
08/14/2023 22:22:36 - DEBUG - __main__ -   label: 3
08/14/2023 22:22:36 - DEBUG - __main__ -   pred: 4
08/14/2023 22:22:36 - DEBUG - __main__ -   label: 4
08/14/2023 22:22:36 - DEBUG - __main__ -   pred: 4
08/14/2023 22:22:36 - DEBUG - __main__ -   label: 5
08/14/2023 22:22:36 - DEBUG - __main__ -   pred: 3
08/14/2023 22:22:36 - DEBUG - __main__ -   label: 5
08/14/2023 22:22:36 - DEBUG - __main__ -   pred: 4
08/14/2023 22:22:36 - DEBUG - __main__ -   label: 4
08/14/2023 22:22:36 - DEBUG - __main__ -   pred: 3
08/14/2023 22:22:36 - DEBUG - __main__ -   label: 4
08/14/2023 22:22:36 - DEBUG - __main__ -   pred: 5
08/14/2023 22:22:36 - DEBUG - __main__ -   label: 3
08/14/2023 22:22:36 - DEBUG - __main__ -   pred: 3
08/14/2023 22:22:36 - DEBUG - __main__ -   label: 4
08/14/2023 22:22:36 - DEBUG - __main__ -   pred: 4
08/14/2023 22:22:36 - DEBUG - __main__ -   label: 3
08/14/2023 22:22:36 - DEBUG - __main__ -   pred: 3
08/14/2023 22:22:36 - DEBUG - __main__ -   label: 4
08/14/2023 22:22:36 - DEBUG - __main__ -   pred: 4
08/14/2023 22:22:36 - DEBUG - __main__ -   label: 4
08/14/2023 22:22:36 - DEBUG - __main__ -   pred: 4
08/14/2023 22:22:36 - DEBUG - __main__ -   label: 2
08/14/2023 22:22:36 - DEBUG - __main__ -   pred: 2
08/14/2023 22:22:36 - DEBUG - __main__ -   label: 2
08/14/2023 22:22:36 - DEBUG - __main__ -   pred: 2
08/14/2023 22:22:36 - DEBUG - __main__ -   label: 2
08/14/2023 22:22:36 - DEBUG - __main__ -   pred: 1
08/14/2023 22:22:36 - DEBUG - __main__ -   label: 2
08/14/2023 22:22:36 - DEBUG - __main__ -   pred: 2
08/14/2023 22:22:36 - DEBUG - __main__ -   label: 2
08/14/2023 22:22:36 - DEBUG - __main__ -   pred: 1
08/14/2023 22:22:36 - DEBUG - __main__ -   label: 2
08/14/2023 22:22:36 - DEBUG - __main__ -   pred: 1
08/14/2023 22:22:36 - DEBUG - __main__ -   label: 2
08/14/2023 22:22:36 - DEBUG - __main__ -   pred: 1
08/14/2023 22:22:36 - DEBUG - __main__ -   label: 1
08/14/2023 22:22:36 - DEBUG - __main__ -   pred: 2
08/14/2023 22:22:36 - DEBUG - __main__ -   label: 3
08/14/2023 22:22:36 - DEBUG - __main__ -   pred: 5
08/14/2023 22:22:36 - DEBUG - __main__ -   label: 4
08/14/2023 22:22:36 - DEBUG - __main__ -   pred: 5
08/14/2023 22:22:36 - DEBUG - __main__ -   label: 4
08/14/2023 22:22:36 - DEBUG - __main__ -   pred: 5
08/14/2023 22:22:36 - DEBUG - __main__ -   label: 3
08/14/2023 22:22:36 - DEBUG - __main__ -   pred: 3
08/14/2023 22:22:36 - DEBUG - __main__ -   label: 4
08/14/2023 22:22:36 - DEBUG - __main__ -   pred: 5
08/14/2023 22:22:36 - DEBUG - __main__ -   label: 2
08/14/2023 22:22:36 - DEBUG - __main__ -   pred: 1
08/14/2023 22:22:36 - DEBUG - __main__ -   label: 3
08/14/2023 22:22:36 - DEBUG - __main__ -   pred: 3
08/14/2023 22:22:36 - DEBUG - __main__ -   label: 1
08/14/2023 22:22:36 - DEBUG - __main__ -   pred: 1
08/14/2023 22:22:36 - DEBUG - __main__ -   label: 1
08/14/2023 22:22:36 - DEBUG - __main__ -   pred: 1
08/14/2023 22:22:36 - DEBUG - __main__ -   label: 1
08/14/2023 22:22:36 - DEBUG - __main__ -   pred: 2
08/14/2023 22:22:36 - DEBUG - __main__ -   label: 1
08/14/2023 22:22:36 - DEBUG - __main__ -   pred: 1
08/14/2023 22:22:36 - DEBUG - __main__ -   label: 1
08/14/2023 22:22:36 - DEBUG - __main__ -   pred: 1
08/14/2023 22:22:36 - DEBUG - __main__ -   label: 1
08/14/2023 22:22:36 - DEBUG - __main__ -   pred: 1
08/14/2023 22:22:36 - DEBUG - __main__ -   label: 1
08/14/2023 22:22:36 - DEBUG - __main__ -   pred: 2
08/14/2023 22:22:36 - DEBUG - __main__ -   label: 1
08/14/2023 22:22:36 - DEBUG - __main__ -   pred: 1
08/14/2023 22:22:36 - DEBUG - __main__ -   label: 2
08/14/2023 22:22:36 - DEBUG - __main__ -   pred: 2
08/14/2023 22:22:36 - DEBUG - __main__ -   label: 4
08/14/2023 22:22:36 - DEBUG - __main__ -   pred: 3
08/14/2023 22:22:36 - DEBUG - __main__ -   label: 3
08/14/2023 22:22:36 - DEBUG - __main__ -   pred: 4
08/14/2023 22:22:36 - DEBUG - __main__ -   label: 2
08/14/2023 22:22:36 - DEBUG - __main__ -   pred: 2
08/14/2023 22:22:36 - DEBUG - __main__ -   label: 3
08/14/2023 22:22:36 - DEBUG - __main__ -   pred: 5
08/14/2023 22:22:36 - DEBUG - __main__ -   label: 4
08/14/2023 22:22:36 - DEBUG - __main__ -   pred: 4
08/14/2023 22:22:36 - DEBUG - __main__ -   label: 4
08/14/2023 22:22:36 - DEBUG - __main__ -   pred: 3
08/14/2023 22:22:36 - DEBUG - __main__ -   label: 2
08/14/2023 22:22:36 - DEBUG - __main__ -   pred: 2
08/14/2023 22:22:36 - DEBUG - __main__ -   label: 2
08/14/2023 22:22:36 - DEBUG - __main__ -   pred: 3
08/14/2023 22:22:36 - DEBUG - __main__ -   label: 3
08/14/2023 22:22:36 - DEBUG - __main__ -   pred: 2
08/14/2023 22:22:36 - DEBUG - __main__ -   label: 1
08/14/2023 22:22:36 - DEBUG - __main__ -   pred: 2
08/14/2023 22:22:36 - DEBUG - __main__ -   label: 2
08/14/2023 22:22:36 - DEBUG - __main__ -   pred: 2
08/14/2023 22:22:36 - DEBUG - __main__ -   label: 2
08/14/2023 22:22:36 - DEBUG - __main__ -   pred: 2
08/14/2023 22:22:36 - DEBUG - __main__ -   label: 1
08/14/2023 22:22:36 - DEBUG - __main__ -   pred: 2
08/14/2023 22:22:36 - DEBUG - __main__ -   label: 3
08/14/2023 22:22:36 - DEBUG - __main__ -   pred: 2
08/14/2023 22:22:36 - DEBUG - __main__ -   label: 1
08/14/2023 22:22:36 - DEBUG - __main__ -   pred: 3
08/14/2023 22:22:36 - DEBUG - __main__ -   label: 2
08/14/2023 22:22:36 - DEBUG - __main__ -   pred: 2
08/14/2023 22:22:36 - DEBUG - __main__ -   label: 1
08/14/2023 22:22:36 - DEBUG - __main__ -   pred: 2
08/14/2023 22:22:36 - DEBUG - __main__ -   label: 1
08/14/2023 22:22:36 - DEBUG - __main__ -   pred: 1
08/14/2023 22:22:36 - DEBUG - __main__ -   label: 1
08/14/2023 22:22:36 - DEBUG - __main__ -   pred: 2
08/14/2023 22:22:36 - DEBUG - __main__ -   label: 1
08/14/2023 22:22:36 - DEBUG - __main__ -   pred: 1
08/14/2023 22:22:36 - DEBUG - __main__ -   label: 2
08/14/2023 22:22:36 - DEBUG - __main__ -   pred: 1
08/14/2023 22:22:36 - DEBUG - __main__ -   label: 2
08/14/2023 22:22:36 - DEBUG - __main__ -   pred: 2
08/14/2023 22:22:36 - DEBUG - __main__ -   label: 1
08/14/2023 22:22:36 - DEBUG - __main__ -   pred: 1
08/14/2023 22:22:36 - DEBUG - __main__ -   label: 1
08/14/2023 22:22:36 - DEBUG - __main__ -   pred: 1
08/14/2023 22:22:36 - DEBUG - __main__ -   label: 1
08/14/2023 22:22:36 - DEBUG - __main__ -   pred: 1
08/14/2023 22:22:36 - DEBUG - __main__ -   label: 2
08/14/2023 22:22:36 - DEBUG - __main__ -   pred: 1
08/14/2023 22:22:36 - DEBUG - __main__ -   label: 1
08/14/2023 22:22:36 - DEBUG - __main__ -   pred: 1
08/14/2023 22:22:36 - DEBUG - __main__ -   label: 1
08/14/2023 22:22:36 - DEBUG - __main__ -   pred: 1
08/14/2023 22:22:36 - DEBUG - __main__ -   label: 1
08/14/2023 22:22:36 - DEBUG - __main__ -   pred: 1
08/14/2023 22:22:36 - DEBUG - __main__ -   label: 2
08/14/2023 22:22:36 - DEBUG - __main__ -   pred: 1
08/14/2023 22:22:36 - DEBUG - __main__ -   label: 2
08/14/2023 22:22:36 - DEBUG - __main__ -   pred: 3
08/14/2023 22:22:36 - DEBUG - __main__ -   label: 1
08/14/2023 22:22:36 - DEBUG - __main__ -   pred: 1
08/14/2023 22:22:36 - DEBUG - __main__ -   label: 2
08/14/2023 22:22:36 - DEBUG - __main__ -   pred: 2
08/14/2023 22:22:36 - DEBUG - __main__ -   label: 1
08/14/2023 22:22:36 - DEBUG - __main__ -   pred: 2
08/14/2023 22:22:36 - DEBUG - __main__ -   label: 2
08/14/2023 22:22:36 - DEBUG - __main__ -   pred: 3
08/14/2023 22:22:36 - DEBUG - __main__ -   label: 1
08/14/2023 22:22:36 - DEBUG - __main__ -   pred: 1
08/14/2023 22:22:36 - DEBUG - __main__ -   label: 2
08/14/2023 22:22:36 - DEBUG - __main__ -   pred: 3
08/14/2023 22:22:36 - DEBUG - __main__ -   label: 4
08/14/2023 22:22:36 - DEBUG - __main__ -   pred: 3
08/14/2023 22:22:36 - DEBUG - __main__ -   label: 5
08/14/2023 22:22:36 - DEBUG - __main__ -   pred: 5
08/14/2023 22:22:36 - DEBUG - __main__ -   label: 6
08/14/2023 22:22:36 - DEBUG - __main__ -   pred: 5
08/14/2023 22:22:36 - DEBUG - __main__ -   label: 4
08/14/2023 22:22:36 - DEBUG - __main__ -   pred: 4
08/14/2023 22:22:36 - DEBUG - __main__ -   label: 3
08/14/2023 22:22:36 - DEBUG - __main__ -   pred: 3
08/14/2023 22:22:36 - DEBUG - __main__ -   label: 4
08/14/2023 22:22:36 - DEBUG - __main__ -   pred: 4
08/14/2023 22:22:36 - DEBUG - __main__ -   label: 4
08/14/2023 22:22:36 - DEBUG - __main__ -   pred: 4
08/14/2023 22:22:36 - DEBUG - __main__ -   label: 3
08/14/2023 22:22:36 - DEBUG - __main__ -   pred: 4
08/14/2023 22:22:36 - DEBUG - __main__ -   label: 4
08/14/2023 22:22:36 - DEBUG - __main__ -   pred: 4
08/14/2023 22:22:36 - DEBUG - __main__ -   label: 2
08/14/2023 22:22:36 - DEBUG - __main__ -   pred: 3
08/14/2023 22:22:36 - DEBUG - __main__ -   label: 2
08/14/2023 22:22:36 - DEBUG - __main__ -   pred: 2
08/14/2023 22:22:36 - DEBUG - __main__ -   label: 2
08/14/2023 22:22:36 - DEBUG - __main__ -   pred: 1
08/14/2023 22:22:36 - DEBUG - __main__ -   label: 0
08/14/2023 22:22:36 - DEBUG - __main__ -   pred: 2
08/14/2023 22:22:36 - DEBUG - __main__ -   label: 0
08/14/2023 22:22:36 - DEBUG - __main__ -   pred: 2
08/14/2023 22:22:36 - DEBUG - __main__ -   label: 1
08/14/2023 22:22:36 - DEBUG - __main__ -   pred: 2
08/14/2023 22:22:36 - DEBUG - __main__ -   label: 0
08/14/2023 22:22:36 - DEBUG - __main__ -   pred: 2
08/14/2023 22:22:36 - DEBUG - __main__ -   label: 1
08/14/2023 22:22:36 - DEBUG - __main__ -   pred: 1
08/14/2023 22:22:36 - DEBUG - __main__ -   label: 1
08/14/2023 22:22:36 - DEBUG - __main__ -   pred: 1
08/14/2023 22:22:36 - DEBUG - __main__ -   label: 1
08/14/2023 22:22:36 - DEBUG - __main__ -   pred: 2
08/14/2023 22:22:36 - DEBUG - __main__ -   label: 1
08/14/2023 22:22:36 - DEBUG - __main__ -   pred: 1
08/14/2023 22:22:36 - DEBUG - __main__ -   label: 1
08/14/2023 22:22:36 - DEBUG - __main__ -   pred: 1
08/14/2023 22:22:36 - DEBUG - __main__ -   label: 1
08/14/2023 22:22:36 - DEBUG - __main__ -   pred: 2
08/14/2023 22:22:36 - DEBUG - __main__ -   label: 0
08/14/2023 22:22:36 - DEBUG - __main__ -   pred: 1
08/14/2023 22:22:36 - DEBUG - __main__ -   label: 1
08/14/2023 22:22:36 - DEBUG - __main__ -   pred: 1
08/14/2023 22:22:36 - DEBUG - __main__ -   label: 1
08/14/2023 22:22:36 - DEBUG - __main__ -   pred: 2
08/14/2023 22:22:36 - DEBUG - __main__ -   label: 1
08/14/2023 22:22:36 - DEBUG - __main__ -   pred: 1
08/14/2023 22:22:36 - DEBUG - __main__ -   label: 2
08/14/2023 22:22:36 - DEBUG - __main__ -   pred: 2
08/14/2023 22:22:36 - DEBUG - __main__ -   label: 1
08/14/2023 22:22:36 - DEBUG - __main__ -   pred: 2
08/14/2023 22:22:36 - DEBUG - __main__ -   label: 1
08/14/2023 22:22:36 - DEBUG - __main__ -   pred: 1
08/14/2023 22:22:36 - DEBUG - __main__ -   label: 2
08/14/2023 22:22:36 - DEBUG - __main__ -   pred: 1
08/14/2023 22:22:36 - DEBUG - __main__ -   label: 1
08/14/2023 22:22:36 - DEBUG - __main__ -   pred: 2
08/14/2023 22:22:36 - DEBUG - __main__ -   label: 1
08/14/2023 22:22:36 - DEBUG - __main__ -   pred: 1
08/14/2023 22:22:36 - DEBUG - __main__ -   label: 2
08/14/2023 22:22:36 - DEBUG - __main__ -   pred: 2
08/14/2023 22:22:36 - DEBUG - __main__ -   label: 4
08/14/2023 22:22:36 - DEBUG - __main__ -   pred: 4
08/14/2023 22:22:36 - DEBUG - __main__ -   label: 5
08/14/2023 22:22:36 - DEBUG - __main__ -   pred: 5
08/14/2023 22:22:36 - DEBUG - __main__ -   label: 4
08/14/2023 22:22:36 - DEBUG - __main__ -   pred: 5
08/14/2023 22:22:36 - DEBUG - __main__ -   label: 4
08/14/2023 22:22:36 - DEBUG - __main__ -   pred: 5
08/14/2023 22:22:36 - DEBUG - __main__ -   label: 3
08/14/2023 22:22:36 - DEBUG - __main__ -   pred: 5
08/14/2023 22:22:36 - DEBUG - __main__ -   label: 5
08/14/2023 22:22:36 - DEBUG - __main__ -   pred: 5
08/14/2023 22:22:36 - DEBUG - __main__ -   label: 3
08/14/2023 22:22:36 - DEBUG - __main__ -   pred: 4
08/14/2023 22:22:36 - DEBUG - __main__ -   label: 5
08/14/2023 22:22:36 - DEBUG - __main__ -   pred: 4
08/14/2023 22:22:36 - DEBUG - __main__ -   label: 3
08/14/2023 22:22:36 - DEBUG - __main__ -   pred: 4
08/14/2023 22:22:36 - DEBUG - __main__ -   label: 4
08/14/2023 22:22:36 - DEBUG - __main__ -   pred: 5
08/14/2023 22:22:36 - DEBUG - __main__ -   label: 3
08/14/2023 22:22:36 - DEBUG - __main__ -   pred: 2
08/14/2023 22:22:36 - DEBUG - __main__ -   label: 3
08/14/2023 22:22:36 - DEBUG - __main__ -   pred: 2
08/14/2023 22:22:36 - DEBUG - __main__ -   label: 2
08/14/2023 22:22:36 - DEBUG - __main__ -   pred: 1
08/14/2023 22:22:36 - DEBUG - __main__ -   label: 2
08/14/2023 22:22:36 - DEBUG - __main__ -   pred: 1
08/14/2023 22:22:36 - DEBUG - __main__ -   label: 1
08/14/2023 22:22:36 - DEBUG - __main__ -   pred: 1
08/14/2023 22:22:36 - DEBUG - __main__ -   label: 2
08/14/2023 22:22:36 - DEBUG - __main__ -   pred: 2
08/14/2023 22:22:36 - DEBUG - __main__ -   label: 1
08/14/2023 22:22:36 - DEBUG - __main__ -   pred: 1
08/14/2023 22:22:36 - DEBUG - __main__ -   label: 1
08/14/2023 22:22:36 - DEBUG - __main__ -   pred: 2
08/14/2023 22:22:36 - DEBUG - __main__ -   label: 2
08/14/2023 22:22:36 - DEBUG - __main__ -   pred: 2
08/14/2023 22:22:36 - DEBUG - __main__ -   label: 1
08/14/2023 22:22:36 - DEBUG - __main__ -   pred: 1
08/14/2023 22:22:36 - DEBUG - __main__ -   label: 2
08/14/2023 22:22:36 - DEBUG - __main__ -   pred: 1
08/14/2023 22:22:36 - DEBUG - __main__ -   label: 2
08/14/2023 22:22:36 - DEBUG - __main__ -   pred: 1
08/14/2023 22:22:36 - DEBUG - __main__ -   label: 2
08/14/2023 22:22:36 - DEBUG - __main__ -   pred: 2
08/14/2023 22:22:36 - DEBUG - __main__ -   label: 2
08/14/2023 22:22:36 - DEBUG - __main__ -   pred: 2
08/14/2023 22:22:36 - DEBUG - __main__ -   label: 2
08/14/2023 22:22:36 - DEBUG - __main__ -   pred: 2
08/14/2023 22:22:36 - DEBUG - __main__ -   label: 5
08/14/2023 22:22:36 - DEBUG - __main__ -   pred: 4
08/14/2023 22:22:36 - DEBUG - __main__ -   label: 4
08/14/2023 22:22:36 - DEBUG - __main__ -   pred: 4
08/14/2023 22:22:36 - DEBUG - __main__ -   label: 4
08/14/2023 22:22:36 - DEBUG - __main__ -   pred: 3
08/14/2023 22:22:36 - DEBUG - __main__ -   label: 4
08/14/2023 22:22:36 - DEBUG - __main__ -   pred: 4
08/14/2023 22:22:36 - DEBUG - __main__ -   label: 3
08/14/2023 22:22:36 - DEBUG - __main__ -   pred: 4
08/14/2023 22:22:36 - DEBUG - __main__ -   label: 2
08/14/2023 22:22:36 - DEBUG - __main__ -   pred: 1
08/14/2023 22:22:36 - DEBUG - __main__ -   label: 2
08/14/2023 22:22:36 - DEBUG - __main__ -   pred: 2
08/14/2023 22:22:36 - DEBUG - __main__ -   label: 1
08/14/2023 22:22:36 - DEBUG - __main__ -   pred: 2
08/14/2023 22:22:36 - DEBUG - __main__ -   label: 4
08/14/2023 22:22:36 - DEBUG - __main__ -   pred: 3
08/14/2023 22:22:36 - DEBUG - __main__ -   label: 5
08/14/2023 22:22:36 - DEBUG - __main__ -   pred: 4
08/14/2023 22:22:36 - DEBUG - __main__ -   label: 4
08/14/2023 22:22:36 - DEBUG - __main__ -   pred: 4
08/14/2023 22:22:36 - DEBUG - __main__ -   label: 2
08/14/2023 22:22:36 - DEBUG - __main__ -   pred: 2
08/14/2023 22:22:36 - DEBUG - __main__ -   label: 2
08/14/2023 22:22:36 - DEBUG - __main__ -   pred: 2
08/14/2023 22:22:36 - DEBUG - __main__ -   label: 2
08/14/2023 22:22:36 - DEBUG - __main__ -   pred: 1
08/14/2023 22:22:36 - DEBUG - __main__ -   label: 2
08/14/2023 22:22:36 - DEBUG - __main__ -   pred: 1
08/14/2023 22:22:36 - DEBUG - __main__ -   label: 2
08/14/2023 22:22:36 - DEBUG - __main__ -   pred: 2
08/14/2023 22:22:36 - DEBUG - __main__ -   label: 1
08/14/2023 22:22:36 - DEBUG - __main__ -   pred: 1
08/14/2023 22:22:36 - DEBUG - __main__ -   label: 1
08/14/2023 22:22:36 - DEBUG - __main__ -   pred: 1
08/14/2023 22:22:36 - DEBUG - __main__ -   label: 2
08/14/2023 22:22:36 - DEBUG - __main__ -   pred: 1
08/14/2023 22:22:36 - DEBUG - __main__ -   label: 1
08/14/2023 22:22:36 - DEBUG - __main__ -   pred: 1
08/14/2023 22:22:36 - DEBUG - __main__ -   label: 3
08/14/2023 22:22:36 - DEBUG - __main__ -   pred: 3
08/14/2023 22:22:36 - DEBUG - __main__ -   label: 3
08/14/2023 22:22:36 - DEBUG - __main__ -   pred: 4
08/14/2023 22:22:36 - DEBUG - __main__ -   label: 2
08/14/2023 22:22:36 - DEBUG - __main__ -   pred: 3
08/14/2023 22:22:36 - DEBUG - __main__ -   label: 2
08/14/2023 22:22:36 - DEBUG - __main__ -   pred: 1
08/14/2023 22:22:36 - DEBUG - __main__ -   label: 3
08/14/2023 22:22:36 - DEBUG - __main__ -   pred: 3
08/14/2023 22:22:36 - DEBUG - __main__ -   label: 3
08/14/2023 22:22:36 - DEBUG - __main__ -   pred: 3
08/14/2023 22:22:36 - DEBUG - __main__ -   label: 5
08/14/2023 22:22:36 - DEBUG - __main__ -   pred: 4
08/14/2023 22:22:36 - DEBUG - __main__ -   label: 4
08/14/2023 22:22:36 - DEBUG - __main__ -   pred: 4
08/14/2023 22:22:36 - DEBUG - __main__ -   label: 5
08/14/2023 22:22:36 - DEBUG - __main__ -   pred: 5
08/14/2023 22:22:36 - DEBUG - __main__ -   label: 3
08/14/2023 22:22:36 - DEBUG - __main__ -   pred: 3
08/14/2023 22:22:36 - DEBUG - __main__ -   label: 5
08/14/2023 22:22:36 - DEBUG - __main__ -   pred: 5
08/14/2023 22:22:36 - DEBUG - __main__ -   label: 3
08/14/2023 22:22:36 - DEBUG - __main__ -   pred: 4
08/14/2023 22:22:36 - DEBUG - __main__ -   label: 4
08/14/2023 22:22:36 - DEBUG - __main__ -   pred: 4
08/14/2023 22:22:36 - DEBUG - __main__ -   label: 1
08/14/2023 22:22:36 - DEBUG - __main__ -   pred: 1
08/14/2023 22:22:36 - DEBUG - __main__ -   label: 3
08/14/2023 22:22:36 - DEBUG - __main__ -   pred: 3
08/14/2023 22:22:36 - DEBUG - __main__ -   label: 2
08/14/2023 22:22:36 - DEBUG - __main__ -   pred: 2
08/14/2023 22:22:36 - DEBUG - __main__ -   label: 1
08/14/2023 22:22:36 - DEBUG - __main__ -   pred: 1
08/14/2023 22:22:36 - DEBUG - __main__ -   label: 1
08/14/2023 22:22:36 - DEBUG - __main__ -   pred: 1
08/14/2023 22:22:36 - DEBUG - __main__ -   label: 1
08/14/2023 22:22:36 - DEBUG - __main__ -   pred: 1
08/14/2023 22:22:36 - DEBUG - __main__ -   label: 2
08/14/2023 22:22:36 - DEBUG - __main__ -   pred: 1
08/14/2023 22:22:36 - DEBUG - __main__ -   label: 1
08/14/2023 22:22:36 - DEBUG - __main__ -   pred: 1
08/14/2023 22:22:36 - DEBUG - __main__ -   label: 2
08/14/2023 22:22:36 - DEBUG - __main__ -   pred: 1
08/14/2023 22:22:36 - DEBUG - __main__ -   label: 2
08/14/2023 22:22:36 - DEBUG - __main__ -   pred: 2
08/14/2023 22:22:36 - DEBUG - __main__ -   label: 2
08/14/2023 22:22:36 - DEBUG - __main__ -   pred: 1
08/14/2023 22:22:36 - DEBUG - __main__ -   label: 3
08/14/2023 22:22:36 - DEBUG - __main__ -   pred: 1
08/14/2023 22:22:36 - DEBUG - __main__ -   label: 3
08/14/2023 22:22:36 - DEBUG - __main__ -   pred: 1
08/14/2023 22:22:36 - DEBUG - __main__ -   label: 2
08/14/2023 22:22:36 - DEBUG - __main__ -   pred: 1
08/14/2023 22:22:36 - DEBUG - __main__ -   label: 1
08/14/2023 22:22:36 - DEBUG - __main__ -   pred: 1
08/14/2023 22:22:36 - DEBUG - __main__ -   label: 1
08/14/2023 22:22:36 - DEBUG - __main__ -   pred: 1
08/14/2023 22:22:36 - DEBUG - __main__ -   label: 2
08/14/2023 22:22:36 - DEBUG - __main__ -   pred: 1
08/14/2023 22:22:36 - DEBUG - __main__ -   label: 2
08/14/2023 22:22:36 - DEBUG - __main__ -   pred: 1
08/14/2023 22:22:36 - DEBUG - __main__ -   label: 2
08/14/2023 22:22:36 - DEBUG - __main__ -   pred: 2
08/14/2023 22:22:36 - DEBUG - __main__ -   label: 3
08/14/2023 22:22:36 - DEBUG - __main__ -   pred: 2
08/14/2023 22:22:36 - DEBUG - __main__ -   label: 3
08/14/2023 22:22:36 - DEBUG - __main__ -   pred: 2
08/14/2023 22:22:36 - DEBUG - __main__ -   label: 1
08/14/2023 22:22:36 - DEBUG - __main__ -   pred: 2
08/14/2023 22:22:36 - DEBUG - __main__ -   label: 2
08/14/2023 22:22:36 - DEBUG - __main__ -   pred: 2
08/14/2023 22:22:36 - DEBUG - __main__ -   label: 2
08/14/2023 22:22:36 - DEBUG - __main__ -   pred: 2
08/14/2023 22:22:36 - DEBUG - __main__ -   label: 3
08/14/2023 22:22:36 - DEBUG - __main__ -   pred: 1
08/14/2023 22:22:36 - DEBUG - __main__ -   label: 5
08/14/2023 22:22:36 - DEBUG - __main__ -   pred: 4
08/14/2023 22:22:36 - DEBUG - __main__ -   label: 3
08/14/2023 22:22:36 - DEBUG - __main__ -   pred: 3
08/14/2023 22:22:36 - DEBUG - __main__ -   label: 4
08/14/2023 22:22:36 - DEBUG - __main__ -   pred: 4
08/14/2023 22:22:36 - DEBUG - __main__ -   label: 5
08/14/2023 22:22:36 - DEBUG - __main__ -   pred: 5
08/14/2023 22:22:36 - DEBUG - __main__ -   label: 5
08/14/2023 22:22:36 - DEBUG - __main__ -   pred: 4
08/14/2023 22:22:36 - DEBUG - __main__ -   label: 5
08/14/2023 22:22:36 - DEBUG - __main__ -   pred: 3
08/14/2023 22:22:36 - DEBUG - __main__ -   label: 5
08/14/2023 22:22:36 - DEBUG - __main__ -   pred: 5
08/14/2023 22:22:36 - DEBUG - __main__ -   label: 5
08/14/2023 22:22:36 - DEBUG - __main__ -   pred: 4
08/14/2023 22:22:36 - DEBUG - __main__ -   label: 6
08/14/2023 22:22:36 - DEBUG - __main__ -   pred: 5
08/14/2023 22:22:36 - DEBUG - __main__ -   label: 6
08/14/2023 22:22:36 - DEBUG - __main__ -   pred: 4
08/14/2023 22:22:36 - DEBUG - __main__ -   label: 6
08/14/2023 22:22:36 - DEBUG - __main__ -   pred: 4
08/14/2023 22:22:36 - DEBUG - __main__ -   label: 4
08/14/2023 22:22:36 - DEBUG - __main__ -   pred: 3
08/14/2023 22:22:36 - DEBUG - __main__ -   label: 2
08/14/2023 22:22:36 - DEBUG - __main__ -   pred: 1
08/14/2023 22:22:36 - DEBUG - __main__ -   label: 3
08/14/2023 22:22:36 - DEBUG - __main__ -   pred: 2
08/14/2023 22:22:36 - DEBUG - __main__ -   label: 3
08/14/2023 22:22:36 - DEBUG - __main__ -   pred: 3
08/14/2023 22:22:36 - DEBUG - __main__ -   label: 2
08/14/2023 22:22:36 - DEBUG - __main__ -   pred: 2
08/14/2023 22:22:36 - DEBUG - __main__ -   label: 2
08/14/2023 22:22:36 - DEBUG - __main__ -   pred: 1
08/14/2023 22:22:36 - DEBUG - __main__ -   label: 1
08/14/2023 22:22:36 - DEBUG - __main__ -   pred: 1
08/14/2023 22:22:36 - DEBUG - __main__ -   label: 3
08/14/2023 22:22:36 - DEBUG - __main__ -   pred: 2
08/14/2023 22:22:36 - DEBUG - __main__ -   label: 5
08/14/2023 22:22:36 - DEBUG - __main__ -   pred: 5
08/14/2023 22:22:36 - DEBUG - __main__ -   label: 3
08/14/2023 22:22:36 - DEBUG - __main__ -   pred: 3
08/14/2023 22:22:36 - DEBUG - __main__ -   label: 1
08/14/2023 22:22:36 - DEBUG - __main__ -   pred: 1
08/14/2023 22:22:36 - DEBUG - __main__ -   label: 3
08/14/2023 22:22:36 - DEBUG - __main__ -   pred: 4
08/14/2023 22:22:36 - DEBUG - __main__ -   label: 5
08/14/2023 22:22:36 - DEBUG - __main__ -   pred: 4
08/14/2023 22:22:36 - DEBUG - __main__ -   label: 3
08/14/2023 22:22:36 - DEBUG - __main__ -   pred: 3
08/14/2023 22:22:36 - DEBUG - __main__ -   label: 4
08/14/2023 22:22:36 - DEBUG - __main__ -   pred: 4
08/14/2023 22:22:36 - DEBUG - __main__ -   label: 3
08/14/2023 22:22:36 - DEBUG - __main__ -   pred: 3
08/14/2023 22:22:36 - DEBUG - __main__ -   label: 4
08/14/2023 22:22:36 - DEBUG - __main__ -   pred: 5
08/14/2023 22:22:36 - DEBUG - __main__ -   label: 2
08/14/2023 22:22:36 - DEBUG - __main__ -   pred: 1
08/14/2023 22:22:36 - DEBUG - __main__ -   label: 1
08/14/2023 22:22:36 - DEBUG - __main__ -   pred: 2
08/14/2023 22:22:36 - DEBUG - __main__ -   label: 1
08/14/2023 22:22:36 - DEBUG - __main__ -   pred: 2
08/14/2023 22:22:36 - DEBUG - __main__ -   label: 1
08/14/2023 22:22:36 - DEBUG - __main__ -   pred: 2
08/14/2023 22:22:36 - DEBUG - __main__ -   label: 1
08/14/2023 22:22:36 - DEBUG - __main__ -   pred: 3
08/14/2023 22:22:36 - DEBUG - __main__ -   label: 2
08/14/2023 22:22:36 - DEBUG - __main__ -   pred: 1
08/14/2023 22:22:36 - DEBUG - __main__ -   label: 2
08/14/2023 22:22:36 - DEBUG - __main__ -   pred: 1
08/14/2023 22:22:36 - DEBUG - __main__ -   label: 1
08/14/2023 22:22:36 - DEBUG - __main__ -   pred: 2
08/14/2023 22:22:36 - DEBUG - __main__ -   label: 1
08/14/2023 22:22:36 - DEBUG - __main__ -   pred: 1
08/14/2023 22:22:36 - DEBUG - __main__ -   label: 1
08/14/2023 22:22:36 - DEBUG - __main__ -   pred: 1
08/14/2023 22:22:36 - DEBUG - __main__ -   label: 1
08/14/2023 22:22:36 - DEBUG - __main__ -   pred: 1
08/14/2023 22:22:36 - DEBUG - __main__ -   label: 1
08/14/2023 22:22:36 - DEBUG - __main__ -   pred: 1
08/14/2023 22:22:36 - DEBUG - __main__ -   label: 2
08/14/2023 22:22:36 - DEBUG - __main__ -   pred: 1
08/14/2023 22:22:36 - DEBUG - __main__ -   label: 1
08/14/2023 22:22:36 - DEBUG - __main__ -   pred: 1
08/14/2023 22:22:36 - DEBUG - __main__ -   label: 1
08/14/2023 22:22:36 - DEBUG - __main__ -   pred: 1
08/14/2023 22:22:36 - DEBUG - __main__ -   label: 1
08/14/2023 22:22:36 - DEBUG - __main__ -   pred: 1
08/14/2023 22:22:36 - DEBUG - __main__ -   label: 1
08/14/2023 22:22:36 - DEBUG - __main__ -   pred: 1
08/14/2023 22:22:36 - DEBUG - __main__ -   label: 1
08/14/2023 22:22:36 - DEBUG - __main__ -   pred: 1
08/14/2023 22:22:36 - DEBUG - __main__ -   label: 1
08/14/2023 22:22:36 - DEBUG - __main__ -   pred: 2
08/14/2023 22:22:36 - DEBUG - __main__ -   label: 1
08/14/2023 22:22:36 - DEBUG - __main__ -   pred: 1
08/14/2023 22:22:36 - DEBUG - __main__ -   label: 1
08/14/2023 22:22:36 - DEBUG - __main__ -   pred: 2
08/14/2023 22:22:36 - DEBUG - __main__ -   label: 1
08/14/2023 22:22:36 - DEBUG - __main__ -   pred: 2
08/14/2023 22:22:36 - DEBUG - __main__ -   label: 1
08/14/2023 22:22:36 - DEBUG - __main__ -   pred: 2
08/14/2023 22:22:36 - DEBUG - __main__ -   label: 1
08/14/2023 22:22:36 - DEBUG - __main__ -   pred: 1
08/14/2023 22:22:36 - DEBUG - __main__ -   label: 1
08/14/2023 22:22:36 - DEBUG - __main__ -   pred: 2
08/14/2023 22:22:36 - DEBUG - __main__ -   label: 2
08/14/2023 22:22:36 - DEBUG - __main__ -   pred: 2
08/14/2023 22:22:36 - DEBUG - __main__ -   label: 1
08/14/2023 22:22:36 - DEBUG - __main__ -   pred: 1
08/14/2023 22:22:36 - DEBUG - __main__ -   label: 4
08/14/2023 22:22:36 - DEBUG - __main__ -   pred: 4
08/14/2023 22:22:36 - DEBUG - __main__ -   label: 3
08/14/2023 22:22:36 - DEBUG - __main__ -   pred: 3
08/14/2023 22:22:36 - DEBUG - __main__ -   label: 2
08/14/2023 22:22:36 - DEBUG - __main__ -   pred: 2
08/14/2023 22:22:36 - DEBUG - __main__ -   label: 2
08/14/2023 22:22:36 - DEBUG - __main__ -   pred: 2
08/14/2023 22:22:36 - DEBUG - __main__ -   label: 3
08/14/2023 22:22:36 - DEBUG - __main__ -   pred: 4
08/14/2023 22:22:36 - DEBUG - __main__ -   label: 2
08/14/2023 22:22:36 - DEBUG - __main__ -   pred: 1
08/14/2023 22:22:36 - DEBUG - __main__ -   label: 3
08/14/2023 22:22:36 - DEBUG - __main__ -   pred: 3
08/14/2023 22:22:36 - DEBUG - __main__ -   label: 3
08/14/2023 22:22:36 - DEBUG - __main__ -   pred: 2
08/14/2023 22:22:36 - DEBUG - __main__ -   label: 1
08/14/2023 22:22:36 - DEBUG - __main__ -   pred: 1
08/14/2023 22:22:36 - DEBUG - __main__ -   label: 3
08/14/2023 22:22:36 - DEBUG - __main__ -   pred: 4
08/14/2023 22:22:36 - DEBUG - __main__ -   label: 4
08/14/2023 22:22:36 - DEBUG - __main__ -   pred: 5
08/14/2023 22:22:36 - DEBUG - __main__ -   label: 4
08/14/2023 22:22:36 - DEBUG - __main__ -   pred: 3
08/14/2023 22:22:36 - DEBUG - __main__ -   label: 3
08/14/2023 22:22:36 - DEBUG - __main__ -   pred: 5
08/14/2023 22:22:36 - DEBUG - __main__ -   label: 4
08/14/2023 22:22:36 - DEBUG - __main__ -   pred: 5
08/14/2023 22:22:36 - DEBUG - __main__ -   label: 3
08/14/2023 22:22:36 - DEBUG - __main__ -   pred: 3
08/14/2023 22:22:36 - DEBUG - __main__ -   label: 4
08/14/2023 22:22:36 - DEBUG - __main__ -   pred: 4
08/14/2023 22:22:36 - DEBUG - __main__ -   label: 5
08/14/2023 22:22:36 - DEBUG - __main__ -   pred: 4
08/14/2023 22:22:36 - DEBUG - __main__ -   label: 4
08/14/2023 22:22:36 - DEBUG - __main__ -   pred: 4
08/14/2023 22:22:36 - DEBUG - __main__ -   label: 4
08/14/2023 22:22:36 - DEBUG - __main__ -   pred: 4
08/14/2023 22:22:36 - DEBUG - __main__ -   label: 4
08/14/2023 22:22:36 - DEBUG - __main__ -   pred: 4
08/14/2023 22:22:36 - DEBUG - __main__ -   label: 4
08/14/2023 22:22:36 - DEBUG - __main__ -   pred: 3
08/14/2023 22:22:36 - DEBUG - __main__ -   label: 5
08/14/2023 22:22:36 - DEBUG - __main__ -   pred: 4
08/14/2023 22:22:36 - DEBUG - __main__ -   label: 4
08/14/2023 22:22:36 - DEBUG - __main__ -   pred: 5
08/14/2023 22:22:36 - DEBUG - __main__ -   label: 3
08/14/2023 22:22:36 - DEBUG - __main__ -   pred: 5
08/14/2023 22:22:36 - DEBUG - __main__ -   label: 4
08/14/2023 22:22:36 - DEBUG - __main__ -   pred: 4
08/14/2023 22:22:36 - DEBUG - __main__ -   label: 3
08/14/2023 22:22:36 - DEBUG - __main__ -   pred: 3
