******** Training fold 2 ********
11/13/2023 02:58:22 - DEBUG - __main__ -   Processor loaded. CPU mem usage: 0.38G.  Cuda 0: memory acclocated: 0 G.
11/13/2023 02:58:31 - DEBUG - __main__ -   Model loaded. CPU mem usage: 1.99G.  Cuda 0: memory acclocated: 0 G.
Wav2Vec2ForSequenceClassification(
  (wav2vec2): Wav2Vec2Model(
    (feature_extractor): Wav2Vec2FeatureEncoder(
      (conv_layers): ModuleList(
        (0): Wav2Vec2LayerNormConvLayer(
          (conv): Conv1d(1, 512, kernel_size=(10,), stride=(5,))
          (layer_norm): LayerNorm((512,), eps=1e-05, elementwise_affine=True)
          (activation): GELUActivation()
        )
        (1-4): 4 x Wav2Vec2LayerNormConvLayer(
          (conv): Conv1d(512, 512, kernel_size=(3,), stride=(2,))
          (layer_norm): LayerNorm((512,), eps=1e-05, elementwise_affine=True)
          (activation): GELUActivation()
        )
        (5-6): 2 x Wav2Vec2LayerNormConvLayer(
          (conv): Conv1d(512, 512, kernel_size=(2,), stride=(2,))
          (layer_norm): LayerNorm((512,), eps=1e-05, elementwise_affine=True)
          (activation): GELUActivation()
        )
      )
    )
    (feature_projection): Wav2Vec2FeatureProjection(
      (layer_norm): LayerNorm((512,), eps=1e-05, elementwise_affine=True)
      (projection): Linear(in_features=512, out_features=1024, bias=True)
      (dropout): Dropout(p=0.1, inplace=False)
    )
    (encoder): Wav2Vec2EncoderStableLayerNorm(
      (pos_conv_embed): Wav2Vec2PositionalConvEmbedding(
        (conv): Conv1d(1024, 1024, kernel_size=(128,), stride=(1,), padding=(64,), groups=16)
        (padding): Wav2Vec2SamePadLayer()
        (activation): GELUActivation()
      )
      (layer_norm): LayerNorm((1024,), eps=1e-05, elementwise_affine=True)
      (dropout): Dropout(p=0.1, inplace=False)
      (layers): ModuleList(
        (0-23): 24 x Wav2Vec2EncoderLayerStableLayerNorm(
          (attention): Wav2Vec2Attention(
            (k_proj): Linear(in_features=1024, out_features=1024, bias=True)
            (v_proj): Linear(in_features=1024, out_features=1024, bias=True)
            (q_proj): Linear(in_features=1024, out_features=1024, bias=True)
            (out_proj): Linear(in_features=1024, out_features=1024, bias=True)
          )
          (dropout): Dropout(p=0.1, inplace=False)
          (layer_norm): LayerNorm((1024,), eps=1e-05, elementwise_affine=True)
          (feed_forward): Wav2Vec2FeedForward(
            (intermediate_dropout): Dropout(p=0.0, inplace=False)
            (intermediate_dense): Linear(in_features=1024, out_features=4096, bias=True)
            (intermediate_act_fn): GELUActivation()
            (output_dense): Linear(in_features=4096, out_features=1024, bias=True)
            (output_dropout): Dropout(p=0.1, inplace=False)
          )
          (final_layer_norm): LayerNorm((1024,), eps=1e-05, elementwise_affine=True)
        )
      )
    )
  )
  (projector): Linear(in_features=1024, out_features=256, bias=True)
  (classifier): Linear(in_features=256, out_features=7, bias=True)
)
11/13/2023 02:59:18 - DEBUG - __main__ -   Speech loaded. N_train=1568, N_eval=544. CPU mem usage: 6.11G.  Cuda 0: memory acclocated: 0 G.
11/13/2023 02:59:52 - DEBUG - __main__ -   Feature extracted. Duration: 0:00:33 CPU mem usage: 9.13G.  Cuda 0: memory acclocated: 0 G.
11/13/2023 02:59:52 - DEBUG - urllib3.connectionpool -   Starting new HTTPS connection (1): s3.amazonaws.com:443
11/13/2023 02:59:52 - DEBUG - urllib3.connectionpool -   https://s3.amazonaws.com:443 "HEAD /datasets.huggingface.co/datasets/metrics/evaluate-metric/precision/evaluate-metric/precision.py HTTP/1.1" 404 0
11/13/2023 02:59:52 - DEBUG - urllib3.connectionpool -   Starting new HTTPS connection (1): huggingface.co:443
11/13/2023 02:59:52 - DEBUG - urllib3.connectionpool -   https://huggingface.co:443 "HEAD /spaces/evaluate-metric/precision/resolve/v0.4.0/precision.py HTTP/1.1" 200 0
11/13/2023 02:59:52 - DEBUG - urllib3.connectionpool -   Starting new HTTPS connection (1): s3.amazonaws.com:443
11/13/2023 02:59:53 - DEBUG - urllib3.connectionpool -   https://s3.amazonaws.com:443 "HEAD /datasets.huggingface.co/datasets/metrics/evaluate-metric/recall/evaluate-metric/recall.py HTTP/1.1" 404 0
11/13/2023 02:59:53 - DEBUG - urllib3.connectionpool -   Starting new HTTPS connection (1): huggingface.co:443
11/13/2023 02:59:53 - DEBUG - urllib3.connectionpool -   https://huggingface.co:443 "HEAD /spaces/evaluate-metric/recall/resolve/v0.4.0/recall.py HTTP/1.1" 200 0
11/13/2023 02:59:53 - DEBUG - urllib3.connectionpool -   Starting new HTTPS connection (1): s3.amazonaws.com:443
11/13/2023 02:59:53 - DEBUG - urllib3.connectionpool -   https://s3.amazonaws.com:443 "HEAD /datasets.huggingface.co/datasets/metrics/evaluate-metric/f1/evaluate-metric/f1.py HTTP/1.1" 404 0
11/13/2023 02:59:53 - DEBUG - urllib3.connectionpool -   Starting new HTTPS connection (1): huggingface.co:443
11/13/2023 02:59:54 - DEBUG - urllib3.connectionpool -   https://huggingface.co:443 "HEAD /spaces/evaluate-metric/f1/resolve/v0.4.0/f1.py HTTP/1.1" 200 0
11/13/2023 02:59:54 - DEBUG - urllib3.connectionpool -   Starting new HTTPS connection (1): s3.amazonaws.com:443
11/13/2023 02:59:54 - DEBUG - urllib3.connectionpool -   https://s3.amazonaws.com:443 "HEAD /datasets.huggingface.co/datasets/metrics/evaluate-metric/spearmanr/evaluate-metric/spearmanr.py HTTP/1.1" 404 0
11/13/2023 02:59:54 - DEBUG - urllib3.connectionpool -   Starting new HTTPS connection (1): huggingface.co:443
11/13/2023 02:59:54 - DEBUG - urllib3.connectionpool -   https://huggingface.co:443 "HEAD /spaces/evaluate-metric/spearmanr/resolve/v0.4.0/spearmanr.py HTTP/1.1" 200 0
RUNNING CCL
11/13/2023 02:59:54 - DEBUG - __main__ -   Class difficulty order: [[1, 2], [5, 4], [3, 0, 6]]
11/13/2023 02:59:54 - DEBUG - __main__ -   n_epochs for each CCL phase: [3, 3, 4]
Perform Uniform Mixing
Training with classes: [1, 2]
11/13/2023 03:00:09 - DEBUG - __main__ -   Training phase 0 starts now. CPU mem usage: 8.54G.  Cuda 0: memory acclocated: 2 G.
11/13/2023 03:00:09 - DEBUG - helper.classes -   ----------- Starting epoch 1 -----------
11/13/2023 03:06:33 - DEBUG - helper.classes -   Epoch 1.0 completed, Duration: 0:06:24 Mem usage: CPU mem usage: 9.09G.  Cuda 0: memory acclocated: 26 G.
11/13/2023 03:08:43 - DEBUG - fsspec.local -   open file: /home/lunt1/.cache/huggingface/metrics/precision/default/default_experiment-1-0.arrow
11/13/2023 03:08:43 - DEBUG - fsspec.local -   open file: /home/lunt1/.cache/huggingface/metrics/recall/default/default_experiment-1-0.arrow
11/13/2023 03:08:43 - DEBUG - fsspec.local -   open file: /home/lunt1/.cache/huggingface/metrics/f1/default/default_experiment-1-0.arrow
11/13/2023 03:08:43 - DEBUG - fsspec.local -   open file: /home/lunt1/.cache/huggingface/metrics/spearmanr/default/default_experiment-1-0.arrow
11/13/2023 03:08:43 - DEBUG - fsspec.local -   open file: /home/lunt1/.cache/huggingface/metrics/precision/default/default_experiment-1-0.arrow
11/13/2023 03:08:43 - DEBUG - fsspec.local -   open file: /home/lunt1/.cache/huggingface/metrics/recall/default/default_experiment-1-0.arrow
11/13/2023 03:08:43 - DEBUG - fsspec.local -   open file: /home/lunt1/.cache/huggingface/metrics/f1/default/default_experiment-1-0.arrow
{'eval_loss': 1.7050366401672363, 'eval_precision': 0.17632230725209855, 'eval_recall': 0.3076580740132142, 'eval_f1': 0.218809654463578, 'eval_spearmanr': 0.7790075187911328, 'eval_precision_weighted': 0.2434207042910581, 'eval_recall_weighted': 0.40625, 'eval_f1_weighted': 0.2960929749620719, 'eval_runtime': 130.1435, 'eval_samples_per_second': 4.18, 'eval_steps_per_second': 2.09, 'epoch': 1.0}
11/13/2023 03:08:49 - DEBUG - helper.classes -   ----------- Starting epoch 2.0 -----------
{'loss': 1.1938, 'learning_rate': 1.5253623188405798e-05, 'epoch': 1.63}
11/13/2023 03:15:00 - DEBUG - helper.classes -   Epoch 2.0 completed, Duration: 0:06:11 Mem usage: CPU mem usage: 9.41G.  Cuda 0: memory acclocated: 26 G.
11/13/2023 03:17:09 - DEBUG - fsspec.local -   open file: /home/lunt1/.cache/huggingface/metrics/precision/default/default_experiment-1-0.arrow
11/13/2023 03:17:09 - DEBUG - fsspec.local -   open file: /home/lunt1/.cache/huggingface/metrics/recall/default/default_experiment-1-0.arrow
11/13/2023 03:17:09 - DEBUG - fsspec.local -   open file: /home/lunt1/.cache/huggingface/metrics/f1/default/default_experiment-1-0.arrow
11/13/2023 03:17:09 - DEBUG - fsspec.local -   open file: /home/lunt1/.cache/huggingface/metrics/spearmanr/default/default_experiment-1-0.arrow
11/13/2023 03:17:09 - DEBUG - fsspec.local -   open file: /home/lunt1/.cache/huggingface/metrics/precision/default/default_experiment-1-0.arrow
11/13/2023 03:17:09 - DEBUG - fsspec.local -   open file: /home/lunt1/.cache/huggingface/metrics/recall/default/default_experiment-1-0.arrow
11/13/2023 03:17:09 - DEBUG - fsspec.local -   open file: /home/lunt1/.cache/huggingface/metrics/f1/default/default_experiment-1-0.arrow
{'eval_loss': 1.7347760200500488, 'eval_precision': 0.17705424274973147, 'eval_recall': 0.30788915134709527, 'eval_f1': 0.22289274466461922, 'eval_spearmanr': 0.7728975938916971, 'eval_precision_weighted': 0.24217644294559929, 'eval_recall_weighted': 0.4117647058823529, 'eval_f1_weighted': 0.3019881031969134, 'eval_runtime': 128.996, 'eval_samples_per_second': 4.217, 'eval_steps_per_second': 2.109, 'epoch': 2.0}
11/13/2023 03:17:16 - DEBUG - helper.classes -   ----------- Starting epoch 3.0 -----------
11/13/2023 03:23:34 - DEBUG - helper.classes -   Epoch 3.0 completed, Duration: 0:06:17 Mem usage: CPU mem usage: 9.43G.  Cuda 0: memory acclocated: 26 G.
11/13/2023 03:25:43 - DEBUG - fsspec.local -   open file: /home/lunt1/.cache/huggingface/metrics/precision/default/default_experiment-1-0.arrow
11/13/2023 03:25:43 - DEBUG - fsspec.local -   open file: /home/lunt1/.cache/huggingface/metrics/recall/default/default_experiment-1-0.arrow
11/13/2023 03:25:43 - DEBUG - fsspec.local -   open file: /home/lunt1/.cache/huggingface/metrics/f1/default/default_experiment-1-0.arrow
11/13/2023 03:25:43 - DEBUG - fsspec.local -   open file: /home/lunt1/.cache/huggingface/metrics/spearmanr/default/default_experiment-1-0.arrow
11/13/2023 03:25:43 - DEBUG - fsspec.local -   open file: /home/lunt1/.cache/huggingface/metrics/precision/default/default_experiment-1-0.arrow
11/13/2023 03:25:43 - DEBUG - fsspec.local -   open file: /home/lunt1/.cache/huggingface/metrics/recall/default/default_experiment-1-0.arrow
11/13/2023 03:25:43 - DEBUG - fsspec.local -   open file: /home/lunt1/.cache/huggingface/metrics/f1/default/default_experiment-1-0.arrow
{'eval_loss': 1.7448010444641113, 'eval_precision': 0.17161236813379183, 'eval_recall': 0.3065695986256734, 'eval_f1': 0.21468344813008258, 'eval_spearmanr': 0.7835379704259984, 'eval_precision_weighted': 0.2352198631669753, 'eval_recall_weighted': 0.39889705882352944, 'eval_f1_weighted': 0.2876699824936815, 'eval_runtime': 129.071, 'eval_samples_per_second': 4.215, 'eval_steps_per_second': 2.107, 'epoch': 3.0}
{'train_runtime': 1545.5338, 'train_samples_per_second': 1.192, 'train_steps_per_second': 0.596, 'train_loss': 1.0631740044046043, 'epoch': 3.0}
11/13/2023 03:25:55 - INFO - __main__ -   Training completed. Duration: 0:25:45
Training with classes: [5, 4]
11/13/2023 03:25:55 - DEBUG - __main__ -   Training phase 1 starts now. CPU mem usage: 9.41G.  Cuda 0: memory acclocated: 26 G.
11/13/2023 03:25:55 - DEBUG - helper.classes -   ----------- Starting epoch 1 -----------
{'loss': 1.0572, 'learning_rate': 2.3586744639376216e-05, 'epoch': 0.88}
11/13/2023 03:40:29 - DEBUG - helper.classes -   Epoch 1.0 completed, Duration: 0:14:34 Mem usage: CPU mem usage: 9.71G.  Cuda 0: memory acclocated: 26 G.
11/13/2023 03:42:38 - DEBUG - fsspec.local -   open file: /home/lunt1/.cache/huggingface/metrics/precision/default/default_experiment-1-0.arrow
11/13/2023 03:42:38 - DEBUG - fsspec.local -   open file: /home/lunt1/.cache/huggingface/metrics/recall/default/default_experiment-1-0.arrow
11/13/2023 03:42:38 - DEBUG - fsspec.local -   open file: /home/lunt1/.cache/huggingface/metrics/f1/default/default_experiment-1-0.arrow
11/13/2023 03:42:38 - DEBUG - fsspec.local -   open file: /home/lunt1/.cache/huggingface/metrics/spearmanr/default/default_experiment-1-0.arrow
11/13/2023 03:42:38 - DEBUG - fsspec.local -   open file: /home/lunt1/.cache/huggingface/metrics/precision/default/default_experiment-1-0.arrow
11/13/2023 03:42:38 - DEBUG - fsspec.local -   open file: /home/lunt1/.cache/huggingface/metrics/recall/default/default_experiment-1-0.arrow
11/13/2023 03:42:38 - DEBUG - fsspec.local -   open file: /home/lunt1/.cache/huggingface/metrics/f1/default/default_experiment-1-0.arrow
{'eval_loss': 1.8605127334594727, 'eval_precision': 0.18906971879660955, 'eval_recall': 0.31791339501619875, 'eval_f1': 0.22899577285213077, 'eval_spearmanr': 0.7889129544864142, 'eval_precision_weighted': 0.2629520282377657, 'eval_recall_weighted': 0.4227941176470588, 'eval_f1_weighted': 0.3116426671004874, 'eval_runtime': 129.18, 'eval_samples_per_second': 4.211, 'eval_steps_per_second': 2.106, 'epoch': 1.0}
11/13/2023 03:42:45 - DEBUG - helper.classes -   ----------- Starting epoch 2.0 -----------
{'loss': 0.9181, 'learning_rate': 1.3840155945419102e-05, 'epoch': 1.75}
11/13/2023 03:57:37 - DEBUG - helper.classes -   Epoch 2.0 completed, Duration: 0:14:52 Mem usage: CPU mem usage: 9.76G.  Cuda 0: memory acclocated: 26 G.
11/13/2023 03:59:46 - DEBUG - fsspec.local -   open file: /home/lunt1/.cache/huggingface/metrics/precision/default/default_experiment-1-0.arrow
11/13/2023 03:59:46 - DEBUG - fsspec.local -   open file: /home/lunt1/.cache/huggingface/metrics/recall/default/default_experiment-1-0.arrow
11/13/2023 03:59:46 - DEBUG - fsspec.local -   open file: /home/lunt1/.cache/huggingface/metrics/f1/default/default_experiment-1-0.arrow
11/13/2023 03:59:46 - DEBUG - fsspec.local -   open file: /home/lunt1/.cache/huggingface/metrics/spearmanr/default/default_experiment-1-0.arrow
11/13/2023 03:59:46 - DEBUG - fsspec.local -   open file: /home/lunt1/.cache/huggingface/metrics/precision/default/default_experiment-1-0.arrow
11/13/2023 03:59:46 - DEBUG - fsspec.local -   open file: /home/lunt1/.cache/huggingface/metrics/recall/default/default_experiment-1-0.arrow
11/13/2023 03:59:46 - DEBUG - fsspec.local -   open file: /home/lunt1/.cache/huggingface/metrics/f1/default/default_experiment-1-0.arrow
{'eval_loss': 1.9735156297683716, 'eval_precision': 0.19389234234060423, 'eval_recall': 0.3136707529230894, 'eval_f1': 0.22999227113682277, 'eval_spearmanr': 0.774532333149844, 'eval_precision_weighted': 0.2720327070136052, 'eval_recall_weighted': 0.4227941176470588, 'eval_f1_weighted': 0.31624868442862164, 'eval_runtime': 129.0178, 'eval_samples_per_second': 4.216, 'eval_steps_per_second': 2.108, 'epoch': 2.0}
11/13/2023 03:59:53 - DEBUG - helper.classes -   ----------- Starting epoch 3.0 -----------
{'loss': 0.926, 'learning_rate': 4.093567251461988e-06, 'epoch': 2.63}
11/13/2023 04:14:40 - DEBUG - helper.classes -   Epoch 3.0 completed, Duration: 0:14:46 Mem usage: CPU mem usage: 9.67G.  Cuda 0: memory acclocated: 26 G.
11/13/2023 04:16:49 - DEBUG - fsspec.local -   open file: /home/lunt1/.cache/huggingface/metrics/precision/default/default_experiment-1-0.arrow
11/13/2023 04:16:49 - DEBUG - fsspec.local -   open file: /home/lunt1/.cache/huggingface/metrics/recall/default/default_experiment-1-0.arrow
11/13/2023 04:16:49 - DEBUG - fsspec.local -   open file: /home/lunt1/.cache/huggingface/metrics/f1/default/default_experiment-1-0.arrow
11/13/2023 04:16:49 - DEBUG - fsspec.local -   open file: /home/lunt1/.cache/huggingface/metrics/spearmanr/default/default_experiment-1-0.arrow
11/13/2023 04:16:49 - DEBUG - fsspec.local -   open file: /home/lunt1/.cache/huggingface/metrics/precision/default/default_experiment-1-0.arrow
11/13/2023 04:16:49 - DEBUG - fsspec.local -   open file: /home/lunt1/.cache/huggingface/metrics/recall/default/default_experiment-1-0.arrow
11/13/2023 04:16:49 - DEBUG - fsspec.local -   open file: /home/lunt1/.cache/huggingface/metrics/f1/default/default_experiment-1-0.arrow
{'eval_loss': 2.010687828063965, 'eval_precision': 0.2530799693959161, 'eval_recall': 0.34843467451172033, 'eval_f1': 0.2892842868601419, 'eval_spearmanr': 0.786297285912195, 'eval_precision_weighted': 0.33313915360917173, 'eval_recall_weighted': 0.4411764705882353, 'eval_f1_weighted': 0.3741741078238695, 'eval_runtime': 129.0454, 'eval_samples_per_second': 4.216, 'eval_steps_per_second': 2.108, 'epoch': 3.0}
{'train_runtime': 3064.6386, 'train_samples_per_second': 1.115, 'train_steps_per_second': 0.558, 'train_loss': 0.9591231853641264, 'epoch': 3.0}
11/13/2023 04:16:59 - INFO - __main__ -   Training completed. Duration: 0:51:04
Training with classes: [3, 0, 6]
11/13/2023 04:16:59 - DEBUG - __main__ -   Training phase 2 starts now. CPU mem usage: 9.67G.  Cuda 0: memory acclocated: 26 G.
11/13/2023 04:16:59 - DEBUG - helper.classes -   ----------- Starting epoch 1 -----------
{'loss': 1.4936, 'learning_rate': 2.8022678951098512e-05, 'epoch': 0.64}
11/13/2023 04:37:15 - DEBUG - helper.classes -   Epoch 1.0 completed, Duration: 0:20:15 Mem usage: CPU mem usage: 9.73G.  Cuda 0: memory acclocated: 26 G.
11/13/2023 04:39:24 - DEBUG - fsspec.local -   open file: /home/lunt1/.cache/huggingface/metrics/precision/default/default_experiment-1-0.arrow
11/13/2023 04:39:24 - DEBUG - fsspec.local -   open file: /home/lunt1/.cache/huggingface/metrics/recall/default/default_experiment-1-0.arrow
11/13/2023 04:39:24 - DEBUG - fsspec.local -   open file: /home/lunt1/.cache/huggingface/metrics/f1/default/default_experiment-1-0.arrow
11/13/2023 04:39:24 - DEBUG - fsspec.local -   open file: /home/lunt1/.cache/huggingface/metrics/spearmanr/default/default_experiment-1-0.arrow
11/13/2023 04:39:24 - DEBUG - fsspec.local -   open file: /home/lunt1/.cache/huggingface/metrics/precision/default/default_experiment-1-0.arrow
11/13/2023 04:39:24 - DEBUG - fsspec.local -   open file: /home/lunt1/.cache/huggingface/metrics/recall/default/default_experiment-1-0.arrow
11/13/2023 04:39:24 - DEBUG - fsspec.local -   open file: /home/lunt1/.cache/huggingface/metrics/f1/default/default_experiment-1-0.arrow
{'eval_loss': 1.3493057489395142, 'eval_precision': 0.33615884978429156, 'eval_recall': 0.36684953503897827, 'eval_f1': 0.3206300807567506, 'eval_spearmanr': 0.806139205346782, 'eval_precision_weighted': 0.44198638026706183, 'eval_recall_weighted': 0.4522058823529412, 'eval_f1_weighted': 0.4104585154759766, 'eval_runtime': 128.9509, 'eval_samples_per_second': 4.219, 'eval_steps_per_second': 2.109, 'epoch': 1.0}
11/13/2023 04:39:30 - DEBUG - helper.classes -   ----------- Starting epoch 2.0 -----------
{'loss': 1.2188, 'learning_rate': 2.2707299787384835e-05, 'epoch': 1.28}
{'loss': 1.1385, 'learning_rate': 1.739192062367116e-05, 'epoch': 1.91}
11/13/2023 04:59:48 - DEBUG - helper.classes -   Epoch 2.0 completed, Duration: 0:20:17 Mem usage: CPU mem usage: 9.75G.  Cuda 0: memory acclocated: 26 G.
11/13/2023 05:01:57 - DEBUG - fsspec.local -   open file: /home/lunt1/.cache/huggingface/metrics/precision/default/default_experiment-1-0.arrow
11/13/2023 05:01:57 - DEBUG - fsspec.local -   open file: /home/lunt1/.cache/huggingface/metrics/recall/default/default_experiment-1-0.arrow
11/13/2023 05:01:57 - DEBUG - fsspec.local -   open file: /home/lunt1/.cache/huggingface/metrics/f1/default/default_experiment-1-0.arrow
11/13/2023 05:01:57 - DEBUG - fsspec.local -   open file: /home/lunt1/.cache/huggingface/metrics/spearmanr/default/default_experiment-1-0.arrow
11/13/2023 05:01:57 - DEBUG - fsspec.local -   open file: /home/lunt1/.cache/huggingface/metrics/precision/default/default_experiment-1-0.arrow
11/13/2023 05:01:57 - DEBUG - fsspec.local -   open file: /home/lunt1/.cache/huggingface/metrics/recall/default/default_experiment-1-0.arrow
11/13/2023 05:01:57 - DEBUG - fsspec.local -   open file: /home/lunt1/.cache/huggingface/metrics/f1/default/default_experiment-1-0.arrow
{'eval_loss': 1.4630751609802246, 'eval_precision': 0.3379903868925154, 'eval_recall': 0.36562514432534193, 'eval_f1': 0.3384271448647532, 'eval_spearmanr': 0.8128931656449474, 'eval_precision_weighted': 0.4449103357711767, 'eval_recall_weighted': 0.46875, 'eval_f1_weighted': 0.4404874747449343, 'eval_runtime': 128.8034, 'eval_samples_per_second': 4.223, 'eval_steps_per_second': 2.112, 'epoch': 2.0}
11/13/2023 05:02:04 - DEBUG - helper.classes -   ----------- Starting epoch 3.0 -----------
{'loss': 1.1085, 'learning_rate': 1.2076541459957478e-05, 'epoch': 2.55}
11/13/2023 05:22:30 - DEBUG - helper.classes -   Epoch 3.0 completed, Duration: 0:20:26 Mem usage: CPU mem usage: 9.78G.  Cuda 0: memory acclocated: 26 G.
11/13/2023 05:24:40 - DEBUG - fsspec.local -   open file: /home/lunt1/.cache/huggingface/metrics/precision/default/default_experiment-1-0.arrow
11/13/2023 05:24:40 - DEBUG - fsspec.local -   open file: /home/lunt1/.cache/huggingface/metrics/recall/default/default_experiment-1-0.arrow
11/13/2023 05:24:40 - DEBUG - fsspec.local -   open file: /home/lunt1/.cache/huggingface/metrics/f1/default/default_experiment-1-0.arrow
11/13/2023 05:24:40 - DEBUG - fsspec.local -   open file: /home/lunt1/.cache/huggingface/metrics/spearmanr/default/default_experiment-1-0.arrow
11/13/2023 05:24:41 - DEBUG - fsspec.local -   open file: /home/lunt1/.cache/huggingface/metrics/precision/default/default_experiment-1-0.arrow
11/13/2023 05:24:41 - DEBUG - fsspec.local -   open file: /home/lunt1/.cache/huggingface/metrics/recall/default/default_experiment-1-0.arrow
11/13/2023 05:24:41 - DEBUG - fsspec.local -   open file: /home/lunt1/.cache/huggingface/metrics/f1/default/default_experiment-1-0.arrow
{'eval_loss': 1.4347707033157349, 'eval_precision': 0.3302221556701319, 'eval_recall': 0.3671820331384888, 'eval_f1': 0.33352272127635546, 'eval_spearmanr': 0.8164842612282361, 'eval_precision_weighted': 0.43473894009020064, 'eval_recall_weighted': 0.46139705882352944, 'eval_f1_weighted': 0.4309855456003247, 'eval_runtime': 130.0928, 'eval_samples_per_second': 4.182, 'eval_steps_per_second': 2.091, 'epoch': 3.0}
11/13/2023 05:24:47 - DEBUG - helper.classes -   ----------- Starting epoch 4.0 -----------
{'loss': 1.0404, 'learning_rate': 6.761162296243799e-06, 'epoch': 3.19}
{'loss': 1.018, 'learning_rate': 1.4457831325301207e-06, 'epoch': 3.83}
11/13/2023 05:44:55 - DEBUG - helper.classes -   Epoch 4.0 completed, Duration: 0:20:07 Mem usage: CPU mem usage: 9.76G.  Cuda 0: memory acclocated: 26 G.
11/13/2023 05:47:04 - DEBUG - fsspec.local -   open file: /home/lunt1/.cache/huggingface/metrics/precision/default/default_experiment-1-0.arrow
11/13/2023 05:47:04 - DEBUG - fsspec.local -   open file: /home/lunt1/.cache/huggingface/metrics/recall/default/default_experiment-1-0.arrow
11/13/2023 05:47:04 - DEBUG - fsspec.local -   open file: /home/lunt1/.cache/huggingface/metrics/f1/default/default_experiment-1-0.arrow
11/13/2023 05:47:04 - DEBUG - fsspec.local -   open file: /home/lunt1/.cache/huggingface/metrics/spearmanr/default/default_experiment-1-0.arrow
11/13/2023 05:47:04 - DEBUG - fsspec.local -   open file: /home/lunt1/.cache/huggingface/metrics/precision/default/default_experiment-1-0.arrow
11/13/2023 05:47:04 - DEBUG - fsspec.local -   open file: /home/lunt1/.cache/huggingface/metrics/recall/default/default_experiment-1-0.arrow
11/13/2023 05:47:04 - DEBUG - fsspec.local -   open file: /home/lunt1/.cache/huggingface/metrics/f1/default/default_experiment-1-0.arrow
{'eval_loss': 1.4683064222335815, 'eval_precision': 0.3456433875607591, 'eval_recall': 0.3830696844073746, 'eval_f1': 0.35053126019442493, 'eval_spearmanr': 0.8249584695674631, 'eval_precision_weighted': 0.4556234785883652, 'eval_recall_weighted': 0.4797794117647059, 'eval_f1_weighted': 0.452261311324904, 'eval_runtime': 128.8351, 'eval_samples_per_second': 4.222, 'eval_steps_per_second': 2.111, 'epoch': 4.0}
{'train_runtime': 5414.2341, 'train_samples_per_second': 1.158, 'train_steps_per_second': 0.579, 'train_loss': 1.163029330117362, 'epoch': 4.0}
11/13/2023 05:47:14 - INFO - __main__ -   Training completed. Duration: 1:30:14
11/13/2023 05:49:22 - DEBUG - fsspec.local -   open file: /home/lunt1/.cache/huggingface/metrics/precision/default/default_experiment-1-0.arrow
11/13/2023 05:49:22 - DEBUG - fsspec.local -   open file: /home/lunt1/.cache/huggingface/metrics/recall/default/default_experiment-1-0.arrow
11/13/2023 05:49:22 - DEBUG - fsspec.local -   open file: /home/lunt1/.cache/huggingface/metrics/f1/default/default_experiment-1-0.arrow
11/13/2023 05:49:22 - DEBUG - fsspec.local -   open file: /home/lunt1/.cache/huggingface/metrics/spearmanr/default/default_experiment-1-0.arrow
11/13/2023 05:49:22 - DEBUG - fsspec.local -   open file: /home/lunt1/.cache/huggingface/metrics/precision/default/default_experiment-1-0.arrow
11/13/2023 05:49:22 - DEBUG - fsspec.local -   open file: /home/lunt1/.cache/huggingface/metrics/recall/default/default_experiment-1-0.arrow
11/13/2023 05:49:22 - DEBUG - fsspec.local -   open file: /home/lunt1/.cache/huggingface/metrics/f1/default/default_experiment-1-0.arrow
11/13/2023 05:49:22 - DEBUG - fsspec.local -   open file: /home/lunt1/.cache/huggingface/metrics/precision/default/default_experiment-1-0.arrow
11/13/2023 05:49:22 - DEBUG - fsspec.local -   open file: /home/lunt1/.cache/huggingface/metrics/recall/default/default_experiment-1-0.arrow
11/13/2023 05:49:22 - DEBUG - fsspec.local -   open file: /home/lunt1/.cache/huggingface/metrics/f1/default/default_experiment-1-0.arrow
11/13/2023 05:49:22 - DEBUG - fsspec.local -   open file: /home/lunt1/.cache/huggingface/metrics/spearmanr/default/default_experiment-1-0.arrow
11/13/2023 05:49:22 - DEBUG - fsspec.local -   open file: /home/lunt1/.cache/huggingface/metrics/precision/default/default_experiment-1-0.arrow
11/13/2023 05:49:22 - DEBUG - fsspec.local -   open file: /home/lunt1/.cache/huggingface/metrics/recall/default/default_experiment-1-0.arrow
11/13/2023 05:49:22 - DEBUG - fsspec.local -   open file: /home/lunt1/.cache/huggingface/metrics/f1/default/default_experiment-1-0.arrow
11/13/2023 05:49:22 - DEBUG - __main__ -   label: 4
11/13/2023 05:49:22 - DEBUG - __main__ -   pred: 5
11/13/2023 05:49:22 - DEBUG - __main__ -   label: 4
11/13/2023 05:49:22 - DEBUG - __main__ -   pred: 4
11/13/2023 05:49:22 - DEBUG - __main__ -   label: 5
11/13/2023 05:49:22 - DEBUG - __main__ -   pred: 5
11/13/2023 05:49:22 - DEBUG - __main__ -   label: 5
11/13/2023 05:49:22 - DEBUG - __main__ -   pred: 4
11/13/2023 05:49:22 - DEBUG - __main__ -   label: 3
11/13/2023 05:49:22 - DEBUG - __main__ -   pred: 4
11/13/2023 05:49:22 - DEBUG - __main__ -   label: 3
11/13/2023 05:49:22 - DEBUG - __main__ -   pred: 4
11/13/2023 05:49:22 - DEBUG - __main__ -   label: 4
11/13/2023 05:49:22 - DEBUG - __main__ -   pred: 4
11/13/2023 05:49:22 - DEBUG - __main__ -   label: 3
11/13/2023 05:49:22 - DEBUG - __main__ -   pred: 1
11/13/2023 05:49:22 - DEBUG - __main__ -   label: 3
11/13/2023 05:49:22 - DEBUG - __main__ -   pred: 3
11/13/2023 05:49:22 - DEBUG - __main__ -   label: 2
11/13/2023 05:49:22 - DEBUG - __main__ -   pred: 1
11/13/2023 05:49:22 - DEBUG - __main__ -   label: 2
11/13/2023 05:49:22 - DEBUG - __main__ -   pred: 1
11/13/2023 05:49:22 - DEBUG - __main__ -   label: 3
11/13/2023 05:49:22 - DEBUG - __main__ -   pred: 3
11/13/2023 05:49:22 - DEBUG - __main__ -   label: 3
11/13/2023 05:49:22 - DEBUG - __main__ -   pred: 3
11/13/2023 05:49:22 - DEBUG - __main__ -   label: 5
11/13/2023 05:49:22 - DEBUG - __main__ -   pred: 5
11/13/2023 05:49:22 - DEBUG - __main__ -   label: 3
11/13/2023 05:49:22 - DEBUG - __main__ -   pred: 3
11/13/2023 05:49:22 - DEBUG - __main__ -   label: 3
11/13/2023 05:49:22 - DEBUG - __main__ -   pred: 4
11/13/2023 05:49:22 - DEBUG - __main__ -   label: 6
11/13/2023 05:49:22 - DEBUG - __main__ -   pred: 5
11/13/2023 05:49:22 - DEBUG - __main__ -   label: 4
11/13/2023 05:49:22 - DEBUG - __main__ -   pred: 4
11/13/2023 05:49:22 - DEBUG - __main__ -   label: 3
11/13/2023 05:49:22 - DEBUG - __main__ -   pred: 4
11/13/2023 05:49:22 - DEBUG - __main__ -   label: 3
11/13/2023 05:49:22 - DEBUG - __main__ -   pred: 4
11/13/2023 05:49:22 - DEBUG - __main__ -   label: 6
11/13/2023 05:49:22 - DEBUG - __main__ -   pred: 5
11/13/2023 05:49:22 - DEBUG - __main__ -   label: 4
11/13/2023 05:49:22 - DEBUG - __main__ -   pred: 5
11/13/2023 05:49:22 - DEBUG - __main__ -   label: 3
11/13/2023 05:49:22 - DEBUG - __main__ -   pred: 3
11/13/2023 05:49:22 - DEBUG - __main__ -   label: 4
11/13/2023 05:49:22 - DEBUG - __main__ -   pred: 4
11/13/2023 05:49:22 - DEBUG - __main__ -   label: 4
11/13/2023 05:49:22 - DEBUG - __main__ -   pred: 5
11/13/2023 05:49:22 - DEBUG - __main__ -   label: 6
11/13/2023 05:49:22 - DEBUG - __main__ -   pred: 5
11/13/2023 05:49:22 - DEBUG - __main__ -   label: 3
11/13/2023 05:49:22 - DEBUG - __main__ -   pred: 3
11/13/2023 05:49:22 - DEBUG - __main__ -   label: 6
11/13/2023 05:49:22 - DEBUG - __main__ -   pred: 3
11/13/2023 05:49:22 - DEBUG - __main__ -   label: 4
11/13/2023 05:49:22 - DEBUG - __main__ -   pred: 3
11/13/2023 05:49:22 - DEBUG - __main__ -   label: 1
11/13/2023 05:49:22 - DEBUG - __main__ -   pred: 2
11/13/2023 05:49:22 - DEBUG - __main__ -   label: 3
11/13/2023 05:49:22 - DEBUG - __main__ -   pred: 3
11/13/2023 05:49:22 - DEBUG - __main__ -   label: 6
11/13/2023 05:49:22 - DEBUG - __main__ -   pred: 3
11/13/2023 05:49:22 - DEBUG - __main__ -   label: 3
11/13/2023 05:49:22 - DEBUG - __main__ -   pred: 3
11/13/2023 05:49:22 - DEBUG - __main__ -   label: 5
11/13/2023 05:49:22 - DEBUG - __main__ -   pred: 4
11/13/2023 05:49:22 - DEBUG - __main__ -   label: 5
11/13/2023 05:49:22 - DEBUG - __main__ -   pred: 4
11/13/2023 05:49:22 - DEBUG - __main__ -   label: 2
11/13/2023 05:49:22 - DEBUG - __main__ -   pred: 3
11/13/2023 05:49:22 - DEBUG - __main__ -   label: 4
11/13/2023 05:49:22 - DEBUG - __main__ -   pred: 4
11/13/2023 05:49:22 - DEBUG - __main__ -   label: 5
11/13/2023 05:49:22 - DEBUG - __main__ -   pred: 3
11/13/2023 05:49:22 - DEBUG - __main__ -   label: 6
11/13/2023 05:49:22 - DEBUG - __main__ -   pred: 5
11/13/2023 05:49:22 - DEBUG - __main__ -   label: 6
11/13/2023 05:49:22 - DEBUG - __main__ -   pred: 5
11/13/2023 05:49:22 - DEBUG - __main__ -   label: 5
11/13/2023 05:49:22 - DEBUG - __main__ -   pred: 5
11/13/2023 05:49:22 - DEBUG - __main__ -   label: 6
11/13/2023 05:49:22 - DEBUG - __main__ -   pred: 5
11/13/2023 05:49:22 - DEBUG - __main__ -   label: 4
11/13/2023 05:49:22 - DEBUG - __main__ -   pred: 5
11/13/2023 05:49:22 - DEBUG - __main__ -   label: 4
11/13/2023 05:49:22 - DEBUG - __main__ -   pred: 5
11/13/2023 05:49:22 - DEBUG - __main__ -   label: 4
11/13/2023 05:49:22 - DEBUG - __main__ -   pred: 5
11/13/2023 05:49:22 - DEBUG - __main__ -   label: 5
11/13/2023 05:49:22 - DEBUG - __main__ -   pred: 4
11/13/2023 05:49:22 - DEBUG - __main__ -   label: 5
11/13/2023 05:49:22 - DEBUG - __main__ -   pred: 4
11/13/2023 05:49:22 - DEBUG - __main__ -   label: 4
11/13/2023 05:49:22 - DEBUG - __main__ -   pred: 4
11/13/2023 05:49:22 - DEBUG - __main__ -   label: 4
11/13/2023 05:49:22 - DEBUG - __main__ -   pred: 1
11/13/2023 05:49:22 - DEBUG - __main__ -   label: 1
11/13/2023 05:49:22 - DEBUG - __main__ -   pred: 1
11/13/2023 05:49:22 - DEBUG - __main__ -   label: 5
11/13/2023 05:49:22 - DEBUG - __main__ -   pred: 4
11/13/2023 05:49:22 - DEBUG - __main__ -   label: 3
11/13/2023 05:49:22 - DEBUG - __main__ -   pred: 4
11/13/2023 05:49:22 - DEBUG - __main__ -   label: 2
11/13/2023 05:49:22 - DEBUG - __main__ -   pred: 1
11/13/2023 05:49:22 - DEBUG - __main__ -   label: 2
11/13/2023 05:49:22 - DEBUG - __main__ -   pred: 4
11/13/2023 05:49:22 - DEBUG - __main__ -   label: 5
11/13/2023 05:49:22 - DEBUG - __main__ -   pred: 5
11/13/2023 05:49:22 - DEBUG - __main__ -   label: 5
11/13/2023 05:49:22 - DEBUG - __main__ -   pred: 4
11/13/2023 05:49:22 - DEBUG - __main__ -   label: 5
11/13/2023 05:49:22 - DEBUG - __main__ -   pred: 4
11/13/2023 05:49:22 - DEBUG - __main__ -   label: 3
11/13/2023 05:49:22 - DEBUG - __main__ -   pred: 4
11/13/2023 05:49:22 - DEBUG - __main__ -   label: 4
11/13/2023 05:49:22 - DEBUG - __main__ -   pred: 5
11/13/2023 05:49:22 - DEBUG - __main__ -   label: 5
11/13/2023 05:49:22 - DEBUG - __main__ -   pred: 5
11/13/2023 05:49:22 - DEBUG - __main__ -   label: 5
11/13/2023 05:49:22 - DEBUG - __main__ -   pred: 5
11/13/2023 05:49:22 - DEBUG - __main__ -   label: 4
11/13/2023 05:49:22 - DEBUG - __main__ -   pred: 3
11/13/2023 05:49:22 - DEBUG - __main__ -   label: 4
11/13/2023 05:49:22 - DEBUG - __main__ -   pred: 3
11/13/2023 05:49:22 - DEBUG - __main__ -   label: 4
11/13/2023 05:49:22 - DEBUG - __main__ -   pred: 3
11/13/2023 05:49:22 - DEBUG - __main__ -   label: 3
11/13/2023 05:49:22 - DEBUG - __main__ -   pred: 3
11/13/2023 05:49:22 - DEBUG - __main__ -   label: 5
11/13/2023 05:49:22 - DEBUG - __main__ -   pred: 1
11/13/2023 05:49:22 - DEBUG - __main__ -   label: 3
11/13/2023 05:49:22 - DEBUG - __main__ -   pred: 2
11/13/2023 05:49:22 - DEBUG - __main__ -   label: 4
11/13/2023 05:49:22 - DEBUG - __main__ -   pred: 3
11/13/2023 05:49:22 - DEBUG - __main__ -   label: 2
11/13/2023 05:49:22 - DEBUG - __main__ -   pred: 1
11/13/2023 05:49:22 - DEBUG - __main__ -   label: 2
11/13/2023 05:49:22 - DEBUG - __main__ -   pred: 1
11/13/2023 05:49:22 - DEBUG - __main__ -   label: 5
11/13/2023 05:49:22 - DEBUG - __main__ -   pred: 5
11/13/2023 05:49:22 - DEBUG - __main__ -   label: 5
11/13/2023 05:49:22 - DEBUG - __main__ -   pred: 5
11/13/2023 05:49:22 - DEBUG - __main__ -   label: 4
11/13/2023 05:49:22 - DEBUG - __main__ -   pred: 4
11/13/2023 05:49:22 - DEBUG - __main__ -   label: 4
11/13/2023 05:49:22 - DEBUG - __main__ -   pred: 5
11/13/2023 05:49:22 - DEBUG - __main__ -   label: 2
11/13/2023 05:49:22 - DEBUG - __main__ -   pred: 3
11/13/2023 05:49:22 - DEBUG - __main__ -   label: 4
11/13/2023 05:49:22 - DEBUG - __main__ -   pred: 4
11/13/2023 05:49:22 - DEBUG - __main__ -   label: 3
11/13/2023 05:49:22 - DEBUG - __main__ -   pred: 3
11/13/2023 05:49:22 - DEBUG - __main__ -   label: 3
11/13/2023 05:49:22 - DEBUG - __main__ -   pred: 4
11/13/2023 05:49:22 - DEBUG - __main__ -   label: 3
11/13/2023 05:49:22 - DEBUG - __main__ -   pred: 3
11/13/2023 05:49:22 - DEBUG - __main__ -   label: 3
11/13/2023 05:49:22 - DEBUG - __main__ -   pred: 3
11/13/2023 05:49:22 - DEBUG - __main__ -   label: 1
11/13/2023 05:49:22 - DEBUG - __main__ -   pred: 3
11/13/2023 05:49:22 - DEBUG - __main__ -   label: 3
11/13/2023 05:49:22 - DEBUG - __main__ -   pred: 5
11/13/2023 05:49:22 - DEBUG - __main__ -   label: 6
11/13/2023 05:49:22 - DEBUG - __main__ -   pred: 5
11/13/2023 05:49:22 - DEBUG - __main__ -   label: 4
11/13/2023 05:49:22 - DEBUG - __main__ -   pred: 5
11/13/2023 05:49:22 - DEBUG - __main__ -   label: 4
11/13/2023 05:49:22 - DEBUG - __main__ -   pred: 5
11/13/2023 05:49:22 - DEBUG - __main__ -   label: 4
11/13/2023 05:49:22 - DEBUG - __main__ -   pred: 4
11/13/2023 05:49:22 - DEBUG - __main__ -   label: 3
11/13/2023 05:49:22 - DEBUG - __main__ -   pred: 4
11/13/2023 05:49:22 - DEBUG - __main__ -   label: 4
11/13/2023 05:49:22 - DEBUG - __main__ -   pred: 5
11/13/2023 05:49:22 - DEBUG - __main__ -   label: 3
11/13/2023 05:49:22 - DEBUG - __main__ -   pred: 5
11/13/2023 05:49:22 - DEBUG - __main__ -   label: 2
11/13/2023 05:49:22 - DEBUG - __main__ -   pred: 3
11/13/2023 05:49:22 - DEBUG - __main__ -   label: 3
11/13/2023 05:49:22 - DEBUG - __main__ -   pred: 4
11/13/2023 05:49:22 - DEBUG - __main__ -   label: 2
11/13/2023 05:49:22 - DEBUG - __main__ -   pred: 2
11/13/2023 05:49:22 - DEBUG - __main__ -   label: 4
11/13/2023 05:49:22 - DEBUG - __main__ -   pred: 3
11/13/2023 05:49:22 - DEBUG - __main__ -   label: 3
11/13/2023 05:49:22 - DEBUG - __main__ -   pred: 3
11/13/2023 05:49:22 - DEBUG - __main__ -   label: 3
11/13/2023 05:49:22 - DEBUG - __main__ -   pred: 3
11/13/2023 05:49:22 - DEBUG - __main__ -   label: 3
11/13/2023 05:49:22 - DEBUG - __main__ -   pred: 3
11/13/2023 05:49:22 - DEBUG - __main__ -   label: 2
11/13/2023 05:49:22 - DEBUG - __main__ -   pred: 3
11/13/2023 05:49:22 - DEBUG - __main__ -   label: 2
11/13/2023 05:49:22 - DEBUG - __main__ -   pred: 3
11/13/2023 05:49:22 - DEBUG - __main__ -   label: 3
11/13/2023 05:49:22 - DEBUG - __main__ -   pred: 5
11/13/2023 05:49:22 - DEBUG - __main__ -   label: 5
11/13/2023 05:49:22 - DEBUG - __main__ -   pred: 5
11/13/2023 05:49:22 - DEBUG - __main__ -   label: 4
11/13/2023 05:49:22 - DEBUG - __main__ -   pred: 5
11/13/2023 05:49:22 - DEBUG - __main__ -   label: 4
11/13/2023 05:49:22 - DEBUG - __main__ -   pred: 4
11/13/2023 05:49:22 - DEBUG - __main__ -   label: 3
11/13/2023 05:49:22 - DEBUG - __main__ -   pred: 4
11/13/2023 05:49:22 - DEBUG - __main__ -   label: 3
11/13/2023 05:49:22 - DEBUG - __main__ -   pred: 4
11/13/2023 05:49:22 - DEBUG - __main__ -   label: 5
11/13/2023 05:49:22 - DEBUG - __main__ -   pred: 5
11/13/2023 05:49:22 - DEBUG - __main__ -   label: 2
11/13/2023 05:49:22 - DEBUG - __main__ -   pred: 3
11/13/2023 05:49:22 - DEBUG - __main__ -   label: 4
11/13/2023 05:49:22 - DEBUG - __main__ -   pred: 1
11/13/2023 05:49:22 - DEBUG - __main__ -   label: 6
11/13/2023 05:49:22 - DEBUG - __main__ -   pred: 4
11/13/2023 05:49:22 - DEBUG - __main__ -   label: 3
11/13/2023 05:49:22 - DEBUG - __main__ -   pred: 3
11/13/2023 05:49:22 - DEBUG - __main__ -   label: 5
11/13/2023 05:49:22 - DEBUG - __main__ -   pred: 4
11/13/2023 05:49:22 - DEBUG - __main__ -   label: 4
11/13/2023 05:49:22 - DEBUG - __main__ -   pred: 3
11/13/2023 05:49:22 - DEBUG - __main__ -   label: 3
11/13/2023 05:49:22 - DEBUG - __main__ -   pred: 2
11/13/2023 05:49:22 - DEBUG - __main__ -   label: 6
11/13/2023 05:49:22 - DEBUG - __main__ -   pred: 3
11/13/2023 05:49:22 - DEBUG - __main__ -   label: 5
11/13/2023 05:49:22 - DEBUG - __main__ -   pred: 3
11/13/2023 05:49:22 - DEBUG - __main__ -   label: 3
11/13/2023 05:49:22 - DEBUG - __main__ -   pred: 2
11/13/2023 05:49:22 - DEBUG - __main__ -   label: 6
11/13/2023 05:49:22 - DEBUG - __main__ -   pred: 4
11/13/2023 05:49:22 - DEBUG - __main__ -   label: 5
11/13/2023 05:49:22 - DEBUG - __main__ -   pred: 2
11/13/2023 05:49:22 - DEBUG - __main__ -   label: 3
11/13/2023 05:49:22 - DEBUG - __main__ -   pred: 3
11/13/2023 05:49:22 - DEBUG - __main__ -   label: 5
11/13/2023 05:49:22 - DEBUG - __main__ -   pred: 5
11/13/2023 05:49:22 - DEBUG - __main__ -   label: 4
11/13/2023 05:49:22 - DEBUG - __main__ -   pred: 4
11/13/2023 05:49:22 - DEBUG - __main__ -   label: 6
11/13/2023 05:49:22 - DEBUG - __main__ -   pred: 5
11/13/2023 05:49:22 - DEBUG - __main__ -   label: 4
11/13/2023 05:49:22 - DEBUG - __main__ -   pred: 4
11/13/2023 05:49:22 - DEBUG - __main__ -   label: 3
11/13/2023 05:49:22 - DEBUG - __main__ -   pred: 5
11/13/2023 05:49:22 - DEBUG - __main__ -   label: 6
11/13/2023 05:49:22 - DEBUG - __main__ -   pred: 5
11/13/2023 05:49:22 - DEBUG - __main__ -   label: 6
11/13/2023 05:49:22 - DEBUG - __main__ -   pred: 5
11/13/2023 05:49:22 - DEBUG - __main__ -   label: 5
11/13/2023 05:49:22 - DEBUG - __main__ -   pred: 5
11/13/2023 05:49:22 - DEBUG - __main__ -   label: 5
11/13/2023 05:49:22 - DEBUG - __main__ -   pred: 4
11/13/2023 05:49:22 - DEBUG - __main__ -   label: 4
11/13/2023 05:49:22 - DEBUG - __main__ -   pred: 4
11/13/2023 05:49:22 - DEBUG - __main__ -   label: 2
11/13/2023 05:49:22 - DEBUG - __main__ -   pred: 3
11/13/2023 05:49:22 - DEBUG - __main__ -   label: 0
11/13/2023 05:49:22 - DEBUG - __main__ -   pred: 1
11/13/2023 05:49:22 - DEBUG - __main__ -   label: 4
11/13/2023 05:49:22 - DEBUG - __main__ -   pred: 3
11/13/2023 05:49:22 - DEBUG - __main__ -   label: 3
11/13/2023 05:49:22 - DEBUG - __main__ -   pred: 3
11/13/2023 05:49:22 - DEBUG - __main__ -   label: 3
11/13/2023 05:49:22 - DEBUG - __main__ -   pred: 4
11/13/2023 05:49:22 - DEBUG - __main__ -   label: 5
11/13/2023 05:49:22 - DEBUG - __main__ -   pred: 5
11/13/2023 05:49:22 - DEBUG - __main__ -   label: 5
11/13/2023 05:49:22 - DEBUG - __main__ -   pred: 5
11/13/2023 05:49:22 - DEBUG - __main__ -   label: 1
11/13/2023 05:49:22 - DEBUG - __main__ -   pred: 3
11/13/2023 05:49:22 - DEBUG - __main__ -   label: 4
11/13/2023 05:49:22 - DEBUG - __main__ -   pred: 3
11/13/2023 05:49:22 - DEBUG - __main__ -   label: 3
11/13/2023 05:49:22 - DEBUG - __main__ -   pred: 4
11/13/2023 05:49:22 - DEBUG - __main__ -   label: 4
11/13/2023 05:49:22 - DEBUG - __main__ -   pred: 3
11/13/2023 05:49:22 - DEBUG - __main__ -   label: 3
11/13/2023 05:49:22 - DEBUG - __main__ -   pred: 2
11/13/2023 05:49:22 - DEBUG - __main__ -   label: 4
11/13/2023 05:49:22 - DEBUG - __main__ -   pred: 4
11/13/2023 05:49:22 - DEBUG - __main__ -   label: 1
11/13/2023 05:49:22 - DEBUG - __main__ -   pred: 2
11/13/2023 05:49:22 - DEBUG - __main__ -   label: 5
11/13/2023 05:49:22 - DEBUG - __main__ -   pred: 5
11/13/2023 05:49:22 - DEBUG - __main__ -   label: 5
11/13/2023 05:49:22 - DEBUG - __main__ -   pred: 5
11/13/2023 05:49:22 - DEBUG - __main__ -   label: 4
11/13/2023 05:49:22 - DEBUG - __main__ -   pred: 5
11/13/2023 05:49:22 - DEBUG - __main__ -   label: 4
11/13/2023 05:49:22 - DEBUG - __main__ -   pred: 4
11/13/2023 05:49:22 - DEBUG - __main__ -   label: 2
11/13/2023 05:49:22 - DEBUG - __main__ -   pred: 4
11/13/2023 05:49:22 - DEBUG - __main__ -   label: 5
11/13/2023 05:49:22 - DEBUG - __main__ -   pred: 4
11/13/2023 05:49:22 - DEBUG - __main__ -   label: 2
11/13/2023 05:49:22 - DEBUG - __main__ -   pred: 3
11/13/2023 05:49:22 - DEBUG - __main__ -   label: 4
11/13/2023 05:49:22 - DEBUG - __main__ -   pred: 4
11/13/2023 05:49:22 - DEBUG - __main__ -   label: 2
11/13/2023 05:49:22 - DEBUG - __main__ -   pred: 3
11/13/2023 05:49:22 - DEBUG - __main__ -   label: 6
11/13/2023 05:49:22 - DEBUG - __main__ -   pred: 4
11/13/2023 05:49:22 - DEBUG - __main__ -   label: 2
11/13/2023 05:49:22 - DEBUG - __main__ -   pred: 3
11/13/2023 05:49:22 - DEBUG - __main__ -   label: 1
11/13/2023 05:49:22 - DEBUG - __main__ -   pred: 2
11/13/2023 05:49:22 - DEBUG - __main__ -   label: 3
11/13/2023 05:49:22 - DEBUG - __main__ -   pred: 5
11/13/2023 05:49:22 - DEBUG - __main__ -   label: 4
11/13/2023 05:49:22 - DEBUG - __main__ -   pred: 4
11/13/2023 05:49:22 - DEBUG - __main__ -   label: 3
11/13/2023 05:49:22 - DEBUG - __main__ -   pred: 4
11/13/2023 05:49:22 - DEBUG - __main__ -   label: 5
11/13/2023 05:49:22 - DEBUG - __main__ -   pred: 5
11/13/2023 05:49:22 - DEBUG - __main__ -   label: 2
11/13/2023 05:49:22 - DEBUG - __main__ -   pred: 2
11/13/2023 05:49:22 - DEBUG - __main__ -   label: 2
11/13/2023 05:49:22 - DEBUG - __main__ -   pred: 2
11/13/2023 05:49:22 - DEBUG - __main__ -   label: 4
11/13/2023 05:49:22 - DEBUG - __main__ -   pred: 5
11/13/2023 05:49:22 - DEBUG - __main__ -   label: 2
11/13/2023 05:49:22 - DEBUG - __main__ -   pred: 2
11/13/2023 05:49:22 - DEBUG - __main__ -   label: 2
11/13/2023 05:49:22 - DEBUG - __main__ -   pred: 2
11/13/2023 05:49:22 - DEBUG - __main__ -   label: 2
11/13/2023 05:49:22 - DEBUG - __main__ -   pred: 1
11/13/2023 05:49:22 - DEBUG - __main__ -   label: 1
11/13/2023 05:49:22 - DEBUG - __main__ -   pred: 1
11/13/2023 05:49:22 - DEBUG - __main__ -   label: 1
11/13/2023 05:49:22 - DEBUG - __main__ -   pred: 1
11/13/2023 05:49:22 - DEBUG - __main__ -   label: 2
11/13/2023 05:49:22 - DEBUG - __main__ -   pred: 2
11/13/2023 05:49:22 - DEBUG - __main__ -   label: 1
11/13/2023 05:49:22 - DEBUG - __main__ -   pred: 2
11/13/2023 05:49:22 - DEBUG - __main__ -   label: 1
11/13/2023 05:49:22 - DEBUG - __main__ -   pred: 1
11/13/2023 05:49:22 - DEBUG - __main__ -   label: 2
11/13/2023 05:49:22 - DEBUG - __main__ -   pred: 2
11/13/2023 05:49:22 - DEBUG - __main__ -   label: 2
11/13/2023 05:49:22 - DEBUG - __main__ -   pred: 1
11/13/2023 05:49:22 - DEBUG - __main__ -   label: 2
11/13/2023 05:49:22 - DEBUG - __main__ -   pred: 2
11/13/2023 05:49:22 - DEBUG - __main__ -   label: 2
11/13/2023 05:49:22 - DEBUG - __main__ -   pred: 1
11/13/2023 05:49:22 - DEBUG - __main__ -   label: 2
11/13/2023 05:49:22 - DEBUG - __main__ -   pred: 2
11/13/2023 05:49:22 - DEBUG - __main__ -   label: 2
11/13/2023 05:49:22 - DEBUG - __main__ -   pred: 2
11/13/2023 05:49:22 - DEBUG - __main__ -   label: 6
11/13/2023 05:49:22 - DEBUG - __main__ -   pred: 5
11/13/2023 05:49:22 - DEBUG - __main__ -   label: 6
11/13/2023 05:49:22 - DEBUG - __main__ -   pred: 5
11/13/2023 05:49:22 - DEBUG - __main__ -   label: 5
11/13/2023 05:49:22 - DEBUG - __main__ -   pred: 5
11/13/2023 05:49:22 - DEBUG - __main__ -   label: 5
11/13/2023 05:49:22 - DEBUG - __main__ -   pred: 5
11/13/2023 05:49:22 - DEBUG - __main__ -   label: 5
11/13/2023 05:49:22 - DEBUG - __main__ -   pred: 5
11/13/2023 05:49:22 - DEBUG - __main__ -   label: 6
11/13/2023 05:49:22 - DEBUG - __main__ -   pred: 5
11/13/2023 05:49:22 - DEBUG - __main__ -   label: 2
11/13/2023 05:49:22 - DEBUG - __main__ -   pred: 2
11/13/2023 05:49:22 - DEBUG - __main__ -   label: 2
11/13/2023 05:49:22 - DEBUG - __main__ -   pred: 2
11/13/2023 05:49:22 - DEBUG - __main__ -   label: 1
11/13/2023 05:49:22 - DEBUG - __main__ -   pred: 2
11/13/2023 05:49:22 - DEBUG - __main__ -   label: 1
11/13/2023 05:49:22 - DEBUG - __main__ -   pred: 1
11/13/2023 05:49:22 - DEBUG - __main__ -   label: 1
11/13/2023 05:49:22 - DEBUG - __main__ -   pred: 1
11/13/2023 05:49:22 - DEBUG - __main__ -   label: 1
11/13/2023 05:49:22 - DEBUG - __main__ -   pred: 1
11/13/2023 05:49:22 - DEBUG - __main__ -   label: 2
11/13/2023 05:49:22 - DEBUG - __main__ -   pred: 2
11/13/2023 05:49:22 - DEBUG - __main__ -   label: 2
11/13/2023 05:49:22 - DEBUG - __main__ -   pred: 1
11/13/2023 05:49:22 - DEBUG - __main__ -   label: 1
11/13/2023 05:49:22 - DEBUG - __main__ -   pred: 1
11/13/2023 05:49:22 - DEBUG - __main__ -   label: 1
11/13/2023 05:49:22 - DEBUG - __main__ -   pred: 1
11/13/2023 05:49:22 - DEBUG - __main__ -   label: 2
11/13/2023 05:49:22 - DEBUG - __main__ -   pred: 2
11/13/2023 05:49:22 - DEBUG - __main__ -   label: 2
11/13/2023 05:49:22 - DEBUG - __main__ -   pred: 2
11/13/2023 05:49:22 - DEBUG - __main__ -   label: 2
11/13/2023 05:49:22 - DEBUG - __main__ -   pred: 2
11/13/2023 05:49:22 - DEBUG - __main__ -   label: 2
11/13/2023 05:49:22 - DEBUG - __main__ -   pred: 1
11/13/2023 05:49:22 - DEBUG - __main__ -   label: 5
11/13/2023 05:49:22 - DEBUG - __main__ -   pred: 5
11/13/2023 05:49:22 - DEBUG - __main__ -   label: 5
11/13/2023 05:49:22 - DEBUG - __main__ -   pred: 5
11/13/2023 05:49:22 - DEBUG - __main__ -   label: 4
11/13/2023 05:49:22 - DEBUG - __main__ -   pred: 4
11/13/2023 05:49:22 - DEBUG - __main__ -   label: 5
11/13/2023 05:49:22 - DEBUG - __main__ -   pred: 5
11/13/2023 05:49:22 - DEBUG - __main__ -   label: 5
11/13/2023 05:49:22 - DEBUG - __main__ -   pred: 5
11/13/2023 05:49:22 - DEBUG - __main__ -   label: 5
11/13/2023 05:49:22 - DEBUG - __main__ -   pred: 5
11/13/2023 05:49:22 - DEBUG - __main__ -   label: 3
11/13/2023 05:49:22 - DEBUG - __main__ -   pred: 3
11/13/2023 05:49:22 - DEBUG - __main__ -   label: 5
11/13/2023 05:49:22 - DEBUG - __main__ -   pred: 5
11/13/2023 05:49:22 - DEBUG - __main__ -   label: 5
11/13/2023 05:49:22 - DEBUG - __main__ -   pred: 5
11/13/2023 05:49:22 - DEBUG - __main__ -   label: 4
11/13/2023 05:49:22 - DEBUG - __main__ -   pred: 5
11/13/2023 05:49:22 - DEBUG - __main__ -   label: 2
11/13/2023 05:49:22 - DEBUG - __main__ -   pred: 2
11/13/2023 05:49:22 - DEBUG - __main__ -   label: 4
11/13/2023 05:49:22 - DEBUG - __main__ -   pred: 4
11/13/2023 05:49:22 - DEBUG - __main__ -   label: 5
11/13/2023 05:49:22 - DEBUG - __main__ -   pred: 5
11/13/2023 05:49:22 - DEBUG - __main__ -   label: 2
11/13/2023 05:49:22 - DEBUG - __main__ -   pred: 1
11/13/2023 05:49:22 - DEBUG - __main__ -   label: 3
11/13/2023 05:49:22 - DEBUG - __main__ -   pred: 2
11/13/2023 05:49:22 - DEBUG - __main__ -   label: 3
11/13/2023 05:49:22 - DEBUG - __main__ -   pred: 2
11/13/2023 05:49:22 - DEBUG - __main__ -   label: 2
11/13/2023 05:49:22 - DEBUG - __main__ -   pred: 2
11/13/2023 05:49:22 - DEBUG - __main__ -   label: 2
11/13/2023 05:49:22 - DEBUG - __main__ -   pred: 2
11/13/2023 05:49:22 - DEBUG - __main__ -   label: 3
11/13/2023 05:49:22 - DEBUG - __main__ -   pred: 2
11/13/2023 05:49:22 - DEBUG - __main__ -   label: 2
11/13/2023 05:49:22 - DEBUG - __main__ -   pred: 1
11/13/2023 05:49:22 - DEBUG - __main__ -   label: 2
11/13/2023 05:49:22 - DEBUG - __main__ -   pred: 2
11/13/2023 05:49:22 - DEBUG - __main__ -   label: 2
11/13/2023 05:49:22 - DEBUG - __main__ -   pred: 2
11/13/2023 05:49:22 - DEBUG - __main__ -   label: 2
11/13/2023 05:49:22 - DEBUG - __main__ -   pred: 2
11/13/2023 05:49:22 - DEBUG - __main__ -   label: 2
11/13/2023 05:49:22 - DEBUG - __main__ -   pred: 2
11/13/2023 05:49:22 - DEBUG - __main__ -   label: 1
11/13/2023 05:49:22 - DEBUG - __main__ -   pred: 2
11/13/2023 05:49:22 - DEBUG - __main__ -   label: 2
11/13/2023 05:49:22 - DEBUG - __main__ -   pred: 1
11/13/2023 05:49:22 - DEBUG - __main__ -   label: 2
11/13/2023 05:49:22 - DEBUG - __main__ -   pred: 1
11/13/2023 05:49:22 - DEBUG - __main__ -   label: 2
11/13/2023 05:49:22 - DEBUG - __main__ -   pred: 1
11/13/2023 05:49:22 - DEBUG - __main__ -   label: 1
11/13/2023 05:49:22 - DEBUG - __main__ -   pred: 2
11/13/2023 05:49:22 - DEBUG - __main__ -   label: 3
11/13/2023 05:49:22 - DEBUG - __main__ -   pred: 2
11/13/2023 05:49:22 - DEBUG - __main__ -   label: 2
11/13/2023 05:49:22 - DEBUG - __main__ -   pred: 2
11/13/2023 05:49:22 - DEBUG - __main__ -   label: 1
11/13/2023 05:49:22 - DEBUG - __main__ -   pred: 2
11/13/2023 05:49:22 - DEBUG - __main__ -   label: 1
11/13/2023 05:49:22 - DEBUG - __main__ -   pred: 2
11/13/2023 05:49:22 - DEBUG - __main__ -   label: 2
11/13/2023 05:49:22 - DEBUG - __main__ -   pred: 2
11/13/2023 05:49:22 - DEBUG - __main__ -   label: 4
11/13/2023 05:49:22 - DEBUG - __main__ -   pred: 4
11/13/2023 05:49:22 - DEBUG - __main__ -   label: 5
11/13/2023 05:49:22 - DEBUG - __main__ -   pred: 5
11/13/2023 05:49:22 - DEBUG - __main__ -   label: 5
11/13/2023 05:49:22 - DEBUG - __main__ -   pred: 5
11/13/2023 05:49:22 - DEBUG - __main__ -   label: 6
11/13/2023 05:49:22 - DEBUG - __main__ -   pred: 5
11/13/2023 05:49:22 - DEBUG - __main__ -   label: 4
11/13/2023 05:49:22 - DEBUG - __main__ -   pred: 4
11/13/2023 05:49:22 - DEBUG - __main__ -   label: 5
11/13/2023 05:49:22 - DEBUG - __main__ -   pred: 5
11/13/2023 05:49:22 - DEBUG - __main__ -   label: 4
11/13/2023 05:49:22 - DEBUG - __main__ -   pred: 5
11/13/2023 05:49:22 - DEBUG - __main__ -   label: 5
11/13/2023 05:49:22 - DEBUG - __main__ -   pred: 5
11/13/2023 05:49:22 - DEBUG - __main__ -   label: 3
11/13/2023 05:49:22 - DEBUG - __main__ -   pred: 3
11/13/2023 05:49:22 - DEBUG - __main__ -   label: 5
11/13/2023 05:49:22 - DEBUG - __main__ -   pred: 5
11/13/2023 05:49:22 - DEBUG - __main__ -   label: 6
11/13/2023 05:49:22 - DEBUG - __main__ -   pred: 5
11/13/2023 05:49:22 - DEBUG - __main__ -   label: 2
11/13/2023 05:49:22 - DEBUG - __main__ -   pred: 2
11/13/2023 05:49:22 - DEBUG - __main__ -   label: 2
11/13/2023 05:49:22 - DEBUG - __main__ -   pred: 2
11/13/2023 05:49:22 - DEBUG - __main__ -   label: 2
11/13/2023 05:49:22 - DEBUG - __main__ -   pred: 1
11/13/2023 05:49:22 - DEBUG - __main__ -   label: 2
11/13/2023 05:49:22 - DEBUG - __main__ -   pred: 2
11/13/2023 05:49:22 - DEBUG - __main__ -   label: 3
11/13/2023 05:49:22 - DEBUG - __main__ -   pred: 2
11/13/2023 05:49:22 - DEBUG - __main__ -   label: 2
11/13/2023 05:49:22 - DEBUG - __main__ -   pred: 1
11/13/2023 05:49:22 - DEBUG - __main__ -   label: 3
11/13/2023 05:49:22 - DEBUG - __main__ -   pred: 1
11/13/2023 05:49:22 - DEBUG - __main__ -   label: 3
11/13/2023 05:49:22 - DEBUG - __main__ -   pred: 1
11/13/2023 05:49:22 - DEBUG - __main__ -   label: 3
11/13/2023 05:49:22 - DEBUG - __main__ -   pred: 1
11/13/2023 05:49:22 - DEBUG - __main__ -   label: 3
11/13/2023 05:49:22 - DEBUG - __main__ -   pred: 1
11/13/2023 05:49:22 - DEBUG - __main__ -   label: 3
11/13/2023 05:49:22 - DEBUG - __main__ -   pred: 1
11/13/2023 05:49:22 - DEBUG - __main__ -   label: 3
11/13/2023 05:49:22 - DEBUG - __main__ -   pred: 1
11/13/2023 05:49:22 - DEBUG - __main__ -   label: 2
11/13/2023 05:49:22 - DEBUG - __main__ -   pred: 1
11/13/2023 05:49:22 - DEBUG - __main__ -   label: 3
11/13/2023 05:49:22 - DEBUG - __main__ -   pred: 1
11/13/2023 05:49:22 - DEBUG - __main__ -   label: 3
11/13/2023 05:49:22 - DEBUG - __main__ -   pred: 1
11/13/2023 05:49:22 - DEBUG - __main__ -   label: 2
11/13/2023 05:49:22 - DEBUG - __main__ -   pred: 2
11/13/2023 05:49:22 - DEBUG - __main__ -   label: 3
11/13/2023 05:49:22 - DEBUG - __main__ -   pred: 2
11/13/2023 05:49:22 - DEBUG - __main__ -   label: 2
11/13/2023 05:49:22 - DEBUG - __main__ -   pred: 1
11/13/2023 05:49:22 - DEBUG - __main__ -   label: 3
11/13/2023 05:49:22 - DEBUG - __main__ -   pred: 1
11/13/2023 05:49:22 - DEBUG - __main__ -   label: 3
11/13/2023 05:49:22 - DEBUG - __main__ -   pred: 2
11/13/2023 05:49:22 - DEBUG - __main__ -   label: 2
11/13/2023 05:49:22 - DEBUG - __main__ -   pred: 1
11/13/2023 05:49:22 - DEBUG - __main__ -   label: 3
11/13/2023 05:49:22 - DEBUG - __main__ -   pred: 2
11/13/2023 05:49:22 - DEBUG - __main__ -   label: 6
11/13/2023 05:49:22 - DEBUG - __main__ -   pred: 5
11/13/2023 05:49:22 - DEBUG - __main__ -   label: 5
11/13/2023 05:49:22 - DEBUG - __main__ -   pred: 5
11/13/2023 05:49:22 - DEBUG - __main__ -   label: 5
11/13/2023 05:49:22 - DEBUG - __main__ -   pred: 5
11/13/2023 05:49:22 - DEBUG - __main__ -   label: 5
11/13/2023 05:49:22 - DEBUG - __main__ -   pred: 5
11/13/2023 05:49:22 - DEBUG - __main__ -   label: 4
11/13/2023 05:49:22 - DEBUG - __main__ -   pred: 5
11/13/2023 05:49:22 - DEBUG - __main__ -   label: 6
11/13/2023 05:49:22 - DEBUG - __main__ -   pred: 5
11/13/2023 05:49:22 - DEBUG - __main__ -   label: 6
11/13/2023 05:49:22 - DEBUG - __main__ -   pred: 5
11/13/2023 05:49:22 - DEBUG - __main__ -   label: 5
11/13/2023 05:49:22 - DEBUG - __main__ -   pred: 5
11/13/2023 05:49:22 - DEBUG - __main__ -   label: 2
11/13/2023 05:49:22 - DEBUG - __main__ -   pred: 2
11/13/2023 05:49:22 - DEBUG - __main__ -   label: 3
11/13/2023 05:49:22 - DEBUG - __main__ -   pred: 2
11/13/2023 05:49:22 - DEBUG - __main__ -   label: 3
11/13/2023 05:49:22 - DEBUG - __main__ -   pred: 2
11/13/2023 05:49:22 - DEBUG - __main__ -   label: 1
11/13/2023 05:49:22 - DEBUG - __main__ -   pred: 2
11/13/2023 05:49:22 - DEBUG - __main__ -   label: 2
11/13/2023 05:49:22 - DEBUG - __main__ -   pred: 2
11/13/2023 05:49:22 - DEBUG - __main__ -   label: 3
11/13/2023 05:49:22 - DEBUG - __main__ -   pred: 2
11/13/2023 05:49:22 - DEBUG - __main__ -   label: 2
11/13/2023 05:49:22 - DEBUG - __main__ -   pred: 2
11/13/2023 05:49:22 - DEBUG - __main__ -   label: 2
11/13/2023 05:49:22 - DEBUG - __main__ -   pred: 2
11/13/2023 05:49:22 - DEBUG - __main__ -   label: 1
11/13/2023 05:49:22 - DEBUG - __main__ -   pred: 1
11/13/2023 05:49:22 - DEBUG - __main__ -   label: 2
11/13/2023 05:49:22 - DEBUG - __main__ -   pred: 2
11/13/2023 05:49:22 - DEBUG - __main__ -   label: 2
11/13/2023 05:49:22 - DEBUG - __main__ -   pred: 2
11/13/2023 05:49:22 - DEBUG - __main__ -   label: 3
11/13/2023 05:49:22 - DEBUG - __main__ -   pred: 2
11/13/2023 05:49:22 - DEBUG - __main__ -   label: 2
11/13/2023 05:49:22 - DEBUG - __main__ -   pred: 2
11/13/2023 05:49:22 - DEBUG - __main__ -   label: 2
11/13/2023 05:49:22 - DEBUG - __main__ -   pred: 3
11/13/2023 05:49:22 - DEBUG - __main__ -   label: 5
11/13/2023 05:49:22 - DEBUG - __main__ -   pred: 5
11/13/2023 05:49:22 - DEBUG - __main__ -   label: 3
11/13/2023 05:49:22 - DEBUG - __main__ -   pred: 4
11/13/2023 05:49:22 - DEBUG - __main__ -   label: 5
11/13/2023 05:49:22 - DEBUG - __main__ -   pred: 5
11/13/2023 05:49:22 - DEBUG - __main__ -   label: 5
11/13/2023 05:49:22 - DEBUG - __main__ -   pred: 5
11/13/2023 05:49:22 - DEBUG - __main__ -   label: 4
11/13/2023 05:49:22 - DEBUG - __main__ -   pred: 4
11/13/2023 05:49:22 - DEBUG - __main__ -   label: 4
11/13/2023 05:49:22 - DEBUG - __main__ -   pred: 5
11/13/2023 05:49:22 - DEBUG - __main__ -   label: 5
11/13/2023 05:49:22 - DEBUG - __main__ -   pred: 5
11/13/2023 05:49:22 - DEBUG - __main__ -   label: 6
11/13/2023 05:49:22 - DEBUG - __main__ -   pred: 5
11/13/2023 05:49:22 - DEBUG - __main__ -   label: 5
11/13/2023 05:49:22 - DEBUG - __main__ -   pred: 5
11/13/2023 05:49:22 - DEBUG - __main__ -   label: 3
11/13/2023 05:49:22 - DEBUG - __main__ -   pred: 3
11/13/2023 05:49:22 - DEBUG - __main__ -   label: 5
11/13/2023 05:49:22 - DEBUG - __main__ -   pred: 5
11/13/2023 05:49:22 - DEBUG - __main__ -   label: 4
11/13/2023 05:49:22 - DEBUG - __main__ -   pred: 5
11/13/2023 05:49:22 - DEBUG - __main__ -   label: 6
11/13/2023 05:49:22 - DEBUG - __main__ -   pred: 5
11/13/2023 05:49:22 - DEBUG - __main__ -   label: 4
11/13/2023 05:49:22 - DEBUG - __main__ -   pred: 4
11/13/2023 05:49:22 - DEBUG - __main__ -   label: 5
11/13/2023 05:49:22 - DEBUG - __main__ -   pred: 5
11/13/2023 05:49:22 - DEBUG - __main__ -   label: 4
11/13/2023 05:49:22 - DEBUG - __main__ -   pred: 5
11/13/2023 05:49:22 - DEBUG - __main__ -   label: 4
11/13/2023 05:49:22 - DEBUG - __main__ -   pred: 5
11/13/2023 05:49:22 - DEBUG - __main__ -   label: 3
11/13/2023 05:49:22 - DEBUG - __main__ -   pred: 4
11/13/2023 05:49:22 - DEBUG - __main__ -   label: 4
11/13/2023 05:49:22 - DEBUG - __main__ -   pred: 5
11/13/2023 05:49:22 - DEBUG - __main__ -   label: 5
11/13/2023 05:49:22 - DEBUG - __main__ -   pred: 5
11/13/2023 05:49:22 - DEBUG - __main__ -   label: 4
11/13/2023 05:49:22 - DEBUG - __main__ -   pred: 4
11/13/2023 05:49:22 - DEBUG - __main__ -   label: 3
11/13/2023 05:49:22 - DEBUG - __main__ -   pred: 4
11/13/2023 05:49:22 - DEBUG - __main__ -   label: 4
11/13/2023 05:49:22 - DEBUG - __main__ -   pred: 4
11/13/2023 05:49:22 - DEBUG - __main__ -   label: 5
11/13/2023 05:49:22 - DEBUG - __main__ -   pred: 5
11/13/2023 05:49:22 - DEBUG - __main__ -   label: 6
11/13/2023 05:49:22 - DEBUG - __main__ -   pred: 5
11/13/2023 05:49:22 - DEBUG - __main__ -   label: 4
11/13/2023 05:49:22 - DEBUG - __main__ -   pred: 5
11/13/2023 05:49:22 - DEBUG - __main__ -   label: 5
11/13/2023 05:49:22 - DEBUG - __main__ -   pred: 5
11/13/2023 05:49:22 - DEBUG - __main__ -   label: 5
11/13/2023 05:49:22 - DEBUG - __main__ -   pred: 5
11/13/2023 05:49:22 - DEBUG - __main__ -   label: 6
11/13/2023 05:49:22 - DEBUG - __main__ -   pred: 5
11/13/2023 05:49:22 - DEBUG - __main__ -   label: 4
11/13/2023 05:49:22 - DEBUG - __main__ -   pred: 3
11/13/2023 05:49:22 - DEBUG - __main__ -   label: 2
11/13/2023 05:49:22 - DEBUG - __main__ -   pred: 2
11/13/2023 05:49:22 - DEBUG - __main__ -   label: 2
11/13/2023 05:49:22 - DEBUG - __main__ -   pred: 2
11/13/2023 05:49:22 - DEBUG - __main__ -   label: 3
11/13/2023 05:49:22 - DEBUG - __main__ -   pred: 2
11/13/2023 05:49:22 - DEBUG - __main__ -   label: 2
11/13/2023 05:49:22 - DEBUG - __main__ -   pred: 2
11/13/2023 05:49:22 - DEBUG - __main__ -   label: 2
11/13/2023 05:49:22 - DEBUG - __main__ -   pred: 2
11/13/2023 05:49:22 - DEBUG - __main__ -   label: 3
11/13/2023 05:49:22 - DEBUG - __main__ -   pred: 2
11/13/2023 05:49:22 - DEBUG - __main__ -   label: 3
11/13/2023 05:49:22 - DEBUG - __main__ -   pred: 2
11/13/2023 05:49:22 - DEBUG - __main__ -   label: 2
11/13/2023 05:49:22 - DEBUG - __main__ -   pred: 1
11/13/2023 05:49:22 - DEBUG - __main__ -   label: 2
11/13/2023 05:49:22 - DEBUG - __main__ -   pred: 1
11/13/2023 05:49:22 - DEBUG - __main__ -   label: 2
11/13/2023 05:49:22 - DEBUG - __main__ -   pred: 1
11/13/2023 05:49:22 - DEBUG - __main__ -   label: 3
11/13/2023 05:49:22 - DEBUG - __main__ -   pred: 1
11/13/2023 05:49:22 - DEBUG - __main__ -   label: 3
11/13/2023 05:49:22 - DEBUG - __main__ -   pred: 1
11/13/2023 05:49:22 - DEBUG - __main__ -   label: 3
11/13/2023 05:49:22 - DEBUG - __main__ -   pred: 1
11/13/2023 05:49:22 - DEBUG - __main__ -   label: 2
11/13/2023 05:49:22 - DEBUG - __main__ -   pred: 2
11/13/2023 05:49:22 - DEBUG - __main__ -   label: 4
11/13/2023 05:49:22 - DEBUG - __main__ -   pred: 5
11/13/2023 05:49:22 - DEBUG - __main__ -   label: 4
11/13/2023 05:49:22 - DEBUG - __main__ -   pred: 4
11/13/2023 05:49:22 - DEBUG - __main__ -   label: 4
11/13/2023 05:49:22 - DEBUG - __main__ -   pred: 5
11/13/2023 05:49:22 - DEBUG - __main__ -   label: 3
11/13/2023 05:49:22 - DEBUG - __main__ -   pred: 5
11/13/2023 05:49:22 - DEBUG - __main__ -   label: 1
11/13/2023 05:49:22 - DEBUG - __main__ -   pred: 2
11/13/2023 05:49:22 - DEBUG - __main__ -   label: 1
11/13/2023 05:49:22 - DEBUG - __main__ -   pred: 2
11/13/2023 05:49:22 - DEBUG - __main__ -   label: 2
11/13/2023 05:49:22 - DEBUG - __main__ -   pred: 1
11/13/2023 05:49:22 - DEBUG - __main__ -   label: 1
11/13/2023 05:49:22 - DEBUG - __main__ -   pred: 1
11/13/2023 05:49:22 - DEBUG - __main__ -   label: 1
11/13/2023 05:49:22 - DEBUG - __main__ -   pred: 1
11/13/2023 05:49:22 - DEBUG - __main__ -   label: 1
11/13/2023 05:49:22 - DEBUG - __main__ -   pred: 2
11/13/2023 05:49:22 - DEBUG - __main__ -   label: 2
11/13/2023 05:49:22 - DEBUG - __main__ -   pred: 1
11/13/2023 05:49:22 - DEBUG - __main__ -   label: 2
11/13/2023 05:49:22 - DEBUG - __main__ -   pred: 1
11/13/2023 05:49:22 - DEBUG - __main__ -   label: 4
11/13/2023 05:49:22 - DEBUG - __main__ -   pred: 5
11/13/2023 05:49:22 - DEBUG - __main__ -   label: 4
11/13/2023 05:49:22 - DEBUG - __main__ -   pred: 4
11/13/2023 05:49:22 - DEBUG - __main__ -   label: 4
11/13/2023 05:49:22 - DEBUG - __main__ -   pred: 5
11/13/2023 05:49:22 - DEBUG - __main__ -   label: 4
11/13/2023 05:49:22 - DEBUG - __main__ -   pred: 5
11/13/2023 05:49:22 - DEBUG - __main__ -   label: 2
11/13/2023 05:49:22 - DEBUG - __main__ -   pred: 2
11/13/2023 05:49:22 - DEBUG - __main__ -   label: 1
11/13/2023 05:49:22 - DEBUG - __main__ -   pred: 2
11/13/2023 05:49:22 - DEBUG - __main__ -   label: 2
11/13/2023 05:49:22 - DEBUG - __main__ -   pred: 2
11/13/2023 05:49:22 - DEBUG - __main__ -   label: 1
11/13/2023 05:49:22 - DEBUG - __main__ -   pred: 2
11/13/2023 05:49:22 - DEBUG - __main__ -   label: 2
11/13/2023 05:49:22 - DEBUG - __main__ -   pred: 3
11/13/2023 05:49:22 - DEBUG - __main__ -   label: 0
11/13/2023 05:49:22 - DEBUG - __main__ -   pred: 2
11/13/2023 05:49:22 - DEBUG - __main__ -   label: 2
11/13/2023 05:49:22 - DEBUG - __main__ -   pred: 2
11/13/2023 05:49:22 - DEBUG - __main__ -   label: 0
11/13/2023 05:49:22 - DEBUG - __main__ -   pred: 1
11/13/2023 05:49:22 - DEBUG - __main__ -   label: 1
11/13/2023 05:49:22 - DEBUG - __main__ -   pred: 2
11/13/2023 05:49:22 - DEBUG - __main__ -   label: 1
11/13/2023 05:49:22 - DEBUG - __main__ -   pred: 1
11/13/2023 05:49:22 - DEBUG - __main__ -   label: 1
11/13/2023 05:49:22 - DEBUG - __main__ -   pred: 1
11/13/2023 05:49:22 - DEBUG - __main__ -   label: 1
11/13/2023 05:49:22 - DEBUG - __main__ -   pred: 1
11/13/2023 05:49:22 - DEBUG - __main__ -   label: 2
11/13/2023 05:49:22 - DEBUG - __main__ -   pred: 2
11/13/2023 05:49:22 - DEBUG - __main__ -   label: 1
11/13/2023 05:49:22 - DEBUG - __main__ -   pred: 1
11/13/2023 05:49:22 - DEBUG - __main__ -   label: 1
11/13/2023 05:49:22 - DEBUG - __main__ -   pred: 1
11/13/2023 05:49:22 - DEBUG - __main__ -   label: 1
11/13/2023 05:49:22 - DEBUG - __main__ -   pred: 1
11/13/2023 05:49:22 - DEBUG - __main__ -   label: 1
11/13/2023 05:49:22 - DEBUG - __main__ -   pred: 1
11/13/2023 05:49:22 - DEBUG - __main__ -   label: 1
11/13/2023 05:49:22 - DEBUG - __main__ -   pred: 1
11/13/2023 05:49:22 - DEBUG - __main__ -   label: 2
11/13/2023 05:49:22 - DEBUG - __main__ -   pred: 2
11/13/2023 05:49:22 - DEBUG - __main__ -   label: 4
11/13/2023 05:49:22 - DEBUG - __main__ -   pred: 5
11/13/2023 05:49:22 - DEBUG - __main__ -   label: 3
11/13/2023 05:49:22 - DEBUG - __main__ -   pred: 3
11/13/2023 05:49:22 - DEBUG - __main__ -   label: 3
11/13/2023 05:49:22 - DEBUG - __main__ -   pred: 3
11/13/2023 05:49:22 - DEBUG - __main__ -   label: 3
11/13/2023 05:49:22 - DEBUG - __main__ -   pred: 3
11/13/2023 05:49:22 - DEBUG - __main__ -   label: 4
11/13/2023 05:49:22 - DEBUG - __main__ -   pred: 5
11/13/2023 05:49:22 - DEBUG - __main__ -   label: 5
11/13/2023 05:49:22 - DEBUG - __main__ -   pred: 5
11/13/2023 05:49:22 - DEBUG - __main__ -   label: 3
11/13/2023 05:49:22 - DEBUG - __main__ -   pred: 3
11/13/2023 05:49:22 - DEBUG - __main__ -   label: 3
11/13/2023 05:49:22 - DEBUG - __main__ -   pred: 3
11/13/2023 05:49:22 - DEBUG - __main__ -   label: 3
11/13/2023 05:49:22 - DEBUG - __main__ -   pred: 3
11/13/2023 05:49:22 - DEBUG - __main__ -   label: 5
11/13/2023 05:49:22 - DEBUG - __main__ -   pred: 5
11/13/2023 05:49:22 - DEBUG - __main__ -   label: 5
11/13/2023 05:49:22 - DEBUG - __main__ -   pred: 5
11/13/2023 05:49:22 - DEBUG - __main__ -   label: 4
11/13/2023 05:49:22 - DEBUG - __main__ -   pred: 4
11/13/2023 05:49:22 - DEBUG - __main__ -   label: 5
11/13/2023 05:49:22 - DEBUG - __main__ -   pred: 5
11/13/2023 05:49:22 - DEBUG - __main__ -   label: 4
11/13/2023 05:49:22 - DEBUG - __main__ -   pred: 5
11/13/2023 05:49:22 - DEBUG - __main__ -   label: 5
11/13/2023 05:49:22 - DEBUG - __main__ -   pred: 5
11/13/2023 05:49:22 - DEBUG - __main__ -   label: 4
11/13/2023 05:49:22 - DEBUG - __main__ -   pred: 5
11/13/2023 05:49:22 - DEBUG - __main__ -   label: 4
11/13/2023 05:49:22 - DEBUG - __main__ -   pred: 5
11/13/2023 05:49:22 - DEBUG - __main__ -   label: 4
11/13/2023 05:49:22 - DEBUG - __main__ -   pred: 5
11/13/2023 05:49:22 - DEBUG - __main__ -   label: 5
11/13/2023 05:49:22 - DEBUG - __main__ -   pred: 4
11/13/2023 05:49:22 - DEBUG - __main__ -   label: 2
11/13/2023 05:49:22 - DEBUG - __main__ -   pred: 2
11/13/2023 05:49:22 - DEBUG - __main__ -   label: 1
11/13/2023 05:49:22 - DEBUG - __main__ -   pred: 2
11/13/2023 05:49:22 - DEBUG - __main__ -   label: 3
11/13/2023 05:49:22 - DEBUG - __main__ -   pred: 2
11/13/2023 05:49:22 - DEBUG - __main__ -   label: 0
11/13/2023 05:49:22 - DEBUG - __main__ -   pred: 2
11/13/2023 05:49:22 - DEBUG - __main__ -   label: 1
11/13/2023 05:49:22 - DEBUG - __main__ -   pred: 2
11/13/2023 05:49:22 - DEBUG - __main__ -   label: 2
11/13/2023 05:49:22 - DEBUG - __main__ -   pred: 2
11/13/2023 05:49:22 - DEBUG - __main__ -   label: 0
11/13/2023 05:49:22 - DEBUG - __main__ -   pred: 1
11/13/2023 05:49:22 - DEBUG - __main__ -   label: 0
11/13/2023 05:49:22 - DEBUG - __main__ -   pred: 1
11/13/2023 05:49:22 - DEBUG - __main__ -   label: 2
11/13/2023 05:49:22 - DEBUG - __main__ -   pred: 2
11/13/2023 05:49:22 - DEBUG - __main__ -   label: 1
11/13/2023 05:49:22 - DEBUG - __main__ -   pred: 1
11/13/2023 05:49:22 - DEBUG - __main__ -   label: 1
11/13/2023 05:49:22 - DEBUG - __main__ -   pred: 1
11/13/2023 05:49:22 - DEBUG - __main__ -   label: 1
11/13/2023 05:49:22 - DEBUG - __main__ -   pred: 1
11/13/2023 05:49:22 - DEBUG - __main__ -   label: 1
11/13/2023 05:49:22 - DEBUG - __main__ -   pred: 1
11/13/2023 05:49:22 - DEBUG - __main__ -   label: 1
11/13/2023 05:49:22 - DEBUG - __main__ -   pred: 2
11/13/2023 05:49:22 - DEBUG - __main__ -   label: 1
11/13/2023 05:49:22 - DEBUG - __main__ -   pred: 1
11/13/2023 05:49:22 - DEBUG - __main__ -   label: 1
11/13/2023 05:49:22 - DEBUG - __main__ -   pred: 1
11/13/2023 05:49:22 - DEBUG - __main__ -   label: 2
11/13/2023 05:49:22 - DEBUG - __main__ -   pred: 2
11/13/2023 05:49:22 - DEBUG - __main__ -   label: 1
11/13/2023 05:49:22 - DEBUG - __main__ -   pred: 1
11/13/2023 05:49:22 - DEBUG - __main__ -   label: 2
11/13/2023 05:49:22 - DEBUG - __main__ -   pred: 2
11/13/2023 05:49:22 - DEBUG - __main__ -   label: 0
11/13/2023 05:49:22 - DEBUG - __main__ -   pred: 1
11/13/2023 05:49:22 - DEBUG - __main__ -   label: 3
11/13/2023 05:49:22 - DEBUG - __main__ -   pred: 3
11/13/2023 05:49:22 - DEBUG - __main__ -   label: 6
11/13/2023 05:49:22 - DEBUG - __main__ -   pred: 5
11/13/2023 05:49:22 - DEBUG - __main__ -   label: 4
11/13/2023 05:49:22 - DEBUG - __main__ -   pred: 5
11/13/2023 05:49:22 - DEBUG - __main__ -   label: 2
11/13/2023 05:49:22 - DEBUG - __main__ -   pred: 3
11/13/2023 05:49:22 - DEBUG - __main__ -   label: 6
11/13/2023 05:49:22 - DEBUG - __main__ -   pred: 5
11/13/2023 05:49:22 - DEBUG - __main__ -   label: 6
11/13/2023 05:49:22 - DEBUG - __main__ -   pred: 5
11/13/2023 05:49:22 - DEBUG - __main__ -   label: 3
11/13/2023 05:49:22 - DEBUG - __main__ -   pred: 3
11/13/2023 05:49:22 - DEBUG - __main__ -   label: 4
11/13/2023 05:49:22 - DEBUG - __main__ -   pred: 4
11/13/2023 05:49:22 - DEBUG - __main__ -   label: 4
11/13/2023 05:49:22 - DEBUG - __main__ -   pred: 5
11/13/2023 05:49:22 - DEBUG - __main__ -   label: 5
11/13/2023 05:49:22 - DEBUG - __main__ -   pred: 5
11/13/2023 05:49:22 - DEBUG - __main__ -   label: 5
11/13/2023 05:49:22 - DEBUG - __main__ -   pred: 5
11/13/2023 05:49:22 - DEBUG - __main__ -   label: 4
11/13/2023 05:49:22 - DEBUG - __main__ -   pred: 4
11/13/2023 05:49:22 - DEBUG - __main__ -   label: 5
11/13/2023 05:49:22 - DEBUG - __main__ -   pred: 5
11/13/2023 05:49:22 - DEBUG - __main__ -   label: 1
11/13/2023 05:49:22 - DEBUG - __main__ -   pred: 2
11/13/2023 05:49:22 - DEBUG - __main__ -   label: 2
11/13/2023 05:49:22 - DEBUG - __main__ -   pred: 1
11/13/2023 05:49:22 - DEBUG - __main__ -   label: 1
11/13/2023 05:49:22 - DEBUG - __main__ -   pred: 2
11/13/2023 05:49:22 - DEBUG - __main__ -   label: 1
11/13/2023 05:49:22 - DEBUG - __main__ -   pred: 1
11/13/2023 05:49:22 - DEBUG - __main__ -   label: 1
11/13/2023 05:49:22 - DEBUG - __main__ -   pred: 2
11/13/2023 05:49:22 - DEBUG - __main__ -   label: 2
11/13/2023 05:49:22 - DEBUG - __main__ -   pred: 1
11/13/2023 05:49:22 - DEBUG - __main__ -   label: 1
11/13/2023 05:49:22 - DEBUG - __main__ -   pred: 1
11/13/2023 05:49:22 - DEBUG - __main__ -   label: 2
11/13/2023 05:49:22 - DEBUG - __main__ -   pred: 3
11/13/2023 05:49:22 - DEBUG - __main__ -   label: 1
11/13/2023 05:49:22 - DEBUG - __main__ -   pred: 1
11/13/2023 05:49:22 - DEBUG - __main__ -   label: 2
11/13/2023 05:49:22 - DEBUG - __main__ -   pred: 4
11/13/2023 05:49:22 - DEBUG - __main__ -   label: 4
11/13/2023 05:49:22 - DEBUG - __main__ -   pred: 5
11/13/2023 05:49:22 - DEBUG - __main__ -   label: 4
11/13/2023 05:49:22 - DEBUG - __main__ -   pred: 4
11/13/2023 05:49:22 - DEBUG - __main__ -   label: 2
11/13/2023 05:49:22 - DEBUG - __main__ -   pred: 3
11/13/2023 05:49:22 - DEBUG - __main__ -   label: 4
11/13/2023 05:49:22 - DEBUG - __main__ -   pred: 5
11/13/2023 05:49:22 - DEBUG - __main__ -   label: 4
11/13/2023 05:49:22 - DEBUG - __main__ -   pred: 5
11/13/2023 05:49:22 - DEBUG - __main__ -   label: 4
11/13/2023 05:49:22 - DEBUG - __main__ -   pred: 4
11/13/2023 05:49:22 - DEBUG - __main__ -   label: 4
11/13/2023 05:49:22 - DEBUG - __main__ -   pred: 5
11/13/2023 05:49:22 - DEBUG - __main__ -   label: 3
11/13/2023 05:49:22 - DEBUG - __main__ -   pred: 2
11/13/2023 05:49:22 - DEBUG - __main__ -   label: 2
11/13/2023 05:49:22 - DEBUG - __main__ -   pred: 2
11/13/2023 05:49:22 - DEBUG - __main__ -   label: 0
11/13/2023 05:49:22 - DEBUG - __main__ -   pred: 2
11/13/2023 05:49:22 - DEBUG - __main__ -   label: 2
11/13/2023 05:49:22 - DEBUG - __main__ -   pred: 1
11/13/2023 05:49:22 - DEBUG - __main__ -   label: 2
11/13/2023 05:49:22 - DEBUG - __main__ -   pred: 2
11/13/2023 05:49:22 - DEBUG - __main__ -   label: 2
11/13/2023 05:49:22 - DEBUG - __main__ -   pred: 2
11/13/2023 05:49:22 - DEBUG - __main__ -   label: 1
11/13/2023 05:49:22 - DEBUG - __main__ -   pred: 1
11/13/2023 05:49:22 - DEBUG - __main__ -   label: 1
11/13/2023 05:49:22 - DEBUG - __main__ -   pred: 2
11/13/2023 05:49:22 - DEBUG - __main__ -   label: 2
11/13/2023 05:49:22 - DEBUG - __main__ -   pred: 1
11/13/2023 05:49:22 - DEBUG - __main__ -   label: 2
11/13/2023 05:49:22 - DEBUG - __main__ -   pred: 1
11/13/2023 05:49:22 - DEBUG - __main__ -   label: 2
11/13/2023 05:49:22 - DEBUG - __main__ -   pred: 1
11/13/2023 05:49:22 - DEBUG - __main__ -   label: 2
11/13/2023 05:49:22 - DEBUG - __main__ -   pred: 2
11/13/2023 05:49:22 - DEBUG - __main__ -   label: 2
11/13/2023 05:49:22 - DEBUG - __main__ -   pred: 2
11/13/2023 05:49:22 - DEBUG - __main__ -   label: 3
11/13/2023 05:49:22 - DEBUG - __main__ -   pred: 4
11/13/2023 05:49:22 - DEBUG - __main__ -   label: 1
11/13/2023 05:49:22 - DEBUG - __main__ -   pred: 2
11/13/2023 05:49:22 - DEBUG - __main__ -   label: 2
11/13/2023 05:49:22 - DEBUG - __main__ -   pred: 3
11/13/2023 05:49:22 - DEBUG - __main__ -   label: 3
11/13/2023 05:49:22 - DEBUG - __main__ -   pred: 3
11/13/2023 05:49:22 - DEBUG - __main__ -   label: 5
11/13/2023 05:49:22 - DEBUG - __main__ -   pred: 5
11/13/2023 05:49:22 - DEBUG - __main__ -   label: 4
11/13/2023 05:49:22 - DEBUG - __main__ -   pred: 5
11/13/2023 05:49:22 - DEBUG - __main__ -   label: 4
11/13/2023 05:49:22 - DEBUG - __main__ -   pred: 4
11/13/2023 05:49:22 - DEBUG - __main__ -   label: 4
11/13/2023 05:49:22 - DEBUG - __main__ -   pred: 4
11/13/2023 05:49:22 - DEBUG - __main__ -   label: 5
11/13/2023 05:49:22 - DEBUG - __main__ -   pred: 5
11/13/2023 05:49:22 - DEBUG - __main__ -   label: 5
11/13/2023 05:49:22 - DEBUG - __main__ -   pred: 5
11/13/2023 05:49:22 - DEBUG - __main__ -   label: 4
11/13/2023 05:49:22 - DEBUG - __main__ -   pred: 4
11/13/2023 05:49:22 - DEBUG - __main__ -   label: 4
11/13/2023 05:49:22 - DEBUG - __main__ -   pred: 5
11/13/2023 05:49:22 - DEBUG - __main__ -   label: 3
11/13/2023 05:49:22 - DEBUG - __main__ -   pred: 3
11/13/2023 05:49:22 - DEBUG - __main__ -   label: 4
11/13/2023 05:49:22 - DEBUG - __main__ -   pred: 5
11/13/2023 05:49:22 - DEBUG - __main__ -   label: 4
11/13/2023 05:49:22 - DEBUG - __main__ -   pred: 5
11/13/2023 05:49:22 - DEBUG - __main__ -   label: 1
11/13/2023 05:49:22 - DEBUG - __main__ -   pred: 2
11/13/2023 05:49:22 - DEBUG - __main__ -   label: 2
11/13/2023 05:49:22 - DEBUG - __main__ -   pred: 2
11/13/2023 05:49:22 - DEBUG - __main__ -   label: 3
11/13/2023 05:49:22 - DEBUG - __main__ -   pred: 2
11/13/2023 05:49:22 - DEBUG - __main__ -   label: 0
11/13/2023 05:49:22 - DEBUG - __main__ -   pred: 1
11/13/2023 05:49:22 - DEBUG - __main__ -   label: 1
11/13/2023 05:49:22 - DEBUG - __main__ -   pred: 1
11/13/2023 05:49:22 - DEBUG - __main__ -   label: 1
11/13/2023 05:49:22 - DEBUG - __main__ -   pred: 1
11/13/2023 05:49:22 - DEBUG - __main__ -   label: 3
11/13/2023 05:49:22 - DEBUG - __main__ -   pred: 1
11/13/2023 05:49:22 - DEBUG - __main__ -   label: 1
11/13/2023 05:49:22 - DEBUG - __main__ -   pred: 1
11/13/2023 05:49:22 - DEBUG - __main__ -   label: 1
11/13/2023 05:49:22 - DEBUG - __main__ -   pred: 1
11/13/2023 05:49:22 - DEBUG - __main__ -   label: 2
11/13/2023 05:49:22 - DEBUG - __main__ -   pred: 1
11/13/2023 05:49:22 - DEBUG - __main__ -   label: 2
11/13/2023 05:49:22 - DEBUG - __main__ -   pred: 1
11/13/2023 05:49:22 - DEBUG - __main__ -   label: 2
11/13/2023 05:49:22 - DEBUG - __main__ -   pred: 1
11/13/2023 05:49:22 - DEBUG - __main__ -   label: 2
11/13/2023 05:49:22 - DEBUG - __main__ -   pred: 2
11/13/2023 05:49:22 - DEBUG - __main__ -   label: 5
11/13/2023 05:49:22 - DEBUG - __main__ -   pred: 5
11/13/2023 05:49:22 - DEBUG - __main__ -   label: 2
11/13/2023 05:49:22 - DEBUG - __main__ -   pred: 2
11/13/2023 05:49:22 - DEBUG - __main__ -   label: 6
11/13/2023 05:49:22 - DEBUG - __main__ -   pred: 5
11/13/2023 05:49:22 - DEBUG - __main__ -   label: 5
11/13/2023 05:49:22 - DEBUG - __main__ -   pred: 5
11/13/2023 05:49:22 - DEBUG - __main__ -   label: 5
11/13/2023 05:49:22 - DEBUG - __main__ -   pred: 5
11/13/2023 05:49:22 - DEBUG - __main__ -   label: 5
11/13/2023 05:49:22 - DEBUG - __main__ -   pred: 5
11/13/2023 05:49:22 - DEBUG - __main__ -   label: 5
11/13/2023 05:49:22 - DEBUG - __main__ -   pred: 5
11/13/2023 05:49:22 - DEBUG - __main__ -   label: 3
11/13/2023 05:49:22 - DEBUG - __main__ -   pred: 3
11/13/2023 05:49:22 - DEBUG - __main__ -   label: 4
11/13/2023 05:49:22 - DEBUG - __main__ -   pred: 3
11/13/2023 05:49:22 - DEBUG - __main__ -   label: 2
11/13/2023 05:49:22 - DEBUG - __main__ -   pred: 2
11/13/2023 05:49:22 - DEBUG - __main__ -   label: 2
11/13/2023 05:49:22 - DEBUG - __main__ -   pred: 2
11/13/2023 05:49:22 - DEBUG - __main__ -   label: 2
11/13/2023 05:49:22 - DEBUG - __main__ -   pred: 2
11/13/2023 05:49:22 - DEBUG - __main__ -   label: 3
11/13/2023 05:49:22 - DEBUG - __main__ -   pred: 1
11/13/2023 05:49:22 - DEBUG - __main__ -   label: 1
11/13/2023 05:49:22 - DEBUG - __main__ -   pred: 1
11/13/2023 05:49:22 - DEBUG - __main__ -   label: 2
11/13/2023 05:49:22 - DEBUG - __main__ -   pred: 2
11/13/2023 05:49:22 - DEBUG - __main__ -   label: 3
11/13/2023 05:49:22 - DEBUG - __main__ -   pred: 2
11/13/2023 05:49:22 - DEBUG - __main__ -   label: 3
11/13/2023 05:49:22 - DEBUG - __main__ -   pred: 2
11/13/2023 05:49:22 - DEBUG - __main__ -   label: 2
11/13/2023 05:49:22 - DEBUG - __main__ -   pred: 1
11/13/2023 05:49:22 - DEBUG - __main__ -   label: 1
11/13/2023 05:49:22 - DEBUG - __main__ -   pred: 1
11/13/2023 05:49:22 - DEBUG - __main__ -   label: 2
11/13/2023 05:49:22 - DEBUG - __main__ -   pred: 1
11/13/2023 05:49:22 - DEBUG - __main__ -   label: 2
11/13/2023 05:49:22 - DEBUG - __main__ -   pred: 2
11/13/2023 05:49:22 - DEBUG - __main__ -   label: 2
11/13/2023 05:49:22 - DEBUG - __main__ -   pred: 3
11/13/2023 05:49:22 - DEBUG - __main__ -   label: 3
11/13/2023 05:49:22 - DEBUG - __main__ -   pred: 1
11/13/2023 05:49:22 - DEBUG - __main__ -   label: 4
11/13/2023 05:49:22 - DEBUG - __main__ -   pred: 4
11/13/2023 05:49:22 - DEBUG - __main__ -   label: 5
11/13/2023 05:49:22 - DEBUG - __main__ -   pred: 5
11/13/2023 05:49:22 - DEBUG - __main__ -   label: 4
11/13/2023 05:49:22 - DEBUG - __main__ -   pred: 4
11/13/2023 05:49:22 - DEBUG - __main__ -   label: 4
11/13/2023 05:49:22 - DEBUG - __main__ -   pred: 5
11/13/2023 05:49:22 - DEBUG - __main__ -   label: 4
11/13/2023 05:49:22 - DEBUG - __main__ -   pred: 5
11/13/2023 05:49:22 - DEBUG - __main__ -   label: 4
11/13/2023 05:49:22 - DEBUG - __main__ -   pred: 5
11/13/2023 05:49:22 - DEBUG - __main__ -   label: 4
11/13/2023 05:49:22 - DEBUG - __main__ -   pred: 3
11/13/2023 05:49:22 - DEBUG - __main__ -   label: 2
11/13/2023 05:49:22 - DEBUG - __main__ -   pred: 2
11/13/2023 05:49:22 - DEBUG - __main__ -   label: 1
11/13/2023 05:49:22 - DEBUG - __main__ -   pred: 2
11/13/2023 05:49:22 - DEBUG - __main__ -   label: 1
11/13/2023 05:49:22 - DEBUG - __main__ -   pred: 2
11/13/2023 05:49:22 - DEBUG - __main__ -   label: 0
11/13/2023 05:49:22 - DEBUG - __main__ -   pred: 1
11/13/2023 05:49:22 - DEBUG - __main__ -   label: 2
11/13/2023 05:49:22 - DEBUG - __main__ -   pred: 2
11/13/2023 05:49:22 - DEBUG - __main__ -   label: 1
11/13/2023 05:49:22 - DEBUG - __main__ -   pred: 1
11/13/2023 05:49:22 - DEBUG - __main__ -   label: 1
11/13/2023 05:49:22 - DEBUG - __main__ -   pred: 1
11/13/2023 05:49:22 - DEBUG - __main__ -   label: 2
11/13/2023 05:49:22 - DEBUG - __main__ -   pred: 2
11/13/2023 05:49:22 - DEBUG - __main__ -   label: 1
11/13/2023 05:49:22 - DEBUG - __main__ -   pred: 1
11/13/2023 05:49:22 - DEBUG - __main__ -   label: 2
11/13/2023 05:49:22 - DEBUG - __main__ -   pred: 1
11/13/2023 05:49:22 - DEBUG - __main__ -   label: 2
11/13/2023 05:49:22 - DEBUG - __main__ -   pred: 2
11/13/2023 05:49:22 - DEBUG - __main__ -   label: 2
11/13/2023 05:49:22 - DEBUG - __main__ -   pred: 2
11/13/2023 05:49:22 - DEBUG - __main__ -   label: 1
11/13/2023 05:49:22 - DEBUG - __main__ -   pred: 2
11/13/2023 05:49:22 - DEBUG - __main__ -   label: 1
11/13/2023 05:49:22 - DEBUG - __main__ -   pred: 1
11/13/2023 05:49:22 - DEBUG - __main__ -   label: 1
11/13/2023 05:49:22 - DEBUG - __main__ -   pred: 1
11/13/2023 05:49:22 - DEBUG - __main__ -   label: 1
11/13/2023 05:49:22 - DEBUG - __main__ -   pred: 1
11/13/2023 05:49:22 - DEBUG - __main__ -   label: 1
11/13/2023 05:49:22 - DEBUG - __main__ -   pred: 1
11/13/2023 05:49:22 - DEBUG - __main__ -   label: 1
11/13/2023 05:49:22 - DEBUG - __main__ -   pred: 1
11/13/2023 05:49:22 - DEBUG - __main__ -   label: 1
11/13/2023 05:49:22 - DEBUG - __main__ -   pred: 1
11/13/2023 05:49:22 - DEBUG - __main__ -   label: 1
11/13/2023 05:49:22 - DEBUG - __main__ -   pred: 1
11/13/2023 05:49:22 - DEBUG - __main__ -   label: 2
11/13/2023 05:49:22 - DEBUG - __main__ -   pred: 1
11/13/2023 05:49:22 - DEBUG - __main__ -   label: 1
11/13/2023 05:49:22 - DEBUG - __main__ -   pred: 1
11/13/2023 05:49:22 - DEBUG - __main__ -   label: 3
11/13/2023 05:49:22 - DEBUG - __main__ -   pred: 4
11/13/2023 05:49:22 - DEBUG - __main__ -   label: 4
11/13/2023 05:49:22 - DEBUG - __main__ -   pred: 5
11/13/2023 05:49:22 - DEBUG - __main__ -   label: 3
11/13/2023 05:49:22 - DEBUG - __main__ -   pred: 3
11/13/2023 05:49:22 - DEBUG - __main__ -   label: 2
11/13/2023 05:49:22 - DEBUG - __main__ -   pred: 2
11/13/2023 05:49:22 - DEBUG - __main__ -   label: 4
11/13/2023 05:49:22 - DEBUG - __main__ -   pred: 4
11/13/2023 05:49:22 - DEBUG - __main__ -   label: 2
11/13/2023 05:49:22 - DEBUG - __main__ -   pred: 1
11/13/2023 05:49:22 - DEBUG - __main__ -   label: 3
11/13/2023 05:49:22 - DEBUG - __main__ -   pred: 3
11/13/2023 05:49:22 - DEBUG - __main__ -   label: 2
11/13/2023 05:49:22 - DEBUG - __main__ -   pred: 2
11/13/2023 05:49:22 - DEBUG - __main__ -   label: 2
11/13/2023 05:49:22 - DEBUG - __main__ -   pred: 1
11/13/2023 05:49:22 - DEBUG - __main__ -   label: 3
11/13/2023 05:49:22 - DEBUG - __main__ -   pred: 5
11/13/2023 05:49:22 - DEBUG - __main__ -   label: 4
11/13/2023 05:49:22 - DEBUG - __main__ -   pred: 5
11/13/2023 05:49:22 - DEBUG - __main__ -   label: 5
11/13/2023 05:49:22 - DEBUG - __main__ -   pred: 5
11/13/2023 05:49:22 - DEBUG - __main__ -   label: 4
11/13/2023 05:49:22 - DEBUG - __main__ -   pred: 5
11/13/2023 05:49:22 - DEBUG - __main__ -   label: 4
11/13/2023 05:49:22 - DEBUG - __main__ -   pred: 4
11/13/2023 05:49:22 - DEBUG - __main__ -   label: 4
11/13/2023 05:49:22 - DEBUG - __main__ -   pred: 5
11/13/2023 05:49:22 - DEBUG - __main__ -   label: 3
11/13/2023 05:49:22 - DEBUG - __main__ -   pred: 3
11/13/2023 05:49:22 - DEBUG - __main__ -   label: 3
11/13/2023 05:49:22 - DEBUG - __main__ -   pred: 3
11/13/2023 05:49:22 - DEBUG - __main__ -   label: 4
11/13/2023 05:49:22 - DEBUG - __main__ -   pred: 5
11/13/2023 05:49:22 - DEBUG - __main__ -   label: 4
11/13/2023 05:49:22 - DEBUG - __main__ -   pred: 4
