******** Training fold 2 ********
08/18/2023 09:46:26 - DEBUG - __main__ -   Processor loaded. CPU mem usage: 0.38G.  Cuda 0: memory acclocated: 0 G.
08/18/2023 09:46:34 - DEBUG - __main__ -   Model loaded. CPU mem usage: 1.99G.  Cuda 0: memory acclocated: 0 G.
Wav2Vec2ForSequenceClassification(
  (wav2vec2): Wav2Vec2Model(
    (feature_extractor): Wav2Vec2FeatureEncoder(
      (conv_layers): ModuleList(
        (0): Wav2Vec2LayerNormConvLayer(
          (conv): Conv1d(1, 512, kernel_size=(10,), stride=(5,))
          (layer_norm): LayerNorm((512,), eps=1e-05, elementwise_affine=True)
          (activation): GELUActivation()
        )
        (1-4): 4 x Wav2Vec2LayerNormConvLayer(
          (conv): Conv1d(512, 512, kernel_size=(3,), stride=(2,))
          (layer_norm): LayerNorm((512,), eps=1e-05, elementwise_affine=True)
          (activation): GELUActivation()
        )
        (5-6): 2 x Wav2Vec2LayerNormConvLayer(
          (conv): Conv1d(512, 512, kernel_size=(2,), stride=(2,))
          (layer_norm): LayerNorm((512,), eps=1e-05, elementwise_affine=True)
          (activation): GELUActivation()
        )
      )
    )
    (feature_projection): Wav2Vec2FeatureProjection(
      (layer_norm): LayerNorm((512,), eps=1e-05, elementwise_affine=True)
      (projection): Linear(in_features=512, out_features=1024, bias=True)
      (dropout): Dropout(p=0.1, inplace=False)
    )
    (encoder): Wav2Vec2EncoderStableLayerNorm(
      (pos_conv_embed): Wav2Vec2PositionalConvEmbedding(
        (conv): Conv1d(1024, 1024, kernel_size=(128,), stride=(1,), padding=(64,), groups=16)
        (padding): Wav2Vec2SamePadLayer()
        (activation): GELUActivation()
      )
      (layer_norm): LayerNorm((1024,), eps=1e-05, elementwise_affine=True)
      (dropout): Dropout(p=0.1, inplace=False)
      (layers): ModuleList(
        (0-23): 24 x Wav2Vec2EncoderLayerStableLayerNorm(
          (attention): Wav2Vec2Attention(
            (k_proj): Linear(in_features=1024, out_features=1024, bias=True)
            (v_proj): Linear(in_features=1024, out_features=1024, bias=True)
            (q_proj): Linear(in_features=1024, out_features=1024, bias=True)
            (out_proj): Linear(in_features=1024, out_features=1024, bias=True)
          )
          (dropout): Dropout(p=0.1, inplace=False)
          (layer_norm): LayerNorm((1024,), eps=1e-05, elementwise_affine=True)
          (feed_forward): Wav2Vec2FeedForward(
            (intermediate_dropout): Dropout(p=0.0, inplace=False)
            (intermediate_dense): Linear(in_features=1024, out_features=4096, bias=True)
            (intermediate_act_fn): GELUActivation()
            (output_dense): Linear(in_features=4096, out_features=1024, bias=True)
            (output_dropout): Dropout(p=0.1, inplace=False)
          )
          (final_layer_norm): LayerNorm((1024,), eps=1e-05, elementwise_affine=True)
        )
      )
    )
  )
  (projector): Linear(in_features=1024, out_features=256, bias=True)
  (classifier): Linear(in_features=256, out_features=7, bias=True)
)
08/18/2023 09:47:24 - DEBUG - __main__ -   Speech loaded. N_train=1568, N_eval=544. CPU mem usage: 6.11G.  Cuda 0: memory acclocated: 0 G.
08/18/2023 09:47:51 - DEBUG - __main__ -   Feature extracted. Duration: 0:00:27 CPU mem usage: 9.14G.  Cuda 0: memory acclocated: 0 G.
08/18/2023 09:51:25 - DEBUG - augmentations.transform -   Training set (N=3136): augmented training data added. Duration: 0:03:33
08/18/2023 09:51:25 - DEBUG - urllib3.connectionpool -   Starting new HTTPS connection (1): s3.amazonaws.com:443
08/18/2023 09:51:25 - DEBUG - urllib3.connectionpool -   https://s3.amazonaws.com:443 "HEAD /datasets.huggingface.co/datasets/metrics/evaluate-metric/precision/evaluate-metric/precision.py HTTP/1.1" 404 0
08/18/2023 09:51:25 - DEBUG - urllib3.connectionpool -   Starting new HTTPS connection (1): huggingface.co:443
08/18/2023 09:51:25 - DEBUG - urllib3.connectionpool -   https://huggingface.co:443 "HEAD /spaces/evaluate-metric/precision/resolve/v0.4.0/precision.py HTTP/1.1" 200 0
08/18/2023 09:51:25 - DEBUG - urllib3.connectionpool -   Starting new HTTPS connection (1): s3.amazonaws.com:443
08/18/2023 09:51:26 - DEBUG - urllib3.connectionpool -   https://s3.amazonaws.com:443 "HEAD /datasets.huggingface.co/datasets/metrics/evaluate-metric/recall/evaluate-metric/recall.py HTTP/1.1" 404 0
08/18/2023 09:51:26 - DEBUG - urllib3.connectionpool -   Starting new HTTPS connection (1): huggingface.co:443
08/18/2023 09:51:26 - DEBUG - urllib3.connectionpool -   https://huggingface.co:443 "HEAD /spaces/evaluate-metric/recall/resolve/v0.4.0/recall.py HTTP/1.1" 200 0
08/18/2023 09:51:26 - DEBUG - urllib3.connectionpool -   Starting new HTTPS connection (1): s3.amazonaws.com:443
08/18/2023 09:51:27 - DEBUG - urllib3.connectionpool -   https://s3.amazonaws.com:443 "HEAD /datasets.huggingface.co/datasets/metrics/evaluate-metric/f1/evaluate-metric/f1.py HTTP/1.1" 404 0
08/18/2023 09:51:27 - DEBUG - urllib3.connectionpool -   Starting new HTTPS connection (1): huggingface.co:443
08/18/2023 09:51:27 - DEBUG - urllib3.connectionpool -   https://huggingface.co:443 "HEAD /spaces/evaluate-metric/f1/resolve/v0.4.0/f1.py HTTP/1.1" 200 0
08/18/2023 09:51:27 - DEBUG - urllib3.connectionpool -   Starting new HTTPS connection (1): s3.amazonaws.com:443
08/18/2023 09:51:27 - DEBUG - urllib3.connectionpool -   https://s3.amazonaws.com:443 "HEAD /datasets.huggingface.co/datasets/metrics/evaluate-metric/spearmanr/evaluate-metric/spearmanr.py HTTP/1.1" 404 0
08/18/2023 09:51:27 - DEBUG - urllib3.connectionpool -   Starting new HTTPS connection (1): huggingface.co:443
08/18/2023 09:51:28 - DEBUG - urllib3.connectionpool -   https://huggingface.co:443 "HEAD /spaces/evaluate-metric/spearmanr/resolve/v0.4.0/spearmanr.py HTTP/1.1" 200 0
08/18/2023 09:51:29 - DEBUG - __main__ -   Training starts now. CPU mem usage: 13.35G.  Cuda 0: memory acclocated: 2 G.
08/18/2023 09:51:29 - DEBUG - helper.classes -   ----------- Starting epoch 1 -----------
{'loss': 1.8775, 'learning_rate': 9.566326530612244e-06, 'epoch': 0.32}
{'loss': 1.5325, 'learning_rate': 1.913265306122449e-05, 'epoch': 0.64}
{'loss': 1.3128, 'learning_rate': 2.8698979591836733e-05, 'epoch': 0.96}
08/18/2023 10:31:57 - DEBUG - helper.classes -   Epoch 1.0 completed, Duration: 0:40:27 Mem usage: CPU mem usage: 14.20G.  Cuda 0: memory acclocated: 26 G.
08/18/2023 10:34:03 - DEBUG - fsspec.local -   open file: /home/lunt1/.cache/huggingface/metrics/precision/default/default_experiment-1-0.arrow
08/18/2023 10:34:03 - DEBUG - fsspec.local -   open file: /home/lunt1/.cache/huggingface/metrics/recall/default/default_experiment-1-0.arrow
08/18/2023 10:34:03 - DEBUG - fsspec.local -   open file: /home/lunt1/.cache/huggingface/metrics/f1/default/default_experiment-1-0.arrow
08/18/2023 10:34:03 - DEBUG - fsspec.local -   open file: /home/lunt1/.cache/huggingface/metrics/spearmanr/default/default_experiment-1-0.arrow
08/18/2023 10:34:03 - DEBUG - fsspec.local -   open file: /home/lunt1/.cache/huggingface/metrics/precision/default/default_experiment-1-0.arrow
08/18/2023 10:34:03 - DEBUG - fsspec.local -   open file: /home/lunt1/.cache/huggingface/metrics/recall/default/default_experiment-1-0.arrow
08/18/2023 10:34:04 - DEBUG - fsspec.local -   open file: /home/lunt1/.cache/huggingface/metrics/f1/default/default_experiment-1-0.arrow
{'eval_loss': 1.3704913854599, 'eval_precision': 0.25372697512003495, 'eval_recall': 0.3231428739615992, 'eval_f1': 0.23112045168991577, 'eval_spearmanr': 0.8119484268819867, 'eval_precision_weighted': 0.33830600439379155, 'eval_recall_weighted': 0.3713235294117647, 'eval_f1_weighted': 0.2874719266674868, 'eval_runtime': 126.4887, 'eval_samples_per_second': 4.301, 'eval_steps_per_second': 2.15, 'epoch': 1.0}
08/18/2023 10:34:09 - DEBUG - helper.classes -   ----------- Starting epoch 2.0 -----------
{'loss': 1.2746, 'learning_rate': 2.9081632653061224e-05, 'epoch': 1.28}
{'loss': 1.1912, 'learning_rate': 2.80187074829932e-05, 'epoch': 1.59}
{'loss': 1.1946, 'learning_rate': 2.695578231292517e-05, 'epoch': 1.91}
08/18/2023 11:14:36 - DEBUG - helper.classes -   Epoch 2.0 completed, Duration: 0:40:26 Mem usage: CPU mem usage: 14.12G.  Cuda 0: memory acclocated: 26 G.
08/18/2023 11:16:42 - DEBUG - fsspec.local -   open file: /home/lunt1/.cache/huggingface/metrics/precision/default/default_experiment-1-0.arrow
08/18/2023 11:16:42 - DEBUG - fsspec.local -   open file: /home/lunt1/.cache/huggingface/metrics/recall/default/default_experiment-1-0.arrow
08/18/2023 11:16:42 - DEBUG - fsspec.local -   open file: /home/lunt1/.cache/huggingface/metrics/f1/default/default_experiment-1-0.arrow
08/18/2023 11:16:42 - DEBUG - fsspec.local -   open file: /home/lunt1/.cache/huggingface/metrics/spearmanr/default/default_experiment-1-0.arrow
08/18/2023 11:16:42 - DEBUG - fsspec.local -   open file: /home/lunt1/.cache/huggingface/metrics/precision/default/default_experiment-1-0.arrow
08/18/2023 11:16:42 - DEBUG - fsspec.local -   open file: /home/lunt1/.cache/huggingface/metrics/recall/default/default_experiment-1-0.arrow
08/18/2023 11:16:42 - DEBUG - fsspec.local -   open file: /home/lunt1/.cache/huggingface/metrics/f1/default/default_experiment-1-0.arrow
{'eval_loss': 1.4257491827011108, 'eval_precision': 0.24739351656755787, 'eval_recall': 0.3150855988299361, 'eval_f1': 0.24911390471603884, 'eval_spearmanr': 0.8105618366825862, 'eval_precision_weighted': 0.32500599490041837, 'eval_recall_weighted': 0.3952205882352941, 'eval_f1_weighted': 0.3223379364861297, 'eval_runtime': 126.2721, 'eval_samples_per_second': 4.308, 'eval_steps_per_second': 2.154, 'epoch': 2.0}
08/18/2023 11:16:48 - DEBUG - helper.classes -   ----------- Starting epoch 3.0 -----------
{'loss': 1.1255, 'learning_rate': 2.5892857142857144e-05, 'epoch': 2.23}
{'loss': 1.0898, 'learning_rate': 2.4829931972789116e-05, 'epoch': 2.55}
{'loss': 0.9801, 'learning_rate': 2.3767006802721087e-05, 'epoch': 2.87}
08/18/2023 11:56:47 - DEBUG - helper.classes -   Epoch 3.0 completed, Duration: 0:39:59 Mem usage: CPU mem usage: 14.12G.  Cuda 0: memory acclocated: 26 G.
08/18/2023 11:58:54 - DEBUG - fsspec.local -   open file: /home/lunt1/.cache/huggingface/metrics/precision/default/default_experiment-1-0.arrow
08/18/2023 11:58:54 - DEBUG - fsspec.local -   open file: /home/lunt1/.cache/huggingface/metrics/recall/default/default_experiment-1-0.arrow
08/18/2023 11:58:54 - DEBUG - fsspec.local -   open file: /home/lunt1/.cache/huggingface/metrics/f1/default/default_experiment-1-0.arrow
08/18/2023 11:58:54 - DEBUG - fsspec.local -   open file: /home/lunt1/.cache/huggingface/metrics/spearmanr/default/default_experiment-1-0.arrow
08/18/2023 11:58:54 - DEBUG - fsspec.local -   open file: /home/lunt1/.cache/huggingface/metrics/precision/default/default_experiment-1-0.arrow
08/18/2023 11:58:54 - DEBUG - fsspec.local -   open file: /home/lunt1/.cache/huggingface/metrics/recall/default/default_experiment-1-0.arrow
08/18/2023 11:58:54 - DEBUG - fsspec.local -   open file: /home/lunt1/.cache/huggingface/metrics/f1/default/default_experiment-1-0.arrow
{'eval_loss': 1.4874536991119385, 'eval_precision': 0.3149602850558929, 'eval_recall': 0.33712077593713763, 'eval_f1': 0.3213485292870525, 'eval_spearmanr': 0.8101487589379649, 'eval_precision_weighted': 0.41017915124389603, 'eval_recall_weighted': 0.4485294117647059, 'eval_f1_weighted': 0.42227970367573003, 'eval_runtime': 126.6846, 'eval_samples_per_second': 4.294, 'eval_steps_per_second': 2.147, 'epoch': 3.0}
08/18/2023 11:59:00 - DEBUG - helper.classes -   ----------- Starting epoch 4.0 -----------
{'loss': 0.9894, 'learning_rate': 2.2704081632653062e-05, 'epoch': 3.19}
{'loss': 0.9007, 'learning_rate': 2.1641156462585033e-05, 'epoch': 3.51}
{'loss': 0.9093, 'learning_rate': 2.0578231292517008e-05, 'epoch': 3.83}
08/18/2023 12:39:02 - DEBUG - helper.classes -   Epoch 4.0 completed, Duration: 0:40:01 Mem usage: CPU mem usage: 14.18G.  Cuda 0: memory acclocated: 26 G.
08/18/2023 12:41:08 - DEBUG - fsspec.local -   open file: /home/lunt1/.cache/huggingface/metrics/precision/default/default_experiment-1-0.arrow
08/18/2023 12:41:08 - DEBUG - fsspec.local -   open file: /home/lunt1/.cache/huggingface/metrics/recall/default/default_experiment-1-0.arrow
08/18/2023 12:41:08 - DEBUG - fsspec.local -   open file: /home/lunt1/.cache/huggingface/metrics/f1/default/default_experiment-1-0.arrow
08/18/2023 12:41:08 - DEBUG - fsspec.local -   open file: /home/lunt1/.cache/huggingface/metrics/spearmanr/default/default_experiment-1-0.arrow
08/18/2023 12:41:08 - DEBUG - fsspec.local -   open file: /home/lunt1/.cache/huggingface/metrics/precision/default/default_experiment-1-0.arrow
08/18/2023 12:41:08 - DEBUG - fsspec.local -   open file: /home/lunt1/.cache/huggingface/metrics/recall/default/default_experiment-1-0.arrow
08/18/2023 12:41:08 - DEBUG - fsspec.local -   open file: /home/lunt1/.cache/huggingface/metrics/f1/default/default_experiment-1-0.arrow
{'eval_loss': 2.1984028816223145, 'eval_precision': 0.307920740927401, 'eval_recall': 0.33883826689744884, 'eval_f1': 0.3179572026972206, 'eval_spearmanr': 0.8070550564213061, 'eval_precision_weighted': 0.4011883577859147, 'eval_recall_weighted': 0.44485294117647056, 'eval_f1_weighted': 0.4154400647513879, 'eval_runtime': 126.1222, 'eval_samples_per_second': 4.313, 'eval_steps_per_second': 2.157, 'epoch': 4.0}
08/18/2023 12:41:14 - DEBUG - helper.classes -   ----------- Starting epoch 5.0 -----------
{'loss': 0.8546, 'learning_rate': 1.951530612244898e-05, 'epoch': 4.15}
{'loss': 0.8992, 'learning_rate': 1.8452380952380954e-05, 'epoch': 4.46}
{'loss': 0.8935, 'learning_rate': 1.7389455782312925e-05, 'epoch': 4.78}
08/18/2023 13:21:18 - DEBUG - helper.classes -   Epoch 5.0 completed, Duration: 0:40:03 Mem usage: CPU mem usage: 14.19G.  Cuda 0: memory acclocated: 26 G.
08/18/2023 13:23:24 - DEBUG - fsspec.local -   open file: /home/lunt1/.cache/huggingface/metrics/precision/default/default_experiment-1-0.arrow
08/18/2023 13:23:24 - DEBUG - fsspec.local -   open file: /home/lunt1/.cache/huggingface/metrics/recall/default/default_experiment-1-0.arrow
08/18/2023 13:23:24 - DEBUG - fsspec.local -   open file: /home/lunt1/.cache/huggingface/metrics/f1/default/default_experiment-1-0.arrow
08/18/2023 13:23:24 - DEBUG - fsspec.local -   open file: /home/lunt1/.cache/huggingface/metrics/spearmanr/default/default_experiment-1-0.arrow
08/18/2023 13:23:24 - DEBUG - fsspec.local -   open file: /home/lunt1/.cache/huggingface/metrics/precision/default/default_experiment-1-0.arrow
08/18/2023 13:23:24 - DEBUG - fsspec.local -   open file: /home/lunt1/.cache/huggingface/metrics/recall/default/default_experiment-1-0.arrow
08/18/2023 13:23:24 - DEBUG - fsspec.local -   open file: /home/lunt1/.cache/huggingface/metrics/f1/default/default_experiment-1-0.arrow
{'eval_loss': 3.0861268043518066, 'eval_precision': 0.3074498091919695, 'eval_recall': 0.33152432846697233, 'eval_f1': 0.31823464902634163, 'eval_spearmanr': 0.8023139557588567, 'eval_precision_weighted': 0.4015204404932705, 'eval_recall_weighted': 0.43933823529411764, 'eval_f1_weighted': 0.41835588387683054, 'eval_runtime': 126.2786, 'eval_samples_per_second': 4.308, 'eval_steps_per_second': 2.154, 'epoch': 5.0}
08/18/2023 13:23:30 - DEBUG - helper.classes -   ----------- Starting epoch 6.0 -----------
{'loss': 0.7737, 'learning_rate': 1.63265306122449e-05, 'epoch': 5.1}
{'loss': 0.7755, 'learning_rate': 1.526360544217687e-05, 'epoch': 5.42}
{'loss': 0.7506, 'learning_rate': 1.4200680272108844e-05, 'epoch': 5.74}
08/18/2023 14:03:38 - DEBUG - helper.classes -   Epoch 6.0 completed, Duration: 0:40:08 Mem usage: CPU mem usage: 14.18G.  Cuda 0: memory acclocated: 26 G.
08/18/2023 14:05:44 - DEBUG - fsspec.local -   open file: /home/lunt1/.cache/huggingface/metrics/precision/default/default_experiment-1-0.arrow
08/18/2023 14:05:44 - DEBUG - fsspec.local -   open file: /home/lunt1/.cache/huggingface/metrics/recall/default/default_experiment-1-0.arrow
08/18/2023 14:05:44 - DEBUG - fsspec.local -   open file: /home/lunt1/.cache/huggingface/metrics/f1/default/default_experiment-1-0.arrow
08/18/2023 14:05:44 - DEBUG - fsspec.local -   open file: /home/lunt1/.cache/huggingface/metrics/spearmanr/default/default_experiment-1-0.arrow
08/18/2023 14:05:44 - DEBUG - fsspec.local -   open file: /home/lunt1/.cache/huggingface/metrics/precision/default/default_experiment-1-0.arrow
08/18/2023 14:05:44 - DEBUG - fsspec.local -   open file: /home/lunt1/.cache/huggingface/metrics/recall/default/default_experiment-1-0.arrow
08/18/2023 14:05:44 - DEBUG - fsspec.local -   open file: /home/lunt1/.cache/huggingface/metrics/f1/default/default_experiment-1-0.arrow
{'eval_loss': 3.4511187076568604, 'eval_precision': 0.3137854423530863, 'eval_recall': 0.3433530082621286, 'eval_f1': 0.32713648459498973, 'eval_spearmanr': 0.8175139907037461, 'eval_precision_weighted': 0.40936081047425443, 'eval_recall_weighted': 0.44669117647058826, 'eval_f1_weighted': 0.4262177539413179, 'eval_runtime': 126.2143, 'eval_samples_per_second': 4.31, 'eval_steps_per_second': 2.155, 'epoch': 6.0}
08/18/2023 14:05:51 - DEBUG - helper.classes -   ----------- Starting epoch 7.0 -----------
{'loss': 0.7213, 'learning_rate': 1.3137755102040817e-05, 'epoch': 6.06}
{'loss': 0.7498, 'learning_rate': 1.207482993197279e-05, 'epoch': 6.38}
{'loss': 0.6544, 'learning_rate': 1.1011904761904762e-05, 'epoch': 6.7}
08/18/2023 14:46:13 - DEBUG - helper.classes -   Epoch 7.0 completed, Duration: 0:40:22 Mem usage: CPU mem usage: 14.19G.  Cuda 0: memory acclocated: 26 G.
08/18/2023 14:48:19 - DEBUG - fsspec.local -   open file: /home/lunt1/.cache/huggingface/metrics/precision/default/default_experiment-1-0.arrow
08/18/2023 14:48:19 - DEBUG - fsspec.local -   open file: /home/lunt1/.cache/huggingface/metrics/recall/default/default_experiment-1-0.arrow
08/18/2023 14:48:19 - DEBUG - fsspec.local -   open file: /home/lunt1/.cache/huggingface/metrics/f1/default/default_experiment-1-0.arrow
08/18/2023 14:48:20 - DEBUG - fsspec.local -   open file: /home/lunt1/.cache/huggingface/metrics/spearmanr/default/default_experiment-1-0.arrow
08/18/2023 14:48:20 - DEBUG - fsspec.local -   open file: /home/lunt1/.cache/huggingface/metrics/precision/default/default_experiment-1-0.arrow
08/18/2023 14:48:20 - DEBUG - fsspec.local -   open file: /home/lunt1/.cache/huggingface/metrics/recall/default/default_experiment-1-0.arrow
08/18/2023 14:48:20 - DEBUG - fsspec.local -   open file: /home/lunt1/.cache/huggingface/metrics/f1/default/default_experiment-1-0.arrow
{'eval_loss': 3.7356855869293213, 'eval_precision': 0.3245312064570428, 'eval_recall': 0.3504222421760116, 'eval_f1': 0.3367104927515281, 'eval_spearmanr': 0.8048457763765583, 'eval_precision_weighted': 0.4241003054760247, 'eval_recall_weighted': 0.46139705882352944, 'eval_f1_weighted': 0.44154749387198905, 'eval_runtime': 126.2088, 'eval_samples_per_second': 4.31, 'eval_steps_per_second': 2.155, 'epoch': 7.0}
08/18/2023 14:48:26 - DEBUG - helper.classes -   ----------- Starting epoch 8.0 -----------
{'loss': 0.604, 'learning_rate': 9.948979591836735e-06, 'epoch': 7.02}
{'loss': 0.5708, 'learning_rate': 8.886054421768708e-06, 'epoch': 7.33}
{'loss': 0.5622, 'learning_rate': 7.823129251700681e-06, 'epoch': 7.65}
{'loss': 0.5643, 'learning_rate': 6.760204081632653e-06, 'epoch': 7.97}
08/18/2023 15:28:38 - DEBUG - helper.classes -   Epoch 8.0 completed, Duration: 0:40:12 Mem usage: CPU mem usage: 14.19G.  Cuda 0: memory acclocated: 26 G.
08/18/2023 15:30:44 - DEBUG - fsspec.local -   open file: /home/lunt1/.cache/huggingface/metrics/precision/default/default_experiment-1-0.arrow
08/18/2023 15:30:44 - DEBUG - fsspec.local -   open file: /home/lunt1/.cache/huggingface/metrics/recall/default/default_experiment-1-0.arrow
08/18/2023 15:30:44 - DEBUG - fsspec.local -   open file: /home/lunt1/.cache/huggingface/metrics/f1/default/default_experiment-1-0.arrow
08/18/2023 15:30:44 - DEBUG - fsspec.local -   open file: /home/lunt1/.cache/huggingface/metrics/spearmanr/default/default_experiment-1-0.arrow
08/18/2023 15:30:44 - DEBUG - fsspec.local -   open file: /home/lunt1/.cache/huggingface/metrics/precision/default/default_experiment-1-0.arrow
08/18/2023 15:30:44 - DEBUG - fsspec.local -   open file: /home/lunt1/.cache/huggingface/metrics/recall/default/default_experiment-1-0.arrow
08/18/2023 15:30:44 - DEBUG - fsspec.local -   open file: /home/lunt1/.cache/huggingface/metrics/f1/default/default_experiment-1-0.arrow
{'eval_loss': 3.935349941253662, 'eval_precision': 0.314829135427142, 'eval_recall': 0.34111229796905257, 'eval_f1': 0.327113952230128, 'eval_spearmanr': 0.7961104306595234, 'eval_precision_weighted': 0.41077289032786635, 'eval_recall_weighted': 0.44669117647058826, 'eval_f1_weighted': 0.4275474899076126, 'eval_runtime': 126.3, 'eval_samples_per_second': 4.307, 'eval_steps_per_second': 2.154, 'epoch': 8.0}
08/18/2023 15:30:50 - DEBUG - helper.classes -   ----------- Starting epoch 9.0 -----------
{'loss': 0.5848, 'learning_rate': 5.697278911564626e-06, 'epoch': 8.29}
{'loss': 0.5172, 'learning_rate': 4.634353741496598e-06, 'epoch': 8.61}
{'loss': 0.5098, 'learning_rate': 3.5714285714285714e-06, 'epoch': 8.93}
08/18/2023 16:11:35 - DEBUG - helper.classes -   Epoch 9.0 completed, Duration: 0:40:44 Mem usage: CPU mem usage: 14.22G.  Cuda 0: memory acclocated: 26 G.
08/18/2023 16:13:41 - DEBUG - fsspec.local -   open file: /home/lunt1/.cache/huggingface/metrics/precision/default/default_experiment-1-0.arrow
08/18/2023 16:13:41 - DEBUG - fsspec.local -   open file: /home/lunt1/.cache/huggingface/metrics/recall/default/default_experiment-1-0.arrow
08/18/2023 16:13:41 - DEBUG - fsspec.local -   open file: /home/lunt1/.cache/huggingface/metrics/f1/default/default_experiment-1-0.arrow
08/18/2023 16:13:41 - DEBUG - fsspec.local -   open file: /home/lunt1/.cache/huggingface/metrics/spearmanr/default/default_experiment-1-0.arrow
08/18/2023 16:13:41 - DEBUG - fsspec.local -   open file: /home/lunt1/.cache/huggingface/metrics/precision/default/default_experiment-1-0.arrow
08/18/2023 16:13:41 - DEBUG - fsspec.local -   open file: /home/lunt1/.cache/huggingface/metrics/recall/default/default_experiment-1-0.arrow
08/18/2023 16:13:41 - DEBUG - fsspec.local -   open file: /home/lunt1/.cache/huggingface/metrics/f1/default/default_experiment-1-0.arrow
{'eval_loss': 4.162574291229248, 'eval_precision': 0.31452341336294465, 'eval_recall': 0.339665645537916, 'eval_f1': 0.3264269554042413, 'eval_spearmanr': 0.7937625478403485, 'eval_precision_weighted': 0.41105585548197776, 'eval_recall_weighted': 0.44669117647058826, 'eval_f1_weighted': 0.4279126172350141, 'eval_runtime': 126.1433, 'eval_samples_per_second': 4.313, 'eval_steps_per_second': 2.156, 'epoch': 9.0}
08/18/2023 16:13:47 - DEBUG - helper.classes -   ----------- Starting epoch 10.0 -----------
{'loss': 0.4612, 'learning_rate': 2.5085034013605444e-06, 'epoch': 9.25}
{'loss': 0.5153, 'learning_rate': 1.445578231292517e-06, 'epoch': 9.57}
{'loss': 0.4901, 'learning_rate': 3.826530612244898e-07, 'epoch': 9.89}
08/18/2023 16:53:48 - DEBUG - helper.classes -   Epoch 10.0 completed, Duration: 0:40:01 Mem usage: CPU mem usage: 14.20G.  Cuda 0: memory acclocated: 26 G.
08/18/2023 16:55:55 - DEBUG - fsspec.local -   open file: /home/lunt1/.cache/huggingface/metrics/precision/default/default_experiment-1-0.arrow
08/18/2023 16:55:55 - DEBUG - fsspec.local -   open file: /home/lunt1/.cache/huggingface/metrics/recall/default/default_experiment-1-0.arrow
08/18/2023 16:55:55 - DEBUG - fsspec.local -   open file: /home/lunt1/.cache/huggingface/metrics/f1/default/default_experiment-1-0.arrow
08/18/2023 16:55:55 - DEBUG - fsspec.local -   open file: /home/lunt1/.cache/huggingface/metrics/spearmanr/default/default_experiment-1-0.arrow
08/18/2023 16:55:55 - DEBUG - fsspec.local -   open file: /home/lunt1/.cache/huggingface/metrics/precision/default/default_experiment-1-0.arrow
08/18/2023 16:55:55 - DEBUG - fsspec.local -   open file: /home/lunt1/.cache/huggingface/metrics/recall/default/default_experiment-1-0.arrow
08/18/2023 16:55:55 - DEBUG - fsspec.local -   open file: /home/lunt1/.cache/huggingface/metrics/f1/default/default_experiment-1-0.arrow
{'eval_loss': 4.23002815246582, 'eval_precision': 0.3126199390633517, 'eval_recall': 0.3384070058534108, 'eval_f1': 0.3240473996378202, 'eval_spearmanr': 0.8048874723970905, 'eval_precision_weighted': 0.4062247661374579, 'eval_recall_weighted': 0.44485294117647056, 'eval_f1_weighted': 0.42348608775006696, 'eval_runtime': 126.1621, 'eval_samples_per_second': 4.312, 'eval_steps_per_second': 2.156, 'epoch': 10.0}
{'train_runtime': 25476.118, 'train_samples_per_second': 1.231, 'train_steps_per_second': 0.615, 'train_loss': 0.8605894813732226, 'epoch': 10.0}
08/18/2023 16:56:06 - INFO - __main__ -   Training completed. Duration: 7:04:36
08/18/2023 16:58:12 - DEBUG - fsspec.local -   open file: /home/lunt1/.cache/huggingface/metrics/precision/default/default_experiment-1-0.arrow
08/18/2023 16:58:12 - DEBUG - fsspec.local -   open file: /home/lunt1/.cache/huggingface/metrics/recall/default/default_experiment-1-0.arrow
08/18/2023 16:58:12 - DEBUG - fsspec.local -   open file: /home/lunt1/.cache/huggingface/metrics/f1/default/default_experiment-1-0.arrow
08/18/2023 16:58:12 - DEBUG - fsspec.local -   open file: /home/lunt1/.cache/huggingface/metrics/spearmanr/default/default_experiment-1-0.arrow
08/18/2023 16:58:12 - DEBUG - fsspec.local -   open file: /home/lunt1/.cache/huggingface/metrics/precision/default/default_experiment-1-0.arrow
08/18/2023 16:58:12 - DEBUG - fsspec.local -   open file: /home/lunt1/.cache/huggingface/metrics/recall/default/default_experiment-1-0.arrow
08/18/2023 16:58:12 - DEBUG - fsspec.local -   open file: /home/lunt1/.cache/huggingface/metrics/f1/default/default_experiment-1-0.arrow
08/18/2023 16:58:12 - DEBUG - fsspec.local -   open file: /home/lunt1/.cache/huggingface/metrics/precision/default/default_experiment-1-0.arrow
08/18/2023 16:58:12 - DEBUG - fsspec.local -   open file: /home/lunt1/.cache/huggingface/metrics/recall/default/default_experiment-1-0.arrow
08/18/2023 16:58:12 - DEBUG - fsspec.local -   open file: /home/lunt1/.cache/huggingface/metrics/f1/default/default_experiment-1-0.arrow
08/18/2023 16:58:12 - DEBUG - fsspec.local -   open file: /home/lunt1/.cache/huggingface/metrics/spearmanr/default/default_experiment-1-0.arrow
08/18/2023 16:58:12 - DEBUG - fsspec.local -   open file: /home/lunt1/.cache/huggingface/metrics/precision/default/default_experiment-1-0.arrow
08/18/2023 16:58:12 - DEBUG - fsspec.local -   open file: /home/lunt1/.cache/huggingface/metrics/recall/default/default_experiment-1-0.arrow
08/18/2023 16:58:12 - DEBUG - fsspec.local -   open file: /home/lunt1/.cache/huggingface/metrics/f1/default/default_experiment-1-0.arrow
08/18/2023 16:58:12 - DEBUG - __main__ -   label: 4
08/18/2023 16:58:12 - DEBUG - __main__ -   pred: 3
08/18/2023 16:58:12 - DEBUG - __main__ -   label: 4
08/18/2023 16:58:12 - DEBUG - __main__ -   pred: 4
08/18/2023 16:58:12 - DEBUG - __main__ -   label: 5
08/18/2023 16:58:12 - DEBUG - __main__ -   pred: 5
08/18/2023 16:58:12 - DEBUG - __main__ -   label: 5
08/18/2023 16:58:12 - DEBUG - __main__ -   pred: 4
08/18/2023 16:58:12 - DEBUG - __main__ -   label: 3
08/18/2023 16:58:12 - DEBUG - __main__ -   pred: 4
08/18/2023 16:58:12 - DEBUG - __main__ -   label: 3
08/18/2023 16:58:12 - DEBUG - __main__ -   pred: 4
08/18/2023 16:58:12 - DEBUG - __main__ -   label: 4
08/18/2023 16:58:12 - DEBUG - __main__ -   pred: 3
08/18/2023 16:58:12 - DEBUG - __main__ -   label: 3
08/18/2023 16:58:12 - DEBUG - __main__ -   pred: 3
08/18/2023 16:58:12 - DEBUG - __main__ -   label: 3
08/18/2023 16:58:12 - DEBUG - __main__ -   pred: 3
08/18/2023 16:58:12 - DEBUG - __main__ -   label: 2
08/18/2023 16:58:12 - DEBUG - __main__ -   pred: 2
08/18/2023 16:58:12 - DEBUG - __main__ -   label: 2
08/18/2023 16:58:12 - DEBUG - __main__ -   pred: 2
08/18/2023 16:58:12 - DEBUG - __main__ -   label: 3
08/18/2023 16:58:12 - DEBUG - __main__ -   pred: 2
08/18/2023 16:58:12 - DEBUG - __main__ -   label: 3
08/18/2023 16:58:12 - DEBUG - __main__ -   pred: 2
08/18/2023 16:58:12 - DEBUG - __main__ -   label: 5
08/18/2023 16:58:12 - DEBUG - __main__ -   pred: 5
08/18/2023 16:58:12 - DEBUG - __main__ -   label: 3
08/18/2023 16:58:12 - DEBUG - __main__ -   pred: 3
08/18/2023 16:58:12 - DEBUG - __main__ -   label: 3
08/18/2023 16:58:12 - DEBUG - __main__ -   pred: 3
08/18/2023 16:58:12 - DEBUG - __main__ -   label: 6
08/18/2023 16:58:12 - DEBUG - __main__ -   pred: 5
08/18/2023 16:58:12 - DEBUG - __main__ -   label: 4
08/18/2023 16:58:12 - DEBUG - __main__ -   pred: 3
08/18/2023 16:58:12 - DEBUG - __main__ -   label: 3
08/18/2023 16:58:12 - DEBUG - __main__ -   pred: 3
08/18/2023 16:58:12 - DEBUG - __main__ -   label: 3
08/18/2023 16:58:12 - DEBUG - __main__ -   pred: 3
08/18/2023 16:58:12 - DEBUG - __main__ -   label: 6
08/18/2023 16:58:12 - DEBUG - __main__ -   pred: 5
08/18/2023 16:58:12 - DEBUG - __main__ -   label: 4
08/18/2023 16:58:12 - DEBUG - __main__ -   pred: 4
08/18/2023 16:58:12 - DEBUG - __main__ -   label: 3
08/18/2023 16:58:12 - DEBUG - __main__ -   pred: 3
08/18/2023 16:58:12 - DEBUG - __main__ -   label: 4
08/18/2023 16:58:12 - DEBUG - __main__ -   pred: 4
08/18/2023 16:58:12 - DEBUG - __main__ -   label: 4
08/18/2023 16:58:12 - DEBUG - __main__ -   pred: 4
08/18/2023 16:58:12 - DEBUG - __main__ -   label: 6
08/18/2023 16:58:12 - DEBUG - __main__ -   pred: 4
08/18/2023 16:58:12 - DEBUG - __main__ -   label: 3
08/18/2023 16:58:12 - DEBUG - __main__ -   pred: 3
08/18/2023 16:58:12 - DEBUG - __main__ -   label: 6
08/18/2023 16:58:12 - DEBUG - __main__ -   pred: 2
08/18/2023 16:58:12 - DEBUG - __main__ -   label: 4
08/18/2023 16:58:12 - DEBUG - __main__ -   pred: 3
08/18/2023 16:58:12 - DEBUG - __main__ -   label: 1
08/18/2023 16:58:12 - DEBUG - __main__ -   pred: 2
08/18/2023 16:58:12 - DEBUG - __main__ -   label: 3
08/18/2023 16:58:12 - DEBUG - __main__ -   pred: 3
08/18/2023 16:58:12 - DEBUG - __main__ -   label: 6
08/18/2023 16:58:12 - DEBUG - __main__ -   pred: 3
08/18/2023 16:58:12 - DEBUG - __main__ -   label: 3
08/18/2023 16:58:12 - DEBUG - __main__ -   pred: 3
08/18/2023 16:58:12 - DEBUG - __main__ -   label: 5
08/18/2023 16:58:12 - DEBUG - __main__ -   pred: 3
08/18/2023 16:58:12 - DEBUG - __main__ -   label: 5
08/18/2023 16:58:12 - DEBUG - __main__ -   pred: 4
08/18/2023 16:58:12 - DEBUG - __main__ -   label: 2
08/18/2023 16:58:12 - DEBUG - __main__ -   pred: 2
08/18/2023 16:58:12 - DEBUG - __main__ -   label: 4
08/18/2023 16:58:12 - DEBUG - __main__ -   pred: 4
08/18/2023 16:58:12 - DEBUG - __main__ -   label: 5
08/18/2023 16:58:12 - DEBUG - __main__ -   pred: 3
08/18/2023 16:58:12 - DEBUG - __main__ -   label: 6
08/18/2023 16:58:12 - DEBUG - __main__ -   pred: 5
08/18/2023 16:58:12 - DEBUG - __main__ -   label: 6
08/18/2023 16:58:12 - DEBUG - __main__ -   pred: 5
08/18/2023 16:58:12 - DEBUG - __main__ -   label: 5
08/18/2023 16:58:12 - DEBUG - __main__ -   pred: 4
08/18/2023 16:58:12 - DEBUG - __main__ -   label: 6
08/18/2023 16:58:12 - DEBUG - __main__ -   pred: 5
08/18/2023 16:58:12 - DEBUG - __main__ -   label: 4
08/18/2023 16:58:12 - DEBUG - __main__ -   pred: 4
08/18/2023 16:58:12 - DEBUG - __main__ -   label: 4
08/18/2023 16:58:12 - DEBUG - __main__ -   pred: 4
08/18/2023 16:58:12 - DEBUG - __main__ -   label: 4
08/18/2023 16:58:12 - DEBUG - __main__ -   pred: 4
08/18/2023 16:58:12 - DEBUG - __main__ -   label: 5
08/18/2023 16:58:12 - DEBUG - __main__ -   pred: 4
08/18/2023 16:58:12 - DEBUG - __main__ -   label: 5
08/18/2023 16:58:12 - DEBUG - __main__ -   pred: 3
08/18/2023 16:58:12 - DEBUG - __main__ -   label: 4
08/18/2023 16:58:12 - DEBUG - __main__ -   pred: 4
08/18/2023 16:58:12 - DEBUG - __main__ -   label: 4
08/18/2023 16:58:12 - DEBUG - __main__ -   pred: 1
08/18/2023 16:58:12 - DEBUG - __main__ -   label: 1
08/18/2023 16:58:12 - DEBUG - __main__ -   pred: 1
08/18/2023 16:58:12 - DEBUG - __main__ -   label: 5
08/18/2023 16:58:12 - DEBUG - __main__ -   pred: 4
08/18/2023 16:58:12 - DEBUG - __main__ -   label: 3
08/18/2023 16:58:12 - DEBUG - __main__ -   pred: 4
08/18/2023 16:58:12 - DEBUG - __main__ -   label: 2
08/18/2023 16:58:12 - DEBUG - __main__ -   pred: 1
08/18/2023 16:58:12 - DEBUG - __main__ -   label: 2
08/18/2023 16:58:12 - DEBUG - __main__ -   pred: 4
08/18/2023 16:58:12 - DEBUG - __main__ -   label: 5
08/18/2023 16:58:12 - DEBUG - __main__ -   pred: 5
08/18/2023 16:58:12 - DEBUG - __main__ -   label: 5
08/18/2023 16:58:12 - DEBUG - __main__ -   pred: 4
08/18/2023 16:58:12 - DEBUG - __main__ -   label: 5
08/18/2023 16:58:12 - DEBUG - __main__ -   pred: 4
08/18/2023 16:58:12 - DEBUG - __main__ -   label: 3
08/18/2023 16:58:12 - DEBUG - __main__ -   pred: 3
08/18/2023 16:58:12 - DEBUG - __main__ -   label: 4
08/18/2023 16:58:12 - DEBUG - __main__ -   pred: 4
08/18/2023 16:58:12 - DEBUG - __main__ -   label: 5
08/18/2023 16:58:12 - DEBUG - __main__ -   pred: 5
08/18/2023 16:58:12 - DEBUG - __main__ -   label: 5
08/18/2023 16:58:12 - DEBUG - __main__ -   pred: 4
08/18/2023 16:58:12 - DEBUG - __main__ -   label: 4
08/18/2023 16:58:12 - DEBUG - __main__ -   pred: 3
08/18/2023 16:58:12 - DEBUG - __main__ -   label: 4
08/18/2023 16:58:12 - DEBUG - __main__ -   pred: 3
08/18/2023 16:58:12 - DEBUG - __main__ -   label: 4
08/18/2023 16:58:12 - DEBUG - __main__ -   pred: 4
08/18/2023 16:58:12 - DEBUG - __main__ -   label: 3
08/18/2023 16:58:12 - DEBUG - __main__ -   pred: 3
08/18/2023 16:58:12 - DEBUG - __main__ -   label: 5
08/18/2023 16:58:12 - DEBUG - __main__ -   pred: 2
08/18/2023 16:58:12 - DEBUG - __main__ -   label: 3
08/18/2023 16:58:12 - DEBUG - __main__ -   pred: 2
08/18/2023 16:58:12 - DEBUG - __main__ -   label: 4
08/18/2023 16:58:12 - DEBUG - __main__ -   pred: 2
08/18/2023 16:58:12 - DEBUG - __main__ -   label: 2
08/18/2023 16:58:12 - DEBUG - __main__ -   pred: 1
08/18/2023 16:58:12 - DEBUG - __main__ -   label: 2
08/18/2023 16:58:12 - DEBUG - __main__ -   pred: 1
08/18/2023 16:58:12 - DEBUG - __main__ -   label: 5
08/18/2023 16:58:12 - DEBUG - __main__ -   pred: 5
08/18/2023 16:58:12 - DEBUG - __main__ -   label: 5
08/18/2023 16:58:12 - DEBUG - __main__ -   pred: 4
08/18/2023 16:58:12 - DEBUG - __main__ -   label: 4
08/18/2023 16:58:12 - DEBUG - __main__ -   pred: 4
08/18/2023 16:58:12 - DEBUG - __main__ -   label: 4
08/18/2023 16:58:12 - DEBUG - __main__ -   pred: 5
08/18/2023 16:58:12 - DEBUG - __main__ -   label: 2
08/18/2023 16:58:12 - DEBUG - __main__ -   pred: 3
08/18/2023 16:58:12 - DEBUG - __main__ -   label: 4
08/18/2023 16:58:12 - DEBUG - __main__ -   pred: 4
08/18/2023 16:58:12 - DEBUG - __main__ -   label: 3
08/18/2023 16:58:12 - DEBUG - __main__ -   pred: 2
08/18/2023 16:58:12 - DEBUG - __main__ -   label: 3
08/18/2023 16:58:12 - DEBUG - __main__ -   pred: 4
08/18/2023 16:58:12 - DEBUG - __main__ -   label: 3
08/18/2023 16:58:12 - DEBUG - __main__ -   pred: 4
08/18/2023 16:58:12 - DEBUG - __main__ -   label: 3
08/18/2023 16:58:12 - DEBUG - __main__ -   pred: 3
08/18/2023 16:58:12 - DEBUG - __main__ -   label: 1
08/18/2023 16:58:12 - DEBUG - __main__ -   pred: 2
08/18/2023 16:58:12 - DEBUG - __main__ -   label: 3
08/18/2023 16:58:12 - DEBUG - __main__ -   pred: 4
08/18/2023 16:58:12 - DEBUG - __main__ -   label: 6
08/18/2023 16:58:12 - DEBUG - __main__ -   pred: 4
08/18/2023 16:58:12 - DEBUG - __main__ -   label: 4
08/18/2023 16:58:12 - DEBUG - __main__ -   pred: 4
08/18/2023 16:58:12 - DEBUG - __main__ -   label: 4
08/18/2023 16:58:12 - DEBUG - __main__ -   pred: 4
08/18/2023 16:58:12 - DEBUG - __main__ -   label: 4
08/18/2023 16:58:12 - DEBUG - __main__ -   pred: 4
08/18/2023 16:58:12 - DEBUG - __main__ -   label: 3
08/18/2023 16:58:12 - DEBUG - __main__ -   pred: 3
08/18/2023 16:58:12 - DEBUG - __main__ -   label: 4
08/18/2023 16:58:12 - DEBUG - __main__ -   pred: 5
08/18/2023 16:58:12 - DEBUG - __main__ -   label: 3
08/18/2023 16:58:12 - DEBUG - __main__ -   pred: 4
08/18/2023 16:58:12 - DEBUG - __main__ -   label: 2
08/18/2023 16:58:12 - DEBUG - __main__ -   pred: 2
08/18/2023 16:58:12 - DEBUG - __main__ -   label: 3
08/18/2023 16:58:12 - DEBUG - __main__ -   pred: 3
08/18/2023 16:58:12 - DEBUG - __main__ -   label: 2
08/18/2023 16:58:12 - DEBUG - __main__ -   pred: 2
08/18/2023 16:58:12 - DEBUG - __main__ -   label: 4
08/18/2023 16:58:12 - DEBUG - __main__ -   pred: 4
08/18/2023 16:58:12 - DEBUG - __main__ -   label: 3
08/18/2023 16:58:12 - DEBUG - __main__ -   pred: 2
08/18/2023 16:58:12 - DEBUG - __main__ -   label: 3
08/18/2023 16:58:12 - DEBUG - __main__ -   pred: 3
08/18/2023 16:58:12 - DEBUG - __main__ -   label: 3
08/18/2023 16:58:12 - DEBUG - __main__ -   pred: 3
08/18/2023 16:58:12 - DEBUG - __main__ -   label: 2
08/18/2023 16:58:12 - DEBUG - __main__ -   pred: 2
08/18/2023 16:58:12 - DEBUG - __main__ -   label: 2
08/18/2023 16:58:12 - DEBUG - __main__ -   pred: 3
08/18/2023 16:58:12 - DEBUG - __main__ -   label: 3
08/18/2023 16:58:12 - DEBUG - __main__ -   pred: 4
08/18/2023 16:58:12 - DEBUG - __main__ -   label: 5
08/18/2023 16:58:12 - DEBUG - __main__ -   pred: 4
08/18/2023 16:58:12 - DEBUG - __main__ -   label: 4
08/18/2023 16:58:12 - DEBUG - __main__ -   pred: 5
08/18/2023 16:58:12 - DEBUG - __main__ -   label: 4
08/18/2023 16:58:12 - DEBUG - __main__ -   pred: 4
08/18/2023 16:58:12 - DEBUG - __main__ -   label: 3
08/18/2023 16:58:12 - DEBUG - __main__ -   pred: 4
08/18/2023 16:58:12 - DEBUG - __main__ -   label: 3
08/18/2023 16:58:12 - DEBUG - __main__ -   pred: 4
08/18/2023 16:58:12 - DEBUG - __main__ -   label: 5
08/18/2023 16:58:12 - DEBUG - __main__ -   pred: 4
08/18/2023 16:58:12 - DEBUG - __main__ -   label: 2
08/18/2023 16:58:12 - DEBUG - __main__ -   pred: 2
08/18/2023 16:58:12 - DEBUG - __main__ -   label: 4
08/18/2023 16:58:12 - DEBUG - __main__ -   pred: 2
08/18/2023 16:58:12 - DEBUG - __main__ -   label: 6
08/18/2023 16:58:12 - DEBUG - __main__ -   pred: 3
08/18/2023 16:58:12 - DEBUG - __main__ -   label: 3
08/18/2023 16:58:12 - DEBUG - __main__ -   pred: 2
08/18/2023 16:58:12 - DEBUG - __main__ -   label: 5
08/18/2023 16:58:12 - DEBUG - __main__ -   pred: 4
08/18/2023 16:58:12 - DEBUG - __main__ -   label: 4
08/18/2023 16:58:12 - DEBUG - __main__ -   pred: 3
08/18/2023 16:58:12 - DEBUG - __main__ -   label: 3
08/18/2023 16:58:12 - DEBUG - __main__ -   pred: 4
08/18/2023 16:58:12 - DEBUG - __main__ -   label: 6
08/18/2023 16:58:12 - DEBUG - __main__ -   pred: 3
08/18/2023 16:58:12 - DEBUG - __main__ -   label: 5
08/18/2023 16:58:12 - DEBUG - __main__ -   pred: 3
08/18/2023 16:58:12 - DEBUG - __main__ -   label: 3
08/18/2023 16:58:12 - DEBUG - __main__ -   pred: 2
08/18/2023 16:58:12 - DEBUG - __main__ -   label: 6
08/18/2023 16:58:12 - DEBUG - __main__ -   pred: 3
08/18/2023 16:58:12 - DEBUG - __main__ -   label: 5
08/18/2023 16:58:12 - DEBUG - __main__ -   pred: 2
08/18/2023 16:58:12 - DEBUG - __main__ -   label: 3
08/18/2023 16:58:12 - DEBUG - __main__ -   pred: 3
08/18/2023 16:58:12 - DEBUG - __main__ -   label: 5
08/18/2023 16:58:12 - DEBUG - __main__ -   pred: 4
08/18/2023 16:58:12 - DEBUG - __main__ -   label: 4
08/18/2023 16:58:12 - DEBUG - __main__ -   pred: 4
08/18/2023 16:58:12 - DEBUG - __main__ -   label: 6
08/18/2023 16:58:12 - DEBUG - __main__ -   pred: 5
08/18/2023 16:58:12 - DEBUG - __main__ -   label: 4
08/18/2023 16:58:12 - DEBUG - __main__ -   pred: 4
08/18/2023 16:58:12 - DEBUG - __main__ -   label: 3
08/18/2023 16:58:12 - DEBUG - __main__ -   pred: 4
08/18/2023 16:58:12 - DEBUG - __main__ -   label: 6
08/18/2023 16:58:12 - DEBUG - __main__ -   pred: 5
08/18/2023 16:58:12 - DEBUG - __main__ -   label: 6
08/18/2023 16:58:12 - DEBUG - __main__ -   pred: 5
08/18/2023 16:58:12 - DEBUG - __main__ -   label: 5
08/18/2023 16:58:12 - DEBUG - __main__ -   pred: 3
08/18/2023 16:58:12 - DEBUG - __main__ -   label: 5
08/18/2023 16:58:12 - DEBUG - __main__ -   pred: 4
08/18/2023 16:58:12 - DEBUG - __main__ -   label: 4
08/18/2023 16:58:12 - DEBUG - __main__ -   pred: 4
08/18/2023 16:58:12 - DEBUG - __main__ -   label: 2
08/18/2023 16:58:12 - DEBUG - __main__ -   pred: 2
08/18/2023 16:58:12 - DEBUG - __main__ -   label: 0
08/18/2023 16:58:12 - DEBUG - __main__ -   pred: 1
08/18/2023 16:58:12 - DEBUG - __main__ -   label: 4
08/18/2023 16:58:12 - DEBUG - __main__ -   pred: 3
08/18/2023 16:58:12 - DEBUG - __main__ -   label: 3
08/18/2023 16:58:12 - DEBUG - __main__ -   pred: 3
08/18/2023 16:58:12 - DEBUG - __main__ -   label: 3
08/18/2023 16:58:12 - DEBUG - __main__ -   pred: 4
08/18/2023 16:58:12 - DEBUG - __main__ -   label: 5
08/18/2023 16:58:12 - DEBUG - __main__ -   pred: 5
08/18/2023 16:58:12 - DEBUG - __main__ -   label: 5
08/18/2023 16:58:12 - DEBUG - __main__ -   pred: 4
08/18/2023 16:58:12 - DEBUG - __main__ -   label: 1
08/18/2023 16:58:12 - DEBUG - __main__ -   pred: 2
08/18/2023 16:58:12 - DEBUG - __main__ -   label: 4
08/18/2023 16:58:12 - DEBUG - __main__ -   pred: 3
08/18/2023 16:58:12 - DEBUG - __main__ -   label: 3
08/18/2023 16:58:12 - DEBUG - __main__ -   pred: 5
08/18/2023 16:58:12 - DEBUG - __main__ -   label: 4
08/18/2023 16:58:12 - DEBUG - __main__ -   pred: 3
08/18/2023 16:58:12 - DEBUG - __main__ -   label: 3
08/18/2023 16:58:12 - DEBUG - __main__ -   pred: 2
08/18/2023 16:58:12 - DEBUG - __main__ -   label: 4
08/18/2023 16:58:12 - DEBUG - __main__ -   pred: 4
08/18/2023 16:58:12 - DEBUG - __main__ -   label: 1
08/18/2023 16:58:12 - DEBUG - __main__ -   pred: 2
08/18/2023 16:58:12 - DEBUG - __main__ -   label: 5
08/18/2023 16:58:12 - DEBUG - __main__ -   pred: 5
08/18/2023 16:58:12 - DEBUG - __main__ -   label: 5
08/18/2023 16:58:12 - DEBUG - __main__ -   pred: 5
08/18/2023 16:58:12 - DEBUG - __main__ -   label: 4
08/18/2023 16:58:12 - DEBUG - __main__ -   pred: 4
08/18/2023 16:58:12 - DEBUG - __main__ -   label: 4
08/18/2023 16:58:12 - DEBUG - __main__ -   pred: 4
08/18/2023 16:58:12 - DEBUG - __main__ -   label: 2
08/18/2023 16:58:12 - DEBUG - __main__ -   pred: 3
08/18/2023 16:58:12 - DEBUG - __main__ -   label: 5
08/18/2023 16:58:12 - DEBUG - __main__ -   pred: 4
08/18/2023 16:58:12 - DEBUG - __main__ -   label: 2
08/18/2023 16:58:12 - DEBUG - __main__ -   pred: 3
08/18/2023 16:58:12 - DEBUG - __main__ -   label: 4
08/18/2023 16:58:12 - DEBUG - __main__ -   pred: 4
08/18/2023 16:58:12 - DEBUG - __main__ -   label: 2
08/18/2023 16:58:12 - DEBUG - __main__ -   pred: 2
08/18/2023 16:58:12 - DEBUG - __main__ -   label: 6
08/18/2023 16:58:12 - DEBUG - __main__ -   pred: 3
08/18/2023 16:58:12 - DEBUG - __main__ -   label: 2
08/18/2023 16:58:12 - DEBUG - __main__ -   pred: 3
08/18/2023 16:58:12 - DEBUG - __main__ -   label: 1
08/18/2023 16:58:12 - DEBUG - __main__ -   pred: 2
08/18/2023 16:58:12 - DEBUG - __main__ -   label: 3
08/18/2023 16:58:12 - DEBUG - __main__ -   pred: 4
08/18/2023 16:58:12 - DEBUG - __main__ -   label: 4
08/18/2023 16:58:12 - DEBUG - __main__ -   pred: 3
08/18/2023 16:58:12 - DEBUG - __main__ -   label: 3
08/18/2023 16:58:12 - DEBUG - __main__ -   pred: 4
08/18/2023 16:58:12 - DEBUG - __main__ -   label: 5
08/18/2023 16:58:12 - DEBUG - __main__ -   pred: 4
08/18/2023 16:58:12 - DEBUG - __main__ -   label: 2
08/18/2023 16:58:12 - DEBUG - __main__ -   pred: 2
08/18/2023 16:58:12 - DEBUG - __main__ -   label: 2
08/18/2023 16:58:12 - DEBUG - __main__ -   pred: 3
08/18/2023 16:58:12 - DEBUG - __main__ -   label: 4
08/18/2023 16:58:12 - DEBUG - __main__ -   pred: 5
08/18/2023 16:58:12 - DEBUG - __main__ -   label: 2
08/18/2023 16:58:12 - DEBUG - __main__ -   pred: 2
08/18/2023 16:58:12 - DEBUG - __main__ -   label: 2
08/18/2023 16:58:12 - DEBUG - __main__ -   pred: 2
08/18/2023 16:58:12 - DEBUG - __main__ -   label: 2
08/18/2023 16:58:12 - DEBUG - __main__ -   pred: 1
08/18/2023 16:58:12 - DEBUG - __main__ -   label: 1
08/18/2023 16:58:12 - DEBUG - __main__ -   pred: 1
08/18/2023 16:58:12 - DEBUG - __main__ -   label: 1
08/18/2023 16:58:12 - DEBUG - __main__ -   pred: 1
08/18/2023 16:58:12 - DEBUG - __main__ -   label: 2
08/18/2023 16:58:12 - DEBUG - __main__ -   pred: 1
08/18/2023 16:58:12 - DEBUG - __main__ -   label: 1
08/18/2023 16:58:12 - DEBUG - __main__ -   pred: 1
08/18/2023 16:58:12 - DEBUG - __main__ -   label: 1
08/18/2023 16:58:12 - DEBUG - __main__ -   pred: 1
08/18/2023 16:58:12 - DEBUG - __main__ -   label: 2
08/18/2023 16:58:12 - DEBUG - __main__ -   pred: 2
08/18/2023 16:58:12 - DEBUG - __main__ -   label: 2
08/18/2023 16:58:12 - DEBUG - __main__ -   pred: 2
08/18/2023 16:58:12 - DEBUG - __main__ -   label: 2
08/18/2023 16:58:12 - DEBUG - __main__ -   pred: 2
08/18/2023 16:58:12 - DEBUG - __main__ -   label: 2
08/18/2023 16:58:12 - DEBUG - __main__ -   pred: 2
08/18/2023 16:58:12 - DEBUG - __main__ -   label: 2
08/18/2023 16:58:12 - DEBUG - __main__ -   pred: 2
08/18/2023 16:58:12 - DEBUG - __main__ -   label: 2
08/18/2023 16:58:12 - DEBUG - __main__ -   pred: 2
08/18/2023 16:58:12 - DEBUG - __main__ -   label: 6
08/18/2023 16:58:12 - DEBUG - __main__ -   pred: 5
08/18/2023 16:58:12 - DEBUG - __main__ -   label: 6
08/18/2023 16:58:12 - DEBUG - __main__ -   pred: 5
08/18/2023 16:58:12 - DEBUG - __main__ -   label: 5
08/18/2023 16:58:12 - DEBUG - __main__ -   pred: 5
08/18/2023 16:58:12 - DEBUG - __main__ -   label: 5
08/18/2023 16:58:12 - DEBUG - __main__ -   pred: 3
08/18/2023 16:58:12 - DEBUG - __main__ -   label: 5
08/18/2023 16:58:12 - DEBUG - __main__ -   pred: 5
08/18/2023 16:58:12 - DEBUG - __main__ -   label: 6
08/18/2023 16:58:12 - DEBUG - __main__ -   pred: 5
08/18/2023 16:58:12 - DEBUG - __main__ -   label: 2
08/18/2023 16:58:12 - DEBUG - __main__ -   pred: 1
08/18/2023 16:58:12 - DEBUG - __main__ -   label: 2
08/18/2023 16:58:12 - DEBUG - __main__ -   pred: 2
08/18/2023 16:58:12 - DEBUG - __main__ -   label: 1
08/18/2023 16:58:12 - DEBUG - __main__ -   pred: 1
08/18/2023 16:58:12 - DEBUG - __main__ -   label: 1
08/18/2023 16:58:12 - DEBUG - __main__ -   pred: 1
08/18/2023 16:58:12 - DEBUG - __main__ -   label: 1
08/18/2023 16:58:12 - DEBUG - __main__ -   pred: 2
08/18/2023 16:58:12 - DEBUG - __main__ -   label: 1
08/18/2023 16:58:12 - DEBUG - __main__ -   pred: 2
08/18/2023 16:58:12 - DEBUG - __main__ -   label: 2
08/18/2023 16:58:12 - DEBUG - __main__ -   pred: 3
08/18/2023 16:58:12 - DEBUG - __main__ -   label: 2
08/18/2023 16:58:12 - DEBUG - __main__ -   pred: 1
08/18/2023 16:58:12 - DEBUG - __main__ -   label: 1
08/18/2023 16:58:12 - DEBUG - __main__ -   pred: 1
08/18/2023 16:58:12 - DEBUG - __main__ -   label: 1
08/18/2023 16:58:12 - DEBUG - __main__ -   pred: 1
08/18/2023 16:58:12 - DEBUG - __main__ -   label: 2
08/18/2023 16:58:12 - DEBUG - __main__ -   pred: 2
08/18/2023 16:58:12 - DEBUG - __main__ -   label: 2
08/18/2023 16:58:12 - DEBUG - __main__ -   pred: 2
08/18/2023 16:58:12 - DEBUG - __main__ -   label: 2
08/18/2023 16:58:12 - DEBUG - __main__ -   pred: 2
08/18/2023 16:58:12 - DEBUG - __main__ -   label: 2
08/18/2023 16:58:12 - DEBUG - __main__ -   pred: 2
08/18/2023 16:58:12 - DEBUG - __main__ -   label: 5
08/18/2023 16:58:12 - DEBUG - __main__ -   pred: 5
08/18/2023 16:58:12 - DEBUG - __main__ -   label: 5
08/18/2023 16:58:12 - DEBUG - __main__ -   pred: 5
08/18/2023 16:58:12 - DEBUG - __main__ -   label: 4
08/18/2023 16:58:12 - DEBUG - __main__ -   pred: 4
08/18/2023 16:58:12 - DEBUG - __main__ -   label: 5
08/18/2023 16:58:12 - DEBUG - __main__ -   pred: 4
08/18/2023 16:58:12 - DEBUG - __main__ -   label: 5
08/18/2023 16:58:12 - DEBUG - __main__ -   pred: 5
08/18/2023 16:58:12 - DEBUG - __main__ -   label: 5
08/18/2023 16:58:12 - DEBUG - __main__ -   pred: 5
08/18/2023 16:58:12 - DEBUG - __main__ -   label: 3
08/18/2023 16:58:12 - DEBUG - __main__ -   pred: 3
08/18/2023 16:58:12 - DEBUG - __main__ -   label: 5
08/18/2023 16:58:12 - DEBUG - __main__ -   pred: 5
08/18/2023 16:58:12 - DEBUG - __main__ -   label: 5
08/18/2023 16:58:12 - DEBUG - __main__ -   pred: 5
08/18/2023 16:58:12 - DEBUG - __main__ -   label: 4
08/18/2023 16:58:12 - DEBUG - __main__ -   pred: 4
08/18/2023 16:58:12 - DEBUG - __main__ -   label: 2
08/18/2023 16:58:12 - DEBUG - __main__ -   pred: 1
08/18/2023 16:58:12 - DEBUG - __main__ -   label: 4
08/18/2023 16:58:12 - DEBUG - __main__ -   pred: 3
08/18/2023 16:58:12 - DEBUG - __main__ -   label: 5
08/18/2023 16:58:12 - DEBUG - __main__ -   pred: 5
08/18/2023 16:58:12 - DEBUG - __main__ -   label: 2
08/18/2023 16:58:12 - DEBUG - __main__ -   pred: 1
08/18/2023 16:58:12 - DEBUG - __main__ -   label: 3
08/18/2023 16:58:12 - DEBUG - __main__ -   pred: 2
08/18/2023 16:58:12 - DEBUG - __main__ -   label: 3
08/18/2023 16:58:12 - DEBUG - __main__ -   pred: 2
08/18/2023 16:58:12 - DEBUG - __main__ -   label: 2
08/18/2023 16:58:12 - DEBUG - __main__ -   pred: 2
08/18/2023 16:58:12 - DEBUG - __main__ -   label: 2
08/18/2023 16:58:12 - DEBUG - __main__ -   pred: 1
08/18/2023 16:58:12 - DEBUG - __main__ -   label: 3
08/18/2023 16:58:12 - DEBUG - __main__ -   pred: 2
08/18/2023 16:58:12 - DEBUG - __main__ -   label: 2
08/18/2023 16:58:12 - DEBUG - __main__ -   pred: 1
08/18/2023 16:58:12 - DEBUG - __main__ -   label: 2
08/18/2023 16:58:12 - DEBUG - __main__ -   pred: 3
08/18/2023 16:58:12 - DEBUG - __main__ -   label: 2
08/18/2023 16:58:12 - DEBUG - __main__ -   pred: 2
08/18/2023 16:58:12 - DEBUG - __main__ -   label: 2
08/18/2023 16:58:12 - DEBUG - __main__ -   pred: 2
08/18/2023 16:58:12 - DEBUG - __main__ -   label: 2
08/18/2023 16:58:12 - DEBUG - __main__ -   pred: 2
08/18/2023 16:58:12 - DEBUG - __main__ -   label: 1
08/18/2023 16:58:12 - DEBUG - __main__ -   pred: 1
08/18/2023 16:58:12 - DEBUG - __main__ -   label: 2
08/18/2023 16:58:12 - DEBUG - __main__ -   pred: 2
08/18/2023 16:58:12 - DEBUG - __main__ -   label: 2
08/18/2023 16:58:12 - DEBUG - __main__ -   pred: 3
08/18/2023 16:58:12 - DEBUG - __main__ -   label: 2
08/18/2023 16:58:12 - DEBUG - __main__ -   pred: 1
08/18/2023 16:58:12 - DEBUG - __main__ -   label: 1
08/18/2023 16:58:12 - DEBUG - __main__ -   pred: 2
08/18/2023 16:58:12 - DEBUG - __main__ -   label: 3
08/18/2023 16:58:12 - DEBUG - __main__ -   pred: 2
08/18/2023 16:58:12 - DEBUG - __main__ -   label: 2
08/18/2023 16:58:12 - DEBUG - __main__ -   pred: 2
08/18/2023 16:58:12 - DEBUG - __main__ -   label: 1
08/18/2023 16:58:12 - DEBUG - __main__ -   pred: 2
08/18/2023 16:58:12 - DEBUG - __main__ -   label: 1
08/18/2023 16:58:12 - DEBUG - __main__ -   pred: 2
08/18/2023 16:58:12 - DEBUG - __main__ -   label: 2
08/18/2023 16:58:12 - DEBUG - __main__ -   pred: 2
08/18/2023 16:58:12 - DEBUG - __main__ -   label: 4
08/18/2023 16:58:12 - DEBUG - __main__ -   pred: 3
08/18/2023 16:58:12 - DEBUG - __main__ -   label: 5
08/18/2023 16:58:12 - DEBUG - __main__ -   pred: 4
08/18/2023 16:58:12 - DEBUG - __main__ -   label: 5
08/18/2023 16:58:12 - DEBUG - __main__ -   pred: 4
08/18/2023 16:58:12 - DEBUG - __main__ -   label: 6
08/18/2023 16:58:12 - DEBUG - __main__ -   pred: 4
08/18/2023 16:58:12 - DEBUG - __main__ -   label: 4
08/18/2023 16:58:12 - DEBUG - __main__ -   pred: 3
08/18/2023 16:58:12 - DEBUG - __main__ -   label: 5
08/18/2023 16:58:12 - DEBUG - __main__ -   pred: 5
08/18/2023 16:58:12 - DEBUG - __main__ -   label: 4
08/18/2023 16:58:12 - DEBUG - __main__ -   pred: 5
08/18/2023 16:58:12 - DEBUG - __main__ -   label: 5
08/18/2023 16:58:12 - DEBUG - __main__ -   pred: 5
08/18/2023 16:58:12 - DEBUG - __main__ -   label: 3
08/18/2023 16:58:12 - DEBUG - __main__ -   pred: 2
08/18/2023 16:58:12 - DEBUG - __main__ -   label: 5
08/18/2023 16:58:12 - DEBUG - __main__ -   pred: 4
08/18/2023 16:58:12 - DEBUG - __main__ -   label: 6
08/18/2023 16:58:12 - DEBUG - __main__ -   pred: 5
08/18/2023 16:58:12 - DEBUG - __main__ -   label: 2
08/18/2023 16:58:12 - DEBUG - __main__ -   pred: 2
08/18/2023 16:58:12 - DEBUG - __main__ -   label: 2
08/18/2023 16:58:12 - DEBUG - __main__ -   pred: 2
08/18/2023 16:58:12 - DEBUG - __main__ -   label: 2
08/18/2023 16:58:12 - DEBUG - __main__ -   pred: 1
08/18/2023 16:58:12 - DEBUG - __main__ -   label: 2
08/18/2023 16:58:12 - DEBUG - __main__ -   pred: 1
08/18/2023 16:58:12 - DEBUG - __main__ -   label: 3
08/18/2023 16:58:12 - DEBUG - __main__ -   pred: 2
08/18/2023 16:58:12 - DEBUG - __main__ -   label: 2
08/18/2023 16:58:12 - DEBUG - __main__ -   pred: 1
08/18/2023 16:58:12 - DEBUG - __main__ -   label: 3
08/18/2023 16:58:12 - DEBUG - __main__ -   pred: 1
08/18/2023 16:58:12 - DEBUG - __main__ -   label: 3
08/18/2023 16:58:12 - DEBUG - __main__ -   pred: 1
08/18/2023 16:58:12 - DEBUG - __main__ -   label: 3
08/18/2023 16:58:12 - DEBUG - __main__ -   pred: 1
08/18/2023 16:58:12 - DEBUG - __main__ -   label: 3
08/18/2023 16:58:12 - DEBUG - __main__ -   pred: 2
08/18/2023 16:58:12 - DEBUG - __main__ -   label: 3
08/18/2023 16:58:12 - DEBUG - __main__ -   pred: 3
08/18/2023 16:58:12 - DEBUG - __main__ -   label: 3
08/18/2023 16:58:12 - DEBUG - __main__ -   pred: 2
08/18/2023 16:58:12 - DEBUG - __main__ -   label: 2
08/18/2023 16:58:12 - DEBUG - __main__ -   pred: 1
08/18/2023 16:58:12 - DEBUG - __main__ -   label: 3
08/18/2023 16:58:12 - DEBUG - __main__ -   pred: 1
08/18/2023 16:58:12 - DEBUG - __main__ -   label: 3
08/18/2023 16:58:12 - DEBUG - __main__ -   pred: 1
08/18/2023 16:58:12 - DEBUG - __main__ -   label: 2
08/18/2023 16:58:12 - DEBUG - __main__ -   pred: 1
08/18/2023 16:58:12 - DEBUG - __main__ -   label: 3
08/18/2023 16:58:12 - DEBUG - __main__ -   pred: 2
08/18/2023 16:58:12 - DEBUG - __main__ -   label: 2
08/18/2023 16:58:12 - DEBUG - __main__ -   pred: 1
08/18/2023 16:58:12 - DEBUG - __main__ -   label: 3
08/18/2023 16:58:12 - DEBUG - __main__ -   pred: 2
08/18/2023 16:58:12 - DEBUG - __main__ -   label: 3
08/18/2023 16:58:12 - DEBUG - __main__ -   pred: 2
08/18/2023 16:58:12 - DEBUG - __main__ -   label: 2
08/18/2023 16:58:12 - DEBUG - __main__ -   pred: 2
08/18/2023 16:58:12 - DEBUG - __main__ -   label: 3
08/18/2023 16:58:12 - DEBUG - __main__ -   pred: 2
08/18/2023 16:58:12 - DEBUG - __main__ -   label: 6
08/18/2023 16:58:12 - DEBUG - __main__ -   pred: 5
08/18/2023 16:58:12 - DEBUG - __main__ -   label: 5
08/18/2023 16:58:12 - DEBUG - __main__ -   pred: 5
08/18/2023 16:58:12 - DEBUG - __main__ -   label: 5
08/18/2023 16:58:12 - DEBUG - __main__ -   pred: 4
08/18/2023 16:58:12 - DEBUG - __main__ -   label: 5
08/18/2023 16:58:12 - DEBUG - __main__ -   pred: 4
08/18/2023 16:58:12 - DEBUG - __main__ -   label: 4
08/18/2023 16:58:12 - DEBUG - __main__ -   pred: 5
08/18/2023 16:58:12 - DEBUG - __main__ -   label: 6
08/18/2023 16:58:12 - DEBUG - __main__ -   pred: 5
08/18/2023 16:58:12 - DEBUG - __main__ -   label: 6
08/18/2023 16:58:12 - DEBUG - __main__ -   pred: 5
08/18/2023 16:58:12 - DEBUG - __main__ -   label: 5
08/18/2023 16:58:12 - DEBUG - __main__ -   pred: 5
08/18/2023 16:58:12 - DEBUG - __main__ -   label: 2
08/18/2023 16:58:12 - DEBUG - __main__ -   pred: 2
08/18/2023 16:58:12 - DEBUG - __main__ -   label: 3
08/18/2023 16:58:12 - DEBUG - __main__ -   pred: 2
08/18/2023 16:58:12 - DEBUG - __main__ -   label: 3
08/18/2023 16:58:12 - DEBUG - __main__ -   pred: 2
08/18/2023 16:58:12 - DEBUG - __main__ -   label: 1
08/18/2023 16:58:12 - DEBUG - __main__ -   pred: 2
08/18/2023 16:58:12 - DEBUG - __main__ -   label: 2
08/18/2023 16:58:12 - DEBUG - __main__ -   pred: 2
08/18/2023 16:58:12 - DEBUG - __main__ -   label: 3
08/18/2023 16:58:12 - DEBUG - __main__ -   pred: 2
08/18/2023 16:58:12 - DEBUG - __main__ -   label: 2
08/18/2023 16:58:12 - DEBUG - __main__ -   pred: 2
08/18/2023 16:58:12 - DEBUG - __main__ -   label: 2
08/18/2023 16:58:12 - DEBUG - __main__ -   pred: 2
08/18/2023 16:58:12 - DEBUG - __main__ -   label: 1
08/18/2023 16:58:12 - DEBUG - __main__ -   pred: 2
08/18/2023 16:58:12 - DEBUG - __main__ -   label: 2
08/18/2023 16:58:12 - DEBUG - __main__ -   pred: 1
08/18/2023 16:58:12 - DEBUG - __main__ -   label: 2
08/18/2023 16:58:12 - DEBUG - __main__ -   pred: 2
08/18/2023 16:58:12 - DEBUG - __main__ -   label: 3
08/18/2023 16:58:12 - DEBUG - __main__ -   pred: 3
08/18/2023 16:58:12 - DEBUG - __main__ -   label: 2
08/18/2023 16:58:12 - DEBUG - __main__ -   pred: 1
08/18/2023 16:58:12 - DEBUG - __main__ -   label: 2
08/18/2023 16:58:12 - DEBUG - __main__ -   pred: 3
08/18/2023 16:58:12 - DEBUG - __main__ -   label: 5
08/18/2023 16:58:12 - DEBUG - __main__ -   pred: 4
08/18/2023 16:58:12 - DEBUG - __main__ -   label: 3
08/18/2023 16:58:12 - DEBUG - __main__ -   pred: 3
08/18/2023 16:58:12 - DEBUG - __main__ -   label: 5
08/18/2023 16:58:12 - DEBUG - __main__ -   pred: 5
08/18/2023 16:58:12 - DEBUG - __main__ -   label: 5
08/18/2023 16:58:12 - DEBUG - __main__ -   pred: 3
08/18/2023 16:58:12 - DEBUG - __main__ -   label: 4
08/18/2023 16:58:12 - DEBUG - __main__ -   pred: 4
08/18/2023 16:58:12 - DEBUG - __main__ -   label: 4
08/18/2023 16:58:12 - DEBUG - __main__ -   pred: 4
08/18/2023 16:58:12 - DEBUG - __main__ -   label: 5
08/18/2023 16:58:12 - DEBUG - __main__ -   pred: 4
08/18/2023 16:58:12 - DEBUG - __main__ -   label: 6
08/18/2023 16:58:12 - DEBUG - __main__ -   pred: 5
08/18/2023 16:58:12 - DEBUG - __main__ -   label: 5
08/18/2023 16:58:12 - DEBUG - __main__ -   pred: 5
08/18/2023 16:58:12 - DEBUG - __main__ -   label: 3
08/18/2023 16:58:12 - DEBUG - __main__ -   pred: 3
08/18/2023 16:58:12 - DEBUG - __main__ -   label: 5
08/18/2023 16:58:12 - DEBUG - __main__ -   pred: 4
08/18/2023 16:58:12 - DEBUG - __main__ -   label: 4
08/18/2023 16:58:12 - DEBUG - __main__ -   pred: 3
08/18/2023 16:58:12 - DEBUG - __main__ -   label: 6
08/18/2023 16:58:12 - DEBUG - __main__ -   pred: 5
08/18/2023 16:58:12 - DEBUG - __main__ -   label: 4
08/18/2023 16:58:12 - DEBUG - __main__ -   pred: 3
08/18/2023 16:58:12 - DEBUG - __main__ -   label: 5
08/18/2023 16:58:12 - DEBUG - __main__ -   pred: 5
08/18/2023 16:58:12 - DEBUG - __main__ -   label: 4
08/18/2023 16:58:12 - DEBUG - __main__ -   pred: 5
08/18/2023 16:58:12 - DEBUG - __main__ -   label: 4
08/18/2023 16:58:12 - DEBUG - __main__ -   pred: 5
08/18/2023 16:58:12 - DEBUG - __main__ -   label: 3
08/18/2023 16:58:12 - DEBUG - __main__ -   pred: 4
08/18/2023 16:58:12 - DEBUG - __main__ -   label: 4
08/18/2023 16:58:12 - DEBUG - __main__ -   pred: 4
08/18/2023 16:58:12 - DEBUG - __main__ -   label: 5
08/18/2023 16:58:12 - DEBUG - __main__ -   pred: 5
08/18/2023 16:58:12 - DEBUG - __main__ -   label: 4
08/18/2023 16:58:12 - DEBUG - __main__ -   pred: 4
08/18/2023 16:58:12 - DEBUG - __main__ -   label: 3
08/18/2023 16:58:12 - DEBUG - __main__ -   pred: 3
08/18/2023 16:58:12 - DEBUG - __main__ -   label: 4
08/18/2023 16:58:12 - DEBUG - __main__ -   pred: 3
08/18/2023 16:58:12 - DEBUG - __main__ -   label: 5
08/18/2023 16:58:12 - DEBUG - __main__ -   pred: 5
08/18/2023 16:58:12 - DEBUG - __main__ -   label: 6
08/18/2023 16:58:12 - DEBUG - __main__ -   pred: 5
08/18/2023 16:58:12 - DEBUG - __main__ -   label: 4
08/18/2023 16:58:12 - DEBUG - __main__ -   pred: 4
08/18/2023 16:58:12 - DEBUG - __main__ -   label: 5
08/18/2023 16:58:12 - DEBUG - __main__ -   pred: 5
08/18/2023 16:58:12 - DEBUG - __main__ -   label: 5
08/18/2023 16:58:12 - DEBUG - __main__ -   pred: 4
08/18/2023 16:58:12 - DEBUG - __main__ -   label: 6
08/18/2023 16:58:12 - DEBUG - __main__ -   pred: 5
08/18/2023 16:58:12 - DEBUG - __main__ -   label: 4
08/18/2023 16:58:12 - DEBUG - __main__ -   pred: 3
08/18/2023 16:58:12 - DEBUG - __main__ -   label: 2
08/18/2023 16:58:12 - DEBUG - __main__ -   pred: 2
08/18/2023 16:58:12 - DEBUG - __main__ -   label: 2
08/18/2023 16:58:12 - DEBUG - __main__ -   pred: 2
08/18/2023 16:58:12 - DEBUG - __main__ -   label: 3
08/18/2023 16:58:12 - DEBUG - __main__ -   pred: 2
08/18/2023 16:58:12 - DEBUG - __main__ -   label: 2
08/18/2023 16:58:12 - DEBUG - __main__ -   pred: 2
08/18/2023 16:58:12 - DEBUG - __main__ -   label: 2
08/18/2023 16:58:12 - DEBUG - __main__ -   pred: 2
08/18/2023 16:58:12 - DEBUG - __main__ -   label: 3
08/18/2023 16:58:12 - DEBUG - __main__ -   pred: 2
08/18/2023 16:58:12 - DEBUG - __main__ -   label: 3
08/18/2023 16:58:12 - DEBUG - __main__ -   pred: 2
08/18/2023 16:58:12 - DEBUG - __main__ -   label: 2
08/18/2023 16:58:12 - DEBUG - __main__ -   pred: 1
08/18/2023 16:58:12 - DEBUG - __main__ -   label: 2
08/18/2023 16:58:12 - DEBUG - __main__ -   pred: 1
08/18/2023 16:58:12 - DEBUG - __main__ -   label: 2
08/18/2023 16:58:12 - DEBUG - __main__ -   pred: 1
08/18/2023 16:58:12 - DEBUG - __main__ -   label: 3
08/18/2023 16:58:12 - DEBUG - __main__ -   pred: 2
08/18/2023 16:58:12 - DEBUG - __main__ -   label: 3
08/18/2023 16:58:12 - DEBUG - __main__ -   pred: 2
08/18/2023 16:58:12 - DEBUG - __main__ -   label: 3
08/18/2023 16:58:12 - DEBUG - __main__ -   pred: 3
08/18/2023 16:58:12 - DEBUG - __main__ -   label: 2
08/18/2023 16:58:12 - DEBUG - __main__ -   pred: 2
08/18/2023 16:58:12 - DEBUG - __main__ -   label: 4
08/18/2023 16:58:12 - DEBUG - __main__ -   pred: 5
08/18/2023 16:58:12 - DEBUG - __main__ -   label: 4
08/18/2023 16:58:12 - DEBUG - __main__ -   pred: 5
08/18/2023 16:58:12 - DEBUG - __main__ -   label: 4
08/18/2023 16:58:12 - DEBUG - __main__ -   pred: 5
08/18/2023 16:58:12 - DEBUG - __main__ -   label: 3
08/18/2023 16:58:12 - DEBUG - __main__ -   pred: 4
08/18/2023 16:58:12 - DEBUG - __main__ -   label: 1
08/18/2023 16:58:12 - DEBUG - __main__ -   pred: 3
08/18/2023 16:58:12 - DEBUG - __main__ -   label: 1
08/18/2023 16:58:12 - DEBUG - __main__ -   pred: 3
08/18/2023 16:58:12 - DEBUG - __main__ -   label: 2
08/18/2023 16:58:12 - DEBUG - __main__ -   pred: 1
08/18/2023 16:58:12 - DEBUG - __main__ -   label: 1
08/18/2023 16:58:12 - DEBUG - __main__ -   pred: 1
08/18/2023 16:58:12 - DEBUG - __main__ -   label: 1
08/18/2023 16:58:12 - DEBUG - __main__ -   pred: 3
08/18/2023 16:58:12 - DEBUG - __main__ -   label: 1
08/18/2023 16:58:12 - DEBUG - __main__ -   pred: 2
08/18/2023 16:58:12 - DEBUG - __main__ -   label: 2
08/18/2023 16:58:12 - DEBUG - __main__ -   pred: 1
08/18/2023 16:58:12 - DEBUG - __main__ -   label: 2
08/18/2023 16:58:12 - DEBUG - __main__ -   pred: 2
08/18/2023 16:58:12 - DEBUG - __main__ -   label: 4
08/18/2023 16:58:12 - DEBUG - __main__ -   pred: 4
08/18/2023 16:58:12 - DEBUG - __main__ -   label: 4
08/18/2023 16:58:12 - DEBUG - __main__ -   pred: 4
08/18/2023 16:58:12 - DEBUG - __main__ -   label: 4
08/18/2023 16:58:12 - DEBUG - __main__ -   pred: 4
08/18/2023 16:58:12 - DEBUG - __main__ -   label: 4
08/18/2023 16:58:12 - DEBUG - __main__ -   pred: 4
08/18/2023 16:58:12 - DEBUG - __main__ -   label: 2
08/18/2023 16:58:12 - DEBUG - __main__ -   pred: 2
08/18/2023 16:58:12 - DEBUG - __main__ -   label: 1
08/18/2023 16:58:12 - DEBUG - __main__ -   pred: 2
08/18/2023 16:58:12 - DEBUG - __main__ -   label: 2
08/18/2023 16:58:12 - DEBUG - __main__ -   pred: 1
08/18/2023 16:58:12 - DEBUG - __main__ -   label: 1
08/18/2023 16:58:12 - DEBUG - __main__ -   pred: 2
08/18/2023 16:58:12 - DEBUG - __main__ -   label: 2
08/18/2023 16:58:12 - DEBUG - __main__ -   pred: 2
08/18/2023 16:58:12 - DEBUG - __main__ -   label: 0
08/18/2023 16:58:12 - DEBUG - __main__ -   pred: 2
08/18/2023 16:58:12 - DEBUG - __main__ -   label: 2
08/18/2023 16:58:12 - DEBUG - __main__ -   pred: 2
08/18/2023 16:58:12 - DEBUG - __main__ -   label: 0
08/18/2023 16:58:12 - DEBUG - __main__ -   pred: 2
08/18/2023 16:58:12 - DEBUG - __main__ -   label: 1
08/18/2023 16:58:12 - DEBUG - __main__ -   pred: 2
08/18/2023 16:58:12 - DEBUG - __main__ -   label: 1
08/18/2023 16:58:12 - DEBUG - __main__ -   pred: 2
08/18/2023 16:58:12 - DEBUG - __main__ -   label: 1
08/18/2023 16:58:12 - DEBUG - __main__ -   pred: 1
08/18/2023 16:58:12 - DEBUG - __main__ -   label: 1
08/18/2023 16:58:12 - DEBUG - __main__ -   pred: 1
08/18/2023 16:58:12 - DEBUG - __main__ -   label: 2
08/18/2023 16:58:12 - DEBUG - __main__ -   pred: 2
08/18/2023 16:58:12 - DEBUG - __main__ -   label: 1
08/18/2023 16:58:12 - DEBUG - __main__ -   pred: 1
08/18/2023 16:58:12 - DEBUG - __main__ -   label: 1
08/18/2023 16:58:12 - DEBUG - __main__ -   pred: 1
08/18/2023 16:58:12 - DEBUG - __main__ -   label: 1
08/18/2023 16:58:12 - DEBUG - __main__ -   pred: 3
08/18/2023 16:58:12 - DEBUG - __main__ -   label: 1
08/18/2023 16:58:12 - DEBUG - __main__ -   pred: 2
08/18/2023 16:58:12 - DEBUG - __main__ -   label: 1
08/18/2023 16:58:12 - DEBUG - __main__ -   pred: 2
08/18/2023 16:58:12 - DEBUG - __main__ -   label: 2
08/18/2023 16:58:12 - DEBUG - __main__ -   pred: 2
08/18/2023 16:58:12 - DEBUG - __main__ -   label: 4
08/18/2023 16:58:12 - DEBUG - __main__ -   pred: 4
08/18/2023 16:58:12 - DEBUG - __main__ -   label: 3
08/18/2023 16:58:12 - DEBUG - __main__ -   pred: 3
08/18/2023 16:58:12 - DEBUG - __main__ -   label: 3
08/18/2023 16:58:12 - DEBUG - __main__ -   pred: 3
08/18/2023 16:58:12 - DEBUG - __main__ -   label: 3
08/18/2023 16:58:12 - DEBUG - __main__ -   pred: 3
08/18/2023 16:58:12 - DEBUG - __main__ -   label: 4
08/18/2023 16:58:12 - DEBUG - __main__ -   pred: 5
08/18/2023 16:58:12 - DEBUG - __main__ -   label: 5
08/18/2023 16:58:12 - DEBUG - __main__ -   pred: 5
08/18/2023 16:58:12 - DEBUG - __main__ -   label: 3
08/18/2023 16:58:12 - DEBUG - __main__ -   pred: 3
08/18/2023 16:58:12 - DEBUG - __main__ -   label: 3
08/18/2023 16:58:12 - DEBUG - __main__ -   pred: 3
08/18/2023 16:58:12 - DEBUG - __main__ -   label: 3
08/18/2023 16:58:12 - DEBUG - __main__ -   pred: 3
08/18/2023 16:58:12 - DEBUG - __main__ -   label: 5
08/18/2023 16:58:12 - DEBUG - __main__ -   pred: 5
08/18/2023 16:58:12 - DEBUG - __main__ -   label: 5
08/18/2023 16:58:12 - DEBUG - __main__ -   pred: 5
08/18/2023 16:58:12 - DEBUG - __main__ -   label: 4
08/18/2023 16:58:12 - DEBUG - __main__ -   pred: 4
08/18/2023 16:58:12 - DEBUG - __main__ -   label: 5
08/18/2023 16:58:12 - DEBUG - __main__ -   pred: 5
08/18/2023 16:58:12 - DEBUG - __main__ -   label: 4
08/18/2023 16:58:12 - DEBUG - __main__ -   pred: 4
08/18/2023 16:58:12 - DEBUG - __main__ -   label: 5
08/18/2023 16:58:12 - DEBUG - __main__ -   pred: 4
08/18/2023 16:58:12 - DEBUG - __main__ -   label: 4
08/18/2023 16:58:12 - DEBUG - __main__ -   pred: 5
08/18/2023 16:58:12 - DEBUG - __main__ -   label: 4
08/18/2023 16:58:12 - DEBUG - __main__ -   pred: 5
08/18/2023 16:58:12 - DEBUG - __main__ -   label: 4
08/18/2023 16:58:12 - DEBUG - __main__ -   pred: 5
08/18/2023 16:58:12 - DEBUG - __main__ -   label: 5
08/18/2023 16:58:12 - DEBUG - __main__ -   pred: 4
08/18/2023 16:58:12 - DEBUG - __main__ -   label: 2
08/18/2023 16:58:12 - DEBUG - __main__ -   pred: 2
08/18/2023 16:58:12 - DEBUG - __main__ -   label: 1
08/18/2023 16:58:12 - DEBUG - __main__ -   pred: 2
08/18/2023 16:58:12 - DEBUG - __main__ -   label: 3
08/18/2023 16:58:12 - DEBUG - __main__ -   pred: 2
08/18/2023 16:58:12 - DEBUG - __main__ -   label: 0
08/18/2023 16:58:12 - DEBUG - __main__ -   pred: 2
08/18/2023 16:58:12 - DEBUG - __main__ -   label: 1
08/18/2023 16:58:12 - DEBUG - __main__ -   pred: 1
08/18/2023 16:58:12 - DEBUG - __main__ -   label: 2
08/18/2023 16:58:12 - DEBUG - __main__ -   pred: 1
08/18/2023 16:58:12 - DEBUG - __main__ -   label: 0
08/18/2023 16:58:12 - DEBUG - __main__ -   pred: 2
08/18/2023 16:58:12 - DEBUG - __main__ -   label: 0
08/18/2023 16:58:12 - DEBUG - __main__ -   pred: 1
08/18/2023 16:58:12 - DEBUG - __main__ -   label: 2
08/18/2023 16:58:12 - DEBUG - __main__ -   pred: 2
08/18/2023 16:58:12 - DEBUG - __main__ -   label: 1
08/18/2023 16:58:12 - DEBUG - __main__ -   pred: 1
08/18/2023 16:58:12 - DEBUG - __main__ -   label: 1
08/18/2023 16:58:12 - DEBUG - __main__ -   pred: 1
08/18/2023 16:58:12 - DEBUG - __main__ -   label: 1
08/18/2023 16:58:12 - DEBUG - __main__ -   pred: 1
08/18/2023 16:58:12 - DEBUG - __main__ -   label: 1
08/18/2023 16:58:12 - DEBUG - __main__ -   pred: 2
08/18/2023 16:58:12 - DEBUG - __main__ -   label: 1
08/18/2023 16:58:12 - DEBUG - __main__ -   pred: 2
08/18/2023 16:58:12 - DEBUG - __main__ -   label: 1
08/18/2023 16:58:12 - DEBUG - __main__ -   pred: 3
08/18/2023 16:58:12 - DEBUG - __main__ -   label: 1
08/18/2023 16:58:12 - DEBUG - __main__ -   pred: 2
08/18/2023 16:58:12 - DEBUG - __main__ -   label: 2
08/18/2023 16:58:12 - DEBUG - __main__ -   pred: 2
08/18/2023 16:58:12 - DEBUG - __main__ -   label: 1
08/18/2023 16:58:12 - DEBUG - __main__ -   pred: 1
08/18/2023 16:58:12 - DEBUG - __main__ -   label: 2
08/18/2023 16:58:12 - DEBUG - __main__ -   pred: 2
08/18/2023 16:58:12 - DEBUG - __main__ -   label: 0
08/18/2023 16:58:12 - DEBUG - __main__ -   pred: 1
08/18/2023 16:58:12 - DEBUG - __main__ -   label: 3
08/18/2023 16:58:12 - DEBUG - __main__ -   pred: 3
08/18/2023 16:58:12 - DEBUG - __main__ -   label: 6
08/18/2023 16:58:12 - DEBUG - __main__ -   pred: 4
08/18/2023 16:58:12 - DEBUG - __main__ -   label: 4
08/18/2023 16:58:12 - DEBUG - __main__ -   pred: 5
08/18/2023 16:58:12 - DEBUG - __main__ -   label: 2
08/18/2023 16:58:12 - DEBUG - __main__ -   pred: 3
08/18/2023 16:58:12 - DEBUG - __main__ -   label: 6
08/18/2023 16:58:12 - DEBUG - __main__ -   pred: 5
08/18/2023 16:58:12 - DEBUG - __main__ -   label: 6
08/18/2023 16:58:12 - DEBUG - __main__ -   pred: 5
08/18/2023 16:58:12 - DEBUG - __main__ -   label: 3
08/18/2023 16:58:12 - DEBUG - __main__ -   pred: 3
08/18/2023 16:58:12 - DEBUG - __main__ -   label: 4
08/18/2023 16:58:12 - DEBUG - __main__ -   pred: 3
08/18/2023 16:58:12 - DEBUG - __main__ -   label: 4
08/18/2023 16:58:12 - DEBUG - __main__ -   pred: 5
08/18/2023 16:58:12 - DEBUG - __main__ -   label: 5
08/18/2023 16:58:12 - DEBUG - __main__ -   pred: 4
08/18/2023 16:58:12 - DEBUG - __main__ -   label: 5
08/18/2023 16:58:12 - DEBUG - __main__ -   pred: 5
08/18/2023 16:58:12 - DEBUG - __main__ -   label: 4
08/18/2023 16:58:12 - DEBUG - __main__ -   pred: 4
08/18/2023 16:58:12 - DEBUG - __main__ -   label: 5
08/18/2023 16:58:12 - DEBUG - __main__ -   pred: 5
08/18/2023 16:58:12 - DEBUG - __main__ -   label: 1
08/18/2023 16:58:12 - DEBUG - __main__ -   pred: 2
08/18/2023 16:58:12 - DEBUG - __main__ -   label: 2
08/18/2023 16:58:12 - DEBUG - __main__ -   pred: 1
08/18/2023 16:58:12 - DEBUG - __main__ -   label: 1
08/18/2023 16:58:12 - DEBUG - __main__ -   pred: 2
08/18/2023 16:58:12 - DEBUG - __main__ -   label: 1
08/18/2023 16:58:12 - DEBUG - __main__ -   pred: 2
08/18/2023 16:58:12 - DEBUG - __main__ -   label: 1
08/18/2023 16:58:12 - DEBUG - __main__ -   pred: 2
08/18/2023 16:58:12 - DEBUG - __main__ -   label: 2
08/18/2023 16:58:12 - DEBUG - __main__ -   pred: 1
08/18/2023 16:58:12 - DEBUG - __main__ -   label: 1
08/18/2023 16:58:12 - DEBUG - __main__ -   pred: 3
08/18/2023 16:58:12 - DEBUG - __main__ -   label: 2
08/18/2023 16:58:12 - DEBUG - __main__ -   pred: 2
08/18/2023 16:58:12 - DEBUG - __main__ -   label: 1
08/18/2023 16:58:12 - DEBUG - __main__ -   pred: 1
08/18/2023 16:58:12 - DEBUG - __main__ -   label: 2
08/18/2023 16:58:12 - DEBUG - __main__ -   pred: 3
08/18/2023 16:58:12 - DEBUG - __main__ -   label: 4
08/18/2023 16:58:12 - DEBUG - __main__ -   pred: 4
08/18/2023 16:58:12 - DEBUG - __main__ -   label: 4
08/18/2023 16:58:12 - DEBUG - __main__ -   pred: 4
08/18/2023 16:58:12 - DEBUG - __main__ -   label: 2
08/18/2023 16:58:12 - DEBUG - __main__ -   pred: 2
08/18/2023 16:58:12 - DEBUG - __main__ -   label: 4
08/18/2023 16:58:12 - DEBUG - __main__ -   pred: 5
08/18/2023 16:58:12 - DEBUG - __main__ -   label: 4
08/18/2023 16:58:12 - DEBUG - __main__ -   pred: 4
08/18/2023 16:58:12 - DEBUG - __main__ -   label: 4
08/18/2023 16:58:12 - DEBUG - __main__ -   pred: 4
08/18/2023 16:58:12 - DEBUG - __main__ -   label: 4
08/18/2023 16:58:12 - DEBUG - __main__ -   pred: 4
08/18/2023 16:58:12 - DEBUG - __main__ -   label: 3
08/18/2023 16:58:12 - DEBUG - __main__ -   pred: 2
08/18/2023 16:58:12 - DEBUG - __main__ -   label: 2
08/18/2023 16:58:12 - DEBUG - __main__ -   pred: 2
08/18/2023 16:58:12 - DEBUG - __main__ -   label: 0
08/18/2023 16:58:12 - DEBUG - __main__ -   pred: 1
08/18/2023 16:58:12 - DEBUG - __main__ -   label: 2
08/18/2023 16:58:12 - DEBUG - __main__ -   pred: 1
08/18/2023 16:58:12 - DEBUG - __main__ -   label: 2
08/18/2023 16:58:12 - DEBUG - __main__ -   pred: 1
08/18/2023 16:58:12 - DEBUG - __main__ -   label: 2
08/18/2023 16:58:12 - DEBUG - __main__ -   pred: 2
08/18/2023 16:58:12 - DEBUG - __main__ -   label: 1
08/18/2023 16:58:12 - DEBUG - __main__ -   pred: 1
08/18/2023 16:58:12 - DEBUG - __main__ -   label: 1
08/18/2023 16:58:12 - DEBUG - __main__ -   pred: 2
08/18/2023 16:58:12 - DEBUG - __main__ -   label: 2
08/18/2023 16:58:12 - DEBUG - __main__ -   pred: 3
08/18/2023 16:58:12 - DEBUG - __main__ -   label: 2
08/18/2023 16:58:12 - DEBUG - __main__ -   pred: 1
08/18/2023 16:58:12 - DEBUG - __main__ -   label: 2
08/18/2023 16:58:12 - DEBUG - __main__ -   pred: 3
08/18/2023 16:58:12 - DEBUG - __main__ -   label: 2
08/18/2023 16:58:12 - DEBUG - __main__ -   pred: 2
08/18/2023 16:58:12 - DEBUG - __main__ -   label: 2
08/18/2023 16:58:12 - DEBUG - __main__ -   pred: 2
08/18/2023 16:58:12 - DEBUG - __main__ -   label: 3
08/18/2023 16:58:12 - DEBUG - __main__ -   pred: 4
08/18/2023 16:58:12 - DEBUG - __main__ -   label: 1
08/18/2023 16:58:12 - DEBUG - __main__ -   pred: 2
08/18/2023 16:58:12 - DEBUG - __main__ -   label: 2
08/18/2023 16:58:12 - DEBUG - __main__ -   pred: 3
08/18/2023 16:58:12 - DEBUG - __main__ -   label: 3
08/18/2023 16:58:12 - DEBUG - __main__ -   pred: 3
08/18/2023 16:58:12 - DEBUG - __main__ -   label: 5
08/18/2023 16:58:12 - DEBUG - __main__ -   pred: 5
08/18/2023 16:58:12 - DEBUG - __main__ -   label: 4
08/18/2023 16:58:12 - DEBUG - __main__ -   pred: 4
08/18/2023 16:58:12 - DEBUG - __main__ -   label: 4
08/18/2023 16:58:12 - DEBUG - __main__ -   pred: 3
08/18/2023 16:58:12 - DEBUG - __main__ -   label: 4
08/18/2023 16:58:12 - DEBUG - __main__ -   pred: 3
08/18/2023 16:58:12 - DEBUG - __main__ -   label: 5
08/18/2023 16:58:12 - DEBUG - __main__ -   pred: 5
08/18/2023 16:58:12 - DEBUG - __main__ -   label: 5
08/18/2023 16:58:12 - DEBUG - __main__ -   pred: 5
08/18/2023 16:58:12 - DEBUG - __main__ -   label: 4
08/18/2023 16:58:12 - DEBUG - __main__ -   pred: 3
08/18/2023 16:58:12 - DEBUG - __main__ -   label: 4
08/18/2023 16:58:12 - DEBUG - __main__ -   pred: 4
08/18/2023 16:58:12 - DEBUG - __main__ -   label: 3
08/18/2023 16:58:12 - DEBUG - __main__ -   pred: 3
08/18/2023 16:58:12 - DEBUG - __main__ -   label: 4
08/18/2023 16:58:12 - DEBUG - __main__ -   pred: 4
08/18/2023 16:58:12 - DEBUG - __main__ -   label: 4
08/18/2023 16:58:12 - DEBUG - __main__ -   pred: 5
08/18/2023 16:58:12 - DEBUG - __main__ -   label: 1
08/18/2023 16:58:12 - DEBUG - __main__ -   pred: 2
08/18/2023 16:58:12 - DEBUG - __main__ -   label: 2
08/18/2023 16:58:12 - DEBUG - __main__ -   pred: 3
08/18/2023 16:58:12 - DEBUG - __main__ -   label: 3
08/18/2023 16:58:12 - DEBUG - __main__ -   pred: 2
08/18/2023 16:58:12 - DEBUG - __main__ -   label: 0
08/18/2023 16:58:12 - DEBUG - __main__ -   pred: 1
08/18/2023 16:58:12 - DEBUG - __main__ -   label: 1
08/18/2023 16:58:12 - DEBUG - __main__ -   pred: 1
08/18/2023 16:58:12 - DEBUG - __main__ -   label: 1
08/18/2023 16:58:12 - DEBUG - __main__ -   pred: 2
08/18/2023 16:58:12 - DEBUG - __main__ -   label: 3
08/18/2023 16:58:12 - DEBUG - __main__ -   pred: 1
08/18/2023 16:58:12 - DEBUG - __main__ -   label: 1
08/18/2023 16:58:12 - DEBUG - __main__ -   pred: 1
08/18/2023 16:58:12 - DEBUG - __main__ -   label: 1
08/18/2023 16:58:12 - DEBUG - __main__ -   pred: 1
08/18/2023 16:58:12 - DEBUG - __main__ -   label: 2
08/18/2023 16:58:12 - DEBUG - __main__ -   pred: 1
08/18/2023 16:58:12 - DEBUG - __main__ -   label: 2
08/18/2023 16:58:12 - DEBUG - __main__ -   pred: 2
08/18/2023 16:58:12 - DEBUG - __main__ -   label: 2
08/18/2023 16:58:12 - DEBUG - __main__ -   pred: 2
08/18/2023 16:58:12 - DEBUG - __main__ -   label: 2
08/18/2023 16:58:12 - DEBUG - __main__ -   pred: 2
08/18/2023 16:58:12 - DEBUG - __main__ -   label: 5
08/18/2023 16:58:12 - DEBUG - __main__ -   pred: 5
08/18/2023 16:58:12 - DEBUG - __main__ -   label: 2
08/18/2023 16:58:12 - DEBUG - __main__ -   pred: 2
08/18/2023 16:58:12 - DEBUG - __main__ -   label: 6
08/18/2023 16:58:12 - DEBUG - __main__ -   pred: 5
08/18/2023 16:58:12 - DEBUG - __main__ -   label: 5
08/18/2023 16:58:12 - DEBUG - __main__ -   pred: 5
08/18/2023 16:58:12 - DEBUG - __main__ -   label: 5
08/18/2023 16:58:12 - DEBUG - __main__ -   pred: 5
08/18/2023 16:58:12 - DEBUG - __main__ -   label: 5
08/18/2023 16:58:12 - DEBUG - __main__ -   pred: 4
08/18/2023 16:58:12 - DEBUG - __main__ -   label: 5
08/18/2023 16:58:12 - DEBUG - __main__ -   pred: 3
08/18/2023 16:58:12 - DEBUG - __main__ -   label: 3
08/18/2023 16:58:12 - DEBUG - __main__ -   pred: 3
08/18/2023 16:58:12 - DEBUG - __main__ -   label: 4
08/18/2023 16:58:12 - DEBUG - __main__ -   pred: 3
08/18/2023 16:58:12 - DEBUG - __main__ -   label: 2
08/18/2023 16:58:12 - DEBUG - __main__ -   pred: 2
08/18/2023 16:58:12 - DEBUG - __main__ -   label: 2
08/18/2023 16:58:12 - DEBUG - __main__ -   pred: 2
08/18/2023 16:58:12 - DEBUG - __main__ -   label: 2
08/18/2023 16:58:12 - DEBUG - __main__ -   pred: 2
08/18/2023 16:58:12 - DEBUG - __main__ -   label: 3
08/18/2023 16:58:12 - DEBUG - __main__ -   pred: 2
08/18/2023 16:58:12 - DEBUG - __main__ -   label: 1
08/18/2023 16:58:12 - DEBUG - __main__ -   pred: 1
08/18/2023 16:58:12 - DEBUG - __main__ -   label: 2
08/18/2023 16:58:12 - DEBUG - __main__ -   pred: 2
08/18/2023 16:58:12 - DEBUG - __main__ -   label: 3
08/18/2023 16:58:12 - DEBUG - __main__ -   pred: 3
08/18/2023 16:58:12 - DEBUG - __main__ -   label: 3
08/18/2023 16:58:12 - DEBUG - __main__ -   pred: 1
08/18/2023 16:58:12 - DEBUG - __main__ -   label: 2
08/18/2023 16:58:12 - DEBUG - __main__ -   pred: 1
08/18/2023 16:58:12 - DEBUG - __main__ -   label: 1
08/18/2023 16:58:12 - DEBUG - __main__ -   pred: 1
08/18/2023 16:58:12 - DEBUG - __main__ -   label: 2
08/18/2023 16:58:12 - DEBUG - __main__ -   pred: 2
08/18/2023 16:58:12 - DEBUG - __main__ -   label: 2
08/18/2023 16:58:12 - DEBUG - __main__ -   pred: 2
08/18/2023 16:58:12 - DEBUG - __main__ -   label: 2
08/18/2023 16:58:12 - DEBUG - __main__ -   pred: 2
08/18/2023 16:58:12 - DEBUG - __main__ -   label: 3
08/18/2023 16:58:12 - DEBUG - __main__ -   pred: 2
08/18/2023 16:58:12 - DEBUG - __main__ -   label: 4
08/18/2023 16:58:12 - DEBUG - __main__ -   pred: 4
08/18/2023 16:58:12 - DEBUG - __main__ -   label: 5
08/18/2023 16:58:12 - DEBUG - __main__ -   pred: 5
08/18/2023 16:58:12 - DEBUG - __main__ -   label: 4
08/18/2023 16:58:12 - DEBUG - __main__ -   pred: 4
08/18/2023 16:58:12 - DEBUG - __main__ -   label: 4
08/18/2023 16:58:12 - DEBUG - __main__ -   pred: 4
08/18/2023 16:58:12 - DEBUG - __main__ -   label: 4
08/18/2023 16:58:12 - DEBUG - __main__ -   pred: 4
08/18/2023 16:58:12 - DEBUG - __main__ -   label: 4
08/18/2023 16:58:12 - DEBUG - __main__ -   pred: 5
08/18/2023 16:58:12 - DEBUG - __main__ -   label: 4
08/18/2023 16:58:12 - DEBUG - __main__ -   pred: 3
08/18/2023 16:58:12 - DEBUG - __main__ -   label: 2
08/18/2023 16:58:12 - DEBUG - __main__ -   pred: 2
08/18/2023 16:58:12 - DEBUG - __main__ -   label: 1
08/18/2023 16:58:12 - DEBUG - __main__ -   pred: 3
08/18/2023 16:58:12 - DEBUG - __main__ -   label: 1
08/18/2023 16:58:12 - DEBUG - __main__ -   pred: 2
08/18/2023 16:58:12 - DEBUG - __main__ -   label: 0
08/18/2023 16:58:12 - DEBUG - __main__ -   pred: 1
08/18/2023 16:58:12 - DEBUG - __main__ -   label: 2
08/18/2023 16:58:12 - DEBUG - __main__ -   pred: 2
08/18/2023 16:58:12 - DEBUG - __main__ -   label: 1
08/18/2023 16:58:12 - DEBUG - __main__ -   pred: 1
08/18/2023 16:58:12 - DEBUG - __main__ -   label: 1
08/18/2023 16:58:12 - DEBUG - __main__ -   pred: 1
08/18/2023 16:58:12 - DEBUG - __main__ -   label: 2
08/18/2023 16:58:12 - DEBUG - __main__ -   pred: 2
08/18/2023 16:58:12 - DEBUG - __main__ -   label: 1
08/18/2023 16:58:12 - DEBUG - __main__ -   pred: 1
08/18/2023 16:58:12 - DEBUG - __main__ -   label: 2
08/18/2023 16:58:12 - DEBUG - __main__ -   pred: 1
08/18/2023 16:58:12 - DEBUG - __main__ -   label: 2
08/18/2023 16:58:12 - DEBUG - __main__ -   pred: 2
08/18/2023 16:58:12 - DEBUG - __main__ -   label: 2
08/18/2023 16:58:12 - DEBUG - __main__ -   pred: 2
08/18/2023 16:58:12 - DEBUG - __main__ -   label: 1
08/18/2023 16:58:12 - DEBUG - __main__ -   pred: 2
08/18/2023 16:58:12 - DEBUG - __main__ -   label: 1
08/18/2023 16:58:12 - DEBUG - __main__ -   pred: 3
08/18/2023 16:58:12 - DEBUG - __main__ -   label: 1
08/18/2023 16:58:12 - DEBUG - __main__ -   pred: 3
08/18/2023 16:58:12 - DEBUG - __main__ -   label: 1
08/18/2023 16:58:12 - DEBUG - __main__ -   pred: 1
08/18/2023 16:58:12 - DEBUG - __main__ -   label: 1
08/18/2023 16:58:12 - DEBUG - __main__ -   pred: 1
08/18/2023 16:58:12 - DEBUG - __main__ -   label: 1
08/18/2023 16:58:12 - DEBUG - __main__ -   pred: 1
08/18/2023 16:58:12 - DEBUG - __main__ -   label: 1
08/18/2023 16:58:12 - DEBUG - __main__ -   pred: 2
08/18/2023 16:58:12 - DEBUG - __main__ -   label: 1
08/18/2023 16:58:12 - DEBUG - __main__ -   pred: 1
08/18/2023 16:58:12 - DEBUG - __main__ -   label: 2
08/18/2023 16:58:12 - DEBUG - __main__ -   pred: 1
08/18/2023 16:58:12 - DEBUG - __main__ -   label: 1
08/18/2023 16:58:12 - DEBUG - __main__ -   pred: 2
08/18/2023 16:58:12 - DEBUG - __main__ -   label: 3
08/18/2023 16:58:12 - DEBUG - __main__ -   pred: 4
08/18/2023 16:58:12 - DEBUG - __main__ -   label: 4
08/18/2023 16:58:12 - DEBUG - __main__ -   pred: 5
08/18/2023 16:58:12 - DEBUG - __main__ -   label: 3
08/18/2023 16:58:12 - DEBUG - __main__ -   pred: 3
08/18/2023 16:58:12 - DEBUG - __main__ -   label: 2
08/18/2023 16:58:12 - DEBUG - __main__ -   pred: 2
08/18/2023 16:58:12 - DEBUG - __main__ -   label: 4
08/18/2023 16:58:12 - DEBUG - __main__ -   pred: 4
08/18/2023 16:58:12 - DEBUG - __main__ -   label: 2
08/18/2023 16:58:12 - DEBUG - __main__ -   pred: 2
08/18/2023 16:58:12 - DEBUG - __main__ -   label: 3
08/18/2023 16:58:12 - DEBUG - __main__ -   pred: 2
08/18/2023 16:58:12 - DEBUG - __main__ -   label: 2
08/18/2023 16:58:12 - DEBUG - __main__ -   pred: 2
08/18/2023 16:58:12 - DEBUG - __main__ -   label: 2
08/18/2023 16:58:12 - DEBUG - __main__ -   pred: 2
08/18/2023 16:58:12 - DEBUG - __main__ -   label: 3
08/18/2023 16:58:12 - DEBUG - __main__ -   pred: 4
08/18/2023 16:58:12 - DEBUG - __main__ -   label: 4
08/18/2023 16:58:12 - DEBUG - __main__ -   pred: 5
08/18/2023 16:58:12 - DEBUG - __main__ -   label: 5
08/18/2023 16:58:12 - DEBUG - __main__ -   pred: 3
08/18/2023 16:58:12 - DEBUG - __main__ -   label: 4
08/18/2023 16:58:12 - DEBUG - __main__ -   pred: 5
08/18/2023 16:58:12 - DEBUG - __main__ -   label: 4
08/18/2023 16:58:12 - DEBUG - __main__ -   pred: 4
08/18/2023 16:58:12 - DEBUG - __main__ -   label: 4
08/18/2023 16:58:12 - DEBUG - __main__ -   pred: 4
08/18/2023 16:58:12 - DEBUG - __main__ -   label: 3
08/18/2023 16:58:12 - DEBUG - __main__ -   pred: 3
08/18/2023 16:58:12 - DEBUG - __main__ -   label: 3
08/18/2023 16:58:12 - DEBUG - __main__ -   pred: 3
08/18/2023 16:58:12 - DEBUG - __main__ -   label: 4
08/18/2023 16:58:12 - DEBUG - __main__ -   pred: 4
08/18/2023 16:58:12 - DEBUG - __main__ -   label: 4
08/18/2023 16:58:12 - DEBUG - __main__ -   pred: 4
