******** Training fold 2 ********
10/28/2023 08:49:52 - DEBUG - __main__ -   Processor loaded. CPU mem usage: 0.38G.  Cuda 0: memory acclocated: 0 G.
10/28/2023 08:50:01 - DEBUG - __main__ -   Model loaded. CPU mem usage: 1.99G.  Cuda 0: memory acclocated: 0 G.
Wav2Vec2ForSequenceClassification(
  (wav2vec2): Wav2Vec2Model(
    (feature_extractor): Wav2Vec2FeatureEncoder(
      (conv_layers): ModuleList(
        (0): Wav2Vec2LayerNormConvLayer(
          (conv): Conv1d(1, 512, kernel_size=(10,), stride=(5,))
          (layer_norm): LayerNorm((512,), eps=1e-05, elementwise_affine=True)
          (activation): GELUActivation()
        )
        (1-4): 4 x Wav2Vec2LayerNormConvLayer(
          (conv): Conv1d(512, 512, kernel_size=(3,), stride=(2,))
          (layer_norm): LayerNorm((512,), eps=1e-05, elementwise_affine=True)
          (activation): GELUActivation()
        )
        (5-6): 2 x Wav2Vec2LayerNormConvLayer(
          (conv): Conv1d(512, 512, kernel_size=(2,), stride=(2,))
          (layer_norm): LayerNorm((512,), eps=1e-05, elementwise_affine=True)
          (activation): GELUActivation()
        )
      )
    )
    (feature_projection): Wav2Vec2FeatureProjection(
      (layer_norm): LayerNorm((512,), eps=1e-05, elementwise_affine=True)
      (projection): Linear(in_features=512, out_features=1024, bias=True)
      (dropout): Dropout(p=0.1, inplace=False)
    )
    (encoder): Wav2Vec2EncoderStableLayerNorm(
      (pos_conv_embed): Wav2Vec2PositionalConvEmbedding(
        (conv): Conv1d(1024, 1024, kernel_size=(128,), stride=(1,), padding=(64,), groups=16)
        (padding): Wav2Vec2SamePadLayer()
        (activation): GELUActivation()
      )
      (layer_norm): LayerNorm((1024,), eps=1e-05, elementwise_affine=True)
      (dropout): Dropout(p=0.1, inplace=False)
      (layers): ModuleList(
        (0-23): 24 x Wav2Vec2EncoderLayerStableLayerNorm(
          (attention): Wav2Vec2Attention(
            (k_proj): Linear(in_features=1024, out_features=1024, bias=True)
            (v_proj): Linear(in_features=1024, out_features=1024, bias=True)
            (q_proj): Linear(in_features=1024, out_features=1024, bias=True)
            (out_proj): Linear(in_features=1024, out_features=1024, bias=True)
          )
          (dropout): Dropout(p=0.1, inplace=False)
          (layer_norm): LayerNorm((1024,), eps=1e-05, elementwise_affine=True)
          (feed_forward): Wav2Vec2FeedForward(
            (intermediate_dropout): Dropout(p=0.0, inplace=False)
            (intermediate_dense): Linear(in_features=1024, out_features=4096, bias=True)
            (intermediate_act_fn): GELUActivation()
            (output_dense): Linear(in_features=4096, out_features=1024, bias=True)
            (output_dropout): Dropout(p=0.1, inplace=False)
          )
          (final_layer_norm): LayerNorm((1024,), eps=1e-05, elementwise_affine=True)
        )
      )
    )
  )
  (projector): Linear(in_features=1024, out_features=256, bias=True)
  (classifier): Linear(in_features=256, out_features=7, bias=True)
)
10/28/2023 08:50:53 - DEBUG - __main__ -   Speech loaded. N_train=1568, N_eval=544. CPU mem usage: 6.07G.  Cuda 0: memory acclocated: 0 G.
10/28/2023 08:51:24 - DEBUG - __main__ -   Feature extracted. Duration: 0:00:30 CPU mem usage: 8.91G.  Cuda 0: memory acclocated: 0 G.
10/28/2023 08:51:24 - DEBUG - augmentations.transform -   Do NOT apply augmentation to oversampled instances
10/28/2023 08:51:24 - DEBUG - augmentations.transform -   Training set (N=3136): data resampled. Duration: 0:00:00
10/28/2023 08:51:24 - DEBUG - urllib3.connectionpool -   Starting new HTTPS connection (1): s3.amazonaws.com:443
10/28/2023 08:51:25 - DEBUG - urllib3.connectionpool -   https://s3.amazonaws.com:443 "HEAD /datasets.huggingface.co/datasets/metrics/evaluate-metric/precision/evaluate-metric/precision.py HTTP/1.1" 404 0
10/28/2023 08:51:25 - DEBUG - urllib3.connectionpool -   Starting new HTTPS connection (1): huggingface.co:443
10/28/2023 08:51:25 - DEBUG - urllib3.connectionpool -   https://huggingface.co:443 "HEAD /spaces/evaluate-metric/precision/resolve/v0.4.0/precision.py HTTP/1.1" 200 0
10/28/2023 08:51:25 - DEBUG - urllib3.connectionpool -   Starting new HTTPS connection (1): s3.amazonaws.com:443
10/28/2023 08:51:25 - DEBUG - urllib3.connectionpool -   https://s3.amazonaws.com:443 "HEAD /datasets.huggingface.co/datasets/metrics/evaluate-metric/recall/evaluate-metric/recall.py HTTP/1.1" 404 0
10/28/2023 08:51:25 - DEBUG - urllib3.connectionpool -   Starting new HTTPS connection (1): huggingface.co:443
10/28/2023 08:51:26 - DEBUG - urllib3.connectionpool -   https://huggingface.co:443 "HEAD /spaces/evaluate-metric/recall/resolve/v0.4.0/recall.py HTTP/1.1" 200 0
10/28/2023 08:51:26 - DEBUG - urllib3.connectionpool -   Starting new HTTPS connection (1): s3.amazonaws.com:443
10/28/2023 08:51:26 - DEBUG - urllib3.connectionpool -   https://s3.amazonaws.com:443 "HEAD /datasets.huggingface.co/datasets/metrics/evaluate-metric/f1/evaluate-metric/f1.py HTTP/1.1" 404 0
10/28/2023 08:51:26 - DEBUG - urllib3.connectionpool -   Starting new HTTPS connection (1): huggingface.co:443
10/28/2023 08:51:27 - DEBUG - urllib3.connectionpool -   https://huggingface.co:443 "HEAD /spaces/evaluate-metric/f1/resolve/v0.4.0/f1.py HTTP/1.1" 200 0
10/28/2023 08:51:27 - DEBUG - urllib3.connectionpool -   Starting new HTTPS connection (1): s3.amazonaws.com:443
10/28/2023 08:51:27 - DEBUG - urllib3.connectionpool -   https://s3.amazonaws.com:443 "HEAD /datasets.huggingface.co/datasets/metrics/evaluate-metric/spearmanr/evaluate-metric/spearmanr.py HTTP/1.1" 404 0
10/28/2023 08:51:27 - DEBUG - urllib3.connectionpool -   Starting new HTTPS connection (1): huggingface.co:443
10/28/2023 08:51:27 - DEBUG - urllib3.connectionpool -   https://huggingface.co:443 "HEAD /spaces/evaluate-metric/spearmanr/resolve/v0.4.0/spearmanr.py HTTP/1.1" 200 0
10/28/2023 08:51:30 - DEBUG - __main__ -   Training starts now. CPU mem usage: 8.34G.  Cuda 0: memory acclocated: 2 G.
10/28/2023 08:51:30 - DEBUG - helper.classes -   ----------- Starting epoch 1 -----------
{'loss': 1.9116, 'learning_rate': 9.566326530612244e-06, 'epoch': 0.32}
{'loss': 1.5476, 'learning_rate': 1.913265306122449e-05, 'epoch': 0.64}
{'loss': 1.4092, 'learning_rate': 2.8698979591836733e-05, 'epoch': 0.96}
10/28/2023 09:32:53 - DEBUG - helper.classes -   Epoch 1.0 completed, Duration: 0:41:22 Mem usage: CPU mem usage: 9.70G.  Cuda 0: memory acclocated: 28 G.
10/28/2023 09:35:01 - DEBUG - fsspec.local -   open file: /home/lunt1/.cache/huggingface/metrics/precision/default/default_experiment-1-0.arrow
10/28/2023 09:35:01 - DEBUG - fsspec.local -   open file: /home/lunt1/.cache/huggingface/metrics/recall/default/default_experiment-1-0.arrow
10/28/2023 09:35:01 - DEBUG - fsspec.local -   open file: /home/lunt1/.cache/huggingface/metrics/f1/default/default_experiment-1-0.arrow
10/28/2023 09:35:01 - DEBUG - fsspec.local -   open file: /home/lunt1/.cache/huggingface/metrics/spearmanr/default/default_experiment-1-0.arrow
10/28/2023 09:35:01 - DEBUG - fsspec.local -   open file: /home/lunt1/.cache/huggingface/metrics/precision/default/default_experiment-1-0.arrow
10/28/2023 09:35:01 - DEBUG - fsspec.local -   open file: /home/lunt1/.cache/huggingface/metrics/recall/default/default_experiment-1-0.arrow
10/28/2023 09:35:01 - DEBUG - fsspec.local -   open file: /home/lunt1/.cache/huggingface/metrics/f1/default/default_experiment-1-0.arrow
{'eval_loss': 1.6965407133102417, 'eval_precision': 0.2212339452953008, 'eval_recall': 0.36472995490577775, 'eval_f1': 0.16908276452837803, 'eval_spearmanr': 0.8190920640697374, 'eval_precision_weighted': 0.2906689963096762, 'eval_recall_weighted': 0.20220588235294118, 'eval_f1_weighted': 0.19181807815021296, 'eval_runtime': 127.7538, 'eval_samples_per_second': 4.258, 'eval_steps_per_second': 2.129, 'epoch': 1.0}
10/28/2023 09:35:06 - DEBUG - helper.classes -   ----------- Starting epoch 2.0 -----------
{'loss': 1.2858, 'learning_rate': 2.9081632653061224e-05, 'epoch': 1.28}
{'loss': 1.1604, 'learning_rate': 2.80187074829932e-05, 'epoch': 1.59}
{'loss': 1.0207, 'learning_rate': 2.695578231292517e-05, 'epoch': 1.91}
10/28/2023 10:16:40 - DEBUG - helper.classes -   Epoch 2.0 completed, Duration: 0:41:33 Mem usage: CPU mem usage: 9.69G.  Cuda 0: memory acclocated: 28 G.
10/28/2023 10:18:48 - DEBUG - fsspec.local -   open file: /home/lunt1/.cache/huggingface/metrics/precision/default/default_experiment-1-0.arrow
10/28/2023 10:18:49 - DEBUG - fsspec.local -   open file: /home/lunt1/.cache/huggingface/metrics/recall/default/default_experiment-1-0.arrow
10/28/2023 10:18:49 - DEBUG - fsspec.local -   open file: /home/lunt1/.cache/huggingface/metrics/f1/default/default_experiment-1-0.arrow
10/28/2023 10:18:49 - DEBUG - fsspec.local -   open file: /home/lunt1/.cache/huggingface/metrics/spearmanr/default/default_experiment-1-0.arrow
10/28/2023 10:18:49 - DEBUG - fsspec.local -   open file: /home/lunt1/.cache/huggingface/metrics/precision/default/default_experiment-1-0.arrow
10/28/2023 10:18:49 - DEBUG - fsspec.local -   open file: /home/lunt1/.cache/huggingface/metrics/recall/default/default_experiment-1-0.arrow
10/28/2023 10:18:49 - DEBUG - fsspec.local -   open file: /home/lunt1/.cache/huggingface/metrics/f1/default/default_experiment-1-0.arrow
{'eval_loss': 1.5365002155303955, 'eval_precision': 0.3486252436481708, 'eval_recall': 0.39500480670428395, 'eval_f1': 0.34356013585771805, 'eval_spearmanr': 0.8273427817889505, 'eval_precision_weighted': 0.43442097028337334, 'eval_recall_weighted': 0.4209558823529412, 'eval_f1_weighted': 0.4074042916507481, 'eval_runtime': 128.9344, 'eval_samples_per_second': 4.219, 'eval_steps_per_second': 2.11, 'epoch': 2.0}
10/28/2023 10:18:56 - DEBUG - helper.classes -   ----------- Starting epoch 3.0 -----------
{'loss': 0.8669, 'learning_rate': 2.5892857142857144e-05, 'epoch': 2.23}
{'loss': 0.8375, 'learning_rate': 2.4829931972789116e-05, 'epoch': 2.55}
{'loss': 0.7838, 'learning_rate': 2.3767006802721087e-05, 'epoch': 2.87}
10/28/2023 11:00:54 - DEBUG - helper.classes -   Epoch 3.0 completed, Duration: 0:41:58 Mem usage: CPU mem usage: 9.70G.  Cuda 0: memory acclocated: 28 G.
10/28/2023 11:03:03 - DEBUG - fsspec.local -   open file: /home/lunt1/.cache/huggingface/metrics/precision/default/default_experiment-1-0.arrow
10/28/2023 11:03:04 - DEBUG - fsspec.local -   open file: /home/lunt1/.cache/huggingface/metrics/recall/default/default_experiment-1-0.arrow
10/28/2023 11:03:04 - DEBUG - fsspec.local -   open file: /home/lunt1/.cache/huggingface/metrics/f1/default/default_experiment-1-0.arrow
10/28/2023 11:03:04 - DEBUG - fsspec.local -   open file: /home/lunt1/.cache/huggingface/metrics/spearmanr/default/default_experiment-1-0.arrow
10/28/2023 11:03:04 - DEBUG - fsspec.local -   open file: /home/lunt1/.cache/huggingface/metrics/precision/default/default_experiment-1-0.arrow
10/28/2023 11:03:04 - DEBUG - fsspec.local -   open file: /home/lunt1/.cache/huggingface/metrics/recall/default/default_experiment-1-0.arrow
10/28/2023 11:03:04 - DEBUG - fsspec.local -   open file: /home/lunt1/.cache/huggingface/metrics/f1/default/default_experiment-1-0.arrow
{'eval_loss': 1.5567307472229004, 'eval_precision': 0.34986679986679986, 'eval_recall': 0.3269743176587455, 'eval_f1': 0.3071464156316996, 'eval_spearmanr': 0.8231629117042619, 'eval_precision_weighted': 0.4131002116755793, 'eval_recall_weighted': 0.41360294117647056, 'eval_f1_weighted': 0.37825646893871784, 'eval_runtime': 130.3664, 'eval_samples_per_second': 4.173, 'eval_steps_per_second': 2.086, 'epoch': 3.0}
10/28/2023 11:03:11 - DEBUG - helper.classes -   ----------- Starting epoch 4.0 -----------
{'loss': 0.7054, 'learning_rate': 2.2704081632653062e-05, 'epoch': 3.19}
{'loss': 0.6987, 'learning_rate': 2.1641156462585033e-05, 'epoch': 3.51}
{'loss': 0.7124, 'learning_rate': 2.0578231292517008e-05, 'epoch': 3.83}
10/28/2023 11:44:44 - DEBUG - helper.classes -   Epoch 4.0 completed, Duration: 0:41:33 Mem usage: CPU mem usage: 9.72G.  Cuda 0: memory acclocated: 28 G.
10/28/2023 11:46:52 - DEBUG - fsspec.local -   open file: /home/lunt1/.cache/huggingface/metrics/precision/default/default_experiment-1-0.arrow
10/28/2023 11:46:52 - DEBUG - fsspec.local -   open file: /home/lunt1/.cache/huggingface/metrics/recall/default/default_experiment-1-0.arrow
10/28/2023 11:46:52 - DEBUG - fsspec.local -   open file: /home/lunt1/.cache/huggingface/metrics/f1/default/default_experiment-1-0.arrow
10/28/2023 11:46:52 - DEBUG - fsspec.local -   open file: /home/lunt1/.cache/huggingface/metrics/spearmanr/default/default_experiment-1-0.arrow
10/28/2023 11:46:52 - DEBUG - fsspec.local -   open file: /home/lunt1/.cache/huggingface/metrics/precision/default/default_experiment-1-0.arrow
10/28/2023 11:46:52 - DEBUG - fsspec.local -   open file: /home/lunt1/.cache/huggingface/metrics/recall/default/default_experiment-1-0.arrow
10/28/2023 11:46:52 - DEBUG - fsspec.local -   open file: /home/lunt1/.cache/huggingface/metrics/f1/default/default_experiment-1-0.arrow
{'eval_loss': 2.0235984325408936, 'eval_precision': 0.3596159693348654, 'eval_recall': 0.3595343585043819, 'eval_f1': 0.34549980553125625, 'eval_spearmanr': 0.8145686216560203, 'eval_precision_weighted': 0.42470544719535885, 'eval_recall_weighted': 0.4227941176470588, 'eval_f1_weighted': 0.41068763211646586, 'eval_runtime': 127.753, 'eval_samples_per_second': 4.258, 'eval_steps_per_second': 2.129, 'epoch': 4.0}
10/28/2023 11:46:59 - DEBUG - helper.classes -   ----------- Starting epoch 5.0 -----------
{'loss': 0.6887, 'learning_rate': 1.951530612244898e-05, 'epoch': 4.15}
{'loss': 0.6421, 'learning_rate': 1.8452380952380954e-05, 'epoch': 4.46}
{'loss': 0.6128, 'learning_rate': 1.7389455782312925e-05, 'epoch': 4.78}
10/28/2023 12:27:46 - DEBUG - helper.classes -   Epoch 5.0 completed, Duration: 0:40:47 Mem usage: CPU mem usage: 9.73G.  Cuda 0: memory acclocated: 28 G.
10/28/2023 12:29:54 - DEBUG - fsspec.local -   open file: /home/lunt1/.cache/huggingface/metrics/precision/default/default_experiment-1-0.arrow
10/28/2023 12:29:55 - DEBUG - fsspec.local -   open file: /home/lunt1/.cache/huggingface/metrics/recall/default/default_experiment-1-0.arrow
10/28/2023 12:29:55 - DEBUG - fsspec.local -   open file: /home/lunt1/.cache/huggingface/metrics/f1/default/default_experiment-1-0.arrow
10/28/2023 12:29:55 - DEBUG - fsspec.local -   open file: /home/lunt1/.cache/huggingface/metrics/spearmanr/default/default_experiment-1-0.arrow
10/28/2023 12:29:55 - DEBUG - fsspec.local -   open file: /home/lunt1/.cache/huggingface/metrics/precision/default/default_experiment-1-0.arrow
10/28/2023 12:29:55 - DEBUG - fsspec.local -   open file: /home/lunt1/.cache/huggingface/metrics/recall/default/default_experiment-1-0.arrow
10/28/2023 12:29:55 - DEBUG - fsspec.local -   open file: /home/lunt1/.cache/huggingface/metrics/f1/default/default_experiment-1-0.arrow
{'eval_loss': 2.5795581340789795, 'eval_precision': 0.3747800311877031, 'eval_recall': 0.3711679955737171, 'eval_f1': 0.3683784742861388, 'eval_spearmanr': 0.8265384082856817, 'eval_precision_weighted': 0.4463685866313481, 'eval_recall_weighted': 0.45955882352941174, 'eval_f1_weighted': 0.44834549026787995, 'eval_runtime': 129.2079, 'eval_samples_per_second': 4.21, 'eval_steps_per_second': 2.105, 'epoch': 5.0}
10/28/2023 12:30:02 - DEBUG - helper.classes -   ----------- Starting epoch 6.0 -----------
{'loss': 0.6145, 'learning_rate': 1.63265306122449e-05, 'epoch': 5.1}
{'loss': 0.5572, 'learning_rate': 1.526360544217687e-05, 'epoch': 5.42}
{'loss': 0.6052, 'learning_rate': 1.4200680272108844e-05, 'epoch': 5.74}
10/28/2023 13:11:05 - DEBUG - helper.classes -   Epoch 6.0 completed, Duration: 0:41:02 Mem usage: CPU mem usage: 9.75G.  Cuda 0: memory acclocated: 28 G.
10/28/2023 13:13:13 - DEBUG - fsspec.local -   open file: /home/lunt1/.cache/huggingface/metrics/precision/default/default_experiment-1-0.arrow
10/28/2023 13:13:13 - DEBUG - fsspec.local -   open file: /home/lunt1/.cache/huggingface/metrics/recall/default/default_experiment-1-0.arrow
10/28/2023 13:13:13 - DEBUG - fsspec.local -   open file: /home/lunt1/.cache/huggingface/metrics/f1/default/default_experiment-1-0.arrow
10/28/2023 13:13:13 - DEBUG - fsspec.local -   open file: /home/lunt1/.cache/huggingface/metrics/spearmanr/default/default_experiment-1-0.arrow
10/28/2023 13:13:13 - DEBUG - fsspec.local -   open file: /home/lunt1/.cache/huggingface/metrics/precision/default/default_experiment-1-0.arrow
10/28/2023 13:13:13 - DEBUG - fsspec.local -   open file: /home/lunt1/.cache/huggingface/metrics/recall/default/default_experiment-1-0.arrow
10/28/2023 13:13:13 - DEBUG - fsspec.local -   open file: /home/lunt1/.cache/huggingface/metrics/f1/default/default_experiment-1-0.arrow
{'eval_loss': 3.191603660583496, 'eval_precision': 0.3691562165206837, 'eval_recall': 0.3576940619905713, 'eval_f1': 0.3521108744174569, 'eval_spearmanr': 0.8246830405553139, 'eval_precision_weighted': 0.43607860553337535, 'eval_recall_weighted': 0.45036764705882354, 'eval_f1_weighted': 0.4358757455596181, 'eval_runtime': 127.9619, 'eval_samples_per_second': 4.251, 'eval_steps_per_second': 2.126, 'epoch': 6.0}
10/28/2023 13:13:18 - DEBUG - helper.classes -   ----------- Starting epoch 7.0 -----------
{'loss': 0.5429, 'learning_rate': 1.3137755102040817e-05, 'epoch': 6.06}
{'loss': 0.5584, 'learning_rate': 1.207482993197279e-05, 'epoch': 6.38}
{'loss': 0.5822, 'learning_rate': 1.1011904761904762e-05, 'epoch': 6.7}
10/28/2023 13:54:40 - DEBUG - helper.classes -   Epoch 7.0 completed, Duration: 0:41:22 Mem usage: CPU mem usage: 9.74G.  Cuda 0: memory acclocated: 28 G.
10/28/2023 13:56:48 - DEBUG - fsspec.local -   open file: /home/lunt1/.cache/huggingface/metrics/precision/default/default_experiment-1-0.arrow
10/28/2023 13:56:49 - DEBUG - fsspec.local -   open file: /home/lunt1/.cache/huggingface/metrics/recall/default/default_experiment-1-0.arrow
10/28/2023 13:56:49 - DEBUG - fsspec.local -   open file: /home/lunt1/.cache/huggingface/metrics/f1/default/default_experiment-1-0.arrow
10/28/2023 13:56:49 - DEBUG - fsspec.local -   open file: /home/lunt1/.cache/huggingface/metrics/spearmanr/default/default_experiment-1-0.arrow
10/28/2023 13:56:50 - DEBUG - fsspec.local -   open file: /home/lunt1/.cache/huggingface/metrics/precision/default/default_experiment-1-0.arrow
10/28/2023 13:56:50 - DEBUG - fsspec.local -   open file: /home/lunt1/.cache/huggingface/metrics/recall/default/default_experiment-1-0.arrow
10/28/2023 13:56:50 - DEBUG - fsspec.local -   open file: /home/lunt1/.cache/huggingface/metrics/f1/default/default_experiment-1-0.arrow
{'eval_loss': 3.6825132369995117, 'eval_precision': 0.37585086624965053, 'eval_recall': 0.3629469069299432, 'eval_f1': 0.35263520121326286, 'eval_spearmanr': 0.8216277437599775, 'eval_precision_weighted': 0.44679411241474454, 'eval_recall_weighted': 0.45036764705882354, 'eval_f1_weighted': 0.43843208198228734, 'eval_runtime': 128.9745, 'eval_samples_per_second': 4.218, 'eval_steps_per_second': 2.109, 'epoch': 7.0}
10/28/2023 13:56:56 - DEBUG - helper.classes -   ----------- Starting epoch 8.0 -----------
{'loss': 0.4526, 'learning_rate': 9.948979591836735e-06, 'epoch': 7.02}
{'loss': 0.4157, 'learning_rate': 8.886054421768708e-06, 'epoch': 7.33}
{'loss': 0.4257, 'learning_rate': 7.823129251700681e-06, 'epoch': 7.65}
{'loss': 0.484, 'learning_rate': 6.760204081632653e-06, 'epoch': 7.97}
10/28/2023 14:38:26 - DEBUG - helper.classes -   Epoch 8.0 completed, Duration: 0:41:30 Mem usage: CPU mem usage: 9.77G.  Cuda 0: memory acclocated: 28 G.
10/28/2023 14:40:35 - DEBUG - fsspec.local -   open file: /home/lunt1/.cache/huggingface/metrics/precision/default/default_experiment-1-0.arrow
10/28/2023 14:40:36 - DEBUG - fsspec.local -   open file: /home/lunt1/.cache/huggingface/metrics/recall/default/default_experiment-1-0.arrow
10/28/2023 14:40:36 - DEBUG - fsspec.local -   open file: /home/lunt1/.cache/huggingface/metrics/f1/default/default_experiment-1-0.arrow
10/28/2023 14:40:36 - DEBUG - fsspec.local -   open file: /home/lunt1/.cache/huggingface/metrics/spearmanr/default/default_experiment-1-0.arrow
10/28/2023 14:40:36 - DEBUG - fsspec.local -   open file: /home/lunt1/.cache/huggingface/metrics/precision/default/default_experiment-1-0.arrow
10/28/2023 14:40:36 - DEBUG - fsspec.local -   open file: /home/lunt1/.cache/huggingface/metrics/recall/default/default_experiment-1-0.arrow
10/28/2023 14:40:36 - DEBUG - fsspec.local -   open file: /home/lunt1/.cache/huggingface/metrics/f1/default/default_experiment-1-0.arrow
{'eval_loss': 4.014288425445557, 'eval_precision': 0.3728828861370509, 'eval_recall': 0.3575604701161703, 'eval_f1': 0.3485054822449692, 'eval_spearmanr': 0.8094805053689235, 'eval_precision_weighted': 0.4306099553251335, 'eval_recall_weighted': 0.4319852941176471, 'eval_f1_weighted': 0.4202622435268543, 'eval_runtime': 129.9952, 'eval_samples_per_second': 4.185, 'eval_steps_per_second': 2.092, 'epoch': 8.0}
10/28/2023 14:40:43 - DEBUG - helper.classes -   ----------- Starting epoch 9.0 -----------
{'loss': 0.4156, 'learning_rate': 5.697278911564626e-06, 'epoch': 8.29}
{'loss': 0.3586, 'learning_rate': 4.634353741496598e-06, 'epoch': 8.61}
{'loss': 0.4425, 'learning_rate': 3.5714285714285714e-06, 'epoch': 8.93}
10/28/2023 15:22:15 - DEBUG - helper.classes -   Epoch 9.0 completed, Duration: 0:41:32 Mem usage: CPU mem usage: 9.77G.  Cuda 0: memory acclocated: 28 G.
10/28/2023 15:24:22 - DEBUG - fsspec.local -   open file: /home/lunt1/.cache/huggingface/metrics/precision/default/default_experiment-1-0.arrow
10/28/2023 15:24:22 - DEBUG - fsspec.local -   open file: /home/lunt1/.cache/huggingface/metrics/recall/default/default_experiment-1-0.arrow
10/28/2023 15:24:22 - DEBUG - fsspec.local -   open file: /home/lunt1/.cache/huggingface/metrics/f1/default/default_experiment-1-0.arrow
10/28/2023 15:24:22 - DEBUG - fsspec.local -   open file: /home/lunt1/.cache/huggingface/metrics/spearmanr/default/default_experiment-1-0.arrow
10/28/2023 15:24:22 - DEBUG - fsspec.local -   open file: /home/lunt1/.cache/huggingface/metrics/precision/default/default_experiment-1-0.arrow
10/28/2023 15:24:22 - DEBUG - fsspec.local -   open file: /home/lunt1/.cache/huggingface/metrics/recall/default/default_experiment-1-0.arrow
10/28/2023 15:24:22 - DEBUG - fsspec.local -   open file: /home/lunt1/.cache/huggingface/metrics/f1/default/default_experiment-1-0.arrow
{'eval_loss': 4.196308612823486, 'eval_precision': 0.3838609546011579, 'eval_recall': 0.35401068855431755, 'eval_f1': 0.3447700922917181, 'eval_spearmanr': 0.8113290830510479, 'eval_precision_weighted': 0.4394497597720384, 'eval_recall_weighted': 0.43933823529411764, 'eval_f1_weighted': 0.4268249340112865, 'eval_runtime': 127.3442, 'eval_samples_per_second': 4.272, 'eval_steps_per_second': 2.136, 'epoch': 9.0}
10/28/2023 15:24:28 - DEBUG - helper.classes -   ----------- Starting epoch 10.0 -----------
{'loss': 0.386, 'learning_rate': 2.5085034013605444e-06, 'epoch': 9.25}
{'loss': 0.4395, 'learning_rate': 1.445578231292517e-06, 'epoch': 9.57}
{'loss': 0.3486, 'learning_rate': 3.826530612244898e-07, 'epoch': 9.89}
10/28/2023 16:05:32 - DEBUG - helper.classes -   Epoch 10.0 completed, Duration: 0:41:03 Mem usage: CPU mem usage: 9.75G.  Cuda 0: memory acclocated: 28 G.
10/28/2023 16:07:39 - DEBUG - fsspec.local -   open file: /home/lunt1/.cache/huggingface/metrics/precision/default/default_experiment-1-0.arrow
10/28/2023 16:07:40 - DEBUG - fsspec.local -   open file: /home/lunt1/.cache/huggingface/metrics/recall/default/default_experiment-1-0.arrow
10/28/2023 16:07:40 - DEBUG - fsspec.local -   open file: /home/lunt1/.cache/huggingface/metrics/f1/default/default_experiment-1-0.arrow
10/28/2023 16:07:40 - DEBUG - fsspec.local -   open file: /home/lunt1/.cache/huggingface/metrics/spearmanr/default/default_experiment-1-0.arrow
10/28/2023 16:07:40 - DEBUG - fsspec.local -   open file: /home/lunt1/.cache/huggingface/metrics/precision/default/default_experiment-1-0.arrow
10/28/2023 16:07:40 - DEBUG - fsspec.local -   open file: /home/lunt1/.cache/huggingface/metrics/recall/default/default_experiment-1-0.arrow
10/28/2023 16:07:40 - DEBUG - fsspec.local -   open file: /home/lunt1/.cache/huggingface/metrics/f1/default/default_experiment-1-0.arrow
{'eval_loss': 4.239689350128174, 'eval_precision': 0.354949749940462, 'eval_recall': 0.3400912667495062, 'eval_f1': 0.3323846107826414, 'eval_spearmanr': 0.7964514774717439, 'eval_precision_weighted': 0.41832624028713655, 'eval_recall_weighted': 0.4227941176470588, 'eval_f1_weighted': 0.4124144939173336, 'eval_runtime': 128.6044, 'eval_samples_per_second': 4.23, 'eval_steps_per_second': 2.115, 'epoch': 10.0}
{'train_runtime': 26182.015, 'train_samples_per_second': 1.198, 'train_steps_per_second': 0.599, 'train_loss': 0.7221807114932002, 'epoch': 10.0}
10/28/2023 16:07:53 - INFO - __main__ -   Training completed. Duration: 7:16:22
10/28/2023 16:10:00 - DEBUG - fsspec.local -   open file: /home/lunt1/.cache/huggingface/metrics/precision/default/default_experiment-1-0.arrow
10/28/2023 16:10:00 - DEBUG - fsspec.local -   open file: /home/lunt1/.cache/huggingface/metrics/recall/default/default_experiment-1-0.arrow
10/28/2023 16:10:00 - DEBUG - fsspec.local -   open file: /home/lunt1/.cache/huggingface/metrics/f1/default/default_experiment-1-0.arrow
10/28/2023 16:10:00 - DEBUG - fsspec.local -   open file: /home/lunt1/.cache/huggingface/metrics/spearmanr/default/default_experiment-1-0.arrow
10/28/2023 16:10:00 - DEBUG - fsspec.local -   open file: /home/lunt1/.cache/huggingface/metrics/precision/default/default_experiment-1-0.arrow
10/28/2023 16:10:00 - DEBUG - fsspec.local -   open file: /home/lunt1/.cache/huggingface/metrics/recall/default/default_experiment-1-0.arrow
10/28/2023 16:10:00 - DEBUG - fsspec.local -   open file: /home/lunt1/.cache/huggingface/metrics/f1/default/default_experiment-1-0.arrow
10/28/2023 16:10:00 - DEBUG - fsspec.local -   open file: /home/lunt1/.cache/huggingface/metrics/precision/default/default_experiment-1-0.arrow
10/28/2023 16:10:00 - DEBUG - fsspec.local -   open file: /home/lunt1/.cache/huggingface/metrics/recall/default/default_experiment-1-0.arrow
10/28/2023 16:10:00 - DEBUG - fsspec.local -   open file: /home/lunt1/.cache/huggingface/metrics/f1/default/default_experiment-1-0.arrow
10/28/2023 16:10:00 - DEBUG - fsspec.local -   open file: /home/lunt1/.cache/huggingface/metrics/spearmanr/default/default_experiment-1-0.arrow
10/28/2023 16:10:00 - DEBUG - fsspec.local -   open file: /home/lunt1/.cache/huggingface/metrics/precision/default/default_experiment-1-0.arrow
10/28/2023 16:10:00 - DEBUG - fsspec.local -   open file: /home/lunt1/.cache/huggingface/metrics/recall/default/default_experiment-1-0.arrow
10/28/2023 16:10:00 - DEBUG - fsspec.local -   open file: /home/lunt1/.cache/huggingface/metrics/f1/default/default_experiment-1-0.arrow
10/28/2023 16:10:00 - DEBUG - __main__ -   label: 4
10/28/2023 16:10:00 - DEBUG - __main__ -   pred: 5
10/28/2023 16:10:00 - DEBUG - __main__ -   label: 4
10/28/2023 16:10:00 - DEBUG - __main__ -   pred: 4
10/28/2023 16:10:00 - DEBUG - __main__ -   label: 5
10/28/2023 16:10:00 - DEBUG - __main__ -   pred: 6
10/28/2023 16:10:00 - DEBUG - __main__ -   label: 5
10/28/2023 16:10:00 - DEBUG - __main__ -   pred: 5
10/28/2023 16:10:00 - DEBUG - __main__ -   label: 3
10/28/2023 16:10:00 - DEBUG - __main__ -   pred: 4
10/28/2023 16:10:00 - DEBUG - __main__ -   label: 3
10/28/2023 16:10:00 - DEBUG - __main__ -   pred: 4
10/28/2023 16:10:00 - DEBUG - __main__ -   label: 4
10/28/2023 16:10:00 - DEBUG - __main__ -   pred: 4
10/28/2023 16:10:00 - DEBUG - __main__ -   label: 3
10/28/2023 16:10:00 - DEBUG - __main__ -   pred: 3
10/28/2023 16:10:00 - DEBUG - __main__ -   label: 3
10/28/2023 16:10:00 - DEBUG - __main__ -   pred: 4
10/28/2023 16:10:00 - DEBUG - __main__ -   label: 2
10/28/2023 16:10:00 - DEBUG - __main__ -   pred: 1
10/28/2023 16:10:00 - DEBUG - __main__ -   label: 2
10/28/2023 16:10:00 - DEBUG - __main__ -   pred: 2
10/28/2023 16:10:00 - DEBUG - __main__ -   label: 3
10/28/2023 16:10:00 - DEBUG - __main__ -   pred: 3
10/28/2023 16:10:00 - DEBUG - __main__ -   label: 3
10/28/2023 16:10:00 - DEBUG - __main__ -   pred: 3
10/28/2023 16:10:00 - DEBUG - __main__ -   label: 5
10/28/2023 16:10:00 - DEBUG - __main__ -   pred: 5
10/28/2023 16:10:00 - DEBUG - __main__ -   label: 3
10/28/2023 16:10:00 - DEBUG - __main__ -   pred: 3
10/28/2023 16:10:00 - DEBUG - __main__ -   label: 3
10/28/2023 16:10:00 - DEBUG - __main__ -   pred: 4
10/28/2023 16:10:00 - DEBUG - __main__ -   label: 6
10/28/2023 16:10:00 - DEBUG - __main__ -   pred: 6
10/28/2023 16:10:00 - DEBUG - __main__ -   label: 4
10/28/2023 16:10:00 - DEBUG - __main__ -   pred: 3
10/28/2023 16:10:00 - DEBUG - __main__ -   label: 3
10/28/2023 16:10:00 - DEBUG - __main__ -   pred: 3
10/28/2023 16:10:00 - DEBUG - __main__ -   label: 3
10/28/2023 16:10:00 - DEBUG - __main__ -   pred: 3
10/28/2023 16:10:00 - DEBUG - __main__ -   label: 6
10/28/2023 16:10:00 - DEBUG - __main__ -   pred: 5
10/28/2023 16:10:00 - DEBUG - __main__ -   label: 4
10/28/2023 16:10:00 - DEBUG - __main__ -   pred: 5
10/28/2023 16:10:00 - DEBUG - __main__ -   label: 3
10/28/2023 16:10:00 - DEBUG - __main__ -   pred: 4
10/28/2023 16:10:00 - DEBUG - __main__ -   label: 4
10/28/2023 16:10:00 - DEBUG - __main__ -   pred: 4
10/28/2023 16:10:00 - DEBUG - __main__ -   label: 4
10/28/2023 16:10:00 - DEBUG - __main__ -   pred: 4
10/28/2023 16:10:00 - DEBUG - __main__ -   label: 6
10/28/2023 16:10:00 - DEBUG - __main__ -   pred: 5
10/28/2023 16:10:00 - DEBUG - __main__ -   label: 3
10/28/2023 16:10:00 - DEBUG - __main__ -   pred: 2
10/28/2023 16:10:00 - DEBUG - __main__ -   label: 6
10/28/2023 16:10:00 - DEBUG - __main__ -   pred: 3
10/28/2023 16:10:00 - DEBUG - __main__ -   label: 4
10/28/2023 16:10:00 - DEBUG - __main__ -   pred: 3
10/28/2023 16:10:00 - DEBUG - __main__ -   label: 1
10/28/2023 16:10:00 - DEBUG - __main__ -   pred: 2
10/28/2023 16:10:00 - DEBUG - __main__ -   label: 3
10/28/2023 16:10:00 - DEBUG - __main__ -   pred: 3
10/28/2023 16:10:00 - DEBUG - __main__ -   label: 6
10/28/2023 16:10:00 - DEBUG - __main__ -   pred: 3
10/28/2023 16:10:00 - DEBUG - __main__ -   label: 3
10/28/2023 16:10:00 - DEBUG - __main__ -   pred: 4
10/28/2023 16:10:00 - DEBUG - __main__ -   label: 5
10/28/2023 16:10:00 - DEBUG - __main__ -   pred: 3
10/28/2023 16:10:00 - DEBUG - __main__ -   label: 5
10/28/2023 16:10:00 - DEBUG - __main__ -   pred: 4
10/28/2023 16:10:00 - DEBUG - __main__ -   label: 2
10/28/2023 16:10:00 - DEBUG - __main__ -   pred: 2
10/28/2023 16:10:00 - DEBUG - __main__ -   label: 4
10/28/2023 16:10:00 - DEBUG - __main__ -   pred: 5
10/28/2023 16:10:00 - DEBUG - __main__ -   label: 5
10/28/2023 16:10:00 - DEBUG - __main__ -   pred: 3
10/28/2023 16:10:00 - DEBUG - __main__ -   label: 6
10/28/2023 16:10:00 - DEBUG - __main__ -   pred: 5
10/28/2023 16:10:00 - DEBUG - __main__ -   label: 6
10/28/2023 16:10:00 - DEBUG - __main__ -   pred: 5
10/28/2023 16:10:00 - DEBUG - __main__ -   label: 5
10/28/2023 16:10:00 - DEBUG - __main__ -   pred: 4
10/28/2023 16:10:00 - DEBUG - __main__ -   label: 6
10/28/2023 16:10:00 - DEBUG - __main__ -   pred: 5
10/28/2023 16:10:00 - DEBUG - __main__ -   label: 4
10/28/2023 16:10:00 - DEBUG - __main__ -   pred: 5
10/28/2023 16:10:00 - DEBUG - __main__ -   label: 4
10/28/2023 16:10:00 - DEBUG - __main__ -   pred: 4
10/28/2023 16:10:00 - DEBUG - __main__ -   label: 4
10/28/2023 16:10:00 - DEBUG - __main__ -   pred: 3
10/28/2023 16:10:00 - DEBUG - __main__ -   label: 5
10/28/2023 16:10:00 - DEBUG - __main__ -   pred: 4
10/28/2023 16:10:00 - DEBUG - __main__ -   label: 5
10/28/2023 16:10:00 - DEBUG - __main__ -   pred: 3
10/28/2023 16:10:00 - DEBUG - __main__ -   label: 4
10/28/2023 16:10:00 - DEBUG - __main__ -   pred: 4
10/28/2023 16:10:00 - DEBUG - __main__ -   label: 4
10/28/2023 16:10:00 - DEBUG - __main__ -   pred: 1
10/28/2023 16:10:00 - DEBUG - __main__ -   label: 1
10/28/2023 16:10:00 - DEBUG - __main__ -   pred: 2
10/28/2023 16:10:00 - DEBUG - __main__ -   label: 5
10/28/2023 16:10:00 - DEBUG - __main__ -   pred: 4
10/28/2023 16:10:00 - DEBUG - __main__ -   label: 3
10/28/2023 16:10:00 - DEBUG - __main__ -   pred: 4
10/28/2023 16:10:00 - DEBUG - __main__ -   label: 2
10/28/2023 16:10:00 - DEBUG - __main__ -   pred: 2
10/28/2023 16:10:00 - DEBUG - __main__ -   label: 2
10/28/2023 16:10:00 - DEBUG - __main__ -   pred: 4
10/28/2023 16:10:00 - DEBUG - __main__ -   label: 5
10/28/2023 16:10:00 - DEBUG - __main__ -   pred: 5
10/28/2023 16:10:00 - DEBUG - __main__ -   label: 5
10/28/2023 16:10:00 - DEBUG - __main__ -   pred: 4
10/28/2023 16:10:00 - DEBUG - __main__ -   label: 5
10/28/2023 16:10:00 - DEBUG - __main__ -   pred: 5
10/28/2023 16:10:00 - DEBUG - __main__ -   label: 3
10/28/2023 16:10:00 - DEBUG - __main__ -   pred: 4
10/28/2023 16:10:00 - DEBUG - __main__ -   label: 4
10/28/2023 16:10:00 - DEBUG - __main__ -   pred: 5
10/28/2023 16:10:00 - DEBUG - __main__ -   label: 5
10/28/2023 16:10:00 - DEBUG - __main__ -   pred: 6
10/28/2023 16:10:00 - DEBUG - __main__ -   label: 5
10/28/2023 16:10:00 - DEBUG - __main__ -   pred: 5
10/28/2023 16:10:00 - DEBUG - __main__ -   label: 4
10/28/2023 16:10:00 - DEBUG - __main__ -   pred: 3
10/28/2023 16:10:00 - DEBUG - __main__ -   label: 4
10/28/2023 16:10:00 - DEBUG - __main__ -   pred: 3
10/28/2023 16:10:00 - DEBUG - __main__ -   label: 4
10/28/2023 16:10:00 - DEBUG - __main__ -   pred: 4
10/28/2023 16:10:00 - DEBUG - __main__ -   label: 3
10/28/2023 16:10:00 - DEBUG - __main__ -   pred: 3
10/28/2023 16:10:00 - DEBUG - __main__ -   label: 5
10/28/2023 16:10:00 - DEBUG - __main__ -   pred: 3
10/28/2023 16:10:00 - DEBUG - __main__ -   label: 3
10/28/2023 16:10:00 - DEBUG - __main__ -   pred: 2
10/28/2023 16:10:00 - DEBUG - __main__ -   label: 4
10/28/2023 16:10:00 - DEBUG - __main__ -   pred: 2
10/28/2023 16:10:00 - DEBUG - __main__ -   label: 2
10/28/2023 16:10:00 - DEBUG - __main__ -   pred: 2
10/28/2023 16:10:00 - DEBUG - __main__ -   label: 2
10/28/2023 16:10:00 - DEBUG - __main__ -   pred: 2
10/28/2023 16:10:00 - DEBUG - __main__ -   label: 5
10/28/2023 16:10:00 - DEBUG - __main__ -   pred: 5
10/28/2023 16:10:00 - DEBUG - __main__ -   label: 5
10/28/2023 16:10:00 - DEBUG - __main__ -   pred: 5
10/28/2023 16:10:00 - DEBUG - __main__ -   label: 4
10/28/2023 16:10:00 - DEBUG - __main__ -   pred: 3
10/28/2023 16:10:00 - DEBUG - __main__ -   label: 4
10/28/2023 16:10:00 - DEBUG - __main__ -   pred: 5
10/28/2023 16:10:00 - DEBUG - __main__ -   label: 2
10/28/2023 16:10:00 - DEBUG - __main__ -   pred: 3
10/28/2023 16:10:00 - DEBUG - __main__ -   label: 4
10/28/2023 16:10:00 - DEBUG - __main__ -   pred: 4
10/28/2023 16:10:00 - DEBUG - __main__ -   label: 3
10/28/2023 16:10:00 - DEBUG - __main__ -   pred: 3
10/28/2023 16:10:00 - DEBUG - __main__ -   label: 3
10/28/2023 16:10:00 - DEBUG - __main__ -   pred: 5
10/28/2023 16:10:00 - DEBUG - __main__ -   label: 3
10/28/2023 16:10:00 - DEBUG - __main__ -   pred: 4
10/28/2023 16:10:00 - DEBUG - __main__ -   label: 3
10/28/2023 16:10:00 - DEBUG - __main__ -   pred: 3
10/28/2023 16:10:00 - DEBUG - __main__ -   label: 1
10/28/2023 16:10:00 - DEBUG - __main__ -   pred: 3
10/28/2023 16:10:00 - DEBUG - __main__ -   label: 3
10/28/2023 16:10:00 - DEBUG - __main__ -   pred: 4
10/28/2023 16:10:00 - DEBUG - __main__ -   label: 6
10/28/2023 16:10:00 - DEBUG - __main__ -   pred: 5
10/28/2023 16:10:00 - DEBUG - __main__ -   label: 4
10/28/2023 16:10:00 - DEBUG - __main__ -   pred: 4
10/28/2023 16:10:00 - DEBUG - __main__ -   label: 4
10/28/2023 16:10:00 - DEBUG - __main__ -   pred: 4
10/28/2023 16:10:00 - DEBUG - __main__ -   label: 4
10/28/2023 16:10:00 - DEBUG - __main__ -   pred: 4
10/28/2023 16:10:00 - DEBUG - __main__ -   label: 3
10/28/2023 16:10:00 - DEBUG - __main__ -   pred: 4
10/28/2023 16:10:00 - DEBUG - __main__ -   label: 4
10/28/2023 16:10:00 - DEBUG - __main__ -   pred: 5
10/28/2023 16:10:00 - DEBUG - __main__ -   label: 3
10/28/2023 16:10:00 - DEBUG - __main__ -   pred: 4
10/28/2023 16:10:00 - DEBUG - __main__ -   label: 2
10/28/2023 16:10:00 - DEBUG - __main__ -   pred: 3
10/28/2023 16:10:00 - DEBUG - __main__ -   label: 3
10/28/2023 16:10:00 - DEBUG - __main__ -   pred: 4
10/28/2023 16:10:00 - DEBUG - __main__ -   label: 2
10/28/2023 16:10:00 - DEBUG - __main__ -   pred: 3
10/28/2023 16:10:00 - DEBUG - __main__ -   label: 4
10/28/2023 16:10:00 - DEBUG - __main__ -   pred: 3
10/28/2023 16:10:00 - DEBUG - __main__ -   label: 3
10/28/2023 16:10:00 - DEBUG - __main__ -   pred: 2
10/28/2023 16:10:00 - DEBUG - __main__ -   label: 3
10/28/2023 16:10:00 - DEBUG - __main__ -   pred: 3
10/28/2023 16:10:00 - DEBUG - __main__ -   label: 3
10/28/2023 16:10:00 - DEBUG - __main__ -   pred: 3
10/28/2023 16:10:00 - DEBUG - __main__ -   label: 2
10/28/2023 16:10:00 - DEBUG - __main__ -   pred: 3
10/28/2023 16:10:00 - DEBUG - __main__ -   label: 2
10/28/2023 16:10:00 - DEBUG - __main__ -   pred: 3
10/28/2023 16:10:00 - DEBUG - __main__ -   label: 3
10/28/2023 16:10:00 - DEBUG - __main__ -   pred: 5
10/28/2023 16:10:00 - DEBUG - __main__ -   label: 5
10/28/2023 16:10:00 - DEBUG - __main__ -   pred: 4
10/28/2023 16:10:00 - DEBUG - __main__ -   label: 4
10/28/2023 16:10:00 - DEBUG - __main__ -   pred: 6
10/28/2023 16:10:00 - DEBUG - __main__ -   label: 4
10/28/2023 16:10:00 - DEBUG - __main__ -   pred: 5
10/28/2023 16:10:00 - DEBUG - __main__ -   label: 3
10/28/2023 16:10:00 - DEBUG - __main__ -   pred: 3
10/28/2023 16:10:00 - DEBUG - __main__ -   label: 3
10/28/2023 16:10:00 - DEBUG - __main__ -   pred: 4
10/28/2023 16:10:00 - DEBUG - __main__ -   label: 5
10/28/2023 16:10:00 - DEBUG - __main__ -   pred: 4
10/28/2023 16:10:00 - DEBUG - __main__ -   label: 2
10/28/2023 16:10:00 - DEBUG - __main__ -   pred: 3
10/28/2023 16:10:00 - DEBUG - __main__ -   label: 4
10/28/2023 16:10:00 - DEBUG - __main__ -   pred: 3
10/28/2023 16:10:00 - DEBUG - __main__ -   label: 6
10/28/2023 16:10:00 - DEBUG - __main__ -   pred: 4
10/28/2023 16:10:00 - DEBUG - __main__ -   label: 3
10/28/2023 16:10:00 - DEBUG - __main__ -   pred: 2
10/28/2023 16:10:00 - DEBUG - __main__ -   label: 5
10/28/2023 16:10:00 - DEBUG - __main__ -   pred: 3
10/28/2023 16:10:00 - DEBUG - __main__ -   label: 4
10/28/2023 16:10:00 - DEBUG - __main__ -   pred: 3
10/28/2023 16:10:00 - DEBUG - __main__ -   label: 3
10/28/2023 16:10:00 - DEBUG - __main__ -   pred: 3
10/28/2023 16:10:00 - DEBUG - __main__ -   label: 6
10/28/2023 16:10:00 - DEBUG - __main__ -   pred: 3
10/28/2023 16:10:00 - DEBUG - __main__ -   label: 5
10/28/2023 16:10:00 - DEBUG - __main__ -   pred: 3
10/28/2023 16:10:00 - DEBUG - __main__ -   label: 3
10/28/2023 16:10:00 - DEBUG - __main__ -   pred: 3
10/28/2023 16:10:00 - DEBUG - __main__ -   label: 6
10/28/2023 16:10:00 - DEBUG - __main__ -   pred: 4
10/28/2023 16:10:00 - DEBUG - __main__ -   label: 5
10/28/2023 16:10:00 - DEBUG - __main__ -   pred: 3
10/28/2023 16:10:00 - DEBUG - __main__ -   label: 3
10/28/2023 16:10:00 - DEBUG - __main__ -   pred: 3
10/28/2023 16:10:00 - DEBUG - __main__ -   label: 5
10/28/2023 16:10:00 - DEBUG - __main__ -   pred: 5
10/28/2023 16:10:00 - DEBUG - __main__ -   label: 4
10/28/2023 16:10:00 - DEBUG - __main__ -   pred: 5
10/28/2023 16:10:00 - DEBUG - __main__ -   label: 6
10/28/2023 16:10:00 - DEBUG - __main__ -   pred: 5
10/28/2023 16:10:00 - DEBUG - __main__ -   label: 4
10/28/2023 16:10:00 - DEBUG - __main__ -   pred: 4
10/28/2023 16:10:00 - DEBUG - __main__ -   label: 3
10/28/2023 16:10:00 - DEBUG - __main__ -   pred: 5
10/28/2023 16:10:00 - DEBUG - __main__ -   label: 6
10/28/2023 16:10:00 - DEBUG - __main__ -   pred: 5
10/28/2023 16:10:00 - DEBUG - __main__ -   label: 6
10/28/2023 16:10:00 - DEBUG - __main__ -   pred: 5
10/28/2023 16:10:00 - DEBUG - __main__ -   label: 5
10/28/2023 16:10:00 - DEBUG - __main__ -   pred: 5
10/28/2023 16:10:00 - DEBUG - __main__ -   label: 5
10/28/2023 16:10:00 - DEBUG - __main__ -   pred: 3
10/28/2023 16:10:00 - DEBUG - __main__ -   label: 4
10/28/2023 16:10:00 - DEBUG - __main__ -   pred: 5
10/28/2023 16:10:00 - DEBUG - __main__ -   label: 2
10/28/2023 16:10:00 - DEBUG - __main__ -   pred: 3
10/28/2023 16:10:00 - DEBUG - __main__ -   label: 0
10/28/2023 16:10:00 - DEBUG - __main__ -   pred: 1
10/28/2023 16:10:00 - DEBUG - __main__ -   label: 4
10/28/2023 16:10:00 - DEBUG - __main__ -   pred: 4
10/28/2023 16:10:00 - DEBUG - __main__ -   label: 3
10/28/2023 16:10:00 - DEBUG - __main__ -   pred: 3
10/28/2023 16:10:00 - DEBUG - __main__ -   label: 3
10/28/2023 16:10:00 - DEBUG - __main__ -   pred: 5
10/28/2023 16:10:00 - DEBUG - __main__ -   label: 5
10/28/2023 16:10:00 - DEBUG - __main__ -   pred: 5
10/28/2023 16:10:00 - DEBUG - __main__ -   label: 5
10/28/2023 16:10:00 - DEBUG - __main__ -   pred: 5
10/28/2023 16:10:00 - DEBUG - __main__ -   label: 1
10/28/2023 16:10:00 - DEBUG - __main__ -   pred: 4
10/28/2023 16:10:00 - DEBUG - __main__ -   label: 4
10/28/2023 16:10:00 - DEBUG - __main__ -   pred: 3
10/28/2023 16:10:00 - DEBUG - __main__ -   label: 3
10/28/2023 16:10:00 - DEBUG - __main__ -   pred: 4
10/28/2023 16:10:00 - DEBUG - __main__ -   label: 4
10/28/2023 16:10:00 - DEBUG - __main__ -   pred: 3
10/28/2023 16:10:00 - DEBUG - __main__ -   label: 3
10/28/2023 16:10:00 - DEBUG - __main__ -   pred: 3
10/28/2023 16:10:00 - DEBUG - __main__ -   label: 4
10/28/2023 16:10:00 - DEBUG - __main__ -   pred: 4
10/28/2023 16:10:00 - DEBUG - __main__ -   label: 1
10/28/2023 16:10:00 - DEBUG - __main__ -   pred: 2
10/28/2023 16:10:00 - DEBUG - __main__ -   label: 5
10/28/2023 16:10:00 - DEBUG - __main__ -   pred: 5
10/28/2023 16:10:00 - DEBUG - __main__ -   label: 5
10/28/2023 16:10:00 - DEBUG - __main__ -   pred: 5
10/28/2023 16:10:00 - DEBUG - __main__ -   label: 4
10/28/2023 16:10:00 - DEBUG - __main__ -   pred: 5
10/28/2023 16:10:00 - DEBUG - __main__ -   label: 4
10/28/2023 16:10:00 - DEBUG - __main__ -   pred: 3
10/28/2023 16:10:00 - DEBUG - __main__ -   label: 2
10/28/2023 16:10:00 - DEBUG - __main__ -   pred: 4
10/28/2023 16:10:00 - DEBUG - __main__ -   label: 5
10/28/2023 16:10:00 - DEBUG - __main__ -   pred: 5
10/28/2023 16:10:00 - DEBUG - __main__ -   label: 2
10/28/2023 16:10:00 - DEBUG - __main__ -   pred: 1
10/28/2023 16:10:00 - DEBUG - __main__ -   label: 4
10/28/2023 16:10:00 - DEBUG - __main__ -   pred: 4
10/28/2023 16:10:00 - DEBUG - __main__ -   label: 2
10/28/2023 16:10:00 - DEBUG - __main__ -   pred: 3
10/28/2023 16:10:00 - DEBUG - __main__ -   label: 6
10/28/2023 16:10:00 - DEBUG - __main__ -   pred: 3
10/28/2023 16:10:00 - DEBUG - __main__ -   label: 2
10/28/2023 16:10:00 - DEBUG - __main__ -   pred: 3
10/28/2023 16:10:00 - DEBUG - __main__ -   label: 1
10/28/2023 16:10:00 - DEBUG - __main__ -   pred: 2
10/28/2023 16:10:00 - DEBUG - __main__ -   label: 3
10/28/2023 16:10:00 - DEBUG - __main__ -   pred: 5
10/28/2023 16:10:00 - DEBUG - __main__ -   label: 4
10/28/2023 16:10:00 - DEBUG - __main__ -   pred: 4
10/28/2023 16:10:00 - DEBUG - __main__ -   label: 3
10/28/2023 16:10:00 - DEBUG - __main__ -   pred: 4
10/28/2023 16:10:00 - DEBUG - __main__ -   label: 5
10/28/2023 16:10:00 - DEBUG - __main__ -   pred: 4
10/28/2023 16:10:00 - DEBUG - __main__ -   label: 2
10/28/2023 16:10:00 - DEBUG - __main__ -   pred: 2
10/28/2023 16:10:00 - DEBUG - __main__ -   label: 2
10/28/2023 16:10:00 - DEBUG - __main__ -   pred: 2
10/28/2023 16:10:00 - DEBUG - __main__ -   label: 4
10/28/2023 16:10:00 - DEBUG - __main__ -   pred: 5
10/28/2023 16:10:00 - DEBUG - __main__ -   label: 2
10/28/2023 16:10:00 - DEBUG - __main__ -   pred: 2
10/28/2023 16:10:00 - DEBUG - __main__ -   label: 2
10/28/2023 16:10:00 - DEBUG - __main__ -   pred: 2
10/28/2023 16:10:00 - DEBUG - __main__ -   label: 2
10/28/2023 16:10:00 - DEBUG - __main__ -   pred: 2
10/28/2023 16:10:00 - DEBUG - __main__ -   label: 1
10/28/2023 16:10:00 - DEBUG - __main__ -   pred: 2
10/28/2023 16:10:00 - DEBUG - __main__ -   label: 1
10/28/2023 16:10:00 - DEBUG - __main__ -   pred: 1
10/28/2023 16:10:00 - DEBUG - __main__ -   label: 2
10/28/2023 16:10:00 - DEBUG - __main__ -   pred: 2
10/28/2023 16:10:00 - DEBUG - __main__ -   label: 1
10/28/2023 16:10:00 - DEBUG - __main__ -   pred: 2
10/28/2023 16:10:00 - DEBUG - __main__ -   label: 1
10/28/2023 16:10:00 - DEBUG - __main__ -   pred: 1
10/28/2023 16:10:00 - DEBUG - __main__ -   label: 2
10/28/2023 16:10:00 - DEBUG - __main__ -   pred: 2
10/28/2023 16:10:00 - DEBUG - __main__ -   label: 2
10/28/2023 16:10:00 - DEBUG - __main__ -   pred: 2
10/28/2023 16:10:00 - DEBUG - __main__ -   label: 2
10/28/2023 16:10:00 - DEBUG - __main__ -   pred: 2
10/28/2023 16:10:00 - DEBUG - __main__ -   label: 2
10/28/2023 16:10:00 - DEBUG - __main__ -   pred: 2
10/28/2023 16:10:00 - DEBUG - __main__ -   label: 2
10/28/2023 16:10:00 - DEBUG - __main__ -   pred: 2
10/28/2023 16:10:00 - DEBUG - __main__ -   label: 2
10/28/2023 16:10:00 - DEBUG - __main__ -   pred: 2
10/28/2023 16:10:00 - DEBUG - __main__ -   label: 6
10/28/2023 16:10:00 - DEBUG - __main__ -   pred: 6
10/28/2023 16:10:00 - DEBUG - __main__ -   label: 6
10/28/2023 16:10:00 - DEBUG - __main__ -   pred: 5
10/28/2023 16:10:00 - DEBUG - __main__ -   label: 5
10/28/2023 16:10:00 - DEBUG - __main__ -   pred: 6
10/28/2023 16:10:00 - DEBUG - __main__ -   label: 5
10/28/2023 16:10:00 - DEBUG - __main__ -   pred: 4
10/28/2023 16:10:00 - DEBUG - __main__ -   label: 5
10/28/2023 16:10:00 - DEBUG - __main__ -   pred: 5
10/28/2023 16:10:00 - DEBUG - __main__ -   label: 6
10/28/2023 16:10:00 - DEBUG - __main__ -   pred: 5
10/28/2023 16:10:00 - DEBUG - __main__ -   label: 2
10/28/2023 16:10:00 - DEBUG - __main__ -   pred: 2
10/28/2023 16:10:00 - DEBUG - __main__ -   label: 2
10/28/2023 16:10:00 - DEBUG - __main__ -   pred: 2
10/28/2023 16:10:00 - DEBUG - __main__ -   label: 1
10/28/2023 16:10:00 - DEBUG - __main__ -   pred: 1
10/28/2023 16:10:00 - DEBUG - __main__ -   label: 1
10/28/2023 16:10:00 - DEBUG - __main__ -   pred: 1
10/28/2023 16:10:00 - DEBUG - __main__ -   label: 1
10/28/2023 16:10:00 - DEBUG - __main__ -   pred: 1
10/28/2023 16:10:00 - DEBUG - __main__ -   label: 1
10/28/2023 16:10:00 - DEBUG - __main__ -   pred: 1
10/28/2023 16:10:00 - DEBUG - __main__ -   label: 2
10/28/2023 16:10:00 - DEBUG - __main__ -   pred: 2
10/28/2023 16:10:00 - DEBUG - __main__ -   label: 2
10/28/2023 16:10:00 - DEBUG - __main__ -   pred: 1
10/28/2023 16:10:00 - DEBUG - __main__ -   label: 1
10/28/2023 16:10:00 - DEBUG - __main__ -   pred: 1
10/28/2023 16:10:00 - DEBUG - __main__ -   label: 1
10/28/2023 16:10:00 - DEBUG - __main__ -   pred: 2
10/28/2023 16:10:00 - DEBUG - __main__ -   label: 2
10/28/2023 16:10:00 - DEBUG - __main__ -   pred: 2
10/28/2023 16:10:00 - DEBUG - __main__ -   label: 2
10/28/2023 16:10:00 - DEBUG - __main__ -   pred: 2
10/28/2023 16:10:00 - DEBUG - __main__ -   label: 2
10/28/2023 16:10:00 - DEBUG - __main__ -   pred: 2
10/28/2023 16:10:00 - DEBUG - __main__ -   label: 2
10/28/2023 16:10:00 - DEBUG - __main__ -   pred: 3
10/28/2023 16:10:00 - DEBUG - __main__ -   label: 5
10/28/2023 16:10:00 - DEBUG - __main__ -   pred: 6
10/28/2023 16:10:00 - DEBUG - __main__ -   label: 5
10/28/2023 16:10:00 - DEBUG - __main__ -   pred: 5
10/28/2023 16:10:00 - DEBUG - __main__ -   label: 4
10/28/2023 16:10:00 - DEBUG - __main__ -   pred: 4
10/28/2023 16:10:00 - DEBUG - __main__ -   label: 5
10/28/2023 16:10:00 - DEBUG - __main__ -   pred: 5
10/28/2023 16:10:00 - DEBUG - __main__ -   label: 5
10/28/2023 16:10:00 - DEBUG - __main__ -   pred: 5
10/28/2023 16:10:00 - DEBUG - __main__ -   label: 5
10/28/2023 16:10:00 - DEBUG - __main__ -   pred: 5
10/28/2023 16:10:00 - DEBUG - __main__ -   label: 3
10/28/2023 16:10:00 - DEBUG - __main__ -   pred: 3
10/28/2023 16:10:00 - DEBUG - __main__ -   label: 5
10/28/2023 16:10:00 - DEBUG - __main__ -   pred: 5
10/28/2023 16:10:00 - DEBUG - __main__ -   label: 5
10/28/2023 16:10:00 - DEBUG - __main__ -   pred: 4
10/28/2023 16:10:00 - DEBUG - __main__ -   label: 4
10/28/2023 16:10:00 - DEBUG - __main__ -   pred: 5
10/28/2023 16:10:00 - DEBUG - __main__ -   label: 2
10/28/2023 16:10:00 - DEBUG - __main__ -   pred: 3
10/28/2023 16:10:00 - DEBUG - __main__ -   label: 4
10/28/2023 16:10:00 - DEBUG - __main__ -   pred: 4
10/28/2023 16:10:00 - DEBUG - __main__ -   label: 5
10/28/2023 16:10:00 - DEBUG - __main__ -   pred: 5
10/28/2023 16:10:00 - DEBUG - __main__ -   label: 2
10/28/2023 16:10:00 - DEBUG - __main__ -   pred: 1
10/28/2023 16:10:00 - DEBUG - __main__ -   label: 3
10/28/2023 16:10:00 - DEBUG - __main__ -   pred: 2
10/28/2023 16:10:00 - DEBUG - __main__ -   label: 3
10/28/2023 16:10:00 - DEBUG - __main__ -   pred: 2
10/28/2023 16:10:00 - DEBUG - __main__ -   label: 2
10/28/2023 16:10:00 - DEBUG - __main__ -   pred: 2
10/28/2023 16:10:00 - DEBUG - __main__ -   label: 2
10/28/2023 16:10:00 - DEBUG - __main__ -   pred: 2
10/28/2023 16:10:00 - DEBUG - __main__ -   label: 3
10/28/2023 16:10:00 - DEBUG - __main__ -   pred: 2
10/28/2023 16:10:00 - DEBUG - __main__ -   label: 2
10/28/2023 16:10:00 - DEBUG - __main__ -   pred: 1
10/28/2023 16:10:00 - DEBUG - __main__ -   label: 2
10/28/2023 16:10:00 - DEBUG - __main__ -   pred: 3
10/28/2023 16:10:00 - DEBUG - __main__ -   label: 2
10/28/2023 16:10:00 - DEBUG - __main__ -   pred: 2
10/28/2023 16:10:00 - DEBUG - __main__ -   label: 2
10/28/2023 16:10:00 - DEBUG - __main__ -   pred: 2
10/28/2023 16:10:00 - DEBUG - __main__ -   label: 2
10/28/2023 16:10:00 - DEBUG - __main__ -   pred: 2
10/28/2023 16:10:00 - DEBUG - __main__ -   label: 1
10/28/2023 16:10:00 - DEBUG - __main__ -   pred: 1
10/28/2023 16:10:00 - DEBUG - __main__ -   label: 2
10/28/2023 16:10:00 - DEBUG - __main__ -   pred: 2
10/28/2023 16:10:00 - DEBUG - __main__ -   label: 2
10/28/2023 16:10:00 - DEBUG - __main__ -   pred: 2
10/28/2023 16:10:00 - DEBUG - __main__ -   label: 2
10/28/2023 16:10:00 - DEBUG - __main__ -   pred: 1
10/28/2023 16:10:00 - DEBUG - __main__ -   label: 1
10/28/2023 16:10:00 - DEBUG - __main__ -   pred: 2
10/28/2023 16:10:00 - DEBUG - __main__ -   label: 3
10/28/2023 16:10:00 - DEBUG - __main__ -   pred: 2
10/28/2023 16:10:00 - DEBUG - __main__ -   label: 2
10/28/2023 16:10:00 - DEBUG - __main__ -   pred: 2
10/28/2023 16:10:00 - DEBUG - __main__ -   label: 1
10/28/2023 16:10:00 - DEBUG - __main__ -   pred: 2
10/28/2023 16:10:00 - DEBUG - __main__ -   label: 1
10/28/2023 16:10:00 - DEBUG - __main__ -   pred: 2
10/28/2023 16:10:00 - DEBUG - __main__ -   label: 2
10/28/2023 16:10:00 - DEBUG - __main__ -   pred: 2
10/28/2023 16:10:00 - DEBUG - __main__ -   label: 4
10/28/2023 16:10:00 - DEBUG - __main__ -   pred: 3
10/28/2023 16:10:00 - DEBUG - __main__ -   label: 5
10/28/2023 16:10:00 - DEBUG - __main__ -   pred: 4
10/28/2023 16:10:00 - DEBUG - __main__ -   label: 5
10/28/2023 16:10:00 - DEBUG - __main__ -   pred: 5
10/28/2023 16:10:00 - DEBUG - __main__ -   label: 6
10/28/2023 16:10:00 - DEBUG - __main__ -   pred: 5
10/28/2023 16:10:00 - DEBUG - __main__ -   label: 4
10/28/2023 16:10:00 - DEBUG - __main__ -   pred: 3
10/28/2023 16:10:00 - DEBUG - __main__ -   label: 5
10/28/2023 16:10:00 - DEBUG - __main__ -   pred: 4
10/28/2023 16:10:00 - DEBUG - __main__ -   label: 4
10/28/2023 16:10:00 - DEBUG - __main__ -   pred: 5
10/28/2023 16:10:00 - DEBUG - __main__ -   label: 5
10/28/2023 16:10:00 - DEBUG - __main__ -   pred: 5
10/28/2023 16:10:00 - DEBUG - __main__ -   label: 3
10/28/2023 16:10:00 - DEBUG - __main__ -   pred: 3
10/28/2023 16:10:00 - DEBUG - __main__ -   label: 5
10/28/2023 16:10:00 - DEBUG - __main__ -   pred: 5
10/28/2023 16:10:00 - DEBUG - __main__ -   label: 6
10/28/2023 16:10:00 - DEBUG - __main__ -   pred: 5
10/28/2023 16:10:00 - DEBUG - __main__ -   label: 2
10/28/2023 16:10:00 - DEBUG - __main__ -   pred: 2
10/28/2023 16:10:00 - DEBUG - __main__ -   label: 2
10/28/2023 16:10:00 - DEBUG - __main__ -   pred: 2
10/28/2023 16:10:00 - DEBUG - __main__ -   label: 2
10/28/2023 16:10:00 - DEBUG - __main__ -   pred: 2
10/28/2023 16:10:00 - DEBUG - __main__ -   label: 2
10/28/2023 16:10:00 - DEBUG - __main__ -   pred: 2
10/28/2023 16:10:00 - DEBUG - __main__ -   label: 3
10/28/2023 16:10:00 - DEBUG - __main__ -   pred: 2
10/28/2023 16:10:00 - DEBUG - __main__ -   label: 2
10/28/2023 16:10:00 - DEBUG - __main__ -   pred: 1
10/28/2023 16:10:00 - DEBUG - __main__ -   label: 3
10/28/2023 16:10:00 - DEBUG - __main__ -   pred: 1
10/28/2023 16:10:00 - DEBUG - __main__ -   label: 3
10/28/2023 16:10:00 - DEBUG - __main__ -   pred: 1
10/28/2023 16:10:00 - DEBUG - __main__ -   label: 3
10/28/2023 16:10:00 - DEBUG - __main__ -   pred: 2
10/28/2023 16:10:00 - DEBUG - __main__ -   label: 3
10/28/2023 16:10:00 - DEBUG - __main__ -   pred: 2
10/28/2023 16:10:00 - DEBUG - __main__ -   label: 3
10/28/2023 16:10:00 - DEBUG - __main__ -   pred: 1
10/28/2023 16:10:00 - DEBUG - __main__ -   label: 3
10/28/2023 16:10:00 - DEBUG - __main__ -   pred: 2
10/28/2023 16:10:00 - DEBUG - __main__ -   label: 2
10/28/2023 16:10:00 - DEBUG - __main__ -   pred: 1
10/28/2023 16:10:00 - DEBUG - __main__ -   label: 3
10/28/2023 16:10:00 - DEBUG - __main__ -   pred: 1
10/28/2023 16:10:00 - DEBUG - __main__ -   label: 3
10/28/2023 16:10:00 - DEBUG - __main__ -   pred: 1
10/28/2023 16:10:00 - DEBUG - __main__ -   label: 2
10/28/2023 16:10:00 - DEBUG - __main__ -   pred: 1
10/28/2023 16:10:00 - DEBUG - __main__ -   label: 3
10/28/2023 16:10:00 - DEBUG - __main__ -   pred: 2
10/28/2023 16:10:00 - DEBUG - __main__ -   label: 2
10/28/2023 16:10:00 - DEBUG - __main__ -   pred: 1
10/28/2023 16:10:00 - DEBUG - __main__ -   label: 3
10/28/2023 16:10:00 - DEBUG - __main__ -   pred: 2
10/28/2023 16:10:00 - DEBUG - __main__ -   label: 3
10/28/2023 16:10:00 - DEBUG - __main__ -   pred: 2
10/28/2023 16:10:00 - DEBUG - __main__ -   label: 2
10/28/2023 16:10:00 - DEBUG - __main__ -   pred: 2
10/28/2023 16:10:00 - DEBUG - __main__ -   label: 3
10/28/2023 16:10:00 - DEBUG - __main__ -   pred: 2
10/28/2023 16:10:00 - DEBUG - __main__ -   label: 6
10/28/2023 16:10:00 - DEBUG - __main__ -   pred: 5
10/28/2023 16:10:00 - DEBUG - __main__ -   label: 5
10/28/2023 16:10:00 - DEBUG - __main__ -   pred: 5
10/28/2023 16:10:00 - DEBUG - __main__ -   label: 5
10/28/2023 16:10:00 - DEBUG - __main__ -   pred: 4
10/28/2023 16:10:00 - DEBUG - __main__ -   label: 5
10/28/2023 16:10:00 - DEBUG - __main__ -   pred: 5
10/28/2023 16:10:00 - DEBUG - __main__ -   label: 4
10/28/2023 16:10:00 - DEBUG - __main__ -   pred: 6
10/28/2023 16:10:00 - DEBUG - __main__ -   label: 6
10/28/2023 16:10:00 - DEBUG - __main__ -   pred: 6
10/28/2023 16:10:00 - DEBUG - __main__ -   label: 6
10/28/2023 16:10:00 - DEBUG - __main__ -   pred: 5
10/28/2023 16:10:00 - DEBUG - __main__ -   label: 5
10/28/2023 16:10:00 - DEBUG - __main__ -   pred: 6
10/28/2023 16:10:00 - DEBUG - __main__ -   label: 2
10/28/2023 16:10:00 - DEBUG - __main__ -   pred: 2
10/28/2023 16:10:00 - DEBUG - __main__ -   label: 3
10/28/2023 16:10:00 - DEBUG - __main__ -   pred: 2
10/28/2023 16:10:00 - DEBUG - __main__ -   label: 3
10/28/2023 16:10:00 - DEBUG - __main__ -   pred: 2
10/28/2023 16:10:00 - DEBUG - __main__ -   label: 1
10/28/2023 16:10:00 - DEBUG - __main__ -   pred: 2
10/28/2023 16:10:00 - DEBUG - __main__ -   label: 2
10/28/2023 16:10:00 - DEBUG - __main__ -   pred: 2
10/28/2023 16:10:00 - DEBUG - __main__ -   label: 3
10/28/2023 16:10:00 - DEBUG - __main__ -   pred: 2
10/28/2023 16:10:00 - DEBUG - __main__ -   label: 2
10/28/2023 16:10:00 - DEBUG - __main__ -   pred: 2
10/28/2023 16:10:00 - DEBUG - __main__ -   label: 2
10/28/2023 16:10:00 - DEBUG - __main__ -   pred: 2
10/28/2023 16:10:00 - DEBUG - __main__ -   label: 1
10/28/2023 16:10:00 - DEBUG - __main__ -   pred: 2
10/28/2023 16:10:00 - DEBUG - __main__ -   label: 2
10/28/2023 16:10:00 - DEBUG - __main__ -   pred: 2
10/28/2023 16:10:00 - DEBUG - __main__ -   label: 2
10/28/2023 16:10:00 - DEBUG - __main__ -   pred: 2
10/28/2023 16:10:00 - DEBUG - __main__ -   label: 3
10/28/2023 16:10:00 - DEBUG - __main__ -   pred: 2
10/28/2023 16:10:00 - DEBUG - __main__ -   label: 2
10/28/2023 16:10:00 - DEBUG - __main__ -   pred: 2
10/28/2023 16:10:00 - DEBUG - __main__ -   label: 2
10/28/2023 16:10:00 - DEBUG - __main__ -   pred: 3
10/28/2023 16:10:00 - DEBUG - __main__ -   label: 5
10/28/2023 16:10:00 - DEBUG - __main__ -   pred: 4
10/28/2023 16:10:00 - DEBUG - __main__ -   label: 3
10/28/2023 16:10:00 - DEBUG - __main__ -   pred: 4
10/28/2023 16:10:00 - DEBUG - __main__ -   label: 5
10/28/2023 16:10:00 - DEBUG - __main__ -   pred: 6
10/28/2023 16:10:00 - DEBUG - __main__ -   label: 5
10/28/2023 16:10:00 - DEBUG - __main__ -   pred: 4
10/28/2023 16:10:00 - DEBUG - __main__ -   label: 4
10/28/2023 16:10:00 - DEBUG - __main__ -   pred: 5
10/28/2023 16:10:00 - DEBUG - __main__ -   label: 4
10/28/2023 16:10:00 - DEBUG - __main__ -   pred: 4
10/28/2023 16:10:00 - DEBUG - __main__ -   label: 5
10/28/2023 16:10:00 - DEBUG - __main__ -   pred: 5
10/28/2023 16:10:00 - DEBUG - __main__ -   label: 6
10/28/2023 16:10:00 - DEBUG - __main__ -   pred: 6
10/28/2023 16:10:00 - DEBUG - __main__ -   label: 5
10/28/2023 16:10:00 - DEBUG - __main__ -   pred: 4
10/28/2023 16:10:00 - DEBUG - __main__ -   label: 3
10/28/2023 16:10:00 - DEBUG - __main__ -   pred: 3
10/28/2023 16:10:00 - DEBUG - __main__ -   label: 5
10/28/2023 16:10:00 - DEBUG - __main__ -   pred: 4
10/28/2023 16:10:00 - DEBUG - __main__ -   label: 4
10/28/2023 16:10:00 - DEBUG - __main__ -   pred: 4
10/28/2023 16:10:00 - DEBUG - __main__ -   label: 6
10/28/2023 16:10:00 - DEBUG - __main__ -   pred: 5
10/28/2023 16:10:00 - DEBUG - __main__ -   label: 4
10/28/2023 16:10:00 - DEBUG - __main__ -   pred: 3
10/28/2023 16:10:00 - DEBUG - __main__ -   label: 5
10/28/2023 16:10:00 - DEBUG - __main__ -   pred: 5
10/28/2023 16:10:00 - DEBUG - __main__ -   label: 4
10/28/2023 16:10:00 - DEBUG - __main__ -   pred: 5
10/28/2023 16:10:00 - DEBUG - __main__ -   label: 4
10/28/2023 16:10:00 - DEBUG - __main__ -   pred: 4
10/28/2023 16:10:00 - DEBUG - __main__ -   label: 3
10/28/2023 16:10:00 - DEBUG - __main__ -   pred: 4
10/28/2023 16:10:00 - DEBUG - __main__ -   label: 4
10/28/2023 16:10:00 - DEBUG - __main__ -   pred: 5
10/28/2023 16:10:00 - DEBUG - __main__ -   label: 5
10/28/2023 16:10:00 - DEBUG - __main__ -   pred: 4
10/28/2023 16:10:00 - DEBUG - __main__ -   label: 4
10/28/2023 16:10:00 - DEBUG - __main__ -   pred: 4
10/28/2023 16:10:00 - DEBUG - __main__ -   label: 3
10/28/2023 16:10:00 - DEBUG - __main__ -   pred: 3
10/28/2023 16:10:00 - DEBUG - __main__ -   label: 4
10/28/2023 16:10:00 - DEBUG - __main__ -   pred: 4
10/28/2023 16:10:00 - DEBUG - __main__ -   label: 5
10/28/2023 16:10:00 - DEBUG - __main__ -   pred: 6
10/28/2023 16:10:00 - DEBUG - __main__ -   label: 6
10/28/2023 16:10:00 - DEBUG - __main__ -   pred: 5
10/28/2023 16:10:00 - DEBUG - __main__ -   label: 4
10/28/2023 16:10:00 - DEBUG - __main__ -   pred: 5
10/28/2023 16:10:00 - DEBUG - __main__ -   label: 5
10/28/2023 16:10:00 - DEBUG - __main__ -   pred: 5
10/28/2023 16:10:00 - DEBUG - __main__ -   label: 5
10/28/2023 16:10:00 - DEBUG - __main__ -   pred: 4
10/28/2023 16:10:00 - DEBUG - __main__ -   label: 6
10/28/2023 16:10:00 - DEBUG - __main__ -   pred: 6
10/28/2023 16:10:00 - DEBUG - __main__ -   label: 4
10/28/2023 16:10:00 - DEBUG - __main__ -   pred: 4
10/28/2023 16:10:00 - DEBUG - __main__ -   label: 2
10/28/2023 16:10:00 - DEBUG - __main__ -   pred: 2
10/28/2023 16:10:00 - DEBUG - __main__ -   label: 2
10/28/2023 16:10:00 - DEBUG - __main__ -   pred: 2
10/28/2023 16:10:00 - DEBUG - __main__ -   label: 3
10/28/2023 16:10:00 - DEBUG - __main__ -   pred: 2
10/28/2023 16:10:00 - DEBUG - __main__ -   label: 2
10/28/2023 16:10:00 - DEBUG - __main__ -   pred: 2
10/28/2023 16:10:00 - DEBUG - __main__ -   label: 2
10/28/2023 16:10:00 - DEBUG - __main__ -   pred: 2
10/28/2023 16:10:00 - DEBUG - __main__ -   label: 3
10/28/2023 16:10:00 - DEBUG - __main__ -   pred: 2
10/28/2023 16:10:00 - DEBUG - __main__ -   label: 3
10/28/2023 16:10:00 - DEBUG - __main__ -   pred: 2
10/28/2023 16:10:00 - DEBUG - __main__ -   label: 2
10/28/2023 16:10:00 - DEBUG - __main__ -   pred: 1
10/28/2023 16:10:00 - DEBUG - __main__ -   label: 2
10/28/2023 16:10:00 - DEBUG - __main__ -   pred: 1
10/28/2023 16:10:00 - DEBUG - __main__ -   label: 2
10/28/2023 16:10:00 - DEBUG - __main__ -   pred: 1
10/28/2023 16:10:00 - DEBUG - __main__ -   label: 3
10/28/2023 16:10:00 - DEBUG - __main__ -   pred: 1
10/28/2023 16:10:00 - DEBUG - __main__ -   label: 3
10/28/2023 16:10:00 - DEBUG - __main__ -   pred: 1
10/28/2023 16:10:00 - DEBUG - __main__ -   label: 3
10/28/2023 16:10:00 - DEBUG - __main__ -   pred: 2
10/28/2023 16:10:00 - DEBUG - __main__ -   label: 2
10/28/2023 16:10:00 - DEBUG - __main__ -   pred: 2
10/28/2023 16:10:00 - DEBUG - __main__ -   label: 4
10/28/2023 16:10:00 - DEBUG - __main__ -   pred: 5
10/28/2023 16:10:00 - DEBUG - __main__ -   label: 4
10/28/2023 16:10:00 - DEBUG - __main__ -   pred: 5
10/28/2023 16:10:00 - DEBUG - __main__ -   label: 4
10/28/2023 16:10:00 - DEBUG - __main__ -   pred: 5
10/28/2023 16:10:00 - DEBUG - __main__ -   label: 3
10/28/2023 16:10:00 - DEBUG - __main__ -   pred: 4
10/28/2023 16:10:00 - DEBUG - __main__ -   label: 1
10/28/2023 16:10:00 - DEBUG - __main__ -   pred: 2
10/28/2023 16:10:00 - DEBUG - __main__ -   label: 1
10/28/2023 16:10:00 - DEBUG - __main__ -   pred: 2
10/28/2023 16:10:00 - DEBUG - __main__ -   label: 2
10/28/2023 16:10:00 - DEBUG - __main__ -   pred: 1
10/28/2023 16:10:00 - DEBUG - __main__ -   label: 1
10/28/2023 16:10:00 - DEBUG - __main__ -   pred: 1
10/28/2023 16:10:00 - DEBUG - __main__ -   label: 1
10/28/2023 16:10:00 - DEBUG - __main__ -   pred: 1
10/28/2023 16:10:00 - DEBUG - __main__ -   label: 1
10/28/2023 16:10:00 - DEBUG - __main__ -   pred: 2
10/28/2023 16:10:00 - DEBUG - __main__ -   label: 2
10/28/2023 16:10:00 - DEBUG - __main__ -   pred: 1
10/28/2023 16:10:00 - DEBUG - __main__ -   label: 2
10/28/2023 16:10:00 - DEBUG - __main__ -   pred: 1
10/28/2023 16:10:00 - DEBUG - __main__ -   label: 4
10/28/2023 16:10:00 - DEBUG - __main__ -   pred: 5
10/28/2023 16:10:00 - DEBUG - __main__ -   label: 4
10/28/2023 16:10:00 - DEBUG - __main__ -   pred: 5
10/28/2023 16:10:00 - DEBUG - __main__ -   label: 4
10/28/2023 16:10:00 - DEBUG - __main__ -   pred: 4
10/28/2023 16:10:00 - DEBUG - __main__ -   label: 4
10/28/2023 16:10:00 - DEBUG - __main__ -   pred: 5
10/28/2023 16:10:00 - DEBUG - __main__ -   label: 2
10/28/2023 16:10:00 - DEBUG - __main__ -   pred: 2
10/28/2023 16:10:00 - DEBUG - __main__ -   label: 1
10/28/2023 16:10:00 - DEBUG - __main__ -   pred: 2
10/28/2023 16:10:00 - DEBUG - __main__ -   label: 2
10/28/2023 16:10:00 - DEBUG - __main__ -   pred: 2
10/28/2023 16:10:00 - DEBUG - __main__ -   label: 1
10/28/2023 16:10:00 - DEBUG - __main__ -   pred: 2
10/28/2023 16:10:00 - DEBUG - __main__ -   label: 2
10/28/2023 16:10:00 - DEBUG - __main__ -   pred: 2
10/28/2023 16:10:00 - DEBUG - __main__ -   label: 0
10/28/2023 16:10:00 - DEBUG - __main__ -   pred: 2
10/28/2023 16:10:00 - DEBUG - __main__ -   label: 2
10/28/2023 16:10:00 - DEBUG - __main__ -   pred: 3
10/28/2023 16:10:00 - DEBUG - __main__ -   label: 0
10/28/2023 16:10:00 - DEBUG - __main__ -   pred: 1
10/28/2023 16:10:00 - DEBUG - __main__ -   label: 1
10/28/2023 16:10:00 - DEBUG - __main__ -   pred: 2
10/28/2023 16:10:00 - DEBUG - __main__ -   label: 1
10/28/2023 16:10:00 - DEBUG - __main__ -   pred: 1
10/28/2023 16:10:00 - DEBUG - __main__ -   label: 1
10/28/2023 16:10:00 - DEBUG - __main__ -   pred: 1
10/28/2023 16:10:00 - DEBUG - __main__ -   label: 1
10/28/2023 16:10:00 - DEBUG - __main__ -   pred: 1
10/28/2023 16:10:00 - DEBUG - __main__ -   label: 2
10/28/2023 16:10:00 - DEBUG - __main__ -   pred: 2
10/28/2023 16:10:00 - DEBUG - __main__ -   label: 1
10/28/2023 16:10:00 - DEBUG - __main__ -   pred: 1
10/28/2023 16:10:00 - DEBUG - __main__ -   label: 1
10/28/2023 16:10:00 - DEBUG - __main__ -   pred: 1
10/28/2023 16:10:00 - DEBUG - __main__ -   label: 1
10/28/2023 16:10:00 - DEBUG - __main__ -   pred: 1
10/28/2023 16:10:00 - DEBUG - __main__ -   label: 1
10/28/2023 16:10:00 - DEBUG - __main__ -   pred: 1
10/28/2023 16:10:00 - DEBUG - __main__ -   label: 1
10/28/2023 16:10:00 - DEBUG - __main__ -   pred: 2
10/28/2023 16:10:00 - DEBUG - __main__ -   label: 2
10/28/2023 16:10:00 - DEBUG - __main__ -   pred: 2
10/28/2023 16:10:00 - DEBUG - __main__ -   label: 4
10/28/2023 16:10:00 - DEBUG - __main__ -   pred: 4
10/28/2023 16:10:00 - DEBUG - __main__ -   label: 3
10/28/2023 16:10:00 - DEBUG - __main__ -   pred: 3
10/28/2023 16:10:00 - DEBUG - __main__ -   label: 3
10/28/2023 16:10:00 - DEBUG - __main__ -   pred: 3
10/28/2023 16:10:00 - DEBUG - __main__ -   label: 3
10/28/2023 16:10:00 - DEBUG - __main__ -   pred: 3
10/28/2023 16:10:00 - DEBUG - __main__ -   label: 4
10/28/2023 16:10:00 - DEBUG - __main__ -   pred: 5
10/28/2023 16:10:00 - DEBUG - __main__ -   label: 5
10/28/2023 16:10:00 - DEBUG - __main__ -   pred: 5
10/28/2023 16:10:00 - DEBUG - __main__ -   label: 3
10/28/2023 16:10:00 - DEBUG - __main__ -   pred: 3
10/28/2023 16:10:00 - DEBUG - __main__ -   label: 3
10/28/2023 16:10:00 - DEBUG - __main__ -   pred: 3
10/28/2023 16:10:00 - DEBUG - __main__ -   label: 3
10/28/2023 16:10:00 - DEBUG - __main__ -   pred: 3
10/28/2023 16:10:00 - DEBUG - __main__ -   label: 5
10/28/2023 16:10:00 - DEBUG - __main__ -   pred: 5
10/28/2023 16:10:00 - DEBUG - __main__ -   label: 5
10/28/2023 16:10:00 - DEBUG - __main__ -   pred: 6
10/28/2023 16:10:00 - DEBUG - __main__ -   label: 4
10/28/2023 16:10:00 - DEBUG - __main__ -   pred: 4
10/28/2023 16:10:00 - DEBUG - __main__ -   label: 5
10/28/2023 16:10:00 - DEBUG - __main__ -   pred: 5
10/28/2023 16:10:00 - DEBUG - __main__ -   label: 4
10/28/2023 16:10:00 - DEBUG - __main__ -   pred: 4
10/28/2023 16:10:00 - DEBUG - __main__ -   label: 5
10/28/2023 16:10:00 - DEBUG - __main__ -   pred: 5
10/28/2023 16:10:00 - DEBUG - __main__ -   label: 4
10/28/2023 16:10:00 - DEBUG - __main__ -   pred: 5
10/28/2023 16:10:00 - DEBUG - __main__ -   label: 4
10/28/2023 16:10:00 - DEBUG - __main__ -   pred: 6
10/28/2023 16:10:00 - DEBUG - __main__ -   label: 4
10/28/2023 16:10:00 - DEBUG - __main__ -   pred: 5
10/28/2023 16:10:00 - DEBUG - __main__ -   label: 5
10/28/2023 16:10:00 - DEBUG - __main__ -   pred: 3
10/28/2023 16:10:00 - DEBUG - __main__ -   label: 2
10/28/2023 16:10:00 - DEBUG - __main__ -   pred: 2
10/28/2023 16:10:00 - DEBUG - __main__ -   label: 1
10/28/2023 16:10:00 - DEBUG - __main__ -   pred: 2
10/28/2023 16:10:00 - DEBUG - __main__ -   label: 3
10/28/2023 16:10:00 - DEBUG - __main__ -   pred: 2
10/28/2023 16:10:00 - DEBUG - __main__ -   label: 0
10/28/2023 16:10:00 - DEBUG - __main__ -   pred: 2
10/28/2023 16:10:00 - DEBUG - __main__ -   label: 1
10/28/2023 16:10:00 - DEBUG - __main__ -   pred: 1
10/28/2023 16:10:00 - DEBUG - __main__ -   label: 2
10/28/2023 16:10:00 - DEBUG - __main__ -   pred: 2
10/28/2023 16:10:00 - DEBUG - __main__ -   label: 0
10/28/2023 16:10:00 - DEBUG - __main__ -   pred: 1
10/28/2023 16:10:00 - DEBUG - __main__ -   label: 0
10/28/2023 16:10:00 - DEBUG - __main__ -   pred: 2
10/28/2023 16:10:00 - DEBUG - __main__ -   label: 2
10/28/2023 16:10:00 - DEBUG - __main__ -   pred: 2
10/28/2023 16:10:00 - DEBUG - __main__ -   label: 1
10/28/2023 16:10:00 - DEBUG - __main__ -   pred: 2
10/28/2023 16:10:00 - DEBUG - __main__ -   label: 1
10/28/2023 16:10:00 - DEBUG - __main__ -   pred: 2
10/28/2023 16:10:00 - DEBUG - __main__ -   label: 1
10/28/2023 16:10:00 - DEBUG - __main__ -   pred: 1
10/28/2023 16:10:00 - DEBUG - __main__ -   label: 1
10/28/2023 16:10:00 - DEBUG - __main__ -   pred: 2
10/28/2023 16:10:00 - DEBUG - __main__ -   label: 1
10/28/2023 16:10:00 - DEBUG - __main__ -   pred: 2
10/28/2023 16:10:00 - DEBUG - __main__ -   label: 1
10/28/2023 16:10:00 - DEBUG - __main__ -   pred: 1
10/28/2023 16:10:00 - DEBUG - __main__ -   label: 1
10/28/2023 16:10:00 - DEBUG - __main__ -   pred: 1
10/28/2023 16:10:00 - DEBUG - __main__ -   label: 2
10/28/2023 16:10:00 - DEBUG - __main__ -   pred: 2
10/28/2023 16:10:00 - DEBUG - __main__ -   label: 1
10/28/2023 16:10:00 - DEBUG - __main__ -   pred: 1
10/28/2023 16:10:00 - DEBUG - __main__ -   label: 2
10/28/2023 16:10:00 - DEBUG - __main__ -   pred: 2
10/28/2023 16:10:00 - DEBUG - __main__ -   label: 0
10/28/2023 16:10:00 - DEBUG - __main__ -   pred: 1
10/28/2023 16:10:00 - DEBUG - __main__ -   label: 3
10/28/2023 16:10:00 - DEBUG - __main__ -   pred: 3
10/28/2023 16:10:00 - DEBUG - __main__ -   label: 6
10/28/2023 16:10:00 - DEBUG - __main__ -   pred: 4
10/28/2023 16:10:00 - DEBUG - __main__ -   label: 4
10/28/2023 16:10:00 - DEBUG - __main__ -   pred: 5
10/28/2023 16:10:00 - DEBUG - __main__ -   label: 2
10/28/2023 16:10:00 - DEBUG - __main__ -   pred: 3
10/28/2023 16:10:00 - DEBUG - __main__ -   label: 6
10/28/2023 16:10:00 - DEBUG - __main__ -   pred: 6
10/28/2023 16:10:00 - DEBUG - __main__ -   label: 6
10/28/2023 16:10:00 - DEBUG - __main__ -   pred: 6
10/28/2023 16:10:00 - DEBUG - __main__ -   label: 3
10/28/2023 16:10:00 - DEBUG - __main__ -   pred: 3
10/28/2023 16:10:00 - DEBUG - __main__ -   label: 4
10/28/2023 16:10:00 - DEBUG - __main__ -   pred: 3
10/28/2023 16:10:00 - DEBUG - __main__ -   label: 4
10/28/2023 16:10:00 - DEBUG - __main__ -   pred: 5
10/28/2023 16:10:00 - DEBUG - __main__ -   label: 5
10/28/2023 16:10:00 - DEBUG - __main__ -   pred: 5
10/28/2023 16:10:00 - DEBUG - __main__ -   label: 5
10/28/2023 16:10:00 - DEBUG - __main__ -   pred: 5
10/28/2023 16:10:00 - DEBUG - __main__ -   label: 4
10/28/2023 16:10:00 - DEBUG - __main__ -   pred: 5
10/28/2023 16:10:00 - DEBUG - __main__ -   label: 5
10/28/2023 16:10:00 - DEBUG - __main__ -   pred: 5
10/28/2023 16:10:00 - DEBUG - __main__ -   label: 1
10/28/2023 16:10:00 - DEBUG - __main__ -   pred: 1
10/28/2023 16:10:00 - DEBUG - __main__ -   label: 2
10/28/2023 16:10:00 - DEBUG - __main__ -   pred: 2
10/28/2023 16:10:00 - DEBUG - __main__ -   label: 1
10/28/2023 16:10:00 - DEBUG - __main__ -   pred: 2
10/28/2023 16:10:00 - DEBUG - __main__ -   label: 1
10/28/2023 16:10:00 - DEBUG - __main__ -   pred: 2
10/28/2023 16:10:00 - DEBUG - __main__ -   label: 1
10/28/2023 16:10:00 - DEBUG - __main__ -   pred: 2
10/28/2023 16:10:00 - DEBUG - __main__ -   label: 2
10/28/2023 16:10:00 - DEBUG - __main__ -   pred: 1
10/28/2023 16:10:00 - DEBUG - __main__ -   label: 1
10/28/2023 16:10:00 - DEBUG - __main__ -   pred: 1
10/28/2023 16:10:00 - DEBUG - __main__ -   label: 2
10/28/2023 16:10:00 - DEBUG - __main__ -   pred: 2
10/28/2023 16:10:00 - DEBUG - __main__ -   label: 1
10/28/2023 16:10:00 - DEBUG - __main__ -   pred: 2
10/28/2023 16:10:00 - DEBUG - __main__ -   label: 2
10/28/2023 16:10:00 - DEBUG - __main__ -   pred: 3
10/28/2023 16:10:00 - DEBUG - __main__ -   label: 4
10/28/2023 16:10:00 - DEBUG - __main__ -   pred: 5
10/28/2023 16:10:00 - DEBUG - __main__ -   label: 4
10/28/2023 16:10:00 - DEBUG - __main__ -   pred: 4
10/28/2023 16:10:00 - DEBUG - __main__ -   label: 2
10/28/2023 16:10:00 - DEBUG - __main__ -   pred: 2
10/28/2023 16:10:00 - DEBUG - __main__ -   label: 4
10/28/2023 16:10:00 - DEBUG - __main__ -   pred: 5
10/28/2023 16:10:00 - DEBUG - __main__ -   label: 4
10/28/2023 16:10:00 - DEBUG - __main__ -   pred: 5
10/28/2023 16:10:00 - DEBUG - __main__ -   label: 4
10/28/2023 16:10:00 - DEBUG - __main__ -   pred: 4
10/28/2023 16:10:00 - DEBUG - __main__ -   label: 4
10/28/2023 16:10:00 - DEBUG - __main__ -   pred: 4
10/28/2023 16:10:00 - DEBUG - __main__ -   label: 3
10/28/2023 16:10:00 - DEBUG - __main__ -   pred: 3
10/28/2023 16:10:00 - DEBUG - __main__ -   label: 2
10/28/2023 16:10:00 - DEBUG - __main__ -   pred: 2
10/28/2023 16:10:00 - DEBUG - __main__ -   label: 0
10/28/2023 16:10:00 - DEBUG - __main__ -   pred: 2
10/28/2023 16:10:00 - DEBUG - __main__ -   label: 2
10/28/2023 16:10:00 - DEBUG - __main__ -   pred: 1
10/28/2023 16:10:00 - DEBUG - __main__ -   label: 2
10/28/2023 16:10:00 - DEBUG - __main__ -   pred: 2
10/28/2023 16:10:00 - DEBUG - __main__ -   label: 2
10/28/2023 16:10:00 - DEBUG - __main__ -   pred: 2
10/28/2023 16:10:00 - DEBUG - __main__ -   label: 1
10/28/2023 16:10:00 - DEBUG - __main__ -   pred: 1
10/28/2023 16:10:00 - DEBUG - __main__ -   label: 1
10/28/2023 16:10:00 - DEBUG - __main__ -   pred: 1
10/28/2023 16:10:00 - DEBUG - __main__ -   label: 2
10/28/2023 16:10:00 - DEBUG - __main__ -   pred: 2
10/28/2023 16:10:00 - DEBUG - __main__ -   label: 2
10/28/2023 16:10:00 - DEBUG - __main__ -   pred: 1
10/28/2023 16:10:00 - DEBUG - __main__ -   label: 2
10/28/2023 16:10:00 - DEBUG - __main__ -   pred: 2
10/28/2023 16:10:00 - DEBUG - __main__ -   label: 2
10/28/2023 16:10:00 - DEBUG - __main__ -   pred: 2
10/28/2023 16:10:00 - DEBUG - __main__ -   label: 2
10/28/2023 16:10:00 - DEBUG - __main__ -   pred: 2
10/28/2023 16:10:00 - DEBUG - __main__ -   label: 3
10/28/2023 16:10:00 - DEBUG - __main__ -   pred: 4
10/28/2023 16:10:00 - DEBUG - __main__ -   label: 1
10/28/2023 16:10:00 - DEBUG - __main__ -   pred: 2
10/28/2023 16:10:00 - DEBUG - __main__ -   label: 2
10/28/2023 16:10:00 - DEBUG - __main__ -   pred: 1
10/28/2023 16:10:00 - DEBUG - __main__ -   label: 3
10/28/2023 16:10:00 - DEBUG - __main__ -   pred: 3
10/28/2023 16:10:00 - DEBUG - __main__ -   label: 5
10/28/2023 16:10:00 - DEBUG - __main__ -   pred: 6
10/28/2023 16:10:00 - DEBUG - __main__ -   label: 4
10/28/2023 16:10:00 - DEBUG - __main__ -   pred: 5
10/28/2023 16:10:00 - DEBUG - __main__ -   label: 4
10/28/2023 16:10:00 - DEBUG - __main__ -   pred: 4
10/28/2023 16:10:00 - DEBUG - __main__ -   label: 4
10/28/2023 16:10:00 - DEBUG - __main__ -   pred: 3
10/28/2023 16:10:00 - DEBUG - __main__ -   label: 5
10/28/2023 16:10:00 - DEBUG - __main__ -   pred: 5
10/28/2023 16:10:00 - DEBUG - __main__ -   label: 5
10/28/2023 16:10:00 - DEBUG - __main__ -   pred: 5
10/28/2023 16:10:00 - DEBUG - __main__ -   label: 4
10/28/2023 16:10:00 - DEBUG - __main__ -   pred: 3
10/28/2023 16:10:00 - DEBUG - __main__ -   label: 4
10/28/2023 16:10:00 - DEBUG - __main__ -   pred: 4
10/28/2023 16:10:00 - DEBUG - __main__ -   label: 3
10/28/2023 16:10:00 - DEBUG - __main__ -   pred: 3
10/28/2023 16:10:00 - DEBUG - __main__ -   label: 4
10/28/2023 16:10:00 - DEBUG - __main__ -   pred: 4
10/28/2023 16:10:00 - DEBUG - __main__ -   label: 4
10/28/2023 16:10:00 - DEBUG - __main__ -   pred: 5
10/28/2023 16:10:00 - DEBUG - __main__ -   label: 1
10/28/2023 16:10:00 - DEBUG - __main__ -   pred: 2
10/28/2023 16:10:00 - DEBUG - __main__ -   label: 2
10/28/2023 16:10:00 - DEBUG - __main__ -   pred: 2
10/28/2023 16:10:00 - DEBUG - __main__ -   label: 3
10/28/2023 16:10:00 - DEBUG - __main__ -   pred: 2
10/28/2023 16:10:00 - DEBUG - __main__ -   label: 0
10/28/2023 16:10:00 - DEBUG - __main__ -   pred: 1
10/28/2023 16:10:00 - DEBUG - __main__ -   label: 1
10/28/2023 16:10:00 - DEBUG - __main__ -   pred: 2
10/28/2023 16:10:00 - DEBUG - __main__ -   label: 1
10/28/2023 16:10:00 - DEBUG - __main__ -   pred: 2
10/28/2023 16:10:00 - DEBUG - __main__ -   label: 3
10/28/2023 16:10:00 - DEBUG - __main__ -   pred: 2
10/28/2023 16:10:00 - DEBUG - __main__ -   label: 1
10/28/2023 16:10:00 - DEBUG - __main__ -   pred: 1
10/28/2023 16:10:00 - DEBUG - __main__ -   label: 1
10/28/2023 16:10:00 - DEBUG - __main__ -   pred: 1
10/28/2023 16:10:00 - DEBUG - __main__ -   label: 2
10/28/2023 16:10:00 - DEBUG - __main__ -   pred: 2
10/28/2023 16:10:00 - DEBUG - __main__ -   label: 2
10/28/2023 16:10:00 - DEBUG - __main__ -   pred: 2
10/28/2023 16:10:00 - DEBUG - __main__ -   label: 2
10/28/2023 16:10:00 - DEBUG - __main__ -   pred: 1
10/28/2023 16:10:00 - DEBUG - __main__ -   label: 2
10/28/2023 16:10:00 - DEBUG - __main__ -   pred: 2
10/28/2023 16:10:00 - DEBUG - __main__ -   label: 5
10/28/2023 16:10:00 - DEBUG - __main__ -   pred: 5
10/28/2023 16:10:00 - DEBUG - __main__ -   label: 2
10/28/2023 16:10:00 - DEBUG - __main__ -   pred: 3
10/28/2023 16:10:00 - DEBUG - __main__ -   label: 6
10/28/2023 16:10:00 - DEBUG - __main__ -   pred: 5
10/28/2023 16:10:00 - DEBUG - __main__ -   label: 5
10/28/2023 16:10:00 - DEBUG - __main__ -   pred: 6
10/28/2023 16:10:00 - DEBUG - __main__ -   label: 5
10/28/2023 16:10:00 - DEBUG - __main__ -   pred: 5
10/28/2023 16:10:00 - DEBUG - __main__ -   label: 5
10/28/2023 16:10:00 - DEBUG - __main__ -   pred: 4
10/28/2023 16:10:00 - DEBUG - __main__ -   label: 5
10/28/2023 16:10:00 - DEBUG - __main__ -   pred: 4
10/28/2023 16:10:00 - DEBUG - __main__ -   label: 3
10/28/2023 16:10:00 - DEBUG - __main__ -   pred: 3
10/28/2023 16:10:00 - DEBUG - __main__ -   label: 4
10/28/2023 16:10:00 - DEBUG - __main__ -   pred: 3
10/28/2023 16:10:00 - DEBUG - __main__ -   label: 2
10/28/2023 16:10:00 - DEBUG - __main__ -   pred: 1
10/28/2023 16:10:00 - DEBUG - __main__ -   label: 2
10/28/2023 16:10:00 - DEBUG - __main__ -   pred: 2
10/28/2023 16:10:00 - DEBUG - __main__ -   label: 2
10/28/2023 16:10:00 - DEBUG - __main__ -   pred: 2
10/28/2023 16:10:00 - DEBUG - __main__ -   label: 3
10/28/2023 16:10:00 - DEBUG - __main__ -   pred: 2
10/28/2023 16:10:00 - DEBUG - __main__ -   label: 1
10/28/2023 16:10:00 - DEBUG - __main__ -   pred: 2
10/28/2023 16:10:00 - DEBUG - __main__ -   label: 2
10/28/2023 16:10:00 - DEBUG - __main__ -   pred: 2
10/28/2023 16:10:00 - DEBUG - __main__ -   label: 3
10/28/2023 16:10:00 - DEBUG - __main__ -   pred: 2
10/28/2023 16:10:00 - DEBUG - __main__ -   label: 3
10/28/2023 16:10:00 - DEBUG - __main__ -   pred: 2
10/28/2023 16:10:00 - DEBUG - __main__ -   label: 2
10/28/2023 16:10:00 - DEBUG - __main__ -   pred: 2
10/28/2023 16:10:00 - DEBUG - __main__ -   label: 1
10/28/2023 16:10:00 - DEBUG - __main__ -   pred: 2
10/28/2023 16:10:00 - DEBUG - __main__ -   label: 2
10/28/2023 16:10:00 - DEBUG - __main__ -   pred: 2
10/28/2023 16:10:00 - DEBUG - __main__ -   label: 2
10/28/2023 16:10:00 - DEBUG - __main__ -   pred: 3
10/28/2023 16:10:00 - DEBUG - __main__ -   label: 2
10/28/2023 16:10:00 - DEBUG - __main__ -   pred: 3
10/28/2023 16:10:00 - DEBUG - __main__ -   label: 3
10/28/2023 16:10:00 - DEBUG - __main__ -   pred: 2
10/28/2023 16:10:00 - DEBUG - __main__ -   label: 4
10/28/2023 16:10:00 - DEBUG - __main__ -   pred: 4
10/28/2023 16:10:00 - DEBUG - __main__ -   label: 5
10/28/2023 16:10:00 - DEBUG - __main__ -   pred: 5
10/28/2023 16:10:00 - DEBUG - __main__ -   label: 4
10/28/2023 16:10:00 - DEBUG - __main__ -   pred: 4
10/28/2023 16:10:00 - DEBUG - __main__ -   label: 4
10/28/2023 16:10:00 - DEBUG - __main__ -   pred: 5
10/28/2023 16:10:00 - DEBUG - __main__ -   label: 4
10/28/2023 16:10:00 - DEBUG - __main__ -   pred: 4
10/28/2023 16:10:00 - DEBUG - __main__ -   label: 4
10/28/2023 16:10:00 - DEBUG - __main__ -   pred: 4
10/28/2023 16:10:00 - DEBUG - __main__ -   label: 4
10/28/2023 16:10:00 - DEBUG - __main__ -   pred: 3
10/28/2023 16:10:00 - DEBUG - __main__ -   label: 2
10/28/2023 16:10:00 - DEBUG - __main__ -   pred: 2
10/28/2023 16:10:00 - DEBUG - __main__ -   label: 1
10/28/2023 16:10:00 - DEBUG - __main__ -   pred: 2
10/28/2023 16:10:00 - DEBUG - __main__ -   label: 1
10/28/2023 16:10:00 - DEBUG - __main__ -   pred: 1
10/28/2023 16:10:00 - DEBUG - __main__ -   label: 0
10/28/2023 16:10:00 - DEBUG - __main__ -   pred: 2
10/28/2023 16:10:00 - DEBUG - __main__ -   label: 2
10/28/2023 16:10:00 - DEBUG - __main__ -   pred: 2
10/28/2023 16:10:00 - DEBUG - __main__ -   label: 1
10/28/2023 16:10:00 - DEBUG - __main__ -   pred: 1
10/28/2023 16:10:00 - DEBUG - __main__ -   label: 1
10/28/2023 16:10:00 - DEBUG - __main__ -   pred: 1
10/28/2023 16:10:00 - DEBUG - __main__ -   label: 2
10/28/2023 16:10:00 - DEBUG - __main__ -   pred: 2
10/28/2023 16:10:00 - DEBUG - __main__ -   label: 1
10/28/2023 16:10:00 - DEBUG - __main__ -   pred: 2
10/28/2023 16:10:00 - DEBUG - __main__ -   label: 2
10/28/2023 16:10:00 - DEBUG - __main__ -   pred: 2
10/28/2023 16:10:00 - DEBUG - __main__ -   label: 2
10/28/2023 16:10:00 - DEBUG - __main__ -   pred: 2
10/28/2023 16:10:00 - DEBUG - __main__ -   label: 2
10/28/2023 16:10:00 - DEBUG - __main__ -   pred: 2
10/28/2023 16:10:00 - DEBUG - __main__ -   label: 1
10/28/2023 16:10:00 - DEBUG - __main__ -   pred: 2
10/28/2023 16:10:00 - DEBUG - __main__ -   label: 1
10/28/2023 16:10:00 - DEBUG - __main__ -   pred: 1
10/28/2023 16:10:00 - DEBUG - __main__ -   label: 1
10/28/2023 16:10:00 - DEBUG - __main__ -   pred: 1
10/28/2023 16:10:00 - DEBUG - __main__ -   label: 1
10/28/2023 16:10:00 - DEBUG - __main__ -   pred: 1
10/28/2023 16:10:00 - DEBUG - __main__ -   label: 1
10/28/2023 16:10:00 - DEBUG - __main__ -   pred: 1
10/28/2023 16:10:00 - DEBUG - __main__ -   label: 1
10/28/2023 16:10:00 - DEBUG - __main__ -   pred: 2
10/28/2023 16:10:00 - DEBUG - __main__ -   label: 1
10/28/2023 16:10:00 - DEBUG - __main__ -   pred: 1
10/28/2023 16:10:00 - DEBUG - __main__ -   label: 1
10/28/2023 16:10:00 - DEBUG - __main__ -   pred: 1
10/28/2023 16:10:00 - DEBUG - __main__ -   label: 2
10/28/2023 16:10:00 - DEBUG - __main__ -   pred: 2
10/28/2023 16:10:00 - DEBUG - __main__ -   label: 1
10/28/2023 16:10:00 - DEBUG - __main__ -   pred: 2
10/28/2023 16:10:00 - DEBUG - __main__ -   label: 3
10/28/2023 16:10:00 - DEBUG - __main__ -   pred: 5
10/28/2023 16:10:00 - DEBUG - __main__ -   label: 4
10/28/2023 16:10:00 - DEBUG - __main__ -   pred: 5
10/28/2023 16:10:00 - DEBUG - __main__ -   label: 3
10/28/2023 16:10:00 - DEBUG - __main__ -   pred: 3
10/28/2023 16:10:00 - DEBUG - __main__ -   label: 2
10/28/2023 16:10:00 - DEBUG - __main__ -   pred: 2
10/28/2023 16:10:00 - DEBUG - __main__ -   label: 4
10/28/2023 16:10:00 - DEBUG - __main__ -   pred: 3
10/28/2023 16:10:00 - DEBUG - __main__ -   label: 2
10/28/2023 16:10:00 - DEBUG - __main__ -   pred: 2
10/28/2023 16:10:00 - DEBUG - __main__ -   label: 3
10/28/2023 16:10:00 - DEBUG - __main__ -   pred: 3
10/28/2023 16:10:00 - DEBUG - __main__ -   label: 2
10/28/2023 16:10:00 - DEBUG - __main__ -   pred: 3
10/28/2023 16:10:00 - DEBUG - __main__ -   label: 2
10/28/2023 16:10:00 - DEBUG - __main__ -   pred: 1
10/28/2023 16:10:00 - DEBUG - __main__ -   label: 3
10/28/2023 16:10:00 - DEBUG - __main__ -   pred: 3
10/28/2023 16:10:00 - DEBUG - __main__ -   label: 4
10/28/2023 16:10:00 - DEBUG - __main__ -   pred: 5
10/28/2023 16:10:00 - DEBUG - __main__ -   label: 5
10/28/2023 16:10:00 - DEBUG - __main__ -   pred: 5
10/28/2023 16:10:00 - DEBUG - __main__ -   label: 4
10/28/2023 16:10:00 - DEBUG - __main__ -   pred: 6
10/28/2023 16:10:00 - DEBUG - __main__ -   label: 4
10/28/2023 16:10:00 - DEBUG - __main__ -   pred: 3
10/28/2023 16:10:00 - DEBUG - __main__ -   label: 4
10/28/2023 16:10:00 - DEBUG - __main__ -   pred: 5
10/28/2023 16:10:00 - DEBUG - __main__ -   label: 3
10/28/2023 16:10:00 - DEBUG - __main__ -   pred: 3
10/28/2023 16:10:00 - DEBUG - __main__ -   label: 3
10/28/2023 16:10:00 - DEBUG - __main__ -   pred: 3
10/28/2023 16:10:00 - DEBUG - __main__ -   label: 4
10/28/2023 16:10:00 - DEBUG - __main__ -   pred: 5
10/28/2023 16:10:00 - DEBUG - __main__ -   label: 4
10/28/2023 16:10:00 - DEBUG - __main__ -   pred: 3
