******** Training fold 3 ********
11/10/2023 01:06:06 - DEBUG - __main__ -   Processor loaded. CPU mem usage: 0.38G.  Cuda 0: memory acclocated: 0 G.
11/10/2023 01:06:18 - DEBUG - __main__ -   Model loaded. CPU mem usage: 1.99G.  Cuda 0: memory acclocated: 0 G.
Wav2Vec2ForSequenceClassification(
  (wav2vec2): Wav2Vec2Model(
    (feature_extractor): Wav2Vec2FeatureEncoder(
      (conv_layers): ModuleList(
        (0): Wav2Vec2LayerNormConvLayer(
          (conv): Conv1d(1, 512, kernel_size=(10,), stride=(5,))
          (layer_norm): LayerNorm((512,), eps=1e-05, elementwise_affine=True)
          (activation): GELUActivation()
        )
        (1-4): 4 x Wav2Vec2LayerNormConvLayer(
          (conv): Conv1d(512, 512, kernel_size=(3,), stride=(2,))
          (layer_norm): LayerNorm((512,), eps=1e-05, elementwise_affine=True)
          (activation): GELUActivation()
        )
        (5-6): 2 x Wav2Vec2LayerNormConvLayer(
          (conv): Conv1d(512, 512, kernel_size=(2,), stride=(2,))
          (layer_norm): LayerNorm((512,), eps=1e-05, elementwise_affine=True)
          (activation): GELUActivation()
        )
      )
    )
    (feature_projection): Wav2Vec2FeatureProjection(
      (layer_norm): LayerNorm((512,), eps=1e-05, elementwise_affine=True)
      (projection): Linear(in_features=512, out_features=1024, bias=True)
      (dropout): Dropout(p=0.1, inplace=False)
    )
    (encoder): Wav2Vec2EncoderStableLayerNorm(
      (pos_conv_embed): Wav2Vec2PositionalConvEmbedding(
        (conv): Conv1d(1024, 1024, kernel_size=(128,), stride=(1,), padding=(64,), groups=16)
        (padding): Wav2Vec2SamePadLayer()
        (activation): GELUActivation()
      )
      (layer_norm): LayerNorm((1024,), eps=1e-05, elementwise_affine=True)
      (dropout): Dropout(p=0.1, inplace=False)
      (layers): ModuleList(
        (0-23): 24 x Wav2Vec2EncoderLayerStableLayerNorm(
          (attention): Wav2Vec2Attention(
            (k_proj): Linear(in_features=1024, out_features=1024, bias=True)
            (v_proj): Linear(in_features=1024, out_features=1024, bias=True)
            (q_proj): Linear(in_features=1024, out_features=1024, bias=True)
            (out_proj): Linear(in_features=1024, out_features=1024, bias=True)
          )
          (dropout): Dropout(p=0.1, inplace=False)
          (layer_norm): LayerNorm((1024,), eps=1e-05, elementwise_affine=True)
          (feed_forward): Wav2Vec2FeedForward(
            (intermediate_dropout): Dropout(p=0.0, inplace=False)
            (intermediate_dense): Linear(in_features=1024, out_features=4096, bias=True)
            (intermediate_act_fn): GELUActivation()
            (output_dense): Linear(in_features=4096, out_features=1024, bias=True)
            (output_dropout): Dropout(p=0.1, inplace=False)
          )
          (final_layer_norm): LayerNorm((1024,), eps=1e-05, elementwise_affine=True)
        )
      )
    )
  )
  (projector): Linear(in_features=1024, out_features=256, bias=True)
  (classifier): Linear(in_features=256, out_features=7, bias=True)
)
11/10/2023 01:06:48 - DEBUG - __main__ -   Speech loaded. N_train=1604, N_eval=508. CPU mem usage: 6.14G.  Cuda 0: memory acclocated: 0 G.
11/10/2023 01:07:17 - DEBUG - __main__ -   Feature extracted. Duration: 0:00:29 CPU mem usage: 9.16G.  Cuda 0: memory acclocated: 0 G.
11/10/2023 01:07:17 - DEBUG - urllib3.connectionpool -   Starting new HTTPS connection (1): s3.amazonaws.com:443
11/10/2023 01:07:17 - DEBUG - urllib3.connectionpool -   https://s3.amazonaws.com:443 "HEAD /datasets.huggingface.co/datasets/metrics/evaluate-metric/precision/evaluate-metric/precision.py HTTP/1.1" 404 0
11/10/2023 01:07:17 - DEBUG - urllib3.connectionpool -   Starting new HTTPS connection (1): huggingface.co:443
11/10/2023 01:07:18 - DEBUG - urllib3.connectionpool -   https://huggingface.co:443 "HEAD /spaces/evaluate-metric/precision/resolve/v0.4.0/precision.py HTTP/1.1" 200 0
11/10/2023 01:07:18 - DEBUG - urllib3.connectionpool -   Starting new HTTPS connection (1): s3.amazonaws.com:443
11/10/2023 01:07:18 - DEBUG - urllib3.connectionpool -   https://s3.amazonaws.com:443 "HEAD /datasets.huggingface.co/datasets/metrics/evaluate-metric/recall/evaluate-metric/recall.py HTTP/1.1" 404 0
11/10/2023 01:07:18 - DEBUG - urllib3.connectionpool -   Starting new HTTPS connection (1): huggingface.co:443
11/10/2023 01:07:18 - DEBUG - urllib3.connectionpool -   https://huggingface.co:443 "HEAD /spaces/evaluate-metric/recall/resolve/v0.4.0/recall.py HTTP/1.1" 200 0
11/10/2023 01:07:19 - DEBUG - urllib3.connectionpool -   Starting new HTTPS connection (1): s3.amazonaws.com:443
11/10/2023 01:07:19 - DEBUG - urllib3.connectionpool -   https://s3.amazonaws.com:443 "HEAD /datasets.huggingface.co/datasets/metrics/evaluate-metric/f1/evaluate-metric/f1.py HTTP/1.1" 404 0
11/10/2023 01:07:19 - DEBUG - urllib3.connectionpool -   Starting new HTTPS connection (1): huggingface.co:443
11/10/2023 01:07:19 - DEBUG - urllib3.connectionpool -   https://huggingface.co:443 "HEAD /spaces/evaluate-metric/f1/resolve/v0.4.0/f1.py HTTP/1.1" 200 0
11/10/2023 01:07:19 - DEBUG - urllib3.connectionpool -   Starting new HTTPS connection (1): s3.amazonaws.com:443
11/10/2023 01:07:20 - DEBUG - urllib3.connectionpool -   https://s3.amazonaws.com:443 "HEAD /datasets.huggingface.co/datasets/metrics/evaluate-metric/spearmanr/evaluate-metric/spearmanr.py HTTP/1.1" 404 0
11/10/2023 01:07:20 - DEBUG - urllib3.connectionpool -   Starting new HTTPS connection (1): huggingface.co:443
11/10/2023 01:07:20 - DEBUG - urllib3.connectionpool -   https://huggingface.co:443 "HEAD /spaces/evaluate-metric/spearmanr/resolve/v0.4.0/spearmanr.py HTTP/1.1" 200 0
RUNNING CCL
11/10/2023 01:07:20 - DEBUG - __main__ -   Class difficulty order: [[1, 2], [1, 2, 5, 4], [1, 2, 5, 3, 4, 0, 6]]
11/10/2023 01:07:20 - DEBUG - __main__ -   n_epochs for each CCL phase: [3, 3, 4]
Training with classes: [1, 2]
11/10/2023 01:07:30 - DEBUG - __main__ -   Training phase 0 starts now. CPU mem usage: 8.59G.  Cuda 0: memory acclocated: 2 G.
11/10/2023 01:07:30 - DEBUG - helper.classes -   ----------- Starting epoch 1 -----------
11/10/2023 01:13:55 - DEBUG - helper.classes -   Epoch 1.0 completed, Duration: 0:06:25 Mem usage: CPU mem usage: 9.18G.  Cuda 0: memory acclocated: 18 G.
11/10/2023 01:15:45 - DEBUG - fsspec.local -   open file: /home/lunt1/.cache/huggingface/metrics/precision/default/default_experiment-1-0.arrow
11/10/2023 01:15:45 - DEBUG - fsspec.local -   open file: /home/lunt1/.cache/huggingface/metrics/recall/default/default_experiment-1-0.arrow
11/10/2023 01:15:45 - DEBUG - fsspec.local -   open file: /home/lunt1/.cache/huggingface/metrics/f1/default/default_experiment-1-0.arrow
11/10/2023 01:15:45 - DEBUG - fsspec.local -   open file: /home/lunt1/.cache/huggingface/metrics/spearmanr/default/default_experiment-1-0.arrow
11/10/2023 01:15:45 - DEBUG - fsspec.local -   open file: /home/lunt1/.cache/huggingface/metrics/precision/default/default_experiment-1-0.arrow
11/10/2023 01:15:45 - DEBUG - fsspec.local -   open file: /home/lunt1/.cache/huggingface/metrics/recall/default/default_experiment-1-0.arrow
11/10/2023 01:15:45 - DEBUG - fsspec.local -   open file: /home/lunt1/.cache/huggingface/metrics/f1/default/default_experiment-1-0.arrow
{'eval_loss': 3.6733131408691406, 'eval_precision': 0.03655793025871766, 'eval_recall': 0.14285714285714285, 'eval_f1': 0.05821764442454097, 'eval_spearmanr': nan, 'eval_precision_weighted': 0.06548763097526195, 'eval_recall_weighted': 0.2559055118110236, 'eval_f1_weighted': 0.1042875126502604, 'eval_runtime': 109.6435, 'eval_samples_per_second': 4.633, 'eval_steps_per_second': 2.317, 'epoch': 1.0}
11/10/2023 01:15:52 - DEBUG - helper.classes -   ----------- Starting epoch 2.0 -----------
{'loss': 0.8756, 'learning_rate': 1.5874125874125875e-05, 'epoch': 1.57}
11/10/2023 01:22:13 - DEBUG - helper.classes -   Epoch 2.0 completed, Duration: 0:06:21 Mem usage: CPU mem usage: 9.46G.  Cuda 0: memory acclocated: 18 G.
11/10/2023 01:24:02 - DEBUG - fsspec.local -   open file: /home/lunt1/.cache/huggingface/metrics/precision/default/default_experiment-1-0.arrow
11/10/2023 01:24:02 - DEBUG - fsspec.local -   open file: /home/lunt1/.cache/huggingface/metrics/recall/default/default_experiment-1-0.arrow
11/10/2023 01:24:02 - DEBUG - fsspec.local -   open file: /home/lunt1/.cache/huggingface/metrics/f1/default/default_experiment-1-0.arrow
11/10/2023 01:24:02 - DEBUG - fsspec.local -   open file: /home/lunt1/.cache/huggingface/metrics/spearmanr/default/default_experiment-1-0.arrow
11/10/2023 01:24:02 - DEBUG - fsspec.local -   open file: /home/lunt1/.cache/huggingface/metrics/precision/default/default_experiment-1-0.arrow
11/10/2023 01:24:02 - DEBUG - fsspec.local -   open file: /home/lunt1/.cache/huggingface/metrics/recall/default/default_experiment-1-0.arrow
11/10/2023 01:24:02 - DEBUG - fsspec.local -   open file: /home/lunt1/.cache/huggingface/metrics/f1/default/default_experiment-1-0.arrow
{'eval_loss': 3.7163267135620117, 'eval_precision': 0.09155088837104117, 'eval_recall': 0.1881046788263283, 'eval_f1': 0.12235289840583133, 'eval_spearmanr': 0.572605921207643, 'eval_precision_weighted': 0.13637170405320231, 'eval_recall_weighted': 0.2874015748031496, 'eval_f1_weighted': 0.1836988136376069, 'eval_runtime': 108.8291, 'eval_samples_per_second': 4.668, 'eval_steps_per_second': 2.334, 'epoch': 2.0}
11/10/2023 01:24:09 - DEBUG - helper.classes -   ----------- Starting epoch 3.0 -----------
11/10/2023 01:30:24 - DEBUG - helper.classes -   Epoch 3.0 completed, Duration: 0:06:15 Mem usage: CPU mem usage: 9.50G.  Cuda 0: memory acclocated: 18 G.
11/10/2023 01:32:13 - DEBUG - fsspec.local -   open file: /home/lunt1/.cache/huggingface/metrics/precision/default/default_experiment-1-0.arrow
11/10/2023 01:32:13 - DEBUG - fsspec.local -   open file: /home/lunt1/.cache/huggingface/metrics/recall/default/default_experiment-1-0.arrow
11/10/2023 01:32:13 - DEBUG - fsspec.local -   open file: /home/lunt1/.cache/huggingface/metrics/f1/default/default_experiment-1-0.arrow
11/10/2023 01:32:13 - DEBUG - fsspec.local -   open file: /home/lunt1/.cache/huggingface/metrics/spearmanr/default/default_experiment-1-0.arrow
11/10/2023 01:32:13 - DEBUG - fsspec.local -   open file: /home/lunt1/.cache/huggingface/metrics/precision/default/default_experiment-1-0.arrow
11/10/2023 01:32:13 - DEBUG - fsspec.local -   open file: /home/lunt1/.cache/huggingface/metrics/recall/default/default_experiment-1-0.arrow
11/10/2023 01:32:13 - DEBUG - fsspec.local -   open file: /home/lunt1/.cache/huggingface/metrics/f1/default/default_experiment-1-0.arrow
{'eval_loss': 3.5906155109405518, 'eval_precision': 0.10568971274260945, 'eval_recall': 0.18759487934745667, 'eval_f1': 0.12813822799591298, 'eval_spearmanr': 0.4477250447958791, 'eval_precision_weighted': 0.15713836071736864, 'eval_recall_weighted': 0.2992125984251969, 'eval_f1_weighted': 0.19518477243968063, 'eval_runtime': 108.8208, 'eval_samples_per_second': 4.668, 'eval_steps_per_second': 2.334, 'epoch': 3.0}
{'train_runtime': 1492.062, 'train_samples_per_second': 1.277, 'train_steps_per_second': 0.639, 'train_loss': 0.7722420682447262, 'epoch': 3.0}
11/10/2023 01:32:22 - INFO - __main__ -   Training completed. Duration: 0:24:52
Training with classes: [1, 2, 5, 4]
11/10/2023 01:32:22 - DEBUG - __main__ -   Training phase 1 starts now. CPU mem usage: 9.49G.  Cuda 0: memory acclocated: 18 G.
11/10/2023 01:32:22 - DEBUG - helper.classes -   ----------- Starting epoch 1 -----------
{'loss': 1.3125, 'learning_rate': 2.3917137476459512e-05, 'epoch': 0.85}
11/10/2023 01:47:50 - DEBUG - helper.classes -   Epoch 1.0 completed, Duration: 0:15:27 Mem usage: CPU mem usage: 9.82G.  Cuda 0: memory acclocated: 18 G.
11/10/2023 01:49:39 - DEBUG - fsspec.local -   open file: /home/lunt1/.cache/huggingface/metrics/precision/default/default_experiment-1-0.arrow
11/10/2023 01:49:39 - DEBUG - fsspec.local -   open file: /home/lunt1/.cache/huggingface/metrics/recall/default/default_experiment-1-0.arrow
11/10/2023 01:49:39 - DEBUG - fsspec.local -   open file: /home/lunt1/.cache/huggingface/metrics/f1/default/default_experiment-1-0.arrow
11/10/2023 01:49:39 - DEBUG - fsspec.local -   open file: /home/lunt1/.cache/huggingface/metrics/spearmanr/default/default_experiment-1-0.arrow
11/10/2023 01:49:39 - DEBUG - fsspec.local -   open file: /home/lunt1/.cache/huggingface/metrics/precision/default/default_experiment-1-0.arrow
11/10/2023 01:49:39 - DEBUG - fsspec.local -   open file: /home/lunt1/.cache/huggingface/metrics/recall/default/default_experiment-1-0.arrow
11/10/2023 01:49:39 - DEBUG - fsspec.local -   open file: /home/lunt1/.cache/huggingface/metrics/f1/default/default_experiment-1-0.arrow
{'eval_loss': 2.2160260677337646, 'eval_precision': 0.21465921192425697, 'eval_recall': 0.3180048507926255, 'eval_f1': 0.23605132659624253, 'eval_spearmanr': 0.7649141577679526, 'eval_precision_weighted': 0.2972711754429156, 'eval_recall_weighted': 0.39763779527559057, 'eval_f1_weighted': 0.31829283577624157, 'eval_runtime': 108.7622, 'eval_samples_per_second': 4.671, 'eval_steps_per_second': 2.335, 'epoch': 1.0}
11/10/2023 01:49:47 - DEBUG - helper.classes -   ----------- Starting epoch 2.0 -----------
{'loss': 0.7998, 'learning_rate': 1.4500941619585688e-05, 'epoch': 1.69}
11/10/2023 02:05:24 - DEBUG - helper.classes -   Epoch 2.0 completed, Duration: 0:15:36 Mem usage: CPU mem usage: 9.86G.  Cuda 0: memory acclocated: 18 G.
11/10/2023 02:07:13 - DEBUG - fsspec.local -   open file: /home/lunt1/.cache/huggingface/metrics/precision/default/default_experiment-1-0.arrow
11/10/2023 02:07:13 - DEBUG - fsspec.local -   open file: /home/lunt1/.cache/huggingface/metrics/recall/default/default_experiment-1-0.arrow
11/10/2023 02:07:13 - DEBUG - fsspec.local -   open file: /home/lunt1/.cache/huggingface/metrics/f1/default/default_experiment-1-0.arrow
11/10/2023 02:07:13 - DEBUG - fsspec.local -   open file: /home/lunt1/.cache/huggingface/metrics/spearmanr/default/default_experiment-1-0.arrow
11/10/2023 02:07:13 - DEBUG - fsspec.local -   open file: /home/lunt1/.cache/huggingface/metrics/precision/default/default_experiment-1-0.arrow
11/10/2023 02:07:13 - DEBUG - fsspec.local -   open file: /home/lunt1/.cache/huggingface/metrics/recall/default/default_experiment-1-0.arrow
11/10/2023 02:07:13 - DEBUG - fsspec.local -   open file: /home/lunt1/.cache/huggingface/metrics/f1/default/default_experiment-1-0.arrow
{'eval_loss': 2.347280502319336, 'eval_precision': 0.30322449536802365, 'eval_recall': 0.3228831689733819, 'eval_f1': 0.273215057347803, 'eval_spearmanr': 0.7517883038437606, 'eval_precision_weighted': 0.3833130279262443, 'eval_recall_weighted': 0.4645669291338583, 'eval_f1_weighted': 0.38120654609643845, 'eval_runtime': 108.6382, 'eval_samples_per_second': 4.676, 'eval_steps_per_second': 2.338, 'epoch': 2.0}
11/10/2023 02:07:19 - DEBUG - helper.classes -   ----------- Starting epoch 3.0 -----------
{'loss': 0.7553, 'learning_rate': 5.084745762711865e-06, 'epoch': 2.54}
11/10/2023 02:23:11 - DEBUG - helper.classes -   Epoch 3.0 completed, Duration: 0:15:51 Mem usage: CPU mem usage: 9.78G.  Cuda 0: memory acclocated: 18 G.
11/10/2023 02:25:03 - DEBUG - fsspec.local -   open file: /home/lunt1/.cache/huggingface/metrics/precision/default/default_experiment-1-0.arrow
11/10/2023 02:25:04 - DEBUG - fsspec.local -   open file: /home/lunt1/.cache/huggingface/metrics/recall/default/default_experiment-1-0.arrow
11/10/2023 02:25:04 - DEBUG - fsspec.local -   open file: /home/lunt1/.cache/huggingface/metrics/f1/default/default_experiment-1-0.arrow
11/10/2023 02:25:04 - DEBUG - fsspec.local -   open file: /home/lunt1/.cache/huggingface/metrics/spearmanr/default/default_experiment-1-0.arrow
11/10/2023 02:25:04 - DEBUG - fsspec.local -   open file: /home/lunt1/.cache/huggingface/metrics/precision/default/default_experiment-1-0.arrow
11/10/2023 02:25:04 - DEBUG - fsspec.local -   open file: /home/lunt1/.cache/huggingface/metrics/recall/default/default_experiment-1-0.arrow
11/10/2023 02:25:04 - DEBUG - fsspec.local -   open file: /home/lunt1/.cache/huggingface/metrics/f1/default/default_experiment-1-0.arrow
{'eval_loss': 2.429344892501831, 'eval_precision': 0.25144272487122643, 'eval_recall': 0.32201448160904855, 'eval_f1': 0.2787096451159922, 'eval_spearmanr': 0.7521373760336214, 'eval_precision_weighted': 0.33781916711813403, 'eval_recall_weighted': 0.44291338582677164, 'eval_f1_weighted': 0.37787042051326053, 'eval_runtime': 112.8107, 'eval_samples_per_second': 4.503, 'eval_steps_per_second': 2.252, 'epoch': 3.0}
{'train_runtime': 3173.4505, 'train_samples_per_second': 1.116, 'train_steps_per_second': 0.558, 'train_loss': 0.9334933264780853, 'epoch': 3.0}
11/10/2023 02:25:16 - INFO - __main__ -   Training completed. Duration: 0:52:53
Training with classes: [1, 2, 5, 3, 4, 0, 6]
11/10/2023 02:25:16 - DEBUG - __main__ -   Training phase 2 starts now. CPU mem usage: 9.56G.  Cuda 0: memory acclocated: 18 G.
11/10/2023 02:25:16 - DEBUG - helper.classes -   ----------- Starting epoch 1 -----------
{'loss': 1.6848, 'learning_rate': 2.8139937651541395e-05, 'epoch': 0.62}
11/10/2023 02:46:42 - DEBUG - helper.classes -   Epoch 1.0 completed, Duration: 0:21:26 Mem usage: CPU mem usage: 9.71G.  Cuda 0: memory acclocated: 18 G.
11/10/2023 02:48:31 - DEBUG - fsspec.local -   open file: /home/lunt1/.cache/huggingface/metrics/precision/default/default_experiment-1-0.arrow
11/10/2023 02:48:31 - DEBUG - fsspec.local -   open file: /home/lunt1/.cache/huggingface/metrics/recall/default/default_experiment-1-0.arrow
11/10/2023 02:48:31 - DEBUG - fsspec.local -   open file: /home/lunt1/.cache/huggingface/metrics/f1/default/default_experiment-1-0.arrow
11/10/2023 02:48:31 - DEBUG - fsspec.local -   open file: /home/lunt1/.cache/huggingface/metrics/spearmanr/default/default_experiment-1-0.arrow
11/10/2023 02:48:31 - DEBUG - fsspec.local -   open file: /home/lunt1/.cache/huggingface/metrics/precision/default/default_experiment-1-0.arrow
11/10/2023 02:48:31 - DEBUG - fsspec.local -   open file: /home/lunt1/.cache/huggingface/metrics/recall/default/default_experiment-1-0.arrow
11/10/2023 02:48:31 - DEBUG - fsspec.local -   open file: /home/lunt1/.cache/huggingface/metrics/f1/default/default_experiment-1-0.arrow
{'eval_loss': 1.3260301351547241, 'eval_precision': 0.3256891614476204, 'eval_recall': 0.3435172656443241, 'eval_f1': 0.30942676018914855, 'eval_spearmanr': 0.7815109917744987, 'eval_precision_weighted': 0.44125396646873044, 'eval_recall_weighted': 0.4547244094488189, 'eval_f1_weighted': 0.4158569327435459, 'eval_runtime': 108.8943, 'eval_samples_per_second': 4.665, 'eval_steps_per_second': 2.333, 'epoch': 1.0}
11/10/2023 02:48:38 - DEBUG - helper.classes -   ----------- Starting epoch 2.0 -----------
{'loss': 1.2765, 'learning_rate': 2.2944232767578804e-05, 'epoch': 1.25}
{'loss': 1.1819, 'learning_rate': 1.774852788361621e-05, 'epoch': 1.87}
11/10/2023 03:09:52 - DEBUG - helper.classes -   Epoch 2.0 completed, Duration: 0:21:13 Mem usage: CPU mem usage: 9.74G.  Cuda 0: memory acclocated: 18 G.
11/10/2023 03:11:41 - DEBUG - fsspec.local -   open file: /home/lunt1/.cache/huggingface/metrics/precision/default/default_experiment-1-0.arrow
11/10/2023 03:11:41 - DEBUG - fsspec.local -   open file: /home/lunt1/.cache/huggingface/metrics/recall/default/default_experiment-1-0.arrow
11/10/2023 03:11:41 - DEBUG - fsspec.local -   open file: /home/lunt1/.cache/huggingface/metrics/f1/default/default_experiment-1-0.arrow
11/10/2023 03:11:41 - DEBUG - fsspec.local -   open file: /home/lunt1/.cache/huggingface/metrics/spearmanr/default/default_experiment-1-0.arrow
11/10/2023 03:11:41 - DEBUG - fsspec.local -   open file: /home/lunt1/.cache/huggingface/metrics/precision/default/default_experiment-1-0.arrow
11/10/2023 03:11:41 - DEBUG - fsspec.local -   open file: /home/lunt1/.cache/huggingface/metrics/recall/default/default_experiment-1-0.arrow
11/10/2023 03:11:41 - DEBUG - fsspec.local -   open file: /home/lunt1/.cache/huggingface/metrics/f1/default/default_experiment-1-0.arrow
{'eval_loss': 1.340593934059143, 'eval_precision': 0.3429072077435316, 'eval_recall': 0.343023281914764, 'eval_f1': 0.33442709439005464, 'eval_spearmanr': 0.78713065985923, 'eval_precision_weighted': 0.4588415752420355, 'eval_recall_weighted': 0.4744094488188976, 'eval_f1_weighted': 0.4531779056071034, 'eval_runtime': 108.927, 'eval_samples_per_second': 4.664, 'eval_steps_per_second': 2.332, 'epoch': 2.0}
11/10/2023 03:11:48 - DEBUG - helper.classes -   ----------- Starting epoch 3.0 -----------
{'loss': 1.0758, 'learning_rate': 1.255282299965362e-05, 'epoch': 2.49}
11/10/2023 03:33:24 - DEBUG - helper.classes -   Epoch 3.0 completed, Duration: 0:21:36 Mem usage: CPU mem usage: 9.78G.  Cuda 0: memory acclocated: 18 G.
11/10/2023 03:35:13 - DEBUG - fsspec.local -   open file: /home/lunt1/.cache/huggingface/metrics/precision/default/default_experiment-1-0.arrow
11/10/2023 03:35:13 - DEBUG - fsspec.local -   open file: /home/lunt1/.cache/huggingface/metrics/recall/default/default_experiment-1-0.arrow
11/10/2023 03:35:13 - DEBUG - fsspec.local -   open file: /home/lunt1/.cache/huggingface/metrics/f1/default/default_experiment-1-0.arrow
11/10/2023 03:35:13 - DEBUG - fsspec.local -   open file: /home/lunt1/.cache/huggingface/metrics/spearmanr/default/default_experiment-1-0.arrow
11/10/2023 03:35:13 - DEBUG - fsspec.local -   open file: /home/lunt1/.cache/huggingface/metrics/precision/default/default_experiment-1-0.arrow
11/10/2023 03:35:13 - DEBUG - fsspec.local -   open file: /home/lunt1/.cache/huggingface/metrics/recall/default/default_experiment-1-0.arrow
11/10/2023 03:35:13 - DEBUG - fsspec.local -   open file: /home/lunt1/.cache/huggingface/metrics/f1/default/default_experiment-1-0.arrow
{'eval_loss': 1.4729235172271729, 'eval_precision': 0.3180787226636183, 'eval_recall': 0.345530957476592, 'eval_f1': 0.3239496635298734, 'eval_spearmanr': 0.768890992416624, 'eval_precision_weighted': 0.4362418514557915, 'eval_recall_weighted': 0.4507874015748031, 'eval_f1_weighted': 0.43631248118300847, 'eval_runtime': 108.792, 'eval_samples_per_second': 4.669, 'eval_steps_per_second': 2.335, 'epoch': 3.0}
11/10/2023 03:35:20 - DEBUG - helper.classes -   ----------- Starting epoch 4.0 -----------
{'loss': 1.1117, 'learning_rate': 7.357118115691029e-06, 'epoch': 3.12}
{'loss': 1.0086, 'learning_rate': 2.1614132317284377e-06, 'epoch': 3.74}
11/10/2023 03:56:39 - DEBUG - helper.classes -   Epoch 4.0 completed, Duration: 0:21:19 Mem usage: CPU mem usage: 9.75G.  Cuda 0: memory acclocated: 18 G.
11/10/2023 03:58:28 - DEBUG - fsspec.local -   open file: /home/lunt1/.cache/huggingface/metrics/precision/default/default_experiment-1-0.arrow
11/10/2023 03:58:28 - DEBUG - fsspec.local -   open file: /home/lunt1/.cache/huggingface/metrics/recall/default/default_experiment-1-0.arrow
11/10/2023 03:58:28 - DEBUG - fsspec.local -   open file: /home/lunt1/.cache/huggingface/metrics/f1/default/default_experiment-1-0.arrow
11/10/2023 03:58:28 - DEBUG - fsspec.local -   open file: /home/lunt1/.cache/huggingface/metrics/spearmanr/default/default_experiment-1-0.arrow
11/10/2023 03:58:28 - DEBUG - fsspec.local -   open file: /home/lunt1/.cache/huggingface/metrics/precision/default/default_experiment-1-0.arrow
11/10/2023 03:58:28 - DEBUG - fsspec.local -   open file: /home/lunt1/.cache/huggingface/metrics/recall/default/default_experiment-1-0.arrow
11/10/2023 03:58:28 - DEBUG - fsspec.local -   open file: /home/lunt1/.cache/huggingface/metrics/f1/default/default_experiment-1-0.arrow
{'eval_loss': 1.4750572443008423, 'eval_precision': 0.3481139203593045, 'eval_recall': 0.35198000361339343, 'eval_f1': 0.340459562485191, 'eval_spearmanr': 0.7858475106930551, 'eval_precision_weighted': 0.46830432189241566, 'eval_recall_weighted': 0.484251968503937, 'eval_f1_weighted': 0.46148689584030317, 'eval_runtime': 108.2677, 'eval_samples_per_second': 4.692, 'eval_steps_per_second': 2.346, 'epoch': 4.0}
{'train_runtime': 5600.8795, 'train_samples_per_second': 1.146, 'train_steps_per_second': 0.573, 'train_loss': 1.2122523957059865, 'epoch': 4.0}
11/10/2023 03:58:37 - INFO - __main__ -   Training completed. Duration: 1:33:20
11/10/2023 04:00:25 - DEBUG - fsspec.local -   open file: /home/lunt1/.cache/huggingface/metrics/precision/default/default_experiment-1-0.arrow
11/10/2023 04:00:25 - DEBUG - fsspec.local -   open file: /home/lunt1/.cache/huggingface/metrics/recall/default/default_experiment-1-0.arrow
11/10/2023 04:00:25 - DEBUG - fsspec.local -   open file: /home/lunt1/.cache/huggingface/metrics/f1/default/default_experiment-1-0.arrow
11/10/2023 04:00:25 - DEBUG - fsspec.local -   open file: /home/lunt1/.cache/huggingface/metrics/spearmanr/default/default_experiment-1-0.arrow
11/10/2023 04:00:25 - DEBUG - fsspec.local -   open file: /home/lunt1/.cache/huggingface/metrics/precision/default/default_experiment-1-0.arrow
11/10/2023 04:00:25 - DEBUG - fsspec.local -   open file: /home/lunt1/.cache/huggingface/metrics/recall/default/default_experiment-1-0.arrow
11/10/2023 04:00:25 - DEBUG - fsspec.local -   open file: /home/lunt1/.cache/huggingface/metrics/f1/default/default_experiment-1-0.arrow
11/10/2023 04:00:25 - DEBUG - fsspec.local -   open file: /home/lunt1/.cache/huggingface/metrics/precision/default/default_experiment-1-0.arrow
11/10/2023 04:00:25 - DEBUG - fsspec.local -   open file: /home/lunt1/.cache/huggingface/metrics/recall/default/default_experiment-1-0.arrow
11/10/2023 04:00:25 - DEBUG - fsspec.local -   open file: /home/lunt1/.cache/huggingface/metrics/f1/default/default_experiment-1-0.arrow
11/10/2023 04:00:25 - DEBUG - fsspec.local -   open file: /home/lunt1/.cache/huggingface/metrics/spearmanr/default/default_experiment-1-0.arrow
11/10/2023 04:00:25 - DEBUG - fsspec.local -   open file: /home/lunt1/.cache/huggingface/metrics/precision/default/default_experiment-1-0.arrow
11/10/2023 04:00:25 - DEBUG - fsspec.local -   open file: /home/lunt1/.cache/huggingface/metrics/recall/default/default_experiment-1-0.arrow
11/10/2023 04:00:25 - DEBUG - fsspec.local -   open file: /home/lunt1/.cache/huggingface/metrics/f1/default/default_experiment-1-0.arrow
11/10/2023 04:00:25 - DEBUG - __main__ -   label: 4
11/10/2023 04:00:25 - DEBUG - __main__ -   pred: 5
11/10/2023 04:00:25 - DEBUG - __main__ -   label: 5
11/10/2023 04:00:25 - DEBUG - __main__ -   pred: 5
11/10/2023 04:00:25 - DEBUG - __main__ -   label: 3
11/10/2023 04:00:25 - DEBUG - __main__ -   pred: 4
11/10/2023 04:00:25 - DEBUG - __main__ -   label: 6
11/10/2023 04:00:25 - DEBUG - __main__ -   pred: 4
11/10/2023 04:00:25 - DEBUG - __main__ -   label: 3
11/10/2023 04:00:25 - DEBUG - __main__ -   pred: 3
11/10/2023 04:00:25 - DEBUG - __main__ -   label: 3
11/10/2023 04:00:25 - DEBUG - __main__ -   pred: 3
11/10/2023 04:00:25 - DEBUG - __main__ -   label: 2
11/10/2023 04:00:25 - DEBUG - __main__ -   pred: 2
11/10/2023 04:00:25 - DEBUG - __main__ -   label: 4
11/10/2023 04:00:25 - DEBUG - __main__ -   pred: 3
11/10/2023 04:00:25 - DEBUG - __main__ -   label: 4
11/10/2023 04:00:25 - DEBUG - __main__ -   pred: 3
11/10/2023 04:00:25 - DEBUG - __main__ -   label: 4
11/10/2023 04:00:25 - DEBUG - __main__ -   pred: 4
11/10/2023 04:00:25 - DEBUG - __main__ -   label: 2
11/10/2023 04:00:25 - DEBUG - __main__ -   pred: 4
11/10/2023 04:00:25 - DEBUG - __main__ -   label: 5
11/10/2023 04:00:25 - DEBUG - __main__ -   pred: 4
11/10/2023 04:00:25 - DEBUG - __main__ -   label: 4
11/10/2023 04:00:25 - DEBUG - __main__ -   pred: 4
11/10/2023 04:00:25 - DEBUG - __main__ -   label: 3
11/10/2023 04:00:25 - DEBUG - __main__ -   pred: 2
11/10/2023 04:00:25 - DEBUG - __main__ -   label: 5
11/10/2023 04:00:25 - DEBUG - __main__ -   pred: 5
11/10/2023 04:00:25 - DEBUG - __main__ -   label: 5
11/10/2023 04:00:25 - DEBUG - __main__ -   pred: 4
11/10/2023 04:00:25 - DEBUG - __main__ -   label: 5
11/10/2023 04:00:25 - DEBUG - __main__ -   pred: 5
11/10/2023 04:00:25 - DEBUG - __main__ -   label: 6
11/10/2023 04:00:25 - DEBUG - __main__ -   pred: 4
11/10/2023 04:00:25 - DEBUG - __main__ -   label: 3
11/10/2023 04:00:25 - DEBUG - __main__ -   pred: 3
11/10/2023 04:00:25 - DEBUG - __main__ -   label: 3
11/10/2023 04:00:25 - DEBUG - __main__ -   pred: 3
11/10/2023 04:00:25 - DEBUG - __main__ -   label: 5
11/10/2023 04:00:25 - DEBUG - __main__ -   pred: 4
11/10/2023 04:00:25 - DEBUG - __main__ -   label: 2
11/10/2023 04:00:25 - DEBUG - __main__ -   pred: 3
11/10/2023 04:00:25 - DEBUG - __main__ -   label: 1
11/10/2023 04:00:25 - DEBUG - __main__ -   pred: 3
11/10/2023 04:00:25 - DEBUG - __main__ -   label: 3
11/10/2023 04:00:25 - DEBUG - __main__ -   pred: 2
11/10/2023 04:00:25 - DEBUG - __main__ -   label: 4
11/10/2023 04:00:25 - DEBUG - __main__ -   pred: 4
11/10/2023 04:00:25 - DEBUG - __main__ -   label: 5
11/10/2023 04:00:25 - DEBUG - __main__ -   pred: 5
11/10/2023 04:00:25 - DEBUG - __main__ -   label: 5
11/10/2023 04:00:25 - DEBUG - __main__ -   pred: 5
11/10/2023 04:00:25 - DEBUG - __main__ -   label: 3
11/10/2023 04:00:25 - DEBUG - __main__ -   pred: 3
11/10/2023 04:00:25 - DEBUG - __main__ -   label: 4
11/10/2023 04:00:25 - DEBUG - __main__ -   pred: 2
11/10/2023 04:00:25 - DEBUG - __main__ -   label: 4
11/10/2023 04:00:25 - DEBUG - __main__ -   pred: 5
11/10/2023 04:00:25 - DEBUG - __main__ -   label: 4
11/10/2023 04:00:25 - DEBUG - __main__ -   pred: 4
11/10/2023 04:00:25 - DEBUG - __main__ -   label: 4
11/10/2023 04:00:25 - DEBUG - __main__ -   pred: 5
11/10/2023 04:00:25 - DEBUG - __main__ -   label: 4
11/10/2023 04:00:25 - DEBUG - __main__ -   pred: 3
11/10/2023 04:00:25 - DEBUG - __main__ -   label: 5
11/10/2023 04:00:25 - DEBUG - __main__ -   pred: 5
11/10/2023 04:00:25 - DEBUG - __main__ -   label: 2
11/10/2023 04:00:25 - DEBUG - __main__ -   pred: 2
11/10/2023 04:00:25 - DEBUG - __main__ -   label: 4
11/10/2023 04:00:25 - DEBUG - __main__ -   pred: 5
11/10/2023 04:00:25 - DEBUG - __main__ -   label: 6
11/10/2023 04:00:25 - DEBUG - __main__ -   pred: 5
11/10/2023 04:00:25 - DEBUG - __main__ -   label: 5
11/10/2023 04:00:25 - DEBUG - __main__ -   pred: 5
11/10/2023 04:00:25 - DEBUG - __main__ -   label: 2
11/10/2023 04:00:25 - DEBUG - __main__ -   pred: 1
11/10/2023 04:00:25 - DEBUG - __main__ -   label: 4
11/10/2023 04:00:25 - DEBUG - __main__ -   pred: 3
11/10/2023 04:00:25 - DEBUG - __main__ -   label: 3
11/10/2023 04:00:25 - DEBUG - __main__ -   pred: 3
11/10/2023 04:00:25 - DEBUG - __main__ -   label: 4
11/10/2023 04:00:25 - DEBUG - __main__ -   pred: 4
11/10/2023 04:00:25 - DEBUG - __main__ -   label: 3
11/10/2023 04:00:25 - DEBUG - __main__ -   pred: 4
11/10/2023 04:00:25 - DEBUG - __main__ -   label: 3
11/10/2023 04:00:25 - DEBUG - __main__ -   pred: 5
11/10/2023 04:00:25 - DEBUG - __main__ -   label: 5
11/10/2023 04:00:25 - DEBUG - __main__ -   pred: 5
11/10/2023 04:00:25 - DEBUG - __main__ -   label: 4
11/10/2023 04:00:25 - DEBUG - __main__ -   pred: 3
11/10/2023 04:00:25 - DEBUG - __main__ -   label: 5
11/10/2023 04:00:25 - DEBUG - __main__ -   pred: 5
11/10/2023 04:00:25 - DEBUG - __main__ -   label: 5
11/10/2023 04:00:25 - DEBUG - __main__ -   pred: 4
11/10/2023 04:00:25 - DEBUG - __main__ -   label: 4
11/10/2023 04:00:25 - DEBUG - __main__ -   pred: 4
11/10/2023 04:00:25 - DEBUG - __main__ -   label: 5
11/10/2023 04:00:25 - DEBUG - __main__ -   pred: 4
11/10/2023 04:00:25 - DEBUG - __main__ -   label: 6
11/10/2023 04:00:25 - DEBUG - __main__ -   pred: 5
11/10/2023 04:00:25 - DEBUG - __main__ -   label: 3
11/10/2023 04:00:25 - DEBUG - __main__ -   pred: 4
11/10/2023 04:00:25 - DEBUG - __main__ -   label: 2
11/10/2023 04:00:25 - DEBUG - __main__ -   pred: 3
11/10/2023 04:00:25 - DEBUG - __main__ -   label: 3
11/10/2023 04:00:25 - DEBUG - __main__ -   pred: 3
11/10/2023 04:00:25 - DEBUG - __main__ -   label: 4
11/10/2023 04:00:25 - DEBUG - __main__ -   pred: 5
11/10/2023 04:00:25 - DEBUG - __main__ -   label: 3
11/10/2023 04:00:25 - DEBUG - __main__ -   pred: 5
11/10/2023 04:00:25 - DEBUG - __main__ -   label: 4
11/10/2023 04:00:25 - DEBUG - __main__ -   pred: 4
11/10/2023 04:00:25 - DEBUG - __main__ -   label: 2
11/10/2023 04:00:25 - DEBUG - __main__ -   pred: 1
11/10/2023 04:00:25 - DEBUG - __main__ -   label: 1
11/10/2023 04:00:25 - DEBUG - __main__ -   pred: 2
11/10/2023 04:00:25 - DEBUG - __main__ -   label: 1
11/10/2023 04:00:25 - DEBUG - __main__ -   pred: 5
11/10/2023 04:00:25 - DEBUG - __main__ -   label: 2
11/10/2023 04:00:25 - DEBUG - __main__ -   pred: 4
11/10/2023 04:00:25 - DEBUG - __main__ -   label: 2
11/10/2023 04:00:25 - DEBUG - __main__ -   pred: 3
11/10/2023 04:00:25 - DEBUG - __main__ -   label: 4
11/10/2023 04:00:25 - DEBUG - __main__ -   pred: 5
11/10/2023 04:00:25 - DEBUG - __main__ -   label: 3
11/10/2023 04:00:25 - DEBUG - __main__ -   pred: 5
11/10/2023 04:00:25 - DEBUG - __main__ -   label: 4
11/10/2023 04:00:25 - DEBUG - __main__ -   pred: 4
11/10/2023 04:00:25 - DEBUG - __main__ -   label: 3
11/10/2023 04:00:25 - DEBUG - __main__ -   pred: 3
11/10/2023 04:00:25 - DEBUG - __main__ -   label: 5
11/10/2023 04:00:25 - DEBUG - __main__ -   pred: 5
11/10/2023 04:00:25 - DEBUG - __main__ -   label: 4
11/10/2023 04:00:25 - DEBUG - __main__ -   pred: 3
11/10/2023 04:00:25 - DEBUG - __main__ -   label: 2
11/10/2023 04:00:25 - DEBUG - __main__ -   pred: 2
11/10/2023 04:00:25 - DEBUG - __main__ -   label: 2
11/10/2023 04:00:25 - DEBUG - __main__ -   pred: 2
11/10/2023 04:00:25 - DEBUG - __main__ -   label: 5
11/10/2023 04:00:25 - DEBUG - __main__ -   pred: 3
11/10/2023 04:00:25 - DEBUG - __main__ -   label: 2
11/10/2023 04:00:25 - DEBUG - __main__ -   pred: 2
11/10/2023 04:00:25 - DEBUG - __main__ -   label: 1
11/10/2023 04:00:25 - DEBUG - __main__ -   pred: 2
11/10/2023 04:00:25 - DEBUG - __main__ -   label: 1
11/10/2023 04:00:25 - DEBUG - __main__ -   pred: 1
11/10/2023 04:00:25 - DEBUG - __main__ -   label: 3
11/10/2023 04:00:25 - DEBUG - __main__ -   pred: 3
11/10/2023 04:00:25 - DEBUG - __main__ -   label: 3
11/10/2023 04:00:25 - DEBUG - __main__ -   pred: 4
11/10/2023 04:00:25 - DEBUG - __main__ -   label: 3
11/10/2023 04:00:25 - DEBUG - __main__ -   pred: 4
11/10/2023 04:00:25 - DEBUG - __main__ -   label: 3
11/10/2023 04:00:25 - DEBUG - __main__ -   pred: 2
11/10/2023 04:00:25 - DEBUG - __main__ -   label: 2
11/10/2023 04:00:25 - DEBUG - __main__ -   pred: 2
11/10/2023 04:00:25 - DEBUG - __main__ -   label: 2
11/10/2023 04:00:25 - DEBUG - __main__ -   pred: 2
11/10/2023 04:00:25 - DEBUG - __main__ -   label: 1
11/10/2023 04:00:25 - DEBUG - __main__ -   pred: 2
11/10/2023 04:00:25 - DEBUG - __main__ -   label: 2
11/10/2023 04:00:25 - DEBUG - __main__ -   pred: 2
11/10/2023 04:00:25 - DEBUG - __main__ -   label: 1
11/10/2023 04:00:25 - DEBUG - __main__ -   pred: 2
11/10/2023 04:00:25 - DEBUG - __main__ -   label: 2
11/10/2023 04:00:25 - DEBUG - __main__ -   pred: 2
11/10/2023 04:00:25 - DEBUG - __main__ -   label: 2
11/10/2023 04:00:25 - DEBUG - __main__ -   pred: 1
11/10/2023 04:00:25 - DEBUG - __main__ -   label: 1
11/10/2023 04:00:25 - DEBUG - __main__ -   pred: 1
11/10/2023 04:00:25 - DEBUG - __main__ -   label: 2
11/10/2023 04:00:25 - DEBUG - __main__ -   pred: 2
11/10/2023 04:00:25 - DEBUG - __main__ -   label: 1
11/10/2023 04:00:25 - DEBUG - __main__ -   pred: 2
11/10/2023 04:00:25 - DEBUG - __main__ -   label: 1
11/10/2023 04:00:25 - DEBUG - __main__ -   pred: 2
11/10/2023 04:00:25 - DEBUG - __main__ -   label: 2
11/10/2023 04:00:25 - DEBUG - __main__ -   pred: 2
11/10/2023 04:00:25 - DEBUG - __main__ -   label: 2
11/10/2023 04:00:25 - DEBUG - __main__ -   pred: 2
11/10/2023 04:00:25 - DEBUG - __main__ -   label: 2
11/10/2023 04:00:25 - DEBUG - __main__ -   pred: 2
11/10/2023 04:00:25 - DEBUG - __main__ -   label: 2
11/10/2023 04:00:25 - DEBUG - __main__ -   pred: 1
11/10/2023 04:00:25 - DEBUG - __main__ -   label: 2
11/10/2023 04:00:25 - DEBUG - __main__ -   pred: 1
11/10/2023 04:00:25 - DEBUG - __main__ -   label: 1
11/10/2023 04:00:25 - DEBUG - __main__ -   pred: 2
11/10/2023 04:00:25 - DEBUG - __main__ -   label: 2
11/10/2023 04:00:25 - DEBUG - __main__ -   pred: 2
11/10/2023 04:00:25 - DEBUG - __main__ -   label: 1
11/10/2023 04:00:25 - DEBUG - __main__ -   pred: 1
11/10/2023 04:00:25 - DEBUG - __main__ -   label: 1
11/10/2023 04:00:25 - DEBUG - __main__ -   pred: 2
11/10/2023 04:00:25 - DEBUG - __main__ -   label: 2
11/10/2023 04:00:25 - DEBUG - __main__ -   pred: 2
11/10/2023 04:00:25 - DEBUG - __main__ -   label: 2
11/10/2023 04:00:25 - DEBUG - __main__ -   pred: 2
11/10/2023 04:00:25 - DEBUG - __main__ -   label: 2
11/10/2023 04:00:25 - DEBUG - __main__ -   pred: 3
11/10/2023 04:00:25 - DEBUG - __main__ -   label: 6
11/10/2023 04:00:25 - DEBUG - __main__ -   pred: 4
11/10/2023 04:00:25 - DEBUG - __main__ -   label: 3
11/10/2023 04:00:25 - DEBUG - __main__ -   pred: 3
11/10/2023 04:00:25 - DEBUG - __main__ -   label: 5
11/10/2023 04:00:25 - DEBUG - __main__ -   pred: 5
11/10/2023 04:00:25 - DEBUG - __main__ -   label: 5
11/10/2023 04:00:25 - DEBUG - __main__ -   pred: 5
11/10/2023 04:00:25 - DEBUG - __main__ -   label: 5
11/10/2023 04:00:25 - DEBUG - __main__ -   pred: 5
11/10/2023 04:00:25 - DEBUG - __main__ -   label: 4
11/10/2023 04:00:25 - DEBUG - __main__ -   pred: 4
11/10/2023 04:00:25 - DEBUG - __main__ -   label: 6
11/10/2023 04:00:25 - DEBUG - __main__ -   pred: 5
11/10/2023 04:00:25 - DEBUG - __main__ -   label: 4
11/10/2023 04:00:25 - DEBUG - __main__ -   pred: 4
11/10/2023 04:00:25 - DEBUG - __main__ -   label: 4
11/10/2023 04:00:25 - DEBUG - __main__ -   pred: 4
11/10/2023 04:00:25 - DEBUG - __main__ -   label: 2
11/10/2023 04:00:25 - DEBUG - __main__ -   pred: 2
11/10/2023 04:00:25 - DEBUG - __main__ -   label: 1
11/10/2023 04:00:25 - DEBUG - __main__ -   pred: 2
11/10/2023 04:00:25 - DEBUG - __main__ -   label: 2
11/10/2023 04:00:25 - DEBUG - __main__ -   pred: 2
11/10/2023 04:00:25 - DEBUG - __main__ -   label: 1
11/10/2023 04:00:25 - DEBUG - __main__ -   pred: 1
11/10/2023 04:00:25 - DEBUG - __main__ -   label: 2
11/10/2023 04:00:25 - DEBUG - __main__ -   pred: 2
11/10/2023 04:00:25 - DEBUG - __main__ -   label: 1
11/10/2023 04:00:25 - DEBUG - __main__ -   pred: 2
11/10/2023 04:00:25 - DEBUG - __main__ -   label: 2
11/10/2023 04:00:25 - DEBUG - __main__ -   pred: 2
11/10/2023 04:00:25 - DEBUG - __main__ -   label: 2
11/10/2023 04:00:25 - DEBUG - __main__ -   pred: 2
11/10/2023 04:00:25 - DEBUG - __main__ -   label: 1
11/10/2023 04:00:25 - DEBUG - __main__ -   pred: 2
11/10/2023 04:00:25 - DEBUG - __main__ -   label: 1
11/10/2023 04:00:25 - DEBUG - __main__ -   pred: 1
11/10/2023 04:00:25 - DEBUG - __main__ -   label: 2
11/10/2023 04:00:25 - DEBUG - __main__ -   pred: 2
11/10/2023 04:00:25 - DEBUG - __main__ -   label: 1
11/10/2023 04:00:25 - DEBUG - __main__ -   pred: 2
11/10/2023 04:00:25 - DEBUG - __main__ -   label: 5
11/10/2023 04:00:25 - DEBUG - __main__ -   pred: 5
11/10/2023 04:00:25 - DEBUG - __main__ -   label: 1
11/10/2023 04:00:25 - DEBUG - __main__ -   pred: 2
11/10/2023 04:00:25 - DEBUG - __main__ -   label: 2
11/10/2023 04:00:25 - DEBUG - __main__ -   pred: 2
11/10/2023 04:00:25 - DEBUG - __main__ -   label: 4
11/10/2023 04:00:25 - DEBUG - __main__ -   pred: 3
11/10/2023 04:00:25 - DEBUG - __main__ -   label: 4
11/10/2023 04:00:25 - DEBUG - __main__ -   pred: 3
11/10/2023 04:00:25 - DEBUG - __main__ -   label: 2
11/10/2023 04:00:25 - DEBUG - __main__ -   pred: 2
11/10/2023 04:00:25 - DEBUG - __main__ -   label: 2
11/10/2023 04:00:25 - DEBUG - __main__ -   pred: 2
11/10/2023 04:00:25 - DEBUG - __main__ -   label: 3
11/10/2023 04:00:25 - DEBUG - __main__ -   pred: 2
11/10/2023 04:00:25 - DEBUG - __main__ -   label: 3
11/10/2023 04:00:25 - DEBUG - __main__ -   pred: 3
11/10/2023 04:00:25 - DEBUG - __main__ -   label: 3
11/10/2023 04:00:25 - DEBUG - __main__ -   pred: 3
11/10/2023 04:00:25 - DEBUG - __main__ -   label: 5
11/10/2023 04:00:25 - DEBUG - __main__ -   pred: 5
11/10/2023 04:00:25 - DEBUG - __main__ -   label: 5
11/10/2023 04:00:25 - DEBUG - __main__ -   pred: 5
11/10/2023 04:00:25 - DEBUG - __main__ -   label: 4
11/10/2023 04:00:25 - DEBUG - __main__ -   pred: 4
11/10/2023 04:00:25 - DEBUG - __main__ -   label: 5
11/10/2023 04:00:25 - DEBUG - __main__ -   pred: 5
11/10/2023 04:00:25 - DEBUG - __main__ -   label: 4
11/10/2023 04:00:25 - DEBUG - __main__ -   pred: 4
11/10/2023 04:00:25 - DEBUG - __main__ -   label: 6
11/10/2023 04:00:25 - DEBUG - __main__ -   pred: 4
11/10/2023 04:00:25 - DEBUG - __main__ -   label: 5
11/10/2023 04:00:25 - DEBUG - __main__ -   pred: 4
11/10/2023 04:00:25 - DEBUG - __main__ -   label: 3
11/10/2023 04:00:25 - DEBUG - __main__ -   pred: 4
11/10/2023 04:00:25 - DEBUG - __main__ -   label: 4
11/10/2023 04:00:25 - DEBUG - __main__ -   pred: 4
11/10/2023 04:00:25 - DEBUG - __main__ -   label: 5
11/10/2023 04:00:25 - DEBUG - __main__ -   pred: 4
11/10/2023 04:00:25 - DEBUG - __main__ -   label: 5
11/10/2023 04:00:25 - DEBUG - __main__ -   pred: 4
11/10/2023 04:00:25 - DEBUG - __main__ -   label: 1
11/10/2023 04:00:25 - DEBUG - __main__ -   pred: 1
11/10/2023 04:00:25 - DEBUG - __main__ -   label: 3
11/10/2023 04:00:25 - DEBUG - __main__ -   pred: 2
11/10/2023 04:00:25 - DEBUG - __main__ -   label: 3
11/10/2023 04:00:25 - DEBUG - __main__ -   pred: 3
11/10/2023 04:00:25 - DEBUG - __main__ -   label: 4
11/10/2023 04:00:25 - DEBUG - __main__ -   pred: 4
11/10/2023 04:00:25 - DEBUG - __main__ -   label: 2
11/10/2023 04:00:25 - DEBUG - __main__ -   pred: 3
11/10/2023 04:00:25 - DEBUG - __main__ -   label: 2
11/10/2023 04:00:25 - DEBUG - __main__ -   pred: 2
11/10/2023 04:00:25 - DEBUG - __main__ -   label: 0
11/10/2023 04:00:25 - DEBUG - __main__ -   pred: 2
11/10/2023 04:00:25 - DEBUG - __main__ -   label: 4
11/10/2023 04:00:25 - DEBUG - __main__ -   pred: 3
11/10/2023 04:00:25 - DEBUG - __main__ -   label: 3
11/10/2023 04:00:25 - DEBUG - __main__ -   pred: 3
11/10/2023 04:00:25 - DEBUG - __main__ -   label: 4
11/10/2023 04:00:25 - DEBUG - __main__ -   pred: 2
11/10/2023 04:00:25 - DEBUG - __main__ -   label: 2
11/10/2023 04:00:25 - DEBUG - __main__ -   pred: 2
11/10/2023 04:00:25 - DEBUG - __main__ -   label: 2
11/10/2023 04:00:25 - DEBUG - __main__ -   pred: 2
11/10/2023 04:00:25 - DEBUG - __main__ -   label: 2
11/10/2023 04:00:25 - DEBUG - __main__ -   pred: 2
11/10/2023 04:00:25 - DEBUG - __main__ -   label: 3
11/10/2023 04:00:25 - DEBUG - __main__ -   pred: 2
11/10/2023 04:00:25 - DEBUG - __main__ -   label: 2
11/10/2023 04:00:25 - DEBUG - __main__ -   pred: 2
11/10/2023 04:00:25 - DEBUG - __main__ -   label: 1
11/10/2023 04:00:25 - DEBUG - __main__ -   pred: 2
11/10/2023 04:00:25 - DEBUG - __main__ -   label: 1
11/10/2023 04:00:25 - DEBUG - __main__ -   pred: 1
11/10/2023 04:00:25 - DEBUG - __main__ -   label: 2
11/10/2023 04:00:25 - DEBUG - __main__ -   pred: 2
11/10/2023 04:00:25 - DEBUG - __main__ -   label: 1
11/10/2023 04:00:25 - DEBUG - __main__ -   pred: 2
11/10/2023 04:00:25 - DEBUG - __main__ -   label: 2
11/10/2023 04:00:25 - DEBUG - __main__ -   pred: 2
11/10/2023 04:00:25 - DEBUG - __main__ -   label: 1
11/10/2023 04:00:25 - DEBUG - __main__ -   pred: 2
11/10/2023 04:00:25 - DEBUG - __main__ -   label: 1
11/10/2023 04:00:25 - DEBUG - __main__ -   pred: 2
11/10/2023 04:00:25 - DEBUG - __main__ -   label: 1
11/10/2023 04:00:25 - DEBUG - __main__ -   pred: 1
11/10/2023 04:00:25 - DEBUG - __main__ -   label: 3
11/10/2023 04:00:25 - DEBUG - __main__ -   pred: 2
11/10/2023 04:00:25 - DEBUG - __main__ -   label: 3
11/10/2023 04:00:25 - DEBUG - __main__ -   pred: 2
11/10/2023 04:00:25 - DEBUG - __main__ -   label: 3
11/10/2023 04:00:25 - DEBUG - __main__ -   pred: 2
11/10/2023 04:00:25 - DEBUG - __main__ -   label: 5
11/10/2023 04:00:25 - DEBUG - __main__ -   pred: 4
11/10/2023 04:00:25 - DEBUG - __main__ -   label: 5
11/10/2023 04:00:25 - DEBUG - __main__ -   pred: 5
11/10/2023 04:00:25 - DEBUG - __main__ -   label: 4
11/10/2023 04:00:25 - DEBUG - __main__ -   pred: 3
11/10/2023 04:00:25 - DEBUG - __main__ -   label: 3
11/10/2023 04:00:25 - DEBUG - __main__ -   pred: 4
11/10/2023 04:00:25 - DEBUG - __main__ -   label: 5
11/10/2023 04:00:25 - DEBUG - __main__ -   pred: 4
11/10/2023 04:00:25 - DEBUG - __main__ -   label: 6
11/10/2023 04:00:25 - DEBUG - __main__ -   pred: 5
11/10/2023 04:00:25 - DEBUG - __main__ -   label: 3
11/10/2023 04:00:25 - DEBUG - __main__ -   pred: 3
11/10/2023 04:00:25 - DEBUG - __main__ -   label: 4
11/10/2023 04:00:25 - DEBUG - __main__ -   pred: 3
11/10/2023 04:00:25 - DEBUG - __main__ -   label: 6
11/10/2023 04:00:25 - DEBUG - __main__ -   pred: 5
11/10/2023 04:00:25 - DEBUG - __main__ -   label: 3
11/10/2023 04:00:25 - DEBUG - __main__ -   pred: 3
11/10/2023 04:00:25 - DEBUG - __main__ -   label: 5
11/10/2023 04:00:25 - DEBUG - __main__ -   pred: 3
11/10/2023 04:00:25 - DEBUG - __main__ -   label: 5
11/10/2023 04:00:25 - DEBUG - __main__ -   pred: 3
11/10/2023 04:00:25 - DEBUG - __main__ -   label: 3
11/10/2023 04:00:25 - DEBUG - __main__ -   pred: 3
11/10/2023 04:00:25 - DEBUG - __main__ -   label: 3
11/10/2023 04:00:25 - DEBUG - __main__ -   pred: 3
11/10/2023 04:00:25 - DEBUG - __main__ -   label: 5
11/10/2023 04:00:25 - DEBUG - __main__ -   pred: 4
11/10/2023 04:00:25 - DEBUG - __main__ -   label: 3
11/10/2023 04:00:25 - DEBUG - __main__ -   pred: 2
11/10/2023 04:00:25 - DEBUG - __main__ -   label: 2
11/10/2023 04:00:25 - DEBUG - __main__ -   pred: 2
11/10/2023 04:00:25 - DEBUG - __main__ -   label: 2
11/10/2023 04:00:25 - DEBUG - __main__ -   pred: 2
11/10/2023 04:00:25 - DEBUG - __main__ -   label: 4
11/10/2023 04:00:25 - DEBUG - __main__ -   pred: 2
11/10/2023 04:00:25 - DEBUG - __main__ -   label: 2
11/10/2023 04:00:25 - DEBUG - __main__ -   pred: 2
11/10/2023 04:00:25 - DEBUG - __main__ -   label: 4
11/10/2023 04:00:25 - DEBUG - __main__ -   pred: 3
11/10/2023 04:00:25 - DEBUG - __main__ -   label: 2
11/10/2023 04:00:25 - DEBUG - __main__ -   pred: 1
11/10/2023 04:00:25 - DEBUG - __main__ -   label: 3
11/10/2023 04:00:25 - DEBUG - __main__ -   pred: 2
11/10/2023 04:00:25 - DEBUG - __main__ -   label: 3
11/10/2023 04:00:25 - DEBUG - __main__ -   pred: 2
11/10/2023 04:00:25 - DEBUG - __main__ -   label: 3
11/10/2023 04:00:25 - DEBUG - __main__ -   pred: 2
11/10/2023 04:00:25 - DEBUG - __main__ -   label: 3
11/10/2023 04:00:25 - DEBUG - __main__ -   pred: 1
11/10/2023 04:00:25 - DEBUG - __main__ -   label: 3
11/10/2023 04:00:25 - DEBUG - __main__ -   pred: 1
11/10/2023 04:00:25 - DEBUG - __main__ -   label: 3
11/10/2023 04:00:25 - DEBUG - __main__ -   pred: 2
11/10/2023 04:00:25 - DEBUG - __main__ -   label: 2
11/10/2023 04:00:25 - DEBUG - __main__ -   pred: 2
11/10/2023 04:00:25 - DEBUG - __main__ -   label: 4
11/10/2023 04:00:25 - DEBUG - __main__ -   pred: 2
11/10/2023 04:00:25 - DEBUG - __main__ -   label: 3
11/10/2023 04:00:25 - DEBUG - __main__ -   pred: 1
11/10/2023 04:00:25 - DEBUG - __main__ -   label: 2
11/10/2023 04:00:25 - DEBUG - __main__ -   pred: 1
11/10/2023 04:00:25 - DEBUG - __main__ -   label: 3
11/10/2023 04:00:25 - DEBUG - __main__ -   pred: 2
11/10/2023 04:00:25 - DEBUG - __main__ -   label: 3
11/10/2023 04:00:25 - DEBUG - __main__ -   pred: 2
11/10/2023 04:00:25 - DEBUG - __main__ -   label: 4
11/10/2023 04:00:25 - DEBUG - __main__ -   pred: 2
11/10/2023 04:00:25 - DEBUG - __main__ -   label: 4
11/10/2023 04:00:25 - DEBUG - __main__ -   pred: 2
11/10/2023 04:00:25 - DEBUG - __main__ -   label: 3
11/10/2023 04:00:25 - DEBUG - __main__ -   pred: 1
11/10/2023 04:00:25 - DEBUG - __main__ -   label: 1
11/10/2023 04:00:25 - DEBUG - __main__ -   pred: 1
11/10/2023 04:00:25 - DEBUG - __main__ -   label: 3
11/10/2023 04:00:25 - DEBUG - __main__ -   pred: 2
11/10/2023 04:00:25 - DEBUG - __main__ -   label: 3
11/10/2023 04:00:25 - DEBUG - __main__ -   pred: 2
11/10/2023 04:00:25 - DEBUG - __main__ -   label: 2
11/10/2023 04:00:25 - DEBUG - __main__ -   pred: 2
11/10/2023 04:00:25 - DEBUG - __main__ -   label: 4
11/10/2023 04:00:25 - DEBUG - __main__ -   pred: 4
11/10/2023 04:00:25 - DEBUG - __main__ -   label: 4
11/10/2023 04:00:25 - DEBUG - __main__ -   pred: 5
11/10/2023 04:00:25 - DEBUG - __main__ -   label: 5
11/10/2023 04:00:25 - DEBUG - __main__ -   pred: 2
11/10/2023 04:00:25 - DEBUG - __main__ -   label: 4
11/10/2023 04:00:25 - DEBUG - __main__ -   pred: 4
11/10/2023 04:00:25 - DEBUG - __main__ -   label: 3
11/10/2023 04:00:25 - DEBUG - __main__ -   pred: 3
11/10/2023 04:00:25 - DEBUG - __main__ -   label: 6
11/10/2023 04:00:25 - DEBUG - __main__ -   pred: 5
11/10/2023 04:00:25 - DEBUG - __main__ -   label: 4
11/10/2023 04:00:25 - DEBUG - __main__ -   pred: 3
11/10/2023 04:00:25 - DEBUG - __main__ -   label: 2
11/10/2023 04:00:25 - DEBUG - __main__ -   pred: 2
11/10/2023 04:00:25 - DEBUG - __main__ -   label: 2
11/10/2023 04:00:25 - DEBUG - __main__ -   pred: 2
11/10/2023 04:00:25 - DEBUG - __main__ -   label: 1
11/10/2023 04:00:25 - DEBUG - __main__ -   pred: 2
11/10/2023 04:00:25 - DEBUG - __main__ -   label: 2
11/10/2023 04:00:25 - DEBUG - __main__ -   pred: 2
11/10/2023 04:00:25 - DEBUG - __main__ -   label: 1
11/10/2023 04:00:25 - DEBUG - __main__ -   pred: 2
11/10/2023 04:00:25 - DEBUG - __main__ -   label: 1
11/10/2023 04:00:25 - DEBUG - __main__ -   pred: 2
11/10/2023 04:00:25 - DEBUG - __main__ -   label: 2
11/10/2023 04:00:25 - DEBUG - __main__ -   pred: 2
11/10/2023 04:00:25 - DEBUG - __main__ -   label: 1
11/10/2023 04:00:25 - DEBUG - __main__ -   pred: 2
11/10/2023 04:00:25 - DEBUG - __main__ -   label: 2
11/10/2023 04:00:25 - DEBUG - __main__ -   pred: 2
11/10/2023 04:00:25 - DEBUG - __main__ -   label: 4
11/10/2023 04:00:25 - DEBUG - __main__ -   pred: 3
11/10/2023 04:00:25 - DEBUG - __main__ -   label: 4
11/10/2023 04:00:25 - DEBUG - __main__ -   pred: 3
11/10/2023 04:00:25 - DEBUG - __main__ -   label: 4
11/10/2023 04:00:25 - DEBUG - __main__ -   pred: 5
11/10/2023 04:00:25 - DEBUG - __main__ -   label: 5
11/10/2023 04:00:25 - DEBUG - __main__ -   pred: 5
11/10/2023 04:00:25 - DEBUG - __main__ -   label: 3
11/10/2023 04:00:25 - DEBUG - __main__ -   pred: 4
11/10/2023 04:00:25 - DEBUG - __main__ -   label: 4
11/10/2023 04:00:25 - DEBUG - __main__ -   pred: 5
11/10/2023 04:00:25 - DEBUG - __main__ -   label: 1
11/10/2023 04:00:25 - DEBUG - __main__ -   pred: 2
11/10/2023 04:00:25 - DEBUG - __main__ -   label: 6
11/10/2023 04:00:25 - DEBUG - __main__ -   pred: 5
11/10/2023 04:00:25 - DEBUG - __main__ -   label: 3
11/10/2023 04:00:25 - DEBUG - __main__ -   pred: 4
11/10/2023 04:00:25 - DEBUG - __main__ -   label: 4
11/10/2023 04:00:25 - DEBUG - __main__ -   pred: 5
11/10/2023 04:00:25 - DEBUG - __main__ -   label: 5
11/10/2023 04:00:25 - DEBUG - __main__ -   pred: 5
11/10/2023 04:00:25 - DEBUG - __main__ -   label: 4
11/10/2023 04:00:25 - DEBUG - __main__ -   pred: 5
11/10/2023 04:00:25 - DEBUG - __main__ -   label: 4
11/10/2023 04:00:25 - DEBUG - __main__ -   pred: 4
11/10/2023 04:00:25 - DEBUG - __main__ -   label: 6
11/10/2023 04:00:25 - DEBUG - __main__ -   pred: 5
11/10/2023 04:00:25 - DEBUG - __main__ -   label: 3
11/10/2023 04:00:25 - DEBUG - __main__ -   pred: 4
11/10/2023 04:00:25 - DEBUG - __main__ -   label: 5
11/10/2023 04:00:25 - DEBUG - __main__ -   pred: 4
11/10/2023 04:00:25 - DEBUG - __main__ -   label: 5
11/10/2023 04:00:25 - DEBUG - __main__ -   pred: 4
11/10/2023 04:00:25 - DEBUG - __main__ -   label: 3
11/10/2023 04:00:25 - DEBUG - __main__ -   pred: 4
11/10/2023 04:00:25 - DEBUG - __main__ -   label: 5
11/10/2023 04:00:25 - DEBUG - __main__ -   pred: 4
11/10/2023 04:00:25 - DEBUG - __main__ -   label: 5
11/10/2023 04:00:25 - DEBUG - __main__ -   pred: 5
11/10/2023 04:00:25 - DEBUG - __main__ -   label: 3
11/10/2023 04:00:25 - DEBUG - __main__ -   pred: 3
11/10/2023 04:00:25 - DEBUG - __main__ -   label: 4
11/10/2023 04:00:25 - DEBUG - __main__ -   pred: 3
11/10/2023 04:00:25 - DEBUG - __main__ -   label: 4
11/10/2023 04:00:25 - DEBUG - __main__ -   pred: 3
11/10/2023 04:00:25 - DEBUG - __main__ -   label: 4
11/10/2023 04:00:25 - DEBUG - __main__ -   pred: 4
11/10/2023 04:00:25 - DEBUG - __main__ -   label: 5
11/10/2023 04:00:25 - DEBUG - __main__ -   pred: 4
11/10/2023 04:00:25 - DEBUG - __main__ -   label: 3
11/10/2023 04:00:25 - DEBUG - __main__ -   pred: 3
11/10/2023 04:00:25 - DEBUG - __main__ -   label: 4
11/10/2023 04:00:25 - DEBUG - __main__ -   pred: 4
11/10/2023 04:00:25 - DEBUG - __main__ -   label: 5
11/10/2023 04:00:25 - DEBUG - __main__ -   pred: 4
11/10/2023 04:00:25 - DEBUG - __main__ -   label: 4
11/10/2023 04:00:25 - DEBUG - __main__ -   pred: 4
11/10/2023 04:00:25 - DEBUG - __main__ -   label: 5
11/10/2023 04:00:25 - DEBUG - __main__ -   pred: 5
11/10/2023 04:00:25 - DEBUG - __main__ -   label: 4
11/10/2023 04:00:25 - DEBUG - __main__ -   pred: 4
11/10/2023 04:00:25 - DEBUG - __main__ -   label: 4
11/10/2023 04:00:25 - DEBUG - __main__ -   pred: 3
11/10/2023 04:00:25 - DEBUG - __main__ -   label: 5
11/10/2023 04:00:25 - DEBUG - __main__ -   pred: 4
11/10/2023 04:00:25 - DEBUG - __main__ -   label: 5
11/10/2023 04:00:25 - DEBUG - __main__ -   pred: 4
11/10/2023 04:00:25 - DEBUG - __main__ -   label: 4
11/10/2023 04:00:25 - DEBUG - __main__ -   pred: 4
11/10/2023 04:00:25 - DEBUG - __main__ -   label: 5
11/10/2023 04:00:25 - DEBUG - __main__ -   pred: 5
11/10/2023 04:00:25 - DEBUG - __main__ -   label: 2
11/10/2023 04:00:25 - DEBUG - __main__ -   pred: 2
11/10/2023 04:00:25 - DEBUG - __main__ -   label: 3
11/10/2023 04:00:25 - DEBUG - __main__ -   pred: 1
11/10/2023 04:00:25 - DEBUG - __main__ -   label: 2
11/10/2023 04:00:25 - DEBUG - __main__ -   pred: 2
11/10/2023 04:00:25 - DEBUG - __main__ -   label: 3
11/10/2023 04:00:25 - DEBUG - __main__ -   pred: 2
11/10/2023 04:00:25 - DEBUG - __main__ -   label: 1
11/10/2023 04:00:25 - DEBUG - __main__ -   pred: 1
11/10/2023 04:00:25 - DEBUG - __main__ -   label: 2
11/10/2023 04:00:25 - DEBUG - __main__ -   pred: 1
11/10/2023 04:00:25 - DEBUG - __main__ -   label: 3
11/10/2023 04:00:25 - DEBUG - __main__ -   pred: 1
11/10/2023 04:00:25 - DEBUG - __main__ -   label: 3
11/10/2023 04:00:25 - DEBUG - __main__ -   pred: 2
11/10/2023 04:00:25 - DEBUG - __main__ -   label: 3
11/10/2023 04:00:25 - DEBUG - __main__ -   pred: 2
11/10/2023 04:00:25 - DEBUG - __main__ -   label: 2
11/10/2023 04:00:25 - DEBUG - __main__ -   pred: 2
11/10/2023 04:00:25 - DEBUG - __main__ -   label: 3
11/10/2023 04:00:25 - DEBUG - __main__ -   pred: 2
11/10/2023 04:00:25 - DEBUG - __main__ -   label: 4
11/10/2023 04:00:25 - DEBUG - __main__ -   pred: 4
11/10/2023 04:00:25 - DEBUG - __main__ -   label: 4
11/10/2023 04:00:25 - DEBUG - __main__ -   pred: 4
11/10/2023 04:00:25 - DEBUG - __main__ -   label: 3
11/10/2023 04:00:25 - DEBUG - __main__ -   pred: 5
11/10/2023 04:00:25 - DEBUG - __main__ -   label: 3
11/10/2023 04:00:25 - DEBUG - __main__ -   pred: 4
11/10/2023 04:00:25 - DEBUG - __main__ -   label: 1
11/10/2023 04:00:25 - DEBUG - __main__ -   pred: 2
11/10/2023 04:00:25 - DEBUG - __main__ -   label: 1
11/10/2023 04:00:25 - DEBUG - __main__ -   pred: 2
11/10/2023 04:00:25 - DEBUG - __main__ -   label: 1
11/10/2023 04:00:25 - DEBUG - __main__ -   pred: 1
11/10/2023 04:00:25 - DEBUG - __main__ -   label: 1
11/10/2023 04:00:25 - DEBUG - __main__ -   pred: 2
11/10/2023 04:00:25 - DEBUG - __main__ -   label: 1
11/10/2023 04:00:25 - DEBUG - __main__ -   pred: 1
11/10/2023 04:00:25 - DEBUG - __main__ -   label: 1
11/10/2023 04:00:25 - DEBUG - __main__ -   pred: 1
11/10/2023 04:00:25 - DEBUG - __main__ -   label: 1
11/10/2023 04:00:25 - DEBUG - __main__ -   pred: 2
11/10/2023 04:00:25 - DEBUG - __main__ -   label: 1
11/10/2023 04:00:25 - DEBUG - __main__ -   pred: 1
11/10/2023 04:00:25 - DEBUG - __main__ -   label: 1
11/10/2023 04:00:25 - DEBUG - __main__ -   pred: 1
11/10/2023 04:00:25 - DEBUG - __main__ -   label: 1
11/10/2023 04:00:25 - DEBUG - __main__ -   pred: 2
11/10/2023 04:00:25 - DEBUG - __main__ -   label: 2
11/10/2023 04:00:25 - DEBUG - __main__ -   pred: 2
11/10/2023 04:00:25 - DEBUG - __main__ -   label: 2
11/10/2023 04:00:25 - DEBUG - __main__ -   pred: 1
11/10/2023 04:00:25 - DEBUG - __main__ -   label: 2
11/10/2023 04:00:25 - DEBUG - __main__ -   pred: 2
11/10/2023 04:00:25 - DEBUG - __main__ -   label: 4
11/10/2023 04:00:25 - DEBUG - __main__ -   pred: 5
11/10/2023 04:00:25 - DEBUG - __main__ -   label: 4
11/10/2023 04:00:25 - DEBUG - __main__ -   pred: 4
11/10/2023 04:00:25 - DEBUG - __main__ -   label: 3
11/10/2023 04:00:25 - DEBUG - __main__ -   pred: 5
11/10/2023 04:00:25 - DEBUG - __main__ -   label: 4
11/10/2023 04:00:25 - DEBUG - __main__ -   pred: 5
11/10/2023 04:00:25 - DEBUG - __main__ -   label: 4
11/10/2023 04:00:25 - DEBUG - __main__ -   pred: 4
11/10/2023 04:00:25 - DEBUG - __main__ -   label: 2
11/10/2023 04:00:25 - DEBUG - __main__ -   pred: 2
11/10/2023 04:00:25 - DEBUG - __main__ -   label: 2
11/10/2023 04:00:25 - DEBUG - __main__ -   pred: 2
11/10/2023 04:00:25 - DEBUG - __main__ -   label: 1
11/10/2023 04:00:25 - DEBUG - __main__ -   pred: 1
11/10/2023 04:00:25 - DEBUG - __main__ -   label: 1
11/10/2023 04:00:25 - DEBUG - __main__ -   pred: 2
11/10/2023 04:00:25 - DEBUG - __main__ -   label: 2
11/10/2023 04:00:25 - DEBUG - __main__ -   pred: 2
11/10/2023 04:00:25 - DEBUG - __main__ -   label: 1
11/10/2023 04:00:25 - DEBUG - __main__ -   pred: 2
11/10/2023 04:00:25 - DEBUG - __main__ -   label: 2
11/10/2023 04:00:25 - DEBUG - __main__ -   pred: 2
11/10/2023 04:00:25 - DEBUG - __main__ -   label: 1
11/10/2023 04:00:25 - DEBUG - __main__ -   pred: 2
11/10/2023 04:00:25 - DEBUG - __main__ -   label: 2
11/10/2023 04:00:25 - DEBUG - __main__ -   pred: 2
11/10/2023 04:00:25 - DEBUG - __main__ -   label: 1
11/10/2023 04:00:25 - DEBUG - __main__ -   pred: 2
11/10/2023 04:00:25 - DEBUG - __main__ -   label: 1
11/10/2023 04:00:25 - DEBUG - __main__ -   pred: 2
11/10/2023 04:00:25 - DEBUG - __main__ -   label: 2
11/10/2023 04:00:25 - DEBUG - __main__ -   pred: 2
11/10/2023 04:00:25 - DEBUG - __main__ -   label: 3
11/10/2023 04:00:25 - DEBUG - __main__ -   pred: 2
11/10/2023 04:00:25 - DEBUG - __main__ -   label: 1
11/10/2023 04:00:25 - DEBUG - __main__ -   pred: 2
11/10/2023 04:00:25 - DEBUG - __main__ -   label: 2
11/10/2023 04:00:25 - DEBUG - __main__ -   pred: 2
11/10/2023 04:00:25 - DEBUG - __main__ -   label: 2
11/10/2023 04:00:25 - DEBUG - __main__ -   pred: 2
11/10/2023 04:00:25 - DEBUG - __main__ -   label: 1
11/10/2023 04:00:25 - DEBUG - __main__ -   pred: 2
11/10/2023 04:00:25 - DEBUG - __main__ -   label: 1
11/10/2023 04:00:25 - DEBUG - __main__ -   pred: 3
11/10/2023 04:00:25 - DEBUG - __main__ -   label: 1
11/10/2023 04:00:25 - DEBUG - __main__ -   pred: 1
11/10/2023 04:00:25 - DEBUG - __main__ -   label: 1
11/10/2023 04:00:25 - DEBUG - __main__ -   pred: 1
11/10/2023 04:00:25 - DEBUG - __main__ -   label: 1
11/10/2023 04:00:25 - DEBUG - __main__ -   pred: 1
11/10/2023 04:00:25 - DEBUG - __main__ -   label: 3
11/10/2023 04:00:25 - DEBUG - __main__ -   pred: 2
11/10/2023 04:00:25 - DEBUG - __main__ -   label: 2
11/10/2023 04:00:25 - DEBUG - __main__ -   pred: 2
11/10/2023 04:00:25 - DEBUG - __main__ -   label: 1
11/10/2023 04:00:25 - DEBUG - __main__ -   pred: 2
11/10/2023 04:00:25 - DEBUG - __main__ -   label: 2
11/10/2023 04:00:25 - DEBUG - __main__ -   pred: 1
11/10/2023 04:00:25 - DEBUG - __main__ -   label: 4
11/10/2023 04:00:25 - DEBUG - __main__ -   pred: 4
11/10/2023 04:00:25 - DEBUG - __main__ -   label: 2
11/10/2023 04:00:25 - DEBUG - __main__ -   pred: 3
11/10/2023 04:00:25 - DEBUG - __main__ -   label: 4
11/10/2023 04:00:25 - DEBUG - __main__ -   pred: 4
11/10/2023 04:00:25 - DEBUG - __main__ -   label: 3
11/10/2023 04:00:25 - DEBUG - __main__ -   pred: 2
11/10/2023 04:00:25 - DEBUG - __main__ -   label: 2
11/10/2023 04:00:25 - DEBUG - __main__ -   pred: 2
11/10/2023 04:00:25 - DEBUG - __main__ -   label: 4
11/10/2023 04:00:25 - DEBUG - __main__ -   pred: 3
11/10/2023 04:00:25 - DEBUG - __main__ -   label: 5
11/10/2023 04:00:25 - DEBUG - __main__ -   pred: 5
11/10/2023 04:00:25 - DEBUG - __main__ -   label: 5
11/10/2023 04:00:25 - DEBUG - __main__ -   pred: 5
11/10/2023 04:00:25 - DEBUG - __main__ -   label: 4
11/10/2023 04:00:25 - DEBUG - __main__ -   pred: 5
11/10/2023 04:00:25 - DEBUG - __main__ -   label: 4
11/10/2023 04:00:25 - DEBUG - __main__ -   pred: 3
11/10/2023 04:00:25 - DEBUG - __main__ -   label: 4
11/10/2023 04:00:25 - DEBUG - __main__ -   pred: 4
11/10/2023 04:00:25 - DEBUG - __main__ -   label: 5
11/10/2023 04:00:25 - DEBUG - __main__ -   pred: 4
11/10/2023 04:00:25 - DEBUG - __main__ -   label: 3
11/10/2023 04:00:25 - DEBUG - __main__ -   pred: 4
11/10/2023 04:00:25 - DEBUG - __main__ -   label: 5
11/10/2023 04:00:25 - DEBUG - __main__ -   pred: 4
11/10/2023 04:00:25 - DEBUG - __main__ -   label: 4
11/10/2023 04:00:25 - DEBUG - __main__ -   pred: 5
11/10/2023 04:00:25 - DEBUG - __main__ -   label: 1
11/10/2023 04:00:25 - DEBUG - __main__ -   pred: 2
11/10/2023 04:00:25 - DEBUG - __main__ -   label: 2
11/10/2023 04:00:25 - DEBUG - __main__ -   pred: 2
11/10/2023 04:00:25 - DEBUG - __main__ -   label: 0
11/10/2023 04:00:25 - DEBUG - __main__ -   pred: 1
11/10/2023 04:00:25 - DEBUG - __main__ -   label: 0
11/10/2023 04:00:25 - DEBUG - __main__ -   pred: 3
11/10/2023 04:00:25 - DEBUG - __main__ -   label: 0
11/10/2023 04:00:25 - DEBUG - __main__ -   pred: 2
11/10/2023 04:00:25 - DEBUG - __main__ -   label: 0
11/10/2023 04:00:25 - DEBUG - __main__ -   pred: 2
11/10/2023 04:00:25 - DEBUG - __main__ -   label: 1
11/10/2023 04:00:25 - DEBUG - __main__ -   pred: 2
11/10/2023 04:00:25 - DEBUG - __main__ -   label: 1
11/10/2023 04:00:25 - DEBUG - __main__ -   pred: 1
11/10/2023 04:00:25 - DEBUG - __main__ -   label: 1
11/10/2023 04:00:25 - DEBUG - __main__ -   pred: 1
11/10/2023 04:00:25 - DEBUG - __main__ -   label: 1
11/10/2023 04:00:25 - DEBUG - __main__ -   pred: 3
11/10/2023 04:00:25 - DEBUG - __main__ -   label: 0
11/10/2023 04:00:25 - DEBUG - __main__ -   pred: 1
11/10/2023 04:00:25 - DEBUG - __main__ -   label: 1
11/10/2023 04:00:25 - DEBUG - __main__ -   pred: 1
11/10/2023 04:00:25 - DEBUG - __main__ -   label: 0
11/10/2023 04:00:25 - DEBUG - __main__ -   pred: 1
11/10/2023 04:00:25 - DEBUG - __main__ -   label: 0
11/10/2023 04:00:25 - DEBUG - __main__ -   pred: 2
11/10/2023 04:00:25 - DEBUG - __main__ -   label: 1
11/10/2023 04:00:25 - DEBUG - __main__ -   pred: 1
11/10/2023 04:00:25 - DEBUG - __main__ -   label: 1
11/10/2023 04:00:25 - DEBUG - __main__ -   pred: 1
11/10/2023 04:00:25 - DEBUG - __main__ -   label: 1
11/10/2023 04:00:25 - DEBUG - __main__ -   pred: 2
11/10/2023 04:00:25 - DEBUG - __main__ -   label: 2
11/10/2023 04:00:25 - DEBUG - __main__ -   pred: 2
11/10/2023 04:00:25 - DEBUG - __main__ -   label: 1
11/10/2023 04:00:25 - DEBUG - __main__ -   pred: 2
11/10/2023 04:00:25 - DEBUG - __main__ -   label: 1
11/10/2023 04:00:25 - DEBUG - __main__ -   pred: 2
11/10/2023 04:00:25 - DEBUG - __main__ -   label: 1
11/10/2023 04:00:25 - DEBUG - __main__ -   pred: 2
11/10/2023 04:00:25 - DEBUG - __main__ -   label: 2
11/10/2023 04:00:25 - DEBUG - __main__ -   pred: 2
11/10/2023 04:00:25 - DEBUG - __main__ -   label: 2
11/10/2023 04:00:25 - DEBUG - __main__ -   pred: 2
11/10/2023 04:00:25 - DEBUG - __main__ -   label: 4
11/10/2023 04:00:25 - DEBUG - __main__ -   pred: 5
11/10/2023 04:00:25 - DEBUG - __main__ -   label: 5
11/10/2023 04:00:25 - DEBUG - __main__ -   pred: 5
11/10/2023 04:00:25 - DEBUG - __main__ -   label: 5
11/10/2023 04:00:25 - DEBUG - __main__ -   pred: 4
11/10/2023 04:00:25 - DEBUG - __main__ -   label: 4
11/10/2023 04:00:25 - DEBUG - __main__ -   pred: 4
11/10/2023 04:00:25 - DEBUG - __main__ -   label: 2
11/10/2023 04:00:25 - DEBUG - __main__ -   pred: 3
11/10/2023 04:00:25 - DEBUG - __main__ -   label: 5
11/10/2023 04:00:25 - DEBUG - __main__ -   pred: 5
11/10/2023 04:00:25 - DEBUG - __main__ -   label: 4
11/10/2023 04:00:25 - DEBUG - __main__ -   pred: 3
11/10/2023 04:00:25 - DEBUG - __main__ -   label: 5
11/10/2023 04:00:25 - DEBUG - __main__ -   pred: 5
11/10/2023 04:00:25 - DEBUG - __main__ -   label: 5
11/10/2023 04:00:25 - DEBUG - __main__ -   pred: 4
11/10/2023 04:00:25 - DEBUG - __main__ -   label: 5
11/10/2023 04:00:25 - DEBUG - __main__ -   pred: 5
11/10/2023 04:00:25 - DEBUG - __main__ -   label: 4
11/10/2023 04:00:25 - DEBUG - __main__ -   pred: 4
11/10/2023 04:00:25 - DEBUG - __main__ -   label: 1
11/10/2023 04:00:25 - DEBUG - __main__ -   pred: 2
11/10/2023 04:00:25 - DEBUG - __main__ -   label: 2
11/10/2023 04:00:25 - DEBUG - __main__ -   pred: 2
11/10/2023 04:00:25 - DEBUG - __main__ -   label: 1
11/10/2023 04:00:25 - DEBUG - __main__ -   pred: 2
11/10/2023 04:00:25 - DEBUG - __main__ -   label: 2
11/10/2023 04:00:25 - DEBUG - __main__ -   pred: 2
11/10/2023 04:00:25 - DEBUG - __main__ -   label: 2
11/10/2023 04:00:25 - DEBUG - __main__ -   pred: 1
11/10/2023 04:00:25 - DEBUG - __main__ -   label: 2
11/10/2023 04:00:25 - DEBUG - __main__ -   pred: 2
11/10/2023 04:00:25 - DEBUG - __main__ -   label: 2
11/10/2023 04:00:25 - DEBUG - __main__ -   pred: 2
11/10/2023 04:00:25 - DEBUG - __main__ -   label: 4
11/10/2023 04:00:25 - DEBUG - __main__ -   pred: 3
11/10/2023 04:00:25 - DEBUG - __main__ -   label: 3
11/10/2023 04:00:25 - DEBUG - __main__ -   pred: 4
11/10/2023 04:00:25 - DEBUG - __main__ -   label: 4
11/10/2023 04:00:25 - DEBUG - __main__ -   pred: 5
11/10/2023 04:00:25 - DEBUG - __main__ -   label: 4
11/10/2023 04:00:25 - DEBUG - __main__ -   pred: 5
11/10/2023 04:00:25 - DEBUG - __main__ -   label: 4
11/10/2023 04:00:25 - DEBUG - __main__ -   pred: 4
11/10/2023 04:00:25 - DEBUG - __main__ -   label: 3
11/10/2023 04:00:25 - DEBUG - __main__ -   pred: 3
11/10/2023 04:00:25 - DEBUG - __main__ -   label: 2
11/10/2023 04:00:25 - DEBUG - __main__ -   pred: 2
11/10/2023 04:00:25 - DEBUG - __main__ -   label: 3
11/10/2023 04:00:25 - DEBUG - __main__ -   pred: 2
11/10/2023 04:00:25 - DEBUG - __main__ -   label: 4
11/10/2023 04:00:25 - DEBUG - __main__ -   pred: 5
11/10/2023 04:00:25 - DEBUG - __main__ -   label: 2
11/10/2023 04:00:25 - DEBUG - __main__ -   pred: 2
11/10/2023 04:00:25 - DEBUG - __main__ -   label: 2
11/10/2023 04:00:25 - DEBUG - __main__ -   pred: 2
11/10/2023 04:00:25 - DEBUG - __main__ -   label: 1
11/10/2023 04:00:25 - DEBUG - __main__ -   pred: 1
11/10/2023 04:00:25 - DEBUG - __main__ -   label: 2
11/10/2023 04:00:25 - DEBUG - __main__ -   pred: 2
11/10/2023 04:00:25 - DEBUG - __main__ -   label: 2
11/10/2023 04:00:25 - DEBUG - __main__ -   pred: 2
11/10/2023 04:00:25 - DEBUG - __main__ -   label: 2
11/10/2023 04:00:25 - DEBUG - __main__ -   pred: 2
11/10/2023 04:00:25 - DEBUG - __main__ -   label: 2
11/10/2023 04:00:25 - DEBUG - __main__ -   pred: 2
11/10/2023 04:00:25 - DEBUG - __main__ -   label: 2
11/10/2023 04:00:25 - DEBUG - __main__ -   pred: 2
11/10/2023 04:00:25 - DEBUG - __main__ -   label: 2
11/10/2023 04:00:25 - DEBUG - __main__ -   pred: 2
11/10/2023 04:00:25 - DEBUG - __main__ -   label: 3
11/10/2023 04:00:25 - DEBUG - __main__ -   pred: 3
11/10/2023 04:00:25 - DEBUG - __main__ -   label: 1
11/10/2023 04:00:25 - DEBUG - __main__ -   pred: 2
11/10/2023 04:00:25 - DEBUG - __main__ -   label: 3
11/10/2023 04:00:25 - DEBUG - __main__ -   pred: 2
11/10/2023 04:00:25 - DEBUG - __main__ -   label: 2
11/10/2023 04:00:25 - DEBUG - __main__ -   pred: 2
11/10/2023 04:00:25 - DEBUG - __main__ -   label: 3
11/10/2023 04:00:25 - DEBUG - __main__ -   pred: 3
11/10/2023 04:00:25 - DEBUG - __main__ -   label: 3
11/10/2023 04:00:25 - DEBUG - __main__ -   pred: 3
11/10/2023 04:00:25 - DEBUG - __main__ -   label: 4
11/10/2023 04:00:25 - DEBUG - __main__ -   pred: 5
11/10/2023 04:00:25 - DEBUG - __main__ -   label: 4
11/10/2023 04:00:25 - DEBUG - __main__ -   pred: 5
11/10/2023 04:00:25 - DEBUG - __main__ -   label: 4
11/10/2023 04:00:25 - DEBUG - __main__ -   pred: 4
11/10/2023 04:00:25 - DEBUG - __main__ -   label: 2
11/10/2023 04:00:25 - DEBUG - __main__ -   pred: 2
11/10/2023 04:00:25 - DEBUG - __main__ -   label: 3
11/10/2023 04:00:25 - DEBUG - __main__ -   pred: 2
11/10/2023 04:00:25 - DEBUG - __main__ -   label: 2
11/10/2023 04:00:25 - DEBUG - __main__ -   pred: 2
11/10/2023 04:00:25 - DEBUG - __main__ -   label: 3
11/10/2023 04:00:25 - DEBUG - __main__ -   pred: 3
11/10/2023 04:00:25 - DEBUG - __main__ -   label: 1
11/10/2023 04:00:25 - DEBUG - __main__ -   pred: 2
11/10/2023 04:00:25 - DEBUG - __main__ -   label: 1
11/10/2023 04:00:25 - DEBUG - __main__ -   pred: 2
11/10/2023 04:00:25 - DEBUG - __main__ -   label: 0
11/10/2023 04:00:25 - DEBUG - __main__ -   pred: 2
11/10/2023 04:00:25 - DEBUG - __main__ -   label: 3
11/10/2023 04:00:25 - DEBUG - __main__ -   pred: 2
11/10/2023 04:00:25 - DEBUG - __main__ -   label: 2
11/10/2023 04:00:25 - DEBUG - __main__ -   pred: 2
11/10/2023 04:00:25 - DEBUG - __main__ -   label: 3
11/10/2023 04:00:25 - DEBUG - __main__ -   pred: 2
11/10/2023 04:00:25 - DEBUG - __main__ -   label: 3
11/10/2023 04:00:25 - DEBUG - __main__ -   pred: 2
11/10/2023 04:00:25 - DEBUG - __main__ -   label: 2
11/10/2023 04:00:25 - DEBUG - __main__ -   pred: 2
11/10/2023 04:00:25 - DEBUG - __main__ -   label: 2
11/10/2023 04:00:25 - DEBUG - __main__ -   pred: 2
11/10/2023 04:00:25 - DEBUG - __main__ -   label: 2
11/10/2023 04:00:25 - DEBUG - __main__ -   pred: 2
11/10/2023 04:00:25 - DEBUG - __main__ -   label: 2
11/10/2023 04:00:25 - DEBUG - __main__ -   pred: 1
11/10/2023 04:00:25 - DEBUG - __main__ -   label: 1
11/10/2023 04:00:25 - DEBUG - __main__ -   pred: 1
11/10/2023 04:00:25 - DEBUG - __main__ -   label: 3
11/10/2023 04:00:25 - DEBUG - __main__ -   pred: 2
11/10/2023 04:00:25 - DEBUG - __main__ -   label: 1
11/10/2023 04:00:25 - DEBUG - __main__ -   pred: 1
11/10/2023 04:00:25 - DEBUG - __main__ -   label: 1
11/10/2023 04:00:25 - DEBUG - __main__ -   pred: 2
11/10/2023 04:00:25 - DEBUG - __main__ -   label: 1
11/10/2023 04:00:25 - DEBUG - __main__ -   pred: 1
11/10/2023 04:00:25 - DEBUG - __main__ -   label: 2
11/10/2023 04:00:25 - DEBUG - __main__ -   pred: 2
11/10/2023 04:00:25 - DEBUG - __main__ -   label: 2
11/10/2023 04:00:25 - DEBUG - __main__ -   pred: 1
11/10/2023 04:00:25 - DEBUG - __main__ -   label: 2
11/10/2023 04:00:25 - DEBUG - __main__ -   pred: 2
11/10/2023 04:00:25 - DEBUG - __main__ -   label: 2
11/10/2023 04:00:25 - DEBUG - __main__ -   pred: 2
11/10/2023 04:00:25 - DEBUG - __main__ -   label: 2
11/10/2023 04:00:25 - DEBUG - __main__ -   pred: 2
11/10/2023 04:00:25 - DEBUG - __main__ -   label: 5
11/10/2023 04:00:25 - DEBUG - __main__ -   pred: 4
11/10/2023 04:00:25 - DEBUG - __main__ -   label: 5
11/10/2023 04:00:25 - DEBUG - __main__ -   pred: 2
11/10/2023 04:00:25 - DEBUG - __main__ -   label: 3
11/10/2023 04:00:25 - DEBUG - __main__ -   pred: 3
11/10/2023 04:00:25 - DEBUG - __main__ -   label: 5
11/10/2023 04:00:25 - DEBUG - __main__ -   pred: 5
11/10/2023 04:00:25 - DEBUG - __main__ -   label: 4
11/10/2023 04:00:25 - DEBUG - __main__ -   pred: 4
11/10/2023 04:00:25 - DEBUG - __main__ -   label: 5
11/10/2023 04:00:25 - DEBUG - __main__ -   pred: 5
11/10/2023 04:00:25 - DEBUG - __main__ -   label: 2
11/10/2023 04:00:25 - DEBUG - __main__ -   pred: 2
11/10/2023 04:00:25 - DEBUG - __main__ -   label: 1
11/10/2023 04:00:25 - DEBUG - __main__ -   pred: 2
11/10/2023 04:00:25 - DEBUG - __main__ -   label: 2
11/10/2023 04:00:25 - DEBUG - __main__ -   pred: 2
11/10/2023 04:00:25 - DEBUG - __main__ -   label: 2
11/10/2023 04:00:25 - DEBUG - __main__ -   pred: 2
11/10/2023 04:00:25 - DEBUG - __main__ -   label: 1
11/10/2023 04:00:25 - DEBUG - __main__ -   pred: 1
11/10/2023 04:00:25 - DEBUG - __main__ -   label: 1
11/10/2023 04:00:25 - DEBUG - __main__ -   pred: 1
11/10/2023 04:00:25 - DEBUG - __main__ -   label: 2
11/10/2023 04:00:25 - DEBUG - __main__ -   pred: 1
11/10/2023 04:00:25 - DEBUG - __main__ -   label: 3
11/10/2023 04:00:25 - DEBUG - __main__ -   pred: 2
11/10/2023 04:00:25 - DEBUG - __main__ -   label: 3
11/10/2023 04:00:25 - DEBUG - __main__ -   pred: 2
11/10/2023 04:00:25 - DEBUG - __main__ -   label: 2
11/10/2023 04:00:25 - DEBUG - __main__ -   pred: 2
11/10/2023 04:00:25 - DEBUG - __main__ -   label: 2
11/10/2023 04:00:25 - DEBUG - __main__ -   pred: 1
11/10/2023 04:00:25 - DEBUG - __main__ -   label: 3
11/10/2023 04:00:25 - DEBUG - __main__ -   pred: 2
11/10/2023 04:00:25 - DEBUG - __main__ -   label: 2
11/10/2023 04:00:25 - DEBUG - __main__ -   pred: 2
11/10/2023 04:00:25 - DEBUG - __main__ -   label: 3
11/10/2023 04:00:25 - DEBUG - __main__ -   pred: 3
11/10/2023 04:00:25 - DEBUG - __main__ -   label: 4
11/10/2023 04:00:25 - DEBUG - __main__ -   pred: 4
11/10/2023 04:00:25 - DEBUG - __main__ -   label: 3
11/10/2023 04:00:25 - DEBUG - __main__ -   pred: 2
11/10/2023 04:00:25 - DEBUG - __main__ -   label: 2
11/10/2023 04:00:25 - DEBUG - __main__ -   pred: 2
11/10/2023 04:00:25 - DEBUG - __main__ -   label: 3
11/10/2023 04:00:25 - DEBUG - __main__ -   pred: 3
11/10/2023 04:00:25 - DEBUG - __main__ -   label: 3
11/10/2023 04:00:25 - DEBUG - __main__ -   pred: 2
11/10/2023 04:00:25 - DEBUG - __main__ -   label: 2
11/10/2023 04:00:25 - DEBUG - __main__ -   pred: 2
11/10/2023 04:00:25 - DEBUG - __main__ -   label: 1
11/10/2023 04:00:25 - DEBUG - __main__ -   pred: 2
11/10/2023 04:00:25 - DEBUG - __main__ -   label: 2
11/10/2023 04:00:25 - DEBUG - __main__ -   pred: 1
11/10/2023 04:00:25 - DEBUG - __main__ -   label: 2
11/10/2023 04:00:25 - DEBUG - __main__ -   pred: 2
11/10/2023 04:00:25 - DEBUG - __main__ -   label: 4
11/10/2023 04:00:25 - DEBUG - __main__ -   pred: 4
11/10/2023 04:00:25 - DEBUG - __main__ -   label: 3
11/10/2023 04:00:25 - DEBUG - __main__ -   pred: 4
11/10/2023 04:00:25 - DEBUG - __main__ -   label: 4
11/10/2023 04:00:25 - DEBUG - __main__ -   pred: 4
11/10/2023 04:00:25 - DEBUG - __main__ -   label: 4
11/10/2023 04:00:25 - DEBUG - __main__ -   pred: 5
11/10/2023 04:00:25 - DEBUG - __main__ -   label: 5
11/10/2023 04:00:25 - DEBUG - __main__ -   pred: 5
11/10/2023 04:00:25 - DEBUG - __main__ -   label: 3
11/10/2023 04:00:25 - DEBUG - __main__ -   pred: 5
11/10/2023 04:00:25 - DEBUG - __main__ -   label: 2
11/10/2023 04:00:25 - DEBUG - __main__ -   pred: 3
11/10/2023 04:00:25 - DEBUG - __main__ -   label: 3
11/10/2023 04:00:25 - DEBUG - __main__ -   pred: 3
11/10/2023 04:00:25 - DEBUG - __main__ -   label: 2
11/10/2023 04:00:25 - DEBUG - __main__ -   pred: 4
11/10/2023 04:00:25 - DEBUG - __main__ -   label: 3
11/10/2023 04:00:25 - DEBUG - __main__ -   pred: 4
11/10/2023 04:00:25 - DEBUG - __main__ -   label: 2
11/10/2023 04:00:25 - DEBUG - __main__ -   pred: 2
11/10/2023 04:00:25 - DEBUG - __main__ -   label: 1
11/10/2023 04:00:25 - DEBUG - __main__ -   pred: 2
11/10/2023 04:00:25 - DEBUG - __main__ -   label: 2
11/10/2023 04:00:25 - DEBUG - __main__ -   pred: 1
11/10/2023 04:00:25 - DEBUG - __main__ -   label: 1
11/10/2023 04:00:25 - DEBUG - __main__ -   pred: 2
11/10/2023 04:00:25 - DEBUG - __main__ -   label: 2
11/10/2023 04:00:25 - DEBUG - __main__ -   pred: 2
11/10/2023 04:00:25 - DEBUG - __main__ -   label: 2
11/10/2023 04:00:25 - DEBUG - __main__ -   pred: 2
11/10/2023 04:00:25 - DEBUG - __main__ -   label: 2
11/10/2023 04:00:25 - DEBUG - __main__ -   pred: 3
11/10/2023 04:00:25 - DEBUG - __main__ -   label: 1
11/10/2023 04:00:25 - DEBUG - __main__ -   pred: 1
11/10/2023 04:00:25 - DEBUG - __main__ -   label: 2
11/10/2023 04:00:25 - DEBUG - __main__ -   pred: 2
11/10/2023 04:00:25 - DEBUG - __main__ -   label: 1
11/10/2023 04:00:25 - DEBUG - __main__ -   pred: 2
11/10/2023 04:00:25 - DEBUG - __main__ -   label: 2
11/10/2023 04:00:25 - DEBUG - __main__ -   pred: 1
11/10/2023 04:00:25 - DEBUG - __main__ -   label: 2
11/10/2023 04:00:25 - DEBUG - __main__ -   pred: 2
11/10/2023 04:00:25 - DEBUG - __main__ -   label: 2
11/10/2023 04:00:25 - DEBUG - __main__ -   pred: 2
11/10/2023 04:00:25 - DEBUG - __main__ -   label: 1
11/10/2023 04:00:25 - DEBUG - __main__ -   pred: 1
11/10/2023 04:00:25 - DEBUG - __main__ -   label: 1
11/10/2023 04:00:25 - DEBUG - __main__ -   pred: 1
11/10/2023 04:00:25 - DEBUG - __main__ -   label: 1
11/10/2023 04:00:25 - DEBUG - __main__ -   pred: 1
11/10/2023 04:00:25 - DEBUG - __main__ -   label: 1
11/10/2023 04:00:25 - DEBUG - __main__ -   pred: 1
11/10/2023 04:00:25 - DEBUG - __main__ -   label: 1
11/10/2023 04:00:25 - DEBUG - __main__ -   pred: 1
11/10/2023 04:00:25 - DEBUG - __main__ -   label: 1
11/10/2023 04:00:25 - DEBUG - __main__ -   pred: 2
11/10/2023 04:00:25 - DEBUG - __main__ -   label: 1
11/10/2023 04:00:25 - DEBUG - __main__ -   pred: 1
11/10/2023 04:00:25 - DEBUG - __main__ -   label: 1
11/10/2023 04:00:25 - DEBUG - __main__ -   pred: 2
11/10/2023 04:00:25 - DEBUG - __main__ -   label: 1
11/10/2023 04:00:25 - DEBUG - __main__ -   pred: 3
11/10/2023 04:00:25 - DEBUG - __main__ -   label: 0
11/10/2023 04:00:25 - DEBUG - __main__ -   pred: 1
11/10/2023 04:00:25 - DEBUG - __main__ -   label: 2
11/10/2023 04:00:25 - DEBUG - __main__ -   pred: 2
11/10/2023 04:00:25 - DEBUG - __main__ -   label: 1
11/10/2023 04:00:25 - DEBUG - __main__ -   pred: 2
11/10/2023 04:00:25 - DEBUG - __main__ -   label: 3
11/10/2023 04:00:25 - DEBUG - __main__ -   pred: 3
11/10/2023 04:00:25 - DEBUG - __main__ -   label: 3
11/10/2023 04:00:25 - DEBUG - __main__ -   pred: 3
11/10/2023 04:00:25 - DEBUG - __main__ -   label: 3
11/10/2023 04:00:25 - DEBUG - __main__ -   pred: 4
11/10/2023 04:00:25 - DEBUG - __main__ -   label: 3
11/10/2023 04:00:25 - DEBUG - __main__ -   pred: 2
11/10/2023 04:00:25 - DEBUG - __main__ -   label: 3
11/10/2023 04:00:25 - DEBUG - __main__ -   pred: 3
11/10/2023 04:00:25 - DEBUG - __main__ -   label: 4
11/10/2023 04:00:25 - DEBUG - __main__ -   pred: 5
11/10/2023 04:00:25 - DEBUG - __main__ -   label: 4
11/10/2023 04:00:25 - DEBUG - __main__ -   pred: 4
11/10/2023 04:00:25 - DEBUG - __main__ -   label: 4
11/10/2023 04:00:25 - DEBUG - __main__ -   pred: 4
11/10/2023 04:00:25 - DEBUG - __main__ -   label: 4
11/10/2023 04:00:25 - DEBUG - __main__ -   pred: 4
11/10/2023 04:00:25 - DEBUG - __main__ -   label: 3
11/10/2023 04:00:25 - DEBUG - __main__ -   pred: 3
11/10/2023 04:00:25 - DEBUG - __main__ -   label: 3
11/10/2023 04:00:25 - DEBUG - __main__ -   pred: 4
11/10/2023 04:00:25 - DEBUG - __main__ -   label: 4
11/10/2023 04:00:25 - DEBUG - __main__ -   pred: 5
11/10/2023 04:00:25 - DEBUG - __main__ -   label: 4
11/10/2023 04:00:25 - DEBUG - __main__ -   pred: 4
11/10/2023 04:00:25 - DEBUG - __main__ -   label: 4
11/10/2023 04:00:25 - DEBUG - __main__ -   pred: 5
11/10/2023 04:00:25 - DEBUG - __main__ -   label: 5
11/10/2023 04:00:25 - DEBUG - __main__ -   pred: 5
11/10/2023 04:00:25 - DEBUG - __main__ -   label: 3
11/10/2023 04:00:25 - DEBUG - __main__ -   pred: 2
