******** Training fold 2 ********
08/15/2023 09:41:44 - DEBUG - __main__ -   Processor loaded. CPU mem usage: 0.38G.  Cuda 0: memory acclocated: 0 G.
08/15/2023 09:41:53 - DEBUG - __main__ -   Model loaded. CPU mem usage: 1.99G.  Cuda 0: memory acclocated: 0 G.
Wav2Vec2ForSequenceClassification(
  (wav2vec2): Wav2Vec2Model(
    (feature_extractor): Wav2Vec2FeatureEncoder(
      (conv_layers): ModuleList(
        (0): Wav2Vec2LayerNormConvLayer(
          (conv): Conv1d(1, 512, kernel_size=(10,), stride=(5,))
          (layer_norm): LayerNorm((512,), eps=1e-05, elementwise_affine=True)
          (activation): GELUActivation()
        )
        (1-4): 4 x Wav2Vec2LayerNormConvLayer(
          (conv): Conv1d(512, 512, kernel_size=(3,), stride=(2,))
          (layer_norm): LayerNorm((512,), eps=1e-05, elementwise_affine=True)
          (activation): GELUActivation()
        )
        (5-6): 2 x Wav2Vec2LayerNormConvLayer(
          (conv): Conv1d(512, 512, kernel_size=(2,), stride=(2,))
          (layer_norm): LayerNorm((512,), eps=1e-05, elementwise_affine=True)
          (activation): GELUActivation()
        )
      )
    )
    (feature_projection): Wav2Vec2FeatureProjection(
      (layer_norm): LayerNorm((512,), eps=1e-05, elementwise_affine=True)
      (projection): Linear(in_features=512, out_features=1024, bias=True)
      (dropout): Dropout(p=0.1, inplace=False)
    )
    (encoder): Wav2Vec2EncoderStableLayerNorm(
      (pos_conv_embed): Wav2Vec2PositionalConvEmbedding(
        (conv): Conv1d(1024, 1024, kernel_size=(128,), stride=(1,), padding=(64,), groups=16)
        (padding): Wav2Vec2SamePadLayer()
        (activation): GELUActivation()
      )
      (layer_norm): LayerNorm((1024,), eps=1e-05, elementwise_affine=True)
      (dropout): Dropout(p=0.1, inplace=False)
      (layers): ModuleList(
        (0-23): 24 x Wav2Vec2EncoderLayerStableLayerNorm(
          (attention): Wav2Vec2Attention(
            (k_proj): Linear(in_features=1024, out_features=1024, bias=True)
            (v_proj): Linear(in_features=1024, out_features=1024, bias=True)
            (q_proj): Linear(in_features=1024, out_features=1024, bias=True)
            (out_proj): Linear(in_features=1024, out_features=1024, bias=True)
          )
          (dropout): Dropout(p=0.1, inplace=False)
          (layer_norm): LayerNorm((1024,), eps=1e-05, elementwise_affine=True)
          (feed_forward): Wav2Vec2FeedForward(
            (intermediate_dropout): Dropout(p=0.0, inplace=False)
            (intermediate_dense): Linear(in_features=1024, out_features=4096, bias=True)
            (intermediate_act_fn): GELUActivation()
            (output_dense): Linear(in_features=4096, out_features=1024, bias=True)
            (output_dropout): Dropout(p=0.1, inplace=False)
          )
          (final_layer_norm): LayerNorm((1024,), eps=1e-05, elementwise_affine=True)
        )
      )
    )
  )
  (projector): Linear(in_features=1024, out_features=256, bias=True)
  (classifier): Linear(in_features=256, out_features=7, bias=True)
)
08/15/2023 09:42:44 - DEBUG - __main__ -   Speech loaded. N_train=1568, N_eval=544. CPU mem usage: 6.11G.  Cuda 0: memory acclocated: 0 G.
08/15/2023 09:43:12 - DEBUG - __main__ -   Feature extracted. Duration: 0:00:27 CPU mem usage: 9.15G.  Cuda 0: memory acclocated: 0 G.
08/15/2023 09:43:12 - DEBUG - urllib3.connectionpool -   Starting new HTTPS connection (1): s3.amazonaws.com:443
08/15/2023 09:43:12 - DEBUG - urllib3.connectionpool -   https://s3.amazonaws.com:443 "HEAD /datasets.huggingface.co/datasets/metrics/evaluate-metric/precision/evaluate-metric/precision.py HTTP/1.1" 404 0
08/15/2023 09:43:12 - DEBUG - urllib3.connectionpool -   Starting new HTTPS connection (1): huggingface.co:443
08/15/2023 09:43:12 - DEBUG - urllib3.connectionpool -   https://huggingface.co:443 "HEAD /spaces/evaluate-metric/precision/resolve/v0.4.0/precision.py HTTP/1.1" 200 0
08/15/2023 09:43:12 - DEBUG - urllib3.connectionpool -   Starting new HTTPS connection (1): s3.amazonaws.com:443
08/15/2023 09:43:13 - DEBUG - urllib3.connectionpool -   https://s3.amazonaws.com:443 "HEAD /datasets.huggingface.co/datasets/metrics/evaluate-metric/recall/evaluate-metric/recall.py HTTP/1.1" 404 0
08/15/2023 09:43:13 - DEBUG - urllib3.connectionpool -   Starting new HTTPS connection (1): huggingface.co:443
08/15/2023 09:43:13 - DEBUG - urllib3.connectionpool -   https://huggingface.co:443 "HEAD /spaces/evaluate-metric/recall/resolve/v0.4.0/recall.py HTTP/1.1" 200 0
08/15/2023 09:43:13 - DEBUG - urllib3.connectionpool -   Starting new HTTPS connection (1): s3.amazonaws.com:443
08/15/2023 09:43:13 - DEBUG - urllib3.connectionpool -   https://s3.amazonaws.com:443 "HEAD /datasets.huggingface.co/datasets/metrics/evaluate-metric/f1/evaluate-metric/f1.py HTTP/1.1" 404 0
08/15/2023 09:43:13 - DEBUG - urllib3.connectionpool -   Starting new HTTPS connection (1): huggingface.co:443
08/15/2023 09:43:14 - DEBUG - urllib3.connectionpool -   https://huggingface.co:443 "HEAD /spaces/evaluate-metric/f1/resolve/v0.4.0/f1.py HTTP/1.1" 200 0
08/15/2023 09:43:14 - DEBUG - urllib3.connectionpool -   Starting new HTTPS connection (1): s3.amazonaws.com:443
08/15/2023 09:43:14 - DEBUG - urllib3.connectionpool -   https://s3.amazonaws.com:443 "HEAD /datasets.huggingface.co/datasets/metrics/evaluate-metric/spearmanr/evaluate-metric/spearmanr.py HTTP/1.1" 404 0
08/15/2023 09:43:14 - DEBUG - urllib3.connectionpool -   Starting new HTTPS connection (1): huggingface.co:443
08/15/2023 09:43:14 - DEBUG - urllib3.connectionpool -   https://huggingface.co:443 "HEAD /spaces/evaluate-metric/spearmanr/resolve/v0.4.0/spearmanr.py HTTP/1.1" 200 0
08/15/2023 09:43:17 - DEBUG - __main__ -   Training starts now. CPU mem usage: 8.56G.  Cuda 0: memory acclocated: 2 G.
08/15/2023 09:43:17 - DEBUG - helper.classes -   ----------- Starting epoch 1 -----------
{'loss': 1.7917, 'learning_rate': 1.913265306122449e-05, 'epoch': 0.64}
08/15/2023 10:03:21 - DEBUG - helper.classes -   Epoch 1.0 completed, Duration: 0:20:04 Mem usage: CPU mem usage: 9.67G.  Cuda 0: memory acclocated: 27 G.
08/15/2023 10:05:26 - DEBUG - fsspec.local -   open file: /home/lunt1/.cache/huggingface/metrics/precision/default/default_experiment-1-0.arrow
08/15/2023 10:05:26 - DEBUG - fsspec.local -   open file: /home/lunt1/.cache/huggingface/metrics/recall/default/default_experiment-1-0.arrow
08/15/2023 10:05:26 - DEBUG - fsspec.local -   open file: /home/lunt1/.cache/huggingface/metrics/f1/default/default_experiment-1-0.arrow
08/15/2023 10:05:26 - DEBUG - fsspec.local -   open file: /home/lunt1/.cache/huggingface/metrics/spearmanr/default/default_experiment-1-0.arrow
08/15/2023 10:05:26 - DEBUG - fsspec.local -   open file: /home/lunt1/.cache/huggingface/metrics/precision/default/default_experiment-1-0.arrow
08/15/2023 10:05:26 - DEBUG - fsspec.local -   open file: /home/lunt1/.cache/huggingface/metrics/recall/default/default_experiment-1-0.arrow
08/15/2023 10:05:26 - DEBUG - fsspec.local -   open file: /home/lunt1/.cache/huggingface/metrics/f1/default/default_experiment-1-0.arrow
{'eval_loss': 1.3263397216796875, 'eval_precision': 0.1898987502431327, 'eval_recall': 0.2847624428923767, 'eval_f1': 0.1993840794838301, 'eval_spearmanr': 0.8036450265248632, 'eval_precision_weighted': 0.2790264534887972, 'eval_recall_weighted': 0.4338235294117647, 'eval_f1_weighted': 0.3010780238945121, 'eval_runtime': 125.3171, 'eval_samples_per_second': 4.341, 'eval_steps_per_second': 2.17, 'epoch': 1.0}
08/15/2023 10:05:32 - DEBUG - helper.classes -   ----------- Starting epoch 2.0 -----------
{'loss': 1.3476, 'learning_rate': 2.9081632653061224e-05, 'epoch': 1.28}
{'loss': 1.2637, 'learning_rate': 2.695578231292517e-05, 'epoch': 1.91}
08/15/2023 10:25:32 - DEBUG - helper.classes -   Epoch 2.0 completed, Duration: 0:19:59 Mem usage: CPU mem usage: 9.98G.  Cuda 0: memory acclocated: 27 G.
08/15/2023 10:27:37 - DEBUG - fsspec.local -   open file: /home/lunt1/.cache/huggingface/metrics/precision/default/default_experiment-1-0.arrow
08/15/2023 10:27:37 - DEBUG - fsspec.local -   open file: /home/lunt1/.cache/huggingface/metrics/recall/default/default_experiment-1-0.arrow
08/15/2023 10:27:37 - DEBUG - fsspec.local -   open file: /home/lunt1/.cache/huggingface/metrics/f1/default/default_experiment-1-0.arrow
08/15/2023 10:27:37 - DEBUG - fsspec.local -   open file: /home/lunt1/.cache/huggingface/metrics/spearmanr/default/default_experiment-1-0.arrow
08/15/2023 10:27:37 - DEBUG - fsspec.local -   open file: /home/lunt1/.cache/huggingface/metrics/precision/default/default_experiment-1-0.arrow
08/15/2023 10:27:37 - DEBUG - fsspec.local -   open file: /home/lunt1/.cache/huggingface/metrics/recall/default/default_experiment-1-0.arrow
08/15/2023 10:27:37 - DEBUG - fsspec.local -   open file: /home/lunt1/.cache/huggingface/metrics/f1/default/default_experiment-1-0.arrow
{'eval_loss': 1.3192028999328613, 'eval_precision': 0.34290926508392744, 'eval_recall': 0.34596121123781176, 'eval_f1': 0.30292587605453514, 'eval_spearmanr': 0.8164367444740616, 'eval_precision_weighted': 0.4446169949265475, 'eval_recall_weighted': 0.4742647058823529, 'eval_f1_weighted': 0.4119500949762528, 'eval_runtime': 125.0021, 'eval_samples_per_second': 4.352, 'eval_steps_per_second': 2.176, 'epoch': 2.0}
08/15/2023 10:27:43 - DEBUG - helper.classes -   ----------- Starting epoch 3.0 -----------
{'loss': 1.2323, 'learning_rate': 2.4829931972789116e-05, 'epoch': 2.55}
08/15/2023 10:47:33 - DEBUG - helper.classes -   Epoch 3.0 completed, Duration: 0:19:50 Mem usage: CPU mem usage: 9.74G.  Cuda 0: memory acclocated: 27 G.
08/15/2023 10:49:39 - DEBUG - fsspec.local -   open file: /home/lunt1/.cache/huggingface/metrics/precision/default/default_experiment-1-0.arrow
08/15/2023 10:49:39 - DEBUG - fsspec.local -   open file: /home/lunt1/.cache/huggingface/metrics/recall/default/default_experiment-1-0.arrow
08/15/2023 10:49:39 - DEBUG - fsspec.local -   open file: /home/lunt1/.cache/huggingface/metrics/f1/default/default_experiment-1-0.arrow
08/15/2023 10:49:39 - DEBUG - fsspec.local -   open file: /home/lunt1/.cache/huggingface/metrics/spearmanr/default/default_experiment-1-0.arrow
08/15/2023 10:49:39 - DEBUG - fsspec.local -   open file: /home/lunt1/.cache/huggingface/metrics/precision/default/default_experiment-1-0.arrow
08/15/2023 10:49:39 - DEBUG - fsspec.local -   open file: /home/lunt1/.cache/huggingface/metrics/recall/default/default_experiment-1-0.arrow
08/15/2023 10:49:39 - DEBUG - fsspec.local -   open file: /home/lunt1/.cache/huggingface/metrics/f1/default/default_experiment-1-0.arrow
{'eval_loss': 1.2842566967010498, 'eval_precision': 0.3517517024683415, 'eval_recall': 0.38106054833875996, 'eval_f1': 0.3579331486364724, 'eval_spearmanr': 0.818194713250192, 'eval_precision_weighted': 0.4642694743743499, 'eval_recall_weighted': 0.49080882352941174, 'eval_f1_weighted': 0.46762150233547384, 'eval_runtime': 125.3731, 'eval_samples_per_second': 4.339, 'eval_steps_per_second': 2.17, 'epoch': 3.0}
08/15/2023 10:49:44 - DEBUG - helper.classes -   ----------- Starting epoch 4.0 -----------
{'loss': 1.1806, 'learning_rate': 2.2704081632653062e-05, 'epoch': 3.19}
{'loss': 1.0835, 'learning_rate': 2.0578231292517008e-05, 'epoch': 3.83}
08/15/2023 11:09:37 - DEBUG - helper.classes -   Epoch 4.0 completed, Duration: 0:19:52 Mem usage: CPU mem usage: 9.74G.  Cuda 0: memory acclocated: 27 G.
08/15/2023 11:11:42 - DEBUG - fsspec.local -   open file: /home/lunt1/.cache/huggingface/metrics/precision/default/default_experiment-1-0.arrow
08/15/2023 11:11:42 - DEBUG - fsspec.local -   open file: /home/lunt1/.cache/huggingface/metrics/recall/default/default_experiment-1-0.arrow
08/15/2023 11:11:42 - DEBUG - fsspec.local -   open file: /home/lunt1/.cache/huggingface/metrics/f1/default/default_experiment-1-0.arrow
08/15/2023 11:11:42 - DEBUG - fsspec.local -   open file: /home/lunt1/.cache/huggingface/metrics/spearmanr/default/default_experiment-1-0.arrow
08/15/2023 11:11:42 - DEBUG - fsspec.local -   open file: /home/lunt1/.cache/huggingface/metrics/precision/default/default_experiment-1-0.arrow
08/15/2023 11:11:42 - DEBUG - fsspec.local -   open file: /home/lunt1/.cache/huggingface/metrics/recall/default/default_experiment-1-0.arrow
08/15/2023 11:11:42 - DEBUG - fsspec.local -   open file: /home/lunt1/.cache/huggingface/metrics/f1/default/default_experiment-1-0.arrow
{'eval_loss': 1.4400311708450317, 'eval_precision': 0.31543232501943, 'eval_recall': 0.3482550523438097, 'eval_f1': 0.3089010082827702, 'eval_spearmanr': 0.813386827416455, 'eval_precision_weighted': 0.4194519545531301, 'eval_recall_weighted': 0.4227941176470588, 'eval_f1_weighted': 0.3948588975430821, 'eval_runtime': 125.4089, 'eval_samples_per_second': 4.338, 'eval_steps_per_second': 2.169, 'epoch': 4.0}
08/15/2023 11:11:48 - DEBUG - helper.classes -   ----------- Starting epoch 5.0 -----------
{'loss': 1.0753, 'learning_rate': 1.8452380952380954e-05, 'epoch': 4.46}
08/15/2023 11:31:50 - DEBUG - helper.classes -   Epoch 5.0 completed, Duration: 0:20:02 Mem usage: CPU mem usage: 9.77G.  Cuda 0: memory acclocated: 27 G.
08/15/2023 11:33:56 - DEBUG - fsspec.local -   open file: /home/lunt1/.cache/huggingface/metrics/precision/default/default_experiment-1-0.arrow
08/15/2023 11:33:56 - DEBUG - fsspec.local -   open file: /home/lunt1/.cache/huggingface/metrics/recall/default/default_experiment-1-0.arrow
08/15/2023 11:33:56 - DEBUG - fsspec.local -   open file: /home/lunt1/.cache/huggingface/metrics/f1/default/default_experiment-1-0.arrow
08/15/2023 11:33:56 - DEBUG - fsspec.local -   open file: /home/lunt1/.cache/huggingface/metrics/spearmanr/default/default_experiment-1-0.arrow
08/15/2023 11:33:56 - DEBUG - fsspec.local -   open file: /home/lunt1/.cache/huggingface/metrics/precision/default/default_experiment-1-0.arrow
08/15/2023 11:33:56 - DEBUG - fsspec.local -   open file: /home/lunt1/.cache/huggingface/metrics/recall/default/default_experiment-1-0.arrow
08/15/2023 11:33:56 - DEBUG - fsspec.local -   open file: /home/lunt1/.cache/huggingface/metrics/f1/default/default_experiment-1-0.arrow
{'eval_loss': 1.43975830078125, 'eval_precision': 0.3274409272993637, 'eval_recall': 0.35845176844676685, 'eval_f1': 0.3408354469263303, 'eval_spearmanr': 0.8171191357397002, 'eval_precision_weighted': 0.43141697639814125, 'eval_recall_weighted': 0.4650735294117647, 'eval_f1_weighted': 0.4460808159757692, 'eval_runtime': 125.3453, 'eval_samples_per_second': 4.34, 'eval_steps_per_second': 2.17, 'epoch': 5.0}
08/15/2023 11:34:02 - DEBUG - helper.classes -   ----------- Starting epoch 6.0 -----------
{'loss': 0.9989, 'learning_rate': 1.63265306122449e-05, 'epoch': 5.1}
{'loss': 1.0092, 'learning_rate': 1.4200680272108844e-05, 'epoch': 5.74}
08/15/2023 11:53:57 - DEBUG - helper.classes -   Epoch 6.0 completed, Duration: 0:19:55 Mem usage: CPU mem usage: 9.76G.  Cuda 0: memory acclocated: 27 G.
08/15/2023 11:56:03 - DEBUG - fsspec.local -   open file: /home/lunt1/.cache/huggingface/metrics/precision/default/default_experiment-1-0.arrow
08/15/2023 11:56:03 - DEBUG - fsspec.local -   open file: /home/lunt1/.cache/huggingface/metrics/recall/default/default_experiment-1-0.arrow
08/15/2023 11:56:03 - DEBUG - fsspec.local -   open file: /home/lunt1/.cache/huggingface/metrics/f1/default/default_experiment-1-0.arrow
08/15/2023 11:56:03 - DEBUG - fsspec.local -   open file: /home/lunt1/.cache/huggingface/metrics/spearmanr/default/default_experiment-1-0.arrow
08/15/2023 11:56:03 - DEBUG - fsspec.local -   open file: /home/lunt1/.cache/huggingface/metrics/precision/default/default_experiment-1-0.arrow
08/15/2023 11:56:03 - DEBUG - fsspec.local -   open file: /home/lunt1/.cache/huggingface/metrics/recall/default/default_experiment-1-0.arrow
08/15/2023 11:56:03 - DEBUG - fsspec.local -   open file: /home/lunt1/.cache/huggingface/metrics/f1/default/default_experiment-1-0.arrow
{'eval_loss': 1.5189703702926636, 'eval_precision': 0.3328907466601098, 'eval_recall': 0.3683012641552989, 'eval_f1': 0.3428302227129059, 'eval_spearmanr': 0.8193317788060924, 'eval_precision_weighted': 0.4377948769869393, 'eval_recall_weighted': 0.46875, 'eval_f1_weighted': 0.4446173465949939, 'eval_runtime': 125.802, 'eval_samples_per_second': 4.324, 'eval_steps_per_second': 2.162, 'epoch': 6.0}
08/15/2023 11:56:09 - DEBUG - helper.classes -   ----------- Starting epoch 7.0 -----------
{'loss': 0.9119, 'learning_rate': 1.207482993197279e-05, 'epoch': 6.38}
08/15/2023 12:16:10 - DEBUG - helper.classes -   Epoch 7.0 completed, Duration: 0:20:01 Mem usage: CPU mem usage: 9.75G.  Cuda 0: memory acclocated: 27 G.
08/15/2023 12:18:15 - DEBUG - fsspec.local -   open file: /home/lunt1/.cache/huggingface/metrics/precision/default/default_experiment-1-0.arrow
08/15/2023 12:18:15 - DEBUG - fsspec.local -   open file: /home/lunt1/.cache/huggingface/metrics/recall/default/default_experiment-1-0.arrow
08/15/2023 12:18:15 - DEBUG - fsspec.local -   open file: /home/lunt1/.cache/huggingface/metrics/f1/default/default_experiment-1-0.arrow
08/15/2023 12:18:15 - DEBUG - fsspec.local -   open file: /home/lunt1/.cache/huggingface/metrics/spearmanr/default/default_experiment-1-0.arrow
08/15/2023 12:18:15 - DEBUG - fsspec.local -   open file: /home/lunt1/.cache/huggingface/metrics/precision/default/default_experiment-1-0.arrow
08/15/2023 12:18:15 - DEBUG - fsspec.local -   open file: /home/lunt1/.cache/huggingface/metrics/recall/default/default_experiment-1-0.arrow
08/15/2023 12:18:15 - DEBUG - fsspec.local -   open file: /home/lunt1/.cache/huggingface/metrics/f1/default/default_experiment-1-0.arrow
{'eval_loss': 1.8756110668182373, 'eval_precision': 0.3325200700594438, 'eval_recall': 0.36707442565217413, 'eval_f1': 0.341787633467944, 'eval_spearmanr': 0.8138821754835704, 'eval_precision_weighted': 0.43860679755356186, 'eval_recall_weighted': 0.46139705882352944, 'eval_f1_weighted': 0.44129727690463383, 'eval_runtime': 125.3325, 'eval_samples_per_second': 4.34, 'eval_steps_per_second': 2.17, 'epoch': 7.0}
08/15/2023 12:18:21 - DEBUG - helper.classes -   ----------- Starting epoch 8.0 -----------
{'loss': 0.913, 'learning_rate': 9.948979591836735e-06, 'epoch': 7.02}
{'loss': 0.9014, 'learning_rate': 7.823129251700681e-06, 'epoch': 7.65}
08/15/2023 12:38:22 - DEBUG - helper.classes -   Epoch 8.0 completed, Duration: 0:20:00 Mem usage: CPU mem usage: 9.76G.  Cuda 0: memory acclocated: 27 G.
08/15/2023 12:40:27 - DEBUG - fsspec.local -   open file: /home/lunt1/.cache/huggingface/metrics/precision/default/default_experiment-1-0.arrow
08/15/2023 12:40:27 - DEBUG - fsspec.local -   open file: /home/lunt1/.cache/huggingface/metrics/recall/default/default_experiment-1-0.arrow
08/15/2023 12:40:27 - DEBUG - fsspec.local -   open file: /home/lunt1/.cache/huggingface/metrics/f1/default/default_experiment-1-0.arrow
08/15/2023 12:40:27 - DEBUG - fsspec.local -   open file: /home/lunt1/.cache/huggingface/metrics/spearmanr/default/default_experiment-1-0.arrow
08/15/2023 12:40:27 - DEBUG - fsspec.local -   open file: /home/lunt1/.cache/huggingface/metrics/precision/default/default_experiment-1-0.arrow
08/15/2023 12:40:27 - DEBUG - fsspec.local -   open file: /home/lunt1/.cache/huggingface/metrics/recall/default/default_experiment-1-0.arrow
08/15/2023 12:40:27 - DEBUG - fsspec.local -   open file: /home/lunt1/.cache/huggingface/metrics/f1/default/default_experiment-1-0.arrow
{'eval_loss': 2.218137502670288, 'eval_precision': 0.307275512646855, 'eval_recall': 0.34375044445176633, 'eval_f1': 0.30119460546724763, 'eval_spearmanr': 0.8040378903022007, 'eval_precision_weighted': 0.4092892946363943, 'eval_recall_weighted': 0.41544117647058826, 'eval_f1_weighted': 0.383981544842858, 'eval_runtime': 125.2951, 'eval_samples_per_second': 4.342, 'eval_steps_per_second': 2.171, 'epoch': 8.0}
08/15/2023 12:40:33 - DEBUG - helper.classes -   ----------- Starting epoch 9.0 -----------
{'loss': 0.8482, 'learning_rate': 5.697278911564626e-06, 'epoch': 8.29}
{'loss': 0.8273, 'learning_rate': 3.5714285714285714e-06, 'epoch': 8.93}
08/15/2023 13:00:39 - DEBUG - helper.classes -   Epoch 9.0 completed, Duration: 0:20:05 Mem usage: CPU mem usage: 9.75G.  Cuda 0: memory acclocated: 27 G.
08/15/2023 13:02:44 - DEBUG - fsspec.local -   open file: /home/lunt1/.cache/huggingface/metrics/precision/default/default_experiment-1-0.arrow
08/15/2023 13:02:44 - DEBUG - fsspec.local -   open file: /home/lunt1/.cache/huggingface/metrics/recall/default/default_experiment-1-0.arrow
08/15/2023 13:02:44 - DEBUG - fsspec.local -   open file: /home/lunt1/.cache/huggingface/metrics/f1/default/default_experiment-1-0.arrow
08/15/2023 13:02:44 - DEBUG - fsspec.local -   open file: /home/lunt1/.cache/huggingface/metrics/spearmanr/default/default_experiment-1-0.arrow
08/15/2023 13:02:44 - DEBUG - fsspec.local -   open file: /home/lunt1/.cache/huggingface/metrics/precision/default/default_experiment-1-0.arrow
08/15/2023 13:02:44 - DEBUG - fsspec.local -   open file: /home/lunt1/.cache/huggingface/metrics/recall/default/default_experiment-1-0.arrow
08/15/2023 13:02:44 - DEBUG - fsspec.local -   open file: /home/lunt1/.cache/huggingface/metrics/f1/default/default_experiment-1-0.arrow
{'eval_loss': 2.199810743331909, 'eval_precision': 0.3263457640204544, 'eval_recall': 0.3613177212973389, 'eval_f1': 0.33713676047822433, 'eval_spearmanr': 0.8068887498466589, 'eval_precision_weighted': 0.430072007259754, 'eval_recall_weighted': 0.45588235294117646, 'eval_f1_weighted': 0.4358903062039106, 'eval_runtime': 125.407, 'eval_samples_per_second': 4.338, 'eval_steps_per_second': 2.169, 'epoch': 9.0}
08/15/2023 13:02:50 - DEBUG - helper.classes -   ----------- Starting epoch 10.0 -----------
{'loss': 0.7991, 'learning_rate': 1.445578231292517e-06, 'epoch': 9.57}
08/15/2023 13:22:31 - DEBUG - helper.classes -   Epoch 10.0 completed, Duration: 0:19:41 Mem usage: CPU mem usage: 9.81G.  Cuda 0: memory acclocated: 27 G.
08/15/2023 13:24:37 - DEBUG - fsspec.local -   open file: /home/lunt1/.cache/huggingface/metrics/precision/default/default_experiment-1-0.arrow
08/15/2023 13:24:37 - DEBUG - fsspec.local -   open file: /home/lunt1/.cache/huggingface/metrics/recall/default/default_experiment-1-0.arrow
08/15/2023 13:24:37 - DEBUG - fsspec.local -   open file: /home/lunt1/.cache/huggingface/metrics/f1/default/default_experiment-1-0.arrow
08/15/2023 13:24:37 - DEBUG - fsspec.local -   open file: /home/lunt1/.cache/huggingface/metrics/spearmanr/default/default_experiment-1-0.arrow
08/15/2023 13:24:37 - DEBUG - fsspec.local -   open file: /home/lunt1/.cache/huggingface/metrics/precision/default/default_experiment-1-0.arrow
08/15/2023 13:24:37 - DEBUG - fsspec.local -   open file: /home/lunt1/.cache/huggingface/metrics/recall/default/default_experiment-1-0.arrow
08/15/2023 13:24:37 - DEBUG - fsspec.local -   open file: /home/lunt1/.cache/huggingface/metrics/f1/default/default_experiment-1-0.arrow
{'eval_loss': 2.218839645385742, 'eval_precision': 0.3252034434165939, 'eval_recall': 0.3600253860936903, 'eval_f1': 0.33733076901768266, 'eval_spearmanr': 0.8076735952438592, 'eval_precision_weighted': 0.42830338063053924, 'eval_recall_weighted': 0.4577205882352941, 'eval_f1_weighted': 0.43740438136699006, 'eval_runtime': 125.7547, 'eval_samples_per_second': 4.326, 'eval_steps_per_second': 2.163, 'epoch': 10.0}
{'train_runtime': 13291.589, 'train_samples_per_second': 1.18, 'train_steps_per_second': 0.59, 'train_loss': 1.0671765736171177, 'epoch': 10.0}
08/15/2023 13:24:49 - INFO - __main__ -   Training completed. Duration: 3:41:31
08/15/2023 13:26:54 - DEBUG - fsspec.local -   open file: /home/lunt1/.cache/huggingface/metrics/precision/default/default_experiment-1-0.arrow
08/15/2023 13:26:54 - DEBUG - fsspec.local -   open file: /home/lunt1/.cache/huggingface/metrics/recall/default/default_experiment-1-0.arrow
08/15/2023 13:26:54 - DEBUG - fsspec.local -   open file: /home/lunt1/.cache/huggingface/metrics/f1/default/default_experiment-1-0.arrow
08/15/2023 13:26:54 - DEBUG - fsspec.local -   open file: /home/lunt1/.cache/huggingface/metrics/spearmanr/default/default_experiment-1-0.arrow
08/15/2023 13:26:54 - DEBUG - fsspec.local -   open file: /home/lunt1/.cache/huggingface/metrics/precision/default/default_experiment-1-0.arrow
08/15/2023 13:26:54 - DEBUG - fsspec.local -   open file: /home/lunt1/.cache/huggingface/metrics/recall/default/default_experiment-1-0.arrow
08/15/2023 13:26:54 - DEBUG - fsspec.local -   open file: /home/lunt1/.cache/huggingface/metrics/f1/default/default_experiment-1-0.arrow
08/15/2023 13:26:54 - DEBUG - fsspec.local -   open file: /home/lunt1/.cache/huggingface/metrics/precision/default/default_experiment-1-0.arrow
08/15/2023 13:26:54 - DEBUG - fsspec.local -   open file: /home/lunt1/.cache/huggingface/metrics/recall/default/default_experiment-1-0.arrow
08/15/2023 13:26:54 - DEBUG - fsspec.local -   open file: /home/lunt1/.cache/huggingface/metrics/f1/default/default_experiment-1-0.arrow
08/15/2023 13:26:54 - DEBUG - fsspec.local -   open file: /home/lunt1/.cache/huggingface/metrics/spearmanr/default/default_experiment-1-0.arrow
08/15/2023 13:26:54 - DEBUG - fsspec.local -   open file: /home/lunt1/.cache/huggingface/metrics/precision/default/default_experiment-1-0.arrow
08/15/2023 13:26:54 - DEBUG - fsspec.local -   open file: /home/lunt1/.cache/huggingface/metrics/recall/default/default_experiment-1-0.arrow
08/15/2023 13:26:54 - DEBUG - fsspec.local -   open file: /home/lunt1/.cache/huggingface/metrics/f1/default/default_experiment-1-0.arrow
08/15/2023 13:26:54 - DEBUG - __main__ -   label: 4
08/15/2023 13:26:54 - DEBUG - __main__ -   pred: 4
08/15/2023 13:26:54 - DEBUG - __main__ -   label: 4
08/15/2023 13:26:54 - DEBUG - __main__ -   pred: 3
08/15/2023 13:26:54 - DEBUG - __main__ -   label: 5
08/15/2023 13:26:54 - DEBUG - __main__ -   pred: 5
08/15/2023 13:26:54 - DEBUG - __main__ -   label: 5
08/15/2023 13:26:54 - DEBUG - __main__ -   pred: 4
08/15/2023 13:26:54 - DEBUG - __main__ -   label: 3
08/15/2023 13:26:54 - DEBUG - __main__ -   pred: 3
08/15/2023 13:26:54 - DEBUG - __main__ -   label: 3
08/15/2023 13:26:54 - DEBUG - __main__ -   pred: 4
08/15/2023 13:26:54 - DEBUG - __main__ -   label: 4
08/15/2023 13:26:54 - DEBUG - __main__ -   pred: 4
08/15/2023 13:26:54 - DEBUG - __main__ -   label: 3
08/15/2023 13:26:54 - DEBUG - __main__ -   pred: 2
08/15/2023 13:26:54 - DEBUG - __main__ -   label: 3
08/15/2023 13:26:54 - DEBUG - __main__ -   pred: 3
08/15/2023 13:26:54 - DEBUG - __main__ -   label: 2
08/15/2023 13:26:54 - DEBUG - __main__ -   pred: 2
08/15/2023 13:26:54 - DEBUG - __main__ -   label: 2
08/15/2023 13:26:54 - DEBUG - __main__ -   pred: 2
08/15/2023 13:26:54 - DEBUG - __main__ -   label: 3
08/15/2023 13:26:54 - DEBUG - __main__ -   pred: 3
08/15/2023 13:26:54 - DEBUG - __main__ -   label: 3
08/15/2023 13:26:54 - DEBUG - __main__ -   pred: 2
08/15/2023 13:26:54 - DEBUG - __main__ -   label: 5
08/15/2023 13:26:54 - DEBUG - __main__ -   pred: 4
08/15/2023 13:26:54 - DEBUG - __main__ -   label: 3
08/15/2023 13:26:54 - DEBUG - __main__ -   pred: 3
08/15/2023 13:26:54 - DEBUG - __main__ -   label: 3
08/15/2023 13:26:54 - DEBUG - __main__ -   pred: 4
08/15/2023 13:26:54 - DEBUG - __main__ -   label: 6
08/15/2023 13:26:54 - DEBUG - __main__ -   pred: 4
08/15/2023 13:26:54 - DEBUG - __main__ -   label: 4
08/15/2023 13:26:54 - DEBUG - __main__ -   pred: 4
08/15/2023 13:26:54 - DEBUG - __main__ -   label: 3
08/15/2023 13:26:54 - DEBUG - __main__ -   pred: 4
08/15/2023 13:26:54 - DEBUG - __main__ -   label: 3
08/15/2023 13:26:54 - DEBUG - __main__ -   pred: 3
08/15/2023 13:26:54 - DEBUG - __main__ -   label: 6
08/15/2023 13:26:54 - DEBUG - __main__ -   pred: 5
08/15/2023 13:26:54 - DEBUG - __main__ -   label: 4
08/15/2023 13:26:54 - DEBUG - __main__ -   pred: 4
08/15/2023 13:26:54 - DEBUG - __main__ -   label: 3
08/15/2023 13:26:54 - DEBUG - __main__ -   pred: 3
08/15/2023 13:26:54 - DEBUG - __main__ -   label: 4
08/15/2023 13:26:54 - DEBUG - __main__ -   pred: 4
08/15/2023 13:26:54 - DEBUG - __main__ -   label: 4
08/15/2023 13:26:54 - DEBUG - __main__ -   pred: 4
08/15/2023 13:26:54 - DEBUG - __main__ -   label: 6
08/15/2023 13:26:54 - DEBUG - __main__ -   pred: 5
08/15/2023 13:26:54 - DEBUG - __main__ -   label: 3
08/15/2023 13:26:54 - DEBUG - __main__ -   pred: 3
08/15/2023 13:26:54 - DEBUG - __main__ -   label: 6
08/15/2023 13:26:54 - DEBUG - __main__ -   pred: 3
08/15/2023 13:26:54 - DEBUG - __main__ -   label: 4
08/15/2023 13:26:54 - DEBUG - __main__ -   pred: 4
08/15/2023 13:26:54 - DEBUG - __main__ -   label: 1
08/15/2023 13:26:54 - DEBUG - __main__ -   pred: 3
08/15/2023 13:26:54 - DEBUG - __main__ -   label: 3
08/15/2023 13:26:54 - DEBUG - __main__ -   pred: 2
08/15/2023 13:26:54 - DEBUG - __main__ -   label: 6
08/15/2023 13:26:54 - DEBUG - __main__ -   pred: 3
08/15/2023 13:26:54 - DEBUG - __main__ -   label: 3
08/15/2023 13:26:54 - DEBUG - __main__ -   pred: 3
08/15/2023 13:26:54 - DEBUG - __main__ -   label: 5
08/15/2023 13:26:54 - DEBUG - __main__ -   pred: 3
08/15/2023 13:26:54 - DEBUG - __main__ -   label: 5
08/15/2023 13:26:54 - DEBUG - __main__ -   pred: 4
08/15/2023 13:26:54 - DEBUG - __main__ -   label: 2
08/15/2023 13:26:54 - DEBUG - __main__ -   pred: 2
08/15/2023 13:26:54 - DEBUG - __main__ -   label: 4
08/15/2023 13:26:54 - DEBUG - __main__ -   pred: 4
08/15/2023 13:26:54 - DEBUG - __main__ -   label: 5
08/15/2023 13:26:54 - DEBUG - __main__ -   pred: 3
08/15/2023 13:26:54 - DEBUG - __main__ -   label: 6
08/15/2023 13:26:54 - DEBUG - __main__ -   pred: 5
08/15/2023 13:26:54 - DEBUG - __main__ -   label: 6
08/15/2023 13:26:54 - DEBUG - __main__ -   pred: 4
08/15/2023 13:26:54 - DEBUG - __main__ -   label: 5
08/15/2023 13:26:54 - DEBUG - __main__ -   pred: 4
08/15/2023 13:26:54 - DEBUG - __main__ -   label: 6
08/15/2023 13:26:54 - DEBUG - __main__ -   pred: 5
08/15/2023 13:26:54 - DEBUG - __main__ -   label: 4
08/15/2023 13:26:54 - DEBUG - __main__ -   pred: 4
08/15/2023 13:26:54 - DEBUG - __main__ -   label: 4
08/15/2023 13:26:54 - DEBUG - __main__ -   pred: 4
08/15/2023 13:26:54 - DEBUG - __main__ -   label: 4
08/15/2023 13:26:54 - DEBUG - __main__ -   pred: 4
08/15/2023 13:26:54 - DEBUG - __main__ -   label: 5
08/15/2023 13:26:54 - DEBUG - __main__ -   pred: 4
08/15/2023 13:26:54 - DEBUG - __main__ -   label: 5
08/15/2023 13:26:54 - DEBUG - __main__ -   pred: 4
08/15/2023 13:26:54 - DEBUG - __main__ -   label: 4
08/15/2023 13:26:54 - DEBUG - __main__ -   pred: 4
08/15/2023 13:26:54 - DEBUG - __main__ -   label: 4
08/15/2023 13:26:54 - DEBUG - __main__ -   pred: 1
08/15/2023 13:26:54 - DEBUG - __main__ -   label: 1
08/15/2023 13:26:54 - DEBUG - __main__ -   pred: 2
08/15/2023 13:26:54 - DEBUG - __main__ -   label: 5
08/15/2023 13:26:54 - DEBUG - __main__ -   pred: 4
08/15/2023 13:26:54 - DEBUG - __main__ -   label: 3
08/15/2023 13:26:54 - DEBUG - __main__ -   pred: 4
08/15/2023 13:26:54 - DEBUG - __main__ -   label: 2
08/15/2023 13:26:54 - DEBUG - __main__ -   pred: 2
08/15/2023 13:26:54 - DEBUG - __main__ -   label: 2
08/15/2023 13:26:54 - DEBUG - __main__ -   pred: 5
08/15/2023 13:26:54 - DEBUG - __main__ -   label: 5
08/15/2023 13:26:54 - DEBUG - __main__ -   pred: 4
08/15/2023 13:26:54 - DEBUG - __main__ -   label: 5
08/15/2023 13:26:54 - DEBUG - __main__ -   pred: 3
08/15/2023 13:26:54 - DEBUG - __main__ -   label: 5
08/15/2023 13:26:54 - DEBUG - __main__ -   pred: 4
08/15/2023 13:26:54 - DEBUG - __main__ -   label: 3
08/15/2023 13:26:54 - DEBUG - __main__ -   pred: 4
08/15/2023 13:26:54 - DEBUG - __main__ -   label: 4
08/15/2023 13:26:54 - DEBUG - __main__ -   pred: 5
08/15/2023 13:26:54 - DEBUG - __main__ -   label: 5
08/15/2023 13:26:54 - DEBUG - __main__ -   pred: 5
08/15/2023 13:26:54 - DEBUG - __main__ -   label: 5
08/15/2023 13:26:54 - DEBUG - __main__ -   pred: 5
08/15/2023 13:26:54 - DEBUG - __main__ -   label: 4
08/15/2023 13:26:54 - DEBUG - __main__ -   pred: 3
08/15/2023 13:26:54 - DEBUG - __main__ -   label: 4
08/15/2023 13:26:54 - DEBUG - __main__ -   pred: 3
08/15/2023 13:26:54 - DEBUG - __main__ -   label: 4
08/15/2023 13:26:54 - DEBUG - __main__ -   pred: 4
08/15/2023 13:26:54 - DEBUG - __main__ -   label: 3
08/15/2023 13:26:54 - DEBUG - __main__ -   pred: 3
08/15/2023 13:26:54 - DEBUG - __main__ -   label: 5
08/15/2023 13:26:54 - DEBUG - __main__ -   pred: 1
08/15/2023 13:26:54 - DEBUG - __main__ -   label: 3
08/15/2023 13:26:54 - DEBUG - __main__ -   pred: 2
08/15/2023 13:26:54 - DEBUG - __main__ -   label: 4
08/15/2023 13:26:54 - DEBUG - __main__ -   pred: 3
08/15/2023 13:26:54 - DEBUG - __main__ -   label: 2
08/15/2023 13:26:54 - DEBUG - __main__ -   pred: 2
08/15/2023 13:26:54 - DEBUG - __main__ -   label: 2
08/15/2023 13:26:54 - DEBUG - __main__ -   pred: 2
08/15/2023 13:26:54 - DEBUG - __main__ -   label: 5
08/15/2023 13:26:54 - DEBUG - __main__ -   pred: 4
08/15/2023 13:26:54 - DEBUG - __main__ -   label: 5
08/15/2023 13:26:54 - DEBUG - __main__ -   pred: 5
08/15/2023 13:26:54 - DEBUG - __main__ -   label: 4
08/15/2023 13:26:54 - DEBUG - __main__ -   pred: 3
08/15/2023 13:26:54 - DEBUG - __main__ -   label: 4
08/15/2023 13:26:54 - DEBUG - __main__ -   pred: 5
08/15/2023 13:26:54 - DEBUG - __main__ -   label: 2
08/15/2023 13:26:54 - DEBUG - __main__ -   pred: 3
08/15/2023 13:26:54 - DEBUG - __main__ -   label: 4
08/15/2023 13:26:54 - DEBUG - __main__ -   pred: 5
08/15/2023 13:26:54 - DEBUG - __main__ -   label: 3
08/15/2023 13:26:54 - DEBUG - __main__ -   pred: 3
08/15/2023 13:26:54 - DEBUG - __main__ -   label: 3
08/15/2023 13:26:54 - DEBUG - __main__ -   pred: 3
08/15/2023 13:26:54 - DEBUG - __main__ -   label: 3
08/15/2023 13:26:54 - DEBUG - __main__ -   pred: 4
08/15/2023 13:26:54 - DEBUG - __main__ -   label: 3
08/15/2023 13:26:54 - DEBUG - __main__ -   pred: 4
08/15/2023 13:26:54 - DEBUG - __main__ -   label: 1
08/15/2023 13:26:54 - DEBUG - __main__ -   pred: 3
08/15/2023 13:26:54 - DEBUG - __main__ -   label: 3
08/15/2023 13:26:54 - DEBUG - __main__ -   pred: 5
08/15/2023 13:26:54 - DEBUG - __main__ -   label: 6
08/15/2023 13:26:54 - DEBUG - __main__ -   pred: 5
08/15/2023 13:26:54 - DEBUG - __main__ -   label: 4
08/15/2023 13:26:54 - DEBUG - __main__ -   pred: 4
08/15/2023 13:26:54 - DEBUG - __main__ -   label: 4
08/15/2023 13:26:54 - DEBUG - __main__ -   pred: 4
08/15/2023 13:26:54 - DEBUG - __main__ -   label: 4
08/15/2023 13:26:54 - DEBUG - __main__ -   pred: 4
08/15/2023 13:26:54 - DEBUG - __main__ -   label: 3
08/15/2023 13:26:54 - DEBUG - __main__ -   pred: 3
08/15/2023 13:26:54 - DEBUG - __main__ -   label: 4
08/15/2023 13:26:54 - DEBUG - __main__ -   pred: 4
08/15/2023 13:26:54 - DEBUG - __main__ -   label: 3
08/15/2023 13:26:54 - DEBUG - __main__ -   pred: 4
08/15/2023 13:26:54 - DEBUG - __main__ -   label: 2
08/15/2023 13:26:54 - DEBUG - __main__ -   pred: 3
08/15/2023 13:26:54 - DEBUG - __main__ -   label: 3
08/15/2023 13:26:54 - DEBUG - __main__ -   pred: 3
08/15/2023 13:26:54 - DEBUG - __main__ -   label: 2
08/15/2023 13:26:54 - DEBUG - __main__ -   pred: 3
08/15/2023 13:26:54 - DEBUG - __main__ -   label: 4
08/15/2023 13:26:54 - DEBUG - __main__ -   pred: 3
08/15/2023 13:26:54 - DEBUG - __main__ -   label: 3
08/15/2023 13:26:54 - DEBUG - __main__ -   pred: 2
08/15/2023 13:26:54 - DEBUG - __main__ -   label: 3
08/15/2023 13:26:54 - DEBUG - __main__ -   pred: 3
08/15/2023 13:26:54 - DEBUG - __main__ -   label: 3
08/15/2023 13:26:54 - DEBUG - __main__ -   pred: 3
08/15/2023 13:26:54 - DEBUG - __main__ -   label: 2
08/15/2023 13:26:54 - DEBUG - __main__ -   pred: 3
08/15/2023 13:26:54 - DEBUG - __main__ -   label: 2
08/15/2023 13:26:54 - DEBUG - __main__ -   pred: 3
08/15/2023 13:26:54 - DEBUG - __main__ -   label: 3
08/15/2023 13:26:54 - DEBUG - __main__ -   pred: 4
08/15/2023 13:26:54 - DEBUG - __main__ -   label: 5
08/15/2023 13:26:54 - DEBUG - __main__ -   pred: 4
08/15/2023 13:26:54 - DEBUG - __main__ -   label: 4
08/15/2023 13:26:54 - DEBUG - __main__ -   pred: 5
08/15/2023 13:26:54 - DEBUG - __main__ -   label: 4
08/15/2023 13:26:54 - DEBUG - __main__ -   pred: 4
08/15/2023 13:26:54 - DEBUG - __main__ -   label: 3
08/15/2023 13:26:54 - DEBUG - __main__ -   pred: 4
08/15/2023 13:26:54 - DEBUG - __main__ -   label: 3
08/15/2023 13:26:54 - DEBUG - __main__ -   pred: 4
08/15/2023 13:26:54 - DEBUG - __main__ -   label: 5
08/15/2023 13:26:54 - DEBUG - __main__ -   pred: 4
08/15/2023 13:26:54 - DEBUG - __main__ -   label: 2
08/15/2023 13:26:54 - DEBUG - __main__ -   pred: 2
08/15/2023 13:26:54 - DEBUG - __main__ -   label: 4
08/15/2023 13:26:54 - DEBUG - __main__ -   pred: 1
08/15/2023 13:26:54 - DEBUG - __main__ -   label: 6
08/15/2023 13:26:54 - DEBUG - __main__ -   pred: 4
08/15/2023 13:26:54 - DEBUG - __main__ -   label: 3
08/15/2023 13:26:54 - DEBUG - __main__ -   pred: 2
08/15/2023 13:26:54 - DEBUG - __main__ -   label: 5
08/15/2023 13:26:54 - DEBUG - __main__ -   pred: 3
08/15/2023 13:26:54 - DEBUG - __main__ -   label: 4
08/15/2023 13:26:54 - DEBUG - __main__ -   pred: 3
08/15/2023 13:26:54 - DEBUG - __main__ -   label: 3
08/15/2023 13:26:54 - DEBUG - __main__ -   pred: 3
08/15/2023 13:26:54 - DEBUG - __main__ -   label: 6
08/15/2023 13:26:54 - DEBUG - __main__ -   pred: 3
08/15/2023 13:26:54 - DEBUG - __main__ -   label: 5
08/15/2023 13:26:54 - DEBUG - __main__ -   pred: 3
08/15/2023 13:26:54 - DEBUG - __main__ -   label: 3
08/15/2023 13:26:54 - DEBUG - __main__ -   pred: 2
08/15/2023 13:26:54 - DEBUG - __main__ -   label: 6
08/15/2023 13:26:54 - DEBUG - __main__ -   pred: 4
08/15/2023 13:26:54 - DEBUG - __main__ -   label: 5
08/15/2023 13:26:54 - DEBUG - __main__ -   pred: 3
08/15/2023 13:26:54 - DEBUG - __main__ -   label: 3
08/15/2023 13:26:54 - DEBUG - __main__ -   pred: 3
08/15/2023 13:26:54 - DEBUG - __main__ -   label: 5
08/15/2023 13:26:54 - DEBUG - __main__ -   pred: 4
08/15/2023 13:26:54 - DEBUG - __main__ -   label: 4
08/15/2023 13:26:54 - DEBUG - __main__ -   pred: 4
08/15/2023 13:26:54 - DEBUG - __main__ -   label: 6
08/15/2023 13:26:54 - DEBUG - __main__ -   pred: 4
08/15/2023 13:26:54 - DEBUG - __main__ -   label: 4
08/15/2023 13:26:54 - DEBUG - __main__ -   pred: 4
08/15/2023 13:26:54 - DEBUG - __main__ -   label: 3
08/15/2023 13:26:54 - DEBUG - __main__ -   pred: 4
08/15/2023 13:26:54 - DEBUG - __main__ -   label: 6
08/15/2023 13:26:54 - DEBUG - __main__ -   pred: 4
08/15/2023 13:26:54 - DEBUG - __main__ -   label: 6
08/15/2023 13:26:54 - DEBUG - __main__ -   pred: 5
08/15/2023 13:26:54 - DEBUG - __main__ -   label: 5
08/15/2023 13:26:54 - DEBUG - __main__ -   pred: 4
08/15/2023 13:26:54 - DEBUG - __main__ -   label: 5
08/15/2023 13:26:54 - DEBUG - __main__ -   pred: 4
08/15/2023 13:26:54 - DEBUG - __main__ -   label: 4
08/15/2023 13:26:54 - DEBUG - __main__ -   pred: 4
08/15/2023 13:26:54 - DEBUG - __main__ -   label: 2
08/15/2023 13:26:54 - DEBUG - __main__ -   pred: 4
08/15/2023 13:26:54 - DEBUG - __main__ -   label: 0
08/15/2023 13:26:54 - DEBUG - __main__ -   pred: 1
08/15/2023 13:26:54 - DEBUG - __main__ -   label: 4
08/15/2023 13:26:54 - DEBUG - __main__ -   pred: 4
08/15/2023 13:26:54 - DEBUG - __main__ -   label: 3
08/15/2023 13:26:54 - DEBUG - __main__ -   pred: 3
08/15/2023 13:26:54 - DEBUG - __main__ -   label: 3
08/15/2023 13:26:54 - DEBUG - __main__ -   pred: 4
08/15/2023 13:26:54 - DEBUG - __main__ -   label: 5
08/15/2023 13:26:54 - DEBUG - __main__ -   pred: 4
08/15/2023 13:26:54 - DEBUG - __main__ -   label: 5
08/15/2023 13:26:54 - DEBUG - __main__ -   pred: 4
08/15/2023 13:26:54 - DEBUG - __main__ -   label: 1
08/15/2023 13:26:54 - DEBUG - __main__ -   pred: 2
08/15/2023 13:26:54 - DEBUG - __main__ -   label: 4
08/15/2023 13:26:54 - DEBUG - __main__ -   pred: 2
08/15/2023 13:26:54 - DEBUG - __main__ -   label: 3
08/15/2023 13:26:54 - DEBUG - __main__ -   pred: 4
08/15/2023 13:26:54 - DEBUG - __main__ -   label: 4
08/15/2023 13:26:54 - DEBUG - __main__ -   pred: 3
08/15/2023 13:26:54 - DEBUG - __main__ -   label: 3
08/15/2023 13:26:54 - DEBUG - __main__ -   pred: 2
08/15/2023 13:26:54 - DEBUG - __main__ -   label: 4
08/15/2023 13:26:54 - DEBUG - __main__ -   pred: 4
08/15/2023 13:26:54 - DEBUG - __main__ -   label: 1
08/15/2023 13:26:54 - DEBUG - __main__ -   pred: 2
08/15/2023 13:26:54 - DEBUG - __main__ -   label: 5
08/15/2023 13:26:54 - DEBUG - __main__ -   pred: 5
08/15/2023 13:26:54 - DEBUG - __main__ -   label: 5
08/15/2023 13:26:54 - DEBUG - __main__ -   pred: 5
08/15/2023 13:26:54 - DEBUG - __main__ -   label: 4
08/15/2023 13:26:54 - DEBUG - __main__ -   pred: 5
08/15/2023 13:26:54 - DEBUG - __main__ -   label: 4
08/15/2023 13:26:54 - DEBUG - __main__ -   pred: 4
08/15/2023 13:26:54 - DEBUG - __main__ -   label: 2
08/15/2023 13:26:54 - DEBUG - __main__ -   pred: 4
08/15/2023 13:26:54 - DEBUG - __main__ -   label: 5
08/15/2023 13:26:54 - DEBUG - __main__ -   pred: 4
08/15/2023 13:26:54 - DEBUG - __main__ -   label: 2
08/15/2023 13:26:54 - DEBUG - __main__ -   pred: 2
08/15/2023 13:26:54 - DEBUG - __main__ -   label: 4
08/15/2023 13:26:54 - DEBUG - __main__ -   pred: 4
08/15/2023 13:26:54 - DEBUG - __main__ -   label: 2
08/15/2023 13:26:54 - DEBUG - __main__ -   pred: 3
08/15/2023 13:26:54 - DEBUG - __main__ -   label: 6
08/15/2023 13:26:54 - DEBUG - __main__ -   pred: 4
08/15/2023 13:26:54 - DEBUG - __main__ -   label: 2
08/15/2023 13:26:54 - DEBUG - __main__ -   pred: 2
08/15/2023 13:26:54 - DEBUG - __main__ -   label: 1
08/15/2023 13:26:54 - DEBUG - __main__ -   pred: 2
08/15/2023 13:26:54 - DEBUG - __main__ -   label: 3
08/15/2023 13:26:54 - DEBUG - __main__ -   pred: 4
08/15/2023 13:26:54 - DEBUG - __main__ -   label: 4
08/15/2023 13:26:54 - DEBUG - __main__ -   pred: 4
08/15/2023 13:26:54 - DEBUG - __main__ -   label: 3
08/15/2023 13:26:54 - DEBUG - __main__ -   pred: 3
08/15/2023 13:26:54 - DEBUG - __main__ -   label: 5
08/15/2023 13:26:54 - DEBUG - __main__ -   pred: 4
08/15/2023 13:26:54 - DEBUG - __main__ -   label: 2
08/15/2023 13:26:54 - DEBUG - __main__ -   pred: 2
08/15/2023 13:26:54 - DEBUG - __main__ -   label: 2
08/15/2023 13:26:54 - DEBUG - __main__ -   pred: 2
08/15/2023 13:26:54 - DEBUG - __main__ -   label: 4
08/15/2023 13:26:54 - DEBUG - __main__ -   pred: 5
08/15/2023 13:26:54 - DEBUG - __main__ -   label: 2
08/15/2023 13:26:54 - DEBUG - __main__ -   pred: 2
08/15/2023 13:26:54 - DEBUG - __main__ -   label: 2
08/15/2023 13:26:54 - DEBUG - __main__ -   pred: 1
08/15/2023 13:26:54 - DEBUG - __main__ -   label: 2
08/15/2023 13:26:54 - DEBUG - __main__ -   pred: 1
08/15/2023 13:26:54 - DEBUG - __main__ -   label: 1
08/15/2023 13:26:54 - DEBUG - __main__ -   pred: 1
08/15/2023 13:26:54 - DEBUG - __main__ -   label: 1
08/15/2023 13:26:54 - DEBUG - __main__ -   pred: 1
08/15/2023 13:26:54 - DEBUG - __main__ -   label: 2
08/15/2023 13:26:54 - DEBUG - __main__ -   pred: 2
08/15/2023 13:26:54 - DEBUG - __main__ -   label: 1
08/15/2023 13:26:54 - DEBUG - __main__ -   pred: 2
08/15/2023 13:26:54 - DEBUG - __main__ -   label: 1
08/15/2023 13:26:54 - DEBUG - __main__ -   pred: 1
08/15/2023 13:26:54 - DEBUG - __main__ -   label: 2
08/15/2023 13:26:54 - DEBUG - __main__ -   pred: 1
08/15/2023 13:26:54 - DEBUG - __main__ -   label: 2
08/15/2023 13:26:54 - DEBUG - __main__ -   pred: 1
08/15/2023 13:26:54 - DEBUG - __main__ -   label: 2
08/15/2023 13:26:54 - DEBUG - __main__ -   pred: 1
08/15/2023 13:26:54 - DEBUG - __main__ -   label: 2
08/15/2023 13:26:54 - DEBUG - __main__ -   pred: 1
08/15/2023 13:26:54 - DEBUG - __main__ -   label: 2
08/15/2023 13:26:54 - DEBUG - __main__ -   pred: 2
08/15/2023 13:26:54 - DEBUG - __main__ -   label: 2
08/15/2023 13:26:54 - DEBUG - __main__ -   pred: 2
08/15/2023 13:26:54 - DEBUG - __main__ -   label: 6
08/15/2023 13:26:54 - DEBUG - __main__ -   pred: 5
08/15/2023 13:26:54 - DEBUG - __main__ -   label: 6
08/15/2023 13:26:54 - DEBUG - __main__ -   pred: 5
08/15/2023 13:26:54 - DEBUG - __main__ -   label: 5
08/15/2023 13:26:54 - DEBUG - __main__ -   pred: 5
08/15/2023 13:26:54 - DEBUG - __main__ -   label: 5
08/15/2023 13:26:54 - DEBUG - __main__ -   pred: 5
08/15/2023 13:26:54 - DEBUG - __main__ -   label: 5
08/15/2023 13:26:54 - DEBUG - __main__ -   pred: 4
08/15/2023 13:26:54 - DEBUG - __main__ -   label: 6
08/15/2023 13:26:54 - DEBUG - __main__ -   pred: 4
08/15/2023 13:26:54 - DEBUG - __main__ -   label: 2
08/15/2023 13:26:54 - DEBUG - __main__ -   pred: 2
08/15/2023 13:26:54 - DEBUG - __main__ -   label: 2
08/15/2023 13:26:54 - DEBUG - __main__ -   pred: 2
08/15/2023 13:26:54 - DEBUG - __main__ -   label: 1
08/15/2023 13:26:54 - DEBUG - __main__ -   pred: 2
08/15/2023 13:26:54 - DEBUG - __main__ -   label: 1
08/15/2023 13:26:54 - DEBUG - __main__ -   pred: 1
08/15/2023 13:26:54 - DEBUG - __main__ -   label: 1
08/15/2023 13:26:54 - DEBUG - __main__ -   pred: 1
08/15/2023 13:26:54 - DEBUG - __main__ -   label: 1
08/15/2023 13:26:54 - DEBUG - __main__ -   pred: 1
08/15/2023 13:26:54 - DEBUG - __main__ -   label: 2
08/15/2023 13:26:54 - DEBUG - __main__ -   pred: 1
08/15/2023 13:26:54 - DEBUG - __main__ -   label: 2
08/15/2023 13:26:54 - DEBUG - __main__ -   pred: 1
08/15/2023 13:26:54 - DEBUG - __main__ -   label: 1
08/15/2023 13:26:54 - DEBUG - __main__ -   pred: 1
08/15/2023 13:26:54 - DEBUG - __main__ -   label: 1
08/15/2023 13:26:54 - DEBUG - __main__ -   pred: 1
08/15/2023 13:26:54 - DEBUG - __main__ -   label: 2
08/15/2023 13:26:54 - DEBUG - __main__ -   pred: 2
08/15/2023 13:26:54 - DEBUG - __main__ -   label: 2
08/15/2023 13:26:54 - DEBUG - __main__ -   pred: 2
08/15/2023 13:26:54 - DEBUG - __main__ -   label: 2
08/15/2023 13:26:54 - DEBUG - __main__ -   pred: 2
08/15/2023 13:26:54 - DEBUG - __main__ -   label: 2
08/15/2023 13:26:54 - DEBUG - __main__ -   pred: 1
08/15/2023 13:26:54 - DEBUG - __main__ -   label: 5
08/15/2023 13:26:54 - DEBUG - __main__ -   pred: 5
08/15/2023 13:26:54 - DEBUG - __main__ -   label: 5
08/15/2023 13:26:54 - DEBUG - __main__ -   pred: 5
08/15/2023 13:26:54 - DEBUG - __main__ -   label: 4
08/15/2023 13:26:54 - DEBUG - __main__ -   pred: 4
08/15/2023 13:26:54 - DEBUG - __main__ -   label: 5
08/15/2023 13:26:54 - DEBUG - __main__ -   pred: 5
08/15/2023 13:26:54 - DEBUG - __main__ -   label: 5
08/15/2023 13:26:54 - DEBUG - __main__ -   pred: 5
08/15/2023 13:26:54 - DEBUG - __main__ -   label: 5
08/15/2023 13:26:54 - DEBUG - __main__ -   pred: 5
08/15/2023 13:26:54 - DEBUG - __main__ -   label: 3
08/15/2023 13:26:54 - DEBUG - __main__ -   pred: 3
08/15/2023 13:26:54 - DEBUG - __main__ -   label: 5
08/15/2023 13:26:54 - DEBUG - __main__ -   pred: 5
08/15/2023 13:26:54 - DEBUG - __main__ -   label: 5
08/15/2023 13:26:54 - DEBUG - __main__ -   pred: 5
08/15/2023 13:26:54 - DEBUG - __main__ -   label: 4
08/15/2023 13:26:54 - DEBUG - __main__ -   pred: 5
08/15/2023 13:26:54 - DEBUG - __main__ -   label: 2
08/15/2023 13:26:54 - DEBUG - __main__ -   pred: 2
08/15/2023 13:26:54 - DEBUG - __main__ -   label: 4
08/15/2023 13:26:54 - DEBUG - __main__ -   pred: 4
08/15/2023 13:26:54 - DEBUG - __main__ -   label: 5
08/15/2023 13:26:54 - DEBUG - __main__ -   pred: 5
08/15/2023 13:26:54 - DEBUG - __main__ -   label: 2
08/15/2023 13:26:54 - DEBUG - __main__ -   pred: 1
08/15/2023 13:26:54 - DEBUG - __main__ -   label: 3
08/15/2023 13:26:54 - DEBUG - __main__ -   pred: 2
08/15/2023 13:26:54 - DEBUG - __main__ -   label: 3
08/15/2023 13:26:54 - DEBUG - __main__ -   pred: 2
08/15/2023 13:26:54 - DEBUG - __main__ -   label: 2
08/15/2023 13:26:54 - DEBUG - __main__ -   pred: 2
08/15/2023 13:26:54 - DEBUG - __main__ -   label: 2
08/15/2023 13:26:54 - DEBUG - __main__ -   pred: 2
08/15/2023 13:26:54 - DEBUG - __main__ -   label: 3
08/15/2023 13:26:54 - DEBUG - __main__ -   pred: 1
08/15/2023 13:26:54 - DEBUG - __main__ -   label: 2
08/15/2023 13:26:54 - DEBUG - __main__ -   pred: 1
08/15/2023 13:26:54 - DEBUG - __main__ -   label: 2
08/15/2023 13:26:54 - DEBUG - __main__ -   pred: 2
08/15/2023 13:26:54 - DEBUG - __main__ -   label: 2
08/15/2023 13:26:54 - DEBUG - __main__ -   pred: 2
08/15/2023 13:26:54 - DEBUG - __main__ -   label: 2
08/15/2023 13:26:54 - DEBUG - __main__ -   pred: 2
08/15/2023 13:26:54 - DEBUG - __main__ -   label: 2
08/15/2023 13:26:54 - DEBUG - __main__ -   pred: 2
08/15/2023 13:26:54 - DEBUG - __main__ -   label: 1
08/15/2023 13:26:54 - DEBUG - __main__ -   pred: 1
08/15/2023 13:26:54 - DEBUG - __main__ -   label: 2
08/15/2023 13:26:54 - DEBUG - __main__ -   pred: 1
08/15/2023 13:26:54 - DEBUG - __main__ -   label: 2
08/15/2023 13:26:54 - DEBUG - __main__ -   pred: 1
08/15/2023 13:26:54 - DEBUG - __main__ -   label: 2
08/15/2023 13:26:54 - DEBUG - __main__ -   pred: 1
08/15/2023 13:26:54 - DEBUG - __main__ -   label: 1
08/15/2023 13:26:54 - DEBUG - __main__ -   pred: 1
08/15/2023 13:26:54 - DEBUG - __main__ -   label: 3
08/15/2023 13:26:54 - DEBUG - __main__ -   pred: 1
08/15/2023 13:26:54 - DEBUG - __main__ -   label: 2
08/15/2023 13:26:54 - DEBUG - __main__ -   pred: 2
08/15/2023 13:26:54 - DEBUG - __main__ -   label: 1
08/15/2023 13:26:54 - DEBUG - __main__ -   pred: 2
08/15/2023 13:26:54 - DEBUG - __main__ -   label: 1
08/15/2023 13:26:54 - DEBUG - __main__ -   pred: 2
08/15/2023 13:26:54 - DEBUG - __main__ -   label: 2
08/15/2023 13:26:54 - DEBUG - __main__ -   pred: 2
08/15/2023 13:26:54 - DEBUG - __main__ -   label: 4
08/15/2023 13:26:54 - DEBUG - __main__ -   pred: 4
08/15/2023 13:26:54 - DEBUG - __main__ -   label: 5
08/15/2023 13:26:54 - DEBUG - __main__ -   pred: 4
08/15/2023 13:26:54 - DEBUG - __main__ -   label: 5
08/15/2023 13:26:54 - DEBUG - __main__ -   pred: 5
08/15/2023 13:26:54 - DEBUG - __main__ -   label: 6
08/15/2023 13:26:54 - DEBUG - __main__ -   pred: 5
08/15/2023 13:26:54 - DEBUG - __main__ -   label: 4
08/15/2023 13:26:54 - DEBUG - __main__ -   pred: 4
08/15/2023 13:26:54 - DEBUG - __main__ -   label: 5
08/15/2023 13:26:54 - DEBUG - __main__ -   pred: 4
08/15/2023 13:26:54 - DEBUG - __main__ -   label: 4
08/15/2023 13:26:54 - DEBUG - __main__ -   pred: 5
08/15/2023 13:26:54 - DEBUG - __main__ -   label: 5
08/15/2023 13:26:54 - DEBUG - __main__ -   pred: 5
08/15/2023 13:26:54 - DEBUG - __main__ -   label: 3
08/15/2023 13:26:54 - DEBUG - __main__ -   pred: 3
08/15/2023 13:26:54 - DEBUG - __main__ -   label: 5
08/15/2023 13:26:54 - DEBUG - __main__ -   pred: 4
08/15/2023 13:26:54 - DEBUG - __main__ -   label: 6
08/15/2023 13:26:54 - DEBUG - __main__ -   pred: 4
08/15/2023 13:26:54 - DEBUG - __main__ -   label: 2
08/15/2023 13:26:54 - DEBUG - __main__ -   pred: 2
08/15/2023 13:26:54 - DEBUG - __main__ -   label: 2
08/15/2023 13:26:54 - DEBUG - __main__ -   pred: 1
08/15/2023 13:26:54 - DEBUG - __main__ -   label: 2
08/15/2023 13:26:54 - DEBUG - __main__ -   pred: 1
08/15/2023 13:26:54 - DEBUG - __main__ -   label: 2
08/15/2023 13:26:54 - DEBUG - __main__ -   pred: 1
08/15/2023 13:26:54 - DEBUG - __main__ -   label: 3
08/15/2023 13:26:54 - DEBUG - __main__ -   pred: 2
08/15/2023 13:26:54 - DEBUG - __main__ -   label: 2
08/15/2023 13:26:54 - DEBUG - __main__ -   pred: 1
08/15/2023 13:26:54 - DEBUG - __main__ -   label: 3
08/15/2023 13:26:54 - DEBUG - __main__ -   pred: 1
08/15/2023 13:26:54 - DEBUG - __main__ -   label: 3
08/15/2023 13:26:54 - DEBUG - __main__ -   pred: 1
08/15/2023 13:26:54 - DEBUG - __main__ -   label: 3
08/15/2023 13:26:54 - DEBUG - __main__ -   pred: 1
08/15/2023 13:26:54 - DEBUG - __main__ -   label: 3
08/15/2023 13:26:54 - DEBUG - __main__ -   pred: 2
08/15/2023 13:26:54 - DEBUG - __main__ -   label: 3
08/15/2023 13:26:54 - DEBUG - __main__ -   pred: 1
08/15/2023 13:26:54 - DEBUG - __main__ -   label: 3
08/15/2023 13:26:54 - DEBUG - __main__ -   pred: 1
08/15/2023 13:26:54 - DEBUG - __main__ -   label: 2
08/15/2023 13:26:54 - DEBUG - __main__ -   pred: 1
08/15/2023 13:26:54 - DEBUG - __main__ -   label: 3
08/15/2023 13:26:54 - DEBUG - __main__ -   pred: 1
08/15/2023 13:26:54 - DEBUG - __main__ -   label: 3
08/15/2023 13:26:54 - DEBUG - __main__ -   pred: 1
08/15/2023 13:26:54 - DEBUG - __main__ -   label: 2
08/15/2023 13:26:54 - DEBUG - __main__ -   pred: 1
08/15/2023 13:26:54 - DEBUG - __main__ -   label: 3
08/15/2023 13:26:54 - DEBUG - __main__ -   pred: 2
08/15/2023 13:26:54 - DEBUG - __main__ -   label: 2
08/15/2023 13:26:54 - DEBUG - __main__ -   pred: 1
08/15/2023 13:26:54 - DEBUG - __main__ -   label: 3
08/15/2023 13:26:54 - DEBUG - __main__ -   pred: 1
08/15/2023 13:26:54 - DEBUG - __main__ -   label: 3
08/15/2023 13:26:54 - DEBUG - __main__ -   pred: 2
08/15/2023 13:26:54 - DEBUG - __main__ -   label: 2
08/15/2023 13:26:54 - DEBUG - __main__ -   pred: 2
08/15/2023 13:26:54 - DEBUG - __main__ -   label: 3
08/15/2023 13:26:54 - DEBUG - __main__ -   pred: 2
08/15/2023 13:26:54 - DEBUG - __main__ -   label: 6
08/15/2023 13:26:54 - DEBUG - __main__ -   pred: 5
08/15/2023 13:26:54 - DEBUG - __main__ -   label: 5
08/15/2023 13:26:54 - DEBUG - __main__ -   pred: 5
08/15/2023 13:26:54 - DEBUG - __main__ -   label: 5
08/15/2023 13:26:54 - DEBUG - __main__ -   pred: 5
08/15/2023 13:26:54 - DEBUG - __main__ -   label: 5
08/15/2023 13:26:54 - DEBUG - __main__ -   pred: 4
08/15/2023 13:26:54 - DEBUG - __main__ -   label: 4
08/15/2023 13:26:54 - DEBUG - __main__ -   pred: 5
08/15/2023 13:26:54 - DEBUG - __main__ -   label: 6
08/15/2023 13:26:54 - DEBUG - __main__ -   pred: 5
08/15/2023 13:26:54 - DEBUG - __main__ -   label: 6
08/15/2023 13:26:54 - DEBUG - __main__ -   pred: 5
08/15/2023 13:26:54 - DEBUG - __main__ -   label: 5
08/15/2023 13:26:54 - DEBUG - __main__ -   pred: 5
08/15/2023 13:26:54 - DEBUG - __main__ -   label: 2
08/15/2023 13:26:54 - DEBUG - __main__ -   pred: 2
08/15/2023 13:26:54 - DEBUG - __main__ -   label: 3
08/15/2023 13:26:54 - DEBUG - __main__ -   pred: 2
08/15/2023 13:26:54 - DEBUG - __main__ -   label: 3
08/15/2023 13:26:54 - DEBUG - __main__ -   pred: 2
08/15/2023 13:26:54 - DEBUG - __main__ -   label: 1
08/15/2023 13:26:54 - DEBUG - __main__ -   pred: 2
08/15/2023 13:26:54 - DEBUG - __main__ -   label: 2
08/15/2023 13:26:54 - DEBUG - __main__ -   pred: 2
08/15/2023 13:26:54 - DEBUG - __main__ -   label: 3
08/15/2023 13:26:54 - DEBUG - __main__ -   pred: 2
08/15/2023 13:26:54 - DEBUG - __main__ -   label: 2
08/15/2023 13:26:54 - DEBUG - __main__ -   pred: 2
08/15/2023 13:26:54 - DEBUG - __main__ -   label: 2
08/15/2023 13:26:54 - DEBUG - __main__ -   pred: 2
08/15/2023 13:26:54 - DEBUG - __main__ -   label: 1
08/15/2023 13:26:54 - DEBUG - __main__ -   pred: 2
08/15/2023 13:26:54 - DEBUG - __main__ -   label: 2
08/15/2023 13:26:54 - DEBUG - __main__ -   pred: 2
08/15/2023 13:26:54 - DEBUG - __main__ -   label: 2
08/15/2023 13:26:54 - DEBUG - __main__ -   pred: 2
08/15/2023 13:26:54 - DEBUG - __main__ -   label: 3
08/15/2023 13:26:54 - DEBUG - __main__ -   pred: 2
08/15/2023 13:26:54 - DEBUG - __main__ -   label: 2
08/15/2023 13:26:54 - DEBUG - __main__ -   pred: 2
08/15/2023 13:26:54 - DEBUG - __main__ -   label: 2
08/15/2023 13:26:54 - DEBUG - __main__ -   pred: 3
08/15/2023 13:26:54 - DEBUG - __main__ -   label: 5
08/15/2023 13:26:54 - DEBUG - __main__ -   pred: 4
08/15/2023 13:26:54 - DEBUG - __main__ -   label: 3
08/15/2023 13:26:54 - DEBUG - __main__ -   pred: 4
08/15/2023 13:26:54 - DEBUG - __main__ -   label: 5
08/15/2023 13:26:54 - DEBUG - __main__ -   pred: 5
08/15/2023 13:26:54 - DEBUG - __main__ -   label: 5
08/15/2023 13:26:54 - DEBUG - __main__ -   pred: 4
08/15/2023 13:26:54 - DEBUG - __main__ -   label: 4
08/15/2023 13:26:54 - DEBUG - __main__ -   pred: 4
08/15/2023 13:26:54 - DEBUG - __main__ -   label: 4
08/15/2023 13:26:54 - DEBUG - __main__ -   pred: 4
08/15/2023 13:26:54 - DEBUG - __main__ -   label: 5
08/15/2023 13:26:54 - DEBUG - __main__ -   pred: 4
08/15/2023 13:26:54 - DEBUG - __main__ -   label: 6
08/15/2023 13:26:54 - DEBUG - __main__ -   pred: 5
08/15/2023 13:26:54 - DEBUG - __main__ -   label: 5
08/15/2023 13:26:54 - DEBUG - __main__ -   pred: 4
08/15/2023 13:26:54 - DEBUG - __main__ -   label: 3
08/15/2023 13:26:54 - DEBUG - __main__ -   pred: 3
08/15/2023 13:26:54 - DEBUG - __main__ -   label: 5
08/15/2023 13:26:54 - DEBUG - __main__ -   pred: 5
08/15/2023 13:26:54 - DEBUG - __main__ -   label: 4
08/15/2023 13:26:54 - DEBUG - __main__ -   pred: 4
08/15/2023 13:26:54 - DEBUG - __main__ -   label: 6
08/15/2023 13:26:54 - DEBUG - __main__ -   pred: 5
08/15/2023 13:26:54 - DEBUG - __main__ -   label: 4
08/15/2023 13:26:54 - DEBUG - __main__ -   pred: 4
08/15/2023 13:26:54 - DEBUG - __main__ -   label: 5
08/15/2023 13:26:54 - DEBUG - __main__ -   pred: 4
08/15/2023 13:26:54 - DEBUG - __main__ -   label: 4
08/15/2023 13:26:54 - DEBUG - __main__ -   pred: 5
08/15/2023 13:26:54 - DEBUG - __main__ -   label: 4
08/15/2023 13:26:54 - DEBUG - __main__ -   pred: 4
08/15/2023 13:26:54 - DEBUG - __main__ -   label: 3
08/15/2023 13:26:54 - DEBUG - __main__ -   pred: 4
08/15/2023 13:26:54 - DEBUG - __main__ -   label: 4
08/15/2023 13:26:54 - DEBUG - __main__ -   pred: 4
08/15/2023 13:26:54 - DEBUG - __main__ -   label: 5
08/15/2023 13:26:54 - DEBUG - __main__ -   pred: 4
08/15/2023 13:26:54 - DEBUG - __main__ -   label: 4
08/15/2023 13:26:54 - DEBUG - __main__ -   pred: 4
08/15/2023 13:26:54 - DEBUG - __main__ -   label: 3
08/15/2023 13:26:54 - DEBUG - __main__ -   pred: 4
08/15/2023 13:26:54 - DEBUG - __main__ -   label: 4
08/15/2023 13:26:54 - DEBUG - __main__ -   pred: 4
08/15/2023 13:26:54 - DEBUG - __main__ -   label: 5
08/15/2023 13:26:54 - DEBUG - __main__ -   pred: 4
08/15/2023 13:26:54 - DEBUG - __main__ -   label: 6
08/15/2023 13:26:54 - DEBUG - __main__ -   pred: 5
08/15/2023 13:26:54 - DEBUG - __main__ -   label: 4
08/15/2023 13:26:54 - DEBUG - __main__ -   pred: 4
08/15/2023 13:26:54 - DEBUG - __main__ -   label: 5
08/15/2023 13:26:54 - DEBUG - __main__ -   pred: 5
08/15/2023 13:26:54 - DEBUG - __main__ -   label: 5
08/15/2023 13:26:54 - DEBUG - __main__ -   pred: 5
08/15/2023 13:26:54 - DEBUG - __main__ -   label: 6
08/15/2023 13:26:54 - DEBUG - __main__ -   pred: 5
08/15/2023 13:26:54 - DEBUG - __main__ -   label: 4
08/15/2023 13:26:54 - DEBUG - __main__ -   pred: 4
08/15/2023 13:26:54 - DEBUG - __main__ -   label: 2
08/15/2023 13:26:54 - DEBUG - __main__ -   pred: 2
08/15/2023 13:26:54 - DEBUG - __main__ -   label: 2
08/15/2023 13:26:54 - DEBUG - __main__ -   pred: 2
08/15/2023 13:26:54 - DEBUG - __main__ -   label: 3
08/15/2023 13:26:54 - DEBUG - __main__ -   pred: 2
08/15/2023 13:26:54 - DEBUG - __main__ -   label: 2
08/15/2023 13:26:54 - DEBUG - __main__ -   pred: 2
08/15/2023 13:26:54 - DEBUG - __main__ -   label: 2
08/15/2023 13:26:54 - DEBUG - __main__ -   pred: 2
08/15/2023 13:26:54 - DEBUG - __main__ -   label: 3
08/15/2023 13:26:54 - DEBUG - __main__ -   pred: 1
08/15/2023 13:26:54 - DEBUG - __main__ -   label: 3
08/15/2023 13:26:54 - DEBUG - __main__ -   pred: 2
08/15/2023 13:26:54 - DEBUG - __main__ -   label: 2
08/15/2023 13:26:54 - DEBUG - __main__ -   pred: 1
08/15/2023 13:26:54 - DEBUG - __main__ -   label: 2
08/15/2023 13:26:54 - DEBUG - __main__ -   pred: 1
08/15/2023 13:26:54 - DEBUG - __main__ -   label: 2
08/15/2023 13:26:54 - DEBUG - __main__ -   pred: 1
08/15/2023 13:26:54 - DEBUG - __main__ -   label: 3
08/15/2023 13:26:54 - DEBUG - __main__ -   pred: 1
08/15/2023 13:26:54 - DEBUG - __main__ -   label: 3
08/15/2023 13:26:54 - DEBUG - __main__ -   pred: 1
08/15/2023 13:26:54 - DEBUG - __main__ -   label: 3
08/15/2023 13:26:54 - DEBUG - __main__ -   pred: 1
08/15/2023 13:26:54 - DEBUG - __main__ -   label: 2
08/15/2023 13:26:54 - DEBUG - __main__ -   pred: 2
08/15/2023 13:26:54 - DEBUG - __main__ -   label: 4
08/15/2023 13:26:54 - DEBUG - __main__ -   pred: 5
08/15/2023 13:26:54 - DEBUG - __main__ -   label: 4
08/15/2023 13:26:54 - DEBUG - __main__ -   pred: 4
08/15/2023 13:26:54 - DEBUG - __main__ -   label: 4
08/15/2023 13:26:54 - DEBUG - __main__ -   pred: 5
08/15/2023 13:26:54 - DEBUG - __main__ -   label: 3
08/15/2023 13:26:54 - DEBUG - __main__ -   pred: 4
08/15/2023 13:26:54 - DEBUG - __main__ -   label: 1
08/15/2023 13:26:54 - DEBUG - __main__ -   pred: 2
08/15/2023 13:26:54 - DEBUG - __main__ -   label: 1
08/15/2023 13:26:54 - DEBUG - __main__ -   pred: 2
08/15/2023 13:26:54 - DEBUG - __main__ -   label: 2
08/15/2023 13:26:54 - DEBUG - __main__ -   pred: 1
08/15/2023 13:26:54 - DEBUG - __main__ -   label: 1
08/15/2023 13:26:54 - DEBUG - __main__ -   pred: 1
08/15/2023 13:26:54 - DEBUG - __main__ -   label: 1
08/15/2023 13:26:54 - DEBUG - __main__ -   pred: 1
08/15/2023 13:26:54 - DEBUG - __main__ -   label: 1
08/15/2023 13:26:54 - DEBUG - __main__ -   pred: 1
08/15/2023 13:26:54 - DEBUG - __main__ -   label: 2
08/15/2023 13:26:54 - DEBUG - __main__ -   pred: 1
08/15/2023 13:26:54 - DEBUG - __main__ -   label: 2
08/15/2023 13:26:54 - DEBUG - __main__ -   pred: 1
08/15/2023 13:26:54 - DEBUG - __main__ -   label: 4
08/15/2023 13:26:54 - DEBUG - __main__ -   pred: 4
08/15/2023 13:26:54 - DEBUG - __main__ -   label: 4
08/15/2023 13:26:54 - DEBUG - __main__ -   pred: 4
08/15/2023 13:26:54 - DEBUG - __main__ -   label: 4
08/15/2023 13:26:54 - DEBUG - __main__ -   pred: 5
08/15/2023 13:26:54 - DEBUG - __main__ -   label: 4
08/15/2023 13:26:54 - DEBUG - __main__ -   pred: 4
08/15/2023 13:26:54 - DEBUG - __main__ -   label: 2
08/15/2023 13:26:54 - DEBUG - __main__ -   pred: 2
08/15/2023 13:26:54 - DEBUG - __main__ -   label: 1
08/15/2023 13:26:54 - DEBUG - __main__ -   pred: 2
08/15/2023 13:26:54 - DEBUG - __main__ -   label: 2
08/15/2023 13:26:54 - DEBUG - __main__ -   pred: 1
08/15/2023 13:26:54 - DEBUG - __main__ -   label: 1
08/15/2023 13:26:54 - DEBUG - __main__ -   pred: 2
08/15/2023 13:26:54 - DEBUG - __main__ -   label: 2
08/15/2023 13:26:54 - DEBUG - __main__ -   pred: 2
08/15/2023 13:26:54 - DEBUG - __main__ -   label: 0
08/15/2023 13:26:54 - DEBUG - __main__ -   pred: 1
08/15/2023 13:26:54 - DEBUG - __main__ -   label: 2
08/15/2023 13:26:54 - DEBUG - __main__ -   pred: 2
08/15/2023 13:26:54 - DEBUG - __main__ -   label: 0
08/15/2023 13:26:54 - DEBUG - __main__ -   pred: 1
08/15/2023 13:26:54 - DEBUG - __main__ -   label: 1
08/15/2023 13:26:54 - DEBUG - __main__ -   pred: 2
08/15/2023 13:26:54 - DEBUG - __main__ -   label: 1
08/15/2023 13:26:54 - DEBUG - __main__ -   pred: 1
08/15/2023 13:26:54 - DEBUG - __main__ -   label: 1
08/15/2023 13:26:54 - DEBUG - __main__ -   pred: 1
08/15/2023 13:26:54 - DEBUG - __main__ -   label: 1
08/15/2023 13:26:54 - DEBUG - __main__ -   pred: 1
08/15/2023 13:26:54 - DEBUG - __main__ -   label: 2
08/15/2023 13:26:54 - DEBUG - __main__ -   pred: 2
08/15/2023 13:26:54 - DEBUG - __main__ -   label: 1
08/15/2023 13:26:54 - DEBUG - __main__ -   pred: 1
08/15/2023 13:26:54 - DEBUG - __main__ -   label: 1
08/15/2023 13:26:54 - DEBUG - __main__ -   pred: 1
08/15/2023 13:26:54 - DEBUG - __main__ -   label: 1
08/15/2023 13:26:54 - DEBUG - __main__ -   pred: 1
08/15/2023 13:26:54 - DEBUG - __main__ -   label: 1
08/15/2023 13:26:54 - DEBUG - __main__ -   pred: 1
08/15/2023 13:26:54 - DEBUG - __main__ -   label: 1
08/15/2023 13:26:54 - DEBUG - __main__ -   pred: 1
08/15/2023 13:26:54 - DEBUG - __main__ -   label: 2
08/15/2023 13:26:54 - DEBUG - __main__ -   pred: 2
08/15/2023 13:26:54 - DEBUG - __main__ -   label: 4
08/15/2023 13:26:54 - DEBUG - __main__ -   pred: 4
08/15/2023 13:26:54 - DEBUG - __main__ -   label: 3
08/15/2023 13:26:54 - DEBUG - __main__ -   pred: 3
08/15/2023 13:26:54 - DEBUG - __main__ -   label: 3
08/15/2023 13:26:54 - DEBUG - __main__ -   pred: 3
08/15/2023 13:26:54 - DEBUG - __main__ -   label: 3
08/15/2023 13:26:54 - DEBUG - __main__ -   pred: 3
08/15/2023 13:26:54 - DEBUG - __main__ -   label: 4
08/15/2023 13:26:54 - DEBUG - __main__ -   pred: 4
08/15/2023 13:26:54 - DEBUG - __main__ -   label: 5
08/15/2023 13:26:54 - DEBUG - __main__ -   pred: 5
08/15/2023 13:26:54 - DEBUG - __main__ -   label: 3
08/15/2023 13:26:54 - DEBUG - __main__ -   pred: 3
08/15/2023 13:26:54 - DEBUG - __main__ -   label: 3
08/15/2023 13:26:54 - DEBUG - __main__ -   pred: 3
08/15/2023 13:26:54 - DEBUG - __main__ -   label: 3
08/15/2023 13:26:54 - DEBUG - __main__ -   pred: 3
08/15/2023 13:26:54 - DEBUG - __main__ -   label: 5
08/15/2023 13:26:54 - DEBUG - __main__ -   pred: 5
08/15/2023 13:26:54 - DEBUG - __main__ -   label: 5
08/15/2023 13:26:54 - DEBUG - __main__ -   pred: 5
08/15/2023 13:26:54 - DEBUG - __main__ -   label: 4
08/15/2023 13:26:54 - DEBUG - __main__ -   pred: 4
08/15/2023 13:26:54 - DEBUG - __main__ -   label: 5
08/15/2023 13:26:54 - DEBUG - __main__ -   pred: 5
08/15/2023 13:26:54 - DEBUG - __main__ -   label: 4
08/15/2023 13:26:54 - DEBUG - __main__ -   pred: 4
08/15/2023 13:26:54 - DEBUG - __main__ -   label: 5
08/15/2023 13:26:54 - DEBUG - __main__ -   pred: 4
08/15/2023 13:26:54 - DEBUG - __main__ -   label: 4
08/15/2023 13:26:54 - DEBUG - __main__ -   pred: 4
08/15/2023 13:26:54 - DEBUG - __main__ -   label: 4
08/15/2023 13:26:54 - DEBUG - __main__ -   pred: 5
08/15/2023 13:26:54 - DEBUG - __main__ -   label: 4
08/15/2023 13:26:54 - DEBUG - __main__ -   pred: 4
08/15/2023 13:26:54 - DEBUG - __main__ -   label: 5
08/15/2023 13:26:54 - DEBUG - __main__ -   pred: 4
08/15/2023 13:26:54 - DEBUG - __main__ -   label: 2
08/15/2023 13:26:54 - DEBUG - __main__ -   pred: 2
08/15/2023 13:26:54 - DEBUG - __main__ -   label: 1
08/15/2023 13:26:54 - DEBUG - __main__ -   pred: 2
08/15/2023 13:26:54 - DEBUG - __main__ -   label: 3
08/15/2023 13:26:54 - DEBUG - __main__ -   pred: 2
08/15/2023 13:26:54 - DEBUG - __main__ -   label: 0
08/15/2023 13:26:54 - DEBUG - __main__ -   pred: 2
08/15/2023 13:26:54 - DEBUG - __main__ -   label: 1
08/15/2023 13:26:54 - DEBUG - __main__ -   pred: 1
08/15/2023 13:26:54 - DEBUG - __main__ -   label: 2
08/15/2023 13:26:54 - DEBUG - __main__ -   pred: 2
08/15/2023 13:26:54 - DEBUG - __main__ -   label: 0
08/15/2023 13:26:54 - DEBUG - __main__ -   pred: 2
08/15/2023 13:26:54 - DEBUG - __main__ -   label: 0
08/15/2023 13:26:54 - DEBUG - __main__ -   pred: 1
08/15/2023 13:26:54 - DEBUG - __main__ -   label: 2
08/15/2023 13:26:54 - DEBUG - __main__ -   pred: 2
08/15/2023 13:26:54 - DEBUG - __main__ -   label: 1
08/15/2023 13:26:54 - DEBUG - __main__ -   pred: 1
08/15/2023 13:26:54 - DEBUG - __main__ -   label: 1
08/15/2023 13:26:54 - DEBUG - __main__ -   pred: 1
08/15/2023 13:26:54 - DEBUG - __main__ -   label: 1
08/15/2023 13:26:54 - DEBUG - __main__ -   pred: 1
08/15/2023 13:26:54 - DEBUG - __main__ -   label: 1
08/15/2023 13:26:54 - DEBUG - __main__ -   pred: 2
08/15/2023 13:26:54 - DEBUG - __main__ -   label: 1
08/15/2023 13:26:54 - DEBUG - __main__ -   pred: 2
08/15/2023 13:26:54 - DEBUG - __main__ -   label: 1
08/15/2023 13:26:54 - DEBUG - __main__ -   pred: 1
08/15/2023 13:26:54 - DEBUG - __main__ -   label: 1
08/15/2023 13:26:54 - DEBUG - __main__ -   pred: 1
08/15/2023 13:26:54 - DEBUG - __main__ -   label: 2
08/15/2023 13:26:54 - DEBUG - __main__ -   pred: 1
08/15/2023 13:26:54 - DEBUG - __main__ -   label: 1
08/15/2023 13:26:54 - DEBUG - __main__ -   pred: 2
08/15/2023 13:26:54 - DEBUG - __main__ -   label: 2
08/15/2023 13:26:54 - DEBUG - __main__ -   pred: 2
08/15/2023 13:26:54 - DEBUG - __main__ -   label: 0
08/15/2023 13:26:54 - DEBUG - __main__ -   pred: 1
08/15/2023 13:26:54 - DEBUG - __main__ -   label: 3
08/15/2023 13:26:54 - DEBUG - __main__ -   pred: 3
08/15/2023 13:26:54 - DEBUG - __main__ -   label: 6
08/15/2023 13:26:54 - DEBUG - __main__ -   pred: 4
08/15/2023 13:26:54 - DEBUG - __main__ -   label: 4
08/15/2023 13:26:54 - DEBUG - __main__ -   pred: 5
08/15/2023 13:26:54 - DEBUG - __main__ -   label: 2
08/15/2023 13:26:54 - DEBUG - __main__ -   pred: 3
08/15/2023 13:26:54 - DEBUG - __main__ -   label: 6
08/15/2023 13:26:54 - DEBUG - __main__ -   pred: 5
08/15/2023 13:26:54 - DEBUG - __main__ -   label: 6
08/15/2023 13:26:54 - DEBUG - __main__ -   pred: 5
08/15/2023 13:26:54 - DEBUG - __main__ -   label: 3
08/15/2023 13:26:54 - DEBUG - __main__ -   pred: 3
08/15/2023 13:26:54 - DEBUG - __main__ -   label: 4
08/15/2023 13:26:54 - DEBUG - __main__ -   pred: 4
08/15/2023 13:26:54 - DEBUG - __main__ -   label: 4
08/15/2023 13:26:54 - DEBUG - __main__ -   pred: 5
08/15/2023 13:26:54 - DEBUG - __main__ -   label: 5
08/15/2023 13:26:54 - DEBUG - __main__ -   pred: 5
08/15/2023 13:26:54 - DEBUG - __main__ -   label: 5
08/15/2023 13:26:54 - DEBUG - __main__ -   pred: 5
08/15/2023 13:26:54 - DEBUG - __main__ -   label: 4
08/15/2023 13:26:54 - DEBUG - __main__ -   pred: 4
08/15/2023 13:26:54 - DEBUG - __main__ -   label: 5
08/15/2023 13:26:54 - DEBUG - __main__ -   pred: 4
08/15/2023 13:26:54 - DEBUG - __main__ -   label: 1
08/15/2023 13:26:54 - DEBUG - __main__ -   pred: 1
08/15/2023 13:26:54 - DEBUG - __main__ -   label: 2
08/15/2023 13:26:54 - DEBUG - __main__ -   pred: 1
08/15/2023 13:26:54 - DEBUG - __main__ -   label: 1
08/15/2023 13:26:54 - DEBUG - __main__ -   pred: 1
08/15/2023 13:26:54 - DEBUG - __main__ -   label: 1
08/15/2023 13:26:54 - DEBUG - __main__ -   pred: 1
08/15/2023 13:26:54 - DEBUG - __main__ -   label: 1
08/15/2023 13:26:54 - DEBUG - __main__ -   pred: 2
08/15/2023 13:26:54 - DEBUG - __main__ -   label: 2
08/15/2023 13:26:54 - DEBUG - __main__ -   pred: 1
08/15/2023 13:26:54 - DEBUG - __main__ -   label: 1
08/15/2023 13:26:54 - DEBUG - __main__ -   pred: 1
08/15/2023 13:26:54 - DEBUG - __main__ -   label: 2
08/15/2023 13:26:54 - DEBUG - __main__ -   pred: 2
08/15/2023 13:26:54 - DEBUG - __main__ -   label: 1
08/15/2023 13:26:54 - DEBUG - __main__ -   pred: 1
08/15/2023 13:26:54 - DEBUG - __main__ -   label: 2
08/15/2023 13:26:54 - DEBUG - __main__ -   pred: 3
08/15/2023 13:26:54 - DEBUG - __main__ -   label: 4
08/15/2023 13:26:54 - DEBUG - __main__ -   pred: 4
08/15/2023 13:26:54 - DEBUG - __main__ -   label: 4
08/15/2023 13:26:54 - DEBUG - __main__ -   pred: 4
08/15/2023 13:26:54 - DEBUG - __main__ -   label: 2
08/15/2023 13:26:54 - DEBUG - __main__ -   pred: 2
08/15/2023 13:26:54 - DEBUG - __main__ -   label: 4
08/15/2023 13:26:54 - DEBUG - __main__ -   pred: 5
08/15/2023 13:26:54 - DEBUG - __main__ -   label: 4
08/15/2023 13:26:54 - DEBUG - __main__ -   pred: 5
08/15/2023 13:26:54 - DEBUG - __main__ -   label: 4
08/15/2023 13:26:54 - DEBUG - __main__ -   pred: 3
08/15/2023 13:26:54 - DEBUG - __main__ -   label: 4
08/15/2023 13:26:54 - DEBUG - __main__ -   pred: 4
08/15/2023 13:26:54 - DEBUG - __main__ -   label: 3
08/15/2023 13:26:54 - DEBUG - __main__ -   pred: 2
08/15/2023 13:26:54 - DEBUG - __main__ -   label: 2
08/15/2023 13:26:54 - DEBUG - __main__ -   pred: 1
08/15/2023 13:26:54 - DEBUG - __main__ -   label: 0
08/15/2023 13:26:54 - DEBUG - __main__ -   pred: 2
08/15/2023 13:26:54 - DEBUG - __main__ -   label: 2
08/15/2023 13:26:54 - DEBUG - __main__ -   pred: 1
08/15/2023 13:26:54 - DEBUG - __main__ -   label: 2
08/15/2023 13:26:54 - DEBUG - __main__ -   pred: 1
08/15/2023 13:26:54 - DEBUG - __main__ -   label: 2
08/15/2023 13:26:54 - DEBUG - __main__ -   pred: 2
08/15/2023 13:26:54 - DEBUG - __main__ -   label: 1
08/15/2023 13:26:54 - DEBUG - __main__ -   pred: 1
08/15/2023 13:26:54 - DEBUG - __main__ -   label: 1
08/15/2023 13:26:54 - DEBUG - __main__ -   pred: 1
08/15/2023 13:26:54 - DEBUG - __main__ -   label: 2
08/15/2023 13:26:54 - DEBUG - __main__ -   pred: 1
08/15/2023 13:26:54 - DEBUG - __main__ -   label: 2
08/15/2023 13:26:54 - DEBUG - __main__ -   pred: 1
08/15/2023 13:26:54 - DEBUG - __main__ -   label: 2
08/15/2023 13:26:54 - DEBUG - __main__ -   pred: 1
08/15/2023 13:26:54 - DEBUG - __main__ -   label: 2
08/15/2023 13:26:54 - DEBUG - __main__ -   pred: 1
08/15/2023 13:26:54 - DEBUG - __main__ -   label: 2
08/15/2023 13:26:54 - DEBUG - __main__ -   pred: 2
08/15/2023 13:26:54 - DEBUG - __main__ -   label: 3
08/15/2023 13:26:54 - DEBUG - __main__ -   pred: 4
08/15/2023 13:26:54 - DEBUG - __main__ -   label: 1
08/15/2023 13:26:54 - DEBUG - __main__ -   pred: 2
08/15/2023 13:26:54 - DEBUG - __main__ -   label: 2
08/15/2023 13:26:54 - DEBUG - __main__ -   pred: 2
08/15/2023 13:26:54 - DEBUG - __main__ -   label: 3
08/15/2023 13:26:54 - DEBUG - __main__ -   pred: 3
08/15/2023 13:26:54 - DEBUG - __main__ -   label: 5
08/15/2023 13:26:54 - DEBUG - __main__ -   pred: 5
08/15/2023 13:26:54 - DEBUG - __main__ -   label: 4
08/15/2023 13:26:54 - DEBUG - __main__ -   pred: 5
08/15/2023 13:26:54 - DEBUG - __main__ -   label: 4
08/15/2023 13:26:54 - DEBUG - __main__ -   pred: 4
08/15/2023 13:26:54 - DEBUG - __main__ -   label: 4
08/15/2023 13:26:54 - DEBUG - __main__ -   pred: 4
08/15/2023 13:26:54 - DEBUG - __main__ -   label: 5
08/15/2023 13:26:54 - DEBUG - __main__ -   pred: 4
08/15/2023 13:26:54 - DEBUG - __main__ -   label: 5
08/15/2023 13:26:54 - DEBUG - __main__ -   pred: 5
08/15/2023 13:26:54 - DEBUG - __main__ -   label: 4
08/15/2023 13:26:54 - DEBUG - __main__ -   pred: 4
08/15/2023 13:26:54 - DEBUG - __main__ -   label: 4
08/15/2023 13:26:54 - DEBUG - __main__ -   pred: 5
08/15/2023 13:26:54 - DEBUG - __main__ -   label: 3
08/15/2023 13:26:54 - DEBUG - __main__ -   pred: 3
08/15/2023 13:26:54 - DEBUG - __main__ -   label: 4
08/15/2023 13:26:54 - DEBUG - __main__ -   pred: 5
08/15/2023 13:26:54 - DEBUG - __main__ -   label: 4
08/15/2023 13:26:54 - DEBUG - __main__ -   pred: 5
08/15/2023 13:26:54 - DEBUG - __main__ -   label: 1
08/15/2023 13:26:54 - DEBUG - __main__ -   pred: 2
08/15/2023 13:26:54 - DEBUG - __main__ -   label: 2
08/15/2023 13:26:54 - DEBUG - __main__ -   pred: 2
08/15/2023 13:26:54 - DEBUG - __main__ -   label: 3
08/15/2023 13:26:54 - DEBUG - __main__ -   pred: 2
08/15/2023 13:26:54 - DEBUG - __main__ -   label: 0
08/15/2023 13:26:54 - DEBUG - __main__ -   pred: 1
08/15/2023 13:26:54 - DEBUG - __main__ -   label: 1
08/15/2023 13:26:54 - DEBUG - __main__ -   pred: 1
08/15/2023 13:26:54 - DEBUG - __main__ -   label: 1
08/15/2023 13:26:54 - DEBUG - __main__ -   pred: 1
08/15/2023 13:26:54 - DEBUG - __main__ -   label: 3
08/15/2023 13:26:54 - DEBUG - __main__ -   pred: 1
08/15/2023 13:26:54 - DEBUG - __main__ -   label: 1
08/15/2023 13:26:54 - DEBUG - __main__ -   pred: 1
08/15/2023 13:26:54 - DEBUG - __main__ -   label: 1
08/15/2023 13:26:54 - DEBUG - __main__ -   pred: 1
08/15/2023 13:26:54 - DEBUG - __main__ -   label: 2
08/15/2023 13:26:54 - DEBUG - __main__ -   pred: 1
08/15/2023 13:26:54 - DEBUG - __main__ -   label: 2
08/15/2023 13:26:54 - DEBUG - __main__ -   pred: 1
08/15/2023 13:26:54 - DEBUG - __main__ -   label: 2
08/15/2023 13:26:54 - DEBUG - __main__ -   pred: 1
08/15/2023 13:26:54 - DEBUG - __main__ -   label: 2
08/15/2023 13:26:54 - DEBUG - __main__ -   pred: 2
08/15/2023 13:26:54 - DEBUG - __main__ -   label: 5
08/15/2023 13:26:54 - DEBUG - __main__ -   pred: 5
08/15/2023 13:26:54 - DEBUG - __main__ -   label: 2
08/15/2023 13:26:54 - DEBUG - __main__ -   pred: 2
08/15/2023 13:26:54 - DEBUG - __main__ -   label: 6
08/15/2023 13:26:54 - DEBUG - __main__ -   pred: 5
08/15/2023 13:26:54 - DEBUG - __main__ -   label: 5
08/15/2023 13:26:54 - DEBUG - __main__ -   pred: 5
08/15/2023 13:26:54 - DEBUG - __main__ -   label: 5
08/15/2023 13:26:54 - DEBUG - __main__ -   pred: 5
08/15/2023 13:26:54 - DEBUG - __main__ -   label: 5
08/15/2023 13:26:54 - DEBUG - __main__ -   pred: 4
08/15/2023 13:26:54 - DEBUG - __main__ -   label: 5
08/15/2023 13:26:54 - DEBUG - __main__ -   pred: 4
08/15/2023 13:26:54 - DEBUG - __main__ -   label: 3
08/15/2023 13:26:54 - DEBUG - __main__ -   pred: 3
08/15/2023 13:26:54 - DEBUG - __main__ -   label: 4
08/15/2023 13:26:54 - DEBUG - __main__ -   pred: 3
08/15/2023 13:26:54 - DEBUG - __main__ -   label: 2
08/15/2023 13:26:54 - DEBUG - __main__ -   pred: 2
08/15/2023 13:26:54 - DEBUG - __main__ -   label: 2
08/15/2023 13:26:54 - DEBUG - __main__ -   pred: 2
08/15/2023 13:26:54 - DEBUG - __main__ -   label: 2
08/15/2023 13:26:54 - DEBUG - __main__ -   pred: 2
08/15/2023 13:26:54 - DEBUG - __main__ -   label: 3
08/15/2023 13:26:54 - DEBUG - __main__ -   pred: 1
08/15/2023 13:26:54 - DEBUG - __main__ -   label: 1
08/15/2023 13:26:54 - DEBUG - __main__ -   pred: 1
08/15/2023 13:26:54 - DEBUG - __main__ -   label: 2
08/15/2023 13:26:54 - DEBUG - __main__ -   pred: 2
08/15/2023 13:26:54 - DEBUG - __main__ -   label: 3
08/15/2023 13:26:54 - DEBUG - __main__ -   pred: 1
08/15/2023 13:26:54 - DEBUG - __main__ -   label: 3
08/15/2023 13:26:54 - DEBUG - __main__ -   pred: 1
08/15/2023 13:26:54 - DEBUG - __main__ -   label: 2
08/15/2023 13:26:54 - DEBUG - __main__ -   pred: 1
08/15/2023 13:26:54 - DEBUG - __main__ -   label: 1
08/15/2023 13:26:54 - DEBUG - __main__ -   pred: 1
08/15/2023 13:26:54 - DEBUG - __main__ -   label: 2
08/15/2023 13:26:54 - DEBUG - __main__ -   pred: 2
08/15/2023 13:26:54 - DEBUG - __main__ -   label: 2
08/15/2023 13:26:54 - DEBUG - __main__ -   pred: 2
08/15/2023 13:26:54 - DEBUG - __main__ -   label: 2
08/15/2023 13:26:54 - DEBUG - __main__ -   pred: 3
08/15/2023 13:26:54 - DEBUG - __main__ -   label: 3
08/15/2023 13:26:54 - DEBUG - __main__ -   pred: 2
08/15/2023 13:26:54 - DEBUG - __main__ -   label: 4
08/15/2023 13:26:54 - DEBUG - __main__ -   pred: 4
08/15/2023 13:26:54 - DEBUG - __main__ -   label: 5
08/15/2023 13:26:54 - DEBUG - __main__ -   pred: 4
08/15/2023 13:26:54 - DEBUG - __main__ -   label: 4
08/15/2023 13:26:54 - DEBUG - __main__ -   pred: 4
08/15/2023 13:26:54 - DEBUG - __main__ -   label: 4
08/15/2023 13:26:54 - DEBUG - __main__ -   pred: 4
08/15/2023 13:26:54 - DEBUG - __main__ -   label: 4
08/15/2023 13:26:54 - DEBUG - __main__ -   pred: 4
08/15/2023 13:26:54 - DEBUG - __main__ -   label: 4
08/15/2023 13:26:54 - DEBUG - __main__ -   pred: 4
08/15/2023 13:26:54 - DEBUG - __main__ -   label: 4
08/15/2023 13:26:54 - DEBUG - __main__ -   pred: 4
08/15/2023 13:26:54 - DEBUG - __main__ -   label: 2
08/15/2023 13:26:54 - DEBUG - __main__ -   pred: 2
08/15/2023 13:26:54 - DEBUG - __main__ -   label: 1
08/15/2023 13:26:54 - DEBUG - __main__ -   pred: 2
08/15/2023 13:26:54 - DEBUG - __main__ -   label: 1
08/15/2023 13:26:54 - DEBUG - __main__ -   pred: 1
08/15/2023 13:26:54 - DEBUG - __main__ -   label: 0
08/15/2023 13:26:54 - DEBUG - __main__ -   pred: 1
08/15/2023 13:26:54 - DEBUG - __main__ -   label: 2
08/15/2023 13:26:54 - DEBUG - __main__ -   pred: 2
08/15/2023 13:26:54 - DEBUG - __main__ -   label: 1
08/15/2023 13:26:54 - DEBUG - __main__ -   pred: 1
08/15/2023 13:26:54 - DEBUG - __main__ -   label: 1
08/15/2023 13:26:54 - DEBUG - __main__ -   pred: 1
08/15/2023 13:26:54 - DEBUG - __main__ -   label: 2
08/15/2023 13:26:54 - DEBUG - __main__ -   pred: 2
08/15/2023 13:26:54 - DEBUG - __main__ -   label: 1
08/15/2023 13:26:54 - DEBUG - __main__ -   pred: 1
08/15/2023 13:26:54 - DEBUG - __main__ -   label: 2
08/15/2023 13:26:54 - DEBUG - __main__ -   pred: 1
08/15/2023 13:26:54 - DEBUG - __main__ -   label: 2
08/15/2023 13:26:54 - DEBUG - __main__ -   pred: 2
08/15/2023 13:26:54 - DEBUG - __main__ -   label: 2
08/15/2023 13:26:54 - DEBUG - __main__ -   pred: 1
08/15/2023 13:26:54 - DEBUG - __main__ -   label: 1
08/15/2023 13:26:54 - DEBUG - __main__ -   pred: 1
08/15/2023 13:26:54 - DEBUG - __main__ -   label: 1
08/15/2023 13:26:54 - DEBUG - __main__ -   pred: 1
08/15/2023 13:26:54 - DEBUG - __main__ -   label: 1
08/15/2023 13:26:54 - DEBUG - __main__ -   pred: 1
08/15/2023 13:26:54 - DEBUG - __main__ -   label: 1
08/15/2023 13:26:54 - DEBUG - __main__ -   pred: 1
08/15/2023 13:26:54 - DEBUG - __main__ -   label: 1
08/15/2023 13:26:54 - DEBUG - __main__ -   pred: 1
08/15/2023 13:26:54 - DEBUG - __main__ -   label: 1
08/15/2023 13:26:54 - DEBUG - __main__ -   pred: 1
08/15/2023 13:26:54 - DEBUG - __main__ -   label: 1
08/15/2023 13:26:54 - DEBUG - __main__ -   pred: 1
08/15/2023 13:26:54 - DEBUG - __main__ -   label: 1
08/15/2023 13:26:54 - DEBUG - __main__ -   pred: 1
08/15/2023 13:26:54 - DEBUG - __main__ -   label: 2
08/15/2023 13:26:54 - DEBUG - __main__ -   pred: 1
08/15/2023 13:26:54 - DEBUG - __main__ -   label: 1
08/15/2023 13:26:54 - DEBUG - __main__ -   pred: 2
08/15/2023 13:26:54 - DEBUG - __main__ -   label: 3
08/15/2023 13:26:54 - DEBUG - __main__ -   pred: 4
08/15/2023 13:26:54 - DEBUG - __main__ -   label: 4
08/15/2023 13:26:54 - DEBUG - __main__ -   pred: 4
08/15/2023 13:26:54 - DEBUG - __main__ -   label: 3
08/15/2023 13:26:54 - DEBUG - __main__ -   pred: 3
08/15/2023 13:26:54 - DEBUG - __main__ -   label: 2
08/15/2023 13:26:54 - DEBUG - __main__ -   pred: 2
08/15/2023 13:26:54 - DEBUG - __main__ -   label: 4
08/15/2023 13:26:54 - DEBUG - __main__ -   pred: 4
08/15/2023 13:26:54 - DEBUG - __main__ -   label: 2
08/15/2023 13:26:54 - DEBUG - __main__ -   pred: 1
08/15/2023 13:26:54 - DEBUG - __main__ -   label: 3
08/15/2023 13:26:54 - DEBUG - __main__ -   pred: 3
08/15/2023 13:26:54 - DEBUG - __main__ -   label: 2
08/15/2023 13:26:54 - DEBUG - __main__ -   pred: 2
08/15/2023 13:26:54 - DEBUG - __main__ -   label: 2
08/15/2023 13:26:54 - DEBUG - __main__ -   pred: 1
08/15/2023 13:26:54 - DEBUG - __main__ -   label: 3
08/15/2023 13:26:54 - DEBUG - __main__ -   pred: 4
08/15/2023 13:26:54 - DEBUG - __main__ -   label: 4
08/15/2023 13:26:54 - DEBUG - __main__ -   pred: 5
08/15/2023 13:26:54 - DEBUG - __main__ -   label: 5
08/15/2023 13:26:54 - DEBUG - __main__ -   pred: 5
08/15/2023 13:26:54 - DEBUG - __main__ -   label: 4
08/15/2023 13:26:54 - DEBUG - __main__ -   pred: 4
08/15/2023 13:26:54 - DEBUG - __main__ -   label: 4
08/15/2023 13:26:54 - DEBUG - __main__ -   pred: 3
08/15/2023 13:26:54 - DEBUG - __main__ -   label: 4
08/15/2023 13:26:54 - DEBUG - __main__ -   pred: 5
08/15/2023 13:26:54 - DEBUG - __main__ -   label: 3
08/15/2023 13:26:54 - DEBUG - __main__ -   pred: 3
08/15/2023 13:26:54 - DEBUG - __main__ -   label: 3
08/15/2023 13:26:54 - DEBUG - __main__ -   pred: 3
08/15/2023 13:26:54 - DEBUG - __main__ -   label: 4
08/15/2023 13:26:54 - DEBUG - __main__ -   pred: 4
08/15/2023 13:26:54 - DEBUG - __main__ -   label: 4
08/15/2023 13:26:54 - DEBUG - __main__ -   pred: 4
