08/14/2023 11:39:58 - DEBUG - __main__ -   Dropped classes [1]
******** Training fold 2 ********
08/14/2023 11:39:58 - DEBUG - __main__ -   Processor loaded. CPU mem usage: 0.38G.  Cuda 0: memory acclocated: 0 G.
08/14/2023 11:40:02 - DEBUG - __main__ -   Model loaded. CPU mem usage: 1.99G.  Cuda 0: memory acclocated: 0 G.
Wav2Vec2ForSequenceClassification(
  (wav2vec2): Wav2Vec2Model(
    (feature_extractor): Wav2Vec2FeatureEncoder(
      (conv_layers): ModuleList(
        (0): Wav2Vec2LayerNormConvLayer(
          (conv): Conv1d(1, 512, kernel_size=(10,), stride=(5,))
          (layer_norm): LayerNorm((512,), eps=1e-05, elementwise_affine=True)
          (activation): GELUActivation()
        )
        (1-4): 4 x Wav2Vec2LayerNormConvLayer(
          (conv): Conv1d(512, 512, kernel_size=(3,), stride=(2,))
          (layer_norm): LayerNorm((512,), eps=1e-05, elementwise_affine=True)
          (activation): GELUActivation()
        )
        (5-6): 2 x Wav2Vec2LayerNormConvLayer(
          (conv): Conv1d(512, 512, kernel_size=(2,), stride=(2,))
          (layer_norm): LayerNorm((512,), eps=1e-05, elementwise_affine=True)
          (activation): GELUActivation()
        )
      )
    )
    (feature_projection): Wav2Vec2FeatureProjection(
      (layer_norm): LayerNorm((512,), eps=1e-05, elementwise_affine=True)
      (projection): Linear(in_features=512, out_features=1024, bias=True)
      (dropout): Dropout(p=0.1, inplace=False)
    )
    (encoder): Wav2Vec2EncoderStableLayerNorm(
      (pos_conv_embed): Wav2Vec2PositionalConvEmbedding(
        (conv): Conv1d(1024, 1024, kernel_size=(128,), stride=(1,), padding=(64,), groups=16)
        (padding): Wav2Vec2SamePadLayer()
        (activation): GELUActivation()
      )
      (layer_norm): LayerNorm((1024,), eps=1e-05, elementwise_affine=True)
      (dropout): Dropout(p=0.1, inplace=False)
      (layers): ModuleList(
        (0-23): 24 x Wav2Vec2EncoderLayerStableLayerNorm(
          (attention): Wav2Vec2Attention(
            (k_proj): Linear(in_features=1024, out_features=1024, bias=True)
            (v_proj): Linear(in_features=1024, out_features=1024, bias=True)
            (q_proj): Linear(in_features=1024, out_features=1024, bias=True)
            (out_proj): Linear(in_features=1024, out_features=1024, bias=True)
          )
          (dropout): Dropout(p=0.1, inplace=False)
          (layer_norm): LayerNorm((1024,), eps=1e-05, elementwise_affine=True)
          (feed_forward): Wav2Vec2FeedForward(
            (intermediate_dropout): Dropout(p=0.0, inplace=False)
            (intermediate_dense): Linear(in_features=1024, out_features=4096, bias=True)
            (intermediate_act_fn): GELUActivation()
            (output_dense): Linear(in_features=4096, out_features=1024, bias=True)
            (output_dropout): Dropout(p=0.1, inplace=False)
          )
          (final_layer_norm): LayerNorm((1024,), eps=1e-05, elementwise_affine=True)
        )
      )
    )
  )
  (projector): Linear(in_features=1024, out_features=256, bias=True)
  (classifier): Linear(in_features=256, out_features=6, bias=True)
)
08/14/2023 11:40:32 - DEBUG - __main__ -   Speech loaded. N_train=1567, N_eval=543. CPU mem usage: 5.91G.  Cuda 0: memory acclocated: 0 G.
08/14/2023 11:41:06 - DEBUG - __main__ -   Feature extracted. Duration: 0:00:33 CPU mem usage: 8.96G.  Cuda 0: memory acclocated: 0 G.
08/14/2023 11:41:06 - DEBUG - urllib3.connectionpool -   Starting new HTTPS connection (1): s3.amazonaws.com:443
08/14/2023 11:41:07 - DEBUG - urllib3.connectionpool -   https://s3.amazonaws.com:443 "HEAD /datasets.huggingface.co/datasets/metrics/evaluate-metric/precision/evaluate-metric/precision.py HTTP/1.1" 404 0
08/14/2023 11:41:07 - DEBUG - urllib3.connectionpool -   Starting new HTTPS connection (1): huggingface.co:443
08/14/2023 11:41:07 - DEBUG - urllib3.connectionpool -   https://huggingface.co:443 "HEAD /spaces/evaluate-metric/precision/resolve/v0.4.0/precision.py HTTP/1.1" 200 0
08/14/2023 11:41:07 - DEBUG - urllib3.connectionpool -   Starting new HTTPS connection (1): s3.amazonaws.com:443
08/14/2023 11:41:07 - DEBUG - urllib3.connectionpool -   https://s3.amazonaws.com:443 "HEAD /datasets.huggingface.co/datasets/metrics/evaluate-metric/recall/evaluate-metric/recall.py HTTP/1.1" 404 0
08/14/2023 11:41:07 - DEBUG - urllib3.connectionpool -   Starting new HTTPS connection (1): huggingface.co:443
08/14/2023 11:41:07 - DEBUG - urllib3.connectionpool -   https://huggingface.co:443 "HEAD /spaces/evaluate-metric/recall/resolve/v0.4.0/recall.py HTTP/1.1" 200 0
08/14/2023 11:41:07 - DEBUG - urllib3.connectionpool -   Starting new HTTPS connection (1): s3.amazonaws.com:443
08/14/2023 11:41:08 - DEBUG - urllib3.connectionpool -   https://s3.amazonaws.com:443 "HEAD /datasets.huggingface.co/datasets/metrics/evaluate-metric/f1/evaluate-metric/f1.py HTTP/1.1" 404 0
08/14/2023 11:41:08 - DEBUG - urllib3.connectionpool -   Starting new HTTPS connection (1): huggingface.co:443
08/14/2023 11:41:08 - DEBUG - urllib3.connectionpool -   https://huggingface.co:443 "HEAD /spaces/evaluate-metric/f1/resolve/v0.4.0/f1.py HTTP/1.1" 200 0
08/14/2023 11:41:08 - DEBUG - urllib3.connectionpool -   Starting new HTTPS connection (1): s3.amazonaws.com:443
08/14/2023 11:41:09 - DEBUG - urllib3.connectionpool -   https://s3.amazonaws.com:443 "HEAD /datasets.huggingface.co/datasets/metrics/evaluate-metric/spearmanr/evaluate-metric/spearmanr.py HTTP/1.1" 404 0
08/14/2023 11:41:09 - DEBUG - urllib3.connectionpool -   Starting new HTTPS connection (1): huggingface.co:443
08/14/2023 11:41:09 - DEBUG - urllib3.connectionpool -   https://huggingface.co:443 "HEAD /spaces/evaluate-metric/spearmanr/resolve/v0.4.0/spearmanr.py HTTP/1.1" 200 0
08/14/2023 11:41:11 - DEBUG - __main__ -   Training starts now. CPU mem usage: 8.37G.  Cuda 0: memory acclocated: 2 G.
08/14/2023 11:41:11 - DEBUG - helper.classes -   ----------- Starting epoch 1 -----------
{'loss': 1.6913, 'learning_rate': 1.913265306122449e-05, 'epoch': 0.64}
08/14/2023 12:01:39 - DEBUG - helper.classes -   Epoch 1.0 completed, Duration: 0:20:27 Mem usage: CPU mem usage: 9.63G.  Cuda 0: memory acclocated: 28 G.
08/14/2023 12:03:49 - DEBUG - fsspec.local -   open file: /home/lunt1/.cache/huggingface/metrics/precision/default/default_experiment-1-0.arrow
08/14/2023 12:03:49 - DEBUG - fsspec.local -   open file: /home/lunt1/.cache/huggingface/metrics/recall/default/default_experiment-1-0.arrow
08/14/2023 12:03:49 - DEBUG - fsspec.local -   open file: /home/lunt1/.cache/huggingface/metrics/f1/default/default_experiment-1-0.arrow
08/14/2023 12:03:49 - DEBUG - fsspec.local -   open file: /home/lunt1/.cache/huggingface/metrics/spearmanr/default/default_experiment-1-0.arrow
08/14/2023 12:03:49 - DEBUG - fsspec.local -   open file: /home/lunt1/.cache/huggingface/metrics/precision/default/default_experiment-1-0.arrow
08/14/2023 12:03:49 - DEBUG - fsspec.local -   open file: /home/lunt1/.cache/huggingface/metrics/recall/default/default_experiment-1-0.arrow
08/14/2023 12:03:49 - DEBUG - fsspec.local -   open file: /home/lunt1/.cache/huggingface/metrics/f1/default/default_experiment-1-0.arrow
{'eval_loss': 1.3241970539093018, 'eval_precision': 0.2017720935591658, 'eval_recall': 0.29945258079250886, 'eval_f1': 0.19158455700642527, 'eval_spearmanr': 0.7923946080693588, 'eval_precision_weighted': 0.2577533246886019, 'eval_recall_weighted': 0.40699815837937386, 'eval_f1_weighted': 0.261854964822289, 'eval_runtime': 129.7079, 'eval_samples_per_second': 4.186, 'eval_steps_per_second': 2.097, 'epoch': 1.0}
08/14/2023 12:03:55 - DEBUG - helper.classes -   ----------- Starting epoch 2.0 -----------
{'loss': 1.2877, 'learning_rate': 2.9081632653061224e-05, 'epoch': 1.28}
{'loss': 1.2102, 'learning_rate': 2.695578231292517e-05, 'epoch': 1.91}
08/14/2023 12:24:30 - DEBUG - helper.classes -   Epoch 2.0 completed, Duration: 0:20:35 Mem usage: CPU mem usage: 9.95G.  Cuda 0: memory acclocated: 29 G.
08/14/2023 12:26:38 - DEBUG - fsspec.local -   open file: /home/lunt1/.cache/huggingface/metrics/precision/default/default_experiment-1-0.arrow
08/14/2023 12:26:38 - DEBUG - fsspec.local -   open file: /home/lunt1/.cache/huggingface/metrics/recall/default/default_experiment-1-0.arrow
08/14/2023 12:26:38 - DEBUG - fsspec.local -   open file: /home/lunt1/.cache/huggingface/metrics/f1/default/default_experiment-1-0.arrow
08/14/2023 12:26:38 - DEBUG - fsspec.local -   open file: /home/lunt1/.cache/huggingface/metrics/spearmanr/default/default_experiment-1-0.arrow
08/14/2023 12:26:38 - DEBUG - fsspec.local -   open file: /home/lunt1/.cache/huggingface/metrics/precision/default/default_experiment-1-0.arrow
08/14/2023 12:26:38 - DEBUG - fsspec.local -   open file: /home/lunt1/.cache/huggingface/metrics/recall/default/default_experiment-1-0.arrow
08/14/2023 12:26:38 - DEBUG - fsspec.local -   open file: /home/lunt1/.cache/huggingface/metrics/f1/default/default_experiment-1-0.arrow
{'eval_loss': 1.364781141281128, 'eval_precision': 0.36061516231353186, 'eval_recall': 0.37121885824673595, 'eval_f1': 0.32513505634484513, 'eval_spearmanr': 0.8086486551537961, 'eval_precision_weighted': 0.402244813347834, 'eval_recall_weighted': 0.43278084714548803, 'eval_f1_weighted': 0.37232685601347537, 'eval_runtime': 128.4247, 'eval_samples_per_second': 4.228, 'eval_steps_per_second': 2.118, 'epoch': 2.0}
08/14/2023 12:26:45 - DEBUG - helper.classes -   ----------- Starting epoch 3.0 -----------
{'loss': 1.1753, 'learning_rate': 2.4829931972789116e-05, 'epoch': 2.55}
08/14/2023 12:47:30 - DEBUG - helper.classes -   Epoch 3.0 completed, Duration: 0:20:45 Mem usage: CPU mem usage: 9.84G.  Cuda 0: memory acclocated: 29 G.
08/14/2023 12:49:39 - DEBUG - fsspec.local -   open file: /home/lunt1/.cache/huggingface/metrics/precision/default/default_experiment-1-0.arrow
08/14/2023 12:49:39 - DEBUG - fsspec.local -   open file: /home/lunt1/.cache/huggingface/metrics/recall/default/default_experiment-1-0.arrow
08/14/2023 12:49:39 - DEBUG - fsspec.local -   open file: /home/lunt1/.cache/huggingface/metrics/f1/default/default_experiment-1-0.arrow
08/14/2023 12:49:39 - DEBUG - fsspec.local -   open file: /home/lunt1/.cache/huggingface/metrics/spearmanr/default/default_experiment-1-0.arrow
08/14/2023 12:49:39 - DEBUG - fsspec.local -   open file: /home/lunt1/.cache/huggingface/metrics/precision/default/default_experiment-1-0.arrow
08/14/2023 12:49:39 - DEBUG - fsspec.local -   open file: /home/lunt1/.cache/huggingface/metrics/recall/default/default_experiment-1-0.arrow
08/14/2023 12:49:39 - DEBUG - fsspec.local -   open file: /home/lunt1/.cache/huggingface/metrics/f1/default/default_experiment-1-0.arrow
{'eval_loss': 1.2779996395111084, 'eval_precision': 0.35557482105826477, 'eval_recall': 0.3769987581363481, 'eval_f1': 0.359451067215465, 'eval_spearmanr': 0.8024922935488222, 'eval_precision_weighted': 0.3994007603753314, 'eval_recall_weighted': 0.43830570902394106, 'eval_f1_weighted': 0.41290499336791747, 'eval_runtime': 128.7845, 'eval_samples_per_second': 4.216, 'eval_steps_per_second': 2.112, 'epoch': 3.0}
08/14/2023 12:49:46 - DEBUG - helper.classes -   ----------- Starting epoch 4.0 -----------
{'loss': 1.0991, 'learning_rate': 2.2704081632653062e-05, 'epoch': 3.19}
{'loss': 1.0587, 'learning_rate': 2.0578231292517008e-05, 'epoch': 3.83}
08/14/2023 13:10:21 - DEBUG - helper.classes -   Epoch 4.0 completed, Duration: 0:20:35 Mem usage: CPU mem usage: 9.74G.  Cuda 0: memory acclocated: 29 G.
08/14/2023 13:12:30 - DEBUG - fsspec.local -   open file: /home/lunt1/.cache/huggingface/metrics/precision/default/default_experiment-1-0.arrow
08/14/2023 13:12:30 - DEBUG - fsspec.local -   open file: /home/lunt1/.cache/huggingface/metrics/recall/default/default_experiment-1-0.arrow
08/14/2023 13:12:30 - DEBUG - fsspec.local -   open file: /home/lunt1/.cache/huggingface/metrics/f1/default/default_experiment-1-0.arrow
08/14/2023 13:12:31 - DEBUG - fsspec.local -   open file: /home/lunt1/.cache/huggingface/metrics/spearmanr/default/default_experiment-1-0.arrow
08/14/2023 13:12:31 - DEBUG - fsspec.local -   open file: /home/lunt1/.cache/huggingface/metrics/precision/default/default_experiment-1-0.arrow
08/14/2023 13:12:31 - DEBUG - fsspec.local -   open file: /home/lunt1/.cache/huggingface/metrics/recall/default/default_experiment-1-0.arrow
08/14/2023 13:12:31 - DEBUG - fsspec.local -   open file: /home/lunt1/.cache/huggingface/metrics/f1/default/default_experiment-1-0.arrow
{'eval_loss': 1.4903967380523682, 'eval_precision': 0.3533306740075683, 'eval_recall': 0.407830640249705, 'eval_f1': 0.32716310449008074, 'eval_spearmanr': 0.7990031075167932, 'eval_precision_weighted': 0.4076115635056216, 'eval_recall_weighted': 0.4198895027624309, 'eval_f1_weighted': 0.36167511266872576, 'eval_runtime': 129.0955, 'eval_samples_per_second': 4.206, 'eval_steps_per_second': 2.107, 'epoch': 4.0}
08/14/2023 13:12:37 - DEBUG - helper.classes -   ----------- Starting epoch 5.0 -----------
{'loss': 0.9992, 'learning_rate': 1.8452380952380954e-05, 'epoch': 4.46}
08/14/2023 13:32:53 - DEBUG - helper.classes -   Epoch 5.0 completed, Duration: 0:20:16 Mem usage: CPU mem usage: 9.77G.  Cuda 0: memory acclocated: 29 G.
08/14/2023 13:35:02 - DEBUG - fsspec.local -   open file: /home/lunt1/.cache/huggingface/metrics/precision/default/default_experiment-1-0.arrow
08/14/2023 13:35:02 - DEBUG - fsspec.local -   open file: /home/lunt1/.cache/huggingface/metrics/recall/default/default_experiment-1-0.arrow
08/14/2023 13:35:02 - DEBUG - fsspec.local -   open file: /home/lunt1/.cache/huggingface/metrics/f1/default/default_experiment-1-0.arrow
08/14/2023 13:35:02 - DEBUG - fsspec.local -   open file: /home/lunt1/.cache/huggingface/metrics/spearmanr/default/default_experiment-1-0.arrow
08/14/2023 13:35:02 - DEBUG - fsspec.local -   open file: /home/lunt1/.cache/huggingface/metrics/precision/default/default_experiment-1-0.arrow
08/14/2023 13:35:02 - DEBUG - fsspec.local -   open file: /home/lunt1/.cache/huggingface/metrics/recall/default/default_experiment-1-0.arrow
08/14/2023 13:35:02 - DEBUG - fsspec.local -   open file: /home/lunt1/.cache/huggingface/metrics/f1/default/default_experiment-1-0.arrow
{'eval_loss': 1.429914951324463, 'eval_precision': 0.382065418828762, 'eval_recall': 0.42910338395949904, 'eval_f1': 0.385701236454098, 'eval_spearmanr': 0.8127745747300953, 'eval_precision_weighted': 0.4319684410698397, 'eval_recall_weighted': 0.47882136279926335, 'eval_f1_weighted': 0.4342527706890049, 'eval_runtime': 128.4621, 'eval_samples_per_second': 4.227, 'eval_steps_per_second': 2.117, 'epoch': 5.0}
08/14/2023 13:35:08 - DEBUG - helper.classes -   ----------- Starting epoch 6.0 -----------
{'loss': 0.9915, 'learning_rate': 1.63265306122449e-05, 'epoch': 5.1}
{'loss': 0.8678, 'learning_rate': 1.4200680272108844e-05, 'epoch': 5.74}
08/14/2023 13:55:33 - DEBUG - helper.classes -   Epoch 6.0 completed, Duration: 0:20:24 Mem usage: CPU mem usage: 9.74G.  Cuda 0: memory acclocated: 29 G.
08/14/2023 13:57:41 - DEBUG - fsspec.local -   open file: /home/lunt1/.cache/huggingface/metrics/precision/default/default_experiment-1-0.arrow
08/14/2023 13:57:42 - DEBUG - fsspec.local -   open file: /home/lunt1/.cache/huggingface/metrics/recall/default/default_experiment-1-0.arrow
08/14/2023 13:57:42 - DEBUG - fsspec.local -   open file: /home/lunt1/.cache/huggingface/metrics/f1/default/default_experiment-1-0.arrow
08/14/2023 13:57:42 - DEBUG - fsspec.local -   open file: /home/lunt1/.cache/huggingface/metrics/spearmanr/default/default_experiment-1-0.arrow
08/14/2023 13:57:43 - DEBUG - fsspec.local -   open file: /home/lunt1/.cache/huggingface/metrics/precision/default/default_experiment-1-0.arrow
08/14/2023 13:57:43 - DEBUG - fsspec.local -   open file: /home/lunt1/.cache/huggingface/metrics/recall/default/default_experiment-1-0.arrow
08/14/2023 13:57:43 - DEBUG - fsspec.local -   open file: /home/lunt1/.cache/huggingface/metrics/f1/default/default_experiment-1-0.arrow
{'eval_loss': 1.4510105848312378, 'eval_precision': 0.3873972085588934, 'eval_recall': 0.4059189553119409, 'eval_f1': 0.38203755735316713, 'eval_spearmanr': 0.8165089136113086, 'eval_precision_weighted': 0.43054941247350564, 'eval_recall_weighted': 0.4861878453038674, 'eval_f1_weighted': 0.44326989077501744, 'eval_runtime': 129.419, 'eval_samples_per_second': 4.196, 'eval_steps_per_second': 2.102, 'epoch': 6.0}
08/14/2023 13:57:50 - DEBUG - helper.classes -   ----------- Starting epoch 7.0 -----------
{'loss': 0.8734, 'learning_rate': 1.207482993197279e-05, 'epoch': 6.38}
08/14/2023 14:18:27 - DEBUG - helper.classes -   Epoch 7.0 completed, Duration: 0:20:37 Mem usage: CPU mem usage: 9.76G.  Cuda 0: memory acclocated: 29 G.
08/14/2023 14:20:35 - DEBUG - fsspec.local -   open file: /home/lunt1/.cache/huggingface/metrics/precision/default/default_experiment-1-0.arrow
08/14/2023 14:20:35 - DEBUG - fsspec.local -   open file: /home/lunt1/.cache/huggingface/metrics/recall/default/default_experiment-1-0.arrow
08/14/2023 14:20:35 - DEBUG - fsspec.local -   open file: /home/lunt1/.cache/huggingface/metrics/f1/default/default_experiment-1-0.arrow
08/14/2023 14:20:35 - DEBUG - fsspec.local -   open file: /home/lunt1/.cache/huggingface/metrics/spearmanr/default/default_experiment-1-0.arrow
08/14/2023 14:20:35 - DEBUG - fsspec.local -   open file: /home/lunt1/.cache/huggingface/metrics/precision/default/default_experiment-1-0.arrow
08/14/2023 14:20:35 - DEBUG - fsspec.local -   open file: /home/lunt1/.cache/huggingface/metrics/recall/default/default_experiment-1-0.arrow
08/14/2023 14:20:35 - DEBUG - fsspec.local -   open file: /home/lunt1/.cache/huggingface/metrics/f1/default/default_experiment-1-0.arrow
{'eval_loss': 1.7155932188034058, 'eval_precision': 0.3768708426496647, 'eval_recall': 0.4309602318145484, 'eval_f1': 0.38990769380614937, 'eval_spearmanr': 0.8030778463559378, 'eval_precision_weighted': 0.4275974504490682, 'eval_recall_weighted': 0.4714548802946593, 'eval_f1_weighted': 0.4353064945638566, 'eval_runtime': 128.373, 'eval_samples_per_second': 4.23, 'eval_steps_per_second': 2.119, 'epoch': 7.0}
08/14/2023 14:20:42 - DEBUG - helper.classes -   ----------- Starting epoch 8.0 -----------
{'loss': 0.8223, 'learning_rate': 9.948979591836735e-06, 'epoch': 7.02}
{'loss': 0.7854, 'learning_rate': 7.823129251700681e-06, 'epoch': 7.65}
08/14/2023 14:41:27 - DEBUG - helper.classes -   Epoch 8.0 completed, Duration: 0:20:45 Mem usage: CPU mem usage: 9.76G.  Cuda 0: memory acclocated: 29 G.
08/14/2023 14:43:35 - DEBUG - fsspec.local -   open file: /home/lunt1/.cache/huggingface/metrics/precision/default/default_experiment-1-0.arrow
08/14/2023 14:43:35 - DEBUG - fsspec.local -   open file: /home/lunt1/.cache/huggingface/metrics/recall/default/default_experiment-1-0.arrow
08/14/2023 14:43:35 - DEBUG - fsspec.local -   open file: /home/lunt1/.cache/huggingface/metrics/f1/default/default_experiment-1-0.arrow
08/14/2023 14:43:35 - DEBUG - fsspec.local -   open file: /home/lunt1/.cache/huggingface/metrics/spearmanr/default/default_experiment-1-0.arrow
08/14/2023 14:43:35 - DEBUG - fsspec.local -   open file: /home/lunt1/.cache/huggingface/metrics/precision/default/default_experiment-1-0.arrow
08/14/2023 14:43:35 - DEBUG - fsspec.local -   open file: /home/lunt1/.cache/huggingface/metrics/recall/default/default_experiment-1-0.arrow
08/14/2023 14:43:35 - DEBUG - fsspec.local -   open file: /home/lunt1/.cache/huggingface/metrics/f1/default/default_experiment-1-0.arrow
{'eval_loss': 1.8192498683929443, 'eval_precision': 0.39463992176787716, 'eval_recall': 0.4299362890639869, 'eval_f1': 0.4076508054442008, 'eval_spearmanr': 0.8094721558728726, 'eval_precision_weighted': 0.4412892915886029, 'eval_recall_weighted': 0.4843462246777164, 'eval_f1_weighted': 0.45780314266847777, 'eval_runtime': 128.6252, 'eval_samples_per_second': 4.222, 'eval_steps_per_second': 2.115, 'epoch': 8.0}
08/14/2023 14:43:42 - DEBUG - helper.classes -   ----------- Starting epoch 9.0 -----------
{'loss': 0.8009, 'learning_rate': 5.697278911564626e-06, 'epoch': 8.29}
{'loss': 0.7361, 'learning_rate': 3.5714285714285714e-06, 'epoch': 8.93}
08/14/2023 15:04:13 - DEBUG - helper.classes -   Epoch 9.0 completed, Duration: 0:20:30 Mem usage: CPU mem usage: 9.75G.  Cuda 0: memory acclocated: 29 G.
08/14/2023 15:06:21 - DEBUG - fsspec.local -   open file: /home/lunt1/.cache/huggingface/metrics/precision/default/default_experiment-1-0.arrow
08/14/2023 15:06:21 - DEBUG - fsspec.local -   open file: /home/lunt1/.cache/huggingface/metrics/recall/default/default_experiment-1-0.arrow
08/14/2023 15:06:21 - DEBUG - fsspec.local -   open file: /home/lunt1/.cache/huggingface/metrics/f1/default/default_experiment-1-0.arrow
08/14/2023 15:06:22 - DEBUG - fsspec.local -   open file: /home/lunt1/.cache/huggingface/metrics/spearmanr/default/default_experiment-1-0.arrow
08/14/2023 15:06:22 - DEBUG - fsspec.local -   open file: /home/lunt1/.cache/huggingface/metrics/precision/default/default_experiment-1-0.arrow
08/14/2023 15:06:22 - DEBUG - fsspec.local -   open file: /home/lunt1/.cache/huggingface/metrics/recall/default/default_experiment-1-0.arrow
08/14/2023 15:06:22 - DEBUG - fsspec.local -   open file: /home/lunt1/.cache/huggingface/metrics/f1/default/default_experiment-1-0.arrow
{'eval_loss': 2.0236470699310303, 'eval_precision': 0.3882283913133116, 'eval_recall': 0.42584432454036775, 'eval_f1': 0.39991316368501656, 'eval_spearmanr': 0.800561183170434, 'eval_precision_weighted': 0.43476678420678266, 'eval_recall_weighted': 0.47882136279926335, 'eval_f1_weighted': 0.44898384173456707, 'eval_runtime': 128.7859, 'eval_samples_per_second': 4.216, 'eval_steps_per_second': 2.112, 'epoch': 9.0}
08/14/2023 15:06:28 - DEBUG - helper.classes -   ----------- Starting epoch 10.0 -----------
{'loss': 0.6909, 'learning_rate': 1.445578231292517e-06, 'epoch': 9.57}
08/14/2023 15:26:53 - DEBUG - helper.classes -   Epoch 10.0 completed, Duration: 0:20:24 Mem usage: CPU mem usage: 9.78G.  Cuda 0: memory acclocated: 29 G.
08/14/2023 15:29:02 - DEBUG - fsspec.local -   open file: /home/lunt1/.cache/huggingface/metrics/precision/default/default_experiment-1-0.arrow
08/14/2023 15:29:02 - DEBUG - fsspec.local -   open file: /home/lunt1/.cache/huggingface/metrics/recall/default/default_experiment-1-0.arrow
08/14/2023 15:29:02 - DEBUG - fsspec.local -   open file: /home/lunt1/.cache/huggingface/metrics/f1/default/default_experiment-1-0.arrow
08/14/2023 15:29:02 - DEBUG - fsspec.local -   open file: /home/lunt1/.cache/huggingface/metrics/spearmanr/default/default_experiment-1-0.arrow
08/14/2023 15:29:02 - DEBUG - fsspec.local -   open file: /home/lunt1/.cache/huggingface/metrics/precision/default/default_experiment-1-0.arrow
08/14/2023 15:29:02 - DEBUG - fsspec.local -   open file: /home/lunt1/.cache/huggingface/metrics/recall/default/default_experiment-1-0.arrow
08/14/2023 15:29:02 - DEBUG - fsspec.local -   open file: /home/lunt1/.cache/huggingface/metrics/f1/default/default_experiment-1-0.arrow
{'eval_loss': 2.0622482299804688, 'eval_precision': 0.38754478512262014, 'eval_recall': 0.42483453713219904, 'eval_f1': 0.4021935767452876, 'eval_spearmanr': 0.8020750333779544, 'eval_precision_weighted': 0.43537782624022003, 'eval_recall_weighted': 0.47513812154696133, 'eval_f1_weighted': 0.4509458693239273, 'eval_runtime': 128.3107, 'eval_samples_per_second': 4.232, 'eval_steps_per_second': 2.12, 'epoch': 10.0}
{'train_runtime': 13682.5129, 'train_samples_per_second': 1.145, 'train_steps_per_second': 0.573, 'train_loss': 0.9921123854968013, 'epoch': 10.0}
08/14/2023 15:29:14 - INFO - __main__ -   Training completed. Duration: 3:48:02
08/14/2023 15:31:21 - DEBUG - fsspec.local -   open file: /home/lunt1/.cache/huggingface/metrics/precision/default/default_experiment-1-0.arrow
08/14/2023 15:31:21 - DEBUG - fsspec.local -   open file: /home/lunt1/.cache/huggingface/metrics/recall/default/default_experiment-1-0.arrow
08/14/2023 15:31:21 - DEBUG - fsspec.local -   open file: /home/lunt1/.cache/huggingface/metrics/f1/default/default_experiment-1-0.arrow
08/14/2023 15:31:21 - DEBUG - fsspec.local -   open file: /home/lunt1/.cache/huggingface/metrics/spearmanr/default/default_experiment-1-0.arrow
08/14/2023 15:31:21 - DEBUG - fsspec.local -   open file: /home/lunt1/.cache/huggingface/metrics/precision/default/default_experiment-1-0.arrow
08/14/2023 15:31:22 - DEBUG - fsspec.local -   open file: /home/lunt1/.cache/huggingface/metrics/recall/default/default_experiment-1-0.arrow
08/14/2023 15:31:22 - DEBUG - fsspec.local -   open file: /home/lunt1/.cache/huggingface/metrics/f1/default/default_experiment-1-0.arrow
08/14/2023 15:31:22 - DEBUG - fsspec.local -   open file: /home/lunt1/.cache/huggingface/metrics/precision/default/default_experiment-1-0.arrow
08/14/2023 15:31:22 - DEBUG - fsspec.local -   open file: /home/lunt1/.cache/huggingface/metrics/recall/default/default_experiment-1-0.arrow
08/14/2023 15:31:22 - DEBUG - fsspec.local -   open file: /home/lunt1/.cache/huggingface/metrics/f1/default/default_experiment-1-0.arrow
08/14/2023 15:31:22 - DEBUG - fsspec.local -   open file: /home/lunt1/.cache/huggingface/metrics/spearmanr/default/default_experiment-1-0.arrow
08/14/2023 15:31:22 - DEBUG - fsspec.local -   open file: /home/lunt1/.cache/huggingface/metrics/precision/default/default_experiment-1-0.arrow
08/14/2023 15:31:22 - DEBUG - fsspec.local -   open file: /home/lunt1/.cache/huggingface/metrics/recall/default/default_experiment-1-0.arrow
08/14/2023 15:31:22 - DEBUG - fsspec.local -   open file: /home/lunt1/.cache/huggingface/metrics/f1/default/default_experiment-1-0.arrow
08/14/2023 15:31:22 - DEBUG - __main__ -   label: 3
08/14/2023 15:31:22 - DEBUG - __main__ -   pred: 3
08/14/2023 15:31:22 - DEBUG - __main__ -   label: 3
08/14/2023 15:31:22 - DEBUG - __main__ -   pred: 3
08/14/2023 15:31:22 - DEBUG - __main__ -   label: 4
08/14/2023 15:31:22 - DEBUG - __main__ -   pred: 4
08/14/2023 15:31:22 - DEBUG - __main__ -   label: 4
08/14/2023 15:31:22 - DEBUG - __main__ -   pred: 3
08/14/2023 15:31:22 - DEBUG - __main__ -   label: 2
08/14/2023 15:31:22 - DEBUG - __main__ -   pred: 3
08/14/2023 15:31:22 - DEBUG - __main__ -   label: 2
08/14/2023 15:31:22 - DEBUG - __main__ -   pred: 3
08/14/2023 15:31:22 - DEBUG - __main__ -   label: 4
08/14/2023 15:31:22 - DEBUG - __main__ -   pred: 3
08/14/2023 15:31:22 - DEBUG - __main__ -   label: 2
08/14/2023 15:31:22 - DEBUG - __main__ -   pred: 2
08/14/2023 15:31:22 - DEBUG - __main__ -   label: 2
08/14/2023 15:31:22 - DEBUG - __main__ -   pred: 2
08/14/2023 15:31:22 - DEBUG - __main__ -   label: 1
08/14/2023 15:31:22 - DEBUG - __main__ -   pred: 1
08/14/2023 15:31:22 - DEBUG - __main__ -   label: 1
08/14/2023 15:31:22 - DEBUG - __main__ -   pred: 1
08/14/2023 15:31:22 - DEBUG - __main__ -   label: 2
08/14/2023 15:31:22 - DEBUG - __main__ -   pred: 2
08/14/2023 15:31:22 - DEBUG - __main__ -   label: 2
08/14/2023 15:31:22 - DEBUG - __main__ -   pred: 1
08/14/2023 15:31:22 - DEBUG - __main__ -   label: 4
08/14/2023 15:31:22 - DEBUG - __main__ -   pred: 4
08/14/2023 15:31:22 - DEBUG - __main__ -   label: 2
08/14/2023 15:31:22 - DEBUG - __main__ -   pred: 2
08/14/2023 15:31:22 - DEBUG - __main__ -   label: 2
08/14/2023 15:31:22 - DEBUG - __main__ -   pred: 3
08/14/2023 15:31:22 - DEBUG - __main__ -   label: 5
08/14/2023 15:31:22 - DEBUG - __main__ -   pred: 4
08/14/2023 15:31:22 - DEBUG - __main__ -   label: 3
08/14/2023 15:31:22 - DEBUG - __main__ -   pred: 3
08/14/2023 15:31:22 - DEBUG - __main__ -   label: 2
08/14/2023 15:31:22 - DEBUG - __main__ -   pred: 3
08/14/2023 15:31:22 - DEBUG - __main__ -   label: 3
08/14/2023 15:31:22 - DEBUG - __main__ -   pred: 3
08/14/2023 15:31:22 - DEBUG - __main__ -   label: 5
08/14/2023 15:31:22 - DEBUG - __main__ -   pred: 4
08/14/2023 15:31:22 - DEBUG - __main__ -   label: 3
08/14/2023 15:31:22 - DEBUG - __main__ -   pred: 4
08/14/2023 15:31:22 - DEBUG - __main__ -   label: 2
08/14/2023 15:31:22 - DEBUG - __main__ -   pred: 2
08/14/2023 15:31:22 - DEBUG - __main__ -   label: 3
08/14/2023 15:31:22 - DEBUG - __main__ -   pred: 3
08/14/2023 15:31:22 - DEBUG - __main__ -   label: 4
08/14/2023 15:31:22 - DEBUG - __main__ -   pred: 4
08/14/2023 15:31:22 - DEBUG - __main__ -   label: 5
08/14/2023 15:31:22 - DEBUG - __main__ -   pred: 4
08/14/2023 15:31:22 - DEBUG - __main__ -   label: 2
08/14/2023 15:31:22 - DEBUG - __main__ -   pred: 2
08/14/2023 15:31:22 - DEBUG - __main__ -   label: 5
08/14/2023 15:31:22 - DEBUG - __main__ -   pred: 2
08/14/2023 15:31:22 - DEBUG - __main__ -   label: 4
08/14/2023 15:31:22 - DEBUG - __main__ -   pred: 2
08/14/2023 15:31:22 - DEBUG - __main__ -   label: 1
08/14/2023 15:31:22 - DEBUG - __main__ -   pred: 2
08/14/2023 15:31:22 - DEBUG - __main__ -   label: 2
08/14/2023 15:31:22 - DEBUG - __main__ -   pred: 2
08/14/2023 15:31:22 - DEBUG - __main__ -   label: 5
08/14/2023 15:31:22 - DEBUG - __main__ -   pred: 2
08/14/2023 15:31:22 - DEBUG - __main__ -   label: 3
08/14/2023 15:31:22 - DEBUG - __main__ -   pred: 2
08/14/2023 15:31:22 - DEBUG - __main__ -   label: 5
08/14/2023 15:31:22 - DEBUG - __main__ -   pred: 2
08/14/2023 15:31:22 - DEBUG - __main__ -   label: 5
08/14/2023 15:31:22 - DEBUG - __main__ -   pred: 3
08/14/2023 15:31:22 - DEBUG - __main__ -   label: 1
08/14/2023 15:31:22 - DEBUG - __main__ -   pred: 2
08/14/2023 15:31:22 - DEBUG - __main__ -   label: 3
08/14/2023 15:31:22 - DEBUG - __main__ -   pred: 4
08/14/2023 15:31:22 - DEBUG - __main__ -   label: 4
08/14/2023 15:31:22 - DEBUG - __main__ -   pred: 2
08/14/2023 15:31:22 - DEBUG - __main__ -   label: 5
08/14/2023 15:31:22 - DEBUG - __main__ -   pred: 4
08/14/2023 15:31:22 - DEBUG - __main__ -   label: 5
08/14/2023 15:31:22 - DEBUG - __main__ -   pred: 4
08/14/2023 15:31:22 - DEBUG - __main__ -   label: 4
08/14/2023 15:31:22 - DEBUG - __main__ -   pred: 4
08/14/2023 15:31:22 - DEBUG - __main__ -   label: 5
08/14/2023 15:31:22 - DEBUG - __main__ -   pred: 4
08/14/2023 15:31:22 - DEBUG - __main__ -   label: 3
08/14/2023 15:31:22 - DEBUG - __main__ -   pred: 4
08/14/2023 15:31:22 - DEBUG - __main__ -   label: 3
08/14/2023 15:31:22 - DEBUG - __main__ -   pred: 3
08/14/2023 15:31:22 - DEBUG - __main__ -   label: 3
08/14/2023 15:31:22 - DEBUG - __main__ -   pred: 3
08/14/2023 15:31:22 - DEBUG - __main__ -   label: 4
08/14/2023 15:31:22 - DEBUG - __main__ -   pred: 3
08/14/2023 15:31:22 - DEBUG - __main__ -   label: 4
08/14/2023 15:31:22 - DEBUG - __main__ -   pred: 3
08/14/2023 15:31:22 - DEBUG - __main__ -   label: 3
08/14/2023 15:31:22 - DEBUG - __main__ -   pred: 3
08/14/2023 15:31:22 - DEBUG - __main__ -   label: 3
08/14/2023 15:31:22 - DEBUG - __main__ -   pred: 0
08/14/2023 15:31:22 - DEBUG - __main__ -   label: 0
08/14/2023 15:31:22 - DEBUG - __main__ -   pred: 0
08/14/2023 15:31:22 - DEBUG - __main__ -   label: 4
08/14/2023 15:31:22 - DEBUG - __main__ -   pred: 4
08/14/2023 15:31:22 - DEBUG - __main__ -   label: 2
08/14/2023 15:31:22 - DEBUG - __main__ -   pred: 2
08/14/2023 15:31:22 - DEBUG - __main__ -   label: 1
08/14/2023 15:31:22 - DEBUG - __main__ -   pred: 1
08/14/2023 15:31:22 - DEBUG - __main__ -   label: 2
08/14/2023 15:31:22 - DEBUG - __main__ -   pred: 3
08/14/2023 15:31:22 - DEBUG - __main__ -   label: 4
08/14/2023 15:31:22 - DEBUG - __main__ -   pred: 4
08/14/2023 15:31:22 - DEBUG - __main__ -   label: 4
08/14/2023 15:31:22 - DEBUG - __main__ -   pred: 3
08/14/2023 15:31:22 - DEBUG - __main__ -   label: 4
08/14/2023 15:31:22 - DEBUG - __main__ -   pred: 4
08/14/2023 15:31:22 - DEBUG - __main__ -   label: 2
08/14/2023 15:31:22 - DEBUG - __main__ -   pred: 3
08/14/2023 15:31:22 - DEBUG - __main__ -   label: 3
08/14/2023 15:31:22 - DEBUG - __main__ -   pred: 4
08/14/2023 15:31:22 - DEBUG - __main__ -   label: 4
08/14/2023 15:31:22 - DEBUG - __main__ -   pred: 4
08/14/2023 15:31:22 - DEBUG - __main__ -   label: 4
08/14/2023 15:31:22 - DEBUG - __main__ -   pred: 4
08/14/2023 15:31:22 - DEBUG - __main__ -   label: 3
08/14/2023 15:31:22 - DEBUG - __main__ -   pred: 2
08/14/2023 15:31:22 - DEBUG - __main__ -   label: 3
08/14/2023 15:31:22 - DEBUG - __main__ -   pred: 2
08/14/2023 15:31:22 - DEBUG - __main__ -   label: 4
08/14/2023 15:31:22 - DEBUG - __main__ -   pred: 2
08/14/2023 15:31:22 - DEBUG - __main__ -   label: 3
08/14/2023 15:31:22 - DEBUG - __main__ -   pred: 2
08/14/2023 15:31:22 - DEBUG - __main__ -   label: 4
08/14/2023 15:31:22 - DEBUG - __main__ -   pred: 1
08/14/2023 15:31:22 - DEBUG - __main__ -   label: 3
08/14/2023 15:31:22 - DEBUG - __main__ -   pred: 2
08/14/2023 15:31:22 - DEBUG - __main__ -   label: 3
08/14/2023 15:31:22 - DEBUG - __main__ -   pred: 2
08/14/2023 15:31:22 - DEBUG - __main__ -   label: 1
08/14/2023 15:31:22 - DEBUG - __main__ -   pred: 1
08/14/2023 15:31:22 - DEBUG - __main__ -   label: 1
08/14/2023 15:31:22 - DEBUG - __main__ -   pred: 1
08/14/2023 15:31:22 - DEBUG - __main__ -   label: 4
08/14/2023 15:31:22 - DEBUG - __main__ -   pred: 4
08/14/2023 15:31:22 - DEBUG - __main__ -   label: 4
08/14/2023 15:31:22 - DEBUG - __main__ -   pred: 4
08/14/2023 15:31:22 - DEBUG - __main__ -   label: 3
08/14/2023 15:31:22 - DEBUG - __main__ -   pred: 3
08/14/2023 15:31:22 - DEBUG - __main__ -   label: 3
08/14/2023 15:31:22 - DEBUG - __main__ -   pred: 4
08/14/2023 15:31:22 - DEBUG - __main__ -   label: 1
08/14/2023 15:31:22 - DEBUG - __main__ -   pred: 2
08/14/2023 15:31:22 - DEBUG - __main__ -   label: 3
08/14/2023 15:31:22 - DEBUG - __main__ -   pred: 3
08/14/2023 15:31:22 - DEBUG - __main__ -   label: 2
08/14/2023 15:31:22 - DEBUG - __main__ -   pred: 2
08/14/2023 15:31:22 - DEBUG - __main__ -   label: 2
08/14/2023 15:31:22 - DEBUG - __main__ -   pred: 3
08/14/2023 15:31:22 - DEBUG - __main__ -   label: 2
08/14/2023 15:31:22 - DEBUG - __main__ -   pred: 3
08/14/2023 15:31:22 - DEBUG - __main__ -   label: 2
08/14/2023 15:31:22 - DEBUG - __main__ -   pred: 2
08/14/2023 15:31:22 - DEBUG - __main__ -   label: 0
08/14/2023 15:31:22 - DEBUG - __main__ -   pred: 2
08/14/2023 15:31:22 - DEBUG - __main__ -   label: 2
08/14/2023 15:31:22 - DEBUG - __main__ -   pred: 4
08/14/2023 15:31:22 - DEBUG - __main__ -   label: 5
08/14/2023 15:31:22 - DEBUG - __main__ -   pred: 4
08/14/2023 15:31:22 - DEBUG - __main__ -   label: 3
08/14/2023 15:31:22 - DEBUG - __main__ -   pred: 4
08/14/2023 15:31:22 - DEBUG - __main__ -   label: 3
08/14/2023 15:31:22 - DEBUG - __main__ -   pred: 3
08/14/2023 15:31:22 - DEBUG - __main__ -   label: 3
08/14/2023 15:31:22 - DEBUG - __main__ -   pred: 3
08/14/2023 15:31:22 - DEBUG - __main__ -   label: 2
08/14/2023 15:31:22 - DEBUG - __main__ -   pred: 3
08/14/2023 15:31:22 - DEBUG - __main__ -   label: 3
08/14/2023 15:31:22 - DEBUG - __main__ -   pred: 4
08/14/2023 15:31:22 - DEBUG - __main__ -   label: 2
08/14/2023 15:31:22 - DEBUG - __main__ -   pred: 3
08/14/2023 15:31:22 - DEBUG - __main__ -   label: 1
08/14/2023 15:31:22 - DEBUG - __main__ -   pred: 2
08/14/2023 15:31:22 - DEBUG - __main__ -   label: 2
08/14/2023 15:31:22 - DEBUG - __main__ -   pred: 2
08/14/2023 15:31:22 - DEBUG - __main__ -   label: 1
08/14/2023 15:31:22 - DEBUG - __main__ -   pred: 2
08/14/2023 15:31:22 - DEBUG - __main__ -   label: 3
08/14/2023 15:31:22 - DEBUG - __main__ -   pred: 3
08/14/2023 15:31:22 - DEBUG - __main__ -   label: 2
08/14/2023 15:31:22 - DEBUG - __main__ -   pred: 2
08/14/2023 15:31:22 - DEBUG - __main__ -   label: 2
08/14/2023 15:31:22 - DEBUG - __main__ -   pred: 2
08/14/2023 15:31:22 - DEBUG - __main__ -   label: 2
08/14/2023 15:31:22 - DEBUG - __main__ -   pred: 2
08/14/2023 15:31:22 - DEBUG - __main__ -   label: 1
08/14/2023 15:31:22 - DEBUG - __main__ -   pred: 2
08/14/2023 15:31:22 - DEBUG - __main__ -   label: 1
08/14/2023 15:31:22 - DEBUG - __main__ -   pred: 2
08/14/2023 15:31:22 - DEBUG - __main__ -   label: 2
08/14/2023 15:31:22 - DEBUG - __main__ -   pred: 4
08/14/2023 15:31:22 - DEBUG - __main__ -   label: 4
08/14/2023 15:31:22 - DEBUG - __main__ -   pred: 4
08/14/2023 15:31:22 - DEBUG - __main__ -   label: 3
08/14/2023 15:31:22 - DEBUG - __main__ -   pred: 4
08/14/2023 15:31:22 - DEBUG - __main__ -   label: 3
08/14/2023 15:31:22 - DEBUG - __main__ -   pred: 3
08/14/2023 15:31:22 - DEBUG - __main__ -   label: 2
08/14/2023 15:31:22 - DEBUG - __main__ -   pred: 3
08/14/2023 15:31:22 - DEBUG - __main__ -   label: 2
08/14/2023 15:31:22 - DEBUG - __main__ -   pred: 4
08/14/2023 15:31:22 - DEBUG - __main__ -   label: 4
08/14/2023 15:31:22 - DEBUG - __main__ -   pred: 4
08/14/2023 15:31:22 - DEBUG - __main__ -   label: 1
08/14/2023 15:31:22 - DEBUG - __main__ -   pred: 1
08/14/2023 15:31:22 - DEBUG - __main__ -   label: 3
08/14/2023 15:31:22 - DEBUG - __main__ -   pred: 0
08/14/2023 15:31:22 - DEBUG - __main__ -   label: 5
08/14/2023 15:31:22 - DEBUG - __main__ -   pred: 3
08/14/2023 15:31:22 - DEBUG - __main__ -   label: 2
08/14/2023 15:31:22 - DEBUG - __main__ -   pred: 0
08/14/2023 15:31:22 - DEBUG - __main__ -   label: 4
08/14/2023 15:31:22 - DEBUG - __main__ -   pred: 3
08/14/2023 15:31:22 - DEBUG - __main__ -   label: 3
08/14/2023 15:31:22 - DEBUG - __main__ -   pred: 2
08/14/2023 15:31:22 - DEBUG - __main__ -   label: 3
08/14/2023 15:31:22 - DEBUG - __main__ -   pred: 2
08/14/2023 15:31:22 - DEBUG - __main__ -   label: 5
08/14/2023 15:31:22 - DEBUG - __main__ -   pred: 2
08/14/2023 15:31:22 - DEBUG - __main__ -   label: 4
08/14/2023 15:31:22 - DEBUG - __main__ -   pred: 2
08/14/2023 15:31:22 - DEBUG - __main__ -   label: 2
08/14/2023 15:31:22 - DEBUG - __main__ -   pred: 1
08/14/2023 15:31:22 - DEBUG - __main__ -   label: 5
08/14/2023 15:31:22 - DEBUG - __main__ -   pred: 3
08/14/2023 15:31:22 - DEBUG - __main__ -   label: 4
08/14/2023 15:31:22 - DEBUG - __main__ -   pred: 2
08/14/2023 15:31:22 - DEBUG - __main__ -   label: 2
08/14/2023 15:31:22 - DEBUG - __main__ -   pred: 3
08/14/2023 15:31:22 - DEBUG - __main__ -   label: 4
08/14/2023 15:31:22 - DEBUG - __main__ -   pred: 3
08/14/2023 15:31:22 - DEBUG - __main__ -   label: 3
08/14/2023 15:31:22 - DEBUG - __main__ -   pred: 3
08/14/2023 15:31:22 - DEBUG - __main__ -   label: 5
08/14/2023 15:31:22 - DEBUG - __main__ -   pred: 4
08/14/2023 15:31:22 - DEBUG - __main__ -   label: 3
08/14/2023 15:31:22 - DEBUG - __main__ -   pred: 3
08/14/2023 15:31:22 - DEBUG - __main__ -   label: 3
08/14/2023 15:31:22 - DEBUG - __main__ -   pred: 4
08/14/2023 15:31:22 - DEBUG - __main__ -   label: 5
08/14/2023 15:31:22 - DEBUG - __main__ -   pred: 4
08/14/2023 15:31:22 - DEBUG - __main__ -   label: 5
08/14/2023 15:31:22 - DEBUG - __main__ -   pred: 4
08/14/2023 15:31:22 - DEBUG - __main__ -   label: 4
08/14/2023 15:31:22 - DEBUG - __main__ -   pred: 4
08/14/2023 15:31:22 - DEBUG - __main__ -   label: 4
08/14/2023 15:31:22 - DEBUG - __main__ -   pred: 3
08/14/2023 15:31:22 - DEBUG - __main__ -   label: 3
08/14/2023 15:31:22 - DEBUG - __main__ -   pred: 4
08/14/2023 15:31:22 - DEBUG - __main__ -   label: 1
08/14/2023 15:31:22 - DEBUG - __main__ -   pred: 2
08/14/2023 15:31:22 - DEBUG - __main__ -   label: 3
08/14/2023 15:31:22 - DEBUG - __main__ -   pred: 3
08/14/2023 15:31:22 - DEBUG - __main__ -   label: 2
08/14/2023 15:31:22 - DEBUG - __main__ -   pred: 3
08/14/2023 15:31:22 - DEBUG - __main__ -   label: 2
08/14/2023 15:31:22 - DEBUG - __main__ -   pred: 3
08/14/2023 15:31:22 - DEBUG - __main__ -   label: 4
08/14/2023 15:31:22 - DEBUG - __main__ -   pred: 4
08/14/2023 15:31:22 - DEBUG - __main__ -   label: 4
08/14/2023 15:31:22 - DEBUG - __main__ -   pred: 4
08/14/2023 15:31:22 - DEBUG - __main__ -   label: 0
08/14/2023 15:31:22 - DEBUG - __main__ -   pred: 3
08/14/2023 15:31:22 - DEBUG - __main__ -   label: 3
08/14/2023 15:31:22 - DEBUG - __main__ -   pred: 2
08/14/2023 15:31:22 - DEBUG - __main__ -   label: 2
08/14/2023 15:31:22 - DEBUG - __main__ -   pred: 3
08/14/2023 15:31:22 - DEBUG - __main__ -   label: 3
08/14/2023 15:31:22 - DEBUG - __main__ -   pred: 2
08/14/2023 15:31:22 - DEBUG - __main__ -   label: 2
08/14/2023 15:31:22 - DEBUG - __main__ -   pred: 2
08/14/2023 15:31:22 - DEBUG - __main__ -   label: 3
08/14/2023 15:31:22 - DEBUG - __main__ -   pred: 3
08/14/2023 15:31:22 - DEBUG - __main__ -   label: 0
08/14/2023 15:31:22 - DEBUG - __main__ -   pred: 1
08/14/2023 15:31:22 - DEBUG - __main__ -   label: 4
08/14/2023 15:31:22 - DEBUG - __main__ -   pred: 4
08/14/2023 15:31:22 - DEBUG - __main__ -   label: 4
08/14/2023 15:31:22 - DEBUG - __main__ -   pred: 4
08/14/2023 15:31:22 - DEBUG - __main__ -   label: 3
08/14/2023 15:31:22 - DEBUG - __main__ -   pred: 4
08/14/2023 15:31:22 - DEBUG - __main__ -   label: 3
08/14/2023 15:31:22 - DEBUG - __main__ -   pred: 3
08/14/2023 15:31:22 - DEBUG - __main__ -   label: 1
08/14/2023 15:31:22 - DEBUG - __main__ -   pred: 3
08/14/2023 15:31:22 - DEBUG - __main__ -   label: 4
08/14/2023 15:31:22 - DEBUG - __main__ -   pred: 4
08/14/2023 15:31:22 - DEBUG - __main__ -   label: 1
08/14/2023 15:31:22 - DEBUG - __main__ -   pred: 2
08/14/2023 15:31:22 - DEBUG - __main__ -   label: 3
08/14/2023 15:31:22 - DEBUG - __main__ -   pred: 3
08/14/2023 15:31:22 - DEBUG - __main__ -   label: 1
08/14/2023 15:31:22 - DEBUG - __main__ -   pred: 2
08/14/2023 15:31:22 - DEBUG - __main__ -   label: 5
08/14/2023 15:31:22 - DEBUG - __main__ -   pred: 3
08/14/2023 15:31:22 - DEBUG - __main__ -   label: 1
08/14/2023 15:31:22 - DEBUG - __main__ -   pred: 2
08/14/2023 15:31:22 - DEBUG - __main__ -   label: 0
08/14/2023 15:31:22 - DEBUG - __main__ -   pred: 1
08/14/2023 15:31:22 - DEBUG - __main__ -   label: 2
08/14/2023 15:31:22 - DEBUG - __main__ -   pred: 4
08/14/2023 15:31:22 - DEBUG - __main__ -   label: 3
08/14/2023 15:31:22 - DEBUG - __main__ -   pred: 3
08/14/2023 15:31:22 - DEBUG - __main__ -   label: 2
08/14/2023 15:31:22 - DEBUG - __main__ -   pred: 3
08/14/2023 15:31:22 - DEBUG - __main__ -   label: 4
08/14/2023 15:31:22 - DEBUG - __main__ -   pred: 4
08/14/2023 15:31:22 - DEBUG - __main__ -   label: 1
08/14/2023 15:31:22 - DEBUG - __main__ -   pred: 1
08/14/2023 15:31:22 - DEBUG - __main__ -   label: 1
08/14/2023 15:31:22 - DEBUG - __main__ -   pred: 2
08/14/2023 15:31:22 - DEBUG - __main__ -   label: 3
08/14/2023 15:31:22 - DEBUG - __main__ -   pred: 4
08/14/2023 15:31:22 - DEBUG - __main__ -   label: 1
08/14/2023 15:31:22 - DEBUG - __main__ -   pred: 1
08/14/2023 15:31:22 - DEBUG - __main__ -   label: 1
08/14/2023 15:31:22 - DEBUG - __main__ -   pred: 1
08/14/2023 15:31:22 - DEBUG - __main__ -   label: 1
08/14/2023 15:31:22 - DEBUG - __main__ -   pred: 1
08/14/2023 15:31:22 - DEBUG - __main__ -   label: 0
08/14/2023 15:31:22 - DEBUG - __main__ -   pred: 0
08/14/2023 15:31:22 - DEBUG - __main__ -   label: 1
08/14/2023 15:31:22 - DEBUG - __main__ -   pred: 1
08/14/2023 15:31:22 - DEBUG - __main__ -   label: 1
08/14/2023 15:31:22 - DEBUG - __main__ -   pred: 1
08/14/2023 15:31:22 - DEBUG - __main__ -   label: 1
08/14/2023 15:31:22 - DEBUG - __main__ -   pred: 1
08/14/2023 15:31:22 - DEBUG - __main__ -   label: 0
08/14/2023 15:31:22 - DEBUG - __main__ -   pred: 0
08/14/2023 15:31:22 - DEBUG - __main__ -   label: 1
08/14/2023 15:31:22 - DEBUG - __main__ -   pred: 1
08/14/2023 15:31:22 - DEBUG - __main__ -   label: 1
08/14/2023 15:31:22 - DEBUG - __main__ -   pred: 1
08/14/2023 15:31:22 - DEBUG - __main__ -   label: 1
08/14/2023 15:31:22 - DEBUG - __main__ -   pred: 1
08/14/2023 15:31:22 - DEBUG - __main__ -   label: 1
08/14/2023 15:31:22 - DEBUG - __main__ -   pred: 1
08/14/2023 15:31:22 - DEBUG - __main__ -   label: 1
08/14/2023 15:31:22 - DEBUG - __main__ -   pred: 1
08/14/2023 15:31:22 - DEBUG - __main__ -   label: 1
08/14/2023 15:31:22 - DEBUG - __main__ -   pred: 2
08/14/2023 15:31:22 - DEBUG - __main__ -   label: 5
08/14/2023 15:31:22 - DEBUG - __main__ -   pred: 4
08/14/2023 15:31:22 - DEBUG - __main__ -   label: 5
08/14/2023 15:31:22 - DEBUG - __main__ -   pred: 4
08/14/2023 15:31:22 - DEBUG - __main__ -   label: 5
08/14/2023 15:31:22 - DEBUG - __main__ -   pred: 4
08/14/2023 15:31:22 - DEBUG - __main__ -   label: 4
08/14/2023 15:31:22 - DEBUG - __main__ -   pred: 3
08/14/2023 15:31:22 - DEBUG - __main__ -   label: 4
08/14/2023 15:31:22 - DEBUG - __main__ -   pred: 4
08/14/2023 15:31:22 - DEBUG - __main__ -   label: 5
08/14/2023 15:31:22 - DEBUG - __main__ -   pred: 4
08/14/2023 15:31:22 - DEBUG - __main__ -   label: 1
08/14/2023 15:31:22 - DEBUG - __main__ -   pred: 1
08/14/2023 15:31:22 - DEBUG - __main__ -   label: 1
08/14/2023 15:31:22 - DEBUG - __main__ -   pred: 1
08/14/2023 15:31:22 - DEBUG - __main__ -   label: 0
08/14/2023 15:31:22 - DEBUG - __main__ -   pred: 0
08/14/2023 15:31:22 - DEBUG - __main__ -   label: 0
08/14/2023 15:31:22 - DEBUG - __main__ -   pred: 0
08/14/2023 15:31:22 - DEBUG - __main__ -   label: 0
08/14/2023 15:31:22 - DEBUG - __main__ -   pred: 0
08/14/2023 15:31:22 - DEBUG - __main__ -   label: 0
08/14/2023 15:31:22 - DEBUG - __main__ -   pred: 0
08/14/2023 15:31:22 - DEBUG - __main__ -   label: 1
08/14/2023 15:31:22 - DEBUG - __main__ -   pred: 2
08/14/2023 15:31:22 - DEBUG - __main__ -   label: 1
08/14/2023 15:31:22 - DEBUG - __main__ -   pred: 0
08/14/2023 15:31:22 - DEBUG - __main__ -   label: 0
08/14/2023 15:31:22 - DEBUG - __main__ -   pred: 0
08/14/2023 15:31:22 - DEBUG - __main__ -   label: 0
08/14/2023 15:31:22 - DEBUG - __main__ -   pred: 1
08/14/2023 15:31:22 - DEBUG - __main__ -   label: 1
08/14/2023 15:31:22 - DEBUG - __main__ -   pred: 1
08/14/2023 15:31:22 - DEBUG - __main__ -   label: 1
08/14/2023 15:31:22 - DEBUG - __main__ -   pred: 1
08/14/2023 15:31:22 - DEBUG - __main__ -   label: 1
08/14/2023 15:31:22 - DEBUG - __main__ -   pred: 1
08/14/2023 15:31:22 - DEBUG - __main__ -   label: 2
08/14/2023 15:31:22 - DEBUG - __main__ -   pred: 1
08/14/2023 15:31:22 - DEBUG - __main__ -   label: 5
08/14/2023 15:31:22 - DEBUG - __main__ -   pred: 4
08/14/2023 15:31:22 - DEBUG - __main__ -   label: 5
08/14/2023 15:31:22 - DEBUG - __main__ -   pred: 4
08/14/2023 15:31:22 - DEBUG - __main__ -   label: 3
08/14/2023 15:31:22 - DEBUG - __main__ -   pred: 4
08/14/2023 15:31:22 - DEBUG - __main__ -   label: 4
08/14/2023 15:31:22 - DEBUG - __main__ -   pred: 4
08/14/2023 15:31:22 - DEBUG - __main__ -   label: 4
08/14/2023 15:31:22 - DEBUG - __main__ -   pred: 4
08/14/2023 15:31:22 - DEBUG - __main__ -   label: 4
08/14/2023 15:31:22 - DEBUG - __main__ -   pred: 4
08/14/2023 15:31:22 - DEBUG - __main__ -   label: 3
08/14/2023 15:31:22 - DEBUG - __main__ -   pred: 2
08/14/2023 15:31:22 - DEBUG - __main__ -   label: 4
08/14/2023 15:31:22 - DEBUG - __main__ -   pred: 4
08/14/2023 15:31:22 - DEBUG - __main__ -   label: 4
08/14/2023 15:31:22 - DEBUG - __main__ -   pred: 4
08/14/2023 15:31:22 - DEBUG - __main__ -   label: 4
08/14/2023 15:31:22 - DEBUG - __main__ -   pred: 4
08/14/2023 15:31:22 - DEBUG - __main__ -   label: 1
08/14/2023 15:31:22 - DEBUG - __main__ -   pred: 1
08/14/2023 15:31:22 - DEBUG - __main__ -   label: 3
08/14/2023 15:31:22 - DEBUG - __main__ -   pred: 3
08/14/2023 15:31:22 - DEBUG - __main__ -   label: 4
08/14/2023 15:31:22 - DEBUG - __main__ -   pred: 4
08/14/2023 15:31:22 - DEBUG - __main__ -   label: 1
08/14/2023 15:31:22 - DEBUG - __main__ -   pred: 1
08/14/2023 15:31:22 - DEBUG - __main__ -   label: 3
08/14/2023 15:31:22 - DEBUG - __main__ -   pred: 1
08/14/2023 15:31:22 - DEBUG - __main__ -   label: 2
08/14/2023 15:31:22 - DEBUG - __main__ -   pred: 1
08/14/2023 15:31:22 - DEBUG - __main__ -   label: 1
08/14/2023 15:31:22 - DEBUG - __main__ -   pred: 1
08/14/2023 15:31:22 - DEBUG - __main__ -   label: 1
08/14/2023 15:31:22 - DEBUG - __main__ -   pred: 0
08/14/2023 15:31:22 - DEBUG - __main__ -   label: 2
08/14/2023 15:31:22 - DEBUG - __main__ -   pred: 1
08/14/2023 15:31:22 - DEBUG - __main__ -   label: 1
08/14/2023 15:31:22 - DEBUG - __main__ -   pred: 0
08/14/2023 15:31:22 - DEBUG - __main__ -   label: 1
08/14/2023 15:31:22 - DEBUG - __main__ -   pred: 2
08/14/2023 15:31:22 - DEBUG - __main__ -   label: 2
08/14/2023 15:31:22 - DEBUG - __main__ -   pred: 1
08/14/2023 15:31:22 - DEBUG - __main__ -   label: 1
08/14/2023 15:31:22 - DEBUG - __main__ -   pred: 1
08/14/2023 15:31:22 - DEBUG - __main__ -   label: 2
08/14/2023 15:31:22 - DEBUG - __main__ -   pred: 1
08/14/2023 15:31:22 - DEBUG - __main__ -   label: 0
08/14/2023 15:31:22 - DEBUG - __main__ -   pred: 1
08/14/2023 15:31:22 - DEBUG - __main__ -   label: 1
08/14/2023 15:31:22 - DEBUG - __main__ -   pred: 1
08/14/2023 15:31:22 - DEBUG - __main__ -   label: 1
08/14/2023 15:31:22 - DEBUG - __main__ -   pred: 1
08/14/2023 15:31:22 - DEBUG - __main__ -   label: 2
08/14/2023 15:31:22 - DEBUG - __main__ -   pred: 1
08/14/2023 15:31:22 - DEBUG - __main__ -   label: 0
08/14/2023 15:31:22 - DEBUG - __main__ -   pred: 1
08/14/2023 15:31:22 - DEBUG - __main__ -   label: 2
08/14/2023 15:31:22 - DEBUG - __main__ -   pred: 1
08/14/2023 15:31:22 - DEBUG - __main__ -   label: 1
08/14/2023 15:31:22 - DEBUG - __main__ -   pred: 1
08/14/2023 15:31:22 - DEBUG - __main__ -   label: 0
08/14/2023 15:31:22 - DEBUG - __main__ -   pred: 1
08/14/2023 15:31:22 - DEBUG - __main__ -   label: 0
08/14/2023 15:31:22 - DEBUG - __main__ -   pred: 1
08/14/2023 15:31:22 - DEBUG - __main__ -   label: 2
08/14/2023 15:31:22 - DEBUG - __main__ -   pred: 2
08/14/2023 15:31:22 - DEBUG - __main__ -   label: 3
08/14/2023 15:31:22 - DEBUG - __main__ -   pred: 3
08/14/2023 15:31:22 - DEBUG - __main__ -   label: 4
08/14/2023 15:31:22 - DEBUG - __main__ -   pred: 3
08/14/2023 15:31:22 - DEBUG - __main__ -   label: 4
08/14/2023 15:31:22 - DEBUG - __main__ -   pred: 4
08/14/2023 15:31:22 - DEBUG - __main__ -   label: 5
08/14/2023 15:31:22 - DEBUG - __main__ -   pred: 4
08/14/2023 15:31:22 - DEBUG - __main__ -   label: 3
08/14/2023 15:31:22 - DEBUG - __main__ -   pred: 3
08/14/2023 15:31:22 - DEBUG - __main__ -   label: 4
08/14/2023 15:31:22 - DEBUG - __main__ -   pred: 4
08/14/2023 15:31:22 - DEBUG - __main__ -   label: 3
08/14/2023 15:31:22 - DEBUG - __main__ -   pred: 4
08/14/2023 15:31:22 - DEBUG - __main__ -   label: 4
08/14/2023 15:31:22 - DEBUG - __main__ -   pred: 4
08/14/2023 15:31:22 - DEBUG - __main__ -   label: 3
08/14/2023 15:31:22 - DEBUG - __main__ -   pred: 2
08/14/2023 15:31:22 - DEBUG - __main__ -   label: 5
08/14/2023 15:31:22 - DEBUG - __main__ -   pred: 4
08/14/2023 15:31:22 - DEBUG - __main__ -   label: 5
08/14/2023 15:31:22 - DEBUG - __main__ -   pred: 4
08/14/2023 15:31:22 - DEBUG - __main__ -   label: 1
08/14/2023 15:31:22 - DEBUG - __main__ -   pred: 1
08/14/2023 15:31:22 - DEBUG - __main__ -   label: 2
08/14/2023 15:31:22 - DEBUG - __main__ -   pred: 1
08/14/2023 15:31:22 - DEBUG - __main__ -   label: 1
08/14/2023 15:31:22 - DEBUG - __main__ -   pred: 0
08/14/2023 15:31:22 - DEBUG - __main__ -   label: 1
08/14/2023 15:31:22 - DEBUG - __main__ -   pred: 0
08/14/2023 15:31:22 - DEBUG - __main__ -   label: 3
08/14/2023 15:31:22 - DEBUG - __main__ -   pred: 1
08/14/2023 15:31:22 - DEBUG - __main__ -   label: 1
08/14/2023 15:31:22 - DEBUG - __main__ -   pred: 0
08/14/2023 15:31:22 - DEBUG - __main__ -   label: 2
08/14/2023 15:31:22 - DEBUG - __main__ -   pred: 0
08/14/2023 15:31:22 - DEBUG - __main__ -   label: 3
08/14/2023 15:31:22 - DEBUG - __main__ -   pred: 0
08/14/2023 15:31:22 - DEBUG - __main__ -   label: 3
08/14/2023 15:31:22 - DEBUG - __main__ -   pred: 1
08/14/2023 15:31:22 - DEBUG - __main__ -   label: 3
08/14/2023 15:31:22 - DEBUG - __main__ -   pred: 1
08/14/2023 15:31:22 - DEBUG - __main__ -   label: 2
08/14/2023 15:31:22 - DEBUG - __main__ -   pred: 1
08/14/2023 15:31:22 - DEBUG - __main__ -   label: 2
08/14/2023 15:31:22 - DEBUG - __main__ -   pred: 0
08/14/2023 15:31:22 - DEBUG - __main__ -   label: 1
08/14/2023 15:31:22 - DEBUG - __main__ -   pred: 0
08/14/2023 15:31:22 - DEBUG - __main__ -   label: 2
08/14/2023 15:31:22 - DEBUG - __main__ -   pred: 1
08/14/2023 15:31:22 - DEBUG - __main__ -   label: 2
08/14/2023 15:31:22 - DEBUG - __main__ -   pred: 0
08/14/2023 15:31:22 - DEBUG - __main__ -   label: 2
08/14/2023 15:31:22 - DEBUG - __main__ -   pred: 1
08/14/2023 15:31:22 - DEBUG - __main__ -   label: 3
08/14/2023 15:31:22 - DEBUG - __main__ -   pred: 1
08/14/2023 15:31:22 - DEBUG - __main__ -   label: 1
08/14/2023 15:31:22 - DEBUG - __main__ -   pred: 0
08/14/2023 15:31:22 - DEBUG - __main__ -   label: 2
08/14/2023 15:31:22 - DEBUG - __main__ -   pred: 1
08/14/2023 15:31:22 - DEBUG - __main__ -   label: 2
08/14/2023 15:31:22 - DEBUG - __main__ -   pred: 2
08/14/2023 15:31:22 - DEBUG - __main__ -   label: 2
08/14/2023 15:31:22 - DEBUG - __main__ -   pred: 1
08/14/2023 15:31:22 - DEBUG - __main__ -   label: 2
08/14/2023 15:31:22 - DEBUG - __main__ -   pred: 1
08/14/2023 15:31:22 - DEBUG - __main__ -   label: 5
08/14/2023 15:31:22 - DEBUG - __main__ -   pred: 4
08/14/2023 15:31:22 - DEBUG - __main__ -   label: 4
08/14/2023 15:31:22 - DEBUG - __main__ -   pred: 4
08/14/2023 15:31:22 - DEBUG - __main__ -   label: 4
08/14/2023 15:31:22 - DEBUG - __main__ -   pred: 4
08/14/2023 15:31:22 - DEBUG - __main__ -   label: 4
08/14/2023 15:31:22 - DEBUG - __main__ -   pred: 4
08/14/2023 15:31:22 - DEBUG - __main__ -   label: 4
08/14/2023 15:31:22 - DEBUG - __main__ -   pred: 4
08/14/2023 15:31:22 - DEBUG - __main__ -   label: 5
08/14/2023 15:31:22 - DEBUG - __main__ -   pred: 4
08/14/2023 15:31:22 - DEBUG - __main__ -   label: 5
08/14/2023 15:31:22 - DEBUG - __main__ -   pred: 4
08/14/2023 15:31:22 - DEBUG - __main__ -   label: 4
08/14/2023 15:31:22 - DEBUG - __main__ -   pred: 4
08/14/2023 15:31:22 - DEBUG - __main__ -   label: 1
08/14/2023 15:31:22 - DEBUG - __main__ -   pred: 1
08/14/2023 15:31:22 - DEBUG - __main__ -   label: 2
08/14/2023 15:31:22 - DEBUG - __main__ -   pred: 1
08/14/2023 15:31:22 - DEBUG - __main__ -   label: 2
08/14/2023 15:31:22 - DEBUG - __main__ -   pred: 2
08/14/2023 15:31:22 - DEBUG - __main__ -   label: 1
08/14/2023 15:31:22 - DEBUG - __main__ -   pred: 1
08/14/2023 15:31:22 - DEBUG - __main__ -   label: 1
08/14/2023 15:31:22 - DEBUG - __main__ -   pred: 1
08/14/2023 15:31:22 - DEBUG - __main__ -   label: 2
08/14/2023 15:31:22 - DEBUG - __main__ -   pred: 2
08/14/2023 15:31:22 - DEBUG - __main__ -   label: 1
08/14/2023 15:31:22 - DEBUG - __main__ -   pred: 2
08/14/2023 15:31:22 - DEBUG - __main__ -   label: 1
08/14/2023 15:31:22 - DEBUG - __main__ -   pred: 2
08/14/2023 15:31:22 - DEBUG - __main__ -   label: 0
08/14/2023 15:31:22 - DEBUG - __main__ -   pred: 1
08/14/2023 15:31:22 - DEBUG - __main__ -   label: 1
08/14/2023 15:31:22 - DEBUG - __main__ -   pred: 1
08/14/2023 15:31:22 - DEBUG - __main__ -   label: 1
08/14/2023 15:31:22 - DEBUG - __main__ -   pred: 2
08/14/2023 15:31:22 - DEBUG - __main__ -   label: 2
08/14/2023 15:31:22 - DEBUG - __main__ -   pred: 2
08/14/2023 15:31:22 - DEBUG - __main__ -   label: 1
08/14/2023 15:31:22 - DEBUG - __main__ -   pred: 1
08/14/2023 15:31:22 - DEBUG - __main__ -   label: 1
08/14/2023 15:31:22 - DEBUG - __main__ -   pred: 3
08/14/2023 15:31:22 - DEBUG - __main__ -   label: 4
08/14/2023 15:31:22 - DEBUG - __main__ -   pred: 4
08/14/2023 15:31:22 - DEBUG - __main__ -   label: 3
08/14/2023 15:31:22 - DEBUG - __main__ -   pred: 3
08/14/2023 15:31:22 - DEBUG - __main__ -   label: 4
08/14/2023 15:31:22 - DEBUG - __main__ -   pred: 4
08/14/2023 15:31:22 - DEBUG - __main__ -   label: 5
08/14/2023 15:31:22 - DEBUG - __main__ -   pred: 3
08/14/2023 15:31:22 - DEBUG - __main__ -   label: 3
08/14/2023 15:31:22 - DEBUG - __main__ -   pred: 4
08/14/2023 15:31:22 - DEBUG - __main__ -   label: 3
08/14/2023 15:31:22 - DEBUG - __main__ -   pred: 4
08/14/2023 15:31:22 - DEBUG - __main__ -   label: 4
08/14/2023 15:31:22 - DEBUG - __main__ -   pred: 3
08/14/2023 15:31:22 - DEBUG - __main__ -   label: 5
08/14/2023 15:31:22 - DEBUG - __main__ -   pred: 4
08/14/2023 15:31:22 - DEBUG - __main__ -   label: 4
08/14/2023 15:31:22 - DEBUG - __main__ -   pred: 4
08/14/2023 15:31:22 - DEBUG - __main__ -   label: 3
08/14/2023 15:31:22 - DEBUG - __main__ -   pred: 3
08/14/2023 15:31:22 - DEBUG - __main__ -   label: 4
08/14/2023 15:31:22 - DEBUG - __main__ -   pred: 4
08/14/2023 15:31:22 - DEBUG - __main__ -   label: 4
08/14/2023 15:31:22 - DEBUG - __main__ -   pred: 3
08/14/2023 15:31:22 - DEBUG - __main__ -   label: 5
08/14/2023 15:31:22 - DEBUG - __main__ -   pred: 4
08/14/2023 15:31:22 - DEBUG - __main__ -   label: 3
08/14/2023 15:31:22 - DEBUG - __main__ -   pred: 3
08/14/2023 15:31:22 - DEBUG - __main__ -   label: 4
08/14/2023 15:31:22 - DEBUG - __main__ -   pred: 4
08/14/2023 15:31:22 - DEBUG - __main__ -   label: 3
08/14/2023 15:31:22 - DEBUG - __main__ -   pred: 4
08/14/2023 15:31:22 - DEBUG - __main__ -   label: 4
08/14/2023 15:31:22 - DEBUG - __main__ -   pred: 4
08/14/2023 15:31:22 - DEBUG - __main__ -   label: 3
08/14/2023 15:31:22 - DEBUG - __main__ -   pred: 3
08/14/2023 15:31:22 - DEBUG - __main__ -   label: 3
08/14/2023 15:31:22 - DEBUG - __main__ -   pred: 3
08/14/2023 15:31:22 - DEBUG - __main__ -   label: 4
08/14/2023 15:31:22 - DEBUG - __main__ -   pred: 3
08/14/2023 15:31:22 - DEBUG - __main__ -   label: 3
08/14/2023 15:31:22 - DEBUG - __main__ -   pred: 3
08/14/2023 15:31:22 - DEBUG - __main__ -   label: 3
08/14/2023 15:31:22 - DEBUG - __main__ -   pred: 3
08/14/2023 15:31:22 - DEBUG - __main__ -   label: 4
08/14/2023 15:31:22 - DEBUG - __main__ -   pred: 3
08/14/2023 15:31:22 - DEBUG - __main__ -   label: 4
08/14/2023 15:31:22 - DEBUG - __main__ -   pred: 4
08/14/2023 15:31:22 - DEBUG - __main__ -   label: 5
08/14/2023 15:31:22 - DEBUG - __main__ -   pred: 4
08/14/2023 15:31:22 - DEBUG - __main__ -   label: 4
08/14/2023 15:31:22 - DEBUG - __main__ -   pred: 4
08/14/2023 15:31:22 - DEBUG - __main__ -   label: 4
08/14/2023 15:31:22 - DEBUG - __main__ -   pred: 4
08/14/2023 15:31:22 - DEBUG - __main__ -   label: 4
08/14/2023 15:31:22 - DEBUG - __main__ -   pred: 4
08/14/2023 15:31:22 - DEBUG - __main__ -   label: 5
08/14/2023 15:31:22 - DEBUG - __main__ -   pred: 4
08/14/2023 15:31:22 - DEBUG - __main__ -   label: 3
08/14/2023 15:31:22 - DEBUG - __main__ -   pred: 3
08/14/2023 15:31:22 - DEBUG - __main__ -   label: 1
08/14/2023 15:31:22 - DEBUG - __main__ -   pred: 2
08/14/2023 15:31:22 - DEBUG - __main__ -   label: 1
08/14/2023 15:31:22 - DEBUG - __main__ -   pred: 1
08/14/2023 15:31:22 - DEBUG - __main__ -   label: 2
08/14/2023 15:31:22 - DEBUG - __main__ -   pred: 1
08/14/2023 15:31:22 - DEBUG - __main__ -   label: 1
08/14/2023 15:31:22 - DEBUG - __main__ -   pred: 1
08/14/2023 15:31:22 - DEBUG - __main__ -   label: 2
08/14/2023 15:31:22 - DEBUG - __main__ -   pred: 1
08/14/2023 15:31:22 - DEBUG - __main__ -   label: 2
08/14/2023 15:31:22 - DEBUG - __main__ -   pred: 1
08/14/2023 15:31:22 - DEBUG - __main__ -   label: 2
08/14/2023 15:31:22 - DEBUG - __main__ -   pred: 1
08/14/2023 15:31:22 - DEBUG - __main__ -   label: 1
08/14/2023 15:31:22 - DEBUG - __main__ -   pred: 0
08/14/2023 15:31:22 - DEBUG - __main__ -   label: 2
08/14/2023 15:31:22 - DEBUG - __main__ -   pred: 1
08/14/2023 15:31:22 - DEBUG - __main__ -   label: 2
08/14/2023 15:31:22 - DEBUG - __main__ -   pred: 1
08/14/2023 15:31:22 - DEBUG - __main__ -   label: 2
08/14/2023 15:31:22 - DEBUG - __main__ -   pred: 0
08/14/2023 15:31:22 - DEBUG - __main__ -   label: 2
08/14/2023 15:31:22 - DEBUG - __main__ -   pred: 1
08/14/2023 15:31:22 - DEBUG - __main__ -   label: 2
08/14/2023 15:31:22 - DEBUG - __main__ -   pred: 1
08/14/2023 15:31:22 - DEBUG - __main__ -   label: 1
08/14/2023 15:31:22 - DEBUG - __main__ -   pred: 1
08/14/2023 15:31:22 - DEBUG - __main__ -   label: 3
08/14/2023 15:31:22 - DEBUG - __main__ -   pred: 4
08/14/2023 15:31:22 - DEBUG - __main__ -   label: 4
08/14/2023 15:31:22 - DEBUG - __main__ -   pred: 4
08/14/2023 15:31:22 - DEBUG - __main__ -   label: 3
08/14/2023 15:31:22 - DEBUG - __main__ -   pred: 4
08/14/2023 15:31:22 - DEBUG - __main__ -   label: 3
08/14/2023 15:31:22 - DEBUG - __main__ -   pred: 4
08/14/2023 15:31:22 - DEBUG - __main__ -   label: 0
08/14/2023 15:31:22 - DEBUG - __main__ -   pred: 2
08/14/2023 15:31:22 - DEBUG - __main__ -   label: 0
08/14/2023 15:31:22 - DEBUG - __main__ -   pred: 1
08/14/2023 15:31:22 - DEBUG - __main__ -   label: 1
08/14/2023 15:31:22 - DEBUG - __main__ -   pred: 1
08/14/2023 15:31:22 - DEBUG - __main__ -   label: 0
08/14/2023 15:31:22 - DEBUG - __main__ -   pred: 0
08/14/2023 15:31:22 - DEBUG - __main__ -   label: 0
08/14/2023 15:31:22 - DEBUG - __main__ -   pred: 1
08/14/2023 15:31:22 - DEBUG - __main__ -   label: 1
08/14/2023 15:31:22 - DEBUG - __main__ -   pred: 1
08/14/2023 15:31:22 - DEBUG - __main__ -   label: 1
08/14/2023 15:31:22 - DEBUG - __main__ -   pred: 1
08/14/2023 15:31:22 - DEBUG - __main__ -   label: 1
08/14/2023 15:31:22 - DEBUG - __main__ -   pred: 1
08/14/2023 15:31:22 - DEBUG - __main__ -   label: 3
08/14/2023 15:31:22 - DEBUG - __main__ -   pred: 4
08/14/2023 15:31:22 - DEBUG - __main__ -   label: 3
08/14/2023 15:31:22 - DEBUG - __main__ -   pred: 4
08/14/2023 15:31:22 - DEBUG - __main__ -   label: 3
08/14/2023 15:31:22 - DEBUG - __main__ -   pred: 4
08/14/2023 15:31:22 - DEBUG - __main__ -   label: 3
08/14/2023 15:31:22 - DEBUG - __main__ -   pred: 4
08/14/2023 15:31:22 - DEBUG - __main__ -   label: 1
08/14/2023 15:31:22 - DEBUG - __main__ -   pred: 2
08/14/2023 15:31:22 - DEBUG - __main__ -   label: 1
08/14/2023 15:31:22 - DEBUG - __main__ -   pred: 1
08/14/2023 15:31:22 - DEBUG - __main__ -   label: 1
08/14/2023 15:31:22 - DEBUG - __main__ -   pred: 1
08/14/2023 15:31:22 - DEBUG - __main__ -   label: 0
08/14/2023 15:31:22 - DEBUG - __main__ -   pred: 1
08/14/2023 15:31:22 - DEBUG - __main__ -   label: 1
08/14/2023 15:31:22 - DEBUG - __main__ -   pred: 2
08/14/2023 15:31:22 - DEBUG - __main__ -   label: 0
08/14/2023 15:31:22 - DEBUG - __main__ -   pred: 1
08/14/2023 15:31:22 - DEBUG - __main__ -   label: 1
08/14/2023 15:31:22 - DEBUG - __main__ -   pred: 1
08/14/2023 15:31:22 - DEBUG - __main__ -   label: 0
08/14/2023 15:31:22 - DEBUG - __main__ -   pred: 0
08/14/2023 15:31:22 - DEBUG - __main__ -   label: 0
08/14/2023 15:31:22 - DEBUG - __main__ -   pred: 1
08/14/2023 15:31:22 - DEBUG - __main__ -   label: 0
08/14/2023 15:31:22 - DEBUG - __main__ -   pred: 0
08/14/2023 15:31:22 - DEBUG - __main__ -   label: 0
08/14/2023 15:31:22 - DEBUG - __main__ -   pred: 0
08/14/2023 15:31:22 - DEBUG - __main__ -   label: 0
08/14/2023 15:31:22 - DEBUG - __main__ -   pred: 0
08/14/2023 15:31:22 - DEBUG - __main__ -   label: 1
08/14/2023 15:31:22 - DEBUG - __main__ -   pred: 2
08/14/2023 15:31:22 - DEBUG - __main__ -   label: 1
08/14/2023 15:31:22 - DEBUG - __main__ -   pred: 0
08/14/2023 15:31:22 - DEBUG - __main__ -   label: 1
08/14/2023 15:31:22 - DEBUG - __main__ -   pred: 0
08/14/2023 15:31:22 - DEBUG - __main__ -   label: 0
08/14/2023 15:31:22 - DEBUG - __main__ -   pred: 1
08/14/2023 15:31:22 - DEBUG - __main__ -   label: 0
08/14/2023 15:31:22 - DEBUG - __main__ -   pred: 1
08/14/2023 15:31:22 - DEBUG - __main__ -   label: 1
08/14/2023 15:31:22 - DEBUG - __main__ -   pred: 1
08/14/2023 15:31:22 - DEBUG - __main__ -   label: 1
08/14/2023 15:31:22 - DEBUG - __main__ -   pred: 1
08/14/2023 15:31:22 - DEBUG - __main__ -   label: 4
08/14/2023 15:31:22 - DEBUG - __main__ -   pred: 3
08/14/2023 15:31:22 - DEBUG - __main__ -   label: 2
08/14/2023 15:31:22 - DEBUG - __main__ -   pred: 3
08/14/2023 15:31:22 - DEBUG - __main__ -   label: 2
08/14/2023 15:31:22 - DEBUG - __main__ -   pred: 2
08/14/2023 15:31:22 - DEBUG - __main__ -   label: 2
08/14/2023 15:31:22 - DEBUG - __main__ -   pred: 2
08/14/2023 15:31:22 - DEBUG - __main__ -   label: 3
08/14/2023 15:31:22 - DEBUG - __main__ -   pred: 4
08/14/2023 15:31:22 - DEBUG - __main__ -   label: 5
08/14/2023 15:31:22 - DEBUG - __main__ -   pred: 4
08/14/2023 15:31:22 - DEBUG - __main__ -   label: 3
08/14/2023 15:31:22 - DEBUG - __main__ -   pred: 2
08/14/2023 15:31:22 - DEBUG - __main__ -   label: 2
08/14/2023 15:31:22 - DEBUG - __main__ -   pred: 2
08/14/2023 15:31:22 - DEBUG - __main__ -   label: 2
08/14/2023 15:31:22 - DEBUG - __main__ -   pred: 2
08/14/2023 15:31:22 - DEBUG - __main__ -   label: 4
08/14/2023 15:31:22 - DEBUG - __main__ -   pred: 4
08/14/2023 15:31:22 - DEBUG - __main__ -   label: 4
08/14/2023 15:31:22 - DEBUG - __main__ -   pred: 4
08/14/2023 15:31:22 - DEBUG - __main__ -   label: 3
08/14/2023 15:31:22 - DEBUG - __main__ -   pred: 3
08/14/2023 15:31:22 - DEBUG - __main__ -   label: 4
08/14/2023 15:31:22 - DEBUG - __main__ -   pred: 4
08/14/2023 15:31:22 - DEBUG - __main__ -   label: 3
08/14/2023 15:31:22 - DEBUG - __main__ -   pred: 3
08/14/2023 15:31:22 - DEBUG - __main__ -   label: 4
08/14/2023 15:31:22 - DEBUG - __main__ -   pred: 3
08/14/2023 15:31:22 - DEBUG - __main__ -   label: 3
08/14/2023 15:31:22 - DEBUG - __main__ -   pred: 4
08/14/2023 15:31:22 - DEBUG - __main__ -   label: 4
08/14/2023 15:31:22 - DEBUG - __main__ -   pred: 4
08/14/2023 15:31:22 - DEBUG - __main__ -   label: 4
08/14/2023 15:31:22 - DEBUG - __main__ -   pred: 4
08/14/2023 15:31:22 - DEBUG - __main__ -   label: 4
08/14/2023 15:31:22 - DEBUG - __main__ -   pred: 3
08/14/2023 15:31:22 - DEBUG - __main__ -   label: 1
08/14/2023 15:31:22 - DEBUG - __main__ -   pred: 1
08/14/2023 15:31:22 - DEBUG - __main__ -   label: 1
08/14/2023 15:31:22 - DEBUG - __main__ -   pred: 1
08/14/2023 15:31:22 - DEBUG - __main__ -   label: 2
08/14/2023 15:31:22 - DEBUG - __main__ -   pred: 1
08/14/2023 15:31:22 - DEBUG - __main__ -   label: 0
08/14/2023 15:31:22 - DEBUG - __main__ -   pred: 0
08/14/2023 15:31:22 - DEBUG - __main__ -   label: 0
08/14/2023 15:31:22 - DEBUG - __main__ -   pred: 0
08/14/2023 15:31:22 - DEBUG - __main__ -   label: 1
08/14/2023 15:31:22 - DEBUG - __main__ -   pred: 0
08/14/2023 15:31:22 - DEBUG - __main__ -   label: 0
08/14/2023 15:31:22 - DEBUG - __main__ -   pred: 1
08/14/2023 15:31:22 - DEBUG - __main__ -   label: 0
08/14/2023 15:31:22 - DEBUG - __main__ -   pred: 1
08/14/2023 15:31:22 - DEBUG - __main__ -   label: 1
08/14/2023 15:31:22 - DEBUG - __main__ -   pred: 1
08/14/2023 15:31:22 - DEBUG - __main__ -   label: 0
08/14/2023 15:31:22 - DEBUG - __main__ -   pred: 0
08/14/2023 15:31:22 - DEBUG - __main__ -   label: 0
08/14/2023 15:31:22 - DEBUG - __main__ -   pred: 1
08/14/2023 15:31:22 - DEBUG - __main__ -   label: 0
08/14/2023 15:31:22 - DEBUG - __main__ -   pred: 0
08/14/2023 15:31:22 - DEBUG - __main__ -   label: 0
08/14/2023 15:31:22 - DEBUG - __main__ -   pred: 1
08/14/2023 15:31:22 - DEBUG - __main__ -   label: 0
08/14/2023 15:31:22 - DEBUG - __main__ -   pred: 1
08/14/2023 15:31:22 - DEBUG - __main__ -   label: 0
08/14/2023 15:31:22 - DEBUG - __main__ -   pred: 2
08/14/2023 15:31:22 - DEBUG - __main__ -   label: 0
08/14/2023 15:31:22 - DEBUG - __main__ -   pred: 1
08/14/2023 15:31:22 - DEBUG - __main__ -   label: 1
08/14/2023 15:31:22 - DEBUG - __main__ -   pred: 1
08/14/2023 15:31:22 - DEBUG - __main__ -   label: 1
08/14/2023 15:31:22 - DEBUG - __main__ -   pred: 0
08/14/2023 15:31:22 - DEBUG - __main__ -   label: 1
08/14/2023 15:31:22 - DEBUG - __main__ -   pred: 2
08/14/2023 15:31:22 - DEBUG - __main__ -   label: 0
08/14/2023 15:31:22 - DEBUG - __main__ -   pred: 1
08/14/2023 15:31:22 - DEBUG - __main__ -   label: 3
08/14/2023 15:31:22 - DEBUG - __main__ -   pred: 3
08/14/2023 15:31:22 - DEBUG - __main__ -   label: 5
08/14/2023 15:31:22 - DEBUG - __main__ -   pred: 4
08/14/2023 15:31:22 - DEBUG - __main__ -   label: 4
08/14/2023 15:31:22 - DEBUG - __main__ -   pred: 4
08/14/2023 15:31:22 - DEBUG - __main__ -   label: 2
08/14/2023 15:31:22 - DEBUG - __main__ -   pred: 2
08/14/2023 15:31:22 - DEBUG - __main__ -   label: 5
08/14/2023 15:31:22 - DEBUG - __main__ -   pred: 4
08/14/2023 15:31:22 - DEBUG - __main__ -   label: 5
08/14/2023 15:31:22 - DEBUG - __main__ -   pred: 4
08/14/2023 15:31:22 - DEBUG - __main__ -   label: 3
08/14/2023 15:31:22 - DEBUG - __main__ -   pred: 2
08/14/2023 15:31:22 - DEBUG - __main__ -   label: 3
08/14/2023 15:31:22 - DEBUG - __main__ -   pred: 3
08/14/2023 15:31:22 - DEBUG - __main__ -   label: 4
08/14/2023 15:31:22 - DEBUG - __main__ -   pred: 4
08/14/2023 15:31:22 - DEBUG - __main__ -   label: 4
08/14/2023 15:31:22 - DEBUG - __main__ -   pred: 4
08/14/2023 15:31:22 - DEBUG - __main__ -   label: 5
08/14/2023 15:31:22 - DEBUG - __main__ -   pred: 4
08/14/2023 15:31:22 - DEBUG - __main__ -   label: 4
08/14/2023 15:31:22 - DEBUG - __main__ -   pred: 4
08/14/2023 15:31:22 - DEBUG - __main__ -   label: 4
08/14/2023 15:31:22 - DEBUG - __main__ -   pred: 4
08/14/2023 15:31:22 - DEBUG - __main__ -   label: 0
08/14/2023 15:31:22 - DEBUG - __main__ -   pred: 0
08/14/2023 15:31:22 - DEBUG - __main__ -   label: 1
08/14/2023 15:31:22 - DEBUG - __main__ -   pred: 0
08/14/2023 15:31:22 - DEBUG - __main__ -   label: 0
08/14/2023 15:31:22 - DEBUG - __main__ -   pred: 1
08/14/2023 15:31:22 - DEBUG - __main__ -   label: 1
08/14/2023 15:31:22 - DEBUG - __main__ -   pred: 1
08/14/2023 15:31:22 - DEBUG - __main__ -   label: 1
08/14/2023 15:31:22 - DEBUG - __main__ -   pred: 1
08/14/2023 15:31:22 - DEBUG - __main__ -   label: 1
08/14/2023 15:31:22 - DEBUG - __main__ -   pred: 0
08/14/2023 15:31:22 - DEBUG - __main__ -   label: 1
08/14/2023 15:31:22 - DEBUG - __main__ -   pred: 1
08/14/2023 15:31:22 - DEBUG - __main__ -   label: 1
08/14/2023 15:31:22 - DEBUG - __main__ -   pred: 2
08/14/2023 15:31:22 - DEBUG - __main__ -   label: 1
08/14/2023 15:31:22 - DEBUG - __main__ -   pred: 0
08/14/2023 15:31:22 - DEBUG - __main__ -   label: 1
08/14/2023 15:31:22 - DEBUG - __main__ -   pred: 3
08/14/2023 15:31:22 - DEBUG - __main__ -   label: 4
08/14/2023 15:31:22 - DEBUG - __main__ -   pred: 4
08/14/2023 15:31:22 - DEBUG - __main__ -   label: 4
08/14/2023 15:31:22 - DEBUG - __main__ -   pred: 3
08/14/2023 15:31:22 - DEBUG - __main__ -   label: 1
08/14/2023 15:31:22 - DEBUG - __main__ -   pred: 1
08/14/2023 15:31:22 - DEBUG - __main__ -   label: 3
08/14/2023 15:31:22 - DEBUG - __main__ -   pred: 4
08/14/2023 15:31:22 - DEBUG - __main__ -   label: 4
08/14/2023 15:31:22 - DEBUG - __main__ -   pred: 4
08/14/2023 15:31:22 - DEBUG - __main__ -   label: 3
08/14/2023 15:31:22 - DEBUG - __main__ -   pred: 4
08/14/2023 15:31:22 - DEBUG - __main__ -   label: 3
08/14/2023 15:31:22 - DEBUG - __main__ -   pred: 3
08/14/2023 15:31:22 - DEBUG - __main__ -   label: 2
08/14/2023 15:31:22 - DEBUG - __main__ -   pred: 2
08/14/2023 15:31:22 - DEBUG - __main__ -   label: 1
08/14/2023 15:31:22 - DEBUG - __main__ -   pred: 1
08/14/2023 15:31:22 - DEBUG - __main__ -   label: 0
08/14/2023 15:31:22 - DEBUG - __main__ -   pred: 1
08/14/2023 15:31:22 - DEBUG - __main__ -   label: 1
08/14/2023 15:31:22 - DEBUG - __main__ -   pred: 0
08/14/2023 15:31:22 - DEBUG - __main__ -   label: 1
08/14/2023 15:31:22 - DEBUG - __main__ -   pred: 1
08/14/2023 15:31:22 - DEBUG - __main__ -   label: 1
08/14/2023 15:31:22 - DEBUG - __main__ -   pred: 1
08/14/2023 15:31:22 - DEBUG - __main__ -   label: 0
08/14/2023 15:31:22 - DEBUG - __main__ -   pred: 0
08/14/2023 15:31:22 - DEBUG - __main__ -   label: 0
08/14/2023 15:31:22 - DEBUG - __main__ -   pred: 1
08/14/2023 15:31:22 - DEBUG - __main__ -   label: 1
08/14/2023 15:31:22 - DEBUG - __main__ -   pred: 1
08/14/2023 15:31:22 - DEBUG - __main__ -   label: 1
08/14/2023 15:31:22 - DEBUG - __main__ -   pred: 1
08/14/2023 15:31:22 - DEBUG - __main__ -   label: 1
08/14/2023 15:31:22 - DEBUG - __main__ -   pred: 2
08/14/2023 15:31:22 - DEBUG - __main__ -   label: 1
08/14/2023 15:31:22 - DEBUG - __main__ -   pred: 1
08/14/2023 15:31:22 - DEBUG - __main__ -   label: 1
08/14/2023 15:31:22 - DEBUG - __main__ -   pred: 1
08/14/2023 15:31:22 - DEBUG - __main__ -   label: 2
08/14/2023 15:31:22 - DEBUG - __main__ -   pred: 3
08/14/2023 15:31:22 - DEBUG - __main__ -   label: 1
08/14/2023 15:31:22 - DEBUG - __main__ -   pred: 2
08/14/2023 15:31:22 - DEBUG - __main__ -   label: 1
08/14/2023 15:31:22 - DEBUG - __main__ -   pred: 2
08/14/2023 15:31:22 - DEBUG - __main__ -   label: 2
08/14/2023 15:31:22 - DEBUG - __main__ -   pred: 2
08/14/2023 15:31:22 - DEBUG - __main__ -   label: 4
08/14/2023 15:31:22 - DEBUG - __main__ -   pred: 4
08/14/2023 15:31:22 - DEBUG - __main__ -   label: 3
08/14/2023 15:31:22 - DEBUG - __main__ -   pred: 4
08/14/2023 15:31:22 - DEBUG - __main__ -   label: 3
08/14/2023 15:31:22 - DEBUG - __main__ -   pred: 3
08/14/2023 15:31:22 - DEBUG - __main__ -   label: 3
08/14/2023 15:31:22 - DEBUG - __main__ -   pred: 2
08/14/2023 15:31:22 - DEBUG - __main__ -   label: 4
08/14/2023 15:31:22 - DEBUG - __main__ -   pred: 4
08/14/2023 15:31:22 - DEBUG - __main__ -   label: 4
08/14/2023 15:31:22 - DEBUG - __main__ -   pred: 4
08/14/2023 15:31:22 - DEBUG - __main__ -   label: 3
08/14/2023 15:31:22 - DEBUG - __main__ -   pred: 3
08/14/2023 15:31:22 - DEBUG - __main__ -   label: 4
08/14/2023 15:31:22 - DEBUG - __main__ -   pred: 4
08/14/2023 15:31:22 - DEBUG - __main__ -   label: 2
08/14/2023 15:31:22 - DEBUG - __main__ -   pred: 3
08/14/2023 15:31:22 - DEBUG - __main__ -   label: 3
08/14/2023 15:31:22 - DEBUG - __main__ -   pred: 3
08/14/2023 15:31:22 - DEBUG - __main__ -   label: 4
08/14/2023 15:31:22 - DEBUG - __main__ -   pred: 4
08/14/2023 15:31:22 - DEBUG - __main__ -   label: 1
08/14/2023 15:31:22 - DEBUG - __main__ -   pred: 1
08/14/2023 15:31:22 - DEBUG - __main__ -   label: 1
08/14/2023 15:31:22 - DEBUG - __main__ -   pred: 2
08/14/2023 15:31:22 - DEBUG - __main__ -   label: 2
08/14/2023 15:31:22 - DEBUG - __main__ -   pred: 1
08/14/2023 15:31:22 - DEBUG - __main__ -   label: 0
08/14/2023 15:31:22 - DEBUG - __main__ -   pred: 0
08/14/2023 15:31:22 - DEBUG - __main__ -   label: 0
08/14/2023 15:31:22 - DEBUG - __main__ -   pred: 1
08/14/2023 15:31:22 - DEBUG - __main__ -   label: 0
08/14/2023 15:31:22 - DEBUG - __main__ -   pred: 1
08/14/2023 15:31:22 - DEBUG - __main__ -   label: 2
08/14/2023 15:31:22 - DEBUG - __main__ -   pred: 0
08/14/2023 15:31:22 - DEBUG - __main__ -   label: 0
08/14/2023 15:31:22 - DEBUG - __main__ -   pred: 0
08/14/2023 15:31:22 - DEBUG - __main__ -   label: 1
08/14/2023 15:31:22 - DEBUG - __main__ -   pred: 0
08/14/2023 15:31:22 - DEBUG - __main__ -   label: 1
08/14/2023 15:31:22 - DEBUG - __main__ -   pred: 2
08/14/2023 15:31:22 - DEBUG - __main__ -   label: 1
08/14/2023 15:31:22 - DEBUG - __main__ -   pred: 1
08/14/2023 15:31:22 - DEBUG - __main__ -   label: 1
08/14/2023 15:31:22 - DEBUG - __main__ -   pred: 1
08/14/2023 15:31:22 - DEBUG - __main__ -   label: 1
08/14/2023 15:31:22 - DEBUG - __main__ -   pred: 1
08/14/2023 15:31:22 - DEBUG - __main__ -   label: 4
08/14/2023 15:31:22 - DEBUG - __main__ -   pred: 4
08/14/2023 15:31:22 - DEBUG - __main__ -   label: 1
08/14/2023 15:31:22 - DEBUG - __main__ -   pred: 1
08/14/2023 15:31:22 - DEBUG - __main__ -   label: 5
08/14/2023 15:31:22 - DEBUG - __main__ -   pred: 4
08/14/2023 15:31:22 - DEBUG - __main__ -   label: 5
08/14/2023 15:31:22 - DEBUG - __main__ -   pred: 4
08/14/2023 15:31:22 - DEBUG - __main__ -   label: 4
08/14/2023 15:31:22 - DEBUG - __main__ -   pred: 4
08/14/2023 15:31:22 - DEBUG - __main__ -   label: 5
08/14/2023 15:31:22 - DEBUG - __main__ -   pred: 4
08/14/2023 15:31:22 - DEBUG - __main__ -   label: 5
08/14/2023 15:31:22 - DEBUG - __main__ -   pred: 4
08/14/2023 15:31:22 - DEBUG - __main__ -   label: 3
08/14/2023 15:31:22 - DEBUG - __main__ -   pred: 2
08/14/2023 15:31:22 - DEBUG - __main__ -   label: 4
08/14/2023 15:31:22 - DEBUG - __main__ -   pred: 3
08/14/2023 15:31:22 - DEBUG - __main__ -   label: 1
08/14/2023 15:31:22 - DEBUG - __main__ -   pred: 1
08/14/2023 15:31:22 - DEBUG - __main__ -   label: 1
08/14/2023 15:31:22 - DEBUG - __main__ -   pred: 1
08/14/2023 15:31:22 - DEBUG - __main__ -   label: 1
08/14/2023 15:31:22 - DEBUG - __main__ -   pred: 1
08/14/2023 15:31:22 - DEBUG - __main__ -   label: 2
08/14/2023 15:31:22 - DEBUG - __main__ -   pred: 1
08/14/2023 15:31:22 - DEBUG - __main__ -   label: 1
08/14/2023 15:31:22 - DEBUG - __main__ -   pred: 0
08/14/2023 15:31:22 - DEBUG - __main__ -   label: 2
08/14/2023 15:31:22 - DEBUG - __main__ -   pred: 1
08/14/2023 15:31:22 - DEBUG - __main__ -   label: 2
08/14/2023 15:31:22 - DEBUG - __main__ -   pred: 1
08/14/2023 15:31:22 - DEBUG - __main__ -   label: 2
08/14/2023 15:31:22 - DEBUG - __main__ -   pred: 1
08/14/2023 15:31:22 - DEBUG - __main__ -   label: 2
08/14/2023 15:31:22 - DEBUG - __main__ -   pred: 0
08/14/2023 15:31:22 - DEBUG - __main__ -   label: 1
08/14/2023 15:31:22 - DEBUG - __main__ -   pred: 1
08/14/2023 15:31:22 - DEBUG - __main__ -   label: 1
08/14/2023 15:31:22 - DEBUG - __main__ -   pred: 1
08/14/2023 15:31:22 - DEBUG - __main__ -   label: 2
08/14/2023 15:31:22 - DEBUG - __main__ -   pred: 2
08/14/2023 15:31:22 - DEBUG - __main__ -   label: 1
08/14/2023 15:31:22 - DEBUG - __main__ -   pred: 1
08/14/2023 15:31:22 - DEBUG - __main__ -   label: 2
08/14/2023 15:31:22 - DEBUG - __main__ -   pred: 1
08/14/2023 15:31:22 - DEBUG - __main__ -   label: 3
08/14/2023 15:31:22 - DEBUG - __main__ -   pred: 3
08/14/2023 15:31:22 - DEBUG - __main__ -   label: 4
08/14/2023 15:31:22 - DEBUG - __main__ -   pred: 4
08/14/2023 15:31:22 - DEBUG - __main__ -   label: 3
08/14/2023 15:31:22 - DEBUG - __main__ -   pred: 3
08/14/2023 15:31:22 - DEBUG - __main__ -   label: 3
08/14/2023 15:31:22 - DEBUG - __main__ -   pred: 4
08/14/2023 15:31:22 - DEBUG - __main__ -   label: 3
08/14/2023 15:31:22 - DEBUG - __main__ -   pred: 3
08/14/2023 15:31:22 - DEBUG - __main__ -   label: 3
08/14/2023 15:31:22 - DEBUG - __main__ -   pred: 4
08/14/2023 15:31:22 - DEBUG - __main__ -   label: 3
08/14/2023 15:31:22 - DEBUG - __main__ -   pred: 2
08/14/2023 15:31:22 - DEBUG - __main__ -   label: 1
08/14/2023 15:31:22 - DEBUG - __main__ -   pred: 1
08/14/2023 15:31:22 - DEBUG - __main__ -   label: 1
08/14/2023 15:31:22 - DEBUG - __main__ -   pred: 2
08/14/2023 15:31:22 - DEBUG - __main__ -   label: 1
08/14/2023 15:31:22 - DEBUG - __main__ -   pred: 1
08/14/2023 15:31:22 - DEBUG - __main__ -   label: 0
08/14/2023 15:31:22 - DEBUG - __main__ -   pred: 0
08/14/2023 15:31:22 - DEBUG - __main__ -   label: 1
08/14/2023 15:31:22 - DEBUG - __main__ -   pred: 1
08/14/2023 15:31:22 - DEBUG - __main__ -   label: 0
08/14/2023 15:31:22 - DEBUG - __main__ -   pred: 0
08/14/2023 15:31:22 - DEBUG - __main__ -   label: 0
08/14/2023 15:31:22 - DEBUG - __main__ -   pred: 1
08/14/2023 15:31:22 - DEBUG - __main__ -   label: 1
08/14/2023 15:31:22 - DEBUG - __main__ -   pred: 1
08/14/2023 15:31:22 - DEBUG - __main__ -   label: 1
08/14/2023 15:31:22 - DEBUG - __main__ -   pred: 0
08/14/2023 15:31:22 - DEBUG - __main__ -   label: 1
08/14/2023 15:31:22 - DEBUG - __main__ -   pred: 1
08/14/2023 15:31:22 - DEBUG - __main__ -   label: 1
08/14/2023 15:31:22 - DEBUG - __main__ -   pred: 1
08/14/2023 15:31:22 - DEBUG - __main__ -   label: 1
08/14/2023 15:31:22 - DEBUG - __main__ -   pred: 1
08/14/2023 15:31:22 - DEBUG - __main__ -   label: 0
08/14/2023 15:31:22 - DEBUG - __main__ -   pred: 1
08/14/2023 15:31:22 - DEBUG - __main__ -   label: 0
08/14/2023 15:31:22 - DEBUG - __main__ -   pred: 2
08/14/2023 15:31:22 - DEBUG - __main__ -   label: 1
08/14/2023 15:31:22 - DEBUG - __main__ -   pred: 1
08/14/2023 15:31:22 - DEBUG - __main__ -   label: 0
08/14/2023 15:31:22 - DEBUG - __main__ -   pred: 0
08/14/2023 15:31:22 - DEBUG - __main__ -   label: 0
08/14/2023 15:31:22 - DEBUG - __main__ -   pred: 0
08/14/2023 15:31:22 - DEBUG - __main__ -   label: 0
08/14/2023 15:31:22 - DEBUG - __main__ -   pred: 0
08/14/2023 15:31:22 - DEBUG - __main__ -   label: 0
08/14/2023 15:31:22 - DEBUG - __main__ -   pred: 0
08/14/2023 15:31:22 - DEBUG - __main__ -   label: 0
08/14/2023 15:31:22 - DEBUG - __main__ -   pred: 0
08/14/2023 15:31:22 - DEBUG - __main__ -   label: 1
08/14/2023 15:31:22 - DEBUG - __main__ -   pred: 1
08/14/2023 15:31:22 - DEBUG - __main__ -   label: 0
08/14/2023 15:31:22 - DEBUG - __main__ -   pred: 0
08/14/2023 15:31:22 - DEBUG - __main__ -   label: 2
08/14/2023 15:31:22 - DEBUG - __main__ -   pred: 3
08/14/2023 15:31:22 - DEBUG - __main__ -   label: 4
08/14/2023 15:31:22 - DEBUG - __main__ -   pred: 4
08/14/2023 15:31:22 - DEBUG - __main__ -   label: 2
08/14/2023 15:31:22 - DEBUG - __main__ -   pred: 2
08/14/2023 15:31:22 - DEBUG - __main__ -   label: 2
08/14/2023 15:31:22 - DEBUG - __main__ -   pred: 2
08/14/2023 15:31:22 - DEBUG - __main__ -   label: 3
08/14/2023 15:31:22 - DEBUG - __main__ -   pred: 3
08/14/2023 15:31:22 - DEBUG - __main__ -   label: 1
08/14/2023 15:31:22 - DEBUG - __main__ -   pred: 1
08/14/2023 15:31:22 - DEBUG - __main__ -   label: 2
08/14/2023 15:31:22 - DEBUG - __main__ -   pred: 2
08/14/2023 15:31:22 - DEBUG - __main__ -   label: 1
08/14/2023 15:31:22 - DEBUG - __main__ -   pred: 1
08/14/2023 15:31:22 - DEBUG - __main__ -   label: 1
08/14/2023 15:31:22 - DEBUG - __main__ -   pred: 1
08/14/2023 15:31:22 - DEBUG - __main__ -   label: 2
08/14/2023 15:31:22 - DEBUG - __main__ -   pred: 4
08/14/2023 15:31:22 - DEBUG - __main__ -   label: 4
08/14/2023 15:31:22 - DEBUG - __main__ -   pred: 4
08/14/2023 15:31:22 - DEBUG - __main__ -   label: 4
08/14/2023 15:31:22 - DEBUG - __main__ -   pred: 4
08/14/2023 15:31:22 - DEBUG - __main__ -   label: 3
08/14/2023 15:31:22 - DEBUG - __main__ -   pred: 4
08/14/2023 15:31:22 - DEBUG - __main__ -   label: 3
08/14/2023 15:31:22 - DEBUG - __main__ -   pred: 3
08/14/2023 15:31:22 - DEBUG - __main__ -   label: 3
08/14/2023 15:31:22 - DEBUG - __main__ -   pred: 4
08/14/2023 15:31:22 - DEBUG - __main__ -   label: 2
08/14/2023 15:31:22 - DEBUG - __main__ -   pred: 3
08/14/2023 15:31:22 - DEBUG - __main__ -   label: 3
08/14/2023 15:31:22 - DEBUG - __main__ -   pred: 2
08/14/2023 15:31:22 - DEBUG - __main__ -   label: 4
08/14/2023 15:31:22 - DEBUG - __main__ -   pred: 4
08/14/2023 15:31:22 - DEBUG - __main__ -   label: 3
08/14/2023 15:31:22 - DEBUG - __main__ -   pred: 3
