******** Training fold 1 ********
08/15/2023 15:13:54 - DEBUG - __main__ -   Processor loaded. CPU mem usage: 0.38G.  Cuda 0: memory acclocated: 0 G.
08/15/2023 15:14:03 - DEBUG - __main__ -   Model loaded. CPU mem usage: 1.99G.  Cuda 0: memory acclocated: 0 G.
Wav2Vec2ForSequenceClassification(
  (wav2vec2): Wav2Vec2Model(
    (feature_extractor): Wav2Vec2FeatureEncoder(
      (conv_layers): ModuleList(
        (0): Wav2Vec2LayerNormConvLayer(
          (conv): Conv1d(1, 512, kernel_size=(10,), stride=(5,))
          (layer_norm): LayerNorm((512,), eps=1e-05, elementwise_affine=True)
          (activation): GELUActivation()
        )
        (1-4): 4 x Wav2Vec2LayerNormConvLayer(
          (conv): Conv1d(512, 512, kernel_size=(3,), stride=(2,))
          (layer_norm): LayerNorm((512,), eps=1e-05, elementwise_affine=True)
          (activation): GELUActivation()
        )
        (5-6): 2 x Wav2Vec2LayerNormConvLayer(
          (conv): Conv1d(512, 512, kernel_size=(2,), stride=(2,))
          (layer_norm): LayerNorm((512,), eps=1e-05, elementwise_affine=True)
          (activation): GELUActivation()
        )
      )
    )
    (feature_projection): Wav2Vec2FeatureProjection(
      (layer_norm): LayerNorm((512,), eps=1e-05, elementwise_affine=True)
      (projection): Linear(in_features=512, out_features=1024, bias=True)
      (dropout): Dropout(p=0.1, inplace=False)
    )
    (encoder): Wav2Vec2EncoderStableLayerNorm(
      (pos_conv_embed): Wav2Vec2PositionalConvEmbedding(
        (conv): Conv1d(1024, 1024, kernel_size=(128,), stride=(1,), padding=(64,), groups=16)
        (padding): Wav2Vec2SamePadLayer()
        (activation): GELUActivation()
      )
      (layer_norm): LayerNorm((1024,), eps=1e-05, elementwise_affine=True)
      (dropout): Dropout(p=0.1, inplace=False)
      (layers): ModuleList(
        (0-23): 24 x Wav2Vec2EncoderLayerStableLayerNorm(
          (attention): Wav2Vec2Attention(
            (k_proj): Linear(in_features=1024, out_features=1024, bias=True)
            (v_proj): Linear(in_features=1024, out_features=1024, bias=True)
            (q_proj): Linear(in_features=1024, out_features=1024, bias=True)
            (out_proj): Linear(in_features=1024, out_features=1024, bias=True)
          )
          (dropout): Dropout(p=0.1, inplace=False)
          (layer_norm): LayerNorm((1024,), eps=1e-05, elementwise_affine=True)
          (feed_forward): Wav2Vec2FeedForward(
            (intermediate_dropout): Dropout(p=0.0, inplace=False)
            (intermediate_dense): Linear(in_features=1024, out_features=4096, bias=True)
            (intermediate_act_fn): GELUActivation()
            (output_dense): Linear(in_features=4096, out_features=1024, bias=True)
            (output_dropout): Dropout(p=0.1, inplace=False)
          )
          (final_layer_norm): LayerNorm((1024,), eps=1e-05, elementwise_affine=True)
        )
      )
    )
  )
  (projector): Linear(in_features=1024, out_features=256, bias=True)
  (classifier): Linear(in_features=256, out_features=7, bias=True)
)
08/15/2023 15:14:34 - DEBUG - __main__ -   Speech loaded. N_train=1580, N_eval=532. CPU mem usage: 6.10G.  Cuda 0: memory acclocated: 0 G.
08/15/2023 15:15:02 - DEBUG - __main__ -   Feature extracted. Duration: 0:00:27 CPU mem usage: 9.14G.  Cuda 0: memory acclocated: 0 G.
08/15/2023 15:16:51 - DEBUG - augmentations.transform -   Training set (N=3160): augmented training data added. Duration: 0:01:48
08/15/2023 15:16:51 - DEBUG - urllib3.connectionpool -   Starting new HTTPS connection (1): s3.amazonaws.com:443
08/15/2023 15:16:51 - DEBUG - urllib3.connectionpool -   https://s3.amazonaws.com:443 "HEAD /datasets.huggingface.co/datasets/metrics/evaluate-metric/precision/evaluate-metric/precision.py HTTP/1.1" 404 0
08/15/2023 15:16:51 - DEBUG - urllib3.connectionpool -   Starting new HTTPS connection (1): huggingface.co:443
08/15/2023 15:16:52 - DEBUG - urllib3.connectionpool -   https://huggingface.co:443 "HEAD /spaces/evaluate-metric/precision/resolve/v0.4.0/precision.py HTTP/1.1" 200 0
08/15/2023 15:16:52 - DEBUG - urllib3.connectionpool -   Starting new HTTPS connection (1): s3.amazonaws.com:443
08/15/2023 15:16:52 - DEBUG - urllib3.connectionpool -   https://s3.amazonaws.com:443 "HEAD /datasets.huggingface.co/datasets/metrics/evaluate-metric/recall/evaluate-metric/recall.py HTTP/1.1" 404 0
08/15/2023 15:16:52 - DEBUG - urllib3.connectionpool -   Starting new HTTPS connection (1): huggingface.co:443
08/15/2023 15:16:52 - DEBUG - urllib3.connectionpool -   https://huggingface.co:443 "HEAD /spaces/evaluate-metric/recall/resolve/v0.4.0/recall.py HTTP/1.1" 200 0
08/15/2023 15:16:52 - DEBUG - urllib3.connectionpool -   Starting new HTTPS connection (1): s3.amazonaws.com:443
08/15/2023 15:16:53 - DEBUG - urllib3.connectionpool -   https://s3.amazonaws.com:443 "HEAD /datasets.huggingface.co/datasets/metrics/evaluate-metric/f1/evaluate-metric/f1.py HTTP/1.1" 404 0
08/15/2023 15:16:53 - DEBUG - urllib3.connectionpool -   Starting new HTTPS connection (1): huggingface.co:443
08/15/2023 15:16:53 - DEBUG - urllib3.connectionpool -   https://huggingface.co:443 "HEAD /spaces/evaluate-metric/f1/resolve/v0.4.0/f1.py HTTP/1.1" 200 0
08/15/2023 15:16:53 - DEBUG - urllib3.connectionpool -   Starting new HTTPS connection (1): s3.amazonaws.com:443
08/15/2023 15:16:53 - DEBUG - urllib3.connectionpool -   https://s3.amazonaws.com:443 "HEAD /datasets.huggingface.co/datasets/metrics/evaluate-metric/spearmanr/evaluate-metric/spearmanr.py HTTP/1.1" 404 0
08/15/2023 15:16:53 - DEBUG - urllib3.connectionpool -   Starting new HTTPS connection (1): huggingface.co:443
08/15/2023 15:16:54 - DEBUG - urllib3.connectionpool -   https://huggingface.co:443 "HEAD /spaces/evaluate-metric/spearmanr/resolve/v0.4.0/spearmanr.py HTTP/1.1" 200 0
08/15/2023 15:16:56 - DEBUG - __main__ -   Training starts now. CPU mem usage: 14.61G.  Cuda 0: memory acclocated: 2 G.
08/15/2023 15:16:56 - DEBUG - helper.classes -   ----------- Starting epoch 1 -----------
{'loss': 1.8513, 'learning_rate': 9.49367088607595e-06, 'epoch': 0.32}
{'loss': 1.4517, 'learning_rate': 1.89873417721519e-05, 'epoch': 0.63}
{'loss': 1.2964, 'learning_rate': 2.8481012658227846e-05, 'epoch': 0.95}
08/15/2023 15:58:38 - DEBUG - helper.classes -   Epoch 1.0 completed, Duration: 0:41:41 Mem usage: CPU mem usage: 14.90G.  Cuda 0: memory acclocated: 29 G.
08/15/2023 16:00:30 - DEBUG - fsspec.local -   open file: /home/lunt1/.cache/huggingface/metrics/precision/default/default_experiment-1-0.arrow
08/15/2023 16:00:30 - DEBUG - fsspec.local -   open file: /home/lunt1/.cache/huggingface/metrics/recall/default/default_experiment-1-0.arrow
08/15/2023 16:00:30 - DEBUG - fsspec.local -   open file: /home/lunt1/.cache/huggingface/metrics/f1/default/default_experiment-1-0.arrow
08/15/2023 16:00:30 - DEBUG - fsspec.local -   open file: /home/lunt1/.cache/huggingface/metrics/spearmanr/default/default_experiment-1-0.arrow
08/15/2023 16:00:30 - DEBUG - fsspec.local -   open file: /home/lunt1/.cache/huggingface/metrics/precision/default/default_experiment-1-0.arrow
08/15/2023 16:00:30 - DEBUG - fsspec.local -   open file: /home/lunt1/.cache/huggingface/metrics/recall/default/default_experiment-1-0.arrow
08/15/2023 16:00:30 - DEBUG - fsspec.local -   open file: /home/lunt1/.cache/huggingface/metrics/f1/default/default_experiment-1-0.arrow
{'eval_loss': 1.3322139978408813, 'eval_precision': 0.23853735334713597, 'eval_recall': 0.29262252731769883, 'eval_f1': 0.2556128855072761, 'eval_spearmanr': 0.7932840550263124, 'eval_precision_weighted': 0.3211205096073517, 'eval_recall_weighted': 0.41353383458646614, 'eval_f1_weighted': 0.35365814118429306, 'eval_runtime': 112.444, 'eval_samples_per_second': 4.731, 'eval_steps_per_second': 2.366, 'epoch': 1.0}
08/15/2023 16:00:36 - DEBUG - helper.classes -   ----------- Starting epoch 2.0 -----------
{'loss': 1.2546, 'learning_rate': 2.9113924050632914e-05, 'epoch': 1.27}
{'loss': 1.2027, 'learning_rate': 2.805907172995781e-05, 'epoch': 1.58}
{'loss': 1.2137, 'learning_rate': 2.70042194092827e-05, 'epoch': 1.9}
08/15/2023 16:42:52 - DEBUG - helper.classes -   Epoch 2.0 completed, Duration: 0:42:16 Mem usage: CPU mem usage: 14.61G.  Cuda 0: memory acclocated: 29 G.
08/15/2023 16:44:44 - DEBUG - fsspec.local -   open file: /home/lunt1/.cache/huggingface/metrics/precision/default/default_experiment-1-0.arrow
08/15/2023 16:44:44 - DEBUG - fsspec.local -   open file: /home/lunt1/.cache/huggingface/metrics/recall/default/default_experiment-1-0.arrow
08/15/2023 16:44:44 - DEBUG - fsspec.local -   open file: /home/lunt1/.cache/huggingface/metrics/f1/default/default_experiment-1-0.arrow
08/15/2023 16:44:44 - DEBUG - fsspec.local -   open file: /home/lunt1/.cache/huggingface/metrics/spearmanr/default/default_experiment-1-0.arrow
08/15/2023 16:44:44 - DEBUG - fsspec.local -   open file: /home/lunt1/.cache/huggingface/metrics/precision/default/default_experiment-1-0.arrow
08/15/2023 16:44:44 - DEBUG - fsspec.local -   open file: /home/lunt1/.cache/huggingface/metrics/recall/default/default_experiment-1-0.arrow
08/15/2023 16:44:44 - DEBUG - fsspec.local -   open file: /home/lunt1/.cache/huggingface/metrics/f1/default/default_experiment-1-0.arrow
{'eval_loss': 1.373535394668579, 'eval_precision': 0.30457895979874, 'eval_recall': 0.3290344302897493, 'eval_f1': 0.30271324379169623, 'eval_spearmanr': 0.8042310510283011, 'eval_precision_weighted': 0.4095369318583604, 'eval_recall_weighted': 0.43045112781954886, 'eval_f1_weighted': 0.40101793880787917, 'eval_runtime': 111.513, 'eval_samples_per_second': 4.771, 'eval_steps_per_second': 2.385, 'epoch': 2.0}
08/15/2023 16:44:50 - DEBUG - helper.classes -   ----------- Starting epoch 3.0 -----------
{'loss': 1.1346, 'learning_rate': 2.5949367088607594e-05, 'epoch': 2.22}
{'loss': 1.0461, 'learning_rate': 2.489451476793249e-05, 'epoch': 2.53}
{'loss': 1.0483, 'learning_rate': 2.3839662447257385e-05, 'epoch': 2.85}
08/15/2023 17:27:01 - DEBUG - helper.classes -   Epoch 3.0 completed, Duration: 0:42:10 Mem usage: CPU mem usage: 14.61G.  Cuda 0: memory acclocated: 29 G.
08/15/2023 17:28:52 - DEBUG - fsspec.local -   open file: /home/lunt1/.cache/huggingface/metrics/precision/default/default_experiment-1-0.arrow
08/15/2023 17:28:52 - DEBUG - fsspec.local -   open file: /home/lunt1/.cache/huggingface/metrics/recall/default/default_experiment-1-0.arrow
08/15/2023 17:28:52 - DEBUG - fsspec.local -   open file: /home/lunt1/.cache/huggingface/metrics/f1/default/default_experiment-1-0.arrow
08/15/2023 17:28:52 - DEBUG - fsspec.local -   open file: /home/lunt1/.cache/huggingface/metrics/spearmanr/default/default_experiment-1-0.arrow
08/15/2023 17:28:52 - DEBUG - fsspec.local -   open file: /home/lunt1/.cache/huggingface/metrics/precision/default/default_experiment-1-0.arrow
08/15/2023 17:28:52 - DEBUG - fsspec.local -   open file: /home/lunt1/.cache/huggingface/metrics/recall/default/default_experiment-1-0.arrow
08/15/2023 17:28:52 - DEBUG - fsspec.local -   open file: /home/lunt1/.cache/huggingface/metrics/f1/default/default_experiment-1-0.arrow
{'eval_loss': 1.6427603960037231, 'eval_precision': 0.29942610125886465, 'eval_recall': 0.33104633658909854, 'eval_f1': 0.30792506002219927, 'eval_spearmanr': 0.7984747135219308, 'eval_precision_weighted': 0.4032140894198441, 'eval_recall_weighted': 0.4266917293233083, 'eval_f1_weighted': 0.40628691198920014, 'eval_runtime': 111.5136, 'eval_samples_per_second': 4.771, 'eval_steps_per_second': 2.385, 'epoch': 3.0}
08/15/2023 17:29:00 - DEBUG - helper.classes -   ----------- Starting epoch 4.0 -----------
{'loss': 0.9289, 'learning_rate': 2.278481012658228e-05, 'epoch': 3.16}
{'loss': 0.9812, 'learning_rate': 2.1729957805907173e-05, 'epoch': 3.48}
{'loss': 0.9053, 'learning_rate': 2.067510548523207e-05, 'epoch': 3.8}
08/15/2023 18:11:42 - DEBUG - helper.classes -   Epoch 4.0 completed, Duration: 0:42:41 Mem usage: CPU mem usage: 14.61G.  Cuda 0: memory acclocated: 29 G.
08/15/2023 18:13:33 - DEBUG - fsspec.local -   open file: /home/lunt1/.cache/huggingface/metrics/precision/default/default_experiment-1-0.arrow
08/15/2023 18:13:33 - DEBUG - fsspec.local -   open file: /home/lunt1/.cache/huggingface/metrics/recall/default/default_experiment-1-0.arrow
08/15/2023 18:13:33 - DEBUG - fsspec.local -   open file: /home/lunt1/.cache/huggingface/metrics/f1/default/default_experiment-1-0.arrow
08/15/2023 18:13:33 - DEBUG - fsspec.local -   open file: /home/lunt1/.cache/huggingface/metrics/spearmanr/default/default_experiment-1-0.arrow
08/15/2023 18:13:33 - DEBUG - fsspec.local -   open file: /home/lunt1/.cache/huggingface/metrics/precision/default/default_experiment-1-0.arrow
08/15/2023 18:13:33 - DEBUG - fsspec.local -   open file: /home/lunt1/.cache/huggingface/metrics/recall/default/default_experiment-1-0.arrow
08/15/2023 18:13:33 - DEBUG - fsspec.local -   open file: /home/lunt1/.cache/huggingface/metrics/f1/default/default_experiment-1-0.arrow
{'eval_loss': 2.1710994243621826, 'eval_precision': 0.3006458434484595, 'eval_recall': 0.32675496051786296, 'eval_f1': 0.31169914107367575, 'eval_spearmanr': 0.793894528753975, 'eval_precision_weighted': 0.40242920355150286, 'eval_recall_weighted': 0.4266917293233083, 'eval_f1_weighted': 0.41252652501602616, 'eval_runtime': 111.519, 'eval_samples_per_second': 4.77, 'eval_steps_per_second': 2.385, 'epoch': 4.0}
08/15/2023 18:13:39 - DEBUG - helper.classes -   ----------- Starting epoch 5.0 -----------
{'loss': 0.9176, 'learning_rate': 1.9620253164556964e-05, 'epoch': 4.11}
{'loss': 0.8145, 'learning_rate': 1.856540084388186e-05, 'epoch': 4.43}
{'loss': 0.9145, 'learning_rate': 1.751054852320675e-05, 'epoch': 4.75}
08/15/2023 18:56:04 - DEBUG - helper.classes -   Epoch 5.0 completed, Duration: 0:42:24 Mem usage: CPU mem usage: 14.61G.  Cuda 0: memory acclocated: 29 G.
08/15/2023 18:57:55 - DEBUG - fsspec.local -   open file: /home/lunt1/.cache/huggingface/metrics/precision/default/default_experiment-1-0.arrow
08/15/2023 18:57:55 - DEBUG - fsspec.local -   open file: /home/lunt1/.cache/huggingface/metrics/recall/default/default_experiment-1-0.arrow
08/15/2023 18:57:55 - DEBUG - fsspec.local -   open file: /home/lunt1/.cache/huggingface/metrics/f1/default/default_experiment-1-0.arrow
08/15/2023 18:57:55 - DEBUG - fsspec.local -   open file: /home/lunt1/.cache/huggingface/metrics/spearmanr/default/default_experiment-1-0.arrow
08/15/2023 18:57:55 - DEBUG - fsspec.local -   open file: /home/lunt1/.cache/huggingface/metrics/precision/default/default_experiment-1-0.arrow
08/15/2023 18:57:55 - DEBUG - fsspec.local -   open file: /home/lunt1/.cache/huggingface/metrics/recall/default/default_experiment-1-0.arrow
08/15/2023 18:57:55 - DEBUG - fsspec.local -   open file: /home/lunt1/.cache/huggingface/metrics/f1/default/default_experiment-1-0.arrow
{'eval_loss': 3.037031412124634, 'eval_precision': 0.2979263227877961, 'eval_recall': 0.3174986541831556, 'eval_f1': 0.29890782469639365, 'eval_spearmanr': 0.7902653012676988, 'eval_precision_weighted': 0.39948737176105575, 'eval_recall_weighted': 0.43609022556390975, 'eval_f1_weighted': 0.40809446864469173, 'eval_runtime': 111.4957, 'eval_samples_per_second': 4.771, 'eval_steps_per_second': 2.386, 'epoch': 5.0}
08/15/2023 18:58:01 - DEBUG - helper.classes -   ----------- Starting epoch 6.0 -----------
{'loss': 0.8926, 'learning_rate': 1.6455696202531644e-05, 'epoch': 5.06}
{'loss': 0.8777, 'learning_rate': 1.540084388185654e-05, 'epoch': 5.38}
{'loss': 0.8601, 'learning_rate': 1.4345991561181435e-05, 'epoch': 5.7}
08/15/2023 19:40:01 - DEBUG - helper.classes -   Epoch 6.0 completed, Duration: 0:41:59 Mem usage: CPU mem usage: 14.61G.  Cuda 0: memory acclocated: 29 G.
08/15/2023 19:41:52 - DEBUG - fsspec.local -   open file: /home/lunt1/.cache/huggingface/metrics/precision/default/default_experiment-1-0.arrow
08/15/2023 19:41:52 - DEBUG - fsspec.local -   open file: /home/lunt1/.cache/huggingface/metrics/recall/default/default_experiment-1-0.arrow
08/15/2023 19:41:52 - DEBUG - fsspec.local -   open file: /home/lunt1/.cache/huggingface/metrics/f1/default/default_experiment-1-0.arrow
08/15/2023 19:41:52 - DEBUG - fsspec.local -   open file: /home/lunt1/.cache/huggingface/metrics/spearmanr/default/default_experiment-1-0.arrow
08/15/2023 19:41:52 - DEBUG - fsspec.local -   open file: /home/lunt1/.cache/huggingface/metrics/precision/default/default_experiment-1-0.arrow
08/15/2023 19:41:52 - DEBUG - fsspec.local -   open file: /home/lunt1/.cache/huggingface/metrics/recall/default/default_experiment-1-0.arrow
08/15/2023 19:41:52 - DEBUG - fsspec.local -   open file: /home/lunt1/.cache/huggingface/metrics/f1/default/default_experiment-1-0.arrow
{'eval_loss': 3.4489636421203613, 'eval_precision': 0.3183563353136481, 'eval_recall': 0.33488955215991256, 'eval_f1': 0.32274072502201323, 'eval_spearmanr': 0.7826839560409897, 'eval_precision_weighted': 0.4290596934335593, 'eval_recall_weighted': 0.45864661654135336, 'eval_f1_weighted': 0.43856121213633, 'eval_runtime': 111.6215, 'eval_samples_per_second': 4.766, 'eval_steps_per_second': 2.383, 'epoch': 6.0}
08/15/2023 19:41:59 - DEBUG - helper.classes -   ----------- Starting epoch 7.0 -----------
{'loss': 0.6866, 'learning_rate': 1.3291139240506329e-05, 'epoch': 6.01}
{'loss': 0.6363, 'learning_rate': 1.2236286919831224e-05, 'epoch': 6.33}
{'loss': 0.7945, 'learning_rate': 1.1181434599156118e-05, 'epoch': 6.65}
{'loss': 0.7365, 'learning_rate': 1.0126582278481012e-05, 'epoch': 6.96}
08/15/2023 20:24:13 - DEBUG - helper.classes -   Epoch 7.0 completed, Duration: 0:42:14 Mem usage: CPU mem usage: 14.61G.  Cuda 0: memory acclocated: 29 G.
08/15/2023 20:26:05 - DEBUG - fsspec.local -   open file: /home/lunt1/.cache/huggingface/metrics/precision/default/default_experiment-1-0.arrow
08/15/2023 20:26:05 - DEBUG - fsspec.local -   open file: /home/lunt1/.cache/huggingface/metrics/recall/default/default_experiment-1-0.arrow
08/15/2023 20:26:05 - DEBUG - fsspec.local -   open file: /home/lunt1/.cache/huggingface/metrics/f1/default/default_experiment-1-0.arrow
08/15/2023 20:26:05 - DEBUG - fsspec.local -   open file: /home/lunt1/.cache/huggingface/metrics/spearmanr/default/default_experiment-1-0.arrow
08/15/2023 20:26:05 - DEBUG - fsspec.local -   open file: /home/lunt1/.cache/huggingface/metrics/precision/default/default_experiment-1-0.arrow
08/15/2023 20:26:05 - DEBUG - fsspec.local -   open file: /home/lunt1/.cache/huggingface/metrics/recall/default/default_experiment-1-0.arrow
08/15/2023 20:26:05 - DEBUG - fsspec.local -   open file: /home/lunt1/.cache/huggingface/metrics/f1/default/default_experiment-1-0.arrow
{'eval_loss': 3.700500726699829, 'eval_precision': 0.3001251299252745, 'eval_recall': 0.31878505541379115, 'eval_f1': 0.30641481124446746, 'eval_spearmanr': 0.7723357273964284, 'eval_precision_weighted': 0.4033875079384468, 'eval_recall_weighted': 0.4342105263157895, 'eval_f1_weighted': 0.4150530592787613, 'eval_runtime': 111.6099, 'eval_samples_per_second': 4.767, 'eval_steps_per_second': 2.383, 'epoch': 7.0}
08/15/2023 20:26:11 - DEBUG - helper.classes -   ----------- Starting epoch 8.0 -----------
{'loss': 0.6164, 'learning_rate': 9.071729957805908e-06, 'epoch': 7.28}
{'loss': 0.6883, 'learning_rate': 8.016877637130802e-06, 'epoch': 7.59}
{'loss': 0.5885, 'learning_rate': 6.9620253164556965e-06, 'epoch': 7.91}
08/15/2023 21:08:04 - DEBUG - helper.classes -   Epoch 8.0 completed, Duration: 0:41:52 Mem usage: CPU mem usage: 14.61G.  Cuda 0: memory acclocated: 29 G.
08/15/2023 21:09:56 - DEBUG - fsspec.local -   open file: /home/lunt1/.cache/huggingface/metrics/precision/default/default_experiment-1-0.arrow
08/15/2023 21:09:56 - DEBUG - fsspec.local -   open file: /home/lunt1/.cache/huggingface/metrics/recall/default/default_experiment-1-0.arrow
08/15/2023 21:09:56 - DEBUG - fsspec.local -   open file: /home/lunt1/.cache/huggingface/metrics/f1/default/default_experiment-1-0.arrow
08/15/2023 21:09:56 - DEBUG - fsspec.local -   open file: /home/lunt1/.cache/huggingface/metrics/spearmanr/default/default_experiment-1-0.arrow
08/15/2023 21:09:56 - DEBUG - fsspec.local -   open file: /home/lunt1/.cache/huggingface/metrics/precision/default/default_experiment-1-0.arrow
08/15/2023 21:09:56 - DEBUG - fsspec.local -   open file: /home/lunt1/.cache/huggingface/metrics/recall/default/default_experiment-1-0.arrow
08/15/2023 21:09:56 - DEBUG - fsspec.local -   open file: /home/lunt1/.cache/huggingface/metrics/f1/default/default_experiment-1-0.arrow
{'eval_loss': 4.000804424285889, 'eval_precision': 0.289115067992271, 'eval_recall': 0.3065394932525879, 'eval_f1': 0.29533186266253997, 'eval_spearmanr': 0.7763619330676979, 'eval_precision_weighted': 0.38944441036044447, 'eval_recall_weighted': 0.41729323308270677, 'eval_f1_weighted': 0.4001688686213744, 'eval_runtime': 111.3134, 'eval_samples_per_second': 4.779, 'eval_steps_per_second': 2.39, 'epoch': 8.0}
08/15/2023 21:10:02 - DEBUG - helper.classes -   ----------- Starting epoch 9.0 -----------
{'loss': 0.6043, 'learning_rate': 5.90717299578059e-06, 'epoch': 8.23}
{'loss': 0.5545, 'learning_rate': 4.852320675105486e-06, 'epoch': 8.54}
{'loss': 0.6472, 'learning_rate': 3.7974683544303802e-06, 'epoch': 8.86}
08/15/2023 21:52:20 - DEBUG - helper.classes -   Epoch 9.0 completed, Duration: 0:42:18 Mem usage: CPU mem usage: 14.61G.  Cuda 0: memory acclocated: 29 G.
08/15/2023 21:54:11 - DEBUG - fsspec.local -   open file: /home/lunt1/.cache/huggingface/metrics/precision/default/default_experiment-1-0.arrow
08/15/2023 21:54:12 - DEBUG - fsspec.local -   open file: /home/lunt1/.cache/huggingface/metrics/recall/default/default_experiment-1-0.arrow
08/15/2023 21:54:12 - DEBUG - fsspec.local -   open file: /home/lunt1/.cache/huggingface/metrics/f1/default/default_experiment-1-0.arrow
08/15/2023 21:54:12 - DEBUG - fsspec.local -   open file: /home/lunt1/.cache/huggingface/metrics/spearmanr/default/default_experiment-1-0.arrow
08/15/2023 21:54:12 - DEBUG - fsspec.local -   open file: /home/lunt1/.cache/huggingface/metrics/precision/default/default_experiment-1-0.arrow
08/15/2023 21:54:12 - DEBUG - fsspec.local -   open file: /home/lunt1/.cache/huggingface/metrics/recall/default/default_experiment-1-0.arrow
08/15/2023 21:54:12 - DEBUG - fsspec.local -   open file: /home/lunt1/.cache/huggingface/metrics/f1/default/default_experiment-1-0.arrow
{'eval_loss': 4.1835832595825195, 'eval_precision': 0.3029382035189928, 'eval_recall': 0.31650025489484357, 'eval_f1': 0.30664701642017356, 'eval_spearmanr': 0.7645655212925445, 'eval_precision_weighted': 0.408611029167129, 'eval_recall_weighted': 0.4342105263157895, 'eval_f1_weighted': 0.41743658312149207, 'eval_runtime': 111.6386, 'eval_samples_per_second': 4.765, 'eval_steps_per_second': 2.383, 'epoch': 9.0}
08/15/2023 21:54:18 - DEBUG - helper.classes -   ----------- Starting epoch 10.0 -----------
{'loss': 0.5493, 'learning_rate': 2.7426160337552745e-06, 'epoch': 9.18}
{'loss': 0.5231, 'learning_rate': 1.6877637130801689e-06, 'epoch': 9.49}
{'loss': 0.4978, 'learning_rate': 6.329113924050633e-07, 'epoch': 9.81}
08/15/2023 22:36:32 - DEBUG - helper.classes -   Epoch 10.0 completed, Duration: 0:42:14 Mem usage: CPU mem usage: 14.61G.  Cuda 0: memory acclocated: 29 G.
08/15/2023 22:38:23 - DEBUG - fsspec.local -   open file: /home/lunt1/.cache/huggingface/metrics/precision/default/default_experiment-1-0.arrow
08/15/2023 22:38:23 - DEBUG - fsspec.local -   open file: /home/lunt1/.cache/huggingface/metrics/recall/default/default_experiment-1-0.arrow
08/15/2023 22:38:23 - DEBUG - fsspec.local -   open file: /home/lunt1/.cache/huggingface/metrics/f1/default/default_experiment-1-0.arrow
08/15/2023 22:38:23 - DEBUG - fsspec.local -   open file: /home/lunt1/.cache/huggingface/metrics/spearmanr/default/default_experiment-1-0.arrow
08/15/2023 22:38:23 - DEBUG - fsspec.local -   open file: /home/lunt1/.cache/huggingface/metrics/precision/default/default_experiment-1-0.arrow
08/15/2023 22:38:23 - DEBUG - fsspec.local -   open file: /home/lunt1/.cache/huggingface/metrics/recall/default/default_experiment-1-0.arrow
08/15/2023 22:38:23 - DEBUG - fsspec.local -   open file: /home/lunt1/.cache/huggingface/metrics/f1/default/default_experiment-1-0.arrow
{'eval_loss': 4.22283935546875, 'eval_precision': 0.29956878274825127, 'eval_recall': 0.31559159682397026, 'eval_f1': 0.30524806193045756, 'eval_spearmanr': 0.7710990332477979, 'eval_precision_weighted': 0.4029640310996635, 'eval_recall_weighted': 0.42857142857142855, 'eval_f1_weighted': 0.4126985761860891, 'eval_runtime': 111.0121, 'eval_samples_per_second': 4.792, 'eval_steps_per_second': 2.396, 'epoch': 10.0}
{'train_runtime': 26498.323, 'train_samples_per_second': 1.193, 'train_steps_per_second': 0.596, 'train_loss': 0.8879429066332081, 'epoch': 10.0}
08/15/2023 22:38:34 - INFO - __main__ -   Training completed. Duration: 7:21:38
08/15/2023 22:40:25 - DEBUG - fsspec.local -   open file: /home/lunt1/.cache/huggingface/metrics/precision/default/default_experiment-1-0.arrow
08/15/2023 22:40:25 - DEBUG - fsspec.local -   open file: /home/lunt1/.cache/huggingface/metrics/recall/default/default_experiment-1-0.arrow
08/15/2023 22:40:25 - DEBUG - fsspec.local -   open file: /home/lunt1/.cache/huggingface/metrics/f1/default/default_experiment-1-0.arrow
08/15/2023 22:40:25 - DEBUG - fsspec.local -   open file: /home/lunt1/.cache/huggingface/metrics/spearmanr/default/default_experiment-1-0.arrow
08/15/2023 22:40:25 - DEBUG - fsspec.local -   open file: /home/lunt1/.cache/huggingface/metrics/precision/default/default_experiment-1-0.arrow
08/15/2023 22:40:25 - DEBUG - fsspec.local -   open file: /home/lunt1/.cache/huggingface/metrics/recall/default/default_experiment-1-0.arrow
08/15/2023 22:40:25 - DEBUG - fsspec.local -   open file: /home/lunt1/.cache/huggingface/metrics/f1/default/default_experiment-1-0.arrow
08/15/2023 22:40:25 - DEBUG - fsspec.local -   open file: /home/lunt1/.cache/huggingface/metrics/precision/default/default_experiment-1-0.arrow
08/15/2023 22:40:25 - DEBUG - fsspec.local -   open file: /home/lunt1/.cache/huggingface/metrics/recall/default/default_experiment-1-0.arrow
08/15/2023 22:40:25 - DEBUG - fsspec.local -   open file: /home/lunt1/.cache/huggingface/metrics/f1/default/default_experiment-1-0.arrow
08/15/2023 22:40:25 - DEBUG - fsspec.local -   open file: /home/lunt1/.cache/huggingface/metrics/spearmanr/default/default_experiment-1-0.arrow
08/15/2023 22:40:25 - DEBUG - fsspec.local -   open file: /home/lunt1/.cache/huggingface/metrics/precision/default/default_experiment-1-0.arrow
08/15/2023 22:40:25 - DEBUG - fsspec.local -   open file: /home/lunt1/.cache/huggingface/metrics/recall/default/default_experiment-1-0.arrow
08/15/2023 22:40:25 - DEBUG - fsspec.local -   open file: /home/lunt1/.cache/huggingface/metrics/f1/default/default_experiment-1-0.arrow
08/15/2023 22:40:25 - DEBUG - __main__ -   label: 4
08/15/2023 22:40:25 - DEBUG - __main__ -   pred: 4
08/15/2023 22:40:25 - DEBUG - __main__ -   label: 3
08/15/2023 22:40:25 - DEBUG - __main__ -   pred: 3
08/15/2023 22:40:25 - DEBUG - __main__ -   label: 5
08/15/2023 22:40:25 - DEBUG - __main__ -   pred: 4
08/15/2023 22:40:25 - DEBUG - __main__ -   label: 4
08/15/2023 22:40:25 - DEBUG - __main__ -   pred: 3
08/15/2023 22:40:25 - DEBUG - __main__ -   label: 3
08/15/2023 22:40:25 - DEBUG - __main__ -   pred: 3
08/15/2023 22:40:25 - DEBUG - __main__ -   label: 3
08/15/2023 22:40:25 - DEBUG - __main__ -   pred: 4
08/15/2023 22:40:25 - DEBUG - __main__ -   label: 5
08/15/2023 22:40:25 - DEBUG - __main__ -   pred: 4
08/15/2023 22:40:25 - DEBUG - __main__ -   label: 5
08/15/2023 22:40:25 - DEBUG - __main__ -   pred: 4
08/15/2023 22:40:25 - DEBUG - __main__ -   label: 3
08/15/2023 22:40:25 - DEBUG - __main__ -   pred: 4
08/15/2023 22:40:25 - DEBUG - __main__ -   label: 4
08/15/2023 22:40:25 - DEBUG - __main__ -   pred: 4
08/15/2023 22:40:25 - DEBUG - __main__ -   label: 2
08/15/2023 22:40:25 - DEBUG - __main__ -   pred: 3
08/15/2023 22:40:25 - DEBUG - __main__ -   label: 2
08/15/2023 22:40:25 - DEBUG - __main__ -   pred: 3
08/15/2023 22:40:25 - DEBUG - __main__ -   label: 2
08/15/2023 22:40:25 - DEBUG - __main__ -   pred: 3
08/15/2023 22:40:25 - DEBUG - __main__ -   label: 2
08/15/2023 22:40:25 - DEBUG - __main__ -   pred: 3
08/15/2023 22:40:25 - DEBUG - __main__ -   label: 2
08/15/2023 22:40:25 - DEBUG - __main__ -   pred: 2
08/15/2023 22:40:25 - DEBUG - __main__ -   label: 4
08/15/2023 22:40:25 - DEBUG - __main__ -   pred: 3
08/15/2023 22:40:25 - DEBUG - __main__ -   label: 2
08/15/2023 22:40:25 - DEBUG - __main__ -   pred: 4
08/15/2023 22:40:25 - DEBUG - __main__ -   label: 3
08/15/2023 22:40:25 - DEBUG - __main__ -   pred: 4
08/15/2023 22:40:25 - DEBUG - __main__ -   label: 2
08/15/2023 22:40:25 - DEBUG - __main__ -   pred: 2
08/15/2023 22:40:25 - DEBUG - __main__ -   label: 4
08/15/2023 22:40:25 - DEBUG - __main__ -   pred: 4
08/15/2023 22:40:25 - DEBUG - __main__ -   label: 4
08/15/2023 22:40:25 - DEBUG - __main__ -   pred: 4
08/15/2023 22:40:25 - DEBUG - __main__ -   label: 4
08/15/2023 22:40:25 - DEBUG - __main__ -   pred: 4
08/15/2023 22:40:25 - DEBUG - __main__ -   label: 6
08/15/2023 22:40:25 - DEBUG - __main__ -   pred: 5
08/15/2023 22:40:25 - DEBUG - __main__ -   label: 3
08/15/2023 22:40:25 - DEBUG - __main__ -   pred: 3
08/15/2023 22:40:25 - DEBUG - __main__ -   label: 4
08/15/2023 22:40:25 - DEBUG - __main__ -   pred: 4
08/15/2023 22:40:25 - DEBUG - __main__ -   label: 6
08/15/2023 22:40:25 - DEBUG - __main__ -   pred: 4
08/15/2023 22:40:25 - DEBUG - __main__ -   label: 5
08/15/2023 22:40:25 - DEBUG - __main__ -   pred: 3
08/15/2023 22:40:25 - DEBUG - __main__ -   label: 4
08/15/2023 22:40:25 - DEBUG - __main__ -   pred: 4
08/15/2023 22:40:25 - DEBUG - __main__ -   label: 3
08/15/2023 22:40:25 - DEBUG - __main__ -   pred: 4
08/15/2023 22:40:25 - DEBUG - __main__ -   label: 5
08/15/2023 22:40:25 - DEBUG - __main__ -   pred: 4
08/15/2023 22:40:25 - DEBUG - __main__ -   label: 5
08/15/2023 22:40:25 - DEBUG - __main__ -   pred: 3
08/15/2023 22:40:25 - DEBUG - __main__ -   label: 5
08/15/2023 22:40:25 - DEBUG - __main__ -   pred: 3
08/15/2023 22:40:25 - DEBUG - __main__ -   label: 3
08/15/2023 22:40:25 - DEBUG - __main__ -   pred: 1
08/15/2023 22:40:25 - DEBUG - __main__ -   label: 3
08/15/2023 22:40:25 - DEBUG - __main__ -   pred: 4
08/15/2023 22:40:25 - DEBUG - __main__ -   label: 3
08/15/2023 22:40:25 - DEBUG - __main__ -   pred: 3
08/15/2023 22:40:25 - DEBUG - __main__ -   label: 1
08/15/2023 22:40:25 - DEBUG - __main__ -   pred: 2
08/15/2023 22:40:25 - DEBUG - __main__ -   label: 4
08/15/2023 22:40:25 - DEBUG - __main__ -   pred: 4
08/15/2023 22:40:25 - DEBUG - __main__ -   label: 5
08/15/2023 22:40:25 - DEBUG - __main__ -   pred: 5
08/15/2023 22:40:25 - DEBUG - __main__ -   label: 6
08/15/2023 22:40:25 - DEBUG - __main__ -   pred: 4
08/15/2023 22:40:25 - DEBUG - __main__ -   label: 4
08/15/2023 22:40:25 - DEBUG - __main__ -   pred: 4
08/15/2023 22:40:25 - DEBUG - __main__ -   label: 6
08/15/2023 22:40:25 - DEBUG - __main__ -   pred: 5
08/15/2023 22:40:25 - DEBUG - __main__ -   label: 5
08/15/2023 22:40:25 - DEBUG - __main__ -   pred: 4
08/15/2023 22:40:25 - DEBUG - __main__ -   label: 6
08/15/2023 22:40:25 - DEBUG - __main__ -   pred: 4
08/15/2023 22:40:25 - DEBUG - __main__ -   label: 5
08/15/2023 22:40:25 - DEBUG - __main__ -   pred: 4
08/15/2023 22:40:25 - DEBUG - __main__ -   label: 5
08/15/2023 22:40:25 - DEBUG - __main__ -   pred: 4
08/15/2023 22:40:25 - DEBUG - __main__ -   label: 4
08/15/2023 22:40:25 - DEBUG - __main__ -   pred: 3
08/15/2023 22:40:25 - DEBUG - __main__ -   label: 5
08/15/2023 22:40:25 - DEBUG - __main__ -   pred: 4
08/15/2023 22:40:25 - DEBUG - __main__ -   label: 1
08/15/2023 22:40:25 - DEBUG - __main__ -   pred: 3
08/15/2023 22:40:25 - DEBUG - __main__ -   label: 2
08/15/2023 22:40:25 - DEBUG - __main__ -   pred: 3
08/15/2023 22:40:25 - DEBUG - __main__ -   label: 4
08/15/2023 22:40:25 - DEBUG - __main__ -   pred: 4
08/15/2023 22:40:25 - DEBUG - __main__ -   label: 5
08/15/2023 22:40:25 - DEBUG - __main__ -   pred: 3
08/15/2023 22:40:25 - DEBUG - __main__ -   label: 4
08/15/2023 22:40:25 - DEBUG - __main__ -   pred: 5
08/15/2023 22:40:25 - DEBUG - __main__ -   label: 2
08/15/2023 22:40:25 - DEBUG - __main__ -   pred: 3
08/15/2023 22:40:25 - DEBUG - __main__ -   label: 3
08/15/2023 22:40:25 - DEBUG - __main__ -   pred: 2
08/15/2023 22:40:25 - DEBUG - __main__ -   label: 4
08/15/2023 22:40:25 - DEBUG - __main__ -   pred: 4
08/15/2023 22:40:25 - DEBUG - __main__ -   label: 5
08/15/2023 22:40:25 - DEBUG - __main__ -   pred: 5
08/15/2023 22:40:25 - DEBUG - __main__ -   label: 5
08/15/2023 22:40:25 - DEBUG - __main__ -   pred: 5
08/15/2023 22:40:25 - DEBUG - __main__ -   label: 5
08/15/2023 22:40:25 - DEBUG - __main__ -   pred: 3
08/15/2023 22:40:25 - DEBUG - __main__ -   label: 4
08/15/2023 22:40:25 - DEBUG - __main__ -   pred: 4
08/15/2023 22:40:25 - DEBUG - __main__ -   label: 3
08/15/2023 22:40:25 - DEBUG - __main__ -   pred: 3
08/15/2023 22:40:25 - DEBUG - __main__ -   label: 4
08/15/2023 22:40:25 - DEBUG - __main__ -   pred: 4
08/15/2023 22:40:25 - DEBUG - __main__ -   label: 4
08/15/2023 22:40:25 - DEBUG - __main__ -   pred: 4
08/15/2023 22:40:25 - DEBUG - __main__ -   label: 4
08/15/2023 22:40:25 - DEBUG - __main__ -   pred: 4
08/15/2023 22:40:25 - DEBUG - __main__ -   label: 4
08/15/2023 22:40:25 - DEBUG - __main__ -   pred: 4
08/15/2023 22:40:25 - DEBUG - __main__ -   label: 3
08/15/2023 22:40:25 - DEBUG - __main__ -   pred: 4
08/15/2023 22:40:25 - DEBUG - __main__ -   label: 5
08/15/2023 22:40:25 - DEBUG - __main__ -   pred: 4
08/15/2023 22:40:25 - DEBUG - __main__ -   label: 3
08/15/2023 22:40:25 - DEBUG - __main__ -   pred: 3
08/15/2023 22:40:25 - DEBUG - __main__ -   label: 2
08/15/2023 22:40:25 - DEBUG - __main__ -   pred: 4
08/15/2023 22:40:25 - DEBUG - __main__ -   label: 5
08/15/2023 22:40:25 - DEBUG - __main__ -   pred: 4
08/15/2023 22:40:25 - DEBUG - __main__ -   label: 3
08/15/2023 22:40:25 - DEBUG - __main__ -   pred: 4
08/15/2023 22:40:25 - DEBUG - __main__ -   label: 5
08/15/2023 22:40:25 - DEBUG - __main__ -   pred: 5
08/15/2023 22:40:25 - DEBUG - __main__ -   label: 5
08/15/2023 22:40:25 - DEBUG - __main__ -   pred: 5
08/15/2023 22:40:25 - DEBUG - __main__ -   label: 4
08/15/2023 22:40:25 - DEBUG - __main__ -   pred: 4
08/15/2023 22:40:25 - DEBUG - __main__ -   label: 3
08/15/2023 22:40:25 - DEBUG - __main__ -   pred: 4
08/15/2023 22:40:25 - DEBUG - __main__ -   label: 3
08/15/2023 22:40:25 - DEBUG - __main__ -   pred: 3
08/15/2023 22:40:25 - DEBUG - __main__ -   label: 2
08/15/2023 22:40:25 - DEBUG - __main__ -   pred: 3
08/15/2023 22:40:25 - DEBUG - __main__ -   label: 2
08/15/2023 22:40:25 - DEBUG - __main__ -   pred: 3
08/15/2023 22:40:25 - DEBUG - __main__ -   label: 2
08/15/2023 22:40:25 - DEBUG - __main__ -   pred: 5
08/15/2023 22:40:25 - DEBUG - __main__ -   label: 3
08/15/2023 22:40:25 - DEBUG - __main__ -   pred: 3
08/15/2023 22:40:25 - DEBUG - __main__ -   label: 3
08/15/2023 22:40:25 - DEBUG - __main__ -   pred: 4
08/15/2023 22:40:25 - DEBUG - __main__ -   label: 5
08/15/2023 22:40:25 - DEBUG - __main__ -   pred: 4
08/15/2023 22:40:25 - DEBUG - __main__ -   label: 6
08/15/2023 22:40:25 - DEBUG - __main__ -   pred: 5
08/15/2023 22:40:25 - DEBUG - __main__ -   label: 4
08/15/2023 22:40:25 - DEBUG - __main__ -   pred: 4
08/15/2023 22:40:25 - DEBUG - __main__ -   label: 2
08/15/2023 22:40:25 - DEBUG - __main__ -   pred: 2
08/15/2023 22:40:25 - DEBUG - __main__ -   label: 3
08/15/2023 22:40:25 - DEBUG - __main__ -   pred: 3
08/15/2023 22:40:25 - DEBUG - __main__ -   label: 5
08/15/2023 22:40:25 - DEBUG - __main__ -   pred: 5
08/15/2023 22:40:25 - DEBUG - __main__ -   label: 4
08/15/2023 22:40:25 - DEBUG - __main__ -   pred: 4
08/15/2023 22:40:25 - DEBUG - __main__ -   label: 3
08/15/2023 22:40:25 - DEBUG - __main__ -   pred: 3
08/15/2023 22:40:25 - DEBUG - __main__ -   label: 2
08/15/2023 22:40:25 - DEBUG - __main__ -   pred: 4
08/15/2023 22:40:25 - DEBUG - __main__ -   label: 5
08/15/2023 22:40:25 - DEBUG - __main__ -   pred: 5
08/15/2023 22:40:25 - DEBUG - __main__ -   label: 3
08/15/2023 22:40:25 - DEBUG - __main__ -   pred: 4
08/15/2023 22:40:25 - DEBUG - __main__ -   label: 2
08/15/2023 22:40:25 - DEBUG - __main__ -   pred: 3
08/15/2023 22:40:25 - DEBUG - __main__ -   label: 3
08/15/2023 22:40:25 - DEBUG - __main__ -   pred: 5
08/15/2023 22:40:25 - DEBUG - __main__ -   label: 5
08/15/2023 22:40:25 - DEBUG - __main__ -   pred: 5
08/15/2023 22:40:25 - DEBUG - __main__ -   label: 4
08/15/2023 22:40:25 - DEBUG - __main__ -   pred: 4
08/15/2023 22:40:25 - DEBUG - __main__ -   label: 5
08/15/2023 22:40:25 - DEBUG - __main__ -   pred: 5
08/15/2023 22:40:25 - DEBUG - __main__ -   label: 3
08/15/2023 22:40:25 - DEBUG - __main__ -   pred: 4
08/15/2023 22:40:25 - DEBUG - __main__ -   label: 3
08/15/2023 22:40:25 - DEBUG - __main__ -   pred: 3
08/15/2023 22:40:25 - DEBUG - __main__ -   label: 4
08/15/2023 22:40:25 - DEBUG - __main__ -   pred: 4
08/15/2023 22:40:25 - DEBUG - __main__ -   label: 3
08/15/2023 22:40:25 - DEBUG - __main__ -   pred: 3
08/15/2023 22:40:25 - DEBUG - __main__ -   label: 3
08/15/2023 22:40:25 - DEBUG - __main__ -   pred: 4
08/15/2023 22:40:25 - DEBUG - __main__ -   label: 3
08/15/2023 22:40:25 - DEBUG - __main__ -   pred: 4
08/15/2023 22:40:25 - DEBUG - __main__ -   label: 4
08/15/2023 22:40:25 - DEBUG - __main__ -   pred: 4
08/15/2023 22:40:25 - DEBUG - __main__ -   label: 3
08/15/2023 22:40:25 - DEBUG - __main__ -   pred: 3
08/15/2023 22:40:25 - DEBUG - __main__ -   label: 5
08/15/2023 22:40:25 - DEBUG - __main__ -   pred: 3
08/15/2023 22:40:25 - DEBUG - __main__ -   label: 5
08/15/2023 22:40:25 - DEBUG - __main__ -   pred: 5
08/15/2023 22:40:25 - DEBUG - __main__ -   label: 4
08/15/2023 22:40:25 - DEBUG - __main__ -   pred: 3
08/15/2023 22:40:25 - DEBUG - __main__ -   label: 2
08/15/2023 22:40:25 - DEBUG - __main__ -   pred: 3
08/15/2023 22:40:25 - DEBUG - __main__ -   label: 5
08/15/2023 22:40:25 - DEBUG - __main__ -   pred: 4
08/15/2023 22:40:25 - DEBUG - __main__ -   label: 4
08/15/2023 22:40:25 - DEBUG - __main__ -   pred: 3
08/15/2023 22:40:25 - DEBUG - __main__ -   label: 5
08/15/2023 22:40:25 - DEBUG - __main__ -   pred: 4
08/15/2023 22:40:25 - DEBUG - __main__ -   label: 6
08/15/2023 22:40:25 - DEBUG - __main__ -   pred: 3
08/15/2023 22:40:25 - DEBUG - __main__ -   label: 5
08/15/2023 22:40:25 - DEBUG - __main__ -   pred: 4
08/15/2023 22:40:25 - DEBUG - __main__ -   label: 2
08/15/2023 22:40:25 - DEBUG - __main__ -   pred: 2
08/15/2023 22:40:25 - DEBUG - __main__ -   label: 2
08/15/2023 22:40:25 - DEBUG - __main__ -   pred: 4
08/15/2023 22:40:25 - DEBUG - __main__ -   label: 3
08/15/2023 22:40:25 - DEBUG - __main__ -   pred: 3
08/15/2023 22:40:25 - DEBUG - __main__ -   label: 4
08/15/2023 22:40:25 - DEBUG - __main__ -   pred: 3
08/15/2023 22:40:25 - DEBUG - __main__ -   label: 3
08/15/2023 22:40:25 - DEBUG - __main__ -   pred: 4
08/15/2023 22:40:25 - DEBUG - __main__ -   label: 4
08/15/2023 22:40:25 - DEBUG - __main__ -   pred: 5
08/15/2023 22:40:25 - DEBUG - __main__ -   label: 4
08/15/2023 22:40:25 - DEBUG - __main__ -   pred: 5
08/15/2023 22:40:25 - DEBUG - __main__ -   label: 6
08/15/2023 22:40:25 - DEBUG - __main__ -   pred: 5
08/15/2023 22:40:25 - DEBUG - __main__ -   label: 2
08/15/2023 22:40:25 - DEBUG - __main__ -   pred: 3
08/15/2023 22:40:25 - DEBUG - __main__ -   label: 3
08/15/2023 22:40:25 - DEBUG - __main__ -   pred: 4
08/15/2023 22:40:25 - DEBUG - __main__ -   label: 4
08/15/2023 22:40:25 - DEBUG - __main__ -   pred: 3
08/15/2023 22:40:25 - DEBUG - __main__ -   label: 2
08/15/2023 22:40:25 - DEBUG - __main__ -   pred: 3
08/15/2023 22:40:25 - DEBUG - __main__ -   label: 4
08/15/2023 22:40:25 - DEBUG - __main__ -   pred: 4
08/15/2023 22:40:25 - DEBUG - __main__ -   label: 3
08/15/2023 22:40:25 - DEBUG - __main__ -   pred: 4
08/15/2023 22:40:25 - DEBUG - __main__ -   label: 3
08/15/2023 22:40:25 - DEBUG - __main__ -   pred: 3
08/15/2023 22:40:25 - DEBUG - __main__ -   label: 3
08/15/2023 22:40:25 - DEBUG - __main__ -   pred: 3
08/15/2023 22:40:25 - DEBUG - __main__ -   label: 5
08/15/2023 22:40:25 - DEBUG - __main__ -   pred: 4
08/15/2023 22:40:25 - DEBUG - __main__ -   label: 4
08/15/2023 22:40:25 - DEBUG - __main__ -   pred: 4
08/15/2023 22:40:25 - DEBUG - __main__ -   label: 5
08/15/2023 22:40:25 - DEBUG - __main__ -   pred: 4
08/15/2023 22:40:25 - DEBUG - __main__ -   label: 4
08/15/2023 22:40:25 - DEBUG - __main__ -   pred: 4
08/15/2023 22:40:25 - DEBUG - __main__ -   label: 4
08/15/2023 22:40:25 - DEBUG - __main__ -   pred: 4
08/15/2023 22:40:25 - DEBUG - __main__ -   label: 5
08/15/2023 22:40:25 - DEBUG - __main__ -   pred: 5
08/15/2023 22:40:25 - DEBUG - __main__ -   label: 5
08/15/2023 22:40:25 - DEBUG - __main__ -   pred: 4
08/15/2023 22:40:25 - DEBUG - __main__ -   label: 3
08/15/2023 22:40:25 - DEBUG - __main__ -   pred: 3
08/15/2023 22:40:25 - DEBUG - __main__ -   label: 3
08/15/2023 22:40:25 - DEBUG - __main__ -   pred: 2
08/15/2023 22:40:25 - DEBUG - __main__ -   label: 5
08/15/2023 22:40:25 - DEBUG - __main__ -   pred: 4
08/15/2023 22:40:25 - DEBUG - __main__ -   label: 1
08/15/2023 22:40:25 - DEBUG - __main__ -   pred: 2
08/15/2023 22:40:25 - DEBUG - __main__ -   label: 3
08/15/2023 22:40:25 - DEBUG - __main__ -   pred: 4
08/15/2023 22:40:25 - DEBUG - __main__ -   label: 6
08/15/2023 22:40:25 - DEBUG - __main__ -   pred: 4
08/15/2023 22:40:25 - DEBUG - __main__ -   label: 3
08/15/2023 22:40:25 - DEBUG - __main__ -   pred: 3
08/15/2023 22:40:25 - DEBUG - __main__ -   label: 3
08/15/2023 22:40:25 - DEBUG - __main__ -   pred: 3
08/15/2023 22:40:25 - DEBUG - __main__ -   label: 2
08/15/2023 22:40:25 - DEBUG - __main__ -   pred: 2
08/15/2023 22:40:25 - DEBUG - __main__ -   label: 3
08/15/2023 22:40:25 - DEBUG - __main__ -   pred: 3
08/15/2023 22:40:25 - DEBUG - __main__ -   label: 2
08/15/2023 22:40:25 - DEBUG - __main__ -   pred: 3
08/15/2023 22:40:25 - DEBUG - __main__ -   label: 1
08/15/2023 22:40:25 - DEBUG - __main__ -   pred: 2
08/15/2023 22:40:25 - DEBUG - __main__ -   label: 3
08/15/2023 22:40:25 - DEBUG - __main__ -   pred: 5
08/15/2023 22:40:25 - DEBUG - __main__ -   label: 4
08/15/2023 22:40:25 - DEBUG - __main__ -   pred: 4
08/15/2023 22:40:25 - DEBUG - __main__ -   label: 5
08/15/2023 22:40:25 - DEBUG - __main__ -   pred: 4
08/15/2023 22:40:25 - DEBUG - __main__ -   label: 2
08/15/2023 22:40:25 - DEBUG - __main__ -   pred: 2
08/15/2023 22:40:25 - DEBUG - __main__ -   label: 2
08/15/2023 22:40:25 - DEBUG - __main__ -   pred: 2
08/15/2023 22:40:25 - DEBUG - __main__ -   label: 1
08/15/2023 22:40:25 - DEBUG - __main__ -   pred: 1
08/15/2023 22:40:25 - DEBUG - __main__ -   label: 1
08/15/2023 22:40:25 - DEBUG - __main__ -   pred: 2
08/15/2023 22:40:25 - DEBUG - __main__ -   label: 2
08/15/2023 22:40:25 - DEBUG - __main__ -   pred: 3
08/15/2023 22:40:25 - DEBUG - __main__ -   label: 1
08/15/2023 22:40:25 - DEBUG - __main__ -   pred: 2
08/15/2023 22:40:25 - DEBUG - __main__ -   label: 1
08/15/2023 22:40:25 - DEBUG - __main__ -   pred: 2
08/15/2023 22:40:25 - DEBUG - __main__ -   label: 2
08/15/2023 22:40:25 - DEBUG - __main__ -   pred: 2
08/15/2023 22:40:25 - DEBUG - __main__ -   label: 2
08/15/2023 22:40:25 - DEBUG - __main__ -   pred: 1
08/15/2023 22:40:25 - DEBUG - __main__ -   label: 2
08/15/2023 22:40:25 - DEBUG - __main__ -   pred: 2
08/15/2023 22:40:25 - DEBUG - __main__ -   label: 2
08/15/2023 22:40:25 - DEBUG - __main__ -   pred: 1
08/15/2023 22:40:25 - DEBUG - __main__ -   label: 2
08/15/2023 22:40:25 - DEBUG - __main__ -   pred: 1
08/15/2023 22:40:25 - DEBUG - __main__ -   label: 2
08/15/2023 22:40:25 - DEBUG - __main__ -   pred: 2
08/15/2023 22:40:25 - DEBUG - __main__ -   label: 2
08/15/2023 22:40:25 - DEBUG - __main__ -   pred: 1
08/15/2023 22:40:25 - DEBUG - __main__ -   label: 2
08/15/2023 22:40:25 - DEBUG - __main__ -   pred: 1
08/15/2023 22:40:25 - DEBUG - __main__ -   label: 2
08/15/2023 22:40:25 - DEBUG - __main__ -   pred: 2
08/15/2023 22:40:25 - DEBUG - __main__ -   label: 6
08/15/2023 22:40:25 - DEBUG - __main__ -   pred: 5
08/15/2023 22:40:25 - DEBUG - __main__ -   label: 5
08/15/2023 22:40:25 - DEBUG - __main__ -   pred: 4
08/15/2023 22:40:25 - DEBUG - __main__ -   label: 2
08/15/2023 22:40:25 - DEBUG - __main__ -   pred: 4
08/15/2023 22:40:25 - DEBUG - __main__ -   label: 3
08/15/2023 22:40:25 - DEBUG - __main__ -   pred: 3
08/15/2023 22:40:25 - DEBUG - __main__ -   label: 3
08/15/2023 22:40:25 - DEBUG - __main__ -   pred: 2
08/15/2023 22:40:25 - DEBUG - __main__ -   label: 2
08/15/2023 22:40:25 - DEBUG - __main__ -   pred: 3
08/15/2023 22:40:25 - DEBUG - __main__ -   label: 5
08/15/2023 22:40:25 - DEBUG - __main__ -   pred: 4
08/15/2023 22:40:25 - DEBUG - __main__ -   label: 5
08/15/2023 22:40:25 - DEBUG - __main__ -   pred: 4
08/15/2023 22:40:25 - DEBUG - __main__ -   label: 6
08/15/2023 22:40:25 - DEBUG - __main__ -   pred: 5
08/15/2023 22:40:25 - DEBUG - __main__ -   label: 5
08/15/2023 22:40:25 - DEBUG - __main__ -   pred: 5
08/15/2023 22:40:25 - DEBUG - __main__ -   label: 4
08/15/2023 22:40:25 - DEBUG - __main__ -   pred: 4
08/15/2023 22:40:25 - DEBUG - __main__ -   label: 5
08/15/2023 22:40:25 - DEBUG - __main__ -   pred: 4
08/15/2023 22:40:25 - DEBUG - __main__ -   label: 2
08/15/2023 22:40:25 - DEBUG - __main__ -   pred: 2
08/15/2023 22:40:25 - DEBUG - __main__ -   label: 2
08/15/2023 22:40:25 - DEBUG - __main__ -   pred: 2
08/15/2023 22:40:25 - DEBUG - __main__ -   label: 1
08/15/2023 22:40:25 - DEBUG - __main__ -   pred: 1
08/15/2023 22:40:25 - DEBUG - __main__ -   label: 1
08/15/2023 22:40:25 - DEBUG - __main__ -   pred: 2
08/15/2023 22:40:25 - DEBUG - __main__ -   label: 1
08/15/2023 22:40:25 - DEBUG - __main__ -   pred: 1
08/15/2023 22:40:25 - DEBUG - __main__ -   label: 1
08/15/2023 22:40:25 - DEBUG - __main__ -   pred: 1
08/15/2023 22:40:25 - DEBUG - __main__ -   label: 1
08/15/2023 22:40:25 - DEBUG - __main__ -   pred: 1
08/15/2023 22:40:25 - DEBUG - __main__ -   label: 1
08/15/2023 22:40:25 - DEBUG - __main__ -   pred: 2
08/15/2023 22:40:25 - DEBUG - __main__ -   label: 4
08/15/2023 22:40:25 - DEBUG - __main__ -   pred: 4
08/15/2023 22:40:25 - DEBUG - __main__ -   label: 6
08/15/2023 22:40:25 - DEBUG - __main__ -   pred: 5
08/15/2023 22:40:25 - DEBUG - __main__ -   label: 4
08/15/2023 22:40:25 - DEBUG - __main__ -   pred: 4
08/15/2023 22:40:25 - DEBUG - __main__ -   label: 3
08/15/2023 22:40:25 - DEBUG - __main__ -   pred: 2
08/15/2023 22:40:25 - DEBUG - __main__ -   label: 2
08/15/2023 22:40:25 - DEBUG - __main__ -   pred: 1
08/15/2023 22:40:25 - DEBUG - __main__ -   label: 3
08/15/2023 22:40:25 - DEBUG - __main__ -   pred: 4
08/15/2023 22:40:25 - DEBUG - __main__ -   label: 5
08/15/2023 22:40:25 - DEBUG - __main__ -   pred: 5
08/15/2023 22:40:25 - DEBUG - __main__ -   label: 4
08/15/2023 22:40:25 - DEBUG - __main__ -   pred: 4
08/15/2023 22:40:25 - DEBUG - __main__ -   label: 4
08/15/2023 22:40:25 - DEBUG - __main__ -   pred: 4
08/15/2023 22:40:25 - DEBUG - __main__ -   label: 6
08/15/2023 22:40:25 - DEBUG - __main__ -   pred: 3
08/15/2023 22:40:25 - DEBUG - __main__ -   label: 5
08/15/2023 22:40:25 - DEBUG - __main__ -   pred: 4
08/15/2023 22:40:25 - DEBUG - __main__ -   label: 4
08/15/2023 22:40:25 - DEBUG - __main__ -   pred: 4
08/15/2023 22:40:25 - DEBUG - __main__ -   label: 5
08/15/2023 22:40:25 - DEBUG - __main__ -   pred: 4
08/15/2023 22:40:25 - DEBUG - __main__ -   label: 4
08/15/2023 22:40:25 - DEBUG - __main__ -   pred: 4
08/15/2023 22:40:25 - DEBUG - __main__ -   label: 4
08/15/2023 22:40:25 - DEBUG - __main__ -   pred: 5
08/15/2023 22:40:25 - DEBUG - __main__ -   label: 4
08/15/2023 22:40:25 - DEBUG - __main__ -   pred: 4
08/15/2023 22:40:25 - DEBUG - __main__ -   label: 4
08/15/2023 22:40:25 - DEBUG - __main__ -   pred: 3
08/15/2023 22:40:25 - DEBUG - __main__ -   label: 4
08/15/2023 22:40:25 - DEBUG - __main__ -   pred: 5
08/15/2023 22:40:25 - DEBUG - __main__ -   label: 5
08/15/2023 22:40:25 - DEBUG - __main__ -   pred: 5
08/15/2023 22:40:25 - DEBUG - __main__ -   label: 5
08/15/2023 22:40:25 - DEBUG - __main__ -   pred: 5
08/15/2023 22:40:25 - DEBUG - __main__ -   label: 4
08/15/2023 22:40:25 - DEBUG - __main__ -   pred: 4
08/15/2023 22:40:25 - DEBUG - __main__ -   label: 3
08/15/2023 22:40:25 - DEBUG - __main__ -   pred: 3
08/15/2023 22:40:25 - DEBUG - __main__ -   label: 4
08/15/2023 22:40:25 - DEBUG - __main__ -   pred: 3
08/15/2023 22:40:25 - DEBUG - __main__ -   label: 3
08/15/2023 22:40:25 - DEBUG - __main__ -   pred: 2
08/15/2023 22:40:25 - DEBUG - __main__ -   label: 3
08/15/2023 22:40:25 - DEBUG - __main__ -   pred: 1
08/15/2023 22:40:25 - DEBUG - __main__ -   label: 2
08/15/2023 22:40:25 - DEBUG - __main__ -   pred: 1
08/15/2023 22:40:25 - DEBUG - __main__ -   label: 2
08/15/2023 22:40:25 - DEBUG - __main__ -   pred: 1
08/15/2023 22:40:25 - DEBUG - __main__ -   label: 3
08/15/2023 22:40:25 - DEBUG - __main__ -   pred: 3
08/15/2023 22:40:25 - DEBUG - __main__ -   label: 2
08/15/2023 22:40:25 - DEBUG - __main__ -   pred: 1
08/15/2023 22:40:25 - DEBUG - __main__ -   label: 1
08/15/2023 22:40:25 - DEBUG - __main__ -   pred: 2
08/15/2023 22:40:25 - DEBUG - __main__ -   label: 2
08/15/2023 22:40:25 - DEBUG - __main__ -   pred: 1
08/15/2023 22:40:25 - DEBUG - __main__ -   label: 3
08/15/2023 22:40:25 - DEBUG - __main__ -   pred: 2
08/15/2023 22:40:25 - DEBUG - __main__ -   label: 1
08/15/2023 22:40:25 - DEBUG - __main__ -   pred: 2
08/15/2023 22:40:25 - DEBUG - __main__ -   label: 2
08/15/2023 22:40:25 - DEBUG - __main__ -   pred: 2
08/15/2023 22:40:25 - DEBUG - __main__ -   label: 1
08/15/2023 22:40:25 - DEBUG - __main__ -   pred: 2
08/15/2023 22:40:25 - DEBUG - __main__ -   label: 1
08/15/2023 22:40:25 - DEBUG - __main__ -   pred: 2
08/15/2023 22:40:25 - DEBUG - __main__ -   label: 2
08/15/2023 22:40:25 - DEBUG - __main__ -   pred: 2
08/15/2023 22:40:25 - DEBUG - __main__ -   label: 2
08/15/2023 22:40:25 - DEBUG - __main__ -   pred: 2
08/15/2023 22:40:25 - DEBUG - __main__ -   label: 3
08/15/2023 22:40:25 - DEBUG - __main__ -   pred: 3
08/15/2023 22:40:25 - DEBUG - __main__ -   label: 3
08/15/2023 22:40:25 - DEBUG - __main__ -   pred: 3
08/15/2023 22:40:25 - DEBUG - __main__ -   label: 3
08/15/2023 22:40:25 - DEBUG - __main__ -   pred: 3
08/15/2023 22:40:25 - DEBUG - __main__ -   label: 4
08/15/2023 22:40:25 - DEBUG - __main__ -   pred: 3
08/15/2023 22:40:25 - DEBUG - __main__ -   label: 5
08/15/2023 22:40:25 - DEBUG - __main__ -   pred: 5
08/15/2023 22:40:25 - DEBUG - __main__ -   label: 6
08/15/2023 22:40:25 - DEBUG - __main__ -   pred: 5
08/15/2023 22:40:25 - DEBUG - __main__ -   label: 3
08/15/2023 22:40:25 - DEBUG - __main__ -   pred: 3
08/15/2023 22:40:25 - DEBUG - __main__ -   label: 5
08/15/2023 22:40:25 - DEBUG - __main__ -   pred: 5
08/15/2023 22:40:25 - DEBUG - __main__ -   label: 6
08/15/2023 22:40:25 - DEBUG - __main__ -   pred: 4
08/15/2023 22:40:25 - DEBUG - __main__ -   label: 2
08/15/2023 22:40:25 - DEBUG - __main__ -   pred: 4
08/15/2023 22:40:25 - DEBUG - __main__ -   label: 5
08/15/2023 22:40:25 - DEBUG - __main__ -   pred: 4
08/15/2023 22:40:25 - DEBUG - __main__ -   label: 5
08/15/2023 22:40:25 - DEBUG - __main__ -   pred: 5
08/15/2023 22:40:25 - DEBUG - __main__ -   label: 3
08/15/2023 22:40:25 - DEBUG - __main__ -   pred: 2
08/15/2023 22:40:25 - DEBUG - __main__ -   label: 3
08/15/2023 22:40:25 - DEBUG - __main__ -   pred: 2
08/15/2023 22:40:25 - DEBUG - __main__ -   label: 2
08/15/2023 22:40:25 - DEBUG - __main__ -   pred: 2
08/15/2023 22:40:25 - DEBUG - __main__ -   label: 2
08/15/2023 22:40:25 - DEBUG - __main__ -   pred: 2
08/15/2023 22:40:25 - DEBUG - __main__ -   label: 3
08/15/2023 22:40:25 - DEBUG - __main__ -   pred: 2
08/15/2023 22:40:25 - DEBUG - __main__ -   label: 2
08/15/2023 22:40:25 - DEBUG - __main__ -   pred: 1
08/15/2023 22:40:25 - DEBUG - __main__ -   label: 3
08/15/2023 22:40:25 - DEBUG - __main__ -   pred: 2
08/15/2023 22:40:25 - DEBUG - __main__ -   label: 2
08/15/2023 22:40:25 - DEBUG - __main__ -   pred: 2
08/15/2023 22:40:25 - DEBUG - __main__ -   label: 2
08/15/2023 22:40:25 - DEBUG - __main__ -   pred: 2
08/15/2023 22:40:25 - DEBUG - __main__ -   label: 3
08/15/2023 22:40:25 - DEBUG - __main__ -   pred: 1
08/15/2023 22:40:25 - DEBUG - __main__ -   label: 3
08/15/2023 22:40:25 - DEBUG - __main__ -   pred: 2
08/15/2023 22:40:25 - DEBUG - __main__ -   label: 3
08/15/2023 22:40:25 - DEBUG - __main__ -   pred: 2
08/15/2023 22:40:25 - DEBUG - __main__ -   label: 4
08/15/2023 22:40:25 - DEBUG - __main__ -   pred: 2
08/15/2023 22:40:25 - DEBUG - __main__ -   label: 3
08/15/2023 22:40:25 - DEBUG - __main__ -   pred: 2
08/15/2023 22:40:25 - DEBUG - __main__ -   label: 2
08/15/2023 22:40:25 - DEBUG - __main__ -   pred: 2
08/15/2023 22:40:25 - DEBUG - __main__ -   label: 3
08/15/2023 22:40:25 - DEBUG - __main__ -   pred: 1
08/15/2023 22:40:25 - DEBUG - __main__ -   label: 2
08/15/2023 22:40:25 - DEBUG - __main__ -   pred: 1
08/15/2023 22:40:25 - DEBUG - __main__ -   label: 3
08/15/2023 22:40:25 - DEBUG - __main__ -   pred: 2
08/15/2023 22:40:25 - DEBUG - __main__ -   label: 4
08/15/2023 22:40:25 - DEBUG - __main__ -   pred: 2
08/15/2023 22:40:25 - DEBUG - __main__ -   label: 2
08/15/2023 22:40:25 - DEBUG - __main__ -   pred: 2
08/15/2023 22:40:25 - DEBUG - __main__ -   label: 2
08/15/2023 22:40:25 - DEBUG - __main__ -   pred: 2
08/15/2023 22:40:25 - DEBUG - __main__ -   label: 2
08/15/2023 22:40:25 - DEBUG - __main__ -   pred: 2
08/15/2023 22:40:25 - DEBUG - __main__ -   label: 5
08/15/2023 22:40:25 - DEBUG - __main__ -   pred: 3
08/15/2023 22:40:25 - DEBUG - __main__ -   label: 4
08/15/2023 22:40:25 - DEBUG - __main__ -   pred: 4
08/15/2023 22:40:25 - DEBUG - __main__ -   label: 6
08/15/2023 22:40:25 - DEBUG - __main__ -   pred: 5
08/15/2023 22:40:25 - DEBUG - __main__ -   label: 4
08/15/2023 22:40:25 - DEBUG - __main__ -   pred: 3
08/15/2023 22:40:25 - DEBUG - __main__ -   label: 6
08/15/2023 22:40:25 - DEBUG - __main__ -   pred: 4
08/15/2023 22:40:25 - DEBUG - __main__ -   label: 6
08/15/2023 22:40:25 - DEBUG - __main__ -   pred: 5
08/15/2023 22:40:25 - DEBUG - __main__ -   label: 5
08/15/2023 22:40:25 - DEBUG - __main__ -   pred: 5
08/15/2023 22:40:25 - DEBUG - __main__ -   label: 5
08/15/2023 22:40:25 - DEBUG - __main__ -   pred: 5
08/15/2023 22:40:25 - DEBUG - __main__ -   label: 5
08/15/2023 22:40:25 - DEBUG - __main__ -   pred: 5
08/15/2023 22:40:25 - DEBUG - __main__ -   label: 5
08/15/2023 22:40:25 - DEBUG - __main__ -   pred: 5
08/15/2023 22:40:25 - DEBUG - __main__ -   label: 5
08/15/2023 22:40:25 - DEBUG - __main__ -   pred: 5
08/15/2023 22:40:25 - DEBUG - __main__ -   label: 5
08/15/2023 22:40:25 - DEBUG - __main__ -   pred: 5
08/15/2023 22:40:25 - DEBUG - __main__ -   label: 5
08/15/2023 22:40:25 - DEBUG - __main__ -   pred: 5
08/15/2023 22:40:25 - DEBUG - __main__ -   label: 5
08/15/2023 22:40:25 - DEBUG - __main__ -   pred: 4
08/15/2023 22:40:25 - DEBUG - __main__ -   label: 3
08/15/2023 22:40:25 - DEBUG - __main__ -   pred: 3
08/15/2023 22:40:25 - DEBUG - __main__ -   label: 5
08/15/2023 22:40:25 - DEBUG - __main__ -   pred: 4
08/15/2023 22:40:25 - DEBUG - __main__ -   label: 5
08/15/2023 22:40:25 - DEBUG - __main__ -   pred: 4
08/15/2023 22:40:25 - DEBUG - __main__ -   label: 5
08/15/2023 22:40:25 - DEBUG - __main__ -   pred: 4
08/15/2023 22:40:25 - DEBUG - __main__ -   label: 2
08/15/2023 22:40:25 - DEBUG - __main__ -   pred: 2
08/15/2023 22:40:25 - DEBUG - __main__ -   label: 2
08/15/2023 22:40:25 - DEBUG - __main__ -   pred: 2
08/15/2023 22:40:25 - DEBUG - __main__ -   label: 1
08/15/2023 22:40:25 - DEBUG - __main__ -   pred: 2
08/15/2023 22:40:25 - DEBUG - __main__ -   label: 2
08/15/2023 22:40:25 - DEBUG - __main__ -   pred: 2
08/15/2023 22:40:25 - DEBUG - __main__ -   label: 1
08/15/2023 22:40:25 - DEBUG - __main__ -   pred: 1
08/15/2023 22:40:25 - DEBUG - __main__ -   label: 2
08/15/2023 22:40:25 - DEBUG - __main__ -   pred: 2
08/15/2023 22:40:25 - DEBUG - __main__ -   label: 4
08/15/2023 22:40:25 - DEBUG - __main__ -   pred: 4
08/15/2023 22:40:25 - DEBUG - __main__ -   label: 4
08/15/2023 22:40:25 - DEBUG - __main__ -   pred: 4
08/15/2023 22:40:25 - DEBUG - __main__ -   label: 5
08/15/2023 22:40:25 - DEBUG - __main__ -   pred: 4
08/15/2023 22:40:25 - DEBUG - __main__ -   label: 5
08/15/2023 22:40:25 - DEBUG - __main__ -   pred: 5
08/15/2023 22:40:25 - DEBUG - __main__ -   label: 3
08/15/2023 22:40:25 - DEBUG - __main__ -   pred: 4
08/15/2023 22:40:25 - DEBUG - __main__ -   label: 3
08/15/2023 22:40:25 - DEBUG - __main__ -   pred: 3
08/15/2023 22:40:25 - DEBUG - __main__ -   label: 4
08/15/2023 22:40:25 - DEBUG - __main__ -   pred: 4
08/15/2023 22:40:25 - DEBUG - __main__ -   label: 4
08/15/2023 22:40:25 - DEBUG - __main__ -   pred: 4
08/15/2023 22:40:25 - DEBUG - __main__ -   label: 5
08/15/2023 22:40:25 - DEBUG - __main__ -   pred: 4
08/15/2023 22:40:25 - DEBUG - __main__ -   label: 6
08/15/2023 22:40:25 - DEBUG - __main__ -   pred: 5
08/15/2023 22:40:25 - DEBUG - __main__ -   label: 4
08/15/2023 22:40:25 - DEBUG - __main__ -   pred: 4
08/15/2023 22:40:25 - DEBUG - __main__ -   label: 4
08/15/2023 22:40:25 - DEBUG - __main__ -   pred: 4
08/15/2023 22:40:25 - DEBUG - __main__ -   label: 4
08/15/2023 22:40:25 - DEBUG - __main__ -   pred: 4
08/15/2023 22:40:25 - DEBUG - __main__ -   label: 4
08/15/2023 22:40:25 - DEBUG - __main__ -   pred: 4
08/15/2023 22:40:25 - DEBUG - __main__ -   label: 4
08/15/2023 22:40:25 - DEBUG - __main__ -   pred: 3
08/15/2023 22:40:25 - DEBUG - __main__ -   label: 4
08/15/2023 22:40:25 - DEBUG - __main__ -   pred: 4
08/15/2023 22:40:25 - DEBUG - __main__ -   label: 4
08/15/2023 22:40:25 - DEBUG - __main__ -   pred: 4
08/15/2023 22:40:25 - DEBUG - __main__ -   label: 4
08/15/2023 22:40:25 - DEBUG - __main__ -   pred: 4
08/15/2023 22:40:25 - DEBUG - __main__ -   label: 5
08/15/2023 22:40:25 - DEBUG - __main__ -   pred: 5
08/15/2023 22:40:25 - DEBUG - __main__ -   label: 4
08/15/2023 22:40:25 - DEBUG - __main__ -   pred: 3
08/15/2023 22:40:25 - DEBUG - __main__ -   label: 3
08/15/2023 22:40:25 - DEBUG - __main__ -   pred: 3
08/15/2023 22:40:25 - DEBUG - __main__ -   label: 4
08/15/2023 22:40:25 - DEBUG - __main__ -   pred: 4
08/15/2023 22:40:25 - DEBUG - __main__ -   label: 3
08/15/2023 22:40:25 - DEBUG - __main__ -   pred: 5
08/15/2023 22:40:25 - DEBUG - __main__ -   label: 5
08/15/2023 22:40:25 - DEBUG - __main__ -   pred: 5
08/15/2023 22:40:25 - DEBUG - __main__ -   label: 4
08/15/2023 22:40:25 - DEBUG - __main__ -   pred: 3
08/15/2023 22:40:25 - DEBUG - __main__ -   label: 4
08/15/2023 22:40:25 - DEBUG - __main__ -   pred: 4
08/15/2023 22:40:25 - DEBUG - __main__ -   label: 3
08/15/2023 22:40:25 - DEBUG - __main__ -   pred: 4
08/15/2023 22:40:25 - DEBUG - __main__ -   label: 6
08/15/2023 22:40:25 - DEBUG - __main__ -   pred: 5
08/15/2023 22:40:25 - DEBUG - __main__ -   label: 4
08/15/2023 22:40:25 - DEBUG - __main__ -   pred: 4
08/15/2023 22:40:25 - DEBUG - __main__ -   label: 3
08/15/2023 22:40:25 - DEBUG - __main__ -   pred: 1
08/15/2023 22:40:25 - DEBUG - __main__ -   label: 3
08/15/2023 22:40:25 - DEBUG - __main__ -   pred: 2
08/15/2023 22:40:25 - DEBUG - __main__ -   label: 2
08/15/2023 22:40:25 - DEBUG - __main__ -   pred: 2
08/15/2023 22:40:25 - DEBUG - __main__ -   label: 2
08/15/2023 22:40:25 - DEBUG - __main__ -   pred: 2
08/15/2023 22:40:25 - DEBUG - __main__ -   label: 2
08/15/2023 22:40:25 - DEBUG - __main__ -   pred: 1
08/15/2023 22:40:25 - DEBUG - __main__ -   label: 2
08/15/2023 22:40:25 - DEBUG - __main__ -   pred: 2
08/15/2023 22:40:25 - DEBUG - __main__ -   label: 2
08/15/2023 22:40:25 - DEBUG - __main__ -   pred: 1
08/15/2023 22:40:25 - DEBUG - __main__ -   label: 3
08/15/2023 22:40:25 - DEBUG - __main__ -   pred: 3
08/15/2023 22:40:25 - DEBUG - __main__ -   label: 3
08/15/2023 22:40:25 - DEBUG - __main__ -   pred: 2
08/15/2023 22:40:25 - DEBUG - __main__ -   label: 2
08/15/2023 22:40:25 - DEBUG - __main__ -   pred: 1
08/15/2023 22:40:25 - DEBUG - __main__ -   label: 2
08/15/2023 22:40:25 - DEBUG - __main__ -   pred: 2
08/15/2023 22:40:25 - DEBUG - __main__ -   label: 3
08/15/2023 22:40:25 - DEBUG - __main__ -   pred: 2
08/15/2023 22:40:25 - DEBUG - __main__ -   label: 4
08/15/2023 22:40:25 - DEBUG - __main__ -   pred: 4
08/15/2023 22:40:25 - DEBUG - __main__ -   label: 3
08/15/2023 22:40:25 - DEBUG - __main__ -   pred: 4
08/15/2023 22:40:25 - DEBUG - __main__ -   label: 3
08/15/2023 22:40:25 - DEBUG - __main__ -   pred: 3
08/15/2023 22:40:25 - DEBUG - __main__ -   label: 4
08/15/2023 22:40:25 - DEBUG - __main__ -   pred: 5
08/15/2023 22:40:25 - DEBUG - __main__ -   label: 4
08/15/2023 22:40:25 - DEBUG - __main__ -   pred: 5
08/15/2023 22:40:25 - DEBUG - __main__ -   label: 4
08/15/2023 22:40:25 - DEBUG - __main__ -   pred: 4
08/15/2023 22:40:25 - DEBUG - __main__ -   label: 2
08/15/2023 22:40:25 - DEBUG - __main__ -   pred: 2
08/15/2023 22:40:25 - DEBUG - __main__ -   label: 1
08/15/2023 22:40:25 - DEBUG - __main__ -   pred: 2
08/15/2023 22:40:25 - DEBUG - __main__ -   label: 1
08/15/2023 22:40:25 - DEBUG - __main__ -   pred: 1
08/15/2023 22:40:25 - DEBUG - __main__ -   label: 1
08/15/2023 22:40:25 - DEBUG - __main__ -   pred: 1
08/15/2023 22:40:25 - DEBUG - __main__ -   label: 2
08/15/2023 22:40:25 - DEBUG - __main__ -   pred: 1
08/15/2023 22:40:25 - DEBUG - __main__ -   label: 1
08/15/2023 22:40:25 - DEBUG - __main__ -   pred: 2
08/15/2023 22:40:25 - DEBUG - __main__ -   label: 2
08/15/2023 22:40:25 - DEBUG - __main__ -   pred: 1
08/15/2023 22:40:25 - DEBUG - __main__ -   label: 1
08/15/2023 22:40:25 - DEBUG - __main__ -   pred: 2
08/15/2023 22:40:25 - DEBUG - __main__ -   label: 4
08/15/2023 22:40:25 - DEBUG - __main__ -   pred: 4
08/15/2023 22:40:25 - DEBUG - __main__ -   label: 4
08/15/2023 22:40:25 - DEBUG - __main__ -   pred: 3
08/15/2023 22:40:25 - DEBUG - __main__ -   label: 4
08/15/2023 22:40:25 - DEBUG - __main__ -   pred: 4
08/15/2023 22:40:25 - DEBUG - __main__ -   label: 1
08/15/2023 22:40:25 - DEBUG - __main__ -   pred: 2
08/15/2023 22:40:25 - DEBUG - __main__ -   label: 2
08/15/2023 22:40:25 - DEBUG - __main__ -   pred: 2
08/15/2023 22:40:25 - DEBUG - __main__ -   label: 1
08/15/2023 22:40:25 - DEBUG - __main__ -   pred: 1
08/15/2023 22:40:25 - DEBUG - __main__ -   label: 0
08/15/2023 22:40:25 - DEBUG - __main__ -   pred: 3
08/15/2023 22:40:25 - DEBUG - __main__ -   label: 1
08/15/2023 22:40:25 - DEBUG - __main__ -   pred: 3
08/15/2023 22:40:25 - DEBUG - __main__ -   label: 1
08/15/2023 22:40:25 - DEBUG - __main__ -   pred: 1
08/15/2023 22:40:25 - DEBUG - __main__ -   label: 3
08/15/2023 22:40:25 - DEBUG - __main__ -   pred: 2
08/15/2023 22:40:25 - DEBUG - __main__ -   label: 1
08/15/2023 22:40:25 - DEBUG - __main__ -   pred: 2
08/15/2023 22:40:25 - DEBUG - __main__ -   label: 1
08/15/2023 22:40:25 - DEBUG - __main__ -   pred: 2
08/15/2023 22:40:25 - DEBUG - __main__ -   label: 2
08/15/2023 22:40:25 - DEBUG - __main__ -   pred: 2
08/15/2023 22:40:25 - DEBUG - __main__ -   label: 4
08/15/2023 22:40:25 - DEBUG - __main__ -   pred: 4
08/15/2023 22:40:25 - DEBUG - __main__ -   label: 5
08/15/2023 22:40:25 - DEBUG - __main__ -   pred: 3
08/15/2023 22:40:25 - DEBUG - __main__ -   label: 2
08/15/2023 22:40:25 - DEBUG - __main__ -   pred: 2
08/15/2023 22:40:25 - DEBUG - __main__ -   label: 1
08/15/2023 22:40:25 - DEBUG - __main__ -   pred: 2
08/15/2023 22:40:25 - DEBUG - __main__ -   label: 4
08/15/2023 22:40:25 - DEBUG - __main__ -   pred: 4
08/15/2023 22:40:25 - DEBUG - __main__ -   label: 2
08/15/2023 22:40:25 - DEBUG - __main__ -   pred: 2
08/15/2023 22:40:25 - DEBUG - __main__ -   label: 6
08/15/2023 22:40:25 - DEBUG - __main__ -   pred: 5
08/15/2023 22:40:25 - DEBUG - __main__ -   label: 5
08/15/2023 22:40:25 - DEBUG - __main__ -   pred: 5
08/15/2023 22:40:25 - DEBUG - __main__ -   label: 5
08/15/2023 22:40:25 - DEBUG - __main__ -   pred: 5
08/15/2023 22:40:25 - DEBUG - __main__ -   label: 5
08/15/2023 22:40:25 - DEBUG - __main__ -   pred: 4
08/15/2023 22:40:25 - DEBUG - __main__ -   label: 5
08/15/2023 22:40:25 - DEBUG - __main__ -   pred: 5
08/15/2023 22:40:25 - DEBUG - __main__ -   label: 4
08/15/2023 22:40:25 - DEBUG - __main__ -   pred: 4
08/15/2023 22:40:25 - DEBUG - __main__ -   label: 5
08/15/2023 22:40:25 - DEBUG - __main__ -   pred: 5
08/15/2023 22:40:25 - DEBUG - __main__ -   label: 5
08/15/2023 22:40:25 - DEBUG - __main__ -   pred: 4
08/15/2023 22:40:25 - DEBUG - __main__ -   label: 3
08/15/2023 22:40:25 - DEBUG - __main__ -   pred: 5
08/15/2023 22:40:25 - DEBUG - __main__ -   label: 2
08/15/2023 22:40:25 - DEBUG - __main__ -   pred: 2
08/15/2023 22:40:25 - DEBUG - __main__ -   label: 2
08/15/2023 22:40:25 - DEBUG - __main__ -   pred: 2
08/15/2023 22:40:25 - DEBUG - __main__ -   label: 0
08/15/2023 22:40:25 - DEBUG - __main__ -   pred: 2
08/15/2023 22:40:25 - DEBUG - __main__ -   label: 0
08/15/2023 22:40:25 - DEBUG - __main__ -   pred: 1
08/15/2023 22:40:25 - DEBUG - __main__ -   label: 1
08/15/2023 22:40:25 - DEBUG - __main__ -   pred: 2
08/15/2023 22:40:25 - DEBUG - __main__ -   label: 0
08/15/2023 22:40:25 - DEBUG - __main__ -   pred: 2
08/15/2023 22:40:25 - DEBUG - __main__ -   label: 0
08/15/2023 22:40:25 - DEBUG - __main__ -   pred: 2
08/15/2023 22:40:25 - DEBUG - __main__ -   label: 0
08/15/2023 22:40:25 - DEBUG - __main__ -   pred: 3
08/15/2023 22:40:25 - DEBUG - __main__ -   label: 0
08/15/2023 22:40:25 - DEBUG - __main__ -   pred: 2
08/15/2023 22:40:25 - DEBUG - __main__ -   label: 1
08/15/2023 22:40:25 - DEBUG - __main__ -   pred: 1
08/15/2023 22:40:25 - DEBUG - __main__ -   label: 0
08/15/2023 22:40:25 - DEBUG - __main__ -   pred: 2
08/15/2023 22:40:25 - DEBUG - __main__ -   label: 2
08/15/2023 22:40:25 - DEBUG - __main__ -   pred: 2
08/15/2023 22:40:25 - DEBUG - __main__ -   label: 1
08/15/2023 22:40:25 - DEBUG - __main__ -   pred: 1
08/15/2023 22:40:25 - DEBUG - __main__ -   label: 1
08/15/2023 22:40:25 - DEBUG - __main__ -   pred: 1
08/15/2023 22:40:25 - DEBUG - __main__ -   label: 1
08/15/2023 22:40:25 - DEBUG - __main__ -   pred: 2
08/15/2023 22:40:25 - DEBUG - __main__ -   label: 1
08/15/2023 22:40:25 - DEBUG - __main__ -   pred: 1
08/15/2023 22:40:25 - DEBUG - __main__ -   label: 1
08/15/2023 22:40:25 - DEBUG - __main__ -   pred: 2
08/15/2023 22:40:25 - DEBUG - __main__ -   label: 1
08/15/2023 22:40:25 - DEBUG - __main__ -   pred: 2
08/15/2023 22:40:25 - DEBUG - __main__ -   label: 1
08/15/2023 22:40:25 - DEBUG - __main__ -   pred: 2
08/15/2023 22:40:25 - DEBUG - __main__ -   label: 3
08/15/2023 22:40:25 - DEBUG - __main__ -   pred: 2
08/15/2023 22:40:25 - DEBUG - __main__ -   label: 2
08/15/2023 22:40:25 - DEBUG - __main__ -   pred: 2
08/15/2023 22:40:25 - DEBUG - __main__ -   label: 2
08/15/2023 22:40:25 - DEBUG - __main__ -   pred: 2
08/15/2023 22:40:25 - DEBUG - __main__ -   label: 5
08/15/2023 22:40:25 - DEBUG - __main__ -   pred: 5
08/15/2023 22:40:25 - DEBUG - __main__ -   label: 5
08/15/2023 22:40:25 - DEBUG - __main__ -   pred: 5
08/15/2023 22:40:25 - DEBUG - __main__ -   label: 4
08/15/2023 22:40:25 - DEBUG - __main__ -   pred: 4
08/15/2023 22:40:25 - DEBUG - __main__ -   label: 3
08/15/2023 22:40:25 - DEBUG - __main__ -   pred: 4
08/15/2023 22:40:25 - DEBUG - __main__ -   label: 3
08/15/2023 22:40:25 - DEBUG - __main__ -   pred: 4
08/15/2023 22:40:25 - DEBUG - __main__ -   label: 5
08/15/2023 22:40:25 - DEBUG - __main__ -   pred: 4
08/15/2023 22:40:25 - DEBUG - __main__ -   label: 2
08/15/2023 22:40:25 - DEBUG - __main__ -   pred: 2
08/15/2023 22:40:25 - DEBUG - __main__ -   label: 2
08/15/2023 22:40:25 - DEBUG - __main__ -   pred: 2
08/15/2023 22:40:25 - DEBUG - __main__ -   label: 1
08/15/2023 22:40:25 - DEBUG - __main__ -   pred: 2
08/15/2023 22:40:25 - DEBUG - __main__ -   label: 2
08/15/2023 22:40:25 - DEBUG - __main__ -   pred: 2
08/15/2023 22:40:25 - DEBUG - __main__ -   label: 1
08/15/2023 22:40:25 - DEBUG - __main__ -   pred: 2
08/15/2023 22:40:25 - DEBUG - __main__ -   label: 2
08/15/2023 22:40:25 - DEBUG - __main__ -   pred: 2
08/15/2023 22:40:25 - DEBUG - __main__ -   label: 2
08/15/2023 22:40:25 - DEBUG - __main__ -   pred: 2
08/15/2023 22:40:25 - DEBUG - __main__ -   label: 2
08/15/2023 22:40:25 - DEBUG - __main__ -   pred: 2
08/15/2023 22:40:25 - DEBUG - __main__ -   label: 5
08/15/2023 22:40:25 - DEBUG - __main__ -   pred: 4
08/15/2023 22:40:25 - DEBUG - __main__ -   label: 4
08/15/2023 22:40:25 - DEBUG - __main__ -   pred: 3
08/15/2023 22:40:25 - DEBUG - __main__ -   label: 3
08/15/2023 22:40:25 - DEBUG - __main__ -   pred: 5
08/15/2023 22:40:25 - DEBUG - __main__ -   label: 4
08/15/2023 22:40:25 - DEBUG - __main__ -   pred: 4
08/15/2023 22:40:25 - DEBUG - __main__ -   label: 4
08/15/2023 22:40:25 - DEBUG - __main__ -   pred: 5
08/15/2023 22:40:25 - DEBUG - __main__ -   label: 3
08/15/2023 22:40:25 - DEBUG - __main__ -   pred: 4
08/15/2023 22:40:25 - DEBUG - __main__ -   label: 4
08/15/2023 22:40:25 - DEBUG - __main__ -   pred: 5
08/15/2023 22:40:25 - DEBUG - __main__ -   label: 5
08/15/2023 22:40:25 - DEBUG - __main__ -   pred: 5
08/15/2023 22:40:25 - DEBUG - __main__ -   label: 2
08/15/2023 22:40:25 - DEBUG - __main__ -   pred: 2
08/15/2023 22:40:25 - DEBUG - __main__ -   label: 2
08/15/2023 22:40:25 - DEBUG - __main__ -   pred: 2
08/15/2023 22:40:25 - DEBUG - __main__ -   label: 1
08/15/2023 22:40:25 - DEBUG - __main__ -   pred: 1
08/15/2023 22:40:25 - DEBUG - __main__ -   label: 2
08/15/2023 22:40:25 - DEBUG - __main__ -   pred: 2
08/15/2023 22:40:25 - DEBUG - __main__ -   label: 2
08/15/2023 22:40:25 - DEBUG - __main__ -   pred: 3
08/15/2023 22:40:25 - DEBUG - __main__ -   label: 1
08/15/2023 22:40:25 - DEBUG - __main__ -   pred: 2
08/15/2023 22:40:25 - DEBUG - __main__ -   label: 2
08/15/2023 22:40:25 - DEBUG - __main__ -   pred: 1
08/15/2023 22:40:25 - DEBUG - __main__ -   label: 1
08/15/2023 22:40:25 - DEBUG - __main__ -   pred: 2
08/15/2023 22:40:25 - DEBUG - __main__ -   label: 2
08/15/2023 22:40:25 - DEBUG - __main__ -   pred: 2
08/15/2023 22:40:25 - DEBUG - __main__ -   label: 3
08/15/2023 22:40:25 - DEBUG - __main__ -   pred: 1
08/15/2023 22:40:25 - DEBUG - __main__ -   label: 2
08/15/2023 22:40:25 - DEBUG - __main__ -   pred: 2
08/15/2023 22:40:25 - DEBUG - __main__ -   label: 4
08/15/2023 22:40:25 - DEBUG - __main__ -   pred: 4
08/15/2023 22:40:25 - DEBUG - __main__ -   label: 2
08/15/2023 22:40:25 - DEBUG - __main__ -   pred: 2
08/15/2023 22:40:25 - DEBUG - __main__ -   label: 2
08/15/2023 22:40:25 - DEBUG - __main__ -   pred: 3
08/15/2023 22:40:25 - DEBUG - __main__ -   label: 4
08/15/2023 22:40:25 - DEBUG - __main__ -   pred: 5
08/15/2023 22:40:25 - DEBUG - __main__ -   label: 5
08/15/2023 22:40:25 - DEBUG - __main__ -   pred: 4
08/15/2023 22:40:25 - DEBUG - __main__ -   label: 5
08/15/2023 22:40:25 - DEBUG - __main__ -   pred: 4
08/15/2023 22:40:25 - DEBUG - __main__ -   label: 5
08/15/2023 22:40:25 - DEBUG - __main__ -   pred: 4
08/15/2023 22:40:25 - DEBUG - __main__ -   label: 2
08/15/2023 22:40:25 - DEBUG - __main__ -   pred: 2
08/15/2023 22:40:25 - DEBUG - __main__ -   label: 2
08/15/2023 22:40:25 - DEBUG - __main__ -   pred: 1
08/15/2023 22:40:25 - DEBUG - __main__ -   label: 2
08/15/2023 22:40:25 - DEBUG - __main__ -   pred: 2
08/15/2023 22:40:25 - DEBUG - __main__ -   label: 3
08/15/2023 22:40:25 - DEBUG - __main__ -   pred: 2
08/15/2023 22:40:25 - DEBUG - __main__ -   label: 1
08/15/2023 22:40:25 - DEBUG - __main__ -   pred: 2
08/15/2023 22:40:25 - DEBUG - __main__ -   label: 1
08/15/2023 22:40:25 - DEBUG - __main__ -   pred: 3
08/15/2023 22:40:25 - DEBUG - __main__ -   label: 2
08/15/2023 22:40:25 - DEBUG - __main__ -   pred: 3
08/15/2023 22:40:25 - DEBUG - __main__ -   label: 2
08/15/2023 22:40:25 - DEBUG - __main__ -   pred: 1
08/15/2023 22:40:25 - DEBUG - __main__ -   label: 1
08/15/2023 22:40:25 - DEBUG - __main__ -   pred: 2
08/15/2023 22:40:25 - DEBUG - __main__ -   label: 2
08/15/2023 22:40:25 - DEBUG - __main__ -   pred: 2
08/15/2023 22:40:25 - DEBUG - __main__ -   label: 2
08/15/2023 22:40:25 - DEBUG - __main__ -   pred: 1
08/15/2023 22:40:25 - DEBUG - __main__ -   label: 2
08/15/2023 22:40:25 - DEBUG - __main__ -   pred: 2
08/15/2023 22:40:25 - DEBUG - __main__ -   label: 1
08/15/2023 22:40:25 - DEBUG - __main__ -   pred: 1
08/15/2023 22:40:25 - DEBUG - __main__ -   label: 2
08/15/2023 22:40:25 - DEBUG - __main__ -   pred: 2
08/15/2023 22:40:25 - DEBUG - __main__ -   label: 1
08/15/2023 22:40:25 - DEBUG - __main__ -   pred: 3
08/15/2023 22:40:25 - DEBUG - __main__ -   label: 3
08/15/2023 22:40:25 - DEBUG - __main__ -   pred: 1
08/15/2023 22:40:25 - DEBUG - __main__ -   label: 1
08/15/2023 22:40:25 - DEBUG - __main__ -   pred: 1
08/15/2023 22:40:25 - DEBUG - __main__ -   label: 2
08/15/2023 22:40:25 - DEBUG - __main__ -   pred: 2
08/15/2023 22:40:25 - DEBUG - __main__ -   label: 2
08/15/2023 22:40:25 - DEBUG - __main__ -   pred: 1
08/15/2023 22:40:25 - DEBUG - __main__ -   label: 2
08/15/2023 22:40:25 - DEBUG - __main__ -   pred: 2
08/15/2023 22:40:25 - DEBUG - __main__ -   label: 2
08/15/2023 22:40:25 - DEBUG - __main__ -   pred: 2
08/15/2023 22:40:25 - DEBUG - __main__ -   label: 2
08/15/2023 22:40:25 - DEBUG - __main__ -   pred: 2
08/15/2023 22:40:25 - DEBUG - __main__ -   label: 3
08/15/2023 22:40:25 - DEBUG - __main__ -   pred: 2
08/15/2023 22:40:25 - DEBUG - __main__ -   label: 3
08/15/2023 22:40:25 - DEBUG - __main__ -   pred: 2
08/15/2023 22:40:25 - DEBUG - __main__ -   label: 1
08/15/2023 22:40:25 - DEBUG - __main__ -   pred: 2
08/15/2023 22:40:25 - DEBUG - __main__ -   label: 3
08/15/2023 22:40:25 - DEBUG - __main__ -   pred: 3
08/15/2023 22:40:25 - DEBUG - __main__ -   label: 6
08/15/2023 22:40:25 - DEBUG - __main__ -   pred: 5
08/15/2023 22:40:25 - DEBUG - __main__ -   label: 5
08/15/2023 22:40:25 - DEBUG - __main__ -   pred: 4
08/15/2023 22:40:25 - DEBUG - __main__ -   label: 6
08/15/2023 22:40:25 - DEBUG - __main__ -   pred: 4
08/15/2023 22:40:25 - DEBUG - __main__ -   label: 5
08/15/2023 22:40:25 - DEBUG - __main__ -   pred: 4
08/15/2023 22:40:25 - DEBUG - __main__ -   label: 6
08/15/2023 22:40:25 - DEBUG - __main__ -   pred: 5
08/15/2023 22:40:25 - DEBUG - __main__ -   label: 5
08/15/2023 22:40:25 - DEBUG - __main__ -   pred: 5
08/15/2023 22:40:25 - DEBUG - __main__ -   label: 4
08/15/2023 22:40:25 - DEBUG - __main__ -   pred: 4
08/15/2023 22:40:25 - DEBUG - __main__ -   label: 5
08/15/2023 22:40:25 - DEBUG - __main__ -   pred: 4
08/15/2023 22:40:25 - DEBUG - __main__ -   label: 5
08/15/2023 22:40:25 - DEBUG - __main__ -   pred: 5
08/15/2023 22:40:25 - DEBUG - __main__ -   label: 2
08/15/2023 22:40:25 - DEBUG - __main__ -   pred: 3
08/15/2023 22:40:25 - DEBUG - __main__ -   label: 2
08/15/2023 22:40:25 - DEBUG - __main__ -   pred: 2
08/15/2023 22:40:25 - DEBUG - __main__ -   label: 2
08/15/2023 22:40:25 - DEBUG - __main__ -   pred: 1
08/15/2023 22:40:25 - DEBUG - __main__ -   label: 3
08/15/2023 22:40:25 - DEBUG - __main__ -   pred: 2
08/15/2023 22:40:25 - DEBUG - __main__ -   label: 2
08/15/2023 22:40:25 - DEBUG - __main__ -   pred: 2
08/15/2023 22:40:25 - DEBUG - __main__ -   label: 3
08/15/2023 22:40:25 - DEBUG - __main__ -   pred: 1
08/15/2023 22:40:25 - DEBUG - __main__ -   label: 3
08/15/2023 22:40:25 - DEBUG - __main__ -   pred: 2
08/15/2023 22:40:25 - DEBUG - __main__ -   label: 2
08/15/2023 22:40:25 - DEBUG - __main__ -   pred: 2
08/15/2023 22:40:25 - DEBUG - __main__ -   label: 2
08/15/2023 22:40:25 - DEBUG - __main__ -   pred: 2
08/15/2023 22:40:25 - DEBUG - __main__ -   label: 3
08/15/2023 22:40:25 - DEBUG - __main__ -   pred: 2
08/15/2023 22:40:25 - DEBUG - __main__ -   label: 2
08/15/2023 22:40:25 - DEBUG - __main__ -   pred: 1
08/15/2023 22:40:25 - DEBUG - __main__ -   label: 2
08/15/2023 22:40:25 - DEBUG - __main__ -   pred: 2
08/15/2023 22:40:25 - DEBUG - __main__ -   label: 2
08/15/2023 22:40:25 - DEBUG - __main__ -   pred: 2
08/15/2023 22:40:25 - DEBUG - __main__ -   label: 1
08/15/2023 22:40:25 - DEBUG - __main__ -   pred: 3
08/15/2023 22:40:25 - DEBUG - __main__ -   label: 5
08/15/2023 22:40:25 - DEBUG - __main__ -   pred: 5
08/15/2023 22:40:25 - DEBUG - __main__ -   label: 3
08/15/2023 22:40:25 - DEBUG - __main__ -   pred: 3
08/15/2023 22:40:25 - DEBUG - __main__ -   label: 4
08/15/2023 22:40:25 - DEBUG - __main__ -   pred: 4
08/15/2023 22:40:25 - DEBUG - __main__ -   label: 3
08/15/2023 22:40:25 - DEBUG - __main__ -   pred: 3
08/15/2023 22:40:25 - DEBUG - __main__ -   label: 2
08/15/2023 22:40:25 - DEBUG - __main__ -   pred: 2
08/15/2023 22:40:25 - DEBUG - __main__ -   label: 3
08/15/2023 22:40:25 - DEBUG - __main__ -   pred: 3
08/15/2023 22:40:25 - DEBUG - __main__ -   label: 3
08/15/2023 22:40:25 - DEBUG - __main__ -   pred: 3
08/15/2023 22:40:25 - DEBUG - __main__ -   label: 2
08/15/2023 22:40:25 - DEBUG - __main__ -   pred: 2
08/15/2023 22:40:25 - DEBUG - __main__ -   label: 3
08/15/2023 22:40:25 - DEBUG - __main__ -   pred: 5
08/15/2023 22:40:25 - DEBUG - __main__ -   label: 5
08/15/2023 22:40:25 - DEBUG - __main__ -   pred: 5
08/15/2023 22:40:25 - DEBUG - __main__ -   label: 3
08/15/2023 22:40:25 - DEBUG - __main__ -   pred: 5
08/15/2023 22:40:25 - DEBUG - __main__ -   label: 4
08/15/2023 22:40:25 - DEBUG - __main__ -   pred: 5
08/15/2023 22:40:25 - DEBUG - __main__ -   label: 4
08/15/2023 22:40:25 - DEBUG - __main__ -   pred: 5
08/15/2023 22:40:25 - DEBUG - __main__ -   label: 4
08/15/2023 22:40:25 - DEBUG - __main__ -   pred: 4
08/15/2023 22:40:25 - DEBUG - __main__ -   label: 4
08/15/2023 22:40:25 - DEBUG - __main__ -   pred: 4
08/15/2023 22:40:25 - DEBUG - __main__ -   label: 3
08/15/2023 22:40:25 - DEBUG - __main__ -   pred: 4
08/15/2023 22:40:25 - DEBUG - __main__ -   label: 3
08/15/2023 22:40:25 - DEBUG - __main__ -   pred: 3
08/15/2023 22:40:25 - DEBUG - __main__ -   label: 4
08/15/2023 22:40:25 - DEBUG - __main__ -   pred: 5
08/15/2023 22:40:25 - DEBUG - __main__ -   label: 3
08/15/2023 22:40:25 - DEBUG - __main__ -   pred: 5
08/15/2023 22:40:25 - DEBUG - __main__ -   label: 3
08/15/2023 22:40:25 - DEBUG - __main__ -   pred: 4
08/15/2023 22:40:25 - DEBUG - __main__ -   label: 3
08/15/2023 22:40:25 - DEBUG - __main__ -   pred: 3
08/15/2023 22:40:25 - DEBUG - __main__ -   label: 2
08/15/2023 22:40:25 - DEBUG - __main__ -   pred: 2
08/15/2023 22:40:25 - DEBUG - __main__ -   label: 2
08/15/2023 22:40:25 - DEBUG - __main__ -   pred: 2
08/15/2023 22:40:25 - DEBUG - __main__ -   label: 1
08/15/2023 22:40:25 - DEBUG - __main__ -   pred: 2
08/15/2023 22:40:25 - DEBUG - __main__ -   label: 2
08/15/2023 22:40:25 - DEBUG - __main__ -   pred: 1
08/15/2023 22:40:25 - DEBUG - __main__ -   label: 1
08/15/2023 22:40:25 - DEBUG - __main__ -   pred: 1
08/15/2023 22:40:25 - DEBUG - __main__ -   label: 2
08/15/2023 22:40:25 - DEBUG - __main__ -   pred: 1
08/15/2023 22:40:25 - DEBUG - __main__ -   label: 1
08/15/2023 22:40:25 - DEBUG - __main__ -   pred: 2
08/15/2023 22:40:25 - DEBUG - __main__ -   label: 2
08/15/2023 22:40:25 - DEBUG - __main__ -   pred: 2
08/15/2023 22:40:25 - DEBUG - __main__ -   label: 1
08/15/2023 22:40:25 - DEBUG - __main__ -   pred: 3
08/15/2023 22:40:25 - DEBUG - __main__ -   label: 1
08/15/2023 22:40:25 - DEBUG - __main__ -   pred: 2
08/15/2023 22:40:25 - DEBUG - __main__ -   label: 1
08/15/2023 22:40:25 - DEBUG - __main__ -   pred: 2
08/15/2023 22:40:25 - DEBUG - __main__ -   label: 2
08/15/2023 22:40:25 - DEBUG - __main__ -   pred: 2
08/15/2023 22:40:25 - DEBUG - __main__ -   label: 2
08/15/2023 22:40:25 - DEBUG - __main__ -   pred: 2
08/15/2023 22:40:25 - DEBUG - __main__ -   label: 3
08/15/2023 22:40:25 - DEBUG - __main__ -   pred: 3
08/15/2023 22:40:25 - DEBUG - __main__ -   label: 3
08/15/2023 22:40:25 - DEBUG - __main__ -   pred: 4
08/15/2023 22:40:25 - DEBUG - __main__ -   label: 3
08/15/2023 22:40:25 - DEBUG - __main__ -   pred: 4
08/15/2023 22:40:25 - DEBUG - __main__ -   label: 3
08/15/2023 22:40:25 - DEBUG - __main__ -   pred: 3
08/15/2023 22:40:25 - DEBUG - __main__ -   label: 2
08/15/2023 22:40:25 - DEBUG - __main__ -   pred: 3
08/15/2023 22:40:25 - DEBUG - __main__ -   label: 3
08/15/2023 22:40:25 - DEBUG - __main__ -   pred: 2
08/15/2023 22:40:25 - DEBUG - __main__ -   label: 4
08/15/2023 22:40:25 - DEBUG - __main__ -   pred: 3
08/15/2023 22:40:25 - DEBUG - __main__ -   label: 1
08/15/2023 22:40:25 - DEBUG - __main__ -   pred: 2
08/15/2023 22:40:25 - DEBUG - __main__ -   label: 4
08/15/2023 22:40:25 - DEBUG - __main__ -   pred: 5
08/15/2023 22:40:25 - DEBUG - __main__ -   label: 3
08/15/2023 22:40:25 - DEBUG - __main__ -   pred: 3
08/15/2023 22:40:25 - DEBUG - __main__ -   label: 5
08/15/2023 22:40:25 - DEBUG - __main__ -   pred: 5
08/15/2023 22:40:25 - DEBUG - __main__ -   label: 3
08/15/2023 22:40:25 - DEBUG - __main__ -   pred: 4
08/15/2023 22:40:25 - DEBUG - __main__ -   label: 3
08/15/2023 22:40:25 - DEBUG - __main__ -   pred: 4
08/15/2023 22:40:25 - DEBUG - __main__ -   label: 4
08/15/2023 22:40:25 - DEBUG - __main__ -   pred: 5
08/15/2023 22:40:25 - DEBUG - __main__ -   label: 4
08/15/2023 22:40:25 - DEBUG - __main__ -   pred: 3
08/15/2023 22:40:25 - DEBUG - __main__ -   label: 4
08/15/2023 22:40:25 - DEBUG - __main__ -   pred: 3
08/15/2023 22:40:25 - DEBUG - __main__ -   label: 3
08/15/2023 22:40:25 - DEBUG - __main__ -   pred: 4
08/15/2023 22:40:25 - DEBUG - __main__ -   label: 4
08/15/2023 22:40:25 - DEBUG - __main__ -   pred: 4
08/15/2023 22:40:25 - DEBUG - __main__ -   label: 4
08/15/2023 22:40:25 - DEBUG - __main__ -   pred: 4
08/15/2023 22:40:25 - DEBUG - __main__ -   label: 4
08/15/2023 22:40:25 - DEBUG - __main__ -   pred: 5
08/15/2023 22:40:25 - DEBUG - __main__ -   label: 5
08/15/2023 22:40:25 - DEBUG - __main__ -   pred: 5
