******** Training fold 3 ********
08/15/2023 13:38:45 - DEBUG - __main__ -   Processor loaded. CPU mem usage: 0.38G.  Cuda 0: memory acclocated: 0 G.
08/15/2023 13:38:53 - DEBUG - __main__ -   Model loaded. CPU mem usage: 1.99G.  Cuda 0: memory acclocated: 0 G.
Wav2Vec2ForSequenceClassification(
  (wav2vec2): Wav2Vec2Model(
    (feature_extractor): Wav2Vec2FeatureEncoder(
      (conv_layers): ModuleList(
        (0): Wav2Vec2LayerNormConvLayer(
          (conv): Conv1d(1, 512, kernel_size=(10,), stride=(5,))
          (layer_norm): LayerNorm((512,), eps=1e-05, elementwise_affine=True)
          (activation): GELUActivation()
        )
        (1-4): 4 x Wav2Vec2LayerNormConvLayer(
          (conv): Conv1d(512, 512, kernel_size=(3,), stride=(2,))
          (layer_norm): LayerNorm((512,), eps=1e-05, elementwise_affine=True)
          (activation): GELUActivation()
        )
        (5-6): 2 x Wav2Vec2LayerNormConvLayer(
          (conv): Conv1d(512, 512, kernel_size=(2,), stride=(2,))
          (layer_norm): LayerNorm((512,), eps=1e-05, elementwise_affine=True)
          (activation): GELUActivation()
        )
      )
    )
    (feature_projection): Wav2Vec2FeatureProjection(
      (layer_norm): LayerNorm((512,), eps=1e-05, elementwise_affine=True)
      (projection): Linear(in_features=512, out_features=1024, bias=True)
      (dropout): Dropout(p=0.1, inplace=False)
    )
    (encoder): Wav2Vec2EncoderStableLayerNorm(
      (pos_conv_embed): Wav2Vec2PositionalConvEmbedding(
        (conv): Conv1d(1024, 1024, kernel_size=(128,), stride=(1,), padding=(64,), groups=16)
        (padding): Wav2Vec2SamePadLayer()
        (activation): GELUActivation()
      )
      (layer_norm): LayerNorm((1024,), eps=1e-05, elementwise_affine=True)
      (dropout): Dropout(p=0.1, inplace=False)
      (layers): ModuleList(
        (0-23): 24 x Wav2Vec2EncoderLayerStableLayerNorm(
          (attention): Wav2Vec2Attention(
            (k_proj): Linear(in_features=1024, out_features=1024, bias=True)
            (v_proj): Linear(in_features=1024, out_features=1024, bias=True)
            (q_proj): Linear(in_features=1024, out_features=1024, bias=True)
            (out_proj): Linear(in_features=1024, out_features=1024, bias=True)
          )
          (dropout): Dropout(p=0.1, inplace=False)
          (layer_norm): LayerNorm((1024,), eps=1e-05, elementwise_affine=True)
          (feed_forward): Wav2Vec2FeedForward(
            (intermediate_dropout): Dropout(p=0.0, inplace=False)
            (intermediate_dense): Linear(in_features=1024, out_features=4096, bias=True)
            (intermediate_act_fn): GELUActivation()
            (output_dense): Linear(in_features=4096, out_features=1024, bias=True)
            (output_dropout): Dropout(p=0.1, inplace=False)
          )
          (final_layer_norm): LayerNorm((1024,), eps=1e-05, elementwise_affine=True)
        )
      )
    )
  )
  (projector): Linear(in_features=1024, out_features=256, bias=True)
  (classifier): Linear(in_features=256, out_features=7, bias=True)
)
08/15/2023 13:39:18 - DEBUG - __main__ -   Speech loaded. N_train=1604, N_eval=508. CPU mem usage: 5.74G.  Cuda 0: memory acclocated: 0 G.
08/15/2023 13:39:43 - DEBUG - __main__ -   Feature extracted. Duration: 0:00:25 CPU mem usage: 8.78G.  Cuda 0: memory acclocated: 0 G.
08/15/2023 13:40:22 - DEBUG - augmentations.transform -   Training set (N=3208): augmented training data added. Duration: 0:00:39
08/15/2023 13:40:22 - DEBUG - urllib3.connectionpool -   Starting new HTTPS connection (1): s3.amazonaws.com:443
08/15/2023 13:40:23 - DEBUG - urllib3.connectionpool -   https://s3.amazonaws.com:443 "HEAD /datasets.huggingface.co/datasets/metrics/evaluate-metric/precision/evaluate-metric/precision.py HTTP/1.1" 404 0
08/15/2023 13:40:23 - DEBUG - urllib3.connectionpool -   Starting new HTTPS connection (1): huggingface.co:443
08/15/2023 13:40:23 - DEBUG - urllib3.connectionpool -   https://huggingface.co:443 "HEAD /spaces/evaluate-metric/precision/resolve/v0.4.0/precision.py HTTP/1.1" 200 0
08/15/2023 13:40:23 - DEBUG - urllib3.connectionpool -   Starting new HTTPS connection (1): s3.amazonaws.com:443
08/15/2023 13:40:24 - DEBUG - urllib3.connectionpool -   https://s3.amazonaws.com:443 "HEAD /datasets.huggingface.co/datasets/metrics/evaluate-metric/recall/evaluate-metric/recall.py HTTP/1.1" 404 0
08/15/2023 13:40:24 - DEBUG - urllib3.connectionpool -   Starting new HTTPS connection (1): huggingface.co:443
08/15/2023 13:40:24 - DEBUG - urllib3.connectionpool -   https://huggingface.co:443 "HEAD /spaces/evaluate-metric/recall/resolve/v0.4.0/recall.py HTTP/1.1" 200 0
08/15/2023 13:40:24 - DEBUG - urllib3.connectionpool -   Starting new HTTPS connection (1): s3.amazonaws.com:443
08/15/2023 13:40:24 - DEBUG - urllib3.connectionpool -   https://s3.amazonaws.com:443 "HEAD /datasets.huggingface.co/datasets/metrics/evaluate-metric/f1/evaluate-metric/f1.py HTTP/1.1" 404 0
08/15/2023 13:40:24 - DEBUG - urllib3.connectionpool -   Starting new HTTPS connection (1): huggingface.co:443
08/15/2023 13:40:25 - DEBUG - urllib3.connectionpool -   https://huggingface.co:443 "HEAD /spaces/evaluate-metric/f1/resolve/v0.4.0/f1.py HTTP/1.1" 200 0
08/15/2023 13:40:25 - DEBUG - urllib3.connectionpool -   Starting new HTTPS connection (1): s3.amazonaws.com:443
08/15/2023 13:40:25 - DEBUG - urllib3.connectionpool -   https://s3.amazonaws.com:443 "HEAD /datasets.huggingface.co/datasets/metrics/evaluate-metric/spearmanr/evaluate-metric/spearmanr.py HTTP/1.1" 404 0
08/15/2023 13:40:25 - DEBUG - urllib3.connectionpool -   Starting new HTTPS connection (1): huggingface.co:443
08/15/2023 13:40:25 - DEBUG - urllib3.connectionpool -   https://huggingface.co:443 "HEAD /spaces/evaluate-metric/spearmanr/resolve/v0.4.0/spearmanr.py HTTP/1.1" 200 0
08/15/2023 13:40:27 - DEBUG - __main__ -   Training starts now. CPU mem usage: 14.00G.  Cuda 0: memory acclocated: 2 G.
08/15/2023 13:40:27 - DEBUG - helper.classes -   ----------- Starting epoch 1 -----------
{'loss': 1.8769, 'learning_rate': 9.351620947630924e-06, 'epoch': 0.31}
{'loss': 1.4773, 'learning_rate': 1.8703241895261847e-05, 'epoch': 0.62}
{'loss': 1.2933, 'learning_rate': 2.805486284289277e-05, 'epoch': 0.94}
08/15/2023 14:23:11 - DEBUG - helper.classes -   Epoch 1.0 completed, Duration: 0:42:44 Mem usage: CPU mem usage: 14.56G.  Cuda 0: memory acclocated: 27 G.
08/15/2023 14:24:58 - DEBUG - fsspec.local -   open file: /home/lunt1/.cache/huggingface/metrics/precision/default/default_experiment-1-0.arrow
08/15/2023 14:24:58 - DEBUG - fsspec.local -   open file: /home/lunt1/.cache/huggingface/metrics/recall/default/default_experiment-1-0.arrow
08/15/2023 14:24:58 - DEBUG - fsspec.local -   open file: /home/lunt1/.cache/huggingface/metrics/f1/default/default_experiment-1-0.arrow
08/15/2023 14:24:58 - DEBUG - fsspec.local -   open file: /home/lunt1/.cache/huggingface/metrics/spearmanr/default/default_experiment-1-0.arrow
08/15/2023 14:24:58 - DEBUG - fsspec.local -   open file: /home/lunt1/.cache/huggingface/metrics/precision/default/default_experiment-1-0.arrow
08/15/2023 14:24:58 - DEBUG - fsspec.local -   open file: /home/lunt1/.cache/huggingface/metrics/recall/default/default_experiment-1-0.arrow
08/15/2023 14:24:58 - DEBUG - fsspec.local -   open file: /home/lunt1/.cache/huggingface/metrics/f1/default/default_experiment-1-0.arrow
{'eval_loss': 1.3214536905288696, 'eval_precision': 0.22270395869751192, 'eval_recall': 0.29912957444726546, 'eval_f1': 0.2388350023446817, 'eval_spearmanr': 0.796996631599804, 'eval_precision_weighted': 0.2962705416750173, 'eval_recall_weighted': 0.40551181102362205, 'eval_f1_weighted': 0.3180990349687596, 'eval_runtime': 106.4912, 'eval_samples_per_second': 4.77, 'eval_steps_per_second': 2.385, 'epoch': 1.0}
08/15/2023 14:25:03 - DEBUG - helper.classes -   ----------- Starting epoch 2.0 -----------
{'loss': 1.27, 'learning_rate': 2.9177057356608482e-05, 'epoch': 1.25}
{'loss': 1.1777, 'learning_rate': 2.8137988362427266e-05, 'epoch': 1.56}
{'loss': 1.1945, 'learning_rate': 2.7098919368246054e-05, 'epoch': 1.87}
08/15/2023 15:07:51 - DEBUG - helper.classes -   Epoch 2.0 completed, Duration: 0:42:48 Mem usage: CPU mem usage: 14.48G.  Cuda 0: memory acclocated: 27 G.
08/15/2023 15:09:38 - DEBUG - fsspec.local -   open file: /home/lunt1/.cache/huggingface/metrics/precision/default/default_experiment-1-0.arrow
08/15/2023 15:09:38 - DEBUG - fsspec.local -   open file: /home/lunt1/.cache/huggingface/metrics/recall/default/default_experiment-1-0.arrow
08/15/2023 15:09:38 - DEBUG - fsspec.local -   open file: /home/lunt1/.cache/huggingface/metrics/f1/default/default_experiment-1-0.arrow
08/15/2023 15:09:38 - DEBUG - fsspec.local -   open file: /home/lunt1/.cache/huggingface/metrics/spearmanr/default/default_experiment-1-0.arrow
08/15/2023 15:09:38 - DEBUG - fsspec.local -   open file: /home/lunt1/.cache/huggingface/metrics/precision/default/default_experiment-1-0.arrow
08/15/2023 15:09:38 - DEBUG - fsspec.local -   open file: /home/lunt1/.cache/huggingface/metrics/recall/default/default_experiment-1-0.arrow
08/15/2023 15:09:38 - DEBUG - fsspec.local -   open file: /home/lunt1/.cache/huggingface/metrics/f1/default/default_experiment-1-0.arrow
{'eval_loss': 1.3036149740219116, 'eval_precision': 0.32427671128499813, 'eval_recall': 0.32416821234171866, 'eval_f1': 0.31861385919875296, 'eval_spearmanr': 0.7891722312916593, 'eval_precision_weighted': 0.43847021770466243, 'eval_recall_weighted': 0.4625984251968504, 'eval_f1_weighted': 0.44354766773446397, 'eval_runtime': 106.2929, 'eval_samples_per_second': 4.779, 'eval_steps_per_second': 2.39, 'epoch': 2.0}
08/15/2023 15:09:43 - DEBUG - helper.classes -   ----------- Starting epoch 3.0 -----------
{'loss': 1.1196, 'learning_rate': 2.605985037406484e-05, 'epoch': 2.18}
{'loss': 1.1398, 'learning_rate': 2.5020781379883625e-05, 'epoch': 2.49}
{'loss': 1.0918, 'learning_rate': 2.3981712385702413e-05, 'epoch': 2.81}
08/15/2023 15:52:22 - DEBUG - helper.classes -   Epoch 3.0 completed, Duration: 0:42:38 Mem usage: CPU mem usage: 14.49G.  Cuda 0: memory acclocated: 27 G.
08/15/2023 15:54:08 - DEBUG - fsspec.local -   open file: /home/lunt1/.cache/huggingface/metrics/precision/default/default_experiment-1-0.arrow
08/15/2023 15:54:08 - DEBUG - fsspec.local -   open file: /home/lunt1/.cache/huggingface/metrics/recall/default/default_experiment-1-0.arrow
08/15/2023 15:54:08 - DEBUG - fsspec.local -   open file: /home/lunt1/.cache/huggingface/metrics/f1/default/default_experiment-1-0.arrow
08/15/2023 15:54:08 - DEBUG - fsspec.local -   open file: /home/lunt1/.cache/huggingface/metrics/spearmanr/default/default_experiment-1-0.arrow
08/15/2023 15:54:08 - DEBUG - fsspec.local -   open file: /home/lunt1/.cache/huggingface/metrics/precision/default/default_experiment-1-0.arrow
08/15/2023 15:54:09 - DEBUG - fsspec.local -   open file: /home/lunt1/.cache/huggingface/metrics/recall/default/default_experiment-1-0.arrow
08/15/2023 15:54:09 - DEBUG - fsspec.local -   open file: /home/lunt1/.cache/huggingface/metrics/f1/default/default_experiment-1-0.arrow
{'eval_loss': 1.5802249908447266, 'eval_precision': 0.3258427530532081, 'eval_recall': 0.3590676267260603, 'eval_f1': 0.31823218009915194, 'eval_spearmanr': 0.7978009103757364, 'eval_precision_weighted': 0.4465424612431942, 'eval_recall_weighted': 0.4547244094488189, 'eval_f1_weighted': 0.4253922815628322, 'eval_runtime': 106.7986, 'eval_samples_per_second': 4.757, 'eval_steps_per_second': 2.378, 'epoch': 3.0}
08/15/2023 15:54:14 - DEBUG - helper.classes -   ----------- Starting epoch 4.0 -----------
{'loss': 1.0273, 'learning_rate': 2.2942643391521197e-05, 'epoch': 3.12}
{'loss': 0.948, 'learning_rate': 2.1903574397339985e-05, 'epoch': 3.43}
{'loss': 0.961, 'learning_rate': 2.0864505403158772e-05, 'epoch': 3.74}
08/15/2023 16:36:57 - DEBUG - helper.classes -   Epoch 4.0 completed, Duration: 0:42:43 Mem usage: CPU mem usage: 14.51G.  Cuda 0: memory acclocated: 27 G.
08/15/2023 16:38:43 - DEBUG - fsspec.local -   open file: /home/lunt1/.cache/huggingface/metrics/precision/default/default_experiment-1-0.arrow
08/15/2023 16:38:43 - DEBUG - fsspec.local -   open file: /home/lunt1/.cache/huggingface/metrics/recall/default/default_experiment-1-0.arrow
08/15/2023 16:38:43 - DEBUG - fsspec.local -   open file: /home/lunt1/.cache/huggingface/metrics/f1/default/default_experiment-1-0.arrow
08/15/2023 16:38:43 - DEBUG - fsspec.local -   open file: /home/lunt1/.cache/huggingface/metrics/spearmanr/default/default_experiment-1-0.arrow
08/15/2023 16:38:43 - DEBUG - fsspec.local -   open file: /home/lunt1/.cache/huggingface/metrics/precision/default/default_experiment-1-0.arrow
08/15/2023 16:38:43 - DEBUG - fsspec.local -   open file: /home/lunt1/.cache/huggingface/metrics/recall/default/default_experiment-1-0.arrow
08/15/2023 16:38:43 - DEBUG - fsspec.local -   open file: /home/lunt1/.cache/huggingface/metrics/f1/default/default_experiment-1-0.arrow
{'eval_loss': 2.110570192337036, 'eval_precision': 0.3145767417998814, 'eval_recall': 0.33917208674335647, 'eval_f1': 0.3217868365333562, 'eval_spearmanr': 0.7759723053861189, 'eval_precision_weighted': 0.43375132536366373, 'eval_recall_weighted': 0.4468503937007874, 'eval_f1_weighted': 0.435118184010388, 'eval_runtime': 106.3684, 'eval_samples_per_second': 4.776, 'eval_steps_per_second': 2.388, 'epoch': 4.0}
08/15/2023 16:38:49 - DEBUG - helper.classes -   ----------- Starting epoch 5.0 -----------
{'loss': 0.8957, 'learning_rate': 1.9825436408977556e-05, 'epoch': 4.05}
{'loss': 0.8855, 'learning_rate': 1.8786367414796344e-05, 'epoch': 4.36}
{'loss': 0.9234, 'learning_rate': 1.774729842061513e-05, 'epoch': 4.68}
{'loss': 0.9411, 'learning_rate': 1.6708229426433916e-05, 'epoch': 4.99}
08/15/2023 17:21:45 - DEBUG - helper.classes -   Epoch 5.0 completed, Duration: 0:42:55 Mem usage: CPU mem usage: 14.48G.  Cuda 0: memory acclocated: 27 G.
08/15/2023 17:23:31 - DEBUG - fsspec.local -   open file: /home/lunt1/.cache/huggingface/metrics/precision/default/default_experiment-1-0.arrow
08/15/2023 17:23:31 - DEBUG - fsspec.local -   open file: /home/lunt1/.cache/huggingface/metrics/recall/default/default_experiment-1-0.arrow
08/15/2023 17:23:31 - DEBUG - fsspec.local -   open file: /home/lunt1/.cache/huggingface/metrics/f1/default/default_experiment-1-0.arrow
08/15/2023 17:23:31 - DEBUG - fsspec.local -   open file: /home/lunt1/.cache/huggingface/metrics/spearmanr/default/default_experiment-1-0.arrow
08/15/2023 17:23:31 - DEBUG - fsspec.local -   open file: /home/lunt1/.cache/huggingface/metrics/precision/default/default_experiment-1-0.arrow
08/15/2023 17:23:31 - DEBUG - fsspec.local -   open file: /home/lunt1/.cache/huggingface/metrics/recall/default/default_experiment-1-0.arrow
08/15/2023 17:23:31 - DEBUG - fsspec.local -   open file: /home/lunt1/.cache/huggingface/metrics/f1/default/default_experiment-1-0.arrow
{'eval_loss': 2.916095495223999, 'eval_precision': 0.30635498401627437, 'eval_recall': 0.3333082239953817, 'eval_f1': 0.31341100863969057, 'eval_spearmanr': 0.782906612918884, 'eval_precision_weighted': 0.42134270589487127, 'eval_recall_weighted': 0.43503937007874016, 'eval_f1_weighted': 0.42132095193436725, 'eval_runtime': 106.2472, 'eval_samples_per_second': 4.781, 'eval_steps_per_second': 2.391, 'epoch': 5.0}
08/15/2023 17:23:36 - DEBUG - helper.classes -   ----------- Starting epoch 6.0 -----------
{'loss': 0.8039, 'learning_rate': 1.5669160432252703e-05, 'epoch': 5.3}
{'loss': 0.866, 'learning_rate': 1.4630091438071489e-05, 'epoch': 5.61}
{'loss': 0.8702, 'learning_rate': 1.3591022443890275e-05, 'epoch': 5.92}
08/15/2023 18:06:33 - DEBUG - helper.classes -   Epoch 6.0 completed, Duration: 0:42:56 Mem usage: CPU mem usage: 14.53G.  Cuda 0: memory acclocated: 27 G.
08/15/2023 18:08:19 - DEBUG - fsspec.local -   open file: /home/lunt1/.cache/huggingface/metrics/precision/default/default_experiment-1-0.arrow
08/15/2023 18:08:19 - DEBUG - fsspec.local -   open file: /home/lunt1/.cache/huggingface/metrics/recall/default/default_experiment-1-0.arrow
08/15/2023 18:08:19 - DEBUG - fsspec.local -   open file: /home/lunt1/.cache/huggingface/metrics/f1/default/default_experiment-1-0.arrow
08/15/2023 18:08:19 - DEBUG - fsspec.local -   open file: /home/lunt1/.cache/huggingface/metrics/spearmanr/default/default_experiment-1-0.arrow
08/15/2023 18:08:19 - DEBUG - fsspec.local -   open file: /home/lunt1/.cache/huggingface/metrics/precision/default/default_experiment-1-0.arrow
08/15/2023 18:08:19 - DEBUG - fsspec.local -   open file: /home/lunt1/.cache/huggingface/metrics/recall/default/default_experiment-1-0.arrow
08/15/2023 18:08:19 - DEBUG - fsspec.local -   open file: /home/lunt1/.cache/huggingface/metrics/f1/default/default_experiment-1-0.arrow
{'eval_loss': 3.3930742740631104, 'eval_precision': 0.3119592383565211, 'eval_recall': 0.3358284586232189, 'eval_f1': 0.3184357207950633, 'eval_spearmanr': 0.7887004239496963, 'eval_precision_weighted': 0.4282450567803458, 'eval_recall_weighted': 0.4409448818897638, 'eval_f1_weighted': 0.4289671086454, 'eval_runtime': 106.2456, 'eval_samples_per_second': 4.781, 'eval_steps_per_second': 2.391, 'epoch': 6.0}
08/15/2023 18:08:24 - DEBUG - helper.classes -   ----------- Starting epoch 7.0 -----------
{'loss': 0.783, 'learning_rate': 1.2551953449709061e-05, 'epoch': 6.23}
{'loss': 0.7761, 'learning_rate': 1.1512884455527848e-05, 'epoch': 6.55}
{'loss': 0.7936, 'learning_rate': 1.0473815461346634e-05, 'epoch': 6.86}
08/15/2023 18:50:52 - DEBUG - helper.classes -   Epoch 7.0 completed, Duration: 0:42:27 Mem usage: CPU mem usage: 14.53G.  Cuda 0: memory acclocated: 27 G.
08/15/2023 18:52:38 - DEBUG - fsspec.local -   open file: /home/lunt1/.cache/huggingface/metrics/precision/default/default_experiment-1-0.arrow
08/15/2023 18:52:38 - DEBUG - fsspec.local -   open file: /home/lunt1/.cache/huggingface/metrics/recall/default/default_experiment-1-0.arrow
08/15/2023 18:52:38 - DEBUG - fsspec.local -   open file: /home/lunt1/.cache/huggingface/metrics/f1/default/default_experiment-1-0.arrow
08/15/2023 18:52:38 - DEBUG - fsspec.local -   open file: /home/lunt1/.cache/huggingface/metrics/spearmanr/default/default_experiment-1-0.arrow
08/15/2023 18:52:38 - DEBUG - fsspec.local -   open file: /home/lunt1/.cache/huggingface/metrics/precision/default/default_experiment-1-0.arrow
08/15/2023 18:52:38 - DEBUG - fsspec.local -   open file: /home/lunt1/.cache/huggingface/metrics/recall/default/default_experiment-1-0.arrow
08/15/2023 18:52:38 - DEBUG - fsspec.local -   open file: /home/lunt1/.cache/huggingface/metrics/f1/default/default_experiment-1-0.arrow
{'eval_loss': 3.504459857940674, 'eval_precision': 0.3189264678197722, 'eval_recall': 0.3363556905678033, 'eval_f1': 0.32661002228216723, 'eval_spearmanr': 0.799856711527904, 'eval_precision_weighted': 0.4341916565448961, 'eval_recall_weighted': 0.4507874015748031, 'eval_f1_weighted': 0.4415534832941625, 'eval_runtime': 106.3337, 'eval_samples_per_second': 4.777, 'eval_steps_per_second': 2.389, 'epoch': 7.0}
08/15/2023 18:52:43 - DEBUG - helper.classes -   ----------- Starting epoch 8.0 -----------
{'loss': 0.7477, 'learning_rate': 9.43474646716542e-06, 'epoch': 7.17}
{'loss': 0.6866, 'learning_rate': 8.395677472984206e-06, 'epoch': 7.48}
{'loss': 0.6827, 'learning_rate': 7.356608478802993e-06, 'epoch': 7.79}
08/15/2023 19:35:20 - DEBUG - helper.classes -   Epoch 8.0 completed, Duration: 0:42:36 Mem usage: CPU mem usage: 14.53G.  Cuda 0: memory acclocated: 27 G.
08/15/2023 19:37:06 - DEBUG - fsspec.local -   open file: /home/lunt1/.cache/huggingface/metrics/precision/default/default_experiment-1-0.arrow
08/15/2023 19:37:06 - DEBUG - fsspec.local -   open file: /home/lunt1/.cache/huggingface/metrics/recall/default/default_experiment-1-0.arrow
08/15/2023 19:37:06 - DEBUG - fsspec.local -   open file: /home/lunt1/.cache/huggingface/metrics/f1/default/default_experiment-1-0.arrow
08/15/2023 19:37:06 - DEBUG - fsspec.local -   open file: /home/lunt1/.cache/huggingface/metrics/spearmanr/default/default_experiment-1-0.arrow
08/15/2023 19:37:06 - DEBUG - fsspec.local -   open file: /home/lunt1/.cache/huggingface/metrics/precision/default/default_experiment-1-0.arrow
08/15/2023 19:37:06 - DEBUG - fsspec.local -   open file: /home/lunt1/.cache/huggingface/metrics/recall/default/default_experiment-1-0.arrow
08/15/2023 19:37:06 - DEBUG - fsspec.local -   open file: /home/lunt1/.cache/huggingface/metrics/f1/default/default_experiment-1-0.arrow
{'eval_loss': 3.8025460243225098, 'eval_precision': 0.31391813426215515, 'eval_recall': 0.33167314776568974, 'eval_f1': 0.32141620690778533, 'eval_spearmanr': 0.7977909827063279, 'eval_precision_weighted': 0.4271784762574665, 'eval_recall_weighted': 0.4448818897637795, 'eval_f1_weighted': 0.4345756919407131, 'eval_runtime': 106.3208, 'eval_samples_per_second': 4.778, 'eval_steps_per_second': 2.389, 'epoch': 8.0}
08/15/2023 19:37:11 - DEBUG - helper.classes -   ----------- Starting epoch 9.0 -----------
{'loss': 0.61, 'learning_rate': 6.3175394846217795e-06, 'epoch': 8.1}
{'loss': 0.6219, 'learning_rate': 5.278470490440565e-06, 'epoch': 8.42}
{'loss': 0.5942, 'learning_rate': 4.239401496259352e-06, 'epoch': 8.73}
08/15/2023 20:20:02 - DEBUG - helper.classes -   Epoch 9.0 completed, Duration: 0:42:50 Mem usage: CPU mem usage: 14.53G.  Cuda 0: memory acclocated: 27 G.
08/15/2023 20:21:48 - DEBUG - fsspec.local -   open file: /home/lunt1/.cache/huggingface/metrics/precision/default/default_experiment-1-0.arrow
08/15/2023 20:21:48 - DEBUG - fsspec.local -   open file: /home/lunt1/.cache/huggingface/metrics/recall/default/default_experiment-1-0.arrow
08/15/2023 20:21:48 - DEBUG - fsspec.local -   open file: /home/lunt1/.cache/huggingface/metrics/f1/default/default_experiment-1-0.arrow
08/15/2023 20:21:48 - DEBUG - fsspec.local -   open file: /home/lunt1/.cache/huggingface/metrics/spearmanr/default/default_experiment-1-0.arrow
08/15/2023 20:21:48 - DEBUG - fsspec.local -   open file: /home/lunt1/.cache/huggingface/metrics/precision/default/default_experiment-1-0.arrow
08/15/2023 20:21:48 - DEBUG - fsspec.local -   open file: /home/lunt1/.cache/huggingface/metrics/recall/default/default_experiment-1-0.arrow
08/15/2023 20:21:48 - DEBUG - fsspec.local -   open file: /home/lunt1/.cache/huggingface/metrics/f1/default/default_experiment-1-0.arrow
{'eval_loss': 3.9142990112304688, 'eval_precision': 0.29916028911564624, 'eval_recall': 0.3185422437751173, 'eval_f1': 0.3063616456681902, 'eval_spearmanr': 0.7853186720399614, 'eval_precision_weighted': 0.40674476237345336, 'eval_recall_weighted': 0.42322834645669294, 'eval_f1_weighted': 0.41214756329078345, 'eval_runtime': 106.3722, 'eval_samples_per_second': 4.776, 'eval_steps_per_second': 2.388, 'epoch': 9.0}
08/15/2023 20:21:54 - DEBUG - helper.classes -   ----------- Starting epoch 10.0 -----------
{'loss': 0.6849, 'learning_rate': 3.2003325020781384e-06, 'epoch': 9.04}
{'loss': 0.5672, 'learning_rate': 2.1612635078969247e-06, 'epoch': 9.35}
{'loss': 0.5638, 'learning_rate': 1.1221945137157108e-06, 'epoch': 9.66}
{'loss': 0.5826, 'learning_rate': 8.31255195344971e-08, 'epoch': 9.98}
08/15/2023 21:04:19 - DEBUG - helper.classes -   Epoch 10.0 completed, Duration: 0:42:24 Mem usage: CPU mem usage: 14.54G.  Cuda 0: memory acclocated: 27 G.
08/15/2023 21:06:05 - DEBUG - fsspec.local -   open file: /home/lunt1/.cache/huggingface/metrics/precision/default/default_experiment-1-0.arrow
08/15/2023 21:06:05 - DEBUG - fsspec.local -   open file: /home/lunt1/.cache/huggingface/metrics/recall/default/default_experiment-1-0.arrow
08/15/2023 21:06:05 - DEBUG - fsspec.local -   open file: /home/lunt1/.cache/huggingface/metrics/f1/default/default_experiment-1-0.arrow
08/15/2023 21:06:05 - DEBUG - fsspec.local -   open file: /home/lunt1/.cache/huggingface/metrics/spearmanr/default/default_experiment-1-0.arrow
08/15/2023 21:06:05 - DEBUG - fsspec.local -   open file: /home/lunt1/.cache/huggingface/metrics/precision/default/default_experiment-1-0.arrow
08/15/2023 21:06:05 - DEBUG - fsspec.local -   open file: /home/lunt1/.cache/huggingface/metrics/recall/default/default_experiment-1-0.arrow
08/15/2023 21:06:05 - DEBUG - fsspec.local -   open file: /home/lunt1/.cache/huggingface/metrics/f1/default/default_experiment-1-0.arrow
{'eval_loss': 3.9084017276763916, 'eval_precision': 0.310964489948271, 'eval_recall': 0.32672839199288495, 'eval_f1': 0.31784146579320127, 'eval_spearmanr': 0.7962950031227284, 'eval_precision_weighted': 0.4260601826541379, 'eval_recall_weighted': 0.44291338582677164, 'eval_f1_weighted': 0.433411636625286, 'eval_runtime': 106.3595, 'eval_samples_per_second': 4.776, 'eval_steps_per_second': 2.388, 'epoch': 10.0}
{'train_runtime': 26748.4221, 'train_samples_per_second': 1.199, 'train_steps_per_second': 0.6, 'train_loss': 0.919737147452528, 'epoch': 10.0}
08/15/2023 21:06:16 - INFO - __main__ -   Training completed. Duration: 7:25:48
08/15/2023 21:08:02 - DEBUG - fsspec.local -   open file: /home/lunt1/.cache/huggingface/metrics/precision/default/default_experiment-1-0.arrow
08/15/2023 21:08:02 - DEBUG - fsspec.local -   open file: /home/lunt1/.cache/huggingface/metrics/recall/default/default_experiment-1-0.arrow
08/15/2023 21:08:02 - DEBUG - fsspec.local -   open file: /home/lunt1/.cache/huggingface/metrics/f1/default/default_experiment-1-0.arrow
08/15/2023 21:08:02 - DEBUG - fsspec.local -   open file: /home/lunt1/.cache/huggingface/metrics/spearmanr/default/default_experiment-1-0.arrow
08/15/2023 21:08:02 - DEBUG - fsspec.local -   open file: /home/lunt1/.cache/huggingface/metrics/precision/default/default_experiment-1-0.arrow
08/15/2023 21:08:02 - DEBUG - fsspec.local -   open file: /home/lunt1/.cache/huggingface/metrics/recall/default/default_experiment-1-0.arrow
08/15/2023 21:08:02 - DEBUG - fsspec.local -   open file: /home/lunt1/.cache/huggingface/metrics/f1/default/default_experiment-1-0.arrow
08/15/2023 21:08:02 - DEBUG - fsspec.local -   open file: /home/lunt1/.cache/huggingface/metrics/precision/default/default_experiment-1-0.arrow
08/15/2023 21:08:02 - DEBUG - fsspec.local -   open file: /home/lunt1/.cache/huggingface/metrics/recall/default/default_experiment-1-0.arrow
08/15/2023 21:08:02 - DEBUG - fsspec.local -   open file: /home/lunt1/.cache/huggingface/metrics/f1/default/default_experiment-1-0.arrow
08/15/2023 21:08:02 - DEBUG - fsspec.local -   open file: /home/lunt1/.cache/huggingface/metrics/spearmanr/default/default_experiment-1-0.arrow
08/15/2023 21:08:02 - DEBUG - fsspec.local -   open file: /home/lunt1/.cache/huggingface/metrics/precision/default/default_experiment-1-0.arrow
08/15/2023 21:08:02 - DEBUG - fsspec.local -   open file: /home/lunt1/.cache/huggingface/metrics/recall/default/default_experiment-1-0.arrow
08/15/2023 21:08:02 - DEBUG - fsspec.local -   open file: /home/lunt1/.cache/huggingface/metrics/f1/default/default_experiment-1-0.arrow
08/15/2023 21:08:02 - DEBUG - __main__ -   label: 4
08/15/2023 21:08:02 - DEBUG - __main__ -   pred: 5
08/15/2023 21:08:02 - DEBUG - __main__ -   label: 5
08/15/2023 21:08:02 - DEBUG - __main__ -   pred: 5
08/15/2023 21:08:02 - DEBUG - __main__ -   label: 3
08/15/2023 21:08:02 - DEBUG - __main__ -   pred: 4
08/15/2023 21:08:02 - DEBUG - __main__ -   label: 6
08/15/2023 21:08:02 - DEBUG - __main__ -   pred: 4
08/15/2023 21:08:02 - DEBUG - __main__ -   label: 3
08/15/2023 21:08:02 - DEBUG - __main__ -   pred: 3
08/15/2023 21:08:02 - DEBUG - __main__ -   label: 3
08/15/2023 21:08:02 - DEBUG - __main__ -   pred: 3
08/15/2023 21:08:02 - DEBUG - __main__ -   label: 2
08/15/2023 21:08:02 - DEBUG - __main__ -   pred: 2
08/15/2023 21:08:02 - DEBUG - __main__ -   label: 4
08/15/2023 21:08:02 - DEBUG - __main__ -   pred: 3
08/15/2023 21:08:02 - DEBUG - __main__ -   label: 4
08/15/2023 21:08:02 - DEBUG - __main__ -   pred: 4
08/15/2023 21:08:02 - DEBUG - __main__ -   label: 4
08/15/2023 21:08:02 - DEBUG - __main__ -   pred: 4
08/15/2023 21:08:02 - DEBUG - __main__ -   label: 2
08/15/2023 21:08:02 - DEBUG - __main__ -   pred: 5
08/15/2023 21:08:02 - DEBUG - __main__ -   label: 5
08/15/2023 21:08:02 - DEBUG - __main__ -   pred: 4
08/15/2023 21:08:02 - DEBUG - __main__ -   label: 4
08/15/2023 21:08:02 - DEBUG - __main__ -   pred: 4
08/15/2023 21:08:02 - DEBUG - __main__ -   label: 3
08/15/2023 21:08:02 - DEBUG - __main__ -   pred: 3
08/15/2023 21:08:02 - DEBUG - __main__ -   label: 5
08/15/2023 21:08:02 - DEBUG - __main__ -   pred: 5
08/15/2023 21:08:02 - DEBUG - __main__ -   label: 5
08/15/2023 21:08:02 - DEBUG - __main__ -   pred: 4
08/15/2023 21:08:02 - DEBUG - __main__ -   label: 5
08/15/2023 21:08:02 - DEBUG - __main__ -   pred: 4
08/15/2023 21:08:02 - DEBUG - __main__ -   label: 6
08/15/2023 21:08:02 - DEBUG - __main__ -   pred: 5
08/15/2023 21:08:02 - DEBUG - __main__ -   label: 3
08/15/2023 21:08:02 - DEBUG - __main__ -   pred: 4
08/15/2023 21:08:02 - DEBUG - __main__ -   label: 3
08/15/2023 21:08:02 - DEBUG - __main__ -   pred: 3
08/15/2023 21:08:02 - DEBUG - __main__ -   label: 5
08/15/2023 21:08:02 - DEBUG - __main__ -   pred: 5
08/15/2023 21:08:02 - DEBUG - __main__ -   label: 2
08/15/2023 21:08:02 - DEBUG - __main__ -   pred: 3
08/15/2023 21:08:02 - DEBUG - __main__ -   label: 1
08/15/2023 21:08:02 - DEBUG - __main__ -   pred: 2
08/15/2023 21:08:02 - DEBUG - __main__ -   label: 3
08/15/2023 21:08:02 - DEBUG - __main__ -   pred: 2
08/15/2023 21:08:02 - DEBUG - __main__ -   label: 4
08/15/2023 21:08:02 - DEBUG - __main__ -   pred: 5
08/15/2023 21:08:02 - DEBUG - __main__ -   label: 5
08/15/2023 21:08:02 - DEBUG - __main__ -   pred: 5
08/15/2023 21:08:02 - DEBUG - __main__ -   label: 5
08/15/2023 21:08:02 - DEBUG - __main__ -   pred: 5
08/15/2023 21:08:02 - DEBUG - __main__ -   label: 3
08/15/2023 21:08:02 - DEBUG - __main__ -   pred: 3
08/15/2023 21:08:02 - DEBUG - __main__ -   label: 4
08/15/2023 21:08:02 - DEBUG - __main__ -   pred: 3
08/15/2023 21:08:02 - DEBUG - __main__ -   label: 4
08/15/2023 21:08:02 - DEBUG - __main__ -   pred: 5
08/15/2023 21:08:02 - DEBUG - __main__ -   label: 4
08/15/2023 21:08:02 - DEBUG - __main__ -   pred: 4
08/15/2023 21:08:02 - DEBUG - __main__ -   label: 4
08/15/2023 21:08:02 - DEBUG - __main__ -   pred: 5
08/15/2023 21:08:02 - DEBUG - __main__ -   label: 4
08/15/2023 21:08:02 - DEBUG - __main__ -   pred: 4
08/15/2023 21:08:02 - DEBUG - __main__ -   label: 5
08/15/2023 21:08:02 - DEBUG - __main__ -   pred: 4
08/15/2023 21:08:02 - DEBUG - __main__ -   label: 2
08/15/2023 21:08:02 - DEBUG - __main__ -   pred: 2
08/15/2023 21:08:02 - DEBUG - __main__ -   label: 4
08/15/2023 21:08:02 - DEBUG - __main__ -   pred: 5
08/15/2023 21:08:02 - DEBUG - __main__ -   label: 6
08/15/2023 21:08:02 - DEBUG - __main__ -   pred: 5
08/15/2023 21:08:02 - DEBUG - __main__ -   label: 5
08/15/2023 21:08:02 - DEBUG - __main__ -   pred: 5
08/15/2023 21:08:02 - DEBUG - __main__ -   label: 2
08/15/2023 21:08:02 - DEBUG - __main__ -   pred: 3
08/15/2023 21:08:02 - DEBUG - __main__ -   label: 4
08/15/2023 21:08:02 - DEBUG - __main__ -   pred: 3
08/15/2023 21:08:02 - DEBUG - __main__ -   label: 3
08/15/2023 21:08:02 - DEBUG - __main__ -   pred: 3
08/15/2023 21:08:02 - DEBUG - __main__ -   label: 4
08/15/2023 21:08:02 - DEBUG - __main__ -   pred: 4
08/15/2023 21:08:02 - DEBUG - __main__ -   label: 3
08/15/2023 21:08:02 - DEBUG - __main__ -   pred: 4
08/15/2023 21:08:02 - DEBUG - __main__ -   label: 3
08/15/2023 21:08:02 - DEBUG - __main__ -   pred: 5
08/15/2023 21:08:02 - DEBUG - __main__ -   label: 5
08/15/2023 21:08:02 - DEBUG - __main__ -   pred: 5
08/15/2023 21:08:02 - DEBUG - __main__ -   label: 4
08/15/2023 21:08:02 - DEBUG - __main__ -   pred: 3
08/15/2023 21:08:02 - DEBUG - __main__ -   label: 5
08/15/2023 21:08:02 - DEBUG - __main__ -   pred: 5
08/15/2023 21:08:02 - DEBUG - __main__ -   label: 5
08/15/2023 21:08:02 - DEBUG - __main__ -   pred: 4
08/15/2023 21:08:02 - DEBUG - __main__ -   label: 4
08/15/2023 21:08:02 - DEBUG - __main__ -   pred: 5
08/15/2023 21:08:02 - DEBUG - __main__ -   label: 5
08/15/2023 21:08:02 - DEBUG - __main__ -   pred: 4
08/15/2023 21:08:02 - DEBUG - __main__ -   label: 6
08/15/2023 21:08:02 - DEBUG - __main__ -   pred: 5
08/15/2023 21:08:02 - DEBUG - __main__ -   label: 3
08/15/2023 21:08:02 - DEBUG - __main__ -   pred: 4
08/15/2023 21:08:02 - DEBUG - __main__ -   label: 2
08/15/2023 21:08:02 - DEBUG - __main__ -   pred: 3
08/15/2023 21:08:02 - DEBUG - __main__ -   label: 3
08/15/2023 21:08:02 - DEBUG - __main__ -   pred: 3
08/15/2023 21:08:02 - DEBUG - __main__ -   label: 4
08/15/2023 21:08:02 - DEBUG - __main__ -   pred: 5
08/15/2023 21:08:02 - DEBUG - __main__ -   label: 3
08/15/2023 21:08:02 - DEBUG - __main__ -   pred: 5
08/15/2023 21:08:02 - DEBUG - __main__ -   label: 4
08/15/2023 21:08:02 - DEBUG - __main__ -   pred: 4
08/15/2023 21:08:02 - DEBUG - __main__ -   label: 2
08/15/2023 21:08:02 - DEBUG - __main__ -   pred: 1
08/15/2023 21:08:02 - DEBUG - __main__ -   label: 1
08/15/2023 21:08:02 - DEBUG - __main__ -   pred: 3
08/15/2023 21:08:02 - DEBUG - __main__ -   label: 1
08/15/2023 21:08:02 - DEBUG - __main__ -   pred: 2
08/15/2023 21:08:02 - DEBUG - __main__ -   label: 2
08/15/2023 21:08:02 - DEBUG - __main__ -   pred: 4
08/15/2023 21:08:02 - DEBUG - __main__ -   label: 2
08/15/2023 21:08:02 - DEBUG - __main__ -   pred: 4
08/15/2023 21:08:02 - DEBUG - __main__ -   label: 4
08/15/2023 21:08:02 - DEBUG - __main__ -   pred: 5
08/15/2023 21:08:02 - DEBUG - __main__ -   label: 3
08/15/2023 21:08:02 - DEBUG - __main__ -   pred: 4
08/15/2023 21:08:02 - DEBUG - __main__ -   label: 4
08/15/2023 21:08:02 - DEBUG - __main__ -   pred: 4
08/15/2023 21:08:02 - DEBUG - __main__ -   label: 3
08/15/2023 21:08:02 - DEBUG - __main__ -   pred: 3
08/15/2023 21:08:02 - DEBUG - __main__ -   label: 5
08/15/2023 21:08:02 - DEBUG - __main__ -   pred: 5
08/15/2023 21:08:02 - DEBUG - __main__ -   label: 4
08/15/2023 21:08:02 - DEBUG - __main__ -   pred: 4
08/15/2023 21:08:02 - DEBUG - __main__ -   label: 2
08/15/2023 21:08:02 - DEBUG - __main__ -   pred: 2
08/15/2023 21:08:02 - DEBUG - __main__ -   label: 2
08/15/2023 21:08:02 - DEBUG - __main__ -   pred: 2
08/15/2023 21:08:02 - DEBUG - __main__ -   label: 5
08/15/2023 21:08:02 - DEBUG - __main__ -   pred: 4
08/15/2023 21:08:02 - DEBUG - __main__ -   label: 2
08/15/2023 21:08:02 - DEBUG - __main__ -   pred: 2
08/15/2023 21:08:02 - DEBUG - __main__ -   label: 1
08/15/2023 21:08:02 - DEBUG - __main__ -   pred: 1
08/15/2023 21:08:02 - DEBUG - __main__ -   label: 1
08/15/2023 21:08:02 - DEBUG - __main__ -   pred: 1
08/15/2023 21:08:02 - DEBUG - __main__ -   label: 3
08/15/2023 21:08:02 - DEBUG - __main__ -   pred: 3
08/15/2023 21:08:02 - DEBUG - __main__ -   label: 3
08/15/2023 21:08:02 - DEBUG - __main__ -   pred: 4
08/15/2023 21:08:02 - DEBUG - __main__ -   label: 3
08/15/2023 21:08:02 - DEBUG - __main__ -   pred: 4
08/15/2023 21:08:02 - DEBUG - __main__ -   label: 3
08/15/2023 21:08:02 - DEBUG - __main__ -   pred: 3
08/15/2023 21:08:02 - DEBUG - __main__ -   label: 2
08/15/2023 21:08:02 - DEBUG - __main__ -   pred: 2
08/15/2023 21:08:02 - DEBUG - __main__ -   label: 2
08/15/2023 21:08:02 - DEBUG - __main__ -   pred: 3
08/15/2023 21:08:02 - DEBUG - __main__ -   label: 1
08/15/2023 21:08:02 - DEBUG - __main__ -   pred: 1
08/15/2023 21:08:02 - DEBUG - __main__ -   label: 2
08/15/2023 21:08:02 - DEBUG - __main__ -   pred: 2
08/15/2023 21:08:02 - DEBUG - __main__ -   label: 1
08/15/2023 21:08:02 - DEBUG - __main__ -   pred: 1
08/15/2023 21:08:02 - DEBUG - __main__ -   label: 2
08/15/2023 21:08:02 - DEBUG - __main__ -   pred: 2
08/15/2023 21:08:02 - DEBUG - __main__ -   label: 2
08/15/2023 21:08:02 - DEBUG - __main__ -   pred: 1
08/15/2023 21:08:02 - DEBUG - __main__ -   label: 1
08/15/2023 21:08:02 - DEBUG - __main__ -   pred: 1
08/15/2023 21:08:02 - DEBUG - __main__ -   label: 2
08/15/2023 21:08:02 - DEBUG - __main__ -   pred: 3
08/15/2023 21:08:02 - DEBUG - __main__ -   label: 1
08/15/2023 21:08:02 - DEBUG - __main__ -   pred: 2
08/15/2023 21:08:02 - DEBUG - __main__ -   label: 1
08/15/2023 21:08:02 - DEBUG - __main__ -   pred: 2
08/15/2023 21:08:02 - DEBUG - __main__ -   label: 2
08/15/2023 21:08:02 - DEBUG - __main__ -   pred: 2
08/15/2023 21:08:02 - DEBUG - __main__ -   label: 2
08/15/2023 21:08:02 - DEBUG - __main__ -   pred: 2
08/15/2023 21:08:02 - DEBUG - __main__ -   label: 2
08/15/2023 21:08:02 - DEBUG - __main__ -   pred: 2
08/15/2023 21:08:02 - DEBUG - __main__ -   label: 2
08/15/2023 21:08:02 - DEBUG - __main__ -   pred: 1
08/15/2023 21:08:02 - DEBUG - __main__ -   label: 2
08/15/2023 21:08:02 - DEBUG - __main__ -   pred: 1
08/15/2023 21:08:02 - DEBUG - __main__ -   label: 1
08/15/2023 21:08:02 - DEBUG - __main__ -   pred: 1
08/15/2023 21:08:02 - DEBUG - __main__ -   label: 2
08/15/2023 21:08:02 - DEBUG - __main__ -   pred: 1
08/15/2023 21:08:02 - DEBUG - __main__ -   label: 1
08/15/2023 21:08:02 - DEBUG - __main__ -   pred: 1
08/15/2023 21:08:02 - DEBUG - __main__ -   label: 1
08/15/2023 21:08:02 - DEBUG - __main__ -   pred: 1
08/15/2023 21:08:02 - DEBUG - __main__ -   label: 2
08/15/2023 21:08:02 - DEBUG - __main__ -   pred: 2
08/15/2023 21:08:02 - DEBUG - __main__ -   label: 2
08/15/2023 21:08:02 - DEBUG - __main__ -   pred: 2
08/15/2023 21:08:02 - DEBUG - __main__ -   label: 2
08/15/2023 21:08:02 - DEBUG - __main__ -   pred: 3
08/15/2023 21:08:02 - DEBUG - __main__ -   label: 6
08/15/2023 21:08:02 - DEBUG - __main__ -   pred: 4
08/15/2023 21:08:02 - DEBUG - __main__ -   label: 3
08/15/2023 21:08:02 - DEBUG - __main__ -   pred: 3
08/15/2023 21:08:02 - DEBUG - __main__ -   label: 5
08/15/2023 21:08:02 - DEBUG - __main__ -   pred: 5
08/15/2023 21:08:02 - DEBUG - __main__ -   label: 5
08/15/2023 21:08:02 - DEBUG - __main__ -   pred: 5
08/15/2023 21:08:02 - DEBUG - __main__ -   label: 5
08/15/2023 21:08:02 - DEBUG - __main__ -   pred: 4
08/15/2023 21:08:02 - DEBUG - __main__ -   label: 4
08/15/2023 21:08:02 - DEBUG - __main__ -   pred: 4
08/15/2023 21:08:02 - DEBUG - __main__ -   label: 6
08/15/2023 21:08:02 - DEBUG - __main__ -   pred: 5
08/15/2023 21:08:02 - DEBUG - __main__ -   label: 4
08/15/2023 21:08:02 - DEBUG - __main__ -   pred: 4
08/15/2023 21:08:02 - DEBUG - __main__ -   label: 4
08/15/2023 21:08:02 - DEBUG - __main__ -   pred: 4
08/15/2023 21:08:02 - DEBUG - __main__ -   label: 2
08/15/2023 21:08:02 - DEBUG - __main__ -   pred: 2
08/15/2023 21:08:02 - DEBUG - __main__ -   label: 1
08/15/2023 21:08:02 - DEBUG - __main__ -   pred: 1
08/15/2023 21:08:02 - DEBUG - __main__ -   label: 2
08/15/2023 21:08:02 - DEBUG - __main__ -   pred: 2
08/15/2023 21:08:02 - DEBUG - __main__ -   label: 1
08/15/2023 21:08:02 - DEBUG - __main__ -   pred: 1
08/15/2023 21:08:02 - DEBUG - __main__ -   label: 2
08/15/2023 21:08:02 - DEBUG - __main__ -   pred: 2
08/15/2023 21:08:02 - DEBUG - __main__ -   label: 1
08/15/2023 21:08:02 - DEBUG - __main__ -   pred: 2
08/15/2023 21:08:02 - DEBUG - __main__ -   label: 2
08/15/2023 21:08:02 - DEBUG - __main__ -   pred: 1
08/15/2023 21:08:02 - DEBUG - __main__ -   label: 2
08/15/2023 21:08:02 - DEBUG - __main__ -   pred: 2
08/15/2023 21:08:02 - DEBUG - __main__ -   label: 1
08/15/2023 21:08:02 - DEBUG - __main__ -   pred: 1
08/15/2023 21:08:02 - DEBUG - __main__ -   label: 1
08/15/2023 21:08:02 - DEBUG - __main__ -   pred: 1
08/15/2023 21:08:02 - DEBUG - __main__ -   label: 2
08/15/2023 21:08:02 - DEBUG - __main__ -   pred: 1
08/15/2023 21:08:02 - DEBUG - __main__ -   label: 1
08/15/2023 21:08:02 - DEBUG - __main__ -   pred: 2
08/15/2023 21:08:02 - DEBUG - __main__ -   label: 5
08/15/2023 21:08:02 - DEBUG - __main__ -   pred: 5
08/15/2023 21:08:02 - DEBUG - __main__ -   label: 1
08/15/2023 21:08:02 - DEBUG - __main__ -   pred: 2
08/15/2023 21:08:02 - DEBUG - __main__ -   label: 2
08/15/2023 21:08:02 - DEBUG - __main__ -   pred: 2
08/15/2023 21:08:02 - DEBUG - __main__ -   label: 4
08/15/2023 21:08:02 - DEBUG - __main__ -   pred: 4
08/15/2023 21:08:02 - DEBUG - __main__ -   label: 4
08/15/2023 21:08:02 - DEBUG - __main__ -   pred: 3
08/15/2023 21:08:02 - DEBUG - __main__ -   label: 2
08/15/2023 21:08:02 - DEBUG - __main__ -   pred: 2
08/15/2023 21:08:02 - DEBUG - __main__ -   label: 2
08/15/2023 21:08:02 - DEBUG - __main__ -   pred: 3
08/15/2023 21:08:02 - DEBUG - __main__ -   label: 3
08/15/2023 21:08:02 - DEBUG - __main__ -   pred: 2
08/15/2023 21:08:02 - DEBUG - __main__ -   label: 3
08/15/2023 21:08:02 - DEBUG - __main__ -   pred: 3
08/15/2023 21:08:02 - DEBUG - __main__ -   label: 3
08/15/2023 21:08:02 - DEBUG - __main__ -   pred: 3
08/15/2023 21:08:02 - DEBUG - __main__ -   label: 5
08/15/2023 21:08:02 - DEBUG - __main__ -   pred: 5
08/15/2023 21:08:02 - DEBUG - __main__ -   label: 5
08/15/2023 21:08:02 - DEBUG - __main__ -   pred: 5
08/15/2023 21:08:02 - DEBUG - __main__ -   label: 4
08/15/2023 21:08:02 - DEBUG - __main__ -   pred: 3
08/15/2023 21:08:02 - DEBUG - __main__ -   label: 5
08/15/2023 21:08:02 - DEBUG - __main__ -   pred: 5
08/15/2023 21:08:02 - DEBUG - __main__ -   label: 4
08/15/2023 21:08:02 - DEBUG - __main__ -   pred: 4
08/15/2023 21:08:02 - DEBUG - __main__ -   label: 6
08/15/2023 21:08:02 - DEBUG - __main__ -   pred: 4
08/15/2023 21:08:02 - DEBUG - __main__ -   label: 5
08/15/2023 21:08:02 - DEBUG - __main__ -   pred: 4
08/15/2023 21:08:02 - DEBUG - __main__ -   label: 3
08/15/2023 21:08:02 - DEBUG - __main__ -   pred: 3
08/15/2023 21:08:02 - DEBUG - __main__ -   label: 4
08/15/2023 21:08:02 - DEBUG - __main__ -   pred: 4
08/15/2023 21:08:02 - DEBUG - __main__ -   label: 5
08/15/2023 21:08:02 - DEBUG - __main__ -   pred: 4
08/15/2023 21:08:02 - DEBUG - __main__ -   label: 5
08/15/2023 21:08:02 - DEBUG - __main__ -   pred: 4
08/15/2023 21:08:02 - DEBUG - __main__ -   label: 1
08/15/2023 21:08:02 - DEBUG - __main__ -   pred: 1
08/15/2023 21:08:02 - DEBUG - __main__ -   label: 3
08/15/2023 21:08:02 - DEBUG - __main__ -   pred: 2
08/15/2023 21:08:02 - DEBUG - __main__ -   label: 3
08/15/2023 21:08:02 - DEBUG - __main__ -   pred: 4
08/15/2023 21:08:02 - DEBUG - __main__ -   label: 4
08/15/2023 21:08:02 - DEBUG - __main__ -   pred: 4
08/15/2023 21:08:02 - DEBUG - __main__ -   label: 2
08/15/2023 21:08:02 - DEBUG - __main__ -   pred: 3
08/15/2023 21:08:02 - DEBUG - __main__ -   label: 2
08/15/2023 21:08:02 - DEBUG - __main__ -   pred: 2
08/15/2023 21:08:02 - DEBUG - __main__ -   label: 0
08/15/2023 21:08:02 - DEBUG - __main__ -   pred: 1
08/15/2023 21:08:02 - DEBUG - __main__ -   label: 4
08/15/2023 21:08:02 - DEBUG - __main__ -   pred: 4
08/15/2023 21:08:02 - DEBUG - __main__ -   label: 3
08/15/2023 21:08:02 - DEBUG - __main__ -   pred: 3
08/15/2023 21:08:02 - DEBUG - __main__ -   label: 4
08/15/2023 21:08:02 - DEBUG - __main__ -   pred: 2
08/15/2023 21:08:02 - DEBUG - __main__ -   label: 2
08/15/2023 21:08:02 - DEBUG - __main__ -   pred: 3
08/15/2023 21:08:02 - DEBUG - __main__ -   label: 2
08/15/2023 21:08:02 - DEBUG - __main__ -   pred: 2
08/15/2023 21:08:02 - DEBUG - __main__ -   label: 2
08/15/2023 21:08:02 - DEBUG - __main__ -   pred: 2
08/15/2023 21:08:02 - DEBUG - __main__ -   label: 3
08/15/2023 21:08:02 - DEBUG - __main__ -   pred: 3
08/15/2023 21:08:02 - DEBUG - __main__ -   label: 2
08/15/2023 21:08:02 - DEBUG - __main__ -   pred: 2
08/15/2023 21:08:02 - DEBUG - __main__ -   label: 1
08/15/2023 21:08:02 - DEBUG - __main__ -   pred: 2
08/15/2023 21:08:02 - DEBUG - __main__ -   label: 1
08/15/2023 21:08:02 - DEBUG - __main__ -   pred: 2
08/15/2023 21:08:02 - DEBUG - __main__ -   label: 2
08/15/2023 21:08:02 - DEBUG - __main__ -   pred: 2
08/15/2023 21:08:02 - DEBUG - __main__ -   label: 1
08/15/2023 21:08:02 - DEBUG - __main__ -   pred: 1
08/15/2023 21:08:02 - DEBUG - __main__ -   label: 2
08/15/2023 21:08:02 - DEBUG - __main__ -   pred: 2
08/15/2023 21:08:02 - DEBUG - __main__ -   label: 1
08/15/2023 21:08:02 - DEBUG - __main__ -   pred: 2
08/15/2023 21:08:02 - DEBUG - __main__ -   label: 1
08/15/2023 21:08:02 - DEBUG - __main__ -   pred: 1
08/15/2023 21:08:02 - DEBUG - __main__ -   label: 1
08/15/2023 21:08:02 - DEBUG - __main__ -   pred: 1
08/15/2023 21:08:02 - DEBUG - __main__ -   label: 3
08/15/2023 21:08:02 - DEBUG - __main__ -   pred: 2
08/15/2023 21:08:02 - DEBUG - __main__ -   label: 3
08/15/2023 21:08:02 - DEBUG - __main__ -   pred: 3
08/15/2023 21:08:02 - DEBUG - __main__ -   label: 3
08/15/2023 21:08:02 - DEBUG - __main__ -   pred: 2
08/15/2023 21:08:02 - DEBUG - __main__ -   label: 5
08/15/2023 21:08:02 - DEBUG - __main__ -   pred: 4
08/15/2023 21:08:02 - DEBUG - __main__ -   label: 5
08/15/2023 21:08:02 - DEBUG - __main__ -   pred: 5
08/15/2023 21:08:02 - DEBUG - __main__ -   label: 4
08/15/2023 21:08:02 - DEBUG - __main__ -   pred: 3
08/15/2023 21:08:02 - DEBUG - __main__ -   label: 3
08/15/2023 21:08:02 - DEBUG - __main__ -   pred: 4
08/15/2023 21:08:02 - DEBUG - __main__ -   label: 5
08/15/2023 21:08:02 - DEBUG - __main__ -   pred: 4
08/15/2023 21:08:02 - DEBUG - __main__ -   label: 6
08/15/2023 21:08:02 - DEBUG - __main__ -   pred: 5
08/15/2023 21:08:02 - DEBUG - __main__ -   label: 3
08/15/2023 21:08:02 - DEBUG - __main__ -   pred: 3
08/15/2023 21:08:02 - DEBUG - __main__ -   label: 4
08/15/2023 21:08:02 - DEBUG - __main__ -   pred: 3
08/15/2023 21:08:02 - DEBUG - __main__ -   label: 6
08/15/2023 21:08:02 - DEBUG - __main__ -   pred: 5
08/15/2023 21:08:02 - DEBUG - __main__ -   label: 3
08/15/2023 21:08:02 - DEBUG - __main__ -   pred: 4
08/15/2023 21:08:02 - DEBUG - __main__ -   label: 5
08/15/2023 21:08:02 - DEBUG - __main__ -   pred: 4
08/15/2023 21:08:02 - DEBUG - __main__ -   label: 5
08/15/2023 21:08:02 - DEBUG - __main__ -   pred: 3
08/15/2023 21:08:02 - DEBUG - __main__ -   label: 3
08/15/2023 21:08:02 - DEBUG - __main__ -   pred: 3
08/15/2023 21:08:02 - DEBUG - __main__ -   label: 3
08/15/2023 21:08:02 - DEBUG - __main__ -   pred: 3
08/15/2023 21:08:02 - DEBUG - __main__ -   label: 5
08/15/2023 21:08:02 - DEBUG - __main__ -   pred: 4
08/15/2023 21:08:02 - DEBUG - __main__ -   label: 3
08/15/2023 21:08:02 - DEBUG - __main__ -   pred: 2
08/15/2023 21:08:02 - DEBUG - __main__ -   label: 2
08/15/2023 21:08:02 - DEBUG - __main__ -   pred: 3
08/15/2023 21:08:02 - DEBUG - __main__ -   label: 2
08/15/2023 21:08:02 - DEBUG - __main__ -   pred: 1
08/15/2023 21:08:02 - DEBUG - __main__ -   label: 4
08/15/2023 21:08:02 - DEBUG - __main__ -   pred: 3
08/15/2023 21:08:02 - DEBUG - __main__ -   label: 2
08/15/2023 21:08:02 - DEBUG - __main__ -   pred: 2
08/15/2023 21:08:02 - DEBUG - __main__ -   label: 4
08/15/2023 21:08:02 - DEBUG - __main__ -   pred: 3
08/15/2023 21:08:02 - DEBUG - __main__ -   label: 2
08/15/2023 21:08:02 - DEBUG - __main__ -   pred: 2
08/15/2023 21:08:02 - DEBUG - __main__ -   label: 3
08/15/2023 21:08:02 - DEBUG - __main__ -   pred: 2
08/15/2023 21:08:02 - DEBUG - __main__ -   label: 3
08/15/2023 21:08:02 - DEBUG - __main__ -   pred: 2
08/15/2023 21:08:02 - DEBUG - __main__ -   label: 3
08/15/2023 21:08:02 - DEBUG - __main__ -   pred: 2
08/15/2023 21:08:02 - DEBUG - __main__ -   label: 3
08/15/2023 21:08:02 - DEBUG - __main__ -   pred: 2
08/15/2023 21:08:02 - DEBUG - __main__ -   label: 3
08/15/2023 21:08:02 - DEBUG - __main__ -   pred: 2
08/15/2023 21:08:02 - DEBUG - __main__ -   label: 3
08/15/2023 21:08:02 - DEBUG - __main__ -   pred: 2
08/15/2023 21:08:02 - DEBUG - __main__ -   label: 2
08/15/2023 21:08:02 - DEBUG - __main__ -   pred: 1
08/15/2023 21:08:02 - DEBUG - __main__ -   label: 4
08/15/2023 21:08:02 - DEBUG - __main__ -   pred: 2
08/15/2023 21:08:02 - DEBUG - __main__ -   label: 3
08/15/2023 21:08:02 - DEBUG - __main__ -   pred: 1
08/15/2023 21:08:02 - DEBUG - __main__ -   label: 2
08/15/2023 21:08:02 - DEBUG - __main__ -   pred: 1
08/15/2023 21:08:02 - DEBUG - __main__ -   label: 3
08/15/2023 21:08:02 - DEBUG - __main__ -   pred: 2
08/15/2023 21:08:02 - DEBUG - __main__ -   label: 3
08/15/2023 21:08:02 - DEBUG - __main__ -   pred: 2
08/15/2023 21:08:02 - DEBUG - __main__ -   label: 4
08/15/2023 21:08:02 - DEBUG - __main__ -   pred: 2
08/15/2023 21:08:02 - DEBUG - __main__ -   label: 4
08/15/2023 21:08:02 - DEBUG - __main__ -   pred: 1
08/15/2023 21:08:02 - DEBUG - __main__ -   label: 3
08/15/2023 21:08:02 - DEBUG - __main__ -   pred: 2
08/15/2023 21:08:02 - DEBUG - __main__ -   label: 1
08/15/2023 21:08:02 - DEBUG - __main__ -   pred: 1
08/15/2023 21:08:02 - DEBUG - __main__ -   label: 3
08/15/2023 21:08:02 - DEBUG - __main__ -   pred: 2
08/15/2023 21:08:02 - DEBUG - __main__ -   label: 3
08/15/2023 21:08:02 - DEBUG - __main__ -   pred: 2
08/15/2023 21:08:02 - DEBUG - __main__ -   label: 2
08/15/2023 21:08:02 - DEBUG - __main__ -   pred: 2
08/15/2023 21:08:02 - DEBUG - __main__ -   label: 4
08/15/2023 21:08:02 - DEBUG - __main__ -   pred: 4
08/15/2023 21:08:02 - DEBUG - __main__ -   label: 4
08/15/2023 21:08:02 - DEBUG - __main__ -   pred: 5
08/15/2023 21:08:02 - DEBUG - __main__ -   label: 5
08/15/2023 21:08:02 - DEBUG - __main__ -   pred: 3
08/15/2023 21:08:02 - DEBUG - __main__ -   label: 4
08/15/2023 21:08:02 - DEBUG - __main__ -   pred: 4
08/15/2023 21:08:02 - DEBUG - __main__ -   label: 3
08/15/2023 21:08:02 - DEBUG - __main__ -   pred: 3
08/15/2023 21:08:02 - DEBUG - __main__ -   label: 6
08/15/2023 21:08:02 - DEBUG - __main__ -   pred: 5
08/15/2023 21:08:02 - DEBUG - __main__ -   label: 4
08/15/2023 21:08:02 - DEBUG - __main__ -   pred: 3
08/15/2023 21:08:02 - DEBUG - __main__ -   label: 2
08/15/2023 21:08:02 - DEBUG - __main__ -   pred: 3
08/15/2023 21:08:02 - DEBUG - __main__ -   label: 2
08/15/2023 21:08:02 - DEBUG - __main__ -   pred: 2
08/15/2023 21:08:02 - DEBUG - __main__ -   label: 1
08/15/2023 21:08:02 - DEBUG - __main__ -   pred: 2
08/15/2023 21:08:02 - DEBUG - __main__ -   label: 2
08/15/2023 21:08:02 - DEBUG - __main__ -   pred: 2
08/15/2023 21:08:02 - DEBUG - __main__ -   label: 1
08/15/2023 21:08:02 - DEBUG - __main__ -   pred: 3
08/15/2023 21:08:02 - DEBUG - __main__ -   label: 1
08/15/2023 21:08:02 - DEBUG - __main__ -   pred: 1
08/15/2023 21:08:02 - DEBUG - __main__ -   label: 2
08/15/2023 21:08:02 - DEBUG - __main__ -   pred: 3
08/15/2023 21:08:02 - DEBUG - __main__ -   label: 1
08/15/2023 21:08:02 - DEBUG - __main__ -   pred: 2
08/15/2023 21:08:02 - DEBUG - __main__ -   label: 2
08/15/2023 21:08:02 - DEBUG - __main__ -   pred: 2
08/15/2023 21:08:02 - DEBUG - __main__ -   label: 4
08/15/2023 21:08:02 - DEBUG - __main__ -   pred: 3
08/15/2023 21:08:02 - DEBUG - __main__ -   label: 4
08/15/2023 21:08:02 - DEBUG - __main__ -   pred: 4
08/15/2023 21:08:02 - DEBUG - __main__ -   label: 4
08/15/2023 21:08:02 - DEBUG - __main__ -   pred: 5
08/15/2023 21:08:02 - DEBUG - __main__ -   label: 5
08/15/2023 21:08:02 - DEBUG - __main__ -   pred: 5
08/15/2023 21:08:02 - DEBUG - __main__ -   label: 3
08/15/2023 21:08:02 - DEBUG - __main__ -   pred: 5
08/15/2023 21:08:02 - DEBUG - __main__ -   label: 4
08/15/2023 21:08:02 - DEBUG - __main__ -   pred: 5
08/15/2023 21:08:02 - DEBUG - __main__ -   label: 1
08/15/2023 21:08:02 - DEBUG - __main__ -   pred: 2
08/15/2023 21:08:02 - DEBUG - __main__ -   label: 6
08/15/2023 21:08:02 - DEBUG - __main__ -   pred: 5
08/15/2023 21:08:02 - DEBUG - __main__ -   label: 3
08/15/2023 21:08:02 - DEBUG - __main__ -   pred: 5
08/15/2023 21:08:02 - DEBUG - __main__ -   label: 4
08/15/2023 21:08:02 - DEBUG - __main__ -   pred: 5
08/15/2023 21:08:02 - DEBUG - __main__ -   label: 5
08/15/2023 21:08:02 - DEBUG - __main__ -   pred: 5
08/15/2023 21:08:02 - DEBUG - __main__ -   label: 4
08/15/2023 21:08:02 - DEBUG - __main__ -   pred: 5
08/15/2023 21:08:02 - DEBUG - __main__ -   label: 4
08/15/2023 21:08:02 - DEBUG - __main__ -   pred: 5
08/15/2023 21:08:02 - DEBUG - __main__ -   label: 6
08/15/2023 21:08:02 - DEBUG - __main__ -   pred: 5
08/15/2023 21:08:02 - DEBUG - __main__ -   label: 3
08/15/2023 21:08:02 - DEBUG - __main__ -   pred: 4
08/15/2023 21:08:02 - DEBUG - __main__ -   label: 5
08/15/2023 21:08:02 - DEBUG - __main__ -   pred: 4
08/15/2023 21:08:02 - DEBUG - __main__ -   label: 5
08/15/2023 21:08:02 - DEBUG - __main__ -   pred: 4
08/15/2023 21:08:02 - DEBUG - __main__ -   label: 3
08/15/2023 21:08:02 - DEBUG - __main__ -   pred: 4
08/15/2023 21:08:02 - DEBUG - __main__ -   label: 5
08/15/2023 21:08:02 - DEBUG - __main__ -   pred: 4
08/15/2023 21:08:02 - DEBUG - __main__ -   label: 5
08/15/2023 21:08:02 - DEBUG - __main__ -   pred: 4
08/15/2023 21:08:02 - DEBUG - __main__ -   label: 3
08/15/2023 21:08:02 - DEBUG - __main__ -   pred: 4
08/15/2023 21:08:02 - DEBUG - __main__ -   label: 4
08/15/2023 21:08:02 - DEBUG - __main__ -   pred: 4
08/15/2023 21:08:02 - DEBUG - __main__ -   label: 4
08/15/2023 21:08:02 - DEBUG - __main__ -   pred: 5
08/15/2023 21:08:02 - DEBUG - __main__ -   label: 4
08/15/2023 21:08:02 - DEBUG - __main__ -   pred: 4
08/15/2023 21:08:02 - DEBUG - __main__ -   label: 5
08/15/2023 21:08:02 - DEBUG - __main__ -   pred: 4
08/15/2023 21:08:02 - DEBUG - __main__ -   label: 3
08/15/2023 21:08:02 - DEBUG - __main__ -   pred: 3
08/15/2023 21:08:02 - DEBUG - __main__ -   label: 4
08/15/2023 21:08:02 - DEBUG - __main__ -   pred: 4
08/15/2023 21:08:02 - DEBUG - __main__ -   label: 5
08/15/2023 21:08:02 - DEBUG - __main__ -   pred: 4
08/15/2023 21:08:02 - DEBUG - __main__ -   label: 4
08/15/2023 21:08:02 - DEBUG - __main__ -   pred: 4
08/15/2023 21:08:02 - DEBUG - __main__ -   label: 5
08/15/2023 21:08:02 - DEBUG - __main__ -   pred: 4
08/15/2023 21:08:02 - DEBUG - __main__ -   label: 4
08/15/2023 21:08:02 - DEBUG - __main__ -   pred: 4
08/15/2023 21:08:02 - DEBUG - __main__ -   label: 4
08/15/2023 21:08:02 - DEBUG - __main__ -   pred: 3
08/15/2023 21:08:02 - DEBUG - __main__ -   label: 5
08/15/2023 21:08:02 - DEBUG - __main__ -   pred: 4
08/15/2023 21:08:02 - DEBUG - __main__ -   label: 5
08/15/2023 21:08:02 - DEBUG - __main__ -   pred: 4
08/15/2023 21:08:02 - DEBUG - __main__ -   label: 4
08/15/2023 21:08:02 - DEBUG - __main__ -   pred: 4
08/15/2023 21:08:02 - DEBUG - __main__ -   label: 5
08/15/2023 21:08:02 - DEBUG - __main__ -   pred: 5
08/15/2023 21:08:02 - DEBUG - __main__ -   label: 2
08/15/2023 21:08:02 - DEBUG - __main__ -   pred: 2
08/15/2023 21:08:02 - DEBUG - __main__ -   label: 3
08/15/2023 21:08:02 - DEBUG - __main__ -   pred: 2
08/15/2023 21:08:02 - DEBUG - __main__ -   label: 2
08/15/2023 21:08:02 - DEBUG - __main__ -   pred: 2
08/15/2023 21:08:02 - DEBUG - __main__ -   label: 3
08/15/2023 21:08:02 - DEBUG - __main__ -   pred: 2
08/15/2023 21:08:02 - DEBUG - __main__ -   label: 1
08/15/2023 21:08:02 - DEBUG - __main__ -   pred: 1
08/15/2023 21:08:02 - DEBUG - __main__ -   label: 2
08/15/2023 21:08:02 - DEBUG - __main__ -   pred: 1
08/15/2023 21:08:02 - DEBUG - __main__ -   label: 3
08/15/2023 21:08:02 - DEBUG - __main__ -   pred: 1
08/15/2023 21:08:02 - DEBUG - __main__ -   label: 3
08/15/2023 21:08:02 - DEBUG - __main__ -   pred: 1
08/15/2023 21:08:02 - DEBUG - __main__ -   label: 3
08/15/2023 21:08:02 - DEBUG - __main__ -   pred: 2
08/15/2023 21:08:02 - DEBUG - __main__ -   label: 2
08/15/2023 21:08:02 - DEBUG - __main__ -   pred: 3
08/15/2023 21:08:02 - DEBUG - __main__ -   label: 3
08/15/2023 21:08:02 - DEBUG - __main__ -   pred: 1
08/15/2023 21:08:02 - DEBUG - __main__ -   label: 4
08/15/2023 21:08:02 - DEBUG - __main__ -   pred: 4
08/15/2023 21:08:02 - DEBUG - __main__ -   label: 4
08/15/2023 21:08:02 - DEBUG - __main__ -   pred: 4
08/15/2023 21:08:02 - DEBUG - __main__ -   label: 3
08/15/2023 21:08:02 - DEBUG - __main__ -   pred: 5
08/15/2023 21:08:02 - DEBUG - __main__ -   label: 3
08/15/2023 21:08:02 - DEBUG - __main__ -   pred: 4
08/15/2023 21:08:02 - DEBUG - __main__ -   label: 1
08/15/2023 21:08:02 - DEBUG - __main__ -   pred: 2
08/15/2023 21:08:02 - DEBUG - __main__ -   label: 1
08/15/2023 21:08:02 - DEBUG - __main__ -   pred: 3
08/15/2023 21:08:02 - DEBUG - __main__ -   label: 1
08/15/2023 21:08:02 - DEBUG - __main__ -   pred: 2
08/15/2023 21:08:02 - DEBUG - __main__ -   label: 1
08/15/2023 21:08:02 - DEBUG - __main__ -   pred: 2
08/15/2023 21:08:02 - DEBUG - __main__ -   label: 1
08/15/2023 21:08:02 - DEBUG - __main__ -   pred: 1
08/15/2023 21:08:02 - DEBUG - __main__ -   label: 1
08/15/2023 21:08:02 - DEBUG - __main__ -   pred: 1
08/15/2023 21:08:02 - DEBUG - __main__ -   label: 1
08/15/2023 21:08:02 - DEBUG - __main__ -   pred: 2
08/15/2023 21:08:02 - DEBUG - __main__ -   label: 1
08/15/2023 21:08:02 - DEBUG - __main__ -   pred: 1
08/15/2023 21:08:02 - DEBUG - __main__ -   label: 1
08/15/2023 21:08:02 - DEBUG - __main__ -   pred: 1
08/15/2023 21:08:02 - DEBUG - __main__ -   label: 1
08/15/2023 21:08:02 - DEBUG - __main__ -   pred: 1
08/15/2023 21:08:02 - DEBUG - __main__ -   label: 2
08/15/2023 21:08:02 - DEBUG - __main__ -   pred: 3
08/15/2023 21:08:02 - DEBUG - __main__ -   label: 2
08/15/2023 21:08:02 - DEBUG - __main__ -   pred: 1
08/15/2023 21:08:02 - DEBUG - __main__ -   label: 2
08/15/2023 21:08:02 - DEBUG - __main__ -   pred: 2
08/15/2023 21:08:02 - DEBUG - __main__ -   label: 4
08/15/2023 21:08:02 - DEBUG - __main__ -   pred: 5
08/15/2023 21:08:02 - DEBUG - __main__ -   label: 4
08/15/2023 21:08:02 - DEBUG - __main__ -   pred: 4
08/15/2023 21:08:02 - DEBUG - __main__ -   label: 3
08/15/2023 21:08:02 - DEBUG - __main__ -   pred: 5
08/15/2023 21:08:02 - DEBUG - __main__ -   label: 4
08/15/2023 21:08:02 - DEBUG - __main__ -   pred: 5
08/15/2023 21:08:02 - DEBUG - __main__ -   label: 4
08/15/2023 21:08:02 - DEBUG - __main__ -   pred: 5
08/15/2023 21:08:02 - DEBUG - __main__ -   label: 2
08/15/2023 21:08:02 - DEBUG - __main__ -   pred: 3
08/15/2023 21:08:02 - DEBUG - __main__ -   label: 2
08/15/2023 21:08:02 - DEBUG - __main__ -   pred: 1
08/15/2023 21:08:02 - DEBUG - __main__ -   label: 1
08/15/2023 21:08:02 - DEBUG - __main__ -   pred: 2
08/15/2023 21:08:02 - DEBUG - __main__ -   label: 1
08/15/2023 21:08:02 - DEBUG - __main__ -   pred: 2
08/15/2023 21:08:02 - DEBUG - __main__ -   label: 2
08/15/2023 21:08:02 - DEBUG - __main__ -   pred: 3
08/15/2023 21:08:02 - DEBUG - __main__ -   label: 1
08/15/2023 21:08:02 - DEBUG - __main__ -   pred: 2
08/15/2023 21:08:02 - DEBUG - __main__ -   label: 2
08/15/2023 21:08:02 - DEBUG - __main__ -   pred: 2
08/15/2023 21:08:02 - DEBUG - __main__ -   label: 1
08/15/2023 21:08:02 - DEBUG - __main__ -   pred: 2
08/15/2023 21:08:02 - DEBUG - __main__ -   label: 2
08/15/2023 21:08:02 - DEBUG - __main__ -   pred: 1
08/15/2023 21:08:02 - DEBUG - __main__ -   label: 1
08/15/2023 21:08:02 - DEBUG - __main__ -   pred: 1
08/15/2023 21:08:02 - DEBUG - __main__ -   label: 1
08/15/2023 21:08:02 - DEBUG - __main__ -   pred: 1
08/15/2023 21:08:02 - DEBUG - __main__ -   label: 2
08/15/2023 21:08:02 - DEBUG - __main__ -   pred: 2
08/15/2023 21:08:02 - DEBUG - __main__ -   label: 3
08/15/2023 21:08:02 - DEBUG - __main__ -   pred: 3
08/15/2023 21:08:02 - DEBUG - __main__ -   label: 1
08/15/2023 21:08:02 - DEBUG - __main__ -   pred: 1
08/15/2023 21:08:02 - DEBUG - __main__ -   label: 2
08/15/2023 21:08:02 - DEBUG - __main__ -   pred: 2
08/15/2023 21:08:02 - DEBUG - __main__ -   label: 2
08/15/2023 21:08:02 - DEBUG - __main__ -   pred: 1
08/15/2023 21:08:02 - DEBUG - __main__ -   label: 1
08/15/2023 21:08:02 - DEBUG - __main__ -   pred: 1
08/15/2023 21:08:02 - DEBUG - __main__ -   label: 1
08/15/2023 21:08:02 - DEBUG - __main__ -   pred: 4
08/15/2023 21:08:02 - DEBUG - __main__ -   label: 1
08/15/2023 21:08:02 - DEBUG - __main__ -   pred: 1
08/15/2023 21:08:02 - DEBUG - __main__ -   label: 1
08/15/2023 21:08:02 - DEBUG - __main__ -   pred: 1
08/15/2023 21:08:02 - DEBUG - __main__ -   label: 1
08/15/2023 21:08:02 - DEBUG - __main__ -   pred: 1
08/15/2023 21:08:02 - DEBUG - __main__ -   label: 3
08/15/2023 21:08:02 - DEBUG - __main__ -   pred: 3
08/15/2023 21:08:02 - DEBUG - __main__ -   label: 2
08/15/2023 21:08:02 - DEBUG - __main__ -   pred: 3
08/15/2023 21:08:02 - DEBUG - __main__ -   label: 1
08/15/2023 21:08:02 - DEBUG - __main__ -   pred: 1
08/15/2023 21:08:02 - DEBUG - __main__ -   label: 2
08/15/2023 21:08:02 - DEBUG - __main__ -   pred: 1
08/15/2023 21:08:02 - DEBUG - __main__ -   label: 4
08/15/2023 21:08:02 - DEBUG - __main__ -   pred: 5
08/15/2023 21:08:02 - DEBUG - __main__ -   label: 2
08/15/2023 21:08:02 - DEBUG - __main__ -   pred: 3
08/15/2023 21:08:02 - DEBUG - __main__ -   label: 4
08/15/2023 21:08:02 - DEBUG - __main__ -   pred: 4
08/15/2023 21:08:02 - DEBUG - __main__ -   label: 3
08/15/2023 21:08:02 - DEBUG - __main__ -   pred: 3
08/15/2023 21:08:02 - DEBUG - __main__ -   label: 2
08/15/2023 21:08:02 - DEBUG - __main__ -   pred: 2
08/15/2023 21:08:02 - DEBUG - __main__ -   label: 4
08/15/2023 21:08:02 - DEBUG - __main__ -   pred: 3
08/15/2023 21:08:02 - DEBUG - __main__ -   label: 5
08/15/2023 21:08:02 - DEBUG - __main__ -   pred: 5
08/15/2023 21:08:02 - DEBUG - __main__ -   label: 5
08/15/2023 21:08:02 - DEBUG - __main__ -   pred: 5
08/15/2023 21:08:02 - DEBUG - __main__ -   label: 4
08/15/2023 21:08:02 - DEBUG - __main__ -   pred: 5
08/15/2023 21:08:02 - DEBUG - __main__ -   label: 4
08/15/2023 21:08:02 - DEBUG - __main__ -   pred: 3
08/15/2023 21:08:02 - DEBUG - __main__ -   label: 4
08/15/2023 21:08:02 - DEBUG - __main__ -   pred: 5
08/15/2023 21:08:02 - DEBUG - __main__ -   label: 5
08/15/2023 21:08:02 - DEBUG - __main__ -   pred: 4
08/15/2023 21:08:02 - DEBUG - __main__ -   label: 3
08/15/2023 21:08:02 - DEBUG - __main__ -   pred: 4
08/15/2023 21:08:02 - DEBUG - __main__ -   label: 5
08/15/2023 21:08:02 - DEBUG - __main__ -   pred: 4
08/15/2023 21:08:02 - DEBUG - __main__ -   label: 4
08/15/2023 21:08:02 - DEBUG - __main__ -   pred: 5
08/15/2023 21:08:02 - DEBUG - __main__ -   label: 1
08/15/2023 21:08:02 - DEBUG - __main__ -   pred: 2
08/15/2023 21:08:02 - DEBUG - __main__ -   label: 2
08/15/2023 21:08:02 - DEBUG - __main__ -   pred: 2
08/15/2023 21:08:02 - DEBUG - __main__ -   label: 0
08/15/2023 21:08:02 - DEBUG - __main__ -   pred: 1
08/15/2023 21:08:02 - DEBUG - __main__ -   label: 0
08/15/2023 21:08:02 - DEBUG - __main__ -   pred: 3
08/15/2023 21:08:02 - DEBUG - __main__ -   label: 0
08/15/2023 21:08:02 - DEBUG - __main__ -   pred: 3
08/15/2023 21:08:02 - DEBUG - __main__ -   label: 0
08/15/2023 21:08:02 - DEBUG - __main__ -   pred: 2
08/15/2023 21:08:02 - DEBUG - __main__ -   label: 1
08/15/2023 21:08:02 - DEBUG - __main__ -   pred: 2
08/15/2023 21:08:02 - DEBUG - __main__ -   label: 1
08/15/2023 21:08:02 - DEBUG - __main__ -   pred: 1
08/15/2023 21:08:02 - DEBUG - __main__ -   label: 1
08/15/2023 21:08:02 - DEBUG - __main__ -   pred: 1
08/15/2023 21:08:02 - DEBUG - __main__ -   label: 1
08/15/2023 21:08:02 - DEBUG - __main__ -   pred: 3
08/15/2023 21:08:02 - DEBUG - __main__ -   label: 0
08/15/2023 21:08:02 - DEBUG - __main__ -   pred: 1
08/15/2023 21:08:02 - DEBUG - __main__ -   label: 1
08/15/2023 21:08:02 - DEBUG - __main__ -   pred: 1
08/15/2023 21:08:02 - DEBUG - __main__ -   label: 0
08/15/2023 21:08:02 - DEBUG - __main__ -   pred: 1
08/15/2023 21:08:02 - DEBUG - __main__ -   label: 0
08/15/2023 21:08:02 - DEBUG - __main__ -   pred: 2
08/15/2023 21:08:02 - DEBUG - __main__ -   label: 1
08/15/2023 21:08:02 - DEBUG - __main__ -   pred: 1
08/15/2023 21:08:02 - DEBUG - __main__ -   label: 1
08/15/2023 21:08:02 - DEBUG - __main__ -   pred: 1
08/15/2023 21:08:02 - DEBUG - __main__ -   label: 1
08/15/2023 21:08:02 - DEBUG - __main__ -   pred: 2
08/15/2023 21:08:02 - DEBUG - __main__ -   label: 2
08/15/2023 21:08:02 - DEBUG - __main__ -   pred: 1
08/15/2023 21:08:02 - DEBUG - __main__ -   label: 1
08/15/2023 21:08:02 - DEBUG - __main__ -   pred: 2
08/15/2023 21:08:02 - DEBUG - __main__ -   label: 1
08/15/2023 21:08:02 - DEBUG - __main__ -   pred: 2
08/15/2023 21:08:02 - DEBUG - __main__ -   label: 1
08/15/2023 21:08:02 - DEBUG - __main__ -   pred: 2
08/15/2023 21:08:02 - DEBUG - __main__ -   label: 2
08/15/2023 21:08:02 - DEBUG - __main__ -   pred: 2
08/15/2023 21:08:02 - DEBUG - __main__ -   label: 2
08/15/2023 21:08:02 - DEBUG - __main__ -   pred: 2
08/15/2023 21:08:02 - DEBUG - __main__ -   label: 4
08/15/2023 21:08:02 - DEBUG - __main__ -   pred: 5
08/15/2023 21:08:02 - DEBUG - __main__ -   label: 5
08/15/2023 21:08:02 - DEBUG - __main__ -   pred: 5
08/15/2023 21:08:02 - DEBUG - __main__ -   label: 5
08/15/2023 21:08:02 - DEBUG - __main__ -   pred: 4
08/15/2023 21:08:02 - DEBUG - __main__ -   label: 4
08/15/2023 21:08:02 - DEBUG - __main__ -   pred: 4
08/15/2023 21:08:02 - DEBUG - __main__ -   label: 2
08/15/2023 21:08:02 - DEBUG - __main__ -   pred: 3
08/15/2023 21:08:02 - DEBUG - __main__ -   label: 5
08/15/2023 21:08:02 - DEBUG - __main__ -   pred: 5
08/15/2023 21:08:02 - DEBUG - __main__ -   label: 4
08/15/2023 21:08:02 - DEBUG - __main__ -   pred: 3
08/15/2023 21:08:02 - DEBUG - __main__ -   label: 5
08/15/2023 21:08:02 - DEBUG - __main__ -   pred: 5
08/15/2023 21:08:02 - DEBUG - __main__ -   label: 5
08/15/2023 21:08:02 - DEBUG - __main__ -   pred: 5
08/15/2023 21:08:02 - DEBUG - __main__ -   label: 5
08/15/2023 21:08:02 - DEBUG - __main__ -   pred: 5
08/15/2023 21:08:02 - DEBUG - __main__ -   label: 4
08/15/2023 21:08:02 - DEBUG - __main__ -   pred: 4
08/15/2023 21:08:02 - DEBUG - __main__ -   label: 1
08/15/2023 21:08:02 - DEBUG - __main__ -   pred: 1
08/15/2023 21:08:02 - DEBUG - __main__ -   label: 2
08/15/2023 21:08:02 - DEBUG - __main__ -   pred: 2
08/15/2023 21:08:02 - DEBUG - __main__ -   label: 1
08/15/2023 21:08:02 - DEBUG - __main__ -   pred: 3
08/15/2023 21:08:02 - DEBUG - __main__ -   label: 2
08/15/2023 21:08:02 - DEBUG - __main__ -   pred: 3
08/15/2023 21:08:02 - DEBUG - __main__ -   label: 2
08/15/2023 21:08:02 - DEBUG - __main__ -   pred: 1
08/15/2023 21:08:02 - DEBUG - __main__ -   label: 2
08/15/2023 21:08:02 - DEBUG - __main__ -   pred: 2
08/15/2023 21:08:02 - DEBUG - __main__ -   label: 2
08/15/2023 21:08:02 - DEBUG - __main__ -   pred: 2
08/15/2023 21:08:02 - DEBUG - __main__ -   label: 4
08/15/2023 21:08:02 - DEBUG - __main__ -   pred: 4
08/15/2023 21:08:02 - DEBUG - __main__ -   label: 3
08/15/2023 21:08:02 - DEBUG - __main__ -   pred: 3
08/15/2023 21:08:02 - DEBUG - __main__ -   label: 4
08/15/2023 21:08:02 - DEBUG - __main__ -   pred: 5
08/15/2023 21:08:02 - DEBUG - __main__ -   label: 4
08/15/2023 21:08:02 - DEBUG - __main__ -   pred: 5
08/15/2023 21:08:02 - DEBUG - __main__ -   label: 4
08/15/2023 21:08:02 - DEBUG - __main__ -   pred: 5
08/15/2023 21:08:02 - DEBUG - __main__ -   label: 3
08/15/2023 21:08:02 - DEBUG - __main__ -   pred: 4
08/15/2023 21:08:02 - DEBUG - __main__ -   label: 2
08/15/2023 21:08:02 - DEBUG - __main__ -   pred: 1
08/15/2023 21:08:02 - DEBUG - __main__ -   label: 3
08/15/2023 21:08:02 - DEBUG - __main__ -   pred: 3
08/15/2023 21:08:02 - DEBUG - __main__ -   label: 4
08/15/2023 21:08:02 - DEBUG - __main__ -   pred: 5
08/15/2023 21:08:02 - DEBUG - __main__ -   label: 2
08/15/2023 21:08:02 - DEBUG - __main__ -   pred: 3
08/15/2023 21:08:02 - DEBUG - __main__ -   label: 2
08/15/2023 21:08:02 - DEBUG - __main__ -   pred: 3
08/15/2023 21:08:02 - DEBUG - __main__ -   label: 1
08/15/2023 21:08:02 - DEBUG - __main__ -   pred: 2
08/15/2023 21:08:02 - DEBUG - __main__ -   label: 2
08/15/2023 21:08:02 - DEBUG - __main__ -   pred: 3
08/15/2023 21:08:02 - DEBUG - __main__ -   label: 2
08/15/2023 21:08:02 - DEBUG - __main__ -   pred: 2
08/15/2023 21:08:02 - DEBUG - __main__ -   label: 2
08/15/2023 21:08:02 - DEBUG - __main__ -   pred: 1
08/15/2023 21:08:02 - DEBUG - __main__ -   label: 2
08/15/2023 21:08:02 - DEBUG - __main__ -   pred: 2
08/15/2023 21:08:02 - DEBUG - __main__ -   label: 2
08/15/2023 21:08:02 - DEBUG - __main__ -   pred: 2
08/15/2023 21:08:02 - DEBUG - __main__ -   label: 2
08/15/2023 21:08:02 - DEBUG - __main__ -   pred: 1
08/15/2023 21:08:02 - DEBUG - __main__ -   label: 3
08/15/2023 21:08:02 - DEBUG - __main__ -   pred: 4
08/15/2023 21:08:02 - DEBUG - __main__ -   label: 1
08/15/2023 21:08:02 - DEBUG - __main__ -   pred: 2
08/15/2023 21:08:02 - DEBUG - __main__ -   label: 3
08/15/2023 21:08:02 - DEBUG - __main__ -   pred: 3
08/15/2023 21:08:02 - DEBUG - __main__ -   label: 2
08/15/2023 21:08:02 - DEBUG - __main__ -   pred: 2
08/15/2023 21:08:02 - DEBUG - __main__ -   label: 3
08/15/2023 21:08:02 - DEBUG - __main__ -   pred: 3
08/15/2023 21:08:02 - DEBUG - __main__ -   label: 3
08/15/2023 21:08:02 - DEBUG - __main__ -   pred: 3
08/15/2023 21:08:02 - DEBUG - __main__ -   label: 4
08/15/2023 21:08:02 - DEBUG - __main__ -   pred: 5
08/15/2023 21:08:02 - DEBUG - __main__ -   label: 4
08/15/2023 21:08:02 - DEBUG - __main__ -   pred: 5
08/15/2023 21:08:02 - DEBUG - __main__ -   label: 4
08/15/2023 21:08:02 - DEBUG - __main__ -   pred: 5
08/15/2023 21:08:02 - DEBUG - __main__ -   label: 2
08/15/2023 21:08:02 - DEBUG - __main__ -   pred: 2
08/15/2023 21:08:02 - DEBUG - __main__ -   label: 3
08/15/2023 21:08:02 - DEBUG - __main__ -   pred: 3
08/15/2023 21:08:02 - DEBUG - __main__ -   label: 2
08/15/2023 21:08:02 - DEBUG - __main__ -   pred: 2
08/15/2023 21:08:02 - DEBUG - __main__ -   label: 3
08/15/2023 21:08:02 - DEBUG - __main__ -   pred: 3
08/15/2023 21:08:02 - DEBUG - __main__ -   label: 1
08/15/2023 21:08:02 - DEBUG - __main__ -   pred: 2
08/15/2023 21:08:02 - DEBUG - __main__ -   label: 1
08/15/2023 21:08:02 - DEBUG - __main__ -   pred: 2
08/15/2023 21:08:02 - DEBUG - __main__ -   label: 0
08/15/2023 21:08:02 - DEBUG - __main__ -   pred: 1
08/15/2023 21:08:02 - DEBUG - __main__ -   label: 3
08/15/2023 21:08:02 - DEBUG - __main__ -   pred: 2
08/15/2023 21:08:02 - DEBUG - __main__ -   label: 2
08/15/2023 21:08:02 - DEBUG - __main__ -   pred: 2
08/15/2023 21:08:02 - DEBUG - __main__ -   label: 3
08/15/2023 21:08:02 - DEBUG - __main__ -   pred: 2
08/15/2023 21:08:02 - DEBUG - __main__ -   label: 3
08/15/2023 21:08:02 - DEBUG - __main__ -   pred: 3
08/15/2023 21:08:02 - DEBUG - __main__ -   label: 2
08/15/2023 21:08:02 - DEBUG - __main__ -   pred: 2
08/15/2023 21:08:02 - DEBUG - __main__ -   label: 2
08/15/2023 21:08:02 - DEBUG - __main__ -   pred: 3
08/15/2023 21:08:02 - DEBUG - __main__ -   label: 2
08/15/2023 21:08:02 - DEBUG - __main__ -   pred: 2
08/15/2023 21:08:02 - DEBUG - __main__ -   label: 2
08/15/2023 21:08:02 - DEBUG - __main__ -   pred: 1
08/15/2023 21:08:02 - DEBUG - __main__ -   label: 1
08/15/2023 21:08:02 - DEBUG - __main__ -   pred: 1
08/15/2023 21:08:02 - DEBUG - __main__ -   label: 3
08/15/2023 21:08:02 - DEBUG - __main__ -   pred: 2
08/15/2023 21:08:02 - DEBUG - __main__ -   label: 1
08/15/2023 21:08:02 - DEBUG - __main__ -   pred: 1
08/15/2023 21:08:02 - DEBUG - __main__ -   label: 1
08/15/2023 21:08:02 - DEBUG - __main__ -   pred: 1
08/15/2023 21:08:02 - DEBUG - __main__ -   label: 1
08/15/2023 21:08:02 - DEBUG - __main__ -   pred: 1
08/15/2023 21:08:02 - DEBUG - __main__ -   label: 2
08/15/2023 21:08:02 - DEBUG - __main__ -   pred: 3
08/15/2023 21:08:02 - DEBUG - __main__ -   label: 2
08/15/2023 21:08:02 - DEBUG - __main__ -   pred: 1
08/15/2023 21:08:02 - DEBUG - __main__ -   label: 2
08/15/2023 21:08:02 - DEBUG - __main__ -   pred: 1
08/15/2023 21:08:02 - DEBUG - __main__ -   label: 2
08/15/2023 21:08:02 - DEBUG - __main__ -   pred: 2
08/15/2023 21:08:02 - DEBUG - __main__ -   label: 2
08/15/2023 21:08:02 - DEBUG - __main__ -   pred: 1
08/15/2023 21:08:02 - DEBUG - __main__ -   label: 5
08/15/2023 21:08:02 - DEBUG - __main__ -   pred: 4
08/15/2023 21:08:02 - DEBUG - __main__ -   label: 5
08/15/2023 21:08:02 - DEBUG - __main__ -   pred: 3
08/15/2023 21:08:02 - DEBUG - __main__ -   label: 3
08/15/2023 21:08:02 - DEBUG - __main__ -   pred: 3
08/15/2023 21:08:02 - DEBUG - __main__ -   label: 5
08/15/2023 21:08:02 - DEBUG - __main__ -   pred: 5
08/15/2023 21:08:02 - DEBUG - __main__ -   label: 4
08/15/2023 21:08:02 - DEBUG - __main__ -   pred: 4
08/15/2023 21:08:02 - DEBUG - __main__ -   label: 5
08/15/2023 21:08:02 - DEBUG - __main__ -   pred: 4
08/15/2023 21:08:02 - DEBUG - __main__ -   label: 2
08/15/2023 21:08:02 - DEBUG - __main__ -   pred: 2
08/15/2023 21:08:02 - DEBUG - __main__ -   label: 1
08/15/2023 21:08:02 - DEBUG - __main__ -   pred: 1
08/15/2023 21:08:02 - DEBUG - __main__ -   label: 2
08/15/2023 21:08:02 - DEBUG - __main__ -   pred: 1
08/15/2023 21:08:02 - DEBUG - __main__ -   label: 2
08/15/2023 21:08:02 - DEBUG - __main__ -   pred: 1
08/15/2023 21:08:02 - DEBUG - __main__ -   label: 1
08/15/2023 21:08:02 - DEBUG - __main__ -   pred: 1
08/15/2023 21:08:02 - DEBUG - __main__ -   label: 1
08/15/2023 21:08:02 - DEBUG - __main__ -   pred: 1
08/15/2023 21:08:02 - DEBUG - __main__ -   label: 2
08/15/2023 21:08:02 - DEBUG - __main__ -   pred: 1
08/15/2023 21:08:02 - DEBUG - __main__ -   label: 3
08/15/2023 21:08:02 - DEBUG - __main__ -   pred: 2
08/15/2023 21:08:02 - DEBUG - __main__ -   label: 3
08/15/2023 21:08:02 - DEBUG - __main__ -   pred: 2
08/15/2023 21:08:02 - DEBUG - __main__ -   label: 2
08/15/2023 21:08:02 - DEBUG - __main__ -   pred: 2
08/15/2023 21:08:02 - DEBUG - __main__ -   label: 2
08/15/2023 21:08:02 - DEBUG - __main__ -   pred: 2
08/15/2023 21:08:02 - DEBUG - __main__ -   label: 3
08/15/2023 21:08:02 - DEBUG - __main__ -   pred: 3
08/15/2023 21:08:02 - DEBUG - __main__ -   label: 2
08/15/2023 21:08:02 - DEBUG - __main__ -   pred: 2
08/15/2023 21:08:02 - DEBUG - __main__ -   label: 3
08/15/2023 21:08:02 - DEBUG - __main__ -   pred: 4
08/15/2023 21:08:02 - DEBUG - __main__ -   label: 4
08/15/2023 21:08:02 - DEBUG - __main__ -   pred: 4
08/15/2023 21:08:02 - DEBUG - __main__ -   label: 3
08/15/2023 21:08:02 - DEBUG - __main__ -   pred: 2
08/15/2023 21:08:02 - DEBUG - __main__ -   label: 2
08/15/2023 21:08:02 - DEBUG - __main__ -   pred: 3
08/15/2023 21:08:02 - DEBUG - __main__ -   label: 3
08/15/2023 21:08:02 - DEBUG - __main__ -   pred: 3
08/15/2023 21:08:02 - DEBUG - __main__ -   label: 3
08/15/2023 21:08:02 - DEBUG - __main__ -   pred: 3
08/15/2023 21:08:02 - DEBUG - __main__ -   label: 2
08/15/2023 21:08:02 - DEBUG - __main__ -   pred: 3
08/15/2023 21:08:02 - DEBUG - __main__ -   label: 1
08/15/2023 21:08:02 - DEBUG - __main__ -   pred: 1
08/15/2023 21:08:02 - DEBUG - __main__ -   label: 2
08/15/2023 21:08:02 - DEBUG - __main__ -   pred: 1
08/15/2023 21:08:02 - DEBUG - __main__ -   label: 2
08/15/2023 21:08:02 - DEBUG - __main__ -   pred: 2
08/15/2023 21:08:02 - DEBUG - __main__ -   label: 4
08/15/2023 21:08:02 - DEBUG - __main__ -   pred: 4
08/15/2023 21:08:02 - DEBUG - __main__ -   label: 3
08/15/2023 21:08:02 - DEBUG - __main__ -   pred: 4
08/15/2023 21:08:02 - DEBUG - __main__ -   label: 4
08/15/2023 21:08:02 - DEBUG - __main__ -   pred: 4
08/15/2023 21:08:02 - DEBUG - __main__ -   label: 4
08/15/2023 21:08:02 - DEBUG - __main__ -   pred: 5
08/15/2023 21:08:02 - DEBUG - __main__ -   label: 5
08/15/2023 21:08:02 - DEBUG - __main__ -   pred: 5
08/15/2023 21:08:02 - DEBUG - __main__ -   label: 3
08/15/2023 21:08:02 - DEBUG - __main__ -   pred: 4
08/15/2023 21:08:02 - DEBUG - __main__ -   label: 2
08/15/2023 21:08:02 - DEBUG - __main__ -   pred: 3
08/15/2023 21:08:02 - DEBUG - __main__ -   label: 3
08/15/2023 21:08:02 - DEBUG - __main__ -   pred: 4
08/15/2023 21:08:02 - DEBUG - __main__ -   label: 2
08/15/2023 21:08:02 - DEBUG - __main__ -   pred: 3
08/15/2023 21:08:02 - DEBUG - __main__ -   label: 3
08/15/2023 21:08:02 - DEBUG - __main__ -   pred: 4
08/15/2023 21:08:02 - DEBUG - __main__ -   label: 2
08/15/2023 21:08:02 - DEBUG - __main__ -   pred: 3
08/15/2023 21:08:02 - DEBUG - __main__ -   label: 1
08/15/2023 21:08:02 - DEBUG - __main__ -   pred: 2
08/15/2023 21:08:02 - DEBUG - __main__ -   label: 2
08/15/2023 21:08:02 - DEBUG - __main__ -   pred: 2
08/15/2023 21:08:02 - DEBUG - __main__ -   label: 1
08/15/2023 21:08:02 - DEBUG - __main__ -   pred: 2
08/15/2023 21:08:02 - DEBUG - __main__ -   label: 2
08/15/2023 21:08:02 - DEBUG - __main__ -   pred: 2
08/15/2023 21:08:02 - DEBUG - __main__ -   label: 2
08/15/2023 21:08:02 - DEBUG - __main__ -   pred: 2
08/15/2023 21:08:02 - DEBUG - __main__ -   label: 2
08/15/2023 21:08:02 - DEBUG - __main__ -   pred: 3
08/15/2023 21:08:02 - DEBUG - __main__ -   label: 1
08/15/2023 21:08:02 - DEBUG - __main__ -   pred: 1
08/15/2023 21:08:02 - DEBUG - __main__ -   label: 2
08/15/2023 21:08:02 - DEBUG - __main__ -   pred: 2
08/15/2023 21:08:02 - DEBUG - __main__ -   label: 1
08/15/2023 21:08:02 - DEBUG - __main__ -   pred: 2
08/15/2023 21:08:02 - DEBUG - __main__ -   label: 2
08/15/2023 21:08:02 - DEBUG - __main__ -   pred: 1
08/15/2023 21:08:02 - DEBUG - __main__ -   label: 2
08/15/2023 21:08:02 - DEBUG - __main__ -   pred: 2
08/15/2023 21:08:02 - DEBUG - __main__ -   label: 2
08/15/2023 21:08:02 - DEBUG - __main__ -   pred: 1
08/15/2023 21:08:02 - DEBUG - __main__ -   label: 1
08/15/2023 21:08:02 - DEBUG - __main__ -   pred: 1
08/15/2023 21:08:02 - DEBUG - __main__ -   label: 1
08/15/2023 21:08:02 - DEBUG - __main__ -   pred: 2
08/15/2023 21:08:02 - DEBUG - __main__ -   label: 1
08/15/2023 21:08:02 - DEBUG - __main__ -   pred: 1
08/15/2023 21:08:02 - DEBUG - __main__ -   label: 1
08/15/2023 21:08:02 - DEBUG - __main__ -   pred: 1
08/15/2023 21:08:02 - DEBUG - __main__ -   label: 1
08/15/2023 21:08:02 - DEBUG - __main__ -   pred: 2
08/15/2023 21:08:02 - DEBUG - __main__ -   label: 1
08/15/2023 21:08:02 - DEBUG - __main__ -   pred: 2
08/15/2023 21:08:02 - DEBUG - __main__ -   label: 1
08/15/2023 21:08:02 - DEBUG - __main__ -   pred: 1
08/15/2023 21:08:02 - DEBUG - __main__ -   label: 1
08/15/2023 21:08:02 - DEBUG - __main__ -   pred: 1
08/15/2023 21:08:02 - DEBUG - __main__ -   label: 1
08/15/2023 21:08:02 - DEBUG - __main__ -   pred: 3
08/15/2023 21:08:02 - DEBUG - __main__ -   label: 0
08/15/2023 21:08:02 - DEBUG - __main__ -   pred: 1
08/15/2023 21:08:02 - DEBUG - __main__ -   label: 2
08/15/2023 21:08:02 - DEBUG - __main__ -   pred: 1
08/15/2023 21:08:02 - DEBUG - __main__ -   label: 1
08/15/2023 21:08:02 - DEBUG - __main__ -   pred: 2
08/15/2023 21:08:02 - DEBUG - __main__ -   label: 3
08/15/2023 21:08:02 - DEBUG - __main__ -   pred: 4
08/15/2023 21:08:02 - DEBUG - __main__ -   label: 3
08/15/2023 21:08:02 - DEBUG - __main__ -   pred: 3
08/15/2023 21:08:02 - DEBUG - __main__ -   label: 3
08/15/2023 21:08:02 - DEBUG - __main__ -   pred: 5
08/15/2023 21:08:02 - DEBUG - __main__ -   label: 3
08/15/2023 21:08:02 - DEBUG - __main__ -   pred: 2
08/15/2023 21:08:02 - DEBUG - __main__ -   label: 3
08/15/2023 21:08:02 - DEBUG - __main__ -   pred: 3
08/15/2023 21:08:02 - DEBUG - __main__ -   label: 4
08/15/2023 21:08:02 - DEBUG - __main__ -   pred: 4
08/15/2023 21:08:02 - DEBUG - __main__ -   label: 4
08/15/2023 21:08:02 - DEBUG - __main__ -   pred: 4
08/15/2023 21:08:02 - DEBUG - __main__ -   label: 4
08/15/2023 21:08:02 - DEBUG - __main__ -   pred: 4
08/15/2023 21:08:02 - DEBUG - __main__ -   label: 4
08/15/2023 21:08:02 - DEBUG - __main__ -   pred: 4
08/15/2023 21:08:02 - DEBUG - __main__ -   label: 3
08/15/2023 21:08:02 - DEBUG - __main__ -   pred: 3
08/15/2023 21:08:02 - DEBUG - __main__ -   label: 3
08/15/2023 21:08:02 - DEBUG - __main__ -   pred: 4
08/15/2023 21:08:02 - DEBUG - __main__ -   label: 4
08/15/2023 21:08:02 - DEBUG - __main__ -   pred: 5
08/15/2023 21:08:02 - DEBUG - __main__ -   label: 4
08/15/2023 21:08:02 - DEBUG - __main__ -   pred: 4
08/15/2023 21:08:02 - DEBUG - __main__ -   label: 4
08/15/2023 21:08:02 - DEBUG - __main__ -   pred: 4
08/15/2023 21:08:02 - DEBUG - __main__ -   label: 5
08/15/2023 21:08:02 - DEBUG - __main__ -   pred: 5
08/15/2023 21:08:02 - DEBUG - __main__ -   label: 3
08/15/2023 21:08:02 - DEBUG - __main__ -   pred: 3
