******** Training fold 2 ********
11/12/2023 02:17:15 - DEBUG - __main__ -   Processor loaded. CPU mem usage: 0.38G.  Cuda 0: memory acclocated: 0 G.
11/12/2023 02:17:25 - DEBUG - __main__ -   Model loaded. CPU mem usage: 1.99G.  Cuda 0: memory acclocated: 0 G.
Wav2Vec2ForSequenceClassification(
  (wav2vec2): Wav2Vec2Model(
    (feature_extractor): Wav2Vec2FeatureEncoder(
      (conv_layers): ModuleList(
        (0): Wav2Vec2LayerNormConvLayer(
          (conv): Conv1d(1, 512, kernel_size=(10,), stride=(5,))
          (layer_norm): LayerNorm((512,), eps=1e-05, elementwise_affine=True)
          (activation): GELUActivation()
        )
        (1-4): 4 x Wav2Vec2LayerNormConvLayer(
          (conv): Conv1d(512, 512, kernel_size=(3,), stride=(2,))
          (layer_norm): LayerNorm((512,), eps=1e-05, elementwise_affine=True)
          (activation): GELUActivation()
        )
        (5-6): 2 x Wav2Vec2LayerNormConvLayer(
          (conv): Conv1d(512, 512, kernel_size=(2,), stride=(2,))
          (layer_norm): LayerNorm((512,), eps=1e-05, elementwise_affine=True)
          (activation): GELUActivation()
        )
      )
    )
    (feature_projection): Wav2Vec2FeatureProjection(
      (layer_norm): LayerNorm((512,), eps=1e-05, elementwise_affine=True)
      (projection): Linear(in_features=512, out_features=1024, bias=True)
      (dropout): Dropout(p=0.1, inplace=False)
    )
    (encoder): Wav2Vec2EncoderStableLayerNorm(
      (pos_conv_embed): Wav2Vec2PositionalConvEmbedding(
        (conv): Conv1d(1024, 1024, kernel_size=(128,), stride=(1,), padding=(64,), groups=16)
        (padding): Wav2Vec2SamePadLayer()
        (activation): GELUActivation()
      )
      (layer_norm): LayerNorm((1024,), eps=1e-05, elementwise_affine=True)
      (dropout): Dropout(p=0.1, inplace=False)
      (layers): ModuleList(
        (0-23): 24 x Wav2Vec2EncoderLayerStableLayerNorm(
          (attention): Wav2Vec2Attention(
            (k_proj): Linear(in_features=1024, out_features=1024, bias=True)
            (v_proj): Linear(in_features=1024, out_features=1024, bias=True)
            (q_proj): Linear(in_features=1024, out_features=1024, bias=True)
            (out_proj): Linear(in_features=1024, out_features=1024, bias=True)
          )
          (dropout): Dropout(p=0.1, inplace=False)
          (layer_norm): LayerNorm((1024,), eps=1e-05, elementwise_affine=True)
          (feed_forward): Wav2Vec2FeedForward(
            (intermediate_dropout): Dropout(p=0.0, inplace=False)
            (intermediate_dense): Linear(in_features=1024, out_features=4096, bias=True)
            (intermediate_act_fn): GELUActivation()
            (output_dense): Linear(in_features=4096, out_features=1024, bias=True)
            (output_dropout): Dropout(p=0.1, inplace=False)
          )
          (final_layer_norm): LayerNorm((1024,), eps=1e-05, elementwise_affine=True)
        )
      )
    )
  )
  (projector): Linear(in_features=1024, out_features=256, bias=True)
  (classifier): Linear(in_features=256, out_features=7, bias=True)
)
11/12/2023 02:18:14 - DEBUG - __main__ -   Speech loaded. N_train=1568, N_eval=544. CPU mem usage: 6.08G.  Cuda 0: memory acclocated: 0 G.
11/12/2023 02:18:45 - DEBUG - __main__ -   Feature extracted. Duration: 0:00:31 CPU mem usage: 9.11G.  Cuda 0: memory acclocated: 0 G.
11/12/2023 02:18:45 - DEBUG - urllib3.connectionpool -   Starting new HTTPS connection (1): s3.amazonaws.com:443
11/12/2023 02:18:46 - DEBUG - urllib3.connectionpool -   https://s3.amazonaws.com:443 "HEAD /datasets.huggingface.co/datasets/metrics/evaluate-metric/precision/evaluate-metric/precision.py HTTP/1.1" 404 0
11/12/2023 02:18:46 - DEBUG - urllib3.connectionpool -   Starting new HTTPS connection (1): huggingface.co:443
11/12/2023 02:18:46 - DEBUG - urllib3.connectionpool -   https://huggingface.co:443 "HEAD /spaces/evaluate-metric/precision/resolve/v0.4.0/precision.py HTTP/1.1" 200 0
11/12/2023 02:18:46 - DEBUG - urllib3.connectionpool -   Starting new HTTPS connection (1): s3.amazonaws.com:443
11/12/2023 02:18:47 - DEBUG - urllib3.connectionpool -   https://s3.amazonaws.com:443 "HEAD /datasets.huggingface.co/datasets/metrics/evaluate-metric/recall/evaluate-metric/recall.py HTTP/1.1" 404 0
11/12/2023 02:18:47 - DEBUG - urllib3.connectionpool -   Starting new HTTPS connection (1): huggingface.co:443
11/12/2023 02:18:47 - DEBUG - urllib3.connectionpool -   https://huggingface.co:443 "HEAD /spaces/evaluate-metric/recall/resolve/v0.4.0/recall.py HTTP/1.1" 200 0
11/12/2023 02:18:47 - DEBUG - urllib3.connectionpool -   Starting new HTTPS connection (1): s3.amazonaws.com:443
11/12/2023 02:18:47 - DEBUG - urllib3.connectionpool -   https://s3.amazonaws.com:443 "HEAD /datasets.huggingface.co/datasets/metrics/evaluate-metric/f1/evaluate-metric/f1.py HTTP/1.1" 404 0
11/12/2023 02:18:47 - DEBUG - urllib3.connectionpool -   Starting new HTTPS connection (1): huggingface.co:443
11/12/2023 02:18:48 - DEBUG - urllib3.connectionpool -   https://huggingface.co:443 "HEAD /spaces/evaluate-metric/f1/resolve/v0.4.0/f1.py HTTP/1.1" 200 0
11/12/2023 02:18:48 - DEBUG - urllib3.connectionpool -   Starting new HTTPS connection (1): s3.amazonaws.com:443
11/12/2023 02:18:48 - DEBUG - urllib3.connectionpool -   https://s3.amazonaws.com:443 "HEAD /datasets.huggingface.co/datasets/metrics/evaluate-metric/spearmanr/evaluate-metric/spearmanr.py HTTP/1.1" 404 0
11/12/2023 02:18:48 - DEBUG - urllib3.connectionpool -   Starting new HTTPS connection (1): huggingface.co:443
11/12/2023 02:18:49 - DEBUG - urllib3.connectionpool -   https://huggingface.co:443 "HEAD /spaces/evaluate-metric/spearmanr/resolve/v0.4.0/spearmanr.py HTTP/1.1" 200 0
RUNNING CCL
11/12/2023 02:18:49 - DEBUG - __main__ -   Class difficulty order: [[2, 1], [5, 4], [3, 0, 6]]
11/12/2023 02:18:49 - DEBUG - __main__ -   n_epochs for each CCL phase: [2, 2, 10]
Perform Uniform Mixing
Training with classes: [2, 1]
11/12/2023 02:19:03 - DEBUG - __main__ -   Training phase 0 starts now. CPU mem usage: 8.54G.  Cuda 0: memory acclocated: 2 G.
11/12/2023 02:19:03 - DEBUG - helper.classes -   ----------- Starting epoch 1 -----------
11/12/2023 02:25:20 - DEBUG - helper.classes -   Epoch 1.0 completed, Duration: 0:06:16 Mem usage: CPU mem usage: 9.23G.  Cuda 0: memory acclocated: 17 G.
11/12/2023 02:27:29 - DEBUG - fsspec.local -   open file: /home/lunt1/.cache/huggingface/metrics/precision/default/default_experiment-1-0.arrow
11/12/2023 02:27:29 - DEBUG - fsspec.local -   open file: /home/lunt1/.cache/huggingface/metrics/recall/default/default_experiment-1-0.arrow
11/12/2023 02:27:29 - DEBUG - fsspec.local -   open file: /home/lunt1/.cache/huggingface/metrics/f1/default/default_experiment-1-0.arrow
11/12/2023 02:27:29 - DEBUG - fsspec.local -   open file: /home/lunt1/.cache/huggingface/metrics/spearmanr/default/default_experiment-1-0.arrow
11/12/2023 02:27:29 - DEBUG - fsspec.local -   open file: /home/lunt1/.cache/huggingface/metrics/precision/default/default_experiment-1-0.arrow
11/12/2023 02:27:29 - DEBUG - fsspec.local -   open file: /home/lunt1/.cache/huggingface/metrics/recall/default/default_experiment-1-0.arrow
11/12/2023 02:27:29 - DEBUG - fsspec.local -   open file: /home/lunt1/.cache/huggingface/metrics/f1/default/default_experiment-1-0.arrow
{'eval_loss': 1.8330403566360474, 'eval_precision': 0.10095160095160095, 'eval_recall': 0.21545899583282763, 'eval_f1': 0.13309141838553604, 'eval_spearmanr': 0.6010219924411506, 'eval_precision_weighted': 0.1540805511393747, 'eval_recall_weighted': 0.34191176470588236, 'eval_f1_weighted': 0.2058751441753172, 'eval_runtime': 129.5371, 'eval_samples_per_second': 4.2, 'eval_steps_per_second': 2.1, 'epoch': 1.0}
11/12/2023 02:27:36 - DEBUG - helper.classes -   ----------- Starting epoch 2.0 -----------
{'loss': 1.1612, 'learning_rate': 6.195652173913044e-06, 'epoch': 1.63}
11/12/2023 02:33:59 - DEBUG - helper.classes -   Epoch 2.0 completed, Duration: 0:06:23 Mem usage: CPU mem usage: 9.55G.  Cuda 0: memory acclocated: 17 G.
11/12/2023 02:36:07 - DEBUG - fsspec.local -   open file: /home/lunt1/.cache/huggingface/metrics/precision/default/default_experiment-1-0.arrow
11/12/2023 02:36:07 - DEBUG - fsspec.local -   open file: /home/lunt1/.cache/huggingface/metrics/recall/default/default_experiment-1-0.arrow
11/12/2023 02:36:07 - DEBUG - fsspec.local -   open file: /home/lunt1/.cache/huggingface/metrics/f1/default/default_experiment-1-0.arrow
11/12/2023 02:36:07 - DEBUG - fsspec.local -   open file: /home/lunt1/.cache/huggingface/metrics/spearmanr/default/default_experiment-1-0.arrow
11/12/2023 02:36:07 - DEBUG - fsspec.local -   open file: /home/lunt1/.cache/huggingface/metrics/precision/default/default_experiment-1-0.arrow
11/12/2023 02:36:07 - DEBUG - fsspec.local -   open file: /home/lunt1/.cache/huggingface/metrics/recall/default/default_experiment-1-0.arrow
11/12/2023 02:36:07 - DEBUG - fsspec.local -   open file: /home/lunt1/.cache/huggingface/metrics/f1/default/default_experiment-1-0.arrow
{'eval_loss': 1.864820957183838, 'eval_precision': 0.17962630706434385, 'eval_recall': 0.3103866538445978, 'eval_f1': 0.22634932899725316, 'eval_spearmanr': 0.761974625283446, 'eval_precision_weighted': 0.24411958118226126, 'eval_recall_weighted': 0.4172794117647059, 'eval_f1_weighted': 0.30619966418021344, 'eval_runtime': 128.5433, 'eval_samples_per_second': 4.232, 'eval_steps_per_second': 2.116, 'epoch': 2.0}
{'train_runtime': 1034.9705, 'train_samples_per_second': 1.187, 'train_steps_per_second': 0.593, 'train_loss': 1.1305460230923632, 'epoch': 2.0}
11/12/2023 02:36:18 - INFO - __main__ -   Training completed. Duration: 0:17:15
Training with classes: [5, 4]
11/12/2023 02:36:18 - DEBUG - __main__ -   Training phase 1 starts now. CPU mem usage: 9.53G.  Cuda 0: memory acclocated: 17 G.
11/12/2023 02:36:18 - DEBUG - helper.classes -   ----------- Starting epoch 1 -----------
{'loss': 1.0617, 'learning_rate': 1.871345029239766e-05, 'epoch': 0.88}
11/12/2023 02:51:02 - DEBUG - helper.classes -   Epoch 1.0 completed, Duration: 0:14:44 Mem usage: CPU mem usage: 9.82G.  Cuda 0: memory acclocated: 17 G.
11/12/2023 02:53:11 - DEBUG - fsspec.local -   open file: /home/lunt1/.cache/huggingface/metrics/precision/default/default_experiment-1-0.arrow
11/12/2023 02:53:11 - DEBUG - fsspec.local -   open file: /home/lunt1/.cache/huggingface/metrics/recall/default/default_experiment-1-0.arrow
11/12/2023 02:53:11 - DEBUG - fsspec.local -   open file: /home/lunt1/.cache/huggingface/metrics/f1/default/default_experiment-1-0.arrow
11/12/2023 02:53:11 - DEBUG - fsspec.local -   open file: /home/lunt1/.cache/huggingface/metrics/spearmanr/default/default_experiment-1-0.arrow
11/12/2023 02:53:11 - DEBUG - fsspec.local -   open file: /home/lunt1/.cache/huggingface/metrics/precision/default/default_experiment-1-0.arrow
11/12/2023 02:53:11 - DEBUG - fsspec.local -   open file: /home/lunt1/.cache/huggingface/metrics/recall/default/default_experiment-1-0.arrow
11/12/2023 02:53:11 - DEBUG - fsspec.local -   open file: /home/lunt1/.cache/huggingface/metrics/f1/default/default_experiment-1-0.arrow
{'eval_loss': 1.906599998474121, 'eval_precision': 0.22153408938058977, 'eval_recall': 0.3177215232150267, 'eval_f1': 0.2462179421034661, 'eval_spearmanr': 0.7931792683343378, 'eval_precision_weighted': 0.29197823162397524, 'eval_recall_weighted': 0.37683823529411764, 'eval_f1_weighted': 0.3092624307708038, 'eval_runtime': 128.4295, 'eval_samples_per_second': 4.236, 'eval_steps_per_second': 2.118, 'epoch': 1.0}
11/12/2023 02:53:19 - DEBUG - helper.classes -   ----------- Starting epoch 2.0 -----------
{'loss': 0.9156, 'learning_rate': 4.093567251461988e-06, 'epoch': 1.75}
11/12/2023 03:07:40 - DEBUG - helper.classes -   Epoch 2.0 completed, Duration: 0:14:21 Mem usage: CPU mem usage: 9.87G.  Cuda 0: memory acclocated: 17 G.
11/12/2023 03:09:49 - DEBUG - fsspec.local -   open file: /home/lunt1/.cache/huggingface/metrics/precision/default/default_experiment-1-0.arrow
11/12/2023 03:09:49 - DEBUG - fsspec.local -   open file: /home/lunt1/.cache/huggingface/metrics/recall/default/default_experiment-1-0.arrow
11/12/2023 03:09:49 - DEBUG - fsspec.local -   open file: /home/lunt1/.cache/huggingface/metrics/f1/default/default_experiment-1-0.arrow
11/12/2023 03:09:49 - DEBUG - fsspec.local -   open file: /home/lunt1/.cache/huggingface/metrics/spearmanr/default/default_experiment-1-0.arrow
11/12/2023 03:09:49 - DEBUG - fsspec.local -   open file: /home/lunt1/.cache/huggingface/metrics/precision/default/default_experiment-1-0.arrow
11/12/2023 03:09:49 - DEBUG - fsspec.local -   open file: /home/lunt1/.cache/huggingface/metrics/recall/default/default_experiment-1-0.arrow
11/12/2023 03:09:49 - DEBUG - fsspec.local -   open file: /home/lunt1/.cache/huggingface/metrics/f1/default/default_experiment-1-0.arrow
{'eval_loss': 1.9364300966262817, 'eval_precision': 0.23204833104530942, 'eval_recall': 0.3302496644757871, 'eval_f1': 0.26458978759255486, 'eval_spearmanr': 0.8087084782858777, 'eval_precision_weighted': 0.30340924580993006, 'eval_recall_weighted': 0.41544117647058826, 'eval_f1_weighted': 0.3411406661712133, 'eval_runtime': 128.899, 'eval_samples_per_second': 4.22, 'eval_steps_per_second': 2.11, 'epoch': 2.0}
{'train_runtime': 2020.3918, 'train_samples_per_second': 1.128, 'train_steps_per_second': 0.564, 'train_loss': 0.9914348669219435, 'epoch': 2.0}
11/12/2023 03:09:58 - INFO - __main__ -   Training completed. Duration: 0:33:40
Training with classes: [3, 0, 6]
11/12/2023 03:09:58 - DEBUG - __main__ -   Training phase 2 starts now. CPU mem usage: 9.86G.  Cuda 0: memory acclocated: 17 G.
11/12/2023 03:09:59 - DEBUG - helper.classes -   ----------- Starting epoch 1 -----------
{'loss': 1.5025, 'learning_rate': 1.913265306122449e-05, 'epoch': 0.64}
11/12/2023 03:29:59 - DEBUG - helper.classes -   Epoch 1.0 completed, Duration: 0:20:00 Mem usage: CPU mem usage: 10.01G.  Cuda 0: memory acclocated: 17 G.
11/12/2023 03:32:08 - DEBUG - fsspec.local -   open file: /home/lunt1/.cache/huggingface/metrics/precision/default/default_experiment-1-0.arrow
11/12/2023 03:32:08 - DEBUG - fsspec.local -   open file: /home/lunt1/.cache/huggingface/metrics/recall/default/default_experiment-1-0.arrow
11/12/2023 03:32:08 - DEBUG - fsspec.local -   open file: /home/lunt1/.cache/huggingface/metrics/f1/default/default_experiment-1-0.arrow
11/12/2023 03:32:08 - DEBUG - fsspec.local -   open file: /home/lunt1/.cache/huggingface/metrics/spearmanr/default/default_experiment-1-0.arrow
11/12/2023 03:32:08 - DEBUG - fsspec.local -   open file: /home/lunt1/.cache/huggingface/metrics/precision/default/default_experiment-1-0.arrow
11/12/2023 03:32:08 - DEBUG - fsspec.local -   open file: /home/lunt1/.cache/huggingface/metrics/recall/default/default_experiment-1-0.arrow
11/12/2023 03:32:08 - DEBUG - fsspec.local -   open file: /home/lunt1/.cache/huggingface/metrics/f1/default/default_experiment-1-0.arrow
{'eval_loss': 1.353582501411438, 'eval_precision': 0.2898282835592866, 'eval_recall': 0.3290289793462229, 'eval_f1': 0.27267643654198276, 'eval_spearmanr': 0.807243650533201, 'eval_precision_weighted': 0.37883397670533936, 'eval_recall_weighted': 0.41544117647058826, 'eval_f1_weighted': 0.3528790893842797, 'eval_runtime': 128.7262, 'eval_samples_per_second': 4.226, 'eval_steps_per_second': 2.113, 'epoch': 1.0}
11/12/2023 03:32:15 - DEBUG - helper.classes -   ----------- Starting epoch 2.0 -----------
{'loss': 1.3201, 'learning_rate': 2.9081632653061224e-05, 'epoch': 1.28}
{'loss': 1.2143, 'learning_rate': 2.695578231292517e-05, 'epoch': 1.91}
11/12/2023 03:52:38 - DEBUG - helper.classes -   Epoch 2.0 completed, Duration: 0:20:23 Mem usage: CPU mem usage: 9.80G.  Cuda 0: memory acclocated: 19 G.
11/12/2023 03:54:47 - DEBUG - fsspec.local -   open file: /home/lunt1/.cache/huggingface/metrics/precision/default/default_experiment-1-0.arrow
11/12/2023 03:54:47 - DEBUG - fsspec.local -   open file: /home/lunt1/.cache/huggingface/metrics/recall/default/default_experiment-1-0.arrow
11/12/2023 03:54:47 - DEBUG - fsspec.local -   open file: /home/lunt1/.cache/huggingface/metrics/f1/default/default_experiment-1-0.arrow
11/12/2023 03:54:47 - DEBUG - fsspec.local -   open file: /home/lunt1/.cache/huggingface/metrics/spearmanr/default/default_experiment-1-0.arrow
11/12/2023 03:54:47 - DEBUG - fsspec.local -   open file: /home/lunt1/.cache/huggingface/metrics/precision/default/default_experiment-1-0.arrow
11/12/2023 03:54:47 - DEBUG - fsspec.local -   open file: /home/lunt1/.cache/huggingface/metrics/recall/default/default_experiment-1-0.arrow
11/12/2023 03:54:47 - DEBUG - fsspec.local -   open file: /home/lunt1/.cache/huggingface/metrics/f1/default/default_experiment-1-0.arrow
{'eval_loss': 1.3288846015930176, 'eval_precision': 0.3358777401922041, 'eval_recall': 0.36462543953619747, 'eval_f1': 0.33079349900153454, 'eval_spearmanr': 0.8211896068971716, 'eval_precision_weighted': 0.44218755245533636, 'eval_recall_weighted': 0.4632352941176471, 'eval_f1_weighted': 0.42875241336996717, 'eval_runtime': 128.9112, 'eval_samples_per_second': 4.22, 'eval_steps_per_second': 2.11, 'epoch': 2.0}
11/12/2023 03:54:54 - DEBUG - helper.classes -   ----------- Starting epoch 3.0 -----------
{'loss': 1.1665, 'learning_rate': 2.4829931972789116e-05, 'epoch': 2.55}
11/12/2023 04:15:24 - DEBUG - helper.classes -   Epoch 3.0 completed, Duration: 0:20:30 Mem usage: CPU mem usage: 9.80G.  Cuda 0: memory acclocated: 19 G.
11/12/2023 04:17:33 - DEBUG - fsspec.local -   open file: /home/lunt1/.cache/huggingface/metrics/precision/default/default_experiment-1-0.arrow
11/12/2023 04:17:33 - DEBUG - fsspec.local -   open file: /home/lunt1/.cache/huggingface/metrics/recall/default/default_experiment-1-0.arrow
11/12/2023 04:17:33 - DEBUG - fsspec.local -   open file: /home/lunt1/.cache/huggingface/metrics/f1/default/default_experiment-1-0.arrow
11/12/2023 04:17:33 - DEBUG - fsspec.local -   open file: /home/lunt1/.cache/huggingface/metrics/spearmanr/default/default_experiment-1-0.arrow
11/12/2023 04:17:33 - DEBUG - fsspec.local -   open file: /home/lunt1/.cache/huggingface/metrics/precision/default/default_experiment-1-0.arrow
11/12/2023 04:17:33 - DEBUG - fsspec.local -   open file: /home/lunt1/.cache/huggingface/metrics/recall/default/default_experiment-1-0.arrow
11/12/2023 04:17:33 - DEBUG - fsspec.local -   open file: /home/lunt1/.cache/huggingface/metrics/f1/default/default_experiment-1-0.arrow
{'eval_loss': 1.4126635789871216, 'eval_precision': 0.3196779341829438, 'eval_recall': 0.36072312972178194, 'eval_f1': 0.3191561972544143, 'eval_spearmanr': 0.8148057913666086, 'eval_precision_weighted': 0.41891883811417807, 'eval_recall_weighted': 0.44669117647058826, 'eval_f1_weighted': 0.40804098485226475, 'eval_runtime': 128.6698, 'eval_samples_per_second': 4.228, 'eval_steps_per_second': 2.114, 'epoch': 3.0}
11/12/2023 04:17:40 - DEBUG - helper.classes -   ----------- Starting epoch 4.0 -----------
{'loss': 1.153, 'learning_rate': 2.2704081632653062e-05, 'epoch': 3.19}
{'loss': 1.0939, 'learning_rate': 2.0578231292517008e-05, 'epoch': 3.83}
11/12/2023 04:37:54 - DEBUG - helper.classes -   Epoch 4.0 completed, Duration: 0:20:14 Mem usage: CPU mem usage: 9.81G.  Cuda 0: memory acclocated: 19 G.
11/12/2023 04:40:03 - DEBUG - fsspec.local -   open file: /home/lunt1/.cache/huggingface/metrics/precision/default/default_experiment-1-0.arrow
11/12/2023 04:40:03 - DEBUG - fsspec.local -   open file: /home/lunt1/.cache/huggingface/metrics/recall/default/default_experiment-1-0.arrow
11/12/2023 04:40:03 - DEBUG - fsspec.local -   open file: /home/lunt1/.cache/huggingface/metrics/f1/default/default_experiment-1-0.arrow
11/12/2023 04:40:03 - DEBUG - fsspec.local -   open file: /home/lunt1/.cache/huggingface/metrics/spearmanr/default/default_experiment-1-0.arrow
11/12/2023 04:40:03 - DEBUG - fsspec.local -   open file: /home/lunt1/.cache/huggingface/metrics/precision/default/default_experiment-1-0.arrow
11/12/2023 04:40:03 - DEBUG - fsspec.local -   open file: /home/lunt1/.cache/huggingface/metrics/recall/default/default_experiment-1-0.arrow
11/12/2023 04:40:03 - DEBUG - fsspec.local -   open file: /home/lunt1/.cache/huggingface/metrics/f1/default/default_experiment-1-0.arrow
{'eval_loss': 1.5407205820083618, 'eval_precision': 0.31680948690647837, 'eval_recall': 0.3569552563529693, 'eval_f1': 0.32596789941498294, 'eval_spearmanr': 0.8165399695204114, 'eval_precision_weighted': 0.4164266508402093, 'eval_recall_weighted': 0.4485294117647059, 'eval_f1_weighted': 0.42033188944930006, 'eval_runtime': 128.5835, 'eval_samples_per_second': 4.231, 'eval_steps_per_second': 2.115, 'epoch': 4.0}
11/12/2023 04:40:09 - DEBUG - helper.classes -   ----------- Starting epoch 5.0 -----------
{'loss': 0.972, 'learning_rate': 1.8452380952380954e-05, 'epoch': 4.46}
11/12/2023 05:00:31 - DEBUG - helper.classes -   Epoch 5.0 completed, Duration: 0:20:21 Mem usage: CPU mem usage: 9.82G.  Cuda 0: memory acclocated: 19 G.
11/12/2023 05:02:41 - DEBUG - fsspec.local -   open file: /home/lunt1/.cache/huggingface/metrics/precision/default/default_experiment-1-0.arrow
11/12/2023 05:02:41 - DEBUG - fsspec.local -   open file: /home/lunt1/.cache/huggingface/metrics/recall/default/default_experiment-1-0.arrow
11/12/2023 05:02:41 - DEBUG - fsspec.local -   open file: /home/lunt1/.cache/huggingface/metrics/f1/default/default_experiment-1-0.arrow
11/12/2023 05:02:41 - DEBUG - fsspec.local -   open file: /home/lunt1/.cache/huggingface/metrics/spearmanr/default/default_experiment-1-0.arrow
11/12/2023 05:02:42 - DEBUG - fsspec.local -   open file: /home/lunt1/.cache/huggingface/metrics/precision/default/default_experiment-1-0.arrow
11/12/2023 05:02:42 - DEBUG - fsspec.local -   open file: /home/lunt1/.cache/huggingface/metrics/recall/default/default_experiment-1-0.arrow
11/12/2023 05:02:42 - DEBUG - fsspec.local -   open file: /home/lunt1/.cache/huggingface/metrics/f1/default/default_experiment-1-0.arrow
{'eval_loss': 1.6183335781097412, 'eval_precision': 0.3364755875319255, 'eval_recall': 0.3688508643799098, 'eval_f1': 0.3431716310859481, 'eval_spearmanr': 0.8175555858598694, 'eval_precision_weighted': 0.4426768221604334, 'eval_recall_weighted': 0.46875, 'eval_f1_weighted': 0.44482564720376805, 'eval_runtime': 130.6131, 'eval_samples_per_second': 4.165, 'eval_steps_per_second': 2.082, 'epoch': 5.0}
11/12/2023 05:02:49 - DEBUG - helper.classes -   ----------- Starting epoch 6.0 -----------
{'loss': 1.0143, 'learning_rate': 1.63265306122449e-05, 'epoch': 5.1}
{'loss': 0.9193, 'learning_rate': 1.4200680272108844e-05, 'epoch': 5.74}
11/12/2023 05:23:00 - DEBUG - helper.classes -   Epoch 6.0 completed, Duration: 0:20:10 Mem usage: CPU mem usage: 9.83G.  Cuda 0: memory acclocated: 19 G.
11/12/2023 05:25:08 - DEBUG - fsspec.local -   open file: /home/lunt1/.cache/huggingface/metrics/precision/default/default_experiment-1-0.arrow
11/12/2023 05:25:08 - DEBUG - fsspec.local -   open file: /home/lunt1/.cache/huggingface/metrics/recall/default/default_experiment-1-0.arrow
11/12/2023 05:25:08 - DEBUG - fsspec.local -   open file: /home/lunt1/.cache/huggingface/metrics/f1/default/default_experiment-1-0.arrow
11/12/2023 05:25:08 - DEBUG - fsspec.local -   open file: /home/lunt1/.cache/huggingface/metrics/spearmanr/default/default_experiment-1-0.arrow
11/12/2023 05:25:08 - DEBUG - fsspec.local -   open file: /home/lunt1/.cache/huggingface/metrics/precision/default/default_experiment-1-0.arrow
11/12/2023 05:25:08 - DEBUG - fsspec.local -   open file: /home/lunt1/.cache/huggingface/metrics/recall/default/default_experiment-1-0.arrow
11/12/2023 05:25:08 - DEBUG - fsspec.local -   open file: /home/lunt1/.cache/huggingface/metrics/f1/default/default_experiment-1-0.arrow
{'eval_loss': 1.906245470046997, 'eval_precision': 0.332805040043002, 'eval_recall': 0.37027097047324503, 'eval_f1': 0.3351150901251251, 'eval_spearmanr': 0.8146627352159604, 'eval_precision_weighted': 0.43995771125449973, 'eval_recall_weighted': 0.45955882352941174, 'eval_f1_weighted': 0.43126635122005225, 'eval_runtime': 128.3093, 'eval_samples_per_second': 4.24, 'eval_steps_per_second': 2.12, 'epoch': 6.0}
11/12/2023 05:25:14 - DEBUG - helper.classes -   ----------- Starting epoch 7.0 -----------
{'loss': 0.9638, 'learning_rate': 1.207482993197279e-05, 'epoch': 6.38}
11/12/2023 05:45:52 - DEBUG - helper.classes -   Epoch 7.0 completed, Duration: 0:20:38 Mem usage: CPU mem usage: 9.83G.  Cuda 0: memory acclocated: 19 G.
11/12/2023 05:48:01 - DEBUG - fsspec.local -   open file: /home/lunt1/.cache/huggingface/metrics/precision/default/default_experiment-1-0.arrow
11/12/2023 05:48:01 - DEBUG - fsspec.local -   open file: /home/lunt1/.cache/huggingface/metrics/recall/default/default_experiment-1-0.arrow
11/12/2023 05:48:01 - DEBUG - fsspec.local -   open file: /home/lunt1/.cache/huggingface/metrics/f1/default/default_experiment-1-0.arrow
11/12/2023 05:48:01 - DEBUG - fsspec.local -   open file: /home/lunt1/.cache/huggingface/metrics/spearmanr/default/default_experiment-1-0.arrow
11/12/2023 05:48:01 - DEBUG - fsspec.local -   open file: /home/lunt1/.cache/huggingface/metrics/precision/default/default_experiment-1-0.arrow
11/12/2023 05:48:01 - DEBUG - fsspec.local -   open file: /home/lunt1/.cache/huggingface/metrics/recall/default/default_experiment-1-0.arrow
11/12/2023 05:48:01 - DEBUG - fsspec.local -   open file: /home/lunt1/.cache/huggingface/metrics/f1/default/default_experiment-1-0.arrow
{'eval_loss': 1.9715228080749512, 'eval_precision': 0.3350977053467696, 'eval_recall': 0.3684655648854816, 'eval_f1': 0.3453657904525733, 'eval_spearmanr': 0.8105201982230206, 'eval_precision_weighted': 0.4410319650615456, 'eval_recall_weighted': 0.47610294117647056, 'eval_f1_weighted': 0.451014298563019, 'eval_runtime': 128.5529, 'eval_samples_per_second': 4.232, 'eval_steps_per_second': 2.116, 'epoch': 7.0}
11/12/2023 05:48:08 - DEBUG - helper.classes -   ----------- Starting epoch 8.0 -----------
{'loss': 0.8794, 'learning_rate': 9.948979591836735e-06, 'epoch': 7.02}
{'loss': 0.8927, 'learning_rate': 7.823129251700681e-06, 'epoch': 7.65}
11/12/2023 06:08:24 - DEBUG - helper.classes -   Epoch 8.0 completed, Duration: 0:20:16 Mem usage: CPU mem usage: 9.84G.  Cuda 0: memory acclocated: 19 G.
11/12/2023 06:10:33 - DEBUG - fsspec.local -   open file: /home/lunt1/.cache/huggingface/metrics/precision/default/default_experiment-1-0.arrow
11/12/2023 06:10:33 - DEBUG - fsspec.local -   open file: /home/lunt1/.cache/huggingface/metrics/recall/default/default_experiment-1-0.arrow
11/12/2023 06:10:33 - DEBUG - fsspec.local -   open file: /home/lunt1/.cache/huggingface/metrics/f1/default/default_experiment-1-0.arrow
11/12/2023 06:10:33 - DEBUG - fsspec.local -   open file: /home/lunt1/.cache/huggingface/metrics/spearmanr/default/default_experiment-1-0.arrow
11/12/2023 06:10:33 - DEBUG - fsspec.local -   open file: /home/lunt1/.cache/huggingface/metrics/precision/default/default_experiment-1-0.arrow
11/12/2023 06:10:33 - DEBUG - fsspec.local -   open file: /home/lunt1/.cache/huggingface/metrics/recall/default/default_experiment-1-0.arrow
11/12/2023 06:10:33 - DEBUG - fsspec.local -   open file: /home/lunt1/.cache/huggingface/metrics/f1/default/default_experiment-1-0.arrow
{'eval_loss': 2.4711813926696777, 'eval_precision': 0.31650854616260293, 'eval_recall': 0.3476602584746461, 'eval_f1': 0.3174261986592259, 'eval_spearmanr': 0.8029178103643175, 'eval_precision_weighted': 0.41870811854735307, 'eval_recall_weighted': 0.42830882352941174, 'eval_f1_weighted': 0.4069487395236757, 'eval_runtime': 128.671, 'eval_samples_per_second': 4.228, 'eval_steps_per_second': 2.114, 'epoch': 8.0}
11/12/2023 06:10:40 - DEBUG - helper.classes -   ----------- Starting epoch 9.0 -----------
{'loss': 0.7935, 'learning_rate': 5.697278911564626e-06, 'epoch': 8.29}
{'loss': 0.7668, 'learning_rate': 3.5714285714285714e-06, 'epoch': 8.93}
11/12/2023 06:31:12 - DEBUG - helper.classes -   Epoch 9.0 completed, Duration: 0:20:31 Mem usage: CPU mem usage: 9.84G.  Cuda 0: memory acclocated: 19 G.
11/12/2023 06:33:20 - DEBUG - fsspec.local -   open file: /home/lunt1/.cache/huggingface/metrics/precision/default/default_experiment-1-0.arrow
11/12/2023 06:33:20 - DEBUG - fsspec.local -   open file: /home/lunt1/.cache/huggingface/metrics/recall/default/default_experiment-1-0.arrow
11/12/2023 06:33:20 - DEBUG - fsspec.local -   open file: /home/lunt1/.cache/huggingface/metrics/f1/default/default_experiment-1-0.arrow
11/12/2023 06:33:20 - DEBUG - fsspec.local -   open file: /home/lunt1/.cache/huggingface/metrics/spearmanr/default/default_experiment-1-0.arrow
11/12/2023 06:33:20 - DEBUG - fsspec.local -   open file: /home/lunt1/.cache/huggingface/metrics/precision/default/default_experiment-1-0.arrow
11/12/2023 06:33:20 - DEBUG - fsspec.local -   open file: /home/lunt1/.cache/huggingface/metrics/recall/default/default_experiment-1-0.arrow
11/12/2023 06:33:20 - DEBUG - fsspec.local -   open file: /home/lunt1/.cache/huggingface/metrics/f1/default/default_experiment-1-0.arrow
{'eval_loss': 2.377032995223999, 'eval_precision': 0.33400708647031013, 'eval_recall': 0.3679970720531867, 'eval_f1': 0.33953365389813145, 'eval_spearmanr': 0.8151725895682875, 'eval_precision_weighted': 0.44020724770492253, 'eval_recall_weighted': 0.4650735294117647, 'eval_f1_weighted': 0.43973654635418336, 'eval_runtime': 128.6999, 'eval_samples_per_second': 4.227, 'eval_steps_per_second': 2.113, 'epoch': 9.0}
11/12/2023 06:33:27 - DEBUG - helper.classes -   ----------- Starting epoch 10.0 -----------
{'loss': 0.7638, 'learning_rate': 1.445578231292517e-06, 'epoch': 9.57}
11/12/2023 06:53:36 - DEBUG - helper.classes -   Epoch 10.0 completed, Duration: 0:20:09 Mem usage: CPU mem usage: 9.82G.  Cuda 0: memory acclocated: 19 G.
11/12/2023 06:55:45 - DEBUG - fsspec.local -   open file: /home/lunt1/.cache/huggingface/metrics/precision/default/default_experiment-1-0.arrow
11/12/2023 06:55:45 - DEBUG - fsspec.local -   open file: /home/lunt1/.cache/huggingface/metrics/recall/default/default_experiment-1-0.arrow
11/12/2023 06:55:45 - DEBUG - fsspec.local -   open file: /home/lunt1/.cache/huggingface/metrics/f1/default/default_experiment-1-0.arrow
11/12/2023 06:55:45 - DEBUG - fsspec.local -   open file: /home/lunt1/.cache/huggingface/metrics/spearmanr/default/default_experiment-1-0.arrow
11/12/2023 06:55:45 - DEBUG - fsspec.local -   open file: /home/lunt1/.cache/huggingface/metrics/precision/default/default_experiment-1-0.arrow
11/12/2023 06:55:45 - DEBUG - fsspec.local -   open file: /home/lunt1/.cache/huggingface/metrics/recall/default/default_experiment-1-0.arrow
11/12/2023 06:55:45 - DEBUG - fsspec.local -   open file: /home/lunt1/.cache/huggingface/metrics/f1/default/default_experiment-1-0.arrow
{'eval_loss': 2.3966562747955322, 'eval_precision': 0.32174129715871463, 'eval_recall': 0.35499207096390745, 'eval_f1': 0.33051423349938563, 'eval_spearmanr': 0.8065326755348493, 'eval_precision_weighted': 0.4244280253803554, 'eval_recall_weighted': 0.4522058823529412, 'eval_f1_weighted': 0.42956085876259364, 'eval_runtime': 128.3972, 'eval_samples_per_second': 4.237, 'eval_steps_per_second': 2.118, 'epoch': 10.0}
{'train_runtime': 13558.9863, 'train_samples_per_second': 1.156, 'train_steps_per_second': 0.578, 'train_loss': 1.0171258459285815, 'epoch': 10.0}
11/12/2023 06:55:58 - INFO - __main__ -   Training completed. Duration: 3:45:59
11/12/2023 06:58:07 - DEBUG - fsspec.local -   open file: /home/lunt1/.cache/huggingface/metrics/precision/default/default_experiment-1-0.arrow
11/12/2023 06:58:07 - DEBUG - fsspec.local -   open file: /home/lunt1/.cache/huggingface/metrics/recall/default/default_experiment-1-0.arrow
11/12/2023 06:58:07 - DEBUG - fsspec.local -   open file: /home/lunt1/.cache/huggingface/metrics/f1/default/default_experiment-1-0.arrow
11/12/2023 06:58:07 - DEBUG - fsspec.local -   open file: /home/lunt1/.cache/huggingface/metrics/spearmanr/default/default_experiment-1-0.arrow
11/12/2023 06:58:07 - DEBUG - fsspec.local -   open file: /home/lunt1/.cache/huggingface/metrics/precision/default/default_experiment-1-0.arrow
11/12/2023 06:58:07 - DEBUG - fsspec.local -   open file: /home/lunt1/.cache/huggingface/metrics/recall/default/default_experiment-1-0.arrow
11/12/2023 06:58:07 - DEBUG - fsspec.local -   open file: /home/lunt1/.cache/huggingface/metrics/f1/default/default_experiment-1-0.arrow
11/12/2023 06:58:07 - DEBUG - fsspec.local -   open file: /home/lunt1/.cache/huggingface/metrics/precision/default/default_experiment-1-0.arrow
11/12/2023 06:58:07 - DEBUG - fsspec.local -   open file: /home/lunt1/.cache/huggingface/metrics/recall/default/default_experiment-1-0.arrow
11/12/2023 06:58:07 - DEBUG - fsspec.local -   open file: /home/lunt1/.cache/huggingface/metrics/f1/default/default_experiment-1-0.arrow
11/12/2023 06:58:07 - DEBUG - fsspec.local -   open file: /home/lunt1/.cache/huggingface/metrics/spearmanr/default/default_experiment-1-0.arrow
11/12/2023 06:58:07 - DEBUG - fsspec.local -   open file: /home/lunt1/.cache/huggingface/metrics/precision/default/default_experiment-1-0.arrow
11/12/2023 06:58:07 - DEBUG - fsspec.local -   open file: /home/lunt1/.cache/huggingface/metrics/recall/default/default_experiment-1-0.arrow
11/12/2023 06:58:07 - DEBUG - fsspec.local -   open file: /home/lunt1/.cache/huggingface/metrics/f1/default/default_experiment-1-0.arrow
11/12/2023 06:58:07 - DEBUG - __main__ -   label: 4
11/12/2023 06:58:07 - DEBUG - __main__ -   pred: 4
11/12/2023 06:58:07 - DEBUG - __main__ -   label: 4
11/12/2023 06:58:07 - DEBUG - __main__ -   pred: 4
11/12/2023 06:58:07 - DEBUG - __main__ -   label: 5
11/12/2023 06:58:07 - DEBUG - __main__ -   pred: 5
11/12/2023 06:58:07 - DEBUG - __main__ -   label: 5
11/12/2023 06:58:07 - DEBUG - __main__ -   pred: 4
11/12/2023 06:58:07 - DEBUG - __main__ -   label: 3
11/12/2023 06:58:07 - DEBUG - __main__ -   pred: 3
11/12/2023 06:58:07 - DEBUG - __main__ -   label: 3
11/12/2023 06:58:07 - DEBUG - __main__ -   pred: 4
11/12/2023 06:58:07 - DEBUG - __main__ -   label: 4
11/12/2023 06:58:07 - DEBUG - __main__ -   pred: 3
11/12/2023 06:58:07 - DEBUG - __main__ -   label: 3
11/12/2023 06:58:07 - DEBUG - __main__ -   pred: 2
11/12/2023 06:58:07 - DEBUG - __main__ -   label: 3
11/12/2023 06:58:07 - DEBUG - __main__ -   pred: 4
11/12/2023 06:58:07 - DEBUG - __main__ -   label: 2
11/12/2023 06:58:07 - DEBUG - __main__ -   pred: 1
11/12/2023 06:58:07 - DEBUG - __main__ -   label: 2
11/12/2023 06:58:07 - DEBUG - __main__ -   pred: 2
11/12/2023 06:58:07 - DEBUG - __main__ -   label: 3
11/12/2023 06:58:07 - DEBUG - __main__ -   pred: 3
11/12/2023 06:58:07 - DEBUG - __main__ -   label: 3
11/12/2023 06:58:07 - DEBUG - __main__ -   pred: 2
11/12/2023 06:58:07 - DEBUG - __main__ -   label: 5
11/12/2023 06:58:07 - DEBUG - __main__ -   pred: 5
11/12/2023 06:58:07 - DEBUG - __main__ -   label: 3
11/12/2023 06:58:07 - DEBUG - __main__ -   pred: 3
11/12/2023 06:58:07 - DEBUG - __main__ -   label: 3
11/12/2023 06:58:07 - DEBUG - __main__ -   pred: 4
11/12/2023 06:58:07 - DEBUG - __main__ -   label: 6
11/12/2023 06:58:07 - DEBUG - __main__ -   pred: 5
11/12/2023 06:58:07 - DEBUG - __main__ -   label: 4
11/12/2023 06:58:07 - DEBUG - __main__ -   pred: 4
11/12/2023 06:58:07 - DEBUG - __main__ -   label: 3
11/12/2023 06:58:07 - DEBUG - __main__ -   pred: 3
11/12/2023 06:58:07 - DEBUG - __main__ -   label: 3
11/12/2023 06:58:07 - DEBUG - __main__ -   pred: 3
11/12/2023 06:58:07 - DEBUG - __main__ -   label: 6
11/12/2023 06:58:07 - DEBUG - __main__ -   pred: 5
11/12/2023 06:58:07 - DEBUG - __main__ -   label: 4
11/12/2023 06:58:07 - DEBUG - __main__ -   pred: 5
11/12/2023 06:58:07 - DEBUG - __main__ -   label: 3
11/12/2023 06:58:07 - DEBUG - __main__ -   pred: 3
11/12/2023 06:58:07 - DEBUG - __main__ -   label: 4
11/12/2023 06:58:07 - DEBUG - __main__ -   pred: 4
11/12/2023 06:58:07 - DEBUG - __main__ -   label: 4
11/12/2023 06:58:07 - DEBUG - __main__ -   pred: 4
11/12/2023 06:58:07 - DEBUG - __main__ -   label: 6
11/12/2023 06:58:07 - DEBUG - __main__ -   pred: 5
11/12/2023 06:58:07 - DEBUG - __main__ -   label: 3
11/12/2023 06:58:07 - DEBUG - __main__ -   pred: 3
11/12/2023 06:58:07 - DEBUG - __main__ -   label: 6
11/12/2023 06:58:07 - DEBUG - __main__ -   pred: 2
11/12/2023 06:58:07 - DEBUG - __main__ -   label: 4
11/12/2023 06:58:07 - DEBUG - __main__ -   pred: 3
11/12/2023 06:58:07 - DEBUG - __main__ -   label: 1
11/12/2023 06:58:07 - DEBUG - __main__ -   pred: 2
11/12/2023 06:58:07 - DEBUG - __main__ -   label: 3
11/12/2023 06:58:07 - DEBUG - __main__ -   pred: 1
11/12/2023 06:58:07 - DEBUG - __main__ -   label: 6
11/12/2023 06:58:07 - DEBUG - __main__ -   pred: 3
11/12/2023 06:58:07 - DEBUG - __main__ -   label: 3
11/12/2023 06:58:07 - DEBUG - __main__ -   pred: 3
11/12/2023 06:58:07 - DEBUG - __main__ -   label: 5
11/12/2023 06:58:07 - DEBUG - __main__ -   pred: 3
11/12/2023 06:58:07 - DEBUG - __main__ -   label: 5
11/12/2023 06:58:07 - DEBUG - __main__ -   pred: 4
11/12/2023 06:58:07 - DEBUG - __main__ -   label: 2
11/12/2023 06:58:07 - DEBUG - __main__ -   pred: 2
11/12/2023 06:58:07 - DEBUG - __main__ -   label: 4
11/12/2023 06:58:07 - DEBUG - __main__ -   pred: 5
11/12/2023 06:58:07 - DEBUG - __main__ -   label: 5
11/12/2023 06:58:07 - DEBUG - __main__ -   pred: 4
11/12/2023 06:58:07 - DEBUG - __main__ -   label: 6
11/12/2023 06:58:07 - DEBUG - __main__ -   pred: 5
11/12/2023 06:58:07 - DEBUG - __main__ -   label: 6
11/12/2023 06:58:07 - DEBUG - __main__ -   pred: 5
11/12/2023 06:58:07 - DEBUG - __main__ -   label: 5
11/12/2023 06:58:07 - DEBUG - __main__ -   pred: 4
11/12/2023 06:58:07 - DEBUG - __main__ -   label: 6
11/12/2023 06:58:07 - DEBUG - __main__ -   pred: 5
11/12/2023 06:58:07 - DEBUG - __main__ -   label: 4
11/12/2023 06:58:07 - DEBUG - __main__ -   pred: 4
11/12/2023 06:58:07 - DEBUG - __main__ -   label: 4
11/12/2023 06:58:07 - DEBUG - __main__ -   pred: 4
11/12/2023 06:58:07 - DEBUG - __main__ -   label: 4
11/12/2023 06:58:07 - DEBUG - __main__ -   pred: 4
11/12/2023 06:58:07 - DEBUG - __main__ -   label: 5
11/12/2023 06:58:07 - DEBUG - __main__ -   pred: 4
11/12/2023 06:58:07 - DEBUG - __main__ -   label: 5
11/12/2023 06:58:07 - DEBUG - __main__ -   pred: 4
11/12/2023 06:58:07 - DEBUG - __main__ -   label: 4
11/12/2023 06:58:07 - DEBUG - __main__ -   pred: 4
11/12/2023 06:58:07 - DEBUG - __main__ -   label: 4
11/12/2023 06:58:07 - DEBUG - __main__ -   pred: 1
11/12/2023 06:58:07 - DEBUG - __main__ -   label: 1
11/12/2023 06:58:07 - DEBUG - __main__ -   pred: 1
11/12/2023 06:58:07 - DEBUG - __main__ -   label: 5
11/12/2023 06:58:07 - DEBUG - __main__ -   pred: 4
11/12/2023 06:58:07 - DEBUG - __main__ -   label: 3
11/12/2023 06:58:07 - DEBUG - __main__ -   pred: 4
11/12/2023 06:58:07 - DEBUG - __main__ -   label: 2
11/12/2023 06:58:07 - DEBUG - __main__ -   pred: 2
11/12/2023 06:58:07 - DEBUG - __main__ -   label: 2
11/12/2023 06:58:07 - DEBUG - __main__ -   pred: 4
11/12/2023 06:58:07 - DEBUG - __main__ -   label: 5
11/12/2023 06:58:07 - DEBUG - __main__ -   pred: 5
11/12/2023 06:58:07 - DEBUG - __main__ -   label: 5
11/12/2023 06:58:07 - DEBUG - __main__ -   pred: 4
11/12/2023 06:58:07 - DEBUG - __main__ -   label: 5
11/12/2023 06:58:07 - DEBUG - __main__ -   pred: 5
11/12/2023 06:58:07 - DEBUG - __main__ -   label: 3
11/12/2023 06:58:07 - DEBUG - __main__ -   pred: 4
11/12/2023 06:58:07 - DEBUG - __main__ -   label: 4
11/12/2023 06:58:07 - DEBUG - __main__ -   pred: 5
11/12/2023 06:58:07 - DEBUG - __main__ -   label: 5
11/12/2023 06:58:07 - DEBUG - __main__ -   pred: 5
11/12/2023 06:58:07 - DEBUG - __main__ -   label: 5
11/12/2023 06:58:07 - DEBUG - __main__ -   pred: 5
11/12/2023 06:58:07 - DEBUG - __main__ -   label: 4
11/12/2023 06:58:07 - DEBUG - __main__ -   pred: 3
11/12/2023 06:58:07 - DEBUG - __main__ -   label: 4
11/12/2023 06:58:07 - DEBUG - __main__ -   pred: 3
11/12/2023 06:58:07 - DEBUG - __main__ -   label: 4
11/12/2023 06:58:07 - DEBUG - __main__ -   pred: 3
11/12/2023 06:58:07 - DEBUG - __main__ -   label: 3
11/12/2023 06:58:07 - DEBUG - __main__ -   pred: 2
11/12/2023 06:58:07 - DEBUG - __main__ -   label: 5
11/12/2023 06:58:07 - DEBUG - __main__ -   pred: 1
11/12/2023 06:58:07 - DEBUG - __main__ -   label: 3
11/12/2023 06:58:07 - DEBUG - __main__ -   pred: 2
11/12/2023 06:58:07 - DEBUG - __main__ -   label: 4
11/12/2023 06:58:07 - DEBUG - __main__ -   pred: 3
11/12/2023 06:58:07 - DEBUG - __main__ -   label: 2
11/12/2023 06:58:07 - DEBUG - __main__ -   pred: 1
11/12/2023 06:58:07 - DEBUG - __main__ -   label: 2
11/12/2023 06:58:07 - DEBUG - __main__ -   pred: 1
11/12/2023 06:58:07 - DEBUG - __main__ -   label: 5
11/12/2023 06:58:07 - DEBUG - __main__ -   pred: 5
11/12/2023 06:58:07 - DEBUG - __main__ -   label: 5
11/12/2023 06:58:07 - DEBUG - __main__ -   pred: 5
11/12/2023 06:58:07 - DEBUG - __main__ -   label: 4
11/12/2023 06:58:07 - DEBUG - __main__ -   pred: 4
11/12/2023 06:58:07 - DEBUG - __main__ -   label: 4
11/12/2023 06:58:07 - DEBUG - __main__ -   pred: 5
11/12/2023 06:58:07 - DEBUG - __main__ -   label: 2
11/12/2023 06:58:07 - DEBUG - __main__ -   pred: 3
11/12/2023 06:58:07 - DEBUG - __main__ -   label: 4
11/12/2023 06:58:07 - DEBUG - __main__ -   pred: 4
11/12/2023 06:58:07 - DEBUG - __main__ -   label: 3
11/12/2023 06:58:07 - DEBUG - __main__ -   pred: 3
11/12/2023 06:58:07 - DEBUG - __main__ -   label: 3
11/12/2023 06:58:07 - DEBUG - __main__ -   pred: 4
11/12/2023 06:58:07 - DEBUG - __main__ -   label: 3
11/12/2023 06:58:07 - DEBUG - __main__ -   pred: 4
11/12/2023 06:58:07 - DEBUG - __main__ -   label: 3
11/12/2023 06:58:07 - DEBUG - __main__ -   pred: 4
11/12/2023 06:58:07 - DEBUG - __main__ -   label: 1
11/12/2023 06:58:07 - DEBUG - __main__ -   pred: 3
11/12/2023 06:58:07 - DEBUG - __main__ -   label: 3
11/12/2023 06:58:07 - DEBUG - __main__ -   pred: 4
11/12/2023 06:58:07 - DEBUG - __main__ -   label: 6
11/12/2023 06:58:07 - DEBUG - __main__ -   pred: 5
11/12/2023 06:58:07 - DEBUG - __main__ -   label: 4
11/12/2023 06:58:07 - DEBUG - __main__ -   pred: 4
11/12/2023 06:58:07 - DEBUG - __main__ -   label: 4
11/12/2023 06:58:07 - DEBUG - __main__ -   pred: 4
11/12/2023 06:58:07 - DEBUG - __main__ -   label: 4
11/12/2023 06:58:07 - DEBUG - __main__ -   pred: 4
11/12/2023 06:58:07 - DEBUG - __main__ -   label: 3
11/12/2023 06:58:07 - DEBUG - __main__ -   pred: 3
11/12/2023 06:58:07 - DEBUG - __main__ -   label: 4
11/12/2023 06:58:07 - DEBUG - __main__ -   pred: 5
11/12/2023 06:58:07 - DEBUG - __main__ -   label: 3
11/12/2023 06:58:07 - DEBUG - __main__ -   pred: 4
11/12/2023 06:58:07 - DEBUG - __main__ -   label: 2
11/12/2023 06:58:07 - DEBUG - __main__ -   pred: 2
11/12/2023 06:58:07 - DEBUG - __main__ -   label: 3
11/12/2023 06:58:07 - DEBUG - __main__ -   pred: 3
11/12/2023 06:58:07 - DEBUG - __main__ -   label: 2
11/12/2023 06:58:07 - DEBUG - __main__ -   pred: 2
11/12/2023 06:58:07 - DEBUG - __main__ -   label: 4
11/12/2023 06:58:07 - DEBUG - __main__ -   pred: 4
11/12/2023 06:58:07 - DEBUG - __main__ -   label: 3
11/12/2023 06:58:07 - DEBUG - __main__ -   pred: 2
11/12/2023 06:58:07 - DEBUG - __main__ -   label: 3
11/12/2023 06:58:07 - DEBUG - __main__ -   pred: 3
11/12/2023 06:58:07 - DEBUG - __main__ -   label: 3
11/12/2023 06:58:07 - DEBUG - __main__ -   pred: 3
11/12/2023 06:58:07 - DEBUG - __main__ -   label: 2
11/12/2023 06:58:07 - DEBUG - __main__ -   pred: 3
11/12/2023 06:58:07 - DEBUG - __main__ -   label: 2
11/12/2023 06:58:07 - DEBUG - __main__ -   pred: 3
11/12/2023 06:58:07 - DEBUG - __main__ -   label: 3
11/12/2023 06:58:07 - DEBUG - __main__ -   pred: 4
11/12/2023 06:58:07 - DEBUG - __main__ -   label: 5
11/12/2023 06:58:07 - DEBUG - __main__ -   pred: 4
11/12/2023 06:58:07 - DEBUG - __main__ -   label: 4
11/12/2023 06:58:07 - DEBUG - __main__ -   pred: 5
11/12/2023 06:58:07 - DEBUG - __main__ -   label: 4
11/12/2023 06:58:07 - DEBUG - __main__ -   pred: 4
11/12/2023 06:58:07 - DEBUG - __main__ -   label: 3
11/12/2023 06:58:07 - DEBUG - __main__ -   pred: 3
11/12/2023 06:58:07 - DEBUG - __main__ -   label: 3
11/12/2023 06:58:07 - DEBUG - __main__ -   pred: 4
11/12/2023 06:58:07 - DEBUG - __main__ -   label: 5
11/12/2023 06:58:07 - DEBUG - __main__ -   pred: 4
11/12/2023 06:58:07 - DEBUG - __main__ -   label: 2
11/12/2023 06:58:07 - DEBUG - __main__ -   pred: 2
11/12/2023 06:58:07 - DEBUG - __main__ -   label: 4
11/12/2023 06:58:07 - DEBUG - __main__ -   pred: 1
11/12/2023 06:58:07 - DEBUG - __main__ -   label: 6
11/12/2023 06:58:07 - DEBUG - __main__ -   pred: 4
11/12/2023 06:58:07 - DEBUG - __main__ -   label: 3
11/12/2023 06:58:07 - DEBUG - __main__ -   pred: 1
11/12/2023 06:58:07 - DEBUG - __main__ -   label: 5
11/12/2023 06:58:07 - DEBUG - __main__ -   pred: 4
11/12/2023 06:58:07 - DEBUG - __main__ -   label: 4
11/12/2023 06:58:07 - DEBUG - __main__ -   pred: 2
11/12/2023 06:58:07 - DEBUG - __main__ -   label: 3
11/12/2023 06:58:07 - DEBUG - __main__ -   pred: 2
11/12/2023 06:58:07 - DEBUG - __main__ -   label: 6
11/12/2023 06:58:07 - DEBUG - __main__ -   pred: 3
11/12/2023 06:58:07 - DEBUG - __main__ -   label: 5
11/12/2023 06:58:07 - DEBUG - __main__ -   pred: 3
11/12/2023 06:58:07 - DEBUG - __main__ -   label: 3
11/12/2023 06:58:07 - DEBUG - __main__ -   pred: 2
11/12/2023 06:58:07 - DEBUG - __main__ -   label: 6
11/12/2023 06:58:07 - DEBUG - __main__ -   pred: 4
11/12/2023 06:58:07 - DEBUG - __main__ -   label: 5
11/12/2023 06:58:07 - DEBUG - __main__ -   pred: 3
11/12/2023 06:58:07 - DEBUG - __main__ -   label: 3
11/12/2023 06:58:07 - DEBUG - __main__ -   pred: 4
11/12/2023 06:58:07 - DEBUG - __main__ -   label: 5
11/12/2023 06:58:07 - DEBUG - __main__ -   pred: 5
11/12/2023 06:58:07 - DEBUG - __main__ -   label: 4
11/12/2023 06:58:07 - DEBUG - __main__ -   pred: 4
11/12/2023 06:58:07 - DEBUG - __main__ -   label: 6
11/12/2023 06:58:07 - DEBUG - __main__ -   pred: 5
11/12/2023 06:58:07 - DEBUG - __main__ -   label: 4
11/12/2023 06:58:07 - DEBUG - __main__ -   pred: 4
11/12/2023 06:58:07 - DEBUG - __main__ -   label: 3
11/12/2023 06:58:07 - DEBUG - __main__ -   pred: 5
11/12/2023 06:58:07 - DEBUG - __main__ -   label: 6
11/12/2023 06:58:07 - DEBUG - __main__ -   pred: 5
11/12/2023 06:58:07 - DEBUG - __main__ -   label: 6
11/12/2023 06:58:07 - DEBUG - __main__ -   pred: 5
11/12/2023 06:58:07 - DEBUG - __main__ -   label: 5
11/12/2023 06:58:07 - DEBUG - __main__ -   pred: 5
11/12/2023 06:58:07 - DEBUG - __main__ -   label: 5
11/12/2023 06:58:07 - DEBUG - __main__ -   pred: 4
11/12/2023 06:58:07 - DEBUG - __main__ -   label: 4
11/12/2023 06:58:07 - DEBUG - __main__ -   pred: 4
11/12/2023 06:58:07 - DEBUG - __main__ -   label: 2
11/12/2023 06:58:07 - DEBUG - __main__ -   pred: 4
11/12/2023 06:58:07 - DEBUG - __main__ -   label: 0
11/12/2023 06:58:07 - DEBUG - __main__ -   pred: 1
11/12/2023 06:58:07 - DEBUG - __main__ -   label: 4
11/12/2023 06:58:07 - DEBUG - __main__ -   pred: 3
11/12/2023 06:58:07 - DEBUG - __main__ -   label: 3
11/12/2023 06:58:07 - DEBUG - __main__ -   pred: 3
11/12/2023 06:58:07 - DEBUG - __main__ -   label: 3
11/12/2023 06:58:07 - DEBUG - __main__ -   pred: 4
11/12/2023 06:58:07 - DEBUG - __main__ -   label: 5
11/12/2023 06:58:07 - DEBUG - __main__ -   pred: 5
11/12/2023 06:58:07 - DEBUG - __main__ -   label: 5
11/12/2023 06:58:07 - DEBUG - __main__ -   pred: 5
11/12/2023 06:58:07 - DEBUG - __main__ -   label: 1
11/12/2023 06:58:07 - DEBUG - __main__ -   pred: 2
11/12/2023 06:58:07 - DEBUG - __main__ -   label: 4
11/12/2023 06:58:07 - DEBUG - __main__ -   pred: 3
11/12/2023 06:58:07 - DEBUG - __main__ -   label: 3
11/12/2023 06:58:07 - DEBUG - __main__ -   pred: 4
11/12/2023 06:58:07 - DEBUG - __main__ -   label: 4
11/12/2023 06:58:07 - DEBUG - __main__ -   pred: 3
11/12/2023 06:58:07 - DEBUG - __main__ -   label: 3
11/12/2023 06:58:07 - DEBUG - __main__ -   pred: 2
11/12/2023 06:58:07 - DEBUG - __main__ -   label: 4
11/12/2023 06:58:07 - DEBUG - __main__ -   pred: 4
11/12/2023 06:58:07 - DEBUG - __main__ -   label: 1
11/12/2023 06:58:07 - DEBUG - __main__ -   pred: 2
11/12/2023 06:58:07 - DEBUG - __main__ -   label: 5
11/12/2023 06:58:07 - DEBUG - __main__ -   pred: 5
11/12/2023 06:58:07 - DEBUG - __main__ -   label: 5
11/12/2023 06:58:07 - DEBUG - __main__ -   pred: 5
11/12/2023 06:58:07 - DEBUG - __main__ -   label: 4
11/12/2023 06:58:07 - DEBUG - __main__ -   pred: 5
11/12/2023 06:58:07 - DEBUG - __main__ -   label: 4
11/12/2023 06:58:07 - DEBUG - __main__ -   pred: 4
11/12/2023 06:58:07 - DEBUG - __main__ -   label: 2
11/12/2023 06:58:07 - DEBUG - __main__ -   pred: 4
11/12/2023 06:58:07 - DEBUG - __main__ -   label: 5
11/12/2023 06:58:07 - DEBUG - __main__ -   pred: 4
11/12/2023 06:58:07 - DEBUG - __main__ -   label: 2
11/12/2023 06:58:07 - DEBUG - __main__ -   pred: 2
11/12/2023 06:58:07 - DEBUG - __main__ -   label: 4
11/12/2023 06:58:07 - DEBUG - __main__ -   pred: 4
11/12/2023 06:58:07 - DEBUG - __main__ -   label: 2
11/12/2023 06:58:07 - DEBUG - __main__ -   pred: 2
11/12/2023 06:58:07 - DEBUG - __main__ -   label: 6
11/12/2023 06:58:07 - DEBUG - __main__ -   pred: 4
11/12/2023 06:58:07 - DEBUG - __main__ -   label: 2
11/12/2023 06:58:07 - DEBUG - __main__ -   pred: 3
11/12/2023 06:58:07 - DEBUG - __main__ -   label: 1
11/12/2023 06:58:07 - DEBUG - __main__ -   pred: 2
11/12/2023 06:58:07 - DEBUG - __main__ -   label: 3
11/12/2023 06:58:07 - DEBUG - __main__ -   pred: 4
11/12/2023 06:58:07 - DEBUG - __main__ -   label: 4
11/12/2023 06:58:07 - DEBUG - __main__ -   pred: 4
11/12/2023 06:58:07 - DEBUG - __main__ -   label: 3
11/12/2023 06:58:07 - DEBUG - __main__ -   pred: 4
11/12/2023 06:58:07 - DEBUG - __main__ -   label: 5
11/12/2023 06:58:07 - DEBUG - __main__ -   pred: 4
11/12/2023 06:58:07 - DEBUG - __main__ -   label: 2
11/12/2023 06:58:07 - DEBUG - __main__ -   pred: 2
11/12/2023 06:58:07 - DEBUG - __main__ -   label: 2
11/12/2023 06:58:07 - DEBUG - __main__ -   pred: 3
11/12/2023 06:58:07 - DEBUG - __main__ -   label: 4
11/12/2023 06:58:07 - DEBUG - __main__ -   pred: 5
11/12/2023 06:58:07 - DEBUG - __main__ -   label: 2
11/12/2023 06:58:07 - DEBUG - __main__ -   pred: 2
11/12/2023 06:58:07 - DEBUG - __main__ -   label: 2
11/12/2023 06:58:07 - DEBUG - __main__ -   pred: 2
11/12/2023 06:58:07 - DEBUG - __main__ -   label: 2
11/12/2023 06:58:07 - DEBUG - __main__ -   pred: 1
11/12/2023 06:58:07 - DEBUG - __main__ -   label: 1
11/12/2023 06:58:07 - DEBUG - __main__ -   pred: 1
11/12/2023 06:58:07 - DEBUG - __main__ -   label: 1
11/12/2023 06:58:07 - DEBUG - __main__ -   pred: 1
11/12/2023 06:58:07 - DEBUG - __main__ -   label: 2
11/12/2023 06:58:07 - DEBUG - __main__ -   pred: 2
11/12/2023 06:58:07 - DEBUG - __main__ -   label: 1
11/12/2023 06:58:07 - DEBUG - __main__ -   pred: 2
11/12/2023 06:58:07 - DEBUG - __main__ -   label: 1
11/12/2023 06:58:07 - DEBUG - __main__ -   pred: 1
11/12/2023 06:58:07 - DEBUG - __main__ -   label: 2
11/12/2023 06:58:07 - DEBUG - __main__ -   pred: 2
11/12/2023 06:58:07 - DEBUG - __main__ -   label: 2
11/12/2023 06:58:07 - DEBUG - __main__ -   pred: 2
11/12/2023 06:58:07 - DEBUG - __main__ -   label: 2
11/12/2023 06:58:07 - DEBUG - __main__ -   pred: 2
11/12/2023 06:58:07 - DEBUG - __main__ -   label: 2
11/12/2023 06:58:07 - DEBUG - __main__ -   pred: 2
11/12/2023 06:58:07 - DEBUG - __main__ -   label: 2
11/12/2023 06:58:07 - DEBUG - __main__ -   pred: 1
11/12/2023 06:58:07 - DEBUG - __main__ -   label: 2
11/12/2023 06:58:07 - DEBUG - __main__ -   pred: 2
11/12/2023 06:58:07 - DEBUG - __main__ -   label: 6
11/12/2023 06:58:07 - DEBUG - __main__ -   pred: 5
11/12/2023 06:58:07 - DEBUG - __main__ -   label: 6
11/12/2023 06:58:07 - DEBUG - __main__ -   pred: 5
11/12/2023 06:58:07 - DEBUG - __main__ -   label: 5
11/12/2023 06:58:07 - DEBUG - __main__ -   pred: 5
11/12/2023 06:58:07 - DEBUG - __main__ -   label: 5
11/12/2023 06:58:07 - DEBUG - __main__ -   pred: 4
11/12/2023 06:58:07 - DEBUG - __main__ -   label: 5
11/12/2023 06:58:07 - DEBUG - __main__ -   pred: 5
11/12/2023 06:58:07 - DEBUG - __main__ -   label: 6
11/12/2023 06:58:07 - DEBUG - __main__ -   pred: 5
11/12/2023 06:58:07 - DEBUG - __main__ -   label: 2
11/12/2023 06:58:07 - DEBUG - __main__ -   pred: 1
11/12/2023 06:58:07 - DEBUG - __main__ -   label: 2
11/12/2023 06:58:07 - DEBUG - __main__ -   pred: 2
11/12/2023 06:58:07 - DEBUG - __main__ -   label: 1
11/12/2023 06:58:07 - DEBUG - __main__ -   pred: 2
11/12/2023 06:58:07 - DEBUG - __main__ -   label: 1
11/12/2023 06:58:07 - DEBUG - __main__ -   pred: 1
11/12/2023 06:58:07 - DEBUG - __main__ -   label: 1
11/12/2023 06:58:07 - DEBUG - __main__ -   pred: 2
11/12/2023 06:58:07 - DEBUG - __main__ -   label: 1
11/12/2023 06:58:07 - DEBUG - __main__ -   pred: 1
11/12/2023 06:58:07 - DEBUG - __main__ -   label: 2
11/12/2023 06:58:07 - DEBUG - __main__ -   pred: 3
11/12/2023 06:58:07 - DEBUG - __main__ -   label: 2
11/12/2023 06:58:07 - DEBUG - __main__ -   pred: 1
11/12/2023 06:58:07 - DEBUG - __main__ -   label: 1
11/12/2023 06:58:07 - DEBUG - __main__ -   pred: 1
11/12/2023 06:58:07 - DEBUG - __main__ -   label: 1
11/12/2023 06:58:07 - DEBUG - __main__ -   pred: 1
11/12/2023 06:58:07 - DEBUG - __main__ -   label: 2
11/12/2023 06:58:07 - DEBUG - __main__ -   pred: 2
11/12/2023 06:58:07 - DEBUG - __main__ -   label: 2
11/12/2023 06:58:07 - DEBUG - __main__ -   pred: 1
11/12/2023 06:58:07 - DEBUG - __main__ -   label: 2
11/12/2023 06:58:07 - DEBUG - __main__ -   pred: 2
11/12/2023 06:58:07 - DEBUG - __main__ -   label: 2
11/12/2023 06:58:07 - DEBUG - __main__ -   pred: 2
11/12/2023 06:58:07 - DEBUG - __main__ -   label: 5
11/12/2023 06:58:07 - DEBUG - __main__ -   pred: 5
11/12/2023 06:58:07 - DEBUG - __main__ -   label: 5
11/12/2023 06:58:07 - DEBUG - __main__ -   pred: 5
11/12/2023 06:58:07 - DEBUG - __main__ -   label: 4
11/12/2023 06:58:07 - DEBUG - __main__ -   pred: 4
11/12/2023 06:58:07 - DEBUG - __main__ -   label: 5
11/12/2023 06:58:07 - DEBUG - __main__ -   pred: 5
11/12/2023 06:58:07 - DEBUG - __main__ -   label: 5
11/12/2023 06:58:07 - DEBUG - __main__ -   pred: 5
11/12/2023 06:58:07 - DEBUG - __main__ -   label: 5
11/12/2023 06:58:07 - DEBUG - __main__ -   pred: 5
11/12/2023 06:58:07 - DEBUG - __main__ -   label: 3
11/12/2023 06:58:07 - DEBUG - __main__ -   pred: 3
11/12/2023 06:58:07 - DEBUG - __main__ -   label: 5
11/12/2023 06:58:07 - DEBUG - __main__ -   pred: 5
11/12/2023 06:58:07 - DEBUG - __main__ -   label: 5
11/12/2023 06:58:07 - DEBUG - __main__ -   pred: 5
11/12/2023 06:58:07 - DEBUG - __main__ -   label: 4
11/12/2023 06:58:07 - DEBUG - __main__ -   pred: 5
11/12/2023 06:58:07 - DEBUG - __main__ -   label: 2
11/12/2023 06:58:07 - DEBUG - __main__ -   pred: 1
11/12/2023 06:58:07 - DEBUG - __main__ -   label: 4
11/12/2023 06:58:07 - DEBUG - __main__ -   pred: 4
11/12/2023 06:58:07 - DEBUG - __main__ -   label: 5
11/12/2023 06:58:07 - DEBUG - __main__ -   pred: 5
11/12/2023 06:58:07 - DEBUG - __main__ -   label: 2
11/12/2023 06:58:07 - DEBUG - __main__ -   pred: 1
11/12/2023 06:58:07 - DEBUG - __main__ -   label: 3
11/12/2023 06:58:07 - DEBUG - __main__ -   pred: 2
11/12/2023 06:58:07 - DEBUG - __main__ -   label: 3
11/12/2023 06:58:07 - DEBUG - __main__ -   pred: 2
11/12/2023 06:58:07 - DEBUG - __main__ -   label: 2
11/12/2023 06:58:07 - DEBUG - __main__ -   pred: 2
11/12/2023 06:58:07 - DEBUG - __main__ -   label: 2
11/12/2023 06:58:07 - DEBUG - __main__ -   pred: 2
11/12/2023 06:58:07 - DEBUG - __main__ -   label: 3
11/12/2023 06:58:07 - DEBUG - __main__ -   pred: 1
11/12/2023 06:58:07 - DEBUG - __main__ -   label: 2
11/12/2023 06:58:07 - DEBUG - __main__ -   pred: 1
11/12/2023 06:58:07 - DEBUG - __main__ -   label: 2
11/12/2023 06:58:07 - DEBUG - __main__ -   pred: 2
11/12/2023 06:58:07 - DEBUG - __main__ -   label: 2
11/12/2023 06:58:07 - DEBUG - __main__ -   pred: 2
11/12/2023 06:58:07 - DEBUG - __main__ -   label: 2
11/12/2023 06:58:07 - DEBUG - __main__ -   pred: 2
11/12/2023 06:58:07 - DEBUG - __main__ -   label: 2
11/12/2023 06:58:07 - DEBUG - __main__ -   pred: 2
11/12/2023 06:58:07 - DEBUG - __main__ -   label: 1
11/12/2023 06:58:07 - DEBUG - __main__ -   pred: 1
11/12/2023 06:58:07 - DEBUG - __main__ -   label: 2
11/12/2023 06:58:07 - DEBUG - __main__ -   pred: 1
11/12/2023 06:58:07 - DEBUG - __main__ -   label: 2
11/12/2023 06:58:07 - DEBUG - __main__ -   pred: 1
11/12/2023 06:58:07 - DEBUG - __main__ -   label: 2
11/12/2023 06:58:07 - DEBUG - __main__ -   pred: 1
11/12/2023 06:58:07 - DEBUG - __main__ -   label: 1
11/12/2023 06:58:07 - DEBUG - __main__ -   pred: 1
11/12/2023 06:58:07 - DEBUG - __main__ -   label: 3
11/12/2023 06:58:07 - DEBUG - __main__ -   pred: 2
11/12/2023 06:58:07 - DEBUG - __main__ -   label: 2
11/12/2023 06:58:07 - DEBUG - __main__ -   pred: 2
11/12/2023 06:58:07 - DEBUG - __main__ -   label: 1
11/12/2023 06:58:07 - DEBUG - __main__ -   pred: 2
11/12/2023 06:58:07 - DEBUG - __main__ -   label: 1
11/12/2023 06:58:07 - DEBUG - __main__ -   pred: 2
11/12/2023 06:58:07 - DEBUG - __main__ -   label: 2
11/12/2023 06:58:07 - DEBUG - __main__ -   pred: 2
11/12/2023 06:58:07 - DEBUG - __main__ -   label: 4
11/12/2023 06:58:07 - DEBUG - __main__ -   pred: 3
11/12/2023 06:58:07 - DEBUG - __main__ -   label: 5
11/12/2023 06:58:07 - DEBUG - __main__ -   pred: 5
11/12/2023 06:58:07 - DEBUG - __main__ -   label: 5
11/12/2023 06:58:07 - DEBUG - __main__ -   pred: 5
11/12/2023 06:58:07 - DEBUG - __main__ -   label: 6
11/12/2023 06:58:07 - DEBUG - __main__ -   pred: 5
11/12/2023 06:58:07 - DEBUG - __main__ -   label: 4
11/12/2023 06:58:07 - DEBUG - __main__ -   pred: 4
11/12/2023 06:58:07 - DEBUG - __main__ -   label: 5
11/12/2023 06:58:07 - DEBUG - __main__ -   pred: 5
11/12/2023 06:58:07 - DEBUG - __main__ -   label: 4
11/12/2023 06:58:07 - DEBUG - __main__ -   pred: 5
11/12/2023 06:58:07 - DEBUG - __main__ -   label: 5
11/12/2023 06:58:07 - DEBUG - __main__ -   pred: 5
11/12/2023 06:58:07 - DEBUG - __main__ -   label: 3
11/12/2023 06:58:07 - DEBUG - __main__ -   pred: 2
11/12/2023 06:58:07 - DEBUG - __main__ -   label: 5
11/12/2023 06:58:07 - DEBUG - __main__ -   pred: 4
11/12/2023 06:58:07 - DEBUG - __main__ -   label: 6
11/12/2023 06:58:07 - DEBUG - __main__ -   pred: 5
11/12/2023 06:58:07 - DEBUG - __main__ -   label: 2
11/12/2023 06:58:07 - DEBUG - __main__ -   pred: 2
11/12/2023 06:58:07 - DEBUG - __main__ -   label: 2
11/12/2023 06:58:07 - DEBUG - __main__ -   pred: 2
11/12/2023 06:58:07 - DEBUG - __main__ -   label: 2
11/12/2023 06:58:07 - DEBUG - __main__ -   pred: 1
11/12/2023 06:58:07 - DEBUG - __main__ -   label: 2
11/12/2023 06:58:07 - DEBUG - __main__ -   pred: 1
11/12/2023 06:58:07 - DEBUG - __main__ -   label: 3
11/12/2023 06:58:07 - DEBUG - __main__ -   pred: 2
11/12/2023 06:58:07 - DEBUG - __main__ -   label: 2
11/12/2023 06:58:07 - DEBUG - __main__ -   pred: 1
11/12/2023 06:58:07 - DEBUG - __main__ -   label: 3
11/12/2023 06:58:07 - DEBUG - __main__ -   pred: 1
11/12/2023 06:58:07 - DEBUG - __main__ -   label: 3
11/12/2023 06:58:07 - DEBUG - __main__ -   pred: 1
11/12/2023 06:58:07 - DEBUG - __main__ -   label: 3
11/12/2023 06:58:07 - DEBUG - __main__ -   pred: 1
11/12/2023 06:58:07 - DEBUG - __main__ -   label: 3
11/12/2023 06:58:07 - DEBUG - __main__ -   pred: 2
11/12/2023 06:58:07 - DEBUG - __main__ -   label: 3
11/12/2023 06:58:07 - DEBUG - __main__ -   pred: 2
11/12/2023 06:58:07 - DEBUG - __main__ -   label: 3
11/12/2023 06:58:07 - DEBUG - __main__ -   pred: 1
11/12/2023 06:58:07 - DEBUG - __main__ -   label: 2
11/12/2023 06:58:07 - DEBUG - __main__ -   pred: 1
11/12/2023 06:58:07 - DEBUG - __main__ -   label: 3
11/12/2023 06:58:07 - DEBUG - __main__ -   pred: 2
11/12/2023 06:58:07 - DEBUG - __main__ -   label: 3
11/12/2023 06:58:07 - DEBUG - __main__ -   pred: 1
11/12/2023 06:58:07 - DEBUG - __main__ -   label: 2
11/12/2023 06:58:07 - DEBUG - __main__ -   pred: 1
11/12/2023 06:58:07 - DEBUG - __main__ -   label: 3
11/12/2023 06:58:07 - DEBUG - __main__ -   pred: 2
11/12/2023 06:58:07 - DEBUG - __main__ -   label: 2
11/12/2023 06:58:07 - DEBUG - __main__ -   pred: 1
11/12/2023 06:58:07 - DEBUG - __main__ -   label: 3
11/12/2023 06:58:07 - DEBUG - __main__ -   pred: 1
11/12/2023 06:58:07 - DEBUG - __main__ -   label: 3
11/12/2023 06:58:07 - DEBUG - __main__ -   pred: 2
11/12/2023 06:58:07 - DEBUG - __main__ -   label: 2
11/12/2023 06:58:07 - DEBUG - __main__ -   pred: 2
11/12/2023 06:58:07 - DEBUG - __main__ -   label: 3
11/12/2023 06:58:07 - DEBUG - __main__ -   pred: 1
11/12/2023 06:58:07 - DEBUG - __main__ -   label: 6
11/12/2023 06:58:07 - DEBUG - __main__ -   pred: 5
11/12/2023 06:58:07 - DEBUG - __main__ -   label: 5
11/12/2023 06:58:07 - DEBUG - __main__ -   pred: 5
11/12/2023 06:58:07 - DEBUG - __main__ -   label: 5
11/12/2023 06:58:07 - DEBUG - __main__ -   pred: 5
11/12/2023 06:58:07 - DEBUG - __main__ -   label: 5
11/12/2023 06:58:07 - DEBUG - __main__ -   pred: 5
11/12/2023 06:58:07 - DEBUG - __main__ -   label: 4
11/12/2023 06:58:07 - DEBUG - __main__ -   pred: 5
11/12/2023 06:58:07 - DEBUG - __main__ -   label: 6
11/12/2023 06:58:07 - DEBUG - __main__ -   pred: 5
11/12/2023 06:58:07 - DEBUG - __main__ -   label: 6
11/12/2023 06:58:07 - DEBUG - __main__ -   pred: 5
11/12/2023 06:58:07 - DEBUG - __main__ -   label: 5
11/12/2023 06:58:07 - DEBUG - __main__ -   pred: 5
11/12/2023 06:58:07 - DEBUG - __main__ -   label: 2
11/12/2023 06:58:07 - DEBUG - __main__ -   pred: 2
11/12/2023 06:58:07 - DEBUG - __main__ -   label: 3
11/12/2023 06:58:07 - DEBUG - __main__ -   pred: 2
11/12/2023 06:58:07 - DEBUG - __main__ -   label: 3
11/12/2023 06:58:07 - DEBUG - __main__ -   pred: 2
11/12/2023 06:58:07 - DEBUG - __main__ -   label: 1
11/12/2023 06:58:07 - DEBUG - __main__ -   pred: 2
11/12/2023 06:58:07 - DEBUG - __main__ -   label: 2
11/12/2023 06:58:07 - DEBUG - __main__ -   pred: 2
11/12/2023 06:58:07 - DEBUG - __main__ -   label: 3
11/12/2023 06:58:07 - DEBUG - __main__ -   pred: 2
11/12/2023 06:58:07 - DEBUG - __main__ -   label: 2
11/12/2023 06:58:07 - DEBUG - __main__ -   pred: 2
11/12/2023 06:58:07 - DEBUG - __main__ -   label: 2
11/12/2023 06:58:07 - DEBUG - __main__ -   pred: 2
11/12/2023 06:58:07 - DEBUG - __main__ -   label: 1
11/12/2023 06:58:07 - DEBUG - __main__ -   pred: 2
11/12/2023 06:58:07 - DEBUG - __main__ -   label: 2
11/12/2023 06:58:07 - DEBUG - __main__ -   pred: 1
11/12/2023 06:58:07 - DEBUG - __main__ -   label: 2
11/12/2023 06:58:07 - DEBUG - __main__ -   pred: 2
11/12/2023 06:58:07 - DEBUG - __main__ -   label: 3
11/12/2023 06:58:07 - DEBUG - __main__ -   pred: 3
11/12/2023 06:58:07 - DEBUG - __main__ -   label: 2
11/12/2023 06:58:07 - DEBUG - __main__ -   pred: 2
11/12/2023 06:58:07 - DEBUG - __main__ -   label: 2
11/12/2023 06:58:07 - DEBUG - __main__ -   pred: 3
11/12/2023 06:58:07 - DEBUG - __main__ -   label: 5
11/12/2023 06:58:07 - DEBUG - __main__ -   pred: 4
11/12/2023 06:58:07 - DEBUG - __main__ -   label: 3
11/12/2023 06:58:07 - DEBUG - __main__ -   pred: 4
11/12/2023 06:58:07 - DEBUG - __main__ -   label: 5
11/12/2023 06:58:07 - DEBUG - __main__ -   pred: 5
11/12/2023 06:58:07 - DEBUG - __main__ -   label: 5
11/12/2023 06:58:07 - DEBUG - __main__ -   pred: 4
11/12/2023 06:58:07 - DEBUG - __main__ -   label: 4
11/12/2023 06:58:07 - DEBUG - __main__ -   pred: 4
11/12/2023 06:58:07 - DEBUG - __main__ -   label: 4
11/12/2023 06:58:07 - DEBUG - __main__ -   pred: 4
11/12/2023 06:58:07 - DEBUG - __main__ -   label: 5
11/12/2023 06:58:07 - DEBUG - __main__ -   pred: 4
11/12/2023 06:58:07 - DEBUG - __main__ -   label: 6
11/12/2023 06:58:07 - DEBUG - __main__ -   pred: 5
11/12/2023 06:58:07 - DEBUG - __main__ -   label: 5
11/12/2023 06:58:07 - DEBUG - __main__ -   pred: 5
11/12/2023 06:58:07 - DEBUG - __main__ -   label: 3
11/12/2023 06:58:07 - DEBUG - __main__ -   pred: 3
11/12/2023 06:58:07 - DEBUG - __main__ -   label: 5
11/12/2023 06:58:07 - DEBUG - __main__ -   pred: 5
11/12/2023 06:58:07 - DEBUG - __main__ -   label: 4
11/12/2023 06:58:07 - DEBUG - __main__ -   pred: 4
11/12/2023 06:58:07 - DEBUG - __main__ -   label: 6
11/12/2023 06:58:07 - DEBUG - __main__ -   pred: 5
11/12/2023 06:58:07 - DEBUG - __main__ -   label: 4
11/12/2023 06:58:07 - DEBUG - __main__ -   pred: 3
11/12/2023 06:58:07 - DEBUG - __main__ -   label: 5
11/12/2023 06:58:07 - DEBUG - __main__ -   pred: 4
11/12/2023 06:58:07 - DEBUG - __main__ -   label: 4
11/12/2023 06:58:07 - DEBUG - __main__ -   pred: 5
11/12/2023 06:58:07 - DEBUG - __main__ -   label: 4
11/12/2023 06:58:07 - DEBUG - __main__ -   pred: 5
11/12/2023 06:58:07 - DEBUG - __main__ -   label: 3
11/12/2023 06:58:07 - DEBUG - __main__ -   pred: 4
11/12/2023 06:58:07 - DEBUG - __main__ -   label: 4
11/12/2023 06:58:07 - DEBUG - __main__ -   pred: 4
11/12/2023 06:58:07 - DEBUG - __main__ -   label: 5
11/12/2023 06:58:07 - DEBUG - __main__ -   pred: 4
11/12/2023 06:58:07 - DEBUG - __main__ -   label: 4
11/12/2023 06:58:07 - DEBUG - __main__ -   pred: 4
11/12/2023 06:58:07 - DEBUG - __main__ -   label: 3
11/12/2023 06:58:07 - DEBUG - __main__ -   pred: 3
11/12/2023 06:58:07 - DEBUG - __main__ -   label: 4
11/12/2023 06:58:07 - DEBUG - __main__ -   pred: 4
11/12/2023 06:58:07 - DEBUG - __main__ -   label: 5
11/12/2023 06:58:07 - DEBUG - __main__ -   pred: 5
11/12/2023 06:58:07 - DEBUG - __main__ -   label: 6
11/12/2023 06:58:07 - DEBUG - __main__ -   pred: 5
11/12/2023 06:58:07 - DEBUG - __main__ -   label: 4
11/12/2023 06:58:07 - DEBUG - __main__ -   pred: 5
11/12/2023 06:58:07 - DEBUG - __main__ -   label: 5
11/12/2023 06:58:07 - DEBUG - __main__ -   pred: 5
11/12/2023 06:58:07 - DEBUG - __main__ -   label: 5
11/12/2023 06:58:07 - DEBUG - __main__ -   pred: 5
11/12/2023 06:58:07 - DEBUG - __main__ -   label: 6
11/12/2023 06:58:07 - DEBUG - __main__ -   pred: 5
11/12/2023 06:58:07 - DEBUG - __main__ -   label: 4
11/12/2023 06:58:07 - DEBUG - __main__ -   pred: 3
11/12/2023 06:58:07 - DEBUG - __main__ -   label: 2
11/12/2023 06:58:07 - DEBUG - __main__ -   pred: 2
11/12/2023 06:58:07 - DEBUG - __main__ -   label: 2
11/12/2023 06:58:07 - DEBUG - __main__ -   pred: 2
11/12/2023 06:58:07 - DEBUG - __main__ -   label: 3
11/12/2023 06:58:07 - DEBUG - __main__ -   pred: 1
11/12/2023 06:58:07 - DEBUG - __main__ -   label: 2
11/12/2023 06:58:07 - DEBUG - __main__ -   pred: 2
11/12/2023 06:58:07 - DEBUG - __main__ -   label: 2
11/12/2023 06:58:07 - DEBUG - __main__ -   pred: 2
11/12/2023 06:58:07 - DEBUG - __main__ -   label: 3
11/12/2023 06:58:07 - DEBUG - __main__ -   pred: 2
11/12/2023 06:58:07 - DEBUG - __main__ -   label: 3
11/12/2023 06:58:07 - DEBUG - __main__ -   pred: 2
11/12/2023 06:58:07 - DEBUG - __main__ -   label: 2
11/12/2023 06:58:07 - DEBUG - __main__ -   pred: 1
11/12/2023 06:58:07 - DEBUG - __main__ -   label: 2
11/12/2023 06:58:07 - DEBUG - __main__ -   pred: 1
11/12/2023 06:58:07 - DEBUG - __main__ -   label: 2
11/12/2023 06:58:07 - DEBUG - __main__ -   pred: 1
11/12/2023 06:58:07 - DEBUG - __main__ -   label: 3
11/12/2023 06:58:07 - DEBUG - __main__ -   pred: 1
11/12/2023 06:58:07 - DEBUG - __main__ -   label: 3
11/12/2023 06:58:07 - DEBUG - __main__ -   pred: 2
11/12/2023 06:58:07 - DEBUG - __main__ -   label: 3
11/12/2023 06:58:07 - DEBUG - __main__ -   pred: 2
11/12/2023 06:58:07 - DEBUG - __main__ -   label: 2
11/12/2023 06:58:07 - DEBUG - __main__ -   pred: 2
11/12/2023 06:58:07 - DEBUG - __main__ -   label: 4
11/12/2023 06:58:07 - DEBUG - __main__ -   pred: 5
11/12/2023 06:58:07 - DEBUG - __main__ -   label: 4
11/12/2023 06:58:07 - DEBUG - __main__ -   pred: 4
11/12/2023 06:58:07 - DEBUG - __main__ -   label: 4
11/12/2023 06:58:07 - DEBUG - __main__ -   pred: 5
11/12/2023 06:58:07 - DEBUG - __main__ -   label: 3
11/12/2023 06:58:07 - DEBUG - __main__ -   pred: 4
11/12/2023 06:58:07 - DEBUG - __main__ -   label: 1
11/12/2023 06:58:07 - DEBUG - __main__ -   pred: 3
11/12/2023 06:58:07 - DEBUG - __main__ -   label: 1
11/12/2023 06:58:07 - DEBUG - __main__ -   pred: 3
11/12/2023 06:58:07 - DEBUG - __main__ -   label: 2
11/12/2023 06:58:07 - DEBUG - __main__ -   pred: 1
11/12/2023 06:58:07 - DEBUG - __main__ -   label: 1
11/12/2023 06:58:07 - DEBUG - __main__ -   pred: 1
11/12/2023 06:58:07 - DEBUG - __main__ -   label: 1
11/12/2023 06:58:07 - DEBUG - __main__ -   pred: 3
11/12/2023 06:58:07 - DEBUG - __main__ -   label: 1
11/12/2023 06:58:07 - DEBUG - __main__ -   pred: 2
11/12/2023 06:58:07 - DEBUG - __main__ -   label: 2
11/12/2023 06:58:07 - DEBUG - __main__ -   pred: 1
11/12/2023 06:58:07 - DEBUG - __main__ -   label: 2
11/12/2023 06:58:07 - DEBUG - __main__ -   pred: 2
11/12/2023 06:58:07 - DEBUG - __main__ -   label: 4
11/12/2023 06:58:07 - DEBUG - __main__ -   pred: 5
11/12/2023 06:58:07 - DEBUG - __main__ -   label: 4
11/12/2023 06:58:07 - DEBUG - __main__ -   pred: 5
11/12/2023 06:58:07 - DEBUG - __main__ -   label: 4
11/12/2023 06:58:07 - DEBUG - __main__ -   pred: 5
11/12/2023 06:58:07 - DEBUG - __main__ -   label: 4
11/12/2023 06:58:07 - DEBUG - __main__ -   pred: 4
11/12/2023 06:58:07 - DEBUG - __main__ -   label: 2
11/12/2023 06:58:07 - DEBUG - __main__ -   pred: 2
11/12/2023 06:58:07 - DEBUG - __main__ -   label: 1
11/12/2023 06:58:07 - DEBUG - __main__ -   pred: 2
11/12/2023 06:58:07 - DEBUG - __main__ -   label: 2
11/12/2023 06:58:07 - DEBUG - __main__ -   pred: 2
11/12/2023 06:58:07 - DEBUG - __main__ -   label: 1
11/12/2023 06:58:07 - DEBUG - __main__ -   pred: 2
11/12/2023 06:58:07 - DEBUG - __main__ -   label: 2
11/12/2023 06:58:07 - DEBUG - __main__ -   pred: 3
11/12/2023 06:58:07 - DEBUG - __main__ -   label: 0
11/12/2023 06:58:07 - DEBUG - __main__ -   pred: 2
11/12/2023 06:58:07 - DEBUG - __main__ -   label: 2
11/12/2023 06:58:07 - DEBUG - __main__ -   pred: 2
11/12/2023 06:58:07 - DEBUG - __main__ -   label: 0
11/12/2023 06:58:07 - DEBUG - __main__ -   pred: 1
11/12/2023 06:58:07 - DEBUG - __main__ -   label: 1
11/12/2023 06:58:07 - DEBUG - __main__ -   pred: 2
11/12/2023 06:58:07 - DEBUG - __main__ -   label: 1
11/12/2023 06:58:07 - DEBUG - __main__ -   pred: 2
11/12/2023 06:58:07 - DEBUG - __main__ -   label: 1
11/12/2023 06:58:07 - DEBUG - __main__ -   pred: 1
11/12/2023 06:58:07 - DEBUG - __main__ -   label: 1
11/12/2023 06:58:07 - DEBUG - __main__ -   pred: 2
11/12/2023 06:58:07 - DEBUG - __main__ -   label: 2
11/12/2023 06:58:07 - DEBUG - __main__ -   pred: 2
11/12/2023 06:58:07 - DEBUG - __main__ -   label: 1
11/12/2023 06:58:07 - DEBUG - __main__ -   pred: 1
11/12/2023 06:58:07 - DEBUG - __main__ -   label: 1
11/12/2023 06:58:07 - DEBUG - __main__ -   pred: 1
11/12/2023 06:58:07 - DEBUG - __main__ -   label: 1
11/12/2023 06:58:07 - DEBUG - __main__ -   pred: 3
11/12/2023 06:58:07 - DEBUG - __main__ -   label: 1
11/12/2023 06:58:07 - DEBUG - __main__ -   pred: 2
11/12/2023 06:58:07 - DEBUG - __main__ -   label: 1
11/12/2023 06:58:07 - DEBUG - __main__ -   pred: 1
11/12/2023 06:58:07 - DEBUG - __main__ -   label: 2
11/12/2023 06:58:07 - DEBUG - __main__ -   pred: 2
11/12/2023 06:58:07 - DEBUG - __main__ -   label: 4
11/12/2023 06:58:07 - DEBUG - __main__ -   pred: 4
11/12/2023 06:58:07 - DEBUG - __main__ -   label: 3
11/12/2023 06:58:07 - DEBUG - __main__ -   pred: 3
11/12/2023 06:58:07 - DEBUG - __main__ -   label: 3
11/12/2023 06:58:07 - DEBUG - __main__ -   pred: 3
11/12/2023 06:58:07 - DEBUG - __main__ -   label: 3
11/12/2023 06:58:07 - DEBUG - __main__ -   pred: 3
11/12/2023 06:58:07 - DEBUG - __main__ -   label: 4
11/12/2023 06:58:07 - DEBUG - __main__ -   pred: 5
11/12/2023 06:58:07 - DEBUG - __main__ -   label: 5
11/12/2023 06:58:07 - DEBUG - __main__ -   pred: 5
11/12/2023 06:58:07 - DEBUG - __main__ -   label: 3
11/12/2023 06:58:07 - DEBUG - __main__ -   pred: 3
11/12/2023 06:58:07 - DEBUG - __main__ -   label: 3
11/12/2023 06:58:07 - DEBUG - __main__ -   pred: 3
11/12/2023 06:58:07 - DEBUG - __main__ -   label: 3
11/12/2023 06:58:07 - DEBUG - __main__ -   pred: 2
11/12/2023 06:58:07 - DEBUG - __main__ -   label: 5
11/12/2023 06:58:07 - DEBUG - __main__ -   pred: 5
11/12/2023 06:58:07 - DEBUG - __main__ -   label: 5
11/12/2023 06:58:07 - DEBUG - __main__ -   pred: 5
11/12/2023 06:58:07 - DEBUG - __main__ -   label: 4
11/12/2023 06:58:07 - DEBUG - __main__ -   pred: 4
11/12/2023 06:58:07 - DEBUG - __main__ -   label: 5
11/12/2023 06:58:07 - DEBUG - __main__ -   pred: 5
11/12/2023 06:58:07 - DEBUG - __main__ -   label: 4
11/12/2023 06:58:07 - DEBUG - __main__ -   pred: 4
11/12/2023 06:58:07 - DEBUG - __main__ -   label: 5
11/12/2023 06:58:07 - DEBUG - __main__ -   pred: 5
11/12/2023 06:58:07 - DEBUG - __main__ -   label: 4
11/12/2023 06:58:07 - DEBUG - __main__ -   pred: 5
11/12/2023 06:58:07 - DEBUG - __main__ -   label: 4
11/12/2023 06:58:07 - DEBUG - __main__ -   pred: 5
11/12/2023 06:58:07 - DEBUG - __main__ -   label: 4
11/12/2023 06:58:07 - DEBUG - __main__ -   pred: 5
11/12/2023 06:58:07 - DEBUG - __main__ -   label: 5
11/12/2023 06:58:07 - DEBUG - __main__ -   pred: 4
11/12/2023 06:58:07 - DEBUG - __main__ -   label: 2
11/12/2023 06:58:07 - DEBUG - __main__ -   pred: 2
11/12/2023 06:58:07 - DEBUG - __main__ -   label: 1
11/12/2023 06:58:07 - DEBUG - __main__ -   pred: 2
11/12/2023 06:58:07 - DEBUG - __main__ -   label: 3
11/12/2023 06:58:07 - DEBUG - __main__ -   pred: 2
11/12/2023 06:58:07 - DEBUG - __main__ -   label: 0
11/12/2023 06:58:07 - DEBUG - __main__ -   pred: 2
11/12/2023 06:58:07 - DEBUG - __main__ -   label: 1
11/12/2023 06:58:07 - DEBUG - __main__ -   pred: 1
11/12/2023 06:58:07 - DEBUG - __main__ -   label: 2
11/12/2023 06:58:07 - DEBUG - __main__ -   pred: 2
11/12/2023 06:58:07 - DEBUG - __main__ -   label: 0
11/12/2023 06:58:07 - DEBUG - __main__ -   pred: 2
11/12/2023 06:58:07 - DEBUG - __main__ -   label: 0
11/12/2023 06:58:07 - DEBUG - __main__ -   pred: 1
11/12/2023 06:58:07 - DEBUG - __main__ -   label: 2
11/12/2023 06:58:07 - DEBUG - __main__ -   pred: 1
11/12/2023 06:58:07 - DEBUG - __main__ -   label: 1
11/12/2023 06:58:07 - DEBUG - __main__ -   pred: 1
11/12/2023 06:58:07 - DEBUG - __main__ -   label: 1
11/12/2023 06:58:07 - DEBUG - __main__ -   pred: 1
11/12/2023 06:58:07 - DEBUG - __main__ -   label: 1
11/12/2023 06:58:07 - DEBUG - __main__ -   pred: 1
11/12/2023 06:58:07 - DEBUG - __main__ -   label: 1
11/12/2023 06:58:07 - DEBUG - __main__ -   pred: 2
11/12/2023 06:58:07 - DEBUG - __main__ -   label: 1
11/12/2023 06:58:07 - DEBUG - __main__ -   pred: 2
11/12/2023 06:58:07 - DEBUG - __main__ -   label: 1
11/12/2023 06:58:07 - DEBUG - __main__ -   pred: 3
11/12/2023 06:58:07 - DEBUG - __main__ -   label: 1
11/12/2023 06:58:07 - DEBUG - __main__ -   pred: 1
11/12/2023 06:58:07 - DEBUG - __main__ -   label: 2
11/12/2023 06:58:07 - DEBUG - __main__ -   pred: 2
11/12/2023 06:58:07 - DEBUG - __main__ -   label: 1
11/12/2023 06:58:07 - DEBUG - __main__ -   pred: 2
11/12/2023 06:58:07 - DEBUG - __main__ -   label: 2
11/12/2023 06:58:07 - DEBUG - __main__ -   pred: 2
11/12/2023 06:58:07 - DEBUG - __main__ -   label: 0
11/12/2023 06:58:07 - DEBUG - __main__ -   pred: 1
11/12/2023 06:58:07 - DEBUG - __main__ -   label: 3
11/12/2023 06:58:07 - DEBUG - __main__ -   pred: 3
11/12/2023 06:58:07 - DEBUG - __main__ -   label: 6
11/12/2023 06:58:07 - DEBUG - __main__ -   pred: 5
11/12/2023 06:58:07 - DEBUG - __main__ -   label: 4
11/12/2023 06:58:07 - DEBUG - __main__ -   pred: 5
11/12/2023 06:58:07 - DEBUG - __main__ -   label: 2
11/12/2023 06:58:07 - DEBUG - __main__ -   pred: 3
11/12/2023 06:58:07 - DEBUG - __main__ -   label: 6
11/12/2023 06:58:07 - DEBUG - __main__ -   pred: 5
11/12/2023 06:58:07 - DEBUG - __main__ -   label: 6
11/12/2023 06:58:07 - DEBUG - __main__ -   pred: 5
11/12/2023 06:58:07 - DEBUG - __main__ -   label: 3
11/12/2023 06:58:07 - DEBUG - __main__ -   pred: 3
11/12/2023 06:58:07 - DEBUG - __main__ -   label: 4
11/12/2023 06:58:07 - DEBUG - __main__ -   pred: 4
11/12/2023 06:58:07 - DEBUG - __main__ -   label: 4
11/12/2023 06:58:07 - DEBUG - __main__ -   pred: 5
11/12/2023 06:58:07 - DEBUG - __main__ -   label: 5
11/12/2023 06:58:07 - DEBUG - __main__ -   pred: 5
11/12/2023 06:58:07 - DEBUG - __main__ -   label: 5
11/12/2023 06:58:07 - DEBUG - __main__ -   pred: 5
11/12/2023 06:58:07 - DEBUG - __main__ -   label: 4
11/12/2023 06:58:07 - DEBUG - __main__ -   pred: 5
11/12/2023 06:58:07 - DEBUG - __main__ -   label: 5
11/12/2023 06:58:07 - DEBUG - __main__ -   pred: 5
11/12/2023 06:58:07 - DEBUG - __main__ -   label: 1
11/12/2023 06:58:07 - DEBUG - __main__ -   pred: 1
11/12/2023 06:58:07 - DEBUG - __main__ -   label: 2
11/12/2023 06:58:07 - DEBUG - __main__ -   pred: 2
11/12/2023 06:58:07 - DEBUG - __main__ -   label: 1
11/12/2023 06:58:07 - DEBUG - __main__ -   pred: 2
11/12/2023 06:58:07 - DEBUG - __main__ -   label: 1
11/12/2023 06:58:07 - DEBUG - __main__ -   pred: 1
11/12/2023 06:58:07 - DEBUG - __main__ -   label: 1
11/12/2023 06:58:07 - DEBUG - __main__ -   pred: 2
11/12/2023 06:58:07 - DEBUG - __main__ -   label: 2
11/12/2023 06:58:07 - DEBUG - __main__ -   pred: 1
11/12/2023 06:58:07 - DEBUG - __main__ -   label: 1
11/12/2023 06:58:07 - DEBUG - __main__ -   pred: 2
11/12/2023 06:58:07 - DEBUG - __main__ -   label: 2
11/12/2023 06:58:07 - DEBUG - __main__ -   pred: 2
11/12/2023 06:58:07 - DEBUG - __main__ -   label: 1
11/12/2023 06:58:07 - DEBUG - __main__ -   pred: 1
11/12/2023 06:58:07 - DEBUG - __main__ -   label: 2
11/12/2023 06:58:07 - DEBUG - __main__ -   pred: 4
11/12/2023 06:58:07 - DEBUG - __main__ -   label: 4
11/12/2023 06:58:07 - DEBUG - __main__ -   pred: 5
11/12/2023 06:58:07 - DEBUG - __main__ -   label: 4
11/12/2023 06:58:07 - DEBUG - __main__ -   pred: 4
11/12/2023 06:58:07 - DEBUG - __main__ -   label: 2
11/12/2023 06:58:07 - DEBUG - __main__ -   pred: 1
11/12/2023 06:58:07 - DEBUG - __main__ -   label: 4
11/12/2023 06:58:07 - DEBUG - __main__ -   pred: 5
11/12/2023 06:58:07 - DEBUG - __main__ -   label: 4
11/12/2023 06:58:07 - DEBUG - __main__ -   pred: 5
11/12/2023 06:58:07 - DEBUG - __main__ -   label: 4
11/12/2023 06:58:07 - DEBUG - __main__ -   pred: 4
11/12/2023 06:58:07 - DEBUG - __main__ -   label: 4
11/12/2023 06:58:07 - DEBUG - __main__ -   pred: 4
11/12/2023 06:58:07 - DEBUG - __main__ -   label: 3
11/12/2023 06:58:07 - DEBUG - __main__ -   pred: 2
11/12/2023 06:58:07 - DEBUG - __main__ -   label: 2
11/12/2023 06:58:07 - DEBUG - __main__ -   pred: 2
11/12/2023 06:58:07 - DEBUG - __main__ -   label: 0
11/12/2023 06:58:07 - DEBUG - __main__ -   pred: 2
11/12/2023 06:58:07 - DEBUG - __main__ -   label: 2
11/12/2023 06:58:07 - DEBUG - __main__ -   pred: 2
11/12/2023 06:58:07 - DEBUG - __main__ -   label: 2
11/12/2023 06:58:07 - DEBUG - __main__ -   pred: 2
11/12/2023 06:58:07 - DEBUG - __main__ -   label: 2
11/12/2023 06:58:07 - DEBUG - __main__ -   pred: 2
11/12/2023 06:58:07 - DEBUG - __main__ -   label: 1
11/12/2023 06:58:07 - DEBUG - __main__ -   pred: 1
11/12/2023 06:58:07 - DEBUG - __main__ -   label: 1
11/12/2023 06:58:07 - DEBUG - __main__ -   pred: 1
11/12/2023 06:58:07 - DEBUG - __main__ -   label: 2
11/12/2023 06:58:07 - DEBUG - __main__ -   pred: 2
11/12/2023 06:58:07 - DEBUG - __main__ -   label: 2
11/12/2023 06:58:07 - DEBUG - __main__ -   pred: 1
11/12/2023 06:58:07 - DEBUG - __main__ -   label: 2
11/12/2023 06:58:07 - DEBUG - __main__ -   pred: 1
11/12/2023 06:58:07 - DEBUG - __main__ -   label: 2
11/12/2023 06:58:07 - DEBUG - __main__ -   pred: 2
11/12/2023 06:58:07 - DEBUG - __main__ -   label: 2
11/12/2023 06:58:07 - DEBUG - __main__ -   pred: 2
11/12/2023 06:58:07 - DEBUG - __main__ -   label: 3
11/12/2023 06:58:07 - DEBUG - __main__ -   pred: 4
11/12/2023 06:58:07 - DEBUG - __main__ -   label: 1
11/12/2023 06:58:07 - DEBUG - __main__ -   pred: 2
11/12/2023 06:58:07 - DEBUG - __main__ -   label: 2
11/12/2023 06:58:07 - DEBUG - __main__ -   pred: 3
11/12/2023 06:58:07 - DEBUG - __main__ -   label: 3
11/12/2023 06:58:07 - DEBUG - __main__ -   pred: 3
11/12/2023 06:58:07 - DEBUG - __main__ -   label: 5
11/12/2023 06:58:07 - DEBUG - __main__ -   pred: 5
11/12/2023 06:58:07 - DEBUG - __main__ -   label: 4
11/12/2023 06:58:07 - DEBUG - __main__ -   pred: 5
11/12/2023 06:58:07 - DEBUG - __main__ -   label: 4
11/12/2023 06:58:07 - DEBUG - __main__ -   pred: 4
11/12/2023 06:58:07 - DEBUG - __main__ -   label: 4
11/12/2023 06:58:07 - DEBUG - __main__ -   pred: 4
11/12/2023 06:58:07 - DEBUG - __main__ -   label: 5
11/12/2023 06:58:07 - DEBUG - __main__ -   pred: 5
11/12/2023 06:58:07 - DEBUG - __main__ -   label: 5
11/12/2023 06:58:07 - DEBUG - __main__ -   pred: 5
11/12/2023 06:58:07 - DEBUG - __main__ -   label: 4
11/12/2023 06:58:07 - DEBUG - __main__ -   pred: 3
11/12/2023 06:58:07 - DEBUG - __main__ -   label: 4
11/12/2023 06:58:07 - DEBUG - __main__ -   pred: 5
11/12/2023 06:58:07 - DEBUG - __main__ -   label: 3
11/12/2023 06:58:07 - DEBUG - __main__ -   pred: 3
11/12/2023 06:58:07 - DEBUG - __main__ -   label: 4
11/12/2023 06:58:07 - DEBUG - __main__ -   pred: 5
11/12/2023 06:58:07 - DEBUG - __main__ -   label: 4
11/12/2023 06:58:07 - DEBUG - __main__ -   pred: 5
11/12/2023 06:58:07 - DEBUG - __main__ -   label: 1
11/12/2023 06:58:07 - DEBUG - __main__ -   pred: 2
11/12/2023 06:58:07 - DEBUG - __main__ -   label: 2
11/12/2023 06:58:07 - DEBUG - __main__ -   pred: 2
11/12/2023 06:58:07 - DEBUG - __main__ -   label: 3
11/12/2023 06:58:07 - DEBUG - __main__ -   pred: 2
11/12/2023 06:58:07 - DEBUG - __main__ -   label: 0
11/12/2023 06:58:07 - DEBUG - __main__ -   pred: 1
11/12/2023 06:58:07 - DEBUG - __main__ -   label: 1
11/12/2023 06:58:07 - DEBUG - __main__ -   pred: 2
11/12/2023 06:58:07 - DEBUG - __main__ -   label: 1
11/12/2023 06:58:07 - DEBUG - __main__ -   pred: 2
11/12/2023 06:58:07 - DEBUG - __main__ -   label: 3
11/12/2023 06:58:07 - DEBUG - __main__ -   pred: 1
11/12/2023 06:58:07 - DEBUG - __main__ -   label: 1
11/12/2023 06:58:07 - DEBUG - __main__ -   pred: 1
11/12/2023 06:58:07 - DEBUG - __main__ -   label: 1
11/12/2023 06:58:07 - DEBUG - __main__ -   pred: 1
11/12/2023 06:58:07 - DEBUG - __main__ -   label: 2
11/12/2023 06:58:07 - DEBUG - __main__ -   pred: 1
11/12/2023 06:58:07 - DEBUG - __main__ -   label: 2
11/12/2023 06:58:07 - DEBUG - __main__ -   pred: 2
11/12/2023 06:58:07 - DEBUG - __main__ -   label: 2
11/12/2023 06:58:07 - DEBUG - __main__ -   pred: 1
11/12/2023 06:58:07 - DEBUG - __main__ -   label: 2
11/12/2023 06:58:07 - DEBUG - __main__ -   pred: 2
11/12/2023 06:58:07 - DEBUG - __main__ -   label: 5
11/12/2023 06:58:07 - DEBUG - __main__ -   pred: 5
11/12/2023 06:58:07 - DEBUG - __main__ -   label: 2
11/12/2023 06:58:07 - DEBUG - __main__ -   pred: 2
11/12/2023 06:58:07 - DEBUG - __main__ -   label: 6
11/12/2023 06:58:07 - DEBUG - __main__ -   pred: 5
11/12/2023 06:58:07 - DEBUG - __main__ -   label: 5
11/12/2023 06:58:07 - DEBUG - __main__ -   pred: 5
11/12/2023 06:58:07 - DEBUG - __main__ -   label: 5
11/12/2023 06:58:07 - DEBUG - __main__ -   pred: 5
11/12/2023 06:58:07 - DEBUG - __main__ -   label: 5
11/12/2023 06:58:07 - DEBUG - __main__ -   pred: 4
11/12/2023 06:58:07 - DEBUG - __main__ -   label: 5
11/12/2023 06:58:07 - DEBUG - __main__ -   pred: 5
11/12/2023 06:58:07 - DEBUG - __main__ -   label: 3
11/12/2023 06:58:07 - DEBUG - __main__ -   pred: 3
11/12/2023 06:58:07 - DEBUG - __main__ -   label: 4
11/12/2023 06:58:07 - DEBUG - __main__ -   pred: 3
11/12/2023 06:58:07 - DEBUG - __main__ -   label: 2
11/12/2023 06:58:07 - DEBUG - __main__ -   pred: 2
11/12/2023 06:58:07 - DEBUG - __main__ -   label: 2
11/12/2023 06:58:07 - DEBUG - __main__ -   pred: 2
11/12/2023 06:58:07 - DEBUG - __main__ -   label: 2
11/12/2023 06:58:07 - DEBUG - __main__ -   pred: 2
11/12/2023 06:58:07 - DEBUG - __main__ -   label: 3
11/12/2023 06:58:07 - DEBUG - __main__ -   pred: 1
11/12/2023 06:58:07 - DEBUG - __main__ -   label: 1
11/12/2023 06:58:07 - DEBUG - __main__ -   pred: 1
11/12/2023 06:58:07 - DEBUG - __main__ -   label: 2
11/12/2023 06:58:07 - DEBUG - __main__ -   pred: 2
11/12/2023 06:58:07 - DEBUG - __main__ -   label: 3
11/12/2023 06:58:07 - DEBUG - __main__ -   pred: 2
11/12/2023 06:58:07 - DEBUG - __main__ -   label: 3
11/12/2023 06:58:07 - DEBUG - __main__ -   pred: 2
11/12/2023 06:58:07 - DEBUG - __main__ -   label: 2
11/12/2023 06:58:07 - DEBUG - __main__ -   pred: 2
11/12/2023 06:58:07 - DEBUG - __main__ -   label: 1
11/12/2023 06:58:07 - DEBUG - __main__ -   pred: 2
11/12/2023 06:58:07 - DEBUG - __main__ -   label: 2
11/12/2023 06:58:07 - DEBUG - __main__ -   pred: 2
11/12/2023 06:58:07 - DEBUG - __main__ -   label: 2
11/12/2023 06:58:07 - DEBUG - __main__ -   pred: 2
11/12/2023 06:58:07 - DEBUG - __main__ -   label: 2
11/12/2023 06:58:07 - DEBUG - __main__ -   pred: 2
11/12/2023 06:58:07 - DEBUG - __main__ -   label: 3
11/12/2023 06:58:07 - DEBUG - __main__ -   pred: 1
11/12/2023 06:58:07 - DEBUG - __main__ -   label: 4
11/12/2023 06:58:07 - DEBUG - __main__ -   pred: 4
11/12/2023 06:58:07 - DEBUG - __main__ -   label: 5
11/12/2023 06:58:07 - DEBUG - __main__ -   pred: 5
11/12/2023 06:58:07 - DEBUG - __main__ -   label: 4
11/12/2023 06:58:07 - DEBUG - __main__ -   pred: 4
11/12/2023 06:58:07 - DEBUG - __main__ -   label: 4
11/12/2023 06:58:07 - DEBUG - __main__ -   pred: 4
11/12/2023 06:58:07 - DEBUG - __main__ -   label: 4
11/12/2023 06:58:07 - DEBUG - __main__ -   pred: 4
11/12/2023 06:58:07 - DEBUG - __main__ -   label: 4
11/12/2023 06:58:07 - DEBUG - __main__ -   pred: 5
11/12/2023 06:58:07 - DEBUG - __main__ -   label: 4
11/12/2023 06:58:07 - DEBUG - __main__ -   pred: 4
11/12/2023 06:58:07 - DEBUG - __main__ -   label: 2
11/12/2023 06:58:07 - DEBUG - __main__ -   pred: 2
11/12/2023 06:58:07 - DEBUG - __main__ -   label: 1
11/12/2023 06:58:07 - DEBUG - __main__ -   pred: 3
11/12/2023 06:58:07 - DEBUG - __main__ -   label: 1
11/12/2023 06:58:07 - DEBUG - __main__ -   pred: 1
11/12/2023 06:58:07 - DEBUG - __main__ -   label: 0
11/12/2023 06:58:07 - DEBUG - __main__ -   pred: 1
11/12/2023 06:58:07 - DEBUG - __main__ -   label: 2
11/12/2023 06:58:07 - DEBUG - __main__ -   pred: 2
11/12/2023 06:58:07 - DEBUG - __main__ -   label: 1
11/12/2023 06:58:07 - DEBUG - __main__ -   pred: 1
11/12/2023 06:58:07 - DEBUG - __main__ -   label: 1
11/12/2023 06:58:07 - DEBUG - __main__ -   pred: 1
11/12/2023 06:58:07 - DEBUG - __main__ -   label: 2
11/12/2023 06:58:07 - DEBUG - __main__ -   pred: 2
11/12/2023 06:58:07 - DEBUG - __main__ -   label: 1
11/12/2023 06:58:07 - DEBUG - __main__ -   pred: 1
11/12/2023 06:58:07 - DEBUG - __main__ -   label: 2
11/12/2023 06:58:07 - DEBUG - __main__ -   pred: 2
11/12/2023 06:58:07 - DEBUG - __main__ -   label: 2
11/12/2023 06:58:07 - DEBUG - __main__ -   pred: 2
11/12/2023 06:58:07 - DEBUG - __main__ -   label: 2
11/12/2023 06:58:07 - DEBUG - __main__ -   pred: 1
11/12/2023 06:58:07 - DEBUG - __main__ -   label: 1
11/12/2023 06:58:07 - DEBUG - __main__ -   pred: 1
11/12/2023 06:58:07 - DEBUG - __main__ -   label: 1
11/12/2023 06:58:07 - DEBUG - __main__ -   pred: 3
11/12/2023 06:58:07 - DEBUG - __main__ -   label: 1
11/12/2023 06:58:07 - DEBUG - __main__ -   pred: 2
11/12/2023 06:58:07 - DEBUG - __main__ -   label: 1
11/12/2023 06:58:07 - DEBUG - __main__ -   pred: 1
11/12/2023 06:58:07 - DEBUG - __main__ -   label: 1
11/12/2023 06:58:07 - DEBUG - __main__ -   pred: 1
11/12/2023 06:58:07 - DEBUG - __main__ -   label: 1
11/12/2023 06:58:07 - DEBUG - __main__ -   pred: 1
11/12/2023 06:58:07 - DEBUG - __main__ -   label: 1
11/12/2023 06:58:07 - DEBUG - __main__ -   pred: 1
11/12/2023 06:58:07 - DEBUG - __main__ -   label: 1
11/12/2023 06:58:07 - DEBUG - __main__ -   pred: 1
11/12/2023 06:58:07 - DEBUG - __main__ -   label: 2
11/12/2023 06:58:07 - DEBUG - __main__ -   pred: 1
11/12/2023 06:58:07 - DEBUG - __main__ -   label: 1
11/12/2023 06:58:07 - DEBUG - __main__ -   pred: 1
11/12/2023 06:58:07 - DEBUG - __main__ -   label: 3
11/12/2023 06:58:07 - DEBUG - __main__ -   pred: 4
11/12/2023 06:58:07 - DEBUG - __main__ -   label: 4
11/12/2023 06:58:07 - DEBUG - __main__ -   pred: 5
11/12/2023 06:58:07 - DEBUG - __main__ -   label: 3
11/12/2023 06:58:07 - DEBUG - __main__ -   pred: 3
11/12/2023 06:58:07 - DEBUG - __main__ -   label: 2
11/12/2023 06:58:07 - DEBUG - __main__ -   pred: 2
11/12/2023 06:58:07 - DEBUG - __main__ -   label: 4
11/12/2023 06:58:07 - DEBUG - __main__ -   pred: 4
11/12/2023 06:58:07 - DEBUG - __main__ -   label: 2
11/12/2023 06:58:07 - DEBUG - __main__ -   pred: 2
11/12/2023 06:58:07 - DEBUG - __main__ -   label: 3
11/12/2023 06:58:07 - DEBUG - __main__ -   pred: 2
11/12/2023 06:58:07 - DEBUG - __main__ -   label: 2
11/12/2023 06:58:07 - DEBUG - __main__ -   pred: 2
11/12/2023 06:58:07 - DEBUG - __main__ -   label: 2
11/12/2023 06:58:07 - DEBUG - __main__ -   pred: 1
11/12/2023 06:58:07 - DEBUG - __main__ -   label: 3
11/12/2023 06:58:07 - DEBUG - __main__ -   pred: 4
11/12/2023 06:58:07 - DEBUG - __main__ -   label: 4
11/12/2023 06:58:07 - DEBUG - __main__ -   pred: 5
11/12/2023 06:58:07 - DEBUG - __main__ -   label: 5
11/12/2023 06:58:07 - DEBUG - __main__ -   pred: 5
11/12/2023 06:58:07 - DEBUG - __main__ -   label: 4
11/12/2023 06:58:07 - DEBUG - __main__ -   pred: 5
11/12/2023 06:58:07 - DEBUG - __main__ -   label: 4
11/12/2023 06:58:07 - DEBUG - __main__ -   pred: 4
11/12/2023 06:58:07 - DEBUG - __main__ -   label: 4
11/12/2023 06:58:07 - DEBUG - __main__ -   pred: 5
11/12/2023 06:58:07 - DEBUG - __main__ -   label: 3
11/12/2023 06:58:07 - DEBUG - __main__ -   pred: 3
11/12/2023 06:58:07 - DEBUG - __main__ -   label: 3
11/12/2023 06:58:07 - DEBUG - __main__ -   pred: 3
11/12/2023 06:58:07 - DEBUG - __main__ -   label: 4
11/12/2023 06:58:07 - DEBUG - __main__ -   pred: 5
11/12/2023 06:58:07 - DEBUG - __main__ -   label: 4
11/12/2023 06:58:07 - DEBUG - __main__ -   pred: 4
