******** Training fold 3 ********
08/15/2023 15:09:20 - DEBUG - __main__ -   Processor loaded. CPU mem usage: 0.38G.  Cuda 0: memory acclocated: 0 G.
08/15/2023 15:09:29 - DEBUG - __main__ -   Model loaded. CPU mem usage: 1.99G.  Cuda 0: memory acclocated: 0 G.
Wav2Vec2ForSequenceClassification(
  (wav2vec2): Wav2Vec2Model(
    (feature_extractor): Wav2Vec2FeatureEncoder(
      (conv_layers): ModuleList(
        (0): Wav2Vec2LayerNormConvLayer(
          (conv): Conv1d(1, 512, kernel_size=(10,), stride=(5,))
          (layer_norm): LayerNorm((512,), eps=1e-05, elementwise_affine=True)
          (activation): GELUActivation()
        )
        (1-4): 4 x Wav2Vec2LayerNormConvLayer(
          (conv): Conv1d(512, 512, kernel_size=(3,), stride=(2,))
          (layer_norm): LayerNorm((512,), eps=1e-05, elementwise_affine=True)
          (activation): GELUActivation()
        )
        (5-6): 2 x Wav2Vec2LayerNormConvLayer(
          (conv): Conv1d(512, 512, kernel_size=(2,), stride=(2,))
          (layer_norm): LayerNorm((512,), eps=1e-05, elementwise_affine=True)
          (activation): GELUActivation()
        )
      )
    )
    (feature_projection): Wav2Vec2FeatureProjection(
      (layer_norm): LayerNorm((512,), eps=1e-05, elementwise_affine=True)
      (projection): Linear(in_features=512, out_features=1024, bias=True)
      (dropout): Dropout(p=0.1, inplace=False)
    )
    (encoder): Wav2Vec2EncoderStableLayerNorm(
      (pos_conv_embed): Wav2Vec2PositionalConvEmbedding(
        (conv): Conv1d(1024, 1024, kernel_size=(128,), stride=(1,), padding=(64,), groups=16)
        (padding): Wav2Vec2SamePadLayer()
        (activation): GELUActivation()
      )
      (layer_norm): LayerNorm((1024,), eps=1e-05, elementwise_affine=True)
      (dropout): Dropout(p=0.1, inplace=False)
      (layers): ModuleList(
        (0-23): 24 x Wav2Vec2EncoderLayerStableLayerNorm(
          (attention): Wav2Vec2Attention(
            (k_proj): Linear(in_features=1024, out_features=1024, bias=True)
            (v_proj): Linear(in_features=1024, out_features=1024, bias=True)
            (q_proj): Linear(in_features=1024, out_features=1024, bias=True)
            (out_proj): Linear(in_features=1024, out_features=1024, bias=True)
          )
          (dropout): Dropout(p=0.1, inplace=False)
          (layer_norm): LayerNorm((1024,), eps=1e-05, elementwise_affine=True)
          (feed_forward): Wav2Vec2FeedForward(
            (intermediate_dropout): Dropout(p=0.0, inplace=False)
            (intermediate_dense): Linear(in_features=1024, out_features=4096, bias=True)
            (intermediate_act_fn): GELUActivation()
            (output_dense): Linear(in_features=4096, out_features=1024, bias=True)
            (output_dropout): Dropout(p=0.1, inplace=False)
          )
          (final_layer_norm): LayerNorm((1024,), eps=1e-05, elementwise_affine=True)
        )
      )
    )
  )
  (projector): Linear(in_features=1024, out_features=256, bias=True)
  (classifier): Linear(in_features=256, out_features=7, bias=True)
)
08/15/2023 15:10:11 - DEBUG - __main__ -   Speech loaded. N_train=1604, N_eval=508. CPU mem usage: 5.64G.  Cuda 0: memory acclocated: 0 G.
08/15/2023 15:10:40 - DEBUG - __main__ -   Feature extracted. Duration: 0:00:28 CPU mem usage: 8.67G.  Cuda 0: memory acclocated: 0 G.
08/15/2023 15:11:39 - DEBUG - augmentations.transform -   Training set (N=3208): augmented training data added. Duration: 0:00:59
08/15/2023 15:11:39 - DEBUG - urllib3.connectionpool -   Starting new HTTPS connection (1): s3.amazonaws.com:443
08/15/2023 15:11:40 - DEBUG - urllib3.connectionpool -   https://s3.amazonaws.com:443 "HEAD /datasets.huggingface.co/datasets/metrics/evaluate-metric/precision/evaluate-metric/precision.py HTTP/1.1" 404 0
08/15/2023 15:11:40 - DEBUG - urllib3.connectionpool -   Starting new HTTPS connection (1): huggingface.co:443
08/15/2023 15:11:40 - DEBUG - urllib3.connectionpool -   https://huggingface.co:443 "HEAD /spaces/evaluate-metric/precision/resolve/v0.4.0/precision.py HTTP/1.1" 200 0
08/15/2023 15:11:40 - DEBUG - urllib3.connectionpool -   Starting new HTTPS connection (1): s3.amazonaws.com:443
08/15/2023 15:11:40 - DEBUG - urllib3.connectionpool -   https://s3.amazonaws.com:443 "HEAD /datasets.huggingface.co/datasets/metrics/evaluate-metric/recall/evaluate-metric/recall.py HTTP/1.1" 404 0
08/15/2023 15:11:40 - DEBUG - urllib3.connectionpool -   Starting new HTTPS connection (1): huggingface.co:443
08/15/2023 15:11:40 - DEBUG - urllib3.connectionpool -   https://huggingface.co:443 "HEAD /spaces/evaluate-metric/recall/resolve/v0.4.0/recall.py HTTP/1.1" 200 0
08/15/2023 15:11:41 - DEBUG - urllib3.connectionpool -   Starting new HTTPS connection (1): s3.amazonaws.com:443
08/15/2023 15:11:41 - DEBUG - urllib3.connectionpool -   https://s3.amazonaws.com:443 "HEAD /datasets.huggingface.co/datasets/metrics/evaluate-metric/f1/evaluate-metric/f1.py HTTP/1.1" 404 0
08/15/2023 15:11:41 - DEBUG - urllib3.connectionpool -   Starting new HTTPS connection (1): huggingface.co:443
08/15/2023 15:11:41 - DEBUG - urllib3.connectionpool -   https://huggingface.co:443 "HEAD /spaces/evaluate-metric/f1/resolve/v0.4.0/f1.py HTTP/1.1" 200 0
08/15/2023 15:11:41 - DEBUG - urllib3.connectionpool -   Starting new HTTPS connection (1): s3.amazonaws.com:443
08/15/2023 15:11:42 - DEBUG - urllib3.connectionpool -   https://s3.amazonaws.com:443 "HEAD /datasets.huggingface.co/datasets/metrics/evaluate-metric/spearmanr/evaluate-metric/spearmanr.py HTTP/1.1" 404 0
08/15/2023 15:11:42 - DEBUG - urllib3.connectionpool -   Starting new HTTPS connection (1): huggingface.co:443
08/15/2023 15:11:42 - DEBUG - urllib3.connectionpool -   https://huggingface.co:443 "HEAD /spaces/evaluate-metric/spearmanr/resolve/v0.4.0/spearmanr.py HTTP/1.1" 200 0
08/15/2023 15:11:44 - DEBUG - __main__ -   Training starts now. CPU mem usage: 14.39G.  Cuda 0: memory acclocated: 2 G.
08/15/2023 15:11:44 - DEBUG - helper.classes -   ----------- Starting epoch 1 -----------
{'loss': 1.8897, 'learning_rate': 9.351620947630924e-06, 'epoch': 0.31}
{'loss': 1.5235, 'learning_rate': 1.8703241895261847e-05, 'epoch': 0.62}
{'loss': 1.3083, 'learning_rate': 2.805486284289277e-05, 'epoch': 0.94}
08/15/2023 15:54:52 - DEBUG - helper.classes -   Epoch 1.0 completed, Duration: 0:43:07 Mem usage: CPU mem usage: 14.70G.  Cuda 0: memory acclocated: 18 G.
08/15/2023 15:56:39 - DEBUG - fsspec.local -   open file: /home/lunt1/.cache/huggingface/metrics/precision/default/default_experiment-1-0.arrow
08/15/2023 15:56:39 - DEBUG - fsspec.local -   open file: /home/lunt1/.cache/huggingface/metrics/recall/default/default_experiment-1-0.arrow
08/15/2023 15:56:39 - DEBUG - fsspec.local -   open file: /home/lunt1/.cache/huggingface/metrics/f1/default/default_experiment-1-0.arrow
08/15/2023 15:56:39 - DEBUG - fsspec.local -   open file: /home/lunt1/.cache/huggingface/metrics/spearmanr/default/default_experiment-1-0.arrow
08/15/2023 15:56:39 - DEBUG - fsspec.local -   open file: /home/lunt1/.cache/huggingface/metrics/precision/default/default_experiment-1-0.arrow
08/15/2023 15:56:39 - DEBUG - fsspec.local -   open file: /home/lunt1/.cache/huggingface/metrics/recall/default/default_experiment-1-0.arrow
08/15/2023 15:56:39 - DEBUG - fsspec.local -   open file: /home/lunt1/.cache/huggingface/metrics/f1/default/default_experiment-1-0.arrow
{'eval_loss': 1.3675382137298584, 'eval_precision': 0.3877441244620986, 'eval_recall': 0.31641781265826857, 'eval_f1': 0.27143317839542663, 'eval_spearmanr': 0.7674571093127497, 'eval_precision_weighted': 0.4839650171893855, 'eval_recall_weighted': 0.4448818897637795, 'eval_f1_weighted': 0.38376814284891353, 'eval_runtime': 107.0477, 'eval_samples_per_second': 4.746, 'eval_steps_per_second': 2.373, 'epoch': 1.0}
08/15/2023 15:56:45 - DEBUG - helper.classes -   ----------- Starting epoch 2.0 -----------
{'loss': 1.2099, 'learning_rate': 2.9177057356608482e-05, 'epoch': 1.25}
{'loss': 1.2511, 'learning_rate': 2.8137988362427266e-05, 'epoch': 1.56}
{'loss': 1.2036, 'learning_rate': 2.7098919368246054e-05, 'epoch': 1.87}
08/15/2023 16:39:53 - DEBUG - helper.classes -   Epoch 2.0 completed, Duration: 0:43:07 Mem usage: CPU mem usage: 14.42G.  Cuda 0: memory acclocated: 18 G.
08/15/2023 16:41:41 - DEBUG - fsspec.local -   open file: /home/lunt1/.cache/huggingface/metrics/precision/default/default_experiment-1-0.arrow
08/15/2023 16:41:41 - DEBUG - fsspec.local -   open file: /home/lunt1/.cache/huggingface/metrics/recall/default/default_experiment-1-0.arrow
08/15/2023 16:41:41 - DEBUG - fsspec.local -   open file: /home/lunt1/.cache/huggingface/metrics/f1/default/default_experiment-1-0.arrow
08/15/2023 16:41:41 - DEBUG - fsspec.local -   open file: /home/lunt1/.cache/huggingface/metrics/spearmanr/default/default_experiment-1-0.arrow
08/15/2023 16:41:41 - DEBUG - fsspec.local -   open file: /home/lunt1/.cache/huggingface/metrics/precision/default/default_experiment-1-0.arrow
08/15/2023 16:41:41 - DEBUG - fsspec.local -   open file: /home/lunt1/.cache/huggingface/metrics/recall/default/default_experiment-1-0.arrow
08/15/2023 16:41:41 - DEBUG - fsspec.local -   open file: /home/lunt1/.cache/huggingface/metrics/f1/default/default_experiment-1-0.arrow
{'eval_loss': 1.3608558177947998, 'eval_precision': 0.3086491869902008, 'eval_recall': 0.34415595640528973, 'eval_f1': 0.29398759124222407, 'eval_spearmanr': 0.7835681438105305, 'eval_precision_weighted': 0.4246617318499462, 'eval_recall_weighted': 0.4448818897637795, 'eval_f1_weighted': 0.398329276327293, 'eval_runtime': 107.9794, 'eval_samples_per_second': 4.705, 'eval_steps_per_second': 2.352, 'epoch': 2.0}
08/15/2023 16:41:47 - DEBUG - helper.classes -   ----------- Starting epoch 3.0 -----------
{'loss': 1.1299, 'learning_rate': 2.605985037406484e-05, 'epoch': 2.18}
{'loss': 1.0682, 'learning_rate': 2.5020781379883625e-05, 'epoch': 2.49}
{'loss': 1.0368, 'learning_rate': 2.3981712385702413e-05, 'epoch': 2.81}
08/15/2023 17:25:01 - DEBUG - helper.classes -   Epoch 3.0 completed, Duration: 0:43:14 Mem usage: CPU mem usage: 14.46G.  Cuda 0: memory acclocated: 18 G.
08/15/2023 17:26:49 - DEBUG - fsspec.local -   open file: /home/lunt1/.cache/huggingface/metrics/precision/default/default_experiment-1-0.arrow
08/15/2023 17:26:49 - DEBUG - fsspec.local -   open file: /home/lunt1/.cache/huggingface/metrics/recall/default/default_experiment-1-0.arrow
08/15/2023 17:26:49 - DEBUG - fsspec.local -   open file: /home/lunt1/.cache/huggingface/metrics/f1/default/default_experiment-1-0.arrow
08/15/2023 17:26:49 - DEBUG - fsspec.local -   open file: /home/lunt1/.cache/huggingface/metrics/spearmanr/default/default_experiment-1-0.arrow
08/15/2023 17:26:49 - DEBUG - fsspec.local -   open file: /home/lunt1/.cache/huggingface/metrics/precision/default/default_experiment-1-0.arrow
08/15/2023 17:26:49 - DEBUG - fsspec.local -   open file: /home/lunt1/.cache/huggingface/metrics/recall/default/default_experiment-1-0.arrow
08/15/2023 17:26:49 - DEBUG - fsspec.local -   open file: /home/lunt1/.cache/huggingface/metrics/f1/default/default_experiment-1-0.arrow
{'eval_loss': 1.4170280694961548, 'eval_precision': 0.33706717932922625, 'eval_recall': 0.345310040525631, 'eval_f1': 0.33100788183284474, 'eval_spearmanr': 0.796088105956012, 'eval_precision_weighted': 0.4550340136871369, 'eval_recall_weighted': 0.4744094488188976, 'eval_f1_weighted': 0.45279873094361694, 'eval_runtime': 108.0285, 'eval_samples_per_second': 4.702, 'eval_steps_per_second': 2.351, 'epoch': 3.0}
08/15/2023 17:26:58 - DEBUG - helper.classes -   ----------- Starting epoch 4.0 -----------
{'loss': 0.9983, 'learning_rate': 2.2942643391521197e-05, 'epoch': 3.12}
{'loss': 0.9403, 'learning_rate': 2.1903574397339985e-05, 'epoch': 3.43}
{'loss': 0.9409, 'learning_rate': 2.0864505403158772e-05, 'epoch': 3.74}
08/15/2023 18:10:01 - DEBUG - helper.classes -   Epoch 4.0 completed, Duration: 0:43:03 Mem usage: CPU mem usage: 14.46G.  Cuda 0: memory acclocated: 18 G.
08/15/2023 18:11:49 - DEBUG - fsspec.local -   open file: /home/lunt1/.cache/huggingface/metrics/precision/default/default_experiment-1-0.arrow
08/15/2023 18:11:49 - DEBUG - fsspec.local -   open file: /home/lunt1/.cache/huggingface/metrics/recall/default/default_experiment-1-0.arrow
08/15/2023 18:11:49 - DEBUG - fsspec.local -   open file: /home/lunt1/.cache/huggingface/metrics/f1/default/default_experiment-1-0.arrow
08/15/2023 18:11:49 - DEBUG - fsspec.local -   open file: /home/lunt1/.cache/huggingface/metrics/spearmanr/default/default_experiment-1-0.arrow
08/15/2023 18:11:49 - DEBUG - fsspec.local -   open file: /home/lunt1/.cache/huggingface/metrics/precision/default/default_experiment-1-0.arrow
08/15/2023 18:11:49 - DEBUG - fsspec.local -   open file: /home/lunt1/.cache/huggingface/metrics/recall/default/default_experiment-1-0.arrow
08/15/2023 18:11:49 - DEBUG - fsspec.local -   open file: /home/lunt1/.cache/huggingface/metrics/f1/default/default_experiment-1-0.arrow
{'eval_loss': 2.0460257530212402, 'eval_precision': 0.323954814444543, 'eval_recall': 0.3495814657088449, 'eval_f1': 0.3308180910875487, 'eval_spearmanr': 0.7941283211848907, 'eval_precision_weighted': 0.44126781613268906, 'eval_recall_weighted': 0.46062992125984253, 'eval_f1_weighted': 0.4447004300890509, 'eval_runtime': 108.0216, 'eval_samples_per_second': 4.703, 'eval_steps_per_second': 2.351, 'epoch': 4.0}
08/15/2023 18:11:56 - DEBUG - helper.classes -   ----------- Starting epoch 5.0 -----------
{'loss': 0.9027, 'learning_rate': 1.9825436408977556e-05, 'epoch': 4.05}
{'loss': 0.874, 'learning_rate': 1.8786367414796344e-05, 'epoch': 4.36}
{'loss': 0.9582, 'learning_rate': 1.774729842061513e-05, 'epoch': 4.68}
{'loss': 0.8295, 'learning_rate': 1.6708229426433916e-05, 'epoch': 4.99}
08/15/2023 18:55:32 - DEBUG - helper.classes -   Epoch 5.0 completed, Duration: 0:43:36 Mem usage: CPU mem usage: 14.49G.  Cuda 0: memory acclocated: 18 G.
08/15/2023 18:57:21 - DEBUG - fsspec.local -   open file: /home/lunt1/.cache/huggingface/metrics/precision/default/default_experiment-1-0.arrow
08/15/2023 18:57:21 - DEBUG - fsspec.local -   open file: /home/lunt1/.cache/huggingface/metrics/recall/default/default_experiment-1-0.arrow
08/15/2023 18:57:21 - DEBUG - fsspec.local -   open file: /home/lunt1/.cache/huggingface/metrics/f1/default/default_experiment-1-0.arrow
08/15/2023 18:57:21 - DEBUG - fsspec.local -   open file: /home/lunt1/.cache/huggingface/metrics/spearmanr/default/default_experiment-1-0.arrow
08/15/2023 18:57:21 - DEBUG - fsspec.local -   open file: /home/lunt1/.cache/huggingface/metrics/precision/default/default_experiment-1-0.arrow
08/15/2023 18:57:21 - DEBUG - fsspec.local -   open file: /home/lunt1/.cache/huggingface/metrics/recall/default/default_experiment-1-0.arrow
08/15/2023 18:57:21 - DEBUG - fsspec.local -   open file: /home/lunt1/.cache/huggingface/metrics/f1/default/default_experiment-1-0.arrow
{'eval_loss': 2.8338840007781982, 'eval_precision': 0.33277402770077763, 'eval_recall': 0.337181115774205, 'eval_f1': 0.3323902463971682, 'eval_spearmanr': 0.7792793565737699, 'eval_precision_weighted': 0.4489260588410489, 'eval_recall_weighted': 0.4625984251968504, 'eval_f1_weighted': 0.45211385956384165, 'eval_runtime': 108.5894, 'eval_samples_per_second': 4.678, 'eval_steps_per_second': 2.339, 'epoch': 5.0}
08/15/2023 18:57:28 - DEBUG - helper.classes -   ----------- Starting epoch 6.0 -----------
{'loss': 0.7703, 'learning_rate': 1.5669160432252703e-05, 'epoch': 5.3}
{'loss': 0.767, 'learning_rate': 1.4630091438071489e-05, 'epoch': 5.61}
{'loss': 0.7348, 'learning_rate': 1.3591022443890275e-05, 'epoch': 5.92}
08/15/2023 19:40:33 - DEBUG - helper.classes -   Epoch 6.0 completed, Duration: 0:43:05 Mem usage: CPU mem usage: 14.46G.  Cuda 0: memory acclocated: 18 G.
08/15/2023 19:42:21 - DEBUG - fsspec.local -   open file: /home/lunt1/.cache/huggingface/metrics/precision/default/default_experiment-1-0.arrow
08/15/2023 19:42:22 - DEBUG - fsspec.local -   open file: /home/lunt1/.cache/huggingface/metrics/recall/default/default_experiment-1-0.arrow
08/15/2023 19:42:22 - DEBUG - fsspec.local -   open file: /home/lunt1/.cache/huggingface/metrics/f1/default/default_experiment-1-0.arrow
08/15/2023 19:42:22 - DEBUG - fsspec.local -   open file: /home/lunt1/.cache/huggingface/metrics/spearmanr/default/default_experiment-1-0.arrow
08/15/2023 19:42:22 - DEBUG - fsspec.local -   open file: /home/lunt1/.cache/huggingface/metrics/precision/default/default_experiment-1-0.arrow
08/15/2023 19:42:22 - DEBUG - fsspec.local -   open file: /home/lunt1/.cache/huggingface/metrics/recall/default/default_experiment-1-0.arrow
08/15/2023 19:42:22 - DEBUG - fsspec.local -   open file: /home/lunt1/.cache/huggingface/metrics/f1/default/default_experiment-1-0.arrow
{'eval_loss': 3.182751417160034, 'eval_precision': 0.34853859527644987, 'eval_recall': 0.34977364048658494, 'eval_f1': 0.3441794797195344, 'eval_spearmanr': 0.7782484579974344, 'eval_precision_weighted': 0.4677844030621682, 'eval_recall_weighted': 0.4822834645669291, 'eval_f1_weighted': 0.4680699290348541, 'eval_runtime': 109.1459, 'eval_samples_per_second': 4.654, 'eval_steps_per_second': 2.327, 'epoch': 6.0}
08/15/2023 19:42:33 - DEBUG - helper.classes -   ----------- Starting epoch 7.0 -----------
{'loss': 0.7963, 'learning_rate': 1.2551953449709061e-05, 'epoch': 6.23}
{'loss': 0.6744, 'learning_rate': 1.1512884455527848e-05, 'epoch': 6.55}
{'loss': 0.7056, 'learning_rate': 1.0473815461346634e-05, 'epoch': 6.86}
08/15/2023 20:25:24 - DEBUG - helper.classes -   Epoch 7.0 completed, Duration: 0:42:51 Mem usage: CPU mem usage: 14.50G.  Cuda 0: memory acclocated: 18 G.
08/15/2023 20:27:12 - DEBUG - fsspec.local -   open file: /home/lunt1/.cache/huggingface/metrics/precision/default/default_experiment-1-0.arrow
08/15/2023 20:27:12 - DEBUG - fsspec.local -   open file: /home/lunt1/.cache/huggingface/metrics/recall/default/default_experiment-1-0.arrow
08/15/2023 20:27:13 - DEBUG - fsspec.local -   open file: /home/lunt1/.cache/huggingface/metrics/f1/default/default_experiment-1-0.arrow
08/15/2023 20:27:13 - DEBUG - fsspec.local -   open file: /home/lunt1/.cache/huggingface/metrics/spearmanr/default/default_experiment-1-0.arrow
08/15/2023 20:27:13 - DEBUG - fsspec.local -   open file: /home/lunt1/.cache/huggingface/metrics/precision/default/default_experiment-1-0.arrow
08/15/2023 20:27:13 - DEBUG - fsspec.local -   open file: /home/lunt1/.cache/huggingface/metrics/recall/default/default_experiment-1-0.arrow
08/15/2023 20:27:13 - DEBUG - fsspec.local -   open file: /home/lunt1/.cache/huggingface/metrics/f1/default/default_experiment-1-0.arrow
{'eval_loss': 3.464359760284424, 'eval_precision': 0.3347873459656062, 'eval_recall': 0.34328773148865677, 'eval_f1': 0.33682073431341264, 'eval_spearmanr': 0.7766625926148796, 'eval_precision_weighted': 0.45436155098161113, 'eval_recall_weighted': 0.47244094488188976, 'eval_f1_weighted': 0.4601678327399182, 'eval_runtime': 108.0626, 'eval_samples_per_second': 4.701, 'eval_steps_per_second': 2.35, 'epoch': 7.0}
08/15/2023 20:27:19 - DEBUG - helper.classes -   ----------- Starting epoch 8.0 -----------
{'loss': 0.6452, 'learning_rate': 9.43474646716542e-06, 'epoch': 7.17}
{'loss': 0.5695, 'learning_rate': 8.395677472984206e-06, 'epoch': 7.48}
{'loss': 0.6022, 'learning_rate': 7.356608478802993e-06, 'epoch': 7.79}
08/15/2023 21:10:11 - DEBUG - helper.classes -   Epoch 8.0 completed, Duration: 0:42:52 Mem usage: CPU mem usage: 14.48G.  Cuda 0: memory acclocated: 18 G.
08/15/2023 21:11:59 - DEBUG - fsspec.local -   open file: /home/lunt1/.cache/huggingface/metrics/precision/default/default_experiment-1-0.arrow
08/15/2023 21:12:00 - DEBUG - fsspec.local -   open file: /home/lunt1/.cache/huggingface/metrics/recall/default/default_experiment-1-0.arrow
08/15/2023 21:12:00 - DEBUG - fsspec.local -   open file: /home/lunt1/.cache/huggingface/metrics/f1/default/default_experiment-1-0.arrow
08/15/2023 21:12:00 - DEBUG - fsspec.local -   open file: /home/lunt1/.cache/huggingface/metrics/spearmanr/default/default_experiment-1-0.arrow
08/15/2023 21:12:00 - DEBUG - fsspec.local -   open file: /home/lunt1/.cache/huggingface/metrics/precision/default/default_experiment-1-0.arrow
08/15/2023 21:12:00 - DEBUG - fsspec.local -   open file: /home/lunt1/.cache/huggingface/metrics/recall/default/default_experiment-1-0.arrow
08/15/2023 21:12:00 - DEBUG - fsspec.local -   open file: /home/lunt1/.cache/huggingface/metrics/f1/default/default_experiment-1-0.arrow
{'eval_loss': 3.847034454345703, 'eval_precision': 0.3297743746087543, 'eval_recall': 0.3327293501279596, 'eval_f1': 0.32262168681821546, 'eval_spearmanr': 0.7442283351076658, 'eval_precision_weighted': 0.45005309283925704, 'eval_recall_weighted': 0.4409448818897638, 'eval_f1_weighted': 0.4341806736902614, 'eval_runtime': 108.4455, 'eval_samples_per_second': 4.684, 'eval_steps_per_second': 2.342, 'epoch': 8.0}
08/15/2023 21:12:07 - DEBUG - helper.classes -   ----------- Starting epoch 9.0 -----------
{'loss': 0.4792, 'learning_rate': 6.3175394846217795e-06, 'epoch': 8.1}
{'loss': 0.5751, 'learning_rate': 5.278470490440565e-06, 'epoch': 8.42}
{'loss': 0.5918, 'learning_rate': 4.239401496259352e-06, 'epoch': 8.73}
08/15/2023 21:55:14 - DEBUG - helper.classes -   Epoch 9.0 completed, Duration: 0:43:07 Mem usage: CPU mem usage: 14.49G.  Cuda 0: memory acclocated: 18 G.
08/15/2023 21:57:02 - DEBUG - fsspec.local -   open file: /home/lunt1/.cache/huggingface/metrics/precision/default/default_experiment-1-0.arrow
08/15/2023 21:57:03 - DEBUG - fsspec.local -   open file: /home/lunt1/.cache/huggingface/metrics/recall/default/default_experiment-1-0.arrow
08/15/2023 21:57:03 - DEBUG - fsspec.local -   open file: /home/lunt1/.cache/huggingface/metrics/f1/default/default_experiment-1-0.arrow
08/15/2023 21:57:03 - DEBUG - fsspec.local -   open file: /home/lunt1/.cache/huggingface/metrics/spearmanr/default/default_experiment-1-0.arrow
08/15/2023 21:57:03 - DEBUG - fsspec.local -   open file: /home/lunt1/.cache/huggingface/metrics/precision/default/default_experiment-1-0.arrow
08/15/2023 21:57:03 - DEBUG - fsspec.local -   open file: /home/lunt1/.cache/huggingface/metrics/recall/default/default_experiment-1-0.arrow
08/15/2023 21:57:03 - DEBUG - fsspec.local -   open file: /home/lunt1/.cache/huggingface/metrics/f1/default/default_experiment-1-0.arrow
{'eval_loss': 3.7926673889160156, 'eval_precision': 0.32416239360006455, 'eval_recall': 0.3307009654980809, 'eval_f1': 0.3259428225217918, 'eval_spearmanr': 0.7607819718309784, 'eval_precision_weighted': 0.4416969891350537, 'eval_recall_weighted': 0.452755905511811, 'eval_f1_weighted': 0.445165149203373, 'eval_runtime': 108.5888, 'eval_samples_per_second': 4.678, 'eval_steps_per_second': 2.339, 'epoch': 9.0}
08/15/2023 21:57:12 - DEBUG - helper.classes -   ----------- Starting epoch 10.0 -----------
{'loss': 0.4616, 'learning_rate': 3.2003325020781384e-06, 'epoch': 9.04}
{'loss': 0.4708, 'learning_rate': 2.1612635078969247e-06, 'epoch': 9.35}
{'loss': 0.5577, 'learning_rate': 1.1221945137157108e-06, 'epoch': 9.66}
{'loss': 0.5013, 'learning_rate': 8.31255195344971e-08, 'epoch': 9.98}
08/15/2023 22:40:09 - DEBUG - helper.classes -   Epoch 10.0 completed, Duration: 0:42:56 Mem usage: CPU mem usage: 14.48G.  Cuda 0: memory acclocated: 18 G.
08/15/2023 22:41:56 - DEBUG - fsspec.local -   open file: /home/lunt1/.cache/huggingface/metrics/precision/default/default_experiment-1-0.arrow
08/15/2023 22:41:56 - DEBUG - fsspec.local -   open file: /home/lunt1/.cache/huggingface/metrics/recall/default/default_experiment-1-0.arrow
08/15/2023 22:41:56 - DEBUG - fsspec.local -   open file: /home/lunt1/.cache/huggingface/metrics/f1/default/default_experiment-1-0.arrow
08/15/2023 22:41:56 - DEBUG - fsspec.local -   open file: /home/lunt1/.cache/huggingface/metrics/spearmanr/default/default_experiment-1-0.arrow
08/15/2023 22:41:56 - DEBUG - fsspec.local -   open file: /home/lunt1/.cache/huggingface/metrics/precision/default/default_experiment-1-0.arrow
08/15/2023 22:41:56 - DEBUG - fsspec.local -   open file: /home/lunt1/.cache/huggingface/metrics/recall/default/default_experiment-1-0.arrow
08/15/2023 22:41:56 - DEBUG - fsspec.local -   open file: /home/lunt1/.cache/huggingface/metrics/f1/default/default_experiment-1-0.arrow
{'eval_loss': 3.908345937728882, 'eval_precision': 0.3287181860545281, 'eval_recall': 0.3318665408696307, 'eval_f1': 0.3271203756769938, 'eval_spearmanr': 0.7503893013495249, 'eval_precision_weighted': 0.44655763382642544, 'eval_recall_weighted': 0.4547244094488189, 'eval_f1_weighted': 0.44626471710561416, 'eval_runtime': 107.8463, 'eval_samples_per_second': 4.71, 'eval_steps_per_second': 2.355, 'epoch': 10.0}
{'train_runtime': 27028.463, 'train_samples_per_second': 1.187, 'train_steps_per_second': 0.593, 'train_loss': 0.8730494023558505, 'epoch': 10.0}
08/15/2023 22:42:13 - INFO - __main__ -   Training completed. Duration: 7:30:28
08/15/2023 22:44:00 - DEBUG - fsspec.local -   open file: /home/lunt1/.cache/huggingface/metrics/precision/default/default_experiment-1-0.arrow
08/15/2023 22:44:00 - DEBUG - fsspec.local -   open file: /home/lunt1/.cache/huggingface/metrics/recall/default/default_experiment-1-0.arrow
08/15/2023 22:44:00 - DEBUG - fsspec.local -   open file: /home/lunt1/.cache/huggingface/metrics/f1/default/default_experiment-1-0.arrow
08/15/2023 22:44:00 - DEBUG - fsspec.local -   open file: /home/lunt1/.cache/huggingface/metrics/spearmanr/default/default_experiment-1-0.arrow
08/15/2023 22:44:00 - DEBUG - fsspec.local -   open file: /home/lunt1/.cache/huggingface/metrics/precision/default/default_experiment-1-0.arrow
08/15/2023 22:44:00 - DEBUG - fsspec.local -   open file: /home/lunt1/.cache/huggingface/metrics/recall/default/default_experiment-1-0.arrow
08/15/2023 22:44:00 - DEBUG - fsspec.local -   open file: /home/lunt1/.cache/huggingface/metrics/f1/default/default_experiment-1-0.arrow
08/15/2023 22:44:00 - DEBUG - fsspec.local -   open file: /home/lunt1/.cache/huggingface/metrics/precision/default/default_experiment-1-0.arrow
08/15/2023 22:44:00 - DEBUG - fsspec.local -   open file: /home/lunt1/.cache/huggingface/metrics/recall/default/default_experiment-1-0.arrow
08/15/2023 22:44:00 - DEBUG - fsspec.local -   open file: /home/lunt1/.cache/huggingface/metrics/f1/default/default_experiment-1-0.arrow
08/15/2023 22:44:00 - DEBUG - fsspec.local -   open file: /home/lunt1/.cache/huggingface/metrics/spearmanr/default/default_experiment-1-0.arrow
08/15/2023 22:44:00 - DEBUG - fsspec.local -   open file: /home/lunt1/.cache/huggingface/metrics/precision/default/default_experiment-1-0.arrow
08/15/2023 22:44:00 - DEBUG - fsspec.local -   open file: /home/lunt1/.cache/huggingface/metrics/recall/default/default_experiment-1-0.arrow
08/15/2023 22:44:00 - DEBUG - fsspec.local -   open file: /home/lunt1/.cache/huggingface/metrics/f1/default/default_experiment-1-0.arrow
08/15/2023 22:44:00 - DEBUG - __main__ -   label: 4
08/15/2023 22:44:00 - DEBUG - __main__ -   pred: 5
08/15/2023 22:44:00 - DEBUG - __main__ -   label: 5
08/15/2023 22:44:00 - DEBUG - __main__ -   pred: 5
08/15/2023 22:44:00 - DEBUG - __main__ -   label: 3
08/15/2023 22:44:00 - DEBUG - __main__ -   pred: 4
08/15/2023 22:44:00 - DEBUG - __main__ -   label: 6
08/15/2023 22:44:00 - DEBUG - __main__ -   pred: 4
08/15/2023 22:44:00 - DEBUG - __main__ -   label: 3
08/15/2023 22:44:00 - DEBUG - __main__ -   pred: 3
08/15/2023 22:44:00 - DEBUG - __main__ -   label: 3
08/15/2023 22:44:00 - DEBUG - __main__ -   pred: 3
08/15/2023 22:44:00 - DEBUG - __main__ -   label: 2
08/15/2023 22:44:00 - DEBUG - __main__ -   pred: 2
08/15/2023 22:44:00 - DEBUG - __main__ -   label: 4
08/15/2023 22:44:00 - DEBUG - __main__ -   pred: 3
08/15/2023 22:44:00 - DEBUG - __main__ -   label: 4
08/15/2023 22:44:00 - DEBUG - __main__ -   pred: 4
08/15/2023 22:44:00 - DEBUG - __main__ -   label: 4
08/15/2023 22:44:00 - DEBUG - __main__ -   pred: 4
08/15/2023 22:44:00 - DEBUG - __main__ -   label: 2
08/15/2023 22:44:00 - DEBUG - __main__ -   pred: 4
08/15/2023 22:44:00 - DEBUG - __main__ -   label: 5
08/15/2023 22:44:00 - DEBUG - __main__ -   pred: 4
08/15/2023 22:44:00 - DEBUG - __main__ -   label: 4
08/15/2023 22:44:00 - DEBUG - __main__ -   pred: 3
08/15/2023 22:44:00 - DEBUG - __main__ -   label: 3
08/15/2023 22:44:00 - DEBUG - __main__ -   pred: 3
08/15/2023 22:44:00 - DEBUG - __main__ -   label: 5
08/15/2023 22:44:00 - DEBUG - __main__ -   pred: 5
08/15/2023 22:44:00 - DEBUG - __main__ -   label: 5
08/15/2023 22:44:00 - DEBUG - __main__ -   pred: 4
08/15/2023 22:44:00 - DEBUG - __main__ -   label: 5
08/15/2023 22:44:00 - DEBUG - __main__ -   pred: 4
08/15/2023 22:44:00 - DEBUG - __main__ -   label: 6
08/15/2023 22:44:00 - DEBUG - __main__ -   pred: 4
08/15/2023 22:44:00 - DEBUG - __main__ -   label: 3
08/15/2023 22:44:00 - DEBUG - __main__ -   pred: 3
08/15/2023 22:44:00 - DEBUG - __main__ -   label: 3
08/15/2023 22:44:00 - DEBUG - __main__ -   pred: 4
08/15/2023 22:44:00 - DEBUG - __main__ -   label: 5
08/15/2023 22:44:00 - DEBUG - __main__ -   pred: 4
08/15/2023 22:44:00 - DEBUG - __main__ -   label: 2
08/15/2023 22:44:00 - DEBUG - __main__ -   pred: 3
08/15/2023 22:44:00 - DEBUG - __main__ -   label: 1
08/15/2023 22:44:00 - DEBUG - __main__ -   pred: 3
08/15/2023 22:44:00 - DEBUG - __main__ -   label: 3
08/15/2023 22:44:00 - DEBUG - __main__ -   pred: 2
08/15/2023 22:44:00 - DEBUG - __main__ -   label: 4
08/15/2023 22:44:00 - DEBUG - __main__ -   pred: 4
08/15/2023 22:44:00 - DEBUG - __main__ -   label: 5
08/15/2023 22:44:00 - DEBUG - __main__ -   pred: 5
08/15/2023 22:44:00 - DEBUG - __main__ -   label: 5
08/15/2023 22:44:00 - DEBUG - __main__ -   pred: 5
08/15/2023 22:44:00 - DEBUG - __main__ -   label: 3
08/15/2023 22:44:00 - DEBUG - __main__ -   pred: 3
08/15/2023 22:44:00 - DEBUG - __main__ -   label: 4
08/15/2023 22:44:00 - DEBUG - __main__ -   pred: 2
08/15/2023 22:44:00 - DEBUG - __main__ -   label: 4
08/15/2023 22:44:00 - DEBUG - __main__ -   pred: 5
08/15/2023 22:44:00 - DEBUG - __main__ -   label: 4
08/15/2023 22:44:00 - DEBUG - __main__ -   pred: 4
08/15/2023 22:44:00 - DEBUG - __main__ -   label: 4
08/15/2023 22:44:00 - DEBUG - __main__ -   pred: 4
08/15/2023 22:44:00 - DEBUG - __main__ -   label: 4
08/15/2023 22:44:00 - DEBUG - __main__ -   pred: 4
08/15/2023 22:44:00 - DEBUG - __main__ -   label: 5
08/15/2023 22:44:00 - DEBUG - __main__ -   pred: 4
08/15/2023 22:44:00 - DEBUG - __main__ -   label: 2
08/15/2023 22:44:00 - DEBUG - __main__ -   pred: 3
08/15/2023 22:44:00 - DEBUG - __main__ -   label: 4
08/15/2023 22:44:00 - DEBUG - __main__ -   pred: 4
08/15/2023 22:44:00 - DEBUG - __main__ -   label: 6
08/15/2023 22:44:00 - DEBUG - __main__ -   pred: 5
08/15/2023 22:44:00 - DEBUG - __main__ -   label: 5
08/15/2023 22:44:00 - DEBUG - __main__ -   pred: 4
08/15/2023 22:44:00 - DEBUG - __main__ -   label: 2
08/15/2023 22:44:00 - DEBUG - __main__ -   pred: 2
08/15/2023 22:44:00 - DEBUG - __main__ -   label: 4
08/15/2023 22:44:00 - DEBUG - __main__ -   pred: 3
08/15/2023 22:44:00 - DEBUG - __main__ -   label: 3
08/15/2023 22:44:00 - DEBUG - __main__ -   pred: 3
08/15/2023 22:44:00 - DEBUG - __main__ -   label: 4
08/15/2023 22:44:00 - DEBUG - __main__ -   pred: 4
08/15/2023 22:44:00 - DEBUG - __main__ -   label: 3
08/15/2023 22:44:00 - DEBUG - __main__ -   pred: 4
08/15/2023 22:44:00 - DEBUG - __main__ -   label: 3
08/15/2023 22:44:00 - DEBUG - __main__ -   pred: 5
08/15/2023 22:44:00 - DEBUG - __main__ -   label: 5
08/15/2023 22:44:00 - DEBUG - __main__ -   pred: 4
08/15/2023 22:44:00 - DEBUG - __main__ -   label: 4
08/15/2023 22:44:00 - DEBUG - __main__ -   pred: 3
08/15/2023 22:44:00 - DEBUG - __main__ -   label: 5
08/15/2023 22:44:00 - DEBUG - __main__ -   pred: 5
08/15/2023 22:44:00 - DEBUG - __main__ -   label: 5
08/15/2023 22:44:00 - DEBUG - __main__ -   pred: 4
08/15/2023 22:44:00 - DEBUG - __main__ -   label: 4
08/15/2023 22:44:00 - DEBUG - __main__ -   pred: 4
08/15/2023 22:44:00 - DEBUG - __main__ -   label: 5
08/15/2023 22:44:00 - DEBUG - __main__ -   pred: 4
08/15/2023 22:44:00 - DEBUG - __main__ -   label: 6
08/15/2023 22:44:00 - DEBUG - __main__ -   pred: 4
08/15/2023 22:44:00 - DEBUG - __main__ -   label: 3
08/15/2023 22:44:00 - DEBUG - __main__ -   pred: 4
08/15/2023 22:44:00 - DEBUG - __main__ -   label: 2
08/15/2023 22:44:00 - DEBUG - __main__ -   pred: 3
08/15/2023 22:44:00 - DEBUG - __main__ -   label: 3
08/15/2023 22:44:00 - DEBUG - __main__ -   pred: 3
08/15/2023 22:44:00 - DEBUG - __main__ -   label: 4
08/15/2023 22:44:00 - DEBUG - __main__ -   pred: 5
08/15/2023 22:44:00 - DEBUG - __main__ -   label: 3
08/15/2023 22:44:00 - DEBUG - __main__ -   pred: 5
08/15/2023 22:44:00 - DEBUG - __main__ -   label: 4
08/15/2023 22:44:00 - DEBUG - __main__ -   pred: 4
08/15/2023 22:44:00 - DEBUG - __main__ -   label: 2
08/15/2023 22:44:00 - DEBUG - __main__ -   pred: 1
08/15/2023 22:44:00 - DEBUG - __main__ -   label: 1
08/15/2023 22:44:00 - DEBUG - __main__ -   pred: 2
08/15/2023 22:44:00 - DEBUG - __main__ -   label: 1
08/15/2023 22:44:00 - DEBUG - __main__ -   pred: 3
08/15/2023 22:44:00 - DEBUG - __main__ -   label: 2
08/15/2023 22:44:00 - DEBUG - __main__ -   pred: 4
08/15/2023 22:44:00 - DEBUG - __main__ -   label: 2
08/15/2023 22:44:00 - DEBUG - __main__ -   pred: 3
08/15/2023 22:44:00 - DEBUG - __main__ -   label: 4
08/15/2023 22:44:00 - DEBUG - __main__ -   pred: 4
08/15/2023 22:44:00 - DEBUG - __main__ -   label: 3
08/15/2023 22:44:00 - DEBUG - __main__ -   pred: 5
08/15/2023 22:44:00 - DEBUG - __main__ -   label: 4
08/15/2023 22:44:00 - DEBUG - __main__ -   pred: 4
08/15/2023 22:44:00 - DEBUG - __main__ -   label: 3
08/15/2023 22:44:00 - DEBUG - __main__ -   pred: 3
08/15/2023 22:44:00 - DEBUG - __main__ -   label: 5
08/15/2023 22:44:00 - DEBUG - __main__ -   pred: 5
08/15/2023 22:44:00 - DEBUG - __main__ -   label: 4
08/15/2023 22:44:00 - DEBUG - __main__ -   pred: 4
08/15/2023 22:44:00 - DEBUG - __main__ -   label: 2
08/15/2023 22:44:00 - DEBUG - __main__ -   pred: 2
08/15/2023 22:44:00 - DEBUG - __main__ -   label: 2
08/15/2023 22:44:00 - DEBUG - __main__ -   pred: 2
08/15/2023 22:44:00 - DEBUG - __main__ -   label: 5
08/15/2023 22:44:00 - DEBUG - __main__ -   pred: 3
08/15/2023 22:44:00 - DEBUG - __main__ -   label: 2
08/15/2023 22:44:00 - DEBUG - __main__ -   pred: 2
08/15/2023 22:44:00 - DEBUG - __main__ -   label: 1
08/15/2023 22:44:00 - DEBUG - __main__ -   pred: 1
08/15/2023 22:44:00 - DEBUG - __main__ -   label: 1
08/15/2023 22:44:00 - DEBUG - __main__ -   pred: 2
08/15/2023 22:44:00 - DEBUG - __main__ -   label: 3
08/15/2023 22:44:00 - DEBUG - __main__ -   pred: 3
08/15/2023 22:44:00 - DEBUG - __main__ -   label: 3
08/15/2023 22:44:00 - DEBUG - __main__ -   pred: 5
08/15/2023 22:44:00 - DEBUG - __main__ -   label: 3
08/15/2023 22:44:00 - DEBUG - __main__ -   pred: 4
08/15/2023 22:44:00 - DEBUG - __main__ -   label: 3
08/15/2023 22:44:00 - DEBUG - __main__ -   pred: 3
08/15/2023 22:44:00 - DEBUG - __main__ -   label: 2
08/15/2023 22:44:00 - DEBUG - __main__ -   pred: 2
08/15/2023 22:44:00 - DEBUG - __main__ -   label: 2
08/15/2023 22:44:00 - DEBUG - __main__ -   pred: 3
08/15/2023 22:44:00 - DEBUG - __main__ -   label: 1
08/15/2023 22:44:00 - DEBUG - __main__ -   pred: 2
08/15/2023 22:44:00 - DEBUG - __main__ -   label: 2
08/15/2023 22:44:00 - DEBUG - __main__ -   pred: 3
08/15/2023 22:44:00 - DEBUG - __main__ -   label: 1
08/15/2023 22:44:00 - DEBUG - __main__ -   pred: 1
08/15/2023 22:44:00 - DEBUG - __main__ -   label: 2
08/15/2023 22:44:00 - DEBUG - __main__ -   pred: 2
08/15/2023 22:44:00 - DEBUG - __main__ -   label: 2
08/15/2023 22:44:00 - DEBUG - __main__ -   pred: 2
08/15/2023 22:44:00 - DEBUG - __main__ -   label: 1
08/15/2023 22:44:00 - DEBUG - __main__ -   pred: 2
08/15/2023 22:44:00 - DEBUG - __main__ -   label: 2
08/15/2023 22:44:00 - DEBUG - __main__ -   pred: 3
08/15/2023 22:44:00 - DEBUG - __main__ -   label: 1
08/15/2023 22:44:00 - DEBUG - __main__ -   pred: 1
08/15/2023 22:44:00 - DEBUG - __main__ -   label: 1
08/15/2023 22:44:00 - DEBUG - __main__ -   pred: 2
08/15/2023 22:44:00 - DEBUG - __main__ -   label: 2
08/15/2023 22:44:00 - DEBUG - __main__ -   pred: 1
08/15/2023 22:44:00 - DEBUG - __main__ -   label: 2
08/15/2023 22:44:00 - DEBUG - __main__ -   pred: 2
08/15/2023 22:44:00 - DEBUG - __main__ -   label: 2
08/15/2023 22:44:00 - DEBUG - __main__ -   pred: 2
08/15/2023 22:44:00 - DEBUG - __main__ -   label: 2
08/15/2023 22:44:00 - DEBUG - __main__ -   pred: 1
08/15/2023 22:44:00 - DEBUG - __main__ -   label: 2
08/15/2023 22:44:00 - DEBUG - __main__ -   pred: 3
08/15/2023 22:44:00 - DEBUG - __main__ -   label: 1
08/15/2023 22:44:00 - DEBUG - __main__ -   pred: 2
08/15/2023 22:44:00 - DEBUG - __main__ -   label: 2
08/15/2023 22:44:00 - DEBUG - __main__ -   pred: 2
08/15/2023 22:44:00 - DEBUG - __main__ -   label: 1
08/15/2023 22:44:00 - DEBUG - __main__ -   pred: 1
08/15/2023 22:44:00 - DEBUG - __main__ -   label: 1
08/15/2023 22:44:00 - DEBUG - __main__ -   pred: 2
08/15/2023 22:44:00 - DEBUG - __main__ -   label: 2
08/15/2023 22:44:00 - DEBUG - __main__ -   pred: 2
08/15/2023 22:44:00 - DEBUG - __main__ -   label: 2
08/15/2023 22:44:00 - DEBUG - __main__ -   pred: 2
08/15/2023 22:44:00 - DEBUG - __main__ -   label: 2
08/15/2023 22:44:00 - DEBUG - __main__ -   pred: 3
08/15/2023 22:44:00 - DEBUG - __main__ -   label: 6
08/15/2023 22:44:00 - DEBUG - __main__ -   pred: 4
08/15/2023 22:44:00 - DEBUG - __main__ -   label: 3
08/15/2023 22:44:00 - DEBUG - __main__ -   pred: 3
08/15/2023 22:44:00 - DEBUG - __main__ -   label: 5
08/15/2023 22:44:00 - DEBUG - __main__ -   pred: 5
08/15/2023 22:44:00 - DEBUG - __main__ -   label: 5
08/15/2023 22:44:00 - DEBUG - __main__ -   pred: 5
08/15/2023 22:44:00 - DEBUG - __main__ -   label: 5
08/15/2023 22:44:00 - DEBUG - __main__ -   pred: 4
08/15/2023 22:44:00 - DEBUG - __main__ -   label: 4
08/15/2023 22:44:00 - DEBUG - __main__ -   pred: 4
08/15/2023 22:44:00 - DEBUG - __main__ -   label: 6
08/15/2023 22:44:00 - DEBUG - __main__ -   pred: 5
08/15/2023 22:44:00 - DEBUG - __main__ -   label: 4
08/15/2023 22:44:00 - DEBUG - __main__ -   pred: 4
08/15/2023 22:44:00 - DEBUG - __main__ -   label: 4
08/15/2023 22:44:00 - DEBUG - __main__ -   pred: 4
08/15/2023 22:44:00 - DEBUG - __main__ -   label: 2
08/15/2023 22:44:00 - DEBUG - __main__ -   pred: 2
08/15/2023 22:44:00 - DEBUG - __main__ -   label: 1
08/15/2023 22:44:00 - DEBUG - __main__ -   pred: 1
08/15/2023 22:44:00 - DEBUG - __main__ -   label: 2
08/15/2023 22:44:00 - DEBUG - __main__ -   pred: 2
08/15/2023 22:44:00 - DEBUG - __main__ -   label: 1
08/15/2023 22:44:00 - DEBUG - __main__ -   pred: 2
08/15/2023 22:44:00 - DEBUG - __main__ -   label: 2
08/15/2023 22:44:00 - DEBUG - __main__ -   pred: 3
08/15/2023 22:44:00 - DEBUG - __main__ -   label: 1
08/15/2023 22:44:00 - DEBUG - __main__ -   pred: 2
08/15/2023 22:44:00 - DEBUG - __main__ -   label: 2
08/15/2023 22:44:00 - DEBUG - __main__ -   pred: 2
08/15/2023 22:44:00 - DEBUG - __main__ -   label: 2
08/15/2023 22:44:00 - DEBUG - __main__ -   pred: 2
08/15/2023 22:44:00 - DEBUG - __main__ -   label: 1
08/15/2023 22:44:00 - DEBUG - __main__ -   pred: 2
08/15/2023 22:44:00 - DEBUG - __main__ -   label: 1
08/15/2023 22:44:00 - DEBUG - __main__ -   pred: 2
08/15/2023 22:44:00 - DEBUG - __main__ -   label: 2
08/15/2023 22:44:00 - DEBUG - __main__ -   pred: 2
08/15/2023 22:44:00 - DEBUG - __main__ -   label: 1
08/15/2023 22:44:00 - DEBUG - __main__ -   pred: 2
08/15/2023 22:44:00 - DEBUG - __main__ -   label: 5
08/15/2023 22:44:00 - DEBUG - __main__ -   pred: 5
08/15/2023 22:44:00 - DEBUG - __main__ -   label: 1
08/15/2023 22:44:00 - DEBUG - __main__ -   pred: 2
08/15/2023 22:44:00 - DEBUG - __main__ -   label: 2
08/15/2023 22:44:00 - DEBUG - __main__ -   pred: 2
08/15/2023 22:44:00 - DEBUG - __main__ -   label: 4
08/15/2023 22:44:00 - DEBUG - __main__ -   pred: 4
08/15/2023 22:44:00 - DEBUG - __main__ -   label: 4
08/15/2023 22:44:00 - DEBUG - __main__ -   pred: 3
08/15/2023 22:44:00 - DEBUG - __main__ -   label: 2
08/15/2023 22:44:00 - DEBUG - __main__ -   pred: 2
08/15/2023 22:44:00 - DEBUG - __main__ -   label: 2
08/15/2023 22:44:00 - DEBUG - __main__ -   pred: 2
08/15/2023 22:44:00 - DEBUG - __main__ -   label: 3
08/15/2023 22:44:00 - DEBUG - __main__ -   pred: 2
08/15/2023 22:44:00 - DEBUG - __main__ -   label: 3
08/15/2023 22:44:00 - DEBUG - __main__ -   pred: 3
08/15/2023 22:44:00 - DEBUG - __main__ -   label: 3
08/15/2023 22:44:00 - DEBUG - __main__ -   pred: 3
08/15/2023 22:44:00 - DEBUG - __main__ -   label: 5
08/15/2023 22:44:00 - DEBUG - __main__ -   pred: 5
08/15/2023 22:44:00 - DEBUG - __main__ -   label: 5
08/15/2023 22:44:00 - DEBUG - __main__ -   pred: 5
08/15/2023 22:44:00 - DEBUG - __main__ -   label: 4
08/15/2023 22:44:00 - DEBUG - __main__ -   pred: 3
08/15/2023 22:44:00 - DEBUG - __main__ -   label: 5
08/15/2023 22:44:00 - DEBUG - __main__ -   pred: 5
08/15/2023 22:44:00 - DEBUG - __main__ -   label: 4
08/15/2023 22:44:00 - DEBUG - __main__ -   pred: 3
08/15/2023 22:44:00 - DEBUG - __main__ -   label: 6
08/15/2023 22:44:00 - DEBUG - __main__ -   pred: 4
08/15/2023 22:44:00 - DEBUG - __main__ -   label: 5
08/15/2023 22:44:00 - DEBUG - __main__ -   pred: 5
08/15/2023 22:44:00 - DEBUG - __main__ -   label: 3
08/15/2023 22:44:00 - DEBUG - __main__ -   pred: 4
08/15/2023 22:44:00 - DEBUG - __main__ -   label: 4
08/15/2023 22:44:00 - DEBUG - __main__ -   pred: 4
08/15/2023 22:44:00 - DEBUG - __main__ -   label: 5
08/15/2023 22:44:00 - DEBUG - __main__ -   pred: 4
08/15/2023 22:44:00 - DEBUG - __main__ -   label: 5
08/15/2023 22:44:00 - DEBUG - __main__ -   pred: 4
08/15/2023 22:44:00 - DEBUG - __main__ -   label: 1
08/15/2023 22:44:00 - DEBUG - __main__ -   pred: 1
08/15/2023 22:44:00 - DEBUG - __main__ -   label: 3
08/15/2023 22:44:00 - DEBUG - __main__ -   pred: 2
08/15/2023 22:44:00 - DEBUG - __main__ -   label: 3
08/15/2023 22:44:00 - DEBUG - __main__ -   pred: 3
08/15/2023 22:44:00 - DEBUG - __main__ -   label: 4
08/15/2023 22:44:00 - DEBUG - __main__ -   pred: 5
08/15/2023 22:44:00 - DEBUG - __main__ -   label: 2
08/15/2023 22:44:00 - DEBUG - __main__ -   pred: 3
08/15/2023 22:44:00 - DEBUG - __main__ -   label: 2
08/15/2023 22:44:00 - DEBUG - __main__ -   pred: 2
08/15/2023 22:44:00 - DEBUG - __main__ -   label: 0
08/15/2023 22:44:00 - DEBUG - __main__ -   pred: 1
08/15/2023 22:44:00 - DEBUG - __main__ -   label: 4
08/15/2023 22:44:00 - DEBUG - __main__ -   pred: 4
08/15/2023 22:44:00 - DEBUG - __main__ -   label: 3
08/15/2023 22:44:00 - DEBUG - __main__ -   pred: 3
08/15/2023 22:44:00 - DEBUG - __main__ -   label: 4
08/15/2023 22:44:00 - DEBUG - __main__ -   pred: 3
08/15/2023 22:44:00 - DEBUG - __main__ -   label: 2
08/15/2023 22:44:00 - DEBUG - __main__ -   pred: 3
08/15/2023 22:44:00 - DEBUG - __main__ -   label: 2
08/15/2023 22:44:00 - DEBUG - __main__ -   pred: 2
08/15/2023 22:44:00 - DEBUG - __main__ -   label: 2
08/15/2023 22:44:00 - DEBUG - __main__ -   pred: 2
08/15/2023 22:44:00 - DEBUG - __main__ -   label: 3
08/15/2023 22:44:00 - DEBUG - __main__ -   pred: 3
08/15/2023 22:44:00 - DEBUG - __main__ -   label: 2
08/15/2023 22:44:00 - DEBUG - __main__ -   pred: 2
08/15/2023 22:44:00 - DEBUG - __main__ -   label: 1
08/15/2023 22:44:00 - DEBUG - __main__ -   pred: 3
08/15/2023 22:44:00 - DEBUG - __main__ -   label: 1
08/15/2023 22:44:00 - DEBUG - __main__ -   pred: 2
08/15/2023 22:44:00 - DEBUG - __main__ -   label: 2
08/15/2023 22:44:00 - DEBUG - __main__ -   pred: 2
08/15/2023 22:44:00 - DEBUG - __main__ -   label: 1
08/15/2023 22:44:00 - DEBUG - __main__ -   pred: 2
08/15/2023 22:44:00 - DEBUG - __main__ -   label: 2
08/15/2023 22:44:00 - DEBUG - __main__ -   pred: 2
08/15/2023 22:44:00 - DEBUG - __main__ -   label: 1
08/15/2023 22:44:00 - DEBUG - __main__ -   pred: 2
08/15/2023 22:44:00 - DEBUG - __main__ -   label: 1
08/15/2023 22:44:00 - DEBUG - __main__ -   pred: 1
08/15/2023 22:44:00 - DEBUG - __main__ -   label: 1
08/15/2023 22:44:00 - DEBUG - __main__ -   pred: 1
08/15/2023 22:44:00 - DEBUG - __main__ -   label: 3
08/15/2023 22:44:00 - DEBUG - __main__ -   pred: 2
08/15/2023 22:44:00 - DEBUG - __main__ -   label: 3
08/15/2023 22:44:00 - DEBUG - __main__ -   pred: 2
08/15/2023 22:44:00 - DEBUG - __main__ -   label: 3
08/15/2023 22:44:00 - DEBUG - __main__ -   pred: 2
08/15/2023 22:44:00 - DEBUG - __main__ -   label: 5
08/15/2023 22:44:00 - DEBUG - __main__ -   pred: 4
08/15/2023 22:44:00 - DEBUG - __main__ -   label: 5
08/15/2023 22:44:00 - DEBUG - __main__ -   pred: 5
08/15/2023 22:44:00 - DEBUG - __main__ -   label: 4
08/15/2023 22:44:00 - DEBUG - __main__ -   pred: 3
08/15/2023 22:44:00 - DEBUG - __main__ -   label: 3
08/15/2023 22:44:00 - DEBUG - __main__ -   pred: 4
08/15/2023 22:44:00 - DEBUG - __main__ -   label: 5
08/15/2023 22:44:00 - DEBUG - __main__ -   pred: 4
08/15/2023 22:44:00 - DEBUG - __main__ -   label: 6
08/15/2023 22:44:00 - DEBUG - __main__ -   pred: 5
08/15/2023 22:44:00 - DEBUG - __main__ -   label: 3
08/15/2023 22:44:00 - DEBUG - __main__ -   pred: 3
08/15/2023 22:44:00 - DEBUG - __main__ -   label: 4
08/15/2023 22:44:00 - DEBUG - __main__ -   pred: 3
08/15/2023 22:44:00 - DEBUG - __main__ -   label: 6
08/15/2023 22:44:00 - DEBUG - __main__ -   pred: 5
08/15/2023 22:44:00 - DEBUG - __main__ -   label: 3
08/15/2023 22:44:00 - DEBUG - __main__ -   pred: 3
08/15/2023 22:44:00 - DEBUG - __main__ -   label: 5
08/15/2023 22:44:00 - DEBUG - __main__ -   pred: 4
08/15/2023 22:44:00 - DEBUG - __main__ -   label: 5
08/15/2023 22:44:00 - DEBUG - __main__ -   pred: 4
08/15/2023 22:44:00 - DEBUG - __main__ -   label: 3
08/15/2023 22:44:00 - DEBUG - __main__ -   pred: 3
08/15/2023 22:44:00 - DEBUG - __main__ -   label: 3
08/15/2023 22:44:00 - DEBUG - __main__ -   pred: 3
08/15/2023 22:44:00 - DEBUG - __main__ -   label: 5
08/15/2023 22:44:00 - DEBUG - __main__ -   pred: 4
08/15/2023 22:44:00 - DEBUG - __main__ -   label: 3
08/15/2023 22:44:00 - DEBUG - __main__ -   pred: 2
08/15/2023 22:44:00 - DEBUG - __main__ -   label: 2
08/15/2023 22:44:00 - DEBUG - __main__ -   pred: 3
08/15/2023 22:44:00 - DEBUG - __main__ -   label: 2
08/15/2023 22:44:00 - DEBUG - __main__ -   pred: 2
08/15/2023 22:44:00 - DEBUG - __main__ -   label: 4
08/15/2023 22:44:00 - DEBUG - __main__ -   pred: 3
08/15/2023 22:44:00 - DEBUG - __main__ -   label: 2
08/15/2023 22:44:00 - DEBUG - __main__ -   pred: 2
08/15/2023 22:44:00 - DEBUG - __main__ -   label: 4
08/15/2023 22:44:00 - DEBUG - __main__ -   pred: 3
08/15/2023 22:44:00 - DEBUG - __main__ -   label: 2
08/15/2023 22:44:00 - DEBUG - __main__ -   pred: 2
08/15/2023 22:44:00 - DEBUG - __main__ -   label: 3
08/15/2023 22:44:00 - DEBUG - __main__ -   pred: 2
08/15/2023 22:44:00 - DEBUG - __main__ -   label: 3
08/15/2023 22:44:00 - DEBUG - __main__ -   pred: 2
08/15/2023 22:44:00 - DEBUG - __main__ -   label: 3
08/15/2023 22:44:00 - DEBUG - __main__ -   pred: 2
08/15/2023 22:44:00 - DEBUG - __main__ -   label: 3
08/15/2023 22:44:00 - DEBUG - __main__ -   pred: 1
08/15/2023 22:44:00 - DEBUG - __main__ -   label: 3
08/15/2023 22:44:00 - DEBUG - __main__ -   pred: 2
08/15/2023 22:44:00 - DEBUG - __main__ -   label: 3
08/15/2023 22:44:00 - DEBUG - __main__ -   pred: 2
08/15/2023 22:44:00 - DEBUG - __main__ -   label: 2
08/15/2023 22:44:00 - DEBUG - __main__ -   pred: 3
08/15/2023 22:44:00 - DEBUG - __main__ -   label: 4
08/15/2023 22:44:00 - DEBUG - __main__ -   pred: 2
08/15/2023 22:44:00 - DEBUG - __main__ -   label: 3
08/15/2023 22:44:00 - DEBUG - __main__ -   pred: 1
08/15/2023 22:44:00 - DEBUG - __main__ -   label: 2
08/15/2023 22:44:00 - DEBUG - __main__ -   pred: 2
08/15/2023 22:44:00 - DEBUG - __main__ -   label: 3
08/15/2023 22:44:00 - DEBUG - __main__ -   pred: 2
08/15/2023 22:44:00 - DEBUG - __main__ -   label: 3
08/15/2023 22:44:00 - DEBUG - __main__ -   pred: 2
08/15/2023 22:44:00 - DEBUG - __main__ -   label: 4
08/15/2023 22:44:00 - DEBUG - __main__ -   pred: 2
08/15/2023 22:44:00 - DEBUG - __main__ -   label: 4
08/15/2023 22:44:00 - DEBUG - __main__ -   pred: 2
08/15/2023 22:44:00 - DEBUG - __main__ -   label: 3
08/15/2023 22:44:00 - DEBUG - __main__ -   pred: 1
08/15/2023 22:44:00 - DEBUG - __main__ -   label: 1
08/15/2023 22:44:00 - DEBUG - __main__ -   pred: 1
08/15/2023 22:44:00 - DEBUG - __main__ -   label: 3
08/15/2023 22:44:00 - DEBUG - __main__ -   pred: 2
08/15/2023 22:44:00 - DEBUG - __main__ -   label: 3
08/15/2023 22:44:00 - DEBUG - __main__ -   pred: 2
08/15/2023 22:44:00 - DEBUG - __main__ -   label: 2
08/15/2023 22:44:00 - DEBUG - __main__ -   pred: 2
08/15/2023 22:44:00 - DEBUG - __main__ -   label: 4
08/15/2023 22:44:00 - DEBUG - __main__ -   pred: 4
08/15/2023 22:44:00 - DEBUG - __main__ -   label: 4
08/15/2023 22:44:00 - DEBUG - __main__ -   pred: 5
08/15/2023 22:44:00 - DEBUG - __main__ -   label: 5
08/15/2023 22:44:00 - DEBUG - __main__ -   pred: 3
08/15/2023 22:44:00 - DEBUG - __main__ -   label: 4
08/15/2023 22:44:00 - DEBUG - __main__ -   pred: 4
08/15/2023 22:44:00 - DEBUG - __main__ -   label: 3
08/15/2023 22:44:00 - DEBUG - __main__ -   pred: 3
08/15/2023 22:44:00 - DEBUG - __main__ -   label: 6
08/15/2023 22:44:00 - DEBUG - __main__ -   pred: 5
08/15/2023 22:44:00 - DEBUG - __main__ -   label: 4
08/15/2023 22:44:00 - DEBUG - __main__ -   pred: 3
08/15/2023 22:44:00 - DEBUG - __main__ -   label: 2
08/15/2023 22:44:00 - DEBUG - __main__ -   pred: 3
08/15/2023 22:44:00 - DEBUG - __main__ -   label: 2
08/15/2023 22:44:00 - DEBUG - __main__ -   pred: 2
08/15/2023 22:44:00 - DEBUG - __main__ -   label: 1
08/15/2023 22:44:00 - DEBUG - __main__ -   pred: 2
08/15/2023 22:44:00 - DEBUG - __main__ -   label: 2
08/15/2023 22:44:00 - DEBUG - __main__ -   pred: 2
08/15/2023 22:44:00 - DEBUG - __main__ -   label: 1
08/15/2023 22:44:00 - DEBUG - __main__ -   pred: 3
08/15/2023 22:44:00 - DEBUG - __main__ -   label: 1
08/15/2023 22:44:00 - DEBUG - __main__ -   pred: 2
08/15/2023 22:44:00 - DEBUG - __main__ -   label: 2
08/15/2023 22:44:00 - DEBUG - __main__ -   pred: 3
08/15/2023 22:44:00 - DEBUG - __main__ -   label: 1
08/15/2023 22:44:00 - DEBUG - __main__ -   pred: 2
08/15/2023 22:44:00 - DEBUG - __main__ -   label: 2
08/15/2023 22:44:00 - DEBUG - __main__ -   pred: 2
08/15/2023 22:44:00 - DEBUG - __main__ -   label: 4
08/15/2023 22:44:00 - DEBUG - __main__ -   pred: 3
08/15/2023 22:44:00 - DEBUG - __main__ -   label: 4
08/15/2023 22:44:00 - DEBUG - __main__ -   pred: 4
08/15/2023 22:44:00 - DEBUG - __main__ -   label: 4
08/15/2023 22:44:00 - DEBUG - __main__ -   pred: 5
08/15/2023 22:44:00 - DEBUG - __main__ -   label: 5
08/15/2023 22:44:00 - DEBUG - __main__ -   pred: 5
08/15/2023 22:44:00 - DEBUG - __main__ -   label: 3
08/15/2023 22:44:00 - DEBUG - __main__ -   pred: 5
08/15/2023 22:44:00 - DEBUG - __main__ -   label: 4
08/15/2023 22:44:00 - DEBUG - __main__ -   pred: 4
08/15/2023 22:44:00 - DEBUG - __main__ -   label: 1
08/15/2023 22:44:00 - DEBUG - __main__ -   pred: 1
08/15/2023 22:44:00 - DEBUG - __main__ -   label: 6
08/15/2023 22:44:00 - DEBUG - __main__ -   pred: 5
08/15/2023 22:44:00 - DEBUG - __main__ -   label: 3
08/15/2023 22:44:00 - DEBUG - __main__ -   pred: 4
08/15/2023 22:44:00 - DEBUG - __main__ -   label: 4
08/15/2023 22:44:00 - DEBUG - __main__ -   pred: 5
08/15/2023 22:44:00 - DEBUG - __main__ -   label: 5
08/15/2023 22:44:00 - DEBUG - __main__ -   pred: 4
08/15/2023 22:44:00 - DEBUG - __main__ -   label: 4
08/15/2023 22:44:00 - DEBUG - __main__ -   pred: 4
08/15/2023 22:44:00 - DEBUG - __main__ -   label: 4
08/15/2023 22:44:00 - DEBUG - __main__ -   pred: 4
08/15/2023 22:44:00 - DEBUG - __main__ -   label: 6
08/15/2023 22:44:00 - DEBUG - __main__ -   pred: 5
08/15/2023 22:44:00 - DEBUG - __main__ -   label: 3
08/15/2023 22:44:00 - DEBUG - __main__ -   pred: 4
08/15/2023 22:44:00 - DEBUG - __main__ -   label: 5
08/15/2023 22:44:00 - DEBUG - __main__ -   pred: 4
08/15/2023 22:44:00 - DEBUG - __main__ -   label: 5
08/15/2023 22:44:00 - DEBUG - __main__ -   pred: 4
08/15/2023 22:44:00 - DEBUG - __main__ -   label: 3
08/15/2023 22:44:00 - DEBUG - __main__ -   pred: 3
08/15/2023 22:44:00 - DEBUG - __main__ -   label: 5
08/15/2023 22:44:00 - DEBUG - __main__ -   pred: 4
08/15/2023 22:44:00 - DEBUG - __main__ -   label: 5
08/15/2023 22:44:00 - DEBUG - __main__ -   pred: 4
08/15/2023 22:44:00 - DEBUG - __main__ -   label: 3
08/15/2023 22:44:00 - DEBUG - __main__ -   pred: 4
08/15/2023 22:44:00 - DEBUG - __main__ -   label: 4
08/15/2023 22:44:00 - DEBUG - __main__ -   pred: 3
08/15/2023 22:44:00 - DEBUG - __main__ -   label: 4
08/15/2023 22:44:00 - DEBUG - __main__ -   pred: 4
08/15/2023 22:44:00 - DEBUG - __main__ -   label: 4
08/15/2023 22:44:00 - DEBUG - __main__ -   pred: 4
08/15/2023 22:44:00 - DEBUG - __main__ -   label: 5
08/15/2023 22:44:00 - DEBUG - __main__ -   pred: 4
08/15/2023 22:44:00 - DEBUG - __main__ -   label: 3
08/15/2023 22:44:00 - DEBUG - __main__ -   pred: 3
08/15/2023 22:44:00 - DEBUG - __main__ -   label: 4
08/15/2023 22:44:00 - DEBUG - __main__ -   pred: 4
08/15/2023 22:44:00 - DEBUG - __main__ -   label: 5
08/15/2023 22:44:00 - DEBUG - __main__ -   pred: 4
08/15/2023 22:44:00 - DEBUG - __main__ -   label: 4
08/15/2023 22:44:00 - DEBUG - __main__ -   pred: 4
08/15/2023 22:44:00 - DEBUG - __main__ -   label: 5
08/15/2023 22:44:00 - DEBUG - __main__ -   pred: 4
08/15/2023 22:44:00 - DEBUG - __main__ -   label: 4
08/15/2023 22:44:00 - DEBUG - __main__ -   pred: 3
08/15/2023 22:44:00 - DEBUG - __main__ -   label: 4
08/15/2023 22:44:00 - DEBUG - __main__ -   pred: 3
08/15/2023 22:44:00 - DEBUG - __main__ -   label: 5
08/15/2023 22:44:00 - DEBUG - __main__ -   pred: 5
08/15/2023 22:44:00 - DEBUG - __main__ -   label: 5
08/15/2023 22:44:00 - DEBUG - __main__ -   pred: 5
08/15/2023 22:44:00 - DEBUG - __main__ -   label: 4
08/15/2023 22:44:00 - DEBUG - __main__ -   pred: 4
08/15/2023 22:44:00 - DEBUG - __main__ -   label: 5
08/15/2023 22:44:00 - DEBUG - __main__ -   pred: 5
08/15/2023 22:44:00 - DEBUG - __main__ -   label: 2
08/15/2023 22:44:00 - DEBUG - __main__ -   pred: 2
08/15/2023 22:44:00 - DEBUG - __main__ -   label: 3
08/15/2023 22:44:00 - DEBUG - __main__ -   pred: 2
08/15/2023 22:44:00 - DEBUG - __main__ -   label: 2
08/15/2023 22:44:00 - DEBUG - __main__ -   pred: 2
08/15/2023 22:44:00 - DEBUG - __main__ -   label: 3
08/15/2023 22:44:00 - DEBUG - __main__ -   pred: 2
08/15/2023 22:44:00 - DEBUG - __main__ -   label: 1
08/15/2023 22:44:00 - DEBUG - __main__ -   pred: 3
08/15/2023 22:44:00 - DEBUG - __main__ -   label: 2
08/15/2023 22:44:00 - DEBUG - __main__ -   pred: 2
08/15/2023 22:44:00 - DEBUG - __main__ -   label: 3
08/15/2023 22:44:00 - DEBUG - __main__ -   pred: 1
08/15/2023 22:44:00 - DEBUG - __main__ -   label: 3
08/15/2023 22:44:00 - DEBUG - __main__ -   pred: 1
08/15/2023 22:44:00 - DEBUG - __main__ -   label: 3
08/15/2023 22:44:00 - DEBUG - __main__ -   pred: 1
08/15/2023 22:44:00 - DEBUG - __main__ -   label: 2
08/15/2023 22:44:00 - DEBUG - __main__ -   pred: 2
08/15/2023 22:44:00 - DEBUG - __main__ -   label: 3
08/15/2023 22:44:00 - DEBUG - __main__ -   pred: 2
08/15/2023 22:44:00 - DEBUG - __main__ -   label: 4
08/15/2023 22:44:00 - DEBUG - __main__ -   pred: 4
08/15/2023 22:44:00 - DEBUG - __main__ -   label: 4
08/15/2023 22:44:00 - DEBUG - __main__ -   pred: 4
08/15/2023 22:44:00 - DEBUG - __main__ -   label: 3
08/15/2023 22:44:00 - DEBUG - __main__ -   pred: 5
08/15/2023 22:44:00 - DEBUG - __main__ -   label: 3
08/15/2023 22:44:00 - DEBUG - __main__ -   pred: 3
08/15/2023 22:44:00 - DEBUG - __main__ -   label: 1
08/15/2023 22:44:00 - DEBUG - __main__ -   pred: 2
08/15/2023 22:44:00 - DEBUG - __main__ -   label: 1
08/15/2023 22:44:00 - DEBUG - __main__ -   pred: 3
08/15/2023 22:44:00 - DEBUG - __main__ -   label: 1
08/15/2023 22:44:00 - DEBUG - __main__ -   pred: 2
08/15/2023 22:44:00 - DEBUG - __main__ -   label: 1
08/15/2023 22:44:00 - DEBUG - __main__ -   pred: 1
08/15/2023 22:44:00 - DEBUG - __main__ -   label: 1
08/15/2023 22:44:00 - DEBUG - __main__ -   pred: 3
08/15/2023 22:44:00 - DEBUG - __main__ -   label: 1
08/15/2023 22:44:00 - DEBUG - __main__ -   pred: 2
08/15/2023 22:44:00 - DEBUG - __main__ -   label: 1
08/15/2023 22:44:00 - DEBUG - __main__ -   pred: 2
08/15/2023 22:44:00 - DEBUG - __main__ -   label: 1
08/15/2023 22:44:00 - DEBUG - __main__ -   pred: 1
08/15/2023 22:44:00 - DEBUG - __main__ -   label: 1
08/15/2023 22:44:00 - DEBUG - __main__ -   pred: 1
08/15/2023 22:44:00 - DEBUG - __main__ -   label: 1
08/15/2023 22:44:00 - DEBUG - __main__ -   pred: 1
08/15/2023 22:44:00 - DEBUG - __main__ -   label: 2
08/15/2023 22:44:00 - DEBUG - __main__ -   pred: 2
08/15/2023 22:44:00 - DEBUG - __main__ -   label: 2
08/15/2023 22:44:00 - DEBUG - __main__ -   pred: 1
08/15/2023 22:44:00 - DEBUG - __main__ -   label: 2
08/15/2023 22:44:00 - DEBUG - __main__ -   pred: 2
08/15/2023 22:44:00 - DEBUG - __main__ -   label: 4
08/15/2023 22:44:00 - DEBUG - __main__ -   pred: 5
08/15/2023 22:44:00 - DEBUG - __main__ -   label: 4
08/15/2023 22:44:00 - DEBUG - __main__ -   pred: 4
08/15/2023 22:44:00 - DEBUG - __main__ -   label: 3
08/15/2023 22:44:00 - DEBUG - __main__ -   pred: 4
08/15/2023 22:44:00 - DEBUG - __main__ -   label: 4
08/15/2023 22:44:00 - DEBUG - __main__ -   pred: 4
08/15/2023 22:44:00 - DEBUG - __main__ -   label: 4
08/15/2023 22:44:00 - DEBUG - __main__ -   pred: 5
08/15/2023 22:44:00 - DEBUG - __main__ -   label: 2
08/15/2023 22:44:00 - DEBUG - __main__ -   pred: 2
08/15/2023 22:44:00 - DEBUG - __main__ -   label: 2
08/15/2023 22:44:00 - DEBUG - __main__ -   pred: 1
08/15/2023 22:44:00 - DEBUG - __main__ -   label: 1
08/15/2023 22:44:00 - DEBUG - __main__ -   pred: 2
08/15/2023 22:44:00 - DEBUG - __main__ -   label: 1
08/15/2023 22:44:00 - DEBUG - __main__ -   pred: 2
08/15/2023 22:44:00 - DEBUG - __main__ -   label: 2
08/15/2023 22:44:00 - DEBUG - __main__ -   pred: 3
08/15/2023 22:44:00 - DEBUG - __main__ -   label: 1
08/15/2023 22:44:00 - DEBUG - __main__ -   pred: 3
08/15/2023 22:44:00 - DEBUG - __main__ -   label: 2
08/15/2023 22:44:00 - DEBUG - __main__ -   pred: 2
08/15/2023 22:44:00 - DEBUG - __main__ -   label: 1
08/15/2023 22:44:00 - DEBUG - __main__ -   pred: 2
08/15/2023 22:44:00 - DEBUG - __main__ -   label: 2
08/15/2023 22:44:00 - DEBUG - __main__ -   pred: 2
08/15/2023 22:44:00 - DEBUG - __main__ -   label: 1
08/15/2023 22:44:00 - DEBUG - __main__ -   pred: 2
08/15/2023 22:44:00 - DEBUG - __main__ -   label: 1
08/15/2023 22:44:00 - DEBUG - __main__ -   pred: 2
08/15/2023 22:44:00 - DEBUG - __main__ -   label: 2
08/15/2023 22:44:00 - DEBUG - __main__ -   pred: 2
08/15/2023 22:44:00 - DEBUG - __main__ -   label: 3
08/15/2023 22:44:00 - DEBUG - __main__ -   pred: 3
08/15/2023 22:44:00 - DEBUG - __main__ -   label: 1
08/15/2023 22:44:00 - DEBUG - __main__ -   pred: 2
08/15/2023 22:44:00 - DEBUG - __main__ -   label: 2
08/15/2023 22:44:00 - DEBUG - __main__ -   pred: 2
08/15/2023 22:44:00 - DEBUG - __main__ -   label: 2
08/15/2023 22:44:00 - DEBUG - __main__ -   pred: 2
08/15/2023 22:44:00 - DEBUG - __main__ -   label: 1
08/15/2023 22:44:00 - DEBUG - __main__ -   pred: 2
08/15/2023 22:44:00 - DEBUG - __main__ -   label: 1
08/15/2023 22:44:00 - DEBUG - __main__ -   pred: 4
08/15/2023 22:44:00 - DEBUG - __main__ -   label: 1
08/15/2023 22:44:00 - DEBUG - __main__ -   pred: 1
08/15/2023 22:44:00 - DEBUG - __main__ -   label: 1
08/15/2023 22:44:00 - DEBUG - __main__ -   pred: 1
08/15/2023 22:44:00 - DEBUG - __main__ -   label: 1
08/15/2023 22:44:00 - DEBUG - __main__ -   pred: 1
08/15/2023 22:44:00 - DEBUG - __main__ -   label: 3
08/15/2023 22:44:00 - DEBUG - __main__ -   pred: 2
08/15/2023 22:44:00 - DEBUG - __main__ -   label: 2
08/15/2023 22:44:00 - DEBUG - __main__ -   pred: 3
08/15/2023 22:44:00 - DEBUG - __main__ -   label: 1
08/15/2023 22:44:00 - DEBUG - __main__ -   pred: 1
08/15/2023 22:44:00 - DEBUG - __main__ -   label: 2
08/15/2023 22:44:00 - DEBUG - __main__ -   pred: 1
08/15/2023 22:44:00 - DEBUG - __main__ -   label: 4
08/15/2023 22:44:00 - DEBUG - __main__ -   pred: 4
08/15/2023 22:44:00 - DEBUG - __main__ -   label: 2
08/15/2023 22:44:00 - DEBUG - __main__ -   pred: 3
08/15/2023 22:44:00 - DEBUG - __main__ -   label: 4
08/15/2023 22:44:00 - DEBUG - __main__ -   pred: 4
08/15/2023 22:44:00 - DEBUG - __main__ -   label: 3
08/15/2023 22:44:00 - DEBUG - __main__ -   pred: 3
08/15/2023 22:44:00 - DEBUG - __main__ -   label: 2
08/15/2023 22:44:00 - DEBUG - __main__ -   pred: 2
08/15/2023 22:44:00 - DEBUG - __main__ -   label: 4
08/15/2023 22:44:00 - DEBUG - __main__ -   pred: 4
08/15/2023 22:44:00 - DEBUG - __main__ -   label: 5
08/15/2023 22:44:00 - DEBUG - __main__ -   pred: 5
08/15/2023 22:44:00 - DEBUG - __main__ -   label: 5
08/15/2023 22:44:00 - DEBUG - __main__ -   pred: 5
08/15/2023 22:44:00 - DEBUG - __main__ -   label: 4
08/15/2023 22:44:00 - DEBUG - __main__ -   pred: 5
08/15/2023 22:44:00 - DEBUG - __main__ -   label: 4
08/15/2023 22:44:00 - DEBUG - __main__ -   pred: 3
08/15/2023 22:44:00 - DEBUG - __main__ -   label: 4
08/15/2023 22:44:00 - DEBUG - __main__ -   pred: 4
08/15/2023 22:44:00 - DEBUG - __main__ -   label: 5
08/15/2023 22:44:00 - DEBUG - __main__ -   pred: 5
08/15/2023 22:44:00 - DEBUG - __main__ -   label: 3
08/15/2023 22:44:00 - DEBUG - __main__ -   pred: 3
08/15/2023 22:44:00 - DEBUG - __main__ -   label: 5
08/15/2023 22:44:00 - DEBUG - __main__ -   pred: 4
08/15/2023 22:44:00 - DEBUG - __main__ -   label: 4
08/15/2023 22:44:00 - DEBUG - __main__ -   pred: 5
08/15/2023 22:44:00 - DEBUG - __main__ -   label: 1
08/15/2023 22:44:00 - DEBUG - __main__ -   pred: 2
08/15/2023 22:44:00 - DEBUG - __main__ -   label: 2
08/15/2023 22:44:00 - DEBUG - __main__ -   pred: 2
08/15/2023 22:44:00 - DEBUG - __main__ -   label: 0
08/15/2023 22:44:00 - DEBUG - __main__ -   pred: 1
08/15/2023 22:44:00 - DEBUG - __main__ -   label: 0
08/15/2023 22:44:00 - DEBUG - __main__ -   pred: 3
08/15/2023 22:44:00 - DEBUG - __main__ -   label: 0
08/15/2023 22:44:00 - DEBUG - __main__ -   pred: 3
08/15/2023 22:44:00 - DEBUG - __main__ -   label: 0
08/15/2023 22:44:00 - DEBUG - __main__ -   pred: 2
08/15/2023 22:44:00 - DEBUG - __main__ -   label: 1
08/15/2023 22:44:00 - DEBUG - __main__ -   pred: 1
08/15/2023 22:44:00 - DEBUG - __main__ -   label: 1
08/15/2023 22:44:00 - DEBUG - __main__ -   pred: 1
08/15/2023 22:44:00 - DEBUG - __main__ -   label: 1
08/15/2023 22:44:00 - DEBUG - __main__ -   pred: 1
08/15/2023 22:44:00 - DEBUG - __main__ -   label: 1
08/15/2023 22:44:00 - DEBUG - __main__ -   pred: 3
08/15/2023 22:44:00 - DEBUG - __main__ -   label: 0
08/15/2023 22:44:00 - DEBUG - __main__ -   pred: 2
08/15/2023 22:44:00 - DEBUG - __main__ -   label: 1
08/15/2023 22:44:00 - DEBUG - __main__ -   pred: 2
08/15/2023 22:44:00 - DEBUG - __main__ -   label: 0
08/15/2023 22:44:00 - DEBUG - __main__ -   pred: 1
08/15/2023 22:44:00 - DEBUG - __main__ -   label: 0
08/15/2023 22:44:00 - DEBUG - __main__ -   pred: 1
08/15/2023 22:44:00 - DEBUG - __main__ -   label: 1
08/15/2023 22:44:00 - DEBUG - __main__ -   pred: 1
08/15/2023 22:44:00 - DEBUG - __main__ -   label: 1
08/15/2023 22:44:00 - DEBUG - __main__ -   pred: 1
08/15/2023 22:44:00 - DEBUG - __main__ -   label: 1
08/15/2023 22:44:00 - DEBUG - __main__ -   pred: 2
08/15/2023 22:44:00 - DEBUG - __main__ -   label: 2
08/15/2023 22:44:00 - DEBUG - __main__ -   pred: 2
08/15/2023 22:44:00 - DEBUG - __main__ -   label: 1
08/15/2023 22:44:00 - DEBUG - __main__ -   pred: 2
08/15/2023 22:44:00 - DEBUG - __main__ -   label: 1
08/15/2023 22:44:00 - DEBUG - __main__ -   pred: 2
08/15/2023 22:44:00 - DEBUG - __main__ -   label: 1
08/15/2023 22:44:00 - DEBUG - __main__ -   pred: 1
08/15/2023 22:44:00 - DEBUG - __main__ -   label: 2
08/15/2023 22:44:00 - DEBUG - __main__ -   pred: 2
08/15/2023 22:44:00 - DEBUG - __main__ -   label: 2
08/15/2023 22:44:00 - DEBUG - __main__ -   pred: 2
08/15/2023 22:44:00 - DEBUG - __main__ -   label: 4
08/15/2023 22:44:00 - DEBUG - __main__ -   pred: 4
08/15/2023 22:44:00 - DEBUG - __main__ -   label: 5
08/15/2023 22:44:00 - DEBUG - __main__ -   pred: 4
08/15/2023 22:44:00 - DEBUG - __main__ -   label: 5
08/15/2023 22:44:00 - DEBUG - __main__ -   pred: 4
08/15/2023 22:44:00 - DEBUG - __main__ -   label: 4
08/15/2023 22:44:00 - DEBUG - __main__ -   pred: 4
08/15/2023 22:44:00 - DEBUG - __main__ -   label: 2
08/15/2023 22:44:00 - DEBUG - __main__ -   pred: 3
08/15/2023 22:44:00 - DEBUG - __main__ -   label: 5
08/15/2023 22:44:00 - DEBUG - __main__ -   pred: 4
08/15/2023 22:44:00 - DEBUG - __main__ -   label: 4
08/15/2023 22:44:00 - DEBUG - __main__ -   pred: 3
08/15/2023 22:44:00 - DEBUG - __main__ -   label: 5
08/15/2023 22:44:00 - DEBUG - __main__ -   pred: 5
08/15/2023 22:44:00 - DEBUG - __main__ -   label: 5
08/15/2023 22:44:00 - DEBUG - __main__ -   pred: 4
08/15/2023 22:44:00 - DEBUG - __main__ -   label: 5
08/15/2023 22:44:00 - DEBUG - __main__ -   pred: 5
08/15/2023 22:44:00 - DEBUG - __main__ -   label: 4
08/15/2023 22:44:00 - DEBUG - __main__ -   pred: 4
08/15/2023 22:44:00 - DEBUG - __main__ -   label: 1
08/15/2023 22:44:00 - DEBUG - __main__ -   pred: 2
08/15/2023 22:44:00 - DEBUG - __main__ -   label: 2
08/15/2023 22:44:00 - DEBUG - __main__ -   pred: 2
08/15/2023 22:44:00 - DEBUG - __main__ -   label: 1
08/15/2023 22:44:00 - DEBUG - __main__ -   pred: 2
08/15/2023 22:44:00 - DEBUG - __main__ -   label: 2
08/15/2023 22:44:00 - DEBUG - __main__ -   pred: 3
08/15/2023 22:44:00 - DEBUG - __main__ -   label: 2
08/15/2023 22:44:00 - DEBUG - __main__ -   pred: 1
08/15/2023 22:44:00 - DEBUG - __main__ -   label: 2
08/15/2023 22:44:00 - DEBUG - __main__ -   pred: 2
08/15/2023 22:44:00 - DEBUG - __main__ -   label: 2
08/15/2023 22:44:00 - DEBUG - __main__ -   pred: 2
08/15/2023 22:44:00 - DEBUG - __main__ -   label: 4
08/15/2023 22:44:00 - DEBUG - __main__ -   pred: 4
08/15/2023 22:44:00 - DEBUG - __main__ -   label: 3
08/15/2023 22:44:00 - DEBUG - __main__ -   pred: 3
08/15/2023 22:44:00 - DEBUG - __main__ -   label: 4
08/15/2023 22:44:00 - DEBUG - __main__ -   pred: 4
08/15/2023 22:44:00 - DEBUG - __main__ -   label: 4
08/15/2023 22:44:00 - DEBUG - __main__ -   pred: 5
08/15/2023 22:44:00 - DEBUG - __main__ -   label: 4
08/15/2023 22:44:00 - DEBUG - __main__ -   pred: 4
08/15/2023 22:44:00 - DEBUG - __main__ -   label: 3
08/15/2023 22:44:00 - DEBUG - __main__ -   pred: 2
08/15/2023 22:44:00 - DEBUG - __main__ -   label: 2
08/15/2023 22:44:00 - DEBUG - __main__ -   pred: 2
08/15/2023 22:44:00 - DEBUG - __main__ -   label: 3
08/15/2023 22:44:00 - DEBUG - __main__ -   pred: 2
08/15/2023 22:44:00 - DEBUG - __main__ -   label: 4
08/15/2023 22:44:00 - DEBUG - __main__ -   pred: 4
08/15/2023 22:44:00 - DEBUG - __main__ -   label: 2
08/15/2023 22:44:00 - DEBUG - __main__ -   pred: 3
08/15/2023 22:44:00 - DEBUG - __main__ -   label: 2
08/15/2023 22:44:00 - DEBUG - __main__ -   pred: 2
08/15/2023 22:44:00 - DEBUG - __main__ -   label: 1
08/15/2023 22:44:00 - DEBUG - __main__ -   pred: 2
08/15/2023 22:44:00 - DEBUG - __main__ -   label: 2
08/15/2023 22:44:00 - DEBUG - __main__ -   pred: 2
08/15/2023 22:44:00 - DEBUG - __main__ -   label: 2
08/15/2023 22:44:00 - DEBUG - __main__ -   pred: 2
08/15/2023 22:44:00 - DEBUG - __main__ -   label: 2
08/15/2023 22:44:00 - DEBUG - __main__ -   pred: 1
08/15/2023 22:44:00 - DEBUG - __main__ -   label: 2
08/15/2023 22:44:00 - DEBUG - __main__ -   pred: 2
08/15/2023 22:44:00 - DEBUG - __main__ -   label: 2
08/15/2023 22:44:00 - DEBUG - __main__ -   pred: 2
08/15/2023 22:44:00 - DEBUG - __main__ -   label: 2
08/15/2023 22:44:00 - DEBUG - __main__ -   pred: 2
08/15/2023 22:44:00 - DEBUG - __main__ -   label: 3
08/15/2023 22:44:00 - DEBUG - __main__ -   pred: 3
08/15/2023 22:44:00 - DEBUG - __main__ -   label: 1
08/15/2023 22:44:00 - DEBUG - __main__ -   pred: 1
08/15/2023 22:44:00 - DEBUG - __main__ -   label: 3
08/15/2023 22:44:00 - DEBUG - __main__ -   pred: 3
08/15/2023 22:44:00 - DEBUG - __main__ -   label: 2
08/15/2023 22:44:00 - DEBUG - __main__ -   pred: 2
08/15/2023 22:44:00 - DEBUG - __main__ -   label: 3
08/15/2023 22:44:00 - DEBUG - __main__ -   pred: 3
08/15/2023 22:44:00 - DEBUG - __main__ -   label: 3
08/15/2023 22:44:00 - DEBUG - __main__ -   pred: 3
08/15/2023 22:44:00 - DEBUG - __main__ -   label: 4
08/15/2023 22:44:00 - DEBUG - __main__ -   pred: 4
08/15/2023 22:44:00 - DEBUG - __main__ -   label: 4
08/15/2023 22:44:00 - DEBUG - __main__ -   pred: 4
08/15/2023 22:44:00 - DEBUG - __main__ -   label: 4
08/15/2023 22:44:00 - DEBUG - __main__ -   pred: 5
08/15/2023 22:44:00 - DEBUG - __main__ -   label: 2
08/15/2023 22:44:00 - DEBUG - __main__ -   pred: 2
08/15/2023 22:44:00 - DEBUG - __main__ -   label: 3
08/15/2023 22:44:00 - DEBUG - __main__ -   pred: 2
08/15/2023 22:44:00 - DEBUG - __main__ -   label: 2
08/15/2023 22:44:00 - DEBUG - __main__ -   pred: 2
08/15/2023 22:44:00 - DEBUG - __main__ -   label: 3
08/15/2023 22:44:00 - DEBUG - __main__ -   pred: 3
08/15/2023 22:44:00 - DEBUG - __main__ -   label: 1
08/15/2023 22:44:00 - DEBUG - __main__ -   pred: 2
08/15/2023 22:44:00 - DEBUG - __main__ -   label: 1
08/15/2023 22:44:00 - DEBUG - __main__ -   pred: 2
08/15/2023 22:44:00 - DEBUG - __main__ -   label: 0
08/15/2023 22:44:00 - DEBUG - __main__ -   pred: 2
08/15/2023 22:44:00 - DEBUG - __main__ -   label: 3
08/15/2023 22:44:00 - DEBUG - __main__ -   pred: 2
08/15/2023 22:44:00 - DEBUG - __main__ -   label: 2
08/15/2023 22:44:00 - DEBUG - __main__ -   pred: 2
08/15/2023 22:44:00 - DEBUG - __main__ -   label: 3
08/15/2023 22:44:00 - DEBUG - __main__ -   pred: 3
08/15/2023 22:44:00 - DEBUG - __main__ -   label: 3
08/15/2023 22:44:00 - DEBUG - __main__ -   pred: 2
08/15/2023 22:44:00 - DEBUG - __main__ -   label: 2
08/15/2023 22:44:00 - DEBUG - __main__ -   pred: 2
08/15/2023 22:44:00 - DEBUG - __main__ -   label: 2
08/15/2023 22:44:00 - DEBUG - __main__ -   pred: 2
08/15/2023 22:44:00 - DEBUG - __main__ -   label: 2
08/15/2023 22:44:00 - DEBUG - __main__ -   pred: 3
08/15/2023 22:44:00 - DEBUG - __main__ -   label: 2
08/15/2023 22:44:00 - DEBUG - __main__ -   pred: 1
08/15/2023 22:44:00 - DEBUG - __main__ -   label: 1
08/15/2023 22:44:00 - DEBUG - __main__ -   pred: 1
08/15/2023 22:44:00 - DEBUG - __main__ -   label: 3
08/15/2023 22:44:00 - DEBUG - __main__ -   pred: 3
08/15/2023 22:44:00 - DEBUG - __main__ -   label: 1
08/15/2023 22:44:00 - DEBUG - __main__ -   pred: 1
08/15/2023 22:44:00 - DEBUG - __main__ -   label: 1
08/15/2023 22:44:00 - DEBUG - __main__ -   pred: 2
08/15/2023 22:44:00 - DEBUG - __main__ -   label: 1
08/15/2023 22:44:00 - DEBUG - __main__ -   pred: 1
08/15/2023 22:44:00 - DEBUG - __main__ -   label: 2
08/15/2023 22:44:00 - DEBUG - __main__ -   pred: 1
08/15/2023 22:44:00 - DEBUG - __main__ -   label: 2
08/15/2023 22:44:00 - DEBUG - __main__ -   pred: 1
08/15/2023 22:44:00 - DEBUG - __main__ -   label: 2
08/15/2023 22:44:00 - DEBUG - __main__ -   pred: 1
08/15/2023 22:44:00 - DEBUG - __main__ -   label: 2
08/15/2023 22:44:00 - DEBUG - __main__ -   pred: 2
08/15/2023 22:44:00 - DEBUG - __main__ -   label: 2
08/15/2023 22:44:00 - DEBUG - __main__ -   pred: 2
08/15/2023 22:44:00 - DEBUG - __main__ -   label: 5
08/15/2023 22:44:00 - DEBUG - __main__ -   pred: 3
08/15/2023 22:44:00 - DEBUG - __main__ -   label: 5
08/15/2023 22:44:00 - DEBUG - __main__ -   pred: 3
08/15/2023 22:44:00 - DEBUG - __main__ -   label: 3
08/15/2023 22:44:00 - DEBUG - __main__ -   pred: 3
08/15/2023 22:44:00 - DEBUG - __main__ -   label: 5
08/15/2023 22:44:00 - DEBUG - __main__ -   pred: 5
08/15/2023 22:44:00 - DEBUG - __main__ -   label: 4
08/15/2023 22:44:00 - DEBUG - __main__ -   pred: 3
08/15/2023 22:44:00 - DEBUG - __main__ -   label: 5
08/15/2023 22:44:00 - DEBUG - __main__ -   pred: 4
08/15/2023 22:44:00 - DEBUG - __main__ -   label: 2
08/15/2023 22:44:00 - DEBUG - __main__ -   pred: 2
08/15/2023 22:44:00 - DEBUG - __main__ -   label: 1
08/15/2023 22:44:00 - DEBUG - __main__ -   pred: 1
08/15/2023 22:44:00 - DEBUG - __main__ -   label: 2
08/15/2023 22:44:00 - DEBUG - __main__ -   pred: 1
08/15/2023 22:44:00 - DEBUG - __main__ -   label: 2
08/15/2023 22:44:00 - DEBUG - __main__ -   pred: 2
08/15/2023 22:44:00 - DEBUG - __main__ -   label: 1
08/15/2023 22:44:00 - DEBUG - __main__ -   pred: 1
08/15/2023 22:44:00 - DEBUG - __main__ -   label: 1
08/15/2023 22:44:00 - DEBUG - __main__ -   pred: 1
08/15/2023 22:44:00 - DEBUG - __main__ -   label: 2
08/15/2023 22:44:00 - DEBUG - __main__ -   pred: 3
08/15/2023 22:44:00 - DEBUG - __main__ -   label: 3
08/15/2023 22:44:00 - DEBUG - __main__ -   pred: 1
08/15/2023 22:44:00 - DEBUG - __main__ -   label: 3
08/15/2023 22:44:00 - DEBUG - __main__ -   pred: 3
08/15/2023 22:44:00 - DEBUG - __main__ -   label: 2
08/15/2023 22:44:00 - DEBUG - __main__ -   pred: 2
08/15/2023 22:44:00 - DEBUG - __main__ -   label: 2
08/15/2023 22:44:00 - DEBUG - __main__ -   pred: 2
08/15/2023 22:44:00 - DEBUG - __main__ -   label: 3
08/15/2023 22:44:00 - DEBUG - __main__ -   pred: 3
08/15/2023 22:44:00 - DEBUG - __main__ -   label: 2
08/15/2023 22:44:00 - DEBUG - __main__ -   pred: 2
08/15/2023 22:44:00 - DEBUG - __main__ -   label: 3
08/15/2023 22:44:00 - DEBUG - __main__ -   pred: 3
08/15/2023 22:44:00 - DEBUG - __main__ -   label: 4
08/15/2023 22:44:00 - DEBUG - __main__ -   pred: 4
08/15/2023 22:44:00 - DEBUG - __main__ -   label: 3
08/15/2023 22:44:00 - DEBUG - __main__ -   pred: 2
08/15/2023 22:44:00 - DEBUG - __main__ -   label: 2
08/15/2023 22:44:00 - DEBUG - __main__ -   pred: 2
08/15/2023 22:44:00 - DEBUG - __main__ -   label: 3
08/15/2023 22:44:00 - DEBUG - __main__ -   pred: 3
08/15/2023 22:44:00 - DEBUG - __main__ -   label: 3
08/15/2023 22:44:00 - DEBUG - __main__ -   pred: 2
08/15/2023 22:44:00 - DEBUG - __main__ -   label: 2
08/15/2023 22:44:00 - DEBUG - __main__ -   pred: 3
08/15/2023 22:44:00 - DEBUG - __main__ -   label: 1
08/15/2023 22:44:00 - DEBUG - __main__ -   pred: 1
08/15/2023 22:44:00 - DEBUG - __main__ -   label: 2
08/15/2023 22:44:00 - DEBUG - __main__ -   pred: 1
08/15/2023 22:44:00 - DEBUG - __main__ -   label: 2
08/15/2023 22:44:00 - DEBUG - __main__ -   pred: 3
08/15/2023 22:44:00 - DEBUG - __main__ -   label: 4
08/15/2023 22:44:00 - DEBUG - __main__ -   pred: 4
08/15/2023 22:44:00 - DEBUG - __main__ -   label: 3
08/15/2023 22:44:00 - DEBUG - __main__ -   pred: 4
08/15/2023 22:44:00 - DEBUG - __main__ -   label: 4
08/15/2023 22:44:00 - DEBUG - __main__ -   pred: 4
08/15/2023 22:44:00 - DEBUG - __main__ -   label: 4
08/15/2023 22:44:00 - DEBUG - __main__ -   pred: 5
08/15/2023 22:44:00 - DEBUG - __main__ -   label: 5
08/15/2023 22:44:00 - DEBUG - __main__ -   pred: 5
08/15/2023 22:44:00 - DEBUG - __main__ -   label: 3
08/15/2023 22:44:00 - DEBUG - __main__ -   pred: 4
08/15/2023 22:44:00 - DEBUG - __main__ -   label: 2
08/15/2023 22:44:00 - DEBUG - __main__ -   pred: 3
08/15/2023 22:44:00 - DEBUG - __main__ -   label: 3
08/15/2023 22:44:00 - DEBUG - __main__ -   pred: 4
08/15/2023 22:44:00 - DEBUG - __main__ -   label: 2
08/15/2023 22:44:00 - DEBUG - __main__ -   pred: 3
08/15/2023 22:44:00 - DEBUG - __main__ -   label: 3
08/15/2023 22:44:00 - DEBUG - __main__ -   pred: 4
08/15/2023 22:44:00 - DEBUG - __main__ -   label: 2
08/15/2023 22:44:00 - DEBUG - __main__ -   pred: 3
08/15/2023 22:44:00 - DEBUG - __main__ -   label: 1
08/15/2023 22:44:00 - DEBUG - __main__ -   pred: 2
08/15/2023 22:44:00 - DEBUG - __main__ -   label: 2
08/15/2023 22:44:00 - DEBUG - __main__ -   pred: 3
08/15/2023 22:44:00 - DEBUG - __main__ -   label: 1
08/15/2023 22:44:00 - DEBUG - __main__ -   pred: 2
08/15/2023 22:44:00 - DEBUG - __main__ -   label: 2
08/15/2023 22:44:00 - DEBUG - __main__ -   pred: 2
08/15/2023 22:44:00 - DEBUG - __main__ -   label: 2
08/15/2023 22:44:00 - DEBUG - __main__ -   pred: 2
08/15/2023 22:44:00 - DEBUG - __main__ -   label: 2
08/15/2023 22:44:00 - DEBUG - __main__ -   pred: 3
08/15/2023 22:44:00 - DEBUG - __main__ -   label: 1
08/15/2023 22:44:00 - DEBUG - __main__ -   pred: 1
08/15/2023 22:44:00 - DEBUG - __main__ -   label: 2
08/15/2023 22:44:00 - DEBUG - __main__ -   pred: 2
08/15/2023 22:44:00 - DEBUG - __main__ -   label: 1
08/15/2023 22:44:00 - DEBUG - __main__ -   pred: 2
08/15/2023 22:44:00 - DEBUG - __main__ -   label: 2
08/15/2023 22:44:00 - DEBUG - __main__ -   pred: 2
08/15/2023 22:44:00 - DEBUG - __main__ -   label: 2
08/15/2023 22:44:00 - DEBUG - __main__ -   pred: 2
08/15/2023 22:44:00 - DEBUG - __main__ -   label: 2
08/15/2023 22:44:00 - DEBUG - __main__ -   pred: 1
08/15/2023 22:44:00 - DEBUG - __main__ -   label: 1
08/15/2023 22:44:00 - DEBUG - __main__ -   pred: 1
08/15/2023 22:44:00 - DEBUG - __main__ -   label: 1
08/15/2023 22:44:00 - DEBUG - __main__ -   pred: 3
08/15/2023 22:44:00 - DEBUG - __main__ -   label: 1
08/15/2023 22:44:00 - DEBUG - __main__ -   pred: 2
08/15/2023 22:44:00 - DEBUG - __main__ -   label: 1
08/15/2023 22:44:00 - DEBUG - __main__ -   pred: 3
08/15/2023 22:44:00 - DEBUG - __main__ -   label: 1
08/15/2023 22:44:00 - DEBUG - __main__ -   pred: 1
08/15/2023 22:44:00 - DEBUG - __main__ -   label: 1
08/15/2023 22:44:00 - DEBUG - __main__ -   pred: 3
08/15/2023 22:44:00 - DEBUG - __main__ -   label: 1
08/15/2023 22:44:00 - DEBUG - __main__ -   pred: 1
08/15/2023 22:44:00 - DEBUG - __main__ -   label: 1
08/15/2023 22:44:00 - DEBUG - __main__ -   pred: 1
08/15/2023 22:44:00 - DEBUG - __main__ -   label: 1
08/15/2023 22:44:00 - DEBUG - __main__ -   pred: 3
08/15/2023 22:44:00 - DEBUG - __main__ -   label: 0
08/15/2023 22:44:00 - DEBUG - __main__ -   pred: 1
08/15/2023 22:44:00 - DEBUG - __main__ -   label: 2
08/15/2023 22:44:00 - DEBUG - __main__ -   pred: 2
08/15/2023 22:44:00 - DEBUG - __main__ -   label: 1
08/15/2023 22:44:00 - DEBUG - __main__ -   pred: 2
08/15/2023 22:44:00 - DEBUG - __main__ -   label: 3
08/15/2023 22:44:00 - DEBUG - __main__ -   pred: 3
08/15/2023 22:44:00 - DEBUG - __main__ -   label: 3
08/15/2023 22:44:00 - DEBUG - __main__ -   pred: 3
08/15/2023 22:44:00 - DEBUG - __main__ -   label: 3
08/15/2023 22:44:00 - DEBUG - __main__ -   pred: 4
08/15/2023 22:44:00 - DEBUG - __main__ -   label: 3
08/15/2023 22:44:00 - DEBUG - __main__ -   pred: 2
08/15/2023 22:44:00 - DEBUG - __main__ -   label: 3
08/15/2023 22:44:00 - DEBUG - __main__ -   pred: 3
08/15/2023 22:44:00 - DEBUG - __main__ -   label: 4
08/15/2023 22:44:00 - DEBUG - __main__ -   pred: 4
08/15/2023 22:44:00 - DEBUG - __main__ -   label: 4
08/15/2023 22:44:00 - DEBUG - __main__ -   pred: 5
08/15/2023 22:44:00 - DEBUG - __main__ -   label: 4
08/15/2023 22:44:00 - DEBUG - __main__ -   pred: 4
08/15/2023 22:44:00 - DEBUG - __main__ -   label: 4
08/15/2023 22:44:00 - DEBUG - __main__ -   pred: 4
08/15/2023 22:44:00 - DEBUG - __main__ -   label: 3
08/15/2023 22:44:00 - DEBUG - __main__ -   pred: 3
08/15/2023 22:44:00 - DEBUG - __main__ -   label: 3
08/15/2023 22:44:00 - DEBUG - __main__ -   pred: 4
08/15/2023 22:44:00 - DEBUG - __main__ -   label: 4
08/15/2023 22:44:00 - DEBUG - __main__ -   pred: 4
08/15/2023 22:44:00 - DEBUG - __main__ -   label: 4
08/15/2023 22:44:00 - DEBUG - __main__ -   pred: 4
08/15/2023 22:44:00 - DEBUG - __main__ -   label: 4
08/15/2023 22:44:00 - DEBUG - __main__ -   pred: 4
08/15/2023 22:44:00 - DEBUG - __main__ -   label: 5
08/15/2023 22:44:00 - DEBUG - __main__ -   pred: 4
08/15/2023 22:44:00 - DEBUG - __main__ -   label: 3
08/15/2023 22:44:00 - DEBUG - __main__ -   pred: 3
