08/14/2023 11:40:09 - DEBUG - __main__ -   Dropped classes [1]
******** Training fold 0 ********
08/14/2023 11:40:09 - DEBUG - __main__ -   Processor loaded. CPU mem usage: 0.38G.  Cuda 0: memory acclocated: 0 G.
08/14/2023 11:40:14 - DEBUG - __main__ -   Model loaded. CPU mem usage: 1.99G.  Cuda 0: memory acclocated: 0 G.
Wav2Vec2ForSequenceClassification(
  (wav2vec2): Wav2Vec2Model(
    (feature_extractor): Wav2Vec2FeatureEncoder(
      (conv_layers): ModuleList(
        (0): Wav2Vec2LayerNormConvLayer(
          (conv): Conv1d(1, 512, kernel_size=(10,), stride=(5,))
          (layer_norm): LayerNorm((512,), eps=1e-05, elementwise_affine=True)
          (activation): GELUActivation()
        )
        (1-4): 4 x Wav2Vec2LayerNormConvLayer(
          (conv): Conv1d(512, 512, kernel_size=(3,), stride=(2,))
          (layer_norm): LayerNorm((512,), eps=1e-05, elementwise_affine=True)
          (activation): GELUActivation()
        )
        (5-6): 2 x Wav2Vec2LayerNormConvLayer(
          (conv): Conv1d(512, 512, kernel_size=(2,), stride=(2,))
          (layer_norm): LayerNorm((512,), eps=1e-05, elementwise_affine=True)
          (activation): GELUActivation()
        )
      )
    )
    (feature_projection): Wav2Vec2FeatureProjection(
      (layer_norm): LayerNorm((512,), eps=1e-05, elementwise_affine=True)
      (projection): Linear(in_features=512, out_features=1024, bias=True)
      (dropout): Dropout(p=0.1, inplace=False)
    )
    (encoder): Wav2Vec2EncoderStableLayerNorm(
      (pos_conv_embed): Wav2Vec2PositionalConvEmbedding(
        (conv): Conv1d(1024, 1024, kernel_size=(128,), stride=(1,), padding=(64,), groups=16)
        (padding): Wav2Vec2SamePadLayer()
        (activation): GELUActivation()
      )
      (layer_norm): LayerNorm((1024,), eps=1e-05, elementwise_affine=True)
      (dropout): Dropout(p=0.1, inplace=False)
      (layers): ModuleList(
        (0-23): 24 x Wav2Vec2EncoderLayerStableLayerNorm(
          (attention): Wav2Vec2Attention(
            (k_proj): Linear(in_features=1024, out_features=1024, bias=True)
            (v_proj): Linear(in_features=1024, out_features=1024, bias=True)
            (q_proj): Linear(in_features=1024, out_features=1024, bias=True)
            (out_proj): Linear(in_features=1024, out_features=1024, bias=True)
          )
          (dropout): Dropout(p=0.1, inplace=False)
          (layer_norm): LayerNorm((1024,), eps=1e-05, elementwise_affine=True)
          (feed_forward): Wav2Vec2FeedForward(
            (intermediate_dropout): Dropout(p=0.0, inplace=False)
            (intermediate_dense): Linear(in_features=1024, out_features=4096, bias=True)
            (intermediate_act_fn): GELUActivation()
            (output_dense): Linear(in_features=4096, out_features=1024, bias=True)
            (output_dropout): Dropout(p=0.1, inplace=False)
          )
          (final_layer_norm): LayerNorm((1024,), eps=1e-05, elementwise_affine=True)
        )
      )
    )
  )
  (projector): Linear(in_features=1024, out_features=256, bias=True)
  (classifier): Linear(in_features=256, out_features=6, bias=True)
)
08/14/2023 11:40:45 - DEBUG - __main__ -   Speech loaded. N_train=1556, N_eval=523. CPU mem usage: 5.97G.  Cuda 0: memory acclocated: 0 G.
08/14/2023 11:41:17 - DEBUG - __main__ -   Feature extracted. Duration: 0:00:32 CPU mem usage: 8.99G.  Cuda 0: memory acclocated: 0 G.
08/14/2023 11:41:17 - DEBUG - urllib3.connectionpool -   Starting new HTTPS connection (1): s3.amazonaws.com:443
08/14/2023 11:41:18 - DEBUG - urllib3.connectionpool -   https://s3.amazonaws.com:443 "HEAD /datasets.huggingface.co/datasets/metrics/evaluate-metric/precision/evaluate-metric/precision.py HTTP/1.1" 404 0
08/14/2023 11:41:18 - DEBUG - urllib3.connectionpool -   Starting new HTTPS connection (1): huggingface.co:443
08/14/2023 11:41:18 - DEBUG - urllib3.connectionpool -   https://huggingface.co:443 "HEAD /spaces/evaluate-metric/precision/resolve/v0.4.0/precision.py HTTP/1.1" 200 0
08/14/2023 11:41:18 - DEBUG - urllib3.connectionpool -   Starting new HTTPS connection (1): s3.amazonaws.com:443
08/14/2023 11:41:18 - DEBUG - urllib3.connectionpool -   https://s3.amazonaws.com:443 "HEAD /datasets.huggingface.co/datasets/metrics/evaluate-metric/recall/evaluate-metric/recall.py HTTP/1.1" 404 0
08/14/2023 11:41:18 - DEBUG - urllib3.connectionpool -   Starting new HTTPS connection (1): huggingface.co:443
08/14/2023 11:41:18 - DEBUG - urllib3.connectionpool -   https://huggingface.co:443 "HEAD /spaces/evaluate-metric/recall/resolve/v0.4.0/recall.py HTTP/1.1" 200 0
08/14/2023 11:41:18 - DEBUG - urllib3.connectionpool -   Starting new HTTPS connection (1): s3.amazonaws.com:443
08/14/2023 11:41:19 - DEBUG - urllib3.connectionpool -   https://s3.amazonaws.com:443 "HEAD /datasets.huggingface.co/datasets/metrics/evaluate-metric/f1/evaluate-metric/f1.py HTTP/1.1" 404 0
08/14/2023 11:41:19 - DEBUG - urllib3.connectionpool -   Starting new HTTPS connection (1): huggingface.co:443
08/14/2023 11:41:19 - DEBUG - urllib3.connectionpool -   https://huggingface.co:443 "HEAD /spaces/evaluate-metric/f1/resolve/v0.4.0/f1.py HTTP/1.1" 200 0
08/14/2023 11:41:19 - DEBUG - urllib3.connectionpool -   Starting new HTTPS connection (1): s3.amazonaws.com:443
08/14/2023 11:41:20 - DEBUG - urllib3.connectionpool -   https://s3.amazonaws.com:443 "HEAD /datasets.huggingface.co/datasets/metrics/evaluate-metric/spearmanr/evaluate-metric/spearmanr.py HTTP/1.1" 404 0
08/14/2023 11:41:20 - DEBUG - urllib3.connectionpool -   Starting new HTTPS connection (1): huggingface.co:443
08/14/2023 11:41:20 - DEBUG - urllib3.connectionpool -   https://huggingface.co:443 "HEAD /spaces/evaluate-metric/spearmanr/resolve/v0.4.0/spearmanr.py HTTP/1.1" 200 0
08/14/2023 11:41:22 - DEBUG - __main__ -   Training starts now. CPU mem usage: 8.41G.  Cuda 0: memory acclocated: 2 G.
08/14/2023 11:41:22 - DEBUG - helper.classes -   ----------- Starting epoch 1 -----------
{'loss': 1.7301, 'learning_rate': 9.640102827763496e-06, 'epoch': 0.64}
08/14/2023 12:02:11 - DEBUG - helper.classes -   Epoch 1.0 completed, Duration: 0:20:48 Mem usage: CPU mem usage: 9.62G.  Cuda 0: memory acclocated: 17 G.
08/14/2023 12:04:16 - DEBUG - fsspec.local -   open file: /home/lunt1/.cache/huggingface/metrics/precision/default/default_experiment-1-0.arrow
08/14/2023 12:04:16 - DEBUG - fsspec.local -   open file: /home/lunt1/.cache/huggingface/metrics/recall/default/default_experiment-1-0.arrow
08/14/2023 12:04:16 - DEBUG - fsspec.local -   open file: /home/lunt1/.cache/huggingface/metrics/f1/default/default_experiment-1-0.arrow
08/14/2023 12:04:16 - DEBUG - fsspec.local -   open file: /home/lunt1/.cache/huggingface/metrics/spearmanr/default/default_experiment-1-0.arrow
08/14/2023 12:04:16 - DEBUG - fsspec.local -   open file: /home/lunt1/.cache/huggingface/metrics/precision/default/default_experiment-1-0.arrow
08/14/2023 12:04:16 - DEBUG - fsspec.local -   open file: /home/lunt1/.cache/huggingface/metrics/recall/default/default_experiment-1-0.arrow
08/14/2023 12:04:16 - DEBUG - fsspec.local -   open file: /home/lunt1/.cache/huggingface/metrics/f1/default/default_experiment-1-0.arrow
{'eval_loss': 1.3024311065673828, 'eval_precision': 0.21276568429593343, 'eval_recall': 0.31062990040262767, 'eval_f1': 0.20301008874620483, 'eval_spearmanr': 0.7905596049717865, 'eval_precision_weighted': 0.2717429568881975, 'eval_recall_weighted': 0.4110898661567878, 'eval_f1_weighted': 0.2670152945392934, 'eval_runtime': 125.0052, 'eval_samples_per_second': 4.184, 'eval_steps_per_second': 2.096, 'epoch': 1.0}
08/14/2023 12:04:22 - DEBUG - helper.classes -   ----------- Starting epoch 2.0 -----------
{'loss': 1.3766, 'learning_rate': 1.9280205655526993e-05, 'epoch': 1.29}
{'loss': 1.2849, 'learning_rate': 2.8920308483290488e-05, 'epoch': 1.93}
08/14/2023 12:24:53 - DEBUG - helper.classes -   Epoch 2.0 completed, Duration: 0:20:31 Mem usage: CPU mem usage: 9.96G.  Cuda 0: memory acclocated: 17 G.
08/14/2023 12:26:57 - DEBUG - fsspec.local -   open file: /home/lunt1/.cache/huggingface/metrics/precision/default/default_experiment-1-0.arrow
08/14/2023 12:26:57 - DEBUG - fsspec.local -   open file: /home/lunt1/.cache/huggingface/metrics/recall/default/default_experiment-1-0.arrow
08/14/2023 12:26:57 - DEBUG - fsspec.local -   open file: /home/lunt1/.cache/huggingface/metrics/f1/default/default_experiment-1-0.arrow
08/14/2023 12:26:57 - DEBUG - fsspec.local -   open file: /home/lunt1/.cache/huggingface/metrics/spearmanr/default/default_experiment-1-0.arrow
08/14/2023 12:26:57 - DEBUG - fsspec.local -   open file: /home/lunt1/.cache/huggingface/metrics/precision/default/default_experiment-1-0.arrow
08/14/2023 12:26:57 - DEBUG - fsspec.local -   open file: /home/lunt1/.cache/huggingface/metrics/recall/default/default_experiment-1-0.arrow
08/14/2023 12:26:57 - DEBUG - fsspec.local -   open file: /home/lunt1/.cache/huggingface/metrics/f1/default/default_experiment-1-0.arrow
{'eval_loss': 1.1594337224960327, 'eval_precision': 0.3256000533740377, 'eval_recall': 0.36990683426090126, 'eval_f1': 0.3330923192034303, 'eval_spearmanr': 0.8196547158741307, 'eval_precision_weighted': 0.41954110195648137, 'eval_recall_weighted': 0.47992351816443596, 'eval_f1_weighted': 0.43150091062774304, 'eval_runtime': 123.9732, 'eval_samples_per_second': 4.219, 'eval_steps_per_second': 2.113, 'epoch': 2.0}
08/14/2023 12:27:03 - DEBUG - helper.classes -   ----------- Starting epoch 3.0 -----------
{'loss': 1.2161, 'learning_rate': 2.9048843187660668e-05, 'epoch': 2.57}
08/14/2023 12:47:29 - DEBUG - helper.classes -   Epoch 3.0 completed, Duration: 0:20:26 Mem usage: CPU mem usage: 9.87G.  Cuda 0: memory acclocated: 17 G.
08/14/2023 12:49:34 - DEBUG - fsspec.local -   open file: /home/lunt1/.cache/huggingface/metrics/precision/default/default_experiment-1-0.arrow
08/14/2023 12:49:34 - DEBUG - fsspec.local -   open file: /home/lunt1/.cache/huggingface/metrics/recall/default/default_experiment-1-0.arrow
08/14/2023 12:49:34 - DEBUG - fsspec.local -   open file: /home/lunt1/.cache/huggingface/metrics/f1/default/default_experiment-1-0.arrow
08/14/2023 12:49:34 - DEBUG - fsspec.local -   open file: /home/lunt1/.cache/huggingface/metrics/spearmanr/default/default_experiment-1-0.arrow
08/14/2023 12:49:34 - DEBUG - fsspec.local -   open file: /home/lunt1/.cache/huggingface/metrics/precision/default/default_experiment-1-0.arrow
08/14/2023 12:49:34 - DEBUG - fsspec.local -   open file: /home/lunt1/.cache/huggingface/metrics/recall/default/default_experiment-1-0.arrow
08/14/2023 12:49:34 - DEBUG - fsspec.local -   open file: /home/lunt1/.cache/huggingface/metrics/f1/default/default_experiment-1-0.arrow
{'eval_loss': 1.2121272087097168, 'eval_precision': 0.35295272686267604, 'eval_recall': 0.36870388813113264, 'eval_f1': 0.33928121864559274, 'eval_spearmanr': 0.8202811044516032, 'eval_precision_weighted': 0.4239574195532445, 'eval_recall_weighted': 0.4149139579349904, 'eval_f1_weighted': 0.3980190607527544, 'eval_runtime': 125.0253, 'eval_samples_per_second': 4.183, 'eval_steps_per_second': 2.096, 'epoch': 3.0}
08/14/2023 12:49:42 - DEBUG - helper.classes -   ----------- Starting epoch 4.0 -----------
{'loss': 1.1494, 'learning_rate': 2.7977720651242504e-05, 'epoch': 3.21}
{'loss': 1.1561, 'learning_rate': 2.6906598114824337e-05, 'epoch': 3.86}
08/14/2023 13:10:26 - DEBUG - helper.classes -   Epoch 4.0 completed, Duration: 0:20:43 Mem usage: CPU mem usage: 9.74G.  Cuda 0: memory acclocated: 17 G.
08/14/2023 13:12:30 - DEBUG - fsspec.local -   open file: /home/lunt1/.cache/huggingface/metrics/precision/default/default_experiment-1-0.arrow
08/14/2023 13:12:30 - DEBUG - fsspec.local -   open file: /home/lunt1/.cache/huggingface/metrics/recall/default/default_experiment-1-0.arrow
08/14/2023 13:12:30 - DEBUG - fsspec.local -   open file: /home/lunt1/.cache/huggingface/metrics/f1/default/default_experiment-1-0.arrow
08/14/2023 13:12:30 - DEBUG - fsspec.local -   open file: /home/lunt1/.cache/huggingface/metrics/spearmanr/default/default_experiment-1-0.arrow
08/14/2023 13:12:31 - DEBUG - fsspec.local -   open file: /home/lunt1/.cache/huggingface/metrics/precision/default/default_experiment-1-0.arrow
08/14/2023 13:12:31 - DEBUG - fsspec.local -   open file: /home/lunt1/.cache/huggingface/metrics/recall/default/default_experiment-1-0.arrow
08/14/2023 13:12:31 - DEBUG - fsspec.local -   open file: /home/lunt1/.cache/huggingface/metrics/f1/default/default_experiment-1-0.arrow
{'eval_loss': 1.2752162218093872, 'eval_precision': 0.327839197576995, 'eval_recall': 0.343221917479587, 'eval_f1': 0.3293452624519766, 'eval_spearmanr': 0.8001399496549293, 'eval_precision_weighted': 0.39441827958995584, 'eval_recall_weighted': 0.4149139579349904, 'eval_f1_weighted': 0.397102623365732, 'eval_runtime': 124.8922, 'eval_samples_per_second': 4.188, 'eval_steps_per_second': 2.098, 'epoch': 4.0}
08/14/2023 13:12:37 - DEBUG - helper.classes -   ----------- Starting epoch 5.0 -----------
{'loss': 1.0363, 'learning_rate': 2.583547557840617e-05, 'epoch': 4.5}
08/14/2023 13:33:28 - DEBUG - helper.classes -   Epoch 5.0 completed, Duration: 0:20:51 Mem usage: CPU mem usage: 9.76G.  Cuda 0: memory acclocated: 17 G.
08/14/2023 13:35:32 - DEBUG - fsspec.local -   open file: /home/lunt1/.cache/huggingface/metrics/precision/default/default_experiment-1-0.arrow
08/14/2023 13:35:32 - DEBUG - fsspec.local -   open file: /home/lunt1/.cache/huggingface/metrics/recall/default/default_experiment-1-0.arrow
08/14/2023 13:35:32 - DEBUG - fsspec.local -   open file: /home/lunt1/.cache/huggingface/metrics/f1/default/default_experiment-1-0.arrow
08/14/2023 13:35:32 - DEBUG - fsspec.local -   open file: /home/lunt1/.cache/huggingface/metrics/spearmanr/default/default_experiment-1-0.arrow
08/14/2023 13:35:32 - DEBUG - fsspec.local -   open file: /home/lunt1/.cache/huggingface/metrics/precision/default/default_experiment-1-0.arrow
08/14/2023 13:35:32 - DEBUG - fsspec.local -   open file: /home/lunt1/.cache/huggingface/metrics/recall/default/default_experiment-1-0.arrow
08/14/2023 13:35:33 - DEBUG - fsspec.local -   open file: /home/lunt1/.cache/huggingface/metrics/f1/default/default_experiment-1-0.arrow
{'eval_loss': 1.309197187423706, 'eval_precision': 0.3776069157295005, 'eval_recall': 0.39822450511304996, 'eval_f1': 0.37140674466279394, 'eval_spearmanr': 0.8356370873915727, 'eval_precision_weighted': 0.45405754184973635, 'eval_recall_weighted': 0.4646271510516252, 'eval_f1_weighted': 0.44060880193076707, 'eval_runtime': 124.0301, 'eval_samples_per_second': 4.217, 'eval_steps_per_second': 2.112, 'epoch': 5.0}
08/14/2023 13:35:39 - DEBUG - helper.classes -   ----------- Starting epoch 6.0 -----------
{'loss': 1.0448, 'learning_rate': 2.4764353041988004e-05, 'epoch': 5.14}
{'loss': 0.9755, 'learning_rate': 2.3693230505569837e-05, 'epoch': 5.78}
08/14/2023 13:56:26 - DEBUG - helper.classes -   Epoch 6.0 completed, Duration: 0:20:47 Mem usage: CPU mem usage: 9.75G.  Cuda 0: memory acclocated: 17 G.
08/14/2023 13:58:31 - DEBUG - fsspec.local -   open file: /home/lunt1/.cache/huggingface/metrics/precision/default/default_experiment-1-0.arrow
08/14/2023 13:58:31 - DEBUG - fsspec.local -   open file: /home/lunt1/.cache/huggingface/metrics/recall/default/default_experiment-1-0.arrow
08/14/2023 13:58:31 - DEBUG - fsspec.local -   open file: /home/lunt1/.cache/huggingface/metrics/f1/default/default_experiment-1-0.arrow
08/14/2023 13:58:31 - DEBUG - fsspec.local -   open file: /home/lunt1/.cache/huggingface/metrics/spearmanr/default/default_experiment-1-0.arrow
08/14/2023 13:58:31 - DEBUG - fsspec.local -   open file: /home/lunt1/.cache/huggingface/metrics/precision/default/default_experiment-1-0.arrow
08/14/2023 13:58:31 - DEBUG - fsspec.local -   open file: /home/lunt1/.cache/huggingface/metrics/recall/default/default_experiment-1-0.arrow
08/14/2023 13:58:31 - DEBUG - fsspec.local -   open file: /home/lunt1/.cache/huggingface/metrics/f1/default/default_experiment-1-0.arrow
{'eval_loss': 1.4022809267044067, 'eval_precision': 0.3745486577074155, 'eval_recall': 0.38530174988097876, 'eval_f1': 0.3768654260512105, 'eval_spearmanr': 0.8110301387834049, 'eval_precision_weighted': 0.446710066801434, 'eval_recall_weighted': 0.4627151051625239, 'eval_f1_weighted': 0.4508044411527036, 'eval_runtime': 125.1112, 'eval_samples_per_second': 4.18, 'eval_steps_per_second': 2.094, 'epoch': 6.0}
08/14/2023 13:58:38 - DEBUG - helper.classes -   ----------- Starting epoch 7.0 -----------
{'loss': 0.9138, 'learning_rate': 2.2622107969151673e-05, 'epoch': 6.43}
08/14/2023 14:19:05 - DEBUG - helper.classes -   Epoch 7.0 completed, Duration: 0:20:27 Mem usage: CPU mem usage: 9.74G.  Cuda 0: memory acclocated: 17 G.
08/14/2023 14:21:09 - DEBUG - fsspec.local -   open file: /home/lunt1/.cache/huggingface/metrics/precision/default/default_experiment-1-0.arrow
08/14/2023 14:21:09 - DEBUG - fsspec.local -   open file: /home/lunt1/.cache/huggingface/metrics/recall/default/default_experiment-1-0.arrow
08/14/2023 14:21:09 - DEBUG - fsspec.local -   open file: /home/lunt1/.cache/huggingface/metrics/f1/default/default_experiment-1-0.arrow
08/14/2023 14:21:09 - DEBUG - fsspec.local -   open file: /home/lunt1/.cache/huggingface/metrics/spearmanr/default/default_experiment-1-0.arrow
08/14/2023 14:21:09 - DEBUG - fsspec.local -   open file: /home/lunt1/.cache/huggingface/metrics/precision/default/default_experiment-1-0.arrow
08/14/2023 14:21:09 - DEBUG - fsspec.local -   open file: /home/lunt1/.cache/huggingface/metrics/recall/default/default_experiment-1-0.arrow
08/14/2023 14:21:09 - DEBUG - fsspec.local -   open file: /home/lunt1/.cache/huggingface/metrics/f1/default/default_experiment-1-0.arrow
{'eval_loss': 1.6146249771118164, 'eval_precision': 0.3831841901012616, 'eval_recall': 0.3986902736691647, 'eval_f1': 0.38131232003046095, 'eval_spearmanr': 0.8327921143402242, 'eval_precision_weighted': 0.4616910779860886, 'eval_recall_weighted': 0.4627151051625239, 'eval_f1_weighted': 0.4528568138765908, 'eval_runtime': 124.0229, 'eval_samples_per_second': 4.217, 'eval_steps_per_second': 2.113, 'epoch': 7.0}
08/14/2023 14:21:15 - DEBUG - helper.classes -   ----------- Starting epoch 8.0 -----------
{'loss': 0.9513, 'learning_rate': 2.1550985432733506e-05, 'epoch': 7.07}
{'loss': 0.9006, 'learning_rate': 2.0479862896315336e-05, 'epoch': 7.71}
08/14/2023 14:41:45 - DEBUG - helper.classes -   Epoch 8.0 completed, Duration: 0:20:29 Mem usage: CPU mem usage: 9.75G.  Cuda 0: memory acclocated: 17 G.
08/14/2023 14:43:49 - DEBUG - fsspec.local -   open file: /home/lunt1/.cache/huggingface/metrics/precision/default/default_experiment-1-0.arrow
08/14/2023 14:43:49 - DEBUG - fsspec.local -   open file: /home/lunt1/.cache/huggingface/metrics/recall/default/default_experiment-1-0.arrow
08/14/2023 14:43:49 - DEBUG - fsspec.local -   open file: /home/lunt1/.cache/huggingface/metrics/f1/default/default_experiment-1-0.arrow
08/14/2023 14:43:49 - DEBUG - fsspec.local -   open file: /home/lunt1/.cache/huggingface/metrics/spearmanr/default/default_experiment-1-0.arrow
08/14/2023 14:43:49 - DEBUG - fsspec.local -   open file: /home/lunt1/.cache/huggingface/metrics/precision/default/default_experiment-1-0.arrow
08/14/2023 14:43:49 - DEBUG - fsspec.local -   open file: /home/lunt1/.cache/huggingface/metrics/recall/default/default_experiment-1-0.arrow
08/14/2023 14:43:49 - DEBUG - fsspec.local -   open file: /home/lunt1/.cache/huggingface/metrics/f1/default/default_experiment-1-0.arrow
{'eval_loss': 2.235482931137085, 'eval_precision': 0.3698180776716446, 'eval_recall': 0.37243877865887437, 'eval_f1': 0.3577836430777607, 'eval_spearmanr': 0.8119920532278929, 'eval_precision_weighted': 0.44272724779536593, 'eval_recall_weighted': 0.4435946462715105, 'eval_f1_weighted': 0.4256570435178016, 'eval_runtime': 124.2053, 'eval_samples_per_second': 4.211, 'eval_steps_per_second': 2.109, 'epoch': 8.0}
08/14/2023 14:43:55 - DEBUG - helper.classes -   ----------- Starting epoch 9.0 -----------
{'loss': 0.8894, 'learning_rate': 1.9408740359897173e-05, 'epoch': 8.35}
{'loss': 0.8396, 'learning_rate': 1.8337617823479006e-05, 'epoch': 9.0}
08/14/2023 15:04:16 - DEBUG - helper.classes -   Epoch 9.0 completed, Duration: 0:20:21 Mem usage: CPU mem usage: 9.76G.  Cuda 0: memory acclocated: 17 G.
08/14/2023 15:06:21 - DEBUG - fsspec.local -   open file: /home/lunt1/.cache/huggingface/metrics/precision/default/default_experiment-1-0.arrow
08/14/2023 15:06:21 - DEBUG - fsspec.local -   open file: /home/lunt1/.cache/huggingface/metrics/recall/default/default_experiment-1-0.arrow
08/14/2023 15:06:21 - DEBUG - fsspec.local -   open file: /home/lunt1/.cache/huggingface/metrics/f1/default/default_experiment-1-0.arrow
08/14/2023 15:06:21 - DEBUG - fsspec.local -   open file: /home/lunt1/.cache/huggingface/metrics/spearmanr/default/default_experiment-1-0.arrow
08/14/2023 15:06:22 - DEBUG - fsspec.local -   open file: /home/lunt1/.cache/huggingface/metrics/precision/default/default_experiment-1-0.arrow
08/14/2023 15:06:22 - DEBUG - fsspec.local -   open file: /home/lunt1/.cache/huggingface/metrics/recall/default/default_experiment-1-0.arrow
08/14/2023 15:06:22 - DEBUG - fsspec.local -   open file: /home/lunt1/.cache/huggingface/metrics/f1/default/default_experiment-1-0.arrow
{'eval_loss': 3.054394483566284, 'eval_precision': 0.3498496864916005, 'eval_recall': 0.38197678849592726, 'eval_f1': 0.3476477847122263, 'eval_spearmanr': 0.8116255783161187, 'eval_precision_weighted': 0.4209417756299042, 'eval_recall_weighted': 0.4187380497131931, 'eval_f1_weighted': 0.40621859676689726, 'eval_runtime': 125.1633, 'eval_samples_per_second': 4.179, 'eval_steps_per_second': 2.093, 'epoch': 9.0}
08/14/2023 15:06:28 - DEBUG - helper.classes -   ----------- Starting epoch 10.0 -----------
{'loss': 0.8543, 'learning_rate': 1.7266495287060843e-05, 'epoch': 9.64}
08/14/2023 15:27:08 - DEBUG - helper.classes -   Epoch 10.0 completed, Duration: 0:20:39 Mem usage: CPU mem usage: 9.76G.  Cuda 0: memory acclocated: 17 G.
08/14/2023 15:29:11 - DEBUG - fsspec.local -   open file: /home/lunt1/.cache/huggingface/metrics/precision/default/default_experiment-1-0.arrow
08/14/2023 15:29:11 - DEBUG - fsspec.local -   open file: /home/lunt1/.cache/huggingface/metrics/recall/default/default_experiment-1-0.arrow
08/14/2023 15:29:11 - DEBUG - fsspec.local -   open file: /home/lunt1/.cache/huggingface/metrics/f1/default/default_experiment-1-0.arrow
08/14/2023 15:29:11 - DEBUG - fsspec.local -   open file: /home/lunt1/.cache/huggingface/metrics/spearmanr/default/default_experiment-1-0.arrow
08/14/2023 15:29:11 - DEBUG - fsspec.local -   open file: /home/lunt1/.cache/huggingface/metrics/precision/default/default_experiment-1-0.arrow
08/14/2023 15:29:12 - DEBUG - fsspec.local -   open file: /home/lunt1/.cache/huggingface/metrics/recall/default/default_experiment-1-0.arrow
08/14/2023 15:29:12 - DEBUG - fsspec.local -   open file: /home/lunt1/.cache/huggingface/metrics/f1/default/default_experiment-1-0.arrow
{'eval_loss': 2.7897393703460693, 'eval_precision': 0.3741883168047931, 'eval_recall': 0.37804930434046674, 'eval_f1': 0.3667769599278243, 'eval_spearmanr': 0.804921623247311, 'eval_precision_weighted': 0.45146855117476664, 'eval_recall_weighted': 0.4627151051625239, 'eval_f1_weighted': 0.4451796201052265, 'eval_runtime': 123.9692, 'eval_samples_per_second': 4.219, 'eval_steps_per_second': 2.113, 'epoch': 10.0}

