******** Training fold 0 ********
08/14/2023 17:01:12 - DEBUG - __main__ -   Processor loaded. CPU mem usage: 0.38G.  Cuda 0: memory acclocated: 0 G.
08/14/2023 17:01:20 - DEBUG - __main__ -   Model loaded. CPU mem usage: 1.99G.  Cuda 0: memory acclocated: 0 G.
Wav2Vec2ForSequenceClassification(
  (wav2vec2): Wav2Vec2Model(
    (feature_extractor): Wav2Vec2FeatureEncoder(
      (conv_layers): ModuleList(
        (0): Wav2Vec2LayerNormConvLayer(
          (conv): Conv1d(1, 512, kernel_size=(10,), stride=(5,))
          (layer_norm): LayerNorm((512,), eps=1e-05, elementwise_affine=True)
          (activation): GELUActivation()
        )
        (1-4): 4 x Wav2Vec2LayerNormConvLayer(
          (conv): Conv1d(512, 512, kernel_size=(3,), stride=(2,))
          (layer_norm): LayerNorm((512,), eps=1e-05, elementwise_affine=True)
          (activation): GELUActivation()
        )
        (5-6): 2 x Wav2Vec2LayerNormConvLayer(
          (conv): Conv1d(512, 512, kernel_size=(2,), stride=(2,))
          (layer_norm): LayerNorm((512,), eps=1e-05, elementwise_affine=True)
          (activation): GELUActivation()
        )
      )
    )
    (feature_projection): Wav2Vec2FeatureProjection(
      (layer_norm): LayerNorm((512,), eps=1e-05, elementwise_affine=True)
      (projection): Linear(in_features=512, out_features=1024, bias=True)
      (dropout): Dropout(p=0.1, inplace=False)
    )
    (encoder): Wav2Vec2EncoderStableLayerNorm(
      (pos_conv_embed): Wav2Vec2PositionalConvEmbedding(
        (conv): Conv1d(1024, 1024, kernel_size=(128,), stride=(1,), padding=(64,), groups=16)
        (padding): Wav2Vec2SamePadLayer()
        (activation): GELUActivation()
      )
      (layer_norm): LayerNorm((1024,), eps=1e-05, elementwise_affine=True)
      (dropout): Dropout(p=0.1, inplace=False)
      (layers): ModuleList(
        (0-23): 24 x Wav2Vec2EncoderLayerStableLayerNorm(
          (attention): Wav2Vec2Attention(
            (k_proj): Linear(in_features=1024, out_features=1024, bias=True)
            (v_proj): Linear(in_features=1024, out_features=1024, bias=True)
            (q_proj): Linear(in_features=1024, out_features=1024, bias=True)
            (out_proj): Linear(in_features=1024, out_features=1024, bias=True)
          )
          (dropout): Dropout(p=0.1, inplace=False)
          (layer_norm): LayerNorm((1024,), eps=1e-05, elementwise_affine=True)
          (feed_forward): Wav2Vec2FeedForward(
            (intermediate_dropout): Dropout(p=0.0, inplace=False)
            (intermediate_dense): Linear(in_features=1024, out_features=4096, bias=True)
            (intermediate_act_fn): GELUActivation()
            (output_dense): Linear(in_features=4096, out_features=1024, bias=True)
            (output_dropout): Dropout(p=0.1, inplace=False)
          )
          (final_layer_norm): LayerNorm((1024,), eps=1e-05, elementwise_affine=True)
        )
      )
    )
  )
  (projector): Linear(in_features=1024, out_features=256, bias=True)
  (classifier): Linear(in_features=256, out_features=7, bias=True)
)
08/14/2023 17:02:00 - DEBUG - __main__ -   Speech loaded. N_train=1584, N_eval=528. CPU mem usage: 6.10G.  Cuda 0: memory acclocated: 0 G.
08/14/2023 17:02:29 - DEBUG - __main__ -   Feature extracted. Duration: 0:00:28 CPU mem usage: 9.01G.  Cuda 0: memory acclocated: 0 G.
08/14/2023 17:02:29 - DEBUG - urllib3.connectionpool -   Starting new HTTPS connection (1): s3.amazonaws.com:443
08/14/2023 17:02:29 - DEBUG - urllib3.connectionpool -   https://s3.amazonaws.com:443 "HEAD /datasets.huggingface.co/datasets/metrics/evaluate-metric/precision/evaluate-metric/precision.py HTTP/1.1" 404 0
08/14/2023 17:02:29 - DEBUG - urllib3.connectionpool -   Starting new HTTPS connection (1): huggingface.co:443
08/14/2023 17:02:29 - DEBUG - urllib3.connectionpool -   https://huggingface.co:443 "HEAD /spaces/evaluate-metric/precision/resolve/v0.4.0/precision.py HTTP/1.1" 200 0
08/14/2023 17:02:29 - DEBUG - urllib3.connectionpool -   Starting new HTTPS connection (1): s3.amazonaws.com:443
08/14/2023 17:02:30 - DEBUG - urllib3.connectionpool -   https://s3.amazonaws.com:443 "HEAD /datasets.huggingface.co/datasets/metrics/evaluate-metric/recall/evaluate-metric/recall.py HTTP/1.1" 404 0
08/14/2023 17:02:30 - DEBUG - urllib3.connectionpool -   Starting new HTTPS connection (1): huggingface.co:443
08/14/2023 17:02:30 - DEBUG - urllib3.connectionpool -   https://huggingface.co:443 "HEAD /spaces/evaluate-metric/recall/resolve/v0.4.0/recall.py HTTP/1.1" 200 0
08/14/2023 17:02:30 - DEBUG - urllib3.connectionpool -   Starting new HTTPS connection (1): s3.amazonaws.com:443
08/14/2023 17:02:31 - DEBUG - urllib3.connectionpool -   https://s3.amazonaws.com:443 "HEAD /datasets.huggingface.co/datasets/metrics/evaluate-metric/f1/evaluate-metric/f1.py HTTP/1.1" 404 0
08/14/2023 17:02:31 - DEBUG - urllib3.connectionpool -   Starting new HTTPS connection (1): huggingface.co:443
08/14/2023 17:02:31 - DEBUG - urllib3.connectionpool -   https://huggingface.co:443 "HEAD /spaces/evaluate-metric/f1/resolve/v0.4.0/f1.py HTTP/1.1" 200 0
08/14/2023 17:02:31 - DEBUG - urllib3.connectionpool -   Starting new HTTPS connection (1): s3.amazonaws.com:443
08/14/2023 17:02:31 - DEBUG - urllib3.connectionpool -   https://s3.amazonaws.com:443 "HEAD /datasets.huggingface.co/datasets/metrics/evaluate-metric/spearmanr/evaluate-metric/spearmanr.py HTTP/1.1" 404 0
08/14/2023 17:02:31 - DEBUG - urllib3.connectionpool -   Starting new HTTPS connection (1): huggingface.co:443
08/14/2023 17:02:31 - DEBUG - urllib3.connectionpool -   https://huggingface.co:443 "HEAD /spaces/evaluate-metric/spearmanr/resolve/v0.4.0/spearmanr.py HTTP/1.1" 200 0
08/14/2023 17:02:37 - DEBUG - __main__ -   Training starts now. CPU mem usage: 8.43G.  Cuda 0: memory acclocated: 2 G.
08/14/2023 17:02:37 - DEBUG - helper.classes -   ----------- Starting epoch 1 -----------
{'loss': 1.7969, 'learning_rate': 1.893939393939394e-05, 'epoch': 0.63}
08/14/2023 17:23:21 - DEBUG - helper.classes -   Epoch 1.0 completed, Duration: 0:20:43 Mem usage: CPU mem usage: 9.67G.  Cuda 0: memory acclocated: 17 G.
08/14/2023 17:25:22 - DEBUG - fsspec.local -   open file: /home/lunt1/.cache/huggingface/metrics/precision/default/default_experiment-1-0.arrow
08/14/2023 17:25:22 - DEBUG - fsspec.local -   open file: /home/lunt1/.cache/huggingface/metrics/recall/default/default_experiment-1-0.arrow
08/14/2023 17:25:22 - DEBUG - fsspec.local -   open file: /home/lunt1/.cache/huggingface/metrics/f1/default/default_experiment-1-0.arrow
08/14/2023 17:25:22 - DEBUG - fsspec.local -   open file: /home/lunt1/.cache/huggingface/metrics/spearmanr/default/default_experiment-1-0.arrow
08/14/2023 17:25:22 - DEBUG - fsspec.local -   open file: /home/lunt1/.cache/huggingface/metrics/precision/default/default_experiment-1-0.arrow
08/14/2023 17:25:22 - DEBUG - fsspec.local -   open file: /home/lunt1/.cache/huggingface/metrics/recall/default/default_experiment-1-0.arrow
08/14/2023 17:25:22 - DEBUG - fsspec.local -   open file: /home/lunt1/.cache/huggingface/metrics/f1/default/default_experiment-1-0.arrow
{'eval_loss': 1.322497010231018, 'eval_precision': 0.23401087284808214, 'eval_recall': 0.2973594587230951, 'eval_f1': 0.2358373251097921, 'eval_spearmanr': 0.7934463371679417, 'eval_precision_weighted': 0.35315979563072586, 'eval_recall_weighted': 0.45075757575757575, 'eval_f1_weighted': 0.35912024566840145, 'eval_runtime': 121.0431, 'eval_samples_per_second': 4.362, 'eval_steps_per_second': 2.181, 'epoch': 1.0}
08/14/2023 17:25:28 - DEBUG - helper.classes -   ----------- Starting epoch 2.0 -----------
{'loss': 1.3771, 'learning_rate': 2.9124579124579127e-05, 'epoch': 1.26}
{'loss': 1.2998, 'learning_rate': 2.702020202020202e-05, 'epoch': 1.89}
08/14/2023 17:46:03 - DEBUG - helper.classes -   Epoch 2.0 completed, Duration: 0:20:35 Mem usage: CPU mem usage: 9.98G.  Cuda 0: memory acclocated: 17 G.
08/14/2023 17:48:04 - DEBUG - fsspec.local -   open file: /home/lunt1/.cache/huggingface/metrics/precision/default/default_experiment-1-0.arrow
08/14/2023 17:48:04 - DEBUG - fsspec.local -   open file: /home/lunt1/.cache/huggingface/metrics/recall/default/default_experiment-1-0.arrow
08/14/2023 17:48:04 - DEBUG - fsspec.local -   open file: /home/lunt1/.cache/huggingface/metrics/f1/default/default_experiment-1-0.arrow
08/14/2023 17:48:04 - DEBUG - fsspec.local -   open file: /home/lunt1/.cache/huggingface/metrics/spearmanr/default/default_experiment-1-0.arrow
08/14/2023 17:48:04 - DEBUG - fsspec.local -   open file: /home/lunt1/.cache/huggingface/metrics/precision/default/default_experiment-1-0.arrow
08/14/2023 17:48:04 - DEBUG - fsspec.local -   open file: /home/lunt1/.cache/huggingface/metrics/recall/default/default_experiment-1-0.arrow
08/14/2023 17:48:04 - DEBUG - fsspec.local -   open file: /home/lunt1/.cache/huggingface/metrics/f1/default/default_experiment-1-0.arrow
{'eval_loss': 1.2366186380386353, 'eval_precision': 0.3094085920472865, 'eval_recall': 0.3384163987808795, 'eval_f1': 0.2892809007274571, 'eval_spearmanr': 0.8251695736448267, 'eval_precision_weighted': 0.42519068784440367, 'eval_recall_weighted': 0.4185606060606061, 'eval_f1_weighted': 0.3840148802629648, 'eval_runtime': 120.6275, 'eval_samples_per_second': 4.377, 'eval_steps_per_second': 2.189, 'epoch': 2.0}
08/14/2023 17:48:10 - DEBUG - helper.classes -   ----------- Starting epoch 3.0 -----------
{'loss': 1.231, 'learning_rate': 2.4915824915824916e-05, 'epoch': 2.53}
08/14/2023 18:09:04 - DEBUG - helper.classes -   Epoch 3.0 completed, Duration: 0:20:53 Mem usage: CPU mem usage: 9.76G.  Cuda 0: memory acclocated: 17 G.
08/14/2023 18:11:05 - DEBUG - fsspec.local -   open file: /home/lunt1/.cache/huggingface/metrics/precision/default/default_experiment-1-0.arrow
08/14/2023 18:11:05 - DEBUG - fsspec.local -   open file: /home/lunt1/.cache/huggingface/metrics/recall/default/default_experiment-1-0.arrow
08/14/2023 18:11:05 - DEBUG - fsspec.local -   open file: /home/lunt1/.cache/huggingface/metrics/f1/default/default_experiment-1-0.arrow
08/14/2023 18:11:05 - DEBUG - fsspec.local -   open file: /home/lunt1/.cache/huggingface/metrics/spearmanr/default/default_experiment-1-0.arrow
08/14/2023 18:11:06 - DEBUG - fsspec.local -   open file: /home/lunt1/.cache/huggingface/metrics/precision/default/default_experiment-1-0.arrow
08/14/2023 18:11:06 - DEBUG - fsspec.local -   open file: /home/lunt1/.cache/huggingface/metrics/recall/default/default_experiment-1-0.arrow
08/14/2023 18:11:06 - DEBUG - fsspec.local -   open file: /home/lunt1/.cache/huggingface/metrics/f1/default/default_experiment-1-0.arrow
{'eval_loss': 1.1999162435531616, 'eval_precision': 0.32918707851851725, 'eval_recall': 0.35400492414987206, 'eval_f1': 0.33037447845378065, 'eval_spearmanr': 0.8289101731973165, 'eval_precision_weighted': 0.4542218418467501, 'eval_recall_weighted': 0.4602272727272727, 'eval_f1_weighted': 0.44662644851933425, 'eval_runtime': 121.7204, 'eval_samples_per_second': 4.338, 'eval_steps_per_second': 2.169, 'epoch': 3.0}
08/14/2023 18:11:12 - DEBUG - helper.classes -   ----------- Starting epoch 4.0 -----------
{'loss': 1.1974, 'learning_rate': 2.2811447811447814e-05, 'epoch': 3.16}
{'loss': 1.1645, 'learning_rate': 2.0707070707070705e-05, 'epoch': 3.79}
08/14/2023 18:31:55 - DEBUG - helper.classes -   Epoch 4.0 completed, Duration: 0:20:42 Mem usage: CPU mem usage: 9.76G.  Cuda 0: memory acclocated: 17 G.
08/14/2023 18:33:56 - DEBUG - fsspec.local -   open file: /home/lunt1/.cache/huggingface/metrics/precision/default/default_experiment-1-0.arrow
08/14/2023 18:33:56 - DEBUG - fsspec.local -   open file: /home/lunt1/.cache/huggingface/metrics/recall/default/default_experiment-1-0.arrow
08/14/2023 18:33:56 - DEBUG - fsspec.local -   open file: /home/lunt1/.cache/huggingface/metrics/f1/default/default_experiment-1-0.arrow
08/14/2023 18:33:56 - DEBUG - fsspec.local -   open file: /home/lunt1/.cache/huggingface/metrics/spearmanr/default/default_experiment-1-0.arrow
08/14/2023 18:33:56 - DEBUG - fsspec.local -   open file: /home/lunt1/.cache/huggingface/metrics/precision/default/default_experiment-1-0.arrow
08/14/2023 18:33:56 - DEBUG - fsspec.local -   open file: /home/lunt1/.cache/huggingface/metrics/recall/default/default_experiment-1-0.arrow
08/14/2023 18:33:56 - DEBUG - fsspec.local -   open file: /home/lunt1/.cache/huggingface/metrics/f1/default/default_experiment-1-0.arrow
{'eval_loss': 1.3295475244522095, 'eval_precision': 0.31882215119935403, 'eval_recall': 0.3477935189868767, 'eval_f1': 0.30284506908082387, 'eval_spearmanr': 0.815565595627838, 'eval_precision_weighted': 0.4423137909002957, 'eval_recall_weighted': 0.4337121212121212, 'eval_f1_weighted': 0.40791796184531887, 'eval_runtime': 121.0712, 'eval_samples_per_second': 4.361, 'eval_steps_per_second': 2.181, 'epoch': 4.0}
08/14/2023 18:34:02 - DEBUG - helper.classes -   ----------- Starting epoch 5.0 -----------
{'loss': 1.1005, 'learning_rate': 1.8602693602693603e-05, 'epoch': 4.42}
08/14/2023 18:54:09 - DEBUG - helper.classes -   Epoch 5.0 completed, Duration: 0:20:06 Mem usage: CPU mem usage: 9.76G.  Cuda 0: memory acclocated: 17 G.
08/14/2023 18:56:09 - DEBUG - fsspec.local -   open file: /home/lunt1/.cache/huggingface/metrics/precision/default/default_experiment-1-0.arrow
08/14/2023 18:56:10 - DEBUG - fsspec.local -   open file: /home/lunt1/.cache/huggingface/metrics/recall/default/default_experiment-1-0.arrow
08/14/2023 18:56:10 - DEBUG - fsspec.local -   open file: /home/lunt1/.cache/huggingface/metrics/f1/default/default_experiment-1-0.arrow
08/14/2023 18:56:10 - DEBUG - fsspec.local -   open file: /home/lunt1/.cache/huggingface/metrics/spearmanr/default/default_experiment-1-0.arrow
08/14/2023 18:56:10 - DEBUG - fsspec.local -   open file: /home/lunt1/.cache/huggingface/metrics/precision/default/default_experiment-1-0.arrow
08/14/2023 18:56:10 - DEBUG - fsspec.local -   open file: /home/lunt1/.cache/huggingface/metrics/recall/default/default_experiment-1-0.arrow
08/14/2023 18:56:10 - DEBUG - fsspec.local -   open file: /home/lunt1/.cache/huggingface/metrics/f1/default/default_experiment-1-0.arrow
{'eval_loss': 1.3825198411941528, 'eval_precision': 0.3246358697688359, 'eval_recall': 0.3505806792888132, 'eval_f1': 0.32052093564698614, 'eval_spearmanr': 0.8354160960502426, 'eval_precision_weighted': 0.45196016816473156, 'eval_recall_weighted': 0.44886363636363635, 'eval_f1_weighted': 0.43514887704393057, 'eval_runtime': 121.212, 'eval_samples_per_second': 4.356, 'eval_steps_per_second': 2.178, 'epoch': 5.0}
08/14/2023 18:56:16 - DEBUG - helper.classes -   ----------- Starting epoch 6.0 -----------
{'loss': 1.0845, 'learning_rate': 1.64983164983165e-05, 'epoch': 5.05}
{'loss': 0.9995, 'learning_rate': 1.4393939393939394e-05, 'epoch': 5.68}
08/14/2023 19:16:51 - DEBUG - helper.classes -   Epoch 6.0 completed, Duration: 0:20:34 Mem usage: CPU mem usage: 9.76G.  Cuda 0: memory acclocated: 17 G.
08/14/2023 19:18:53 - DEBUG - fsspec.local -   open file: /home/lunt1/.cache/huggingface/metrics/precision/default/default_experiment-1-0.arrow
08/14/2023 19:18:54 - DEBUG - fsspec.local -   open file: /home/lunt1/.cache/huggingface/metrics/recall/default/default_experiment-1-0.arrow
08/14/2023 19:18:54 - DEBUG - fsspec.local -   open file: /home/lunt1/.cache/huggingface/metrics/f1/default/default_experiment-1-0.arrow
08/14/2023 19:18:54 - DEBUG - fsspec.local -   open file: /home/lunt1/.cache/huggingface/metrics/spearmanr/default/default_experiment-1-0.arrow
08/14/2023 19:18:54 - DEBUG - fsspec.local -   open file: /home/lunt1/.cache/huggingface/metrics/precision/default/default_experiment-1-0.arrow
08/14/2023 19:18:54 - DEBUG - fsspec.local -   open file: /home/lunt1/.cache/huggingface/metrics/recall/default/default_experiment-1-0.arrow
08/14/2023 19:18:54 - DEBUG - fsspec.local -   open file: /home/lunt1/.cache/huggingface/metrics/f1/default/default_experiment-1-0.arrow
{'eval_loss': 1.418424129486084, 'eval_precision': 0.34114787925149465, 'eval_recall': 0.36459259147832185, 'eval_f1': 0.34915833329914986, 'eval_spearmanr': 0.8326810447116435, 'eval_precision_weighted': 0.46941396762242343, 'eval_recall_weighted': 0.48484848484848486, 'eval_f1_weighted': 0.4739646485637356, 'eval_runtime': 122.3264, 'eval_samples_per_second': 4.316, 'eval_steps_per_second': 2.158, 'epoch': 6.0}
08/14/2023 19:19:01 - DEBUG - helper.classes -   ----------- Starting epoch 7.0 -----------
{'loss': 0.9761, 'learning_rate': 1.228956228956229e-05, 'epoch': 6.31}
{'loss': 0.9393, 'learning_rate': 1.0185185185185186e-05, 'epoch': 6.94}
08/14/2023 19:39:55 - DEBUG - helper.classes -   Epoch 7.0 completed, Duration: 0:20:54 Mem usage: CPU mem usage: 9.80G.  Cuda 0: memory acclocated: 17 G.
08/14/2023 19:41:55 - DEBUG - fsspec.local -   open file: /home/lunt1/.cache/huggingface/metrics/precision/default/default_experiment-1-0.arrow
08/14/2023 19:41:56 - DEBUG - fsspec.local -   open file: /home/lunt1/.cache/huggingface/metrics/recall/default/default_experiment-1-0.arrow
08/14/2023 19:41:56 - DEBUG - fsspec.local -   open file: /home/lunt1/.cache/huggingface/metrics/f1/default/default_experiment-1-0.arrow
08/14/2023 19:41:56 - DEBUG - fsspec.local -   open file: /home/lunt1/.cache/huggingface/metrics/spearmanr/default/default_experiment-1-0.arrow
08/14/2023 19:41:56 - DEBUG - fsspec.local -   open file: /home/lunt1/.cache/huggingface/metrics/precision/default/default_experiment-1-0.arrow
08/14/2023 19:41:56 - DEBUG - fsspec.local -   open file: /home/lunt1/.cache/huggingface/metrics/recall/default/default_experiment-1-0.arrow
08/14/2023 19:41:56 - DEBUG - fsspec.local -   open file: /home/lunt1/.cache/huggingface/metrics/f1/default/default_experiment-1-0.arrow
{'eval_loss': 1.6238490343093872, 'eval_precision': 0.33663086270920667, 'eval_recall': 0.35960558111557267, 'eval_f1': 0.3418594332505683, 'eval_spearmanr': 0.8340410125058679, 'eval_precision_weighted': 0.462816868509666, 'eval_recall_weighted': 0.4734848484848485, 'eval_f1_weighted': 0.46254980691131886, 'eval_runtime': 121.5792, 'eval_samples_per_second': 4.343, 'eval_steps_per_second': 2.171, 'epoch': 7.0}
08/14/2023 19:42:02 - DEBUG - helper.classes -   ----------- Starting epoch 8.0 -----------
{'loss': 0.91, 'learning_rate': 8.08080808080808e-06, 'epoch': 7.58}
08/14/2023 20:02:36 - DEBUG - helper.classes -   Epoch 8.0 completed, Duration: 0:20:33 Mem usage: CPU mem usage: 9.79G.  Cuda 0: memory acclocated: 17 G.
08/14/2023 20:04:36 - DEBUG - fsspec.local -   open file: /home/lunt1/.cache/huggingface/metrics/precision/default/default_experiment-1-0.arrow
08/14/2023 20:04:37 - DEBUG - fsspec.local -   open file: /home/lunt1/.cache/huggingface/metrics/recall/default/default_experiment-1-0.arrow
08/14/2023 20:04:37 - DEBUG - fsspec.local -   open file: /home/lunt1/.cache/huggingface/metrics/f1/default/default_experiment-1-0.arrow
08/14/2023 20:04:37 - DEBUG - fsspec.local -   open file: /home/lunt1/.cache/huggingface/metrics/spearmanr/default/default_experiment-1-0.arrow
08/14/2023 20:04:37 - DEBUG - fsspec.local -   open file: /home/lunt1/.cache/huggingface/metrics/precision/default/default_experiment-1-0.arrow
08/14/2023 20:04:37 - DEBUG - fsspec.local -   open file: /home/lunt1/.cache/huggingface/metrics/recall/default/default_experiment-1-0.arrow
08/14/2023 20:04:37 - DEBUG - fsspec.local -   open file: /home/lunt1/.cache/huggingface/metrics/f1/default/default_experiment-1-0.arrow
{'eval_loss': 1.8675183057785034, 'eval_precision': 0.33091283073473726, 'eval_recall': 0.35019192272217886, 'eval_f1': 0.33094909053873284, 'eval_spearmanr': 0.8272124915916291, 'eval_precision_weighted': 0.45643784989641495, 'eval_recall_weighted': 0.4583333333333333, 'eval_f1_weighted': 0.4476183082565847, 'eval_runtime': 121.0479, 'eval_samples_per_second': 4.362, 'eval_steps_per_second': 2.181, 'epoch': 8.0}
08/14/2023 20:04:43 - DEBUG - helper.classes -   ----------- Starting epoch 9.0 -----------
{'loss': 0.8184, 'learning_rate': 5.976430976430977e-06, 'epoch': 8.21}
{'loss': 0.8228, 'learning_rate': 3.872053872053872e-06, 'epoch': 8.84}
08/14/2023 20:25:56 - DEBUG - helper.classes -   Epoch 9.0 completed, Duration: 0:21:12 Mem usage: CPU mem usage: 9.79G.  Cuda 0: memory acclocated: 17 G.
08/14/2023 20:27:57 - DEBUG - fsspec.local -   open file: /home/lunt1/.cache/huggingface/metrics/precision/default/default_experiment-1-0.arrow
08/14/2023 20:27:58 - DEBUG - fsspec.local -   open file: /home/lunt1/.cache/huggingface/metrics/recall/default/default_experiment-1-0.arrow
08/14/2023 20:27:58 - DEBUG - fsspec.local -   open file: /home/lunt1/.cache/huggingface/metrics/f1/default/default_experiment-1-0.arrow
08/14/2023 20:27:58 - DEBUG - fsspec.local -   open file: /home/lunt1/.cache/huggingface/metrics/spearmanr/default/default_experiment-1-0.arrow
08/14/2023 20:27:58 - DEBUG - fsspec.local -   open file: /home/lunt1/.cache/huggingface/metrics/precision/default/default_experiment-1-0.arrow
08/14/2023 20:27:58 - DEBUG - fsspec.local -   open file: /home/lunt1/.cache/huggingface/metrics/recall/default/default_experiment-1-0.arrow
08/14/2023 20:27:58 - DEBUG - fsspec.local -   open file: /home/lunt1/.cache/huggingface/metrics/f1/default/default_experiment-1-0.arrow
{'eval_loss': 2.0201222896575928, 'eval_precision': 0.32819087870186125, 'eval_recall': 0.34447123146109915, 'eval_f1': 0.3291449984592908, 'eval_spearmanr': 0.8206445476602063, 'eval_precision_weighted': 0.4523695728179354, 'eval_recall_weighted': 0.4583333333333333, 'eval_f1_weighted': 0.44682791930318566, 'eval_runtime': 122.3556, 'eval_samples_per_second': 4.315, 'eval_steps_per_second': 2.158, 'epoch': 9.0}
08/14/2023 20:28:05 - DEBUG - helper.classes -   ----------- Starting epoch 10.0 -----------
{'loss': 0.8345, 'learning_rate': 1.7676767676767678e-06, 'epoch': 9.47}
08/14/2023 20:49:18 - DEBUG - helper.classes -   Epoch 10.0 completed, Duration: 0:21:12 Mem usage: CPU mem usage: 9.79G.  Cuda 0: memory acclocated: 17 G.
08/14/2023 20:51:18 - DEBUG - fsspec.local -   open file: /home/lunt1/.cache/huggingface/metrics/precision/default/default_experiment-1-0.arrow
08/14/2023 20:51:18 - DEBUG - fsspec.local -   open file: /home/lunt1/.cache/huggingface/metrics/recall/default/default_experiment-1-0.arrow
08/14/2023 20:51:18 - DEBUG - fsspec.local -   open file: /home/lunt1/.cache/huggingface/metrics/f1/default/default_experiment-1-0.arrow
08/14/2023 20:51:18 - DEBUG - fsspec.local -   open file: /home/lunt1/.cache/huggingface/metrics/spearmanr/default/default_experiment-1-0.arrow
08/14/2023 20:51:18 - DEBUG - fsspec.local -   open file: /home/lunt1/.cache/huggingface/metrics/precision/default/default_experiment-1-0.arrow
08/14/2023 20:51:18 - DEBUG - fsspec.local -   open file: /home/lunt1/.cache/huggingface/metrics/recall/default/default_experiment-1-0.arrow
08/14/2023 20:51:18 - DEBUG - fsspec.local -   open file: /home/lunt1/.cache/huggingface/metrics/f1/default/default_experiment-1-0.arrow
{'eval_loss': 2.061664581298828, 'eval_precision': 0.33616207527187586, 'eval_recall': 0.35742134776753404, 'eval_f1': 0.340800462655336, 'eval_spearmanr': 0.827205803904628, 'eval_precision_weighted': 0.46279348305282925, 'eval_recall_weighted': 0.4734848484848485, 'eval_f1_weighted': 0.4621274291938642, 'eval_runtime': 120.7565, 'eval_samples_per_second': 4.372, 'eval_steps_per_second': 2.186, 'epoch': 10.0}
{'train_runtime': 13732.7017, 'train_samples_per_second': 1.153, 'train_steps_per_second': 0.577, 'train_loss': 1.0851567624795317, 'epoch': 10.0}
08/14/2023 20:51:30 - INFO - __main__ -   Training completed. Duration: 3:48:53
08/14/2023 20:53:31 - DEBUG - fsspec.local -   open file: /home/lunt1/.cache/huggingface/metrics/precision/default/default_experiment-1-0.arrow
08/14/2023 20:53:31 - DEBUG - fsspec.local -   open file: /home/lunt1/.cache/huggingface/metrics/recall/default/default_experiment-1-0.arrow
08/14/2023 20:53:31 - DEBUG - fsspec.local -   open file: /home/lunt1/.cache/huggingface/metrics/f1/default/default_experiment-1-0.arrow
08/14/2023 20:53:31 - DEBUG - fsspec.local -   open file: /home/lunt1/.cache/huggingface/metrics/spearmanr/default/default_experiment-1-0.arrow
08/14/2023 20:53:31 - DEBUG - fsspec.local -   open file: /home/lunt1/.cache/huggingface/metrics/precision/default/default_experiment-1-0.arrow
08/14/2023 20:53:31 - DEBUG - fsspec.local -   open file: /home/lunt1/.cache/huggingface/metrics/recall/default/default_experiment-1-0.arrow
08/14/2023 20:53:31 - DEBUG - fsspec.local -   open file: /home/lunt1/.cache/huggingface/metrics/f1/default/default_experiment-1-0.arrow
08/14/2023 20:53:31 - DEBUG - fsspec.local -   open file: /home/lunt1/.cache/huggingface/metrics/precision/default/default_experiment-1-0.arrow
08/14/2023 20:53:31 - DEBUG - fsspec.local -   open file: /home/lunt1/.cache/huggingface/metrics/recall/default/default_experiment-1-0.arrow
08/14/2023 20:53:31 - DEBUG - fsspec.local -   open file: /home/lunt1/.cache/huggingface/metrics/f1/default/default_experiment-1-0.arrow
08/14/2023 20:53:31 - DEBUG - fsspec.local -   open file: /home/lunt1/.cache/huggingface/metrics/spearmanr/default/default_experiment-1-0.arrow
08/14/2023 20:53:31 - DEBUG - fsspec.local -   open file: /home/lunt1/.cache/huggingface/metrics/precision/default/default_experiment-1-0.arrow
08/14/2023 20:53:31 - DEBUG - fsspec.local -   open file: /home/lunt1/.cache/huggingface/metrics/recall/default/default_experiment-1-0.arrow
08/14/2023 20:53:31 - DEBUG - fsspec.local -   open file: /home/lunt1/.cache/huggingface/metrics/f1/default/default_experiment-1-0.arrow
08/14/2023 20:53:31 - DEBUG - __main__ -   label: 5
08/14/2023 20:53:31 - DEBUG - __main__ -   pred: 5
08/14/2023 20:53:31 - DEBUG - __main__ -   label: 3
08/14/2023 20:53:31 - DEBUG - __main__ -   pred: 4
08/14/2023 20:53:31 - DEBUG - __main__ -   label: 5
08/14/2023 20:53:31 - DEBUG - __main__ -   pred: 5
08/14/2023 20:53:31 - DEBUG - __main__ -   label: 3
08/14/2023 20:53:31 - DEBUG - __main__ -   pred: 4
08/14/2023 20:53:31 - DEBUG - __main__ -   label: 4
08/14/2023 20:53:31 - DEBUG - __main__ -   pred: 5
08/14/2023 20:53:31 - DEBUG - __main__ -   label: 4
08/14/2023 20:53:31 - DEBUG - __main__ -   pred: 3
08/14/2023 20:53:31 - DEBUG - __main__ -   label: 6
08/14/2023 20:53:31 - DEBUG - __main__ -   pred: 4
08/14/2023 20:53:31 - DEBUG - __main__ -   label: 3
08/14/2023 20:53:31 - DEBUG - __main__ -   pred: 3
08/14/2023 20:53:31 - DEBUG - __main__ -   label: 4
08/14/2023 20:53:31 - DEBUG - __main__ -   pred: 4
08/14/2023 20:53:31 - DEBUG - __main__ -   label: 4
08/14/2023 20:53:31 - DEBUG - __main__ -   pred: 4
08/14/2023 20:53:31 - DEBUG - __main__ -   label: 4
08/14/2023 20:53:31 - DEBUG - __main__ -   pred: 4
08/14/2023 20:53:31 - DEBUG - __main__ -   label: 3
08/14/2023 20:53:31 - DEBUG - __main__ -   pred: 3
08/14/2023 20:53:31 - DEBUG - __main__ -   label: 5
08/14/2023 20:53:31 - DEBUG - __main__ -   pred: 4
08/14/2023 20:53:31 - DEBUG - __main__ -   label: 3
08/14/2023 20:53:31 - DEBUG - __main__ -   pred: 4
08/14/2023 20:53:31 - DEBUG - __main__ -   label: 2
08/14/2023 20:53:31 - DEBUG - __main__ -   pred: 3
08/14/2023 20:53:31 - DEBUG - __main__ -   label: 3
08/14/2023 20:53:31 - DEBUG - __main__ -   pred: 4
08/14/2023 20:53:31 - DEBUG - __main__ -   label: 6
08/14/2023 20:53:31 - DEBUG - __main__ -   pred: 5
08/14/2023 20:53:31 - DEBUG - __main__ -   label: 6
08/14/2023 20:53:31 - DEBUG - __main__ -   pred: 5
08/14/2023 20:53:31 - DEBUG - __main__ -   label: 3
08/14/2023 20:53:31 - DEBUG - __main__ -   pred: 3
08/14/2023 20:53:31 - DEBUG - __main__ -   label: 6
08/14/2023 20:53:31 - DEBUG - __main__ -   pred: 4
08/14/2023 20:53:31 - DEBUG - __main__ -   label: 5
08/14/2023 20:53:31 - DEBUG - __main__ -   pred: 5
08/14/2023 20:53:31 - DEBUG - __main__ -   label: 2
08/14/2023 20:53:31 - DEBUG - __main__ -   pred: 2
08/14/2023 20:53:31 - DEBUG - __main__ -   label: 6
08/14/2023 20:53:31 - DEBUG - __main__ -   pred: 4
08/14/2023 20:53:31 - DEBUG - __main__ -   label: 5
08/14/2023 20:53:31 - DEBUG - __main__ -   pred: 4
08/14/2023 20:53:31 - DEBUG - __main__ -   label: 5
08/14/2023 20:53:31 - DEBUG - __main__ -   pred: 4
08/14/2023 20:53:31 - DEBUG - __main__ -   label: 4
08/14/2023 20:53:31 - DEBUG - __main__ -   pred: 3
08/14/2023 20:53:31 - DEBUG - __main__ -   label: 5
08/14/2023 20:53:31 - DEBUG - __main__ -   pred: 3
08/14/2023 20:53:31 - DEBUG - __main__ -   label: 3
08/14/2023 20:53:31 - DEBUG - __main__ -   pred: 3
08/14/2023 20:53:31 - DEBUG - __main__ -   label: 4
08/14/2023 20:53:31 - DEBUG - __main__ -   pred: 3
08/14/2023 20:53:31 - DEBUG - __main__ -   label: 4
08/14/2023 20:53:31 - DEBUG - __main__ -   pred: 3
08/14/2023 20:53:31 - DEBUG - __main__ -   label: 5
08/14/2023 20:53:31 - DEBUG - __main__ -   pred: 4
08/14/2023 20:53:31 - DEBUG - __main__ -   label: 4
08/14/2023 20:53:31 - DEBUG - __main__ -   pred: 4
08/14/2023 20:53:31 - DEBUG - __main__ -   label: 6
08/14/2023 20:53:31 - DEBUG - __main__ -   pred: 5
08/14/2023 20:53:31 - DEBUG - __main__ -   label: 6
08/14/2023 20:53:31 - DEBUG - __main__ -   pred: 5
08/14/2023 20:53:31 - DEBUG - __main__ -   label: 2
08/14/2023 20:53:31 - DEBUG - __main__ -   pred: 3
08/14/2023 20:53:31 - DEBUG - __main__ -   label: 3
08/14/2023 20:53:31 - DEBUG - __main__ -   pred: 3
08/14/2023 20:53:31 - DEBUG - __main__ -   label: 5
08/14/2023 20:53:31 - DEBUG - __main__ -   pred: 4
08/14/2023 20:53:31 - DEBUG - __main__ -   label: 5
08/14/2023 20:53:31 - DEBUG - __main__ -   pred: 5
08/14/2023 20:53:31 - DEBUG - __main__ -   label: 6
08/14/2023 20:53:31 - DEBUG - __main__ -   pred: 5
08/14/2023 20:53:31 - DEBUG - __main__ -   label: 4
08/14/2023 20:53:31 - DEBUG - __main__ -   pred: 4
08/14/2023 20:53:31 - DEBUG - __main__ -   label: 3
08/14/2023 20:53:31 - DEBUG - __main__ -   pred: 3
08/14/2023 20:53:31 - DEBUG - __main__ -   label: 4
08/14/2023 20:53:31 - DEBUG - __main__ -   pred: 4
08/14/2023 20:53:31 - DEBUG - __main__ -   label: 1
08/14/2023 20:53:31 - DEBUG - __main__ -   pred: 2
08/14/2023 20:53:31 - DEBUG - __main__ -   label: 4
08/14/2023 20:53:31 - DEBUG - __main__ -   pred: 4
08/14/2023 20:53:31 - DEBUG - __main__ -   label: 5
08/14/2023 20:53:31 - DEBUG - __main__ -   pred: 4
08/14/2023 20:53:31 - DEBUG - __main__ -   label: 2
08/14/2023 20:53:31 - DEBUG - __main__ -   pred: 3
08/14/2023 20:53:31 - DEBUG - __main__ -   label: 4
08/14/2023 20:53:31 - DEBUG - __main__ -   pred: 3
08/14/2023 20:53:31 - DEBUG - __main__ -   label: 4
08/14/2023 20:53:31 - DEBUG - __main__ -   pred: 5
08/14/2023 20:53:31 - DEBUG - __main__ -   label: 4
08/14/2023 20:53:31 - DEBUG - __main__ -   pred: 5
08/14/2023 20:53:31 - DEBUG - __main__ -   label: 5
08/14/2023 20:53:31 - DEBUG - __main__ -   pred: 4
08/14/2023 20:53:31 - DEBUG - __main__ -   label: 4
08/14/2023 20:53:31 - DEBUG - __main__ -   pred: 4
08/14/2023 20:53:31 - DEBUG - __main__ -   label: 5
08/14/2023 20:53:31 - DEBUG - __main__ -   pred: 4
08/14/2023 20:53:31 - DEBUG - __main__ -   label: 3
08/14/2023 20:53:31 - DEBUG - __main__ -   pred: 3
08/14/2023 20:53:31 - DEBUG - __main__ -   label: 4
08/14/2023 20:53:31 - DEBUG - __main__ -   pred: 4
08/14/2023 20:53:31 - DEBUG - __main__ -   label: 4
08/14/2023 20:53:31 - DEBUG - __main__ -   pred: 3
08/14/2023 20:53:31 - DEBUG - __main__ -   label: 4
08/14/2023 20:53:31 - DEBUG - __main__ -   pred: 3
08/14/2023 20:53:31 - DEBUG - __main__ -   label: 4
08/14/2023 20:53:31 - DEBUG - __main__ -   pred: 5
08/14/2023 20:53:31 - DEBUG - __main__ -   label: 5
08/14/2023 20:53:31 - DEBUG - __main__ -   pred: 5
08/14/2023 20:53:31 - DEBUG - __main__ -   label: 4
08/14/2023 20:53:31 - DEBUG - __main__ -   pred: 4
08/14/2023 20:53:31 - DEBUG - __main__ -   label: 3
08/14/2023 20:53:31 - DEBUG - __main__ -   pred: 3
08/14/2023 20:53:31 - DEBUG - __main__ -   label: 4
08/14/2023 20:53:31 - DEBUG - __main__ -   pred: 4
08/14/2023 20:53:31 - DEBUG - __main__ -   label: 3
08/14/2023 20:53:31 - DEBUG - __main__ -   pred: 3
08/14/2023 20:53:31 - DEBUG - __main__ -   label: 3
08/14/2023 20:53:31 - DEBUG - __main__ -   pred: 3
08/14/2023 20:53:31 - DEBUG - __main__ -   label: 3
08/14/2023 20:53:31 - DEBUG - __main__ -   pred: 3
08/14/2023 20:53:31 - DEBUG - __main__ -   label: 2
08/14/2023 20:53:31 - DEBUG - __main__ -   pred: 3
08/14/2023 20:53:31 - DEBUG - __main__ -   label: 3
08/14/2023 20:53:31 - DEBUG - __main__ -   pred: 3
08/14/2023 20:53:31 - DEBUG - __main__ -   label: 6
08/14/2023 20:53:31 - DEBUG - __main__ -   pred: 5
08/14/2023 20:53:31 - DEBUG - __main__ -   label: 4
08/14/2023 20:53:31 - DEBUG - __main__ -   pred: 5
08/14/2023 20:53:31 - DEBUG - __main__ -   label: 4
08/14/2023 20:53:31 - DEBUG - __main__ -   pred: 3
08/14/2023 20:53:31 - DEBUG - __main__ -   label: 6
08/14/2023 20:53:31 - DEBUG - __main__ -   pred: 5
08/14/2023 20:53:31 - DEBUG - __main__ -   label: 4
08/14/2023 20:53:31 - DEBUG - __main__ -   pred: 4
08/14/2023 20:53:31 - DEBUG - __main__ -   label: 3
08/14/2023 20:53:31 - DEBUG - __main__ -   pred: 3
08/14/2023 20:53:31 - DEBUG - __main__ -   label: 4
08/14/2023 20:53:31 - DEBUG - __main__ -   pred: 3
08/14/2023 20:53:31 - DEBUG - __main__ -   label: 3
08/14/2023 20:53:31 - DEBUG - __main__ -   pred: 3
08/14/2023 20:53:31 - DEBUG - __main__ -   label: 3
08/14/2023 20:53:31 - DEBUG - __main__ -   pred: 5
08/14/2023 20:53:31 - DEBUG - __main__ -   label: 3
08/14/2023 20:53:31 - DEBUG - __main__ -   pred: 3
08/14/2023 20:53:31 - DEBUG - __main__ -   label: 5
08/14/2023 20:53:31 - DEBUG - __main__ -   pred: 4
08/14/2023 20:53:31 - DEBUG - __main__ -   label: 5
08/14/2023 20:53:31 - DEBUG - __main__ -   pred: 5
08/14/2023 20:53:31 - DEBUG - __main__ -   label: 3
08/14/2023 20:53:31 - DEBUG - __main__ -   pred: 2
08/14/2023 20:53:31 - DEBUG - __main__ -   label: 6
08/14/2023 20:53:31 - DEBUG - __main__ -   pred: 4
08/14/2023 20:53:31 - DEBUG - __main__ -   label: 3
08/14/2023 20:53:31 - DEBUG - __main__ -   pred: 3
08/14/2023 20:53:31 - DEBUG - __main__ -   label: 5
08/14/2023 20:53:31 - DEBUG - __main__ -   pred: 5
08/14/2023 20:53:31 - DEBUG - __main__ -   label: 4
08/14/2023 20:53:31 - DEBUG - __main__ -   pred: 4
08/14/2023 20:53:31 - DEBUG - __main__ -   label: 1
08/14/2023 20:53:31 - DEBUG - __main__ -   pred: 2
08/14/2023 20:53:31 - DEBUG - __main__ -   label: 4
08/14/2023 20:53:31 - DEBUG - __main__ -   pred: 5
08/14/2023 20:53:31 - DEBUG - __main__ -   label: 5
08/14/2023 20:53:31 - DEBUG - __main__ -   pred: 5
08/14/2023 20:53:31 - DEBUG - __main__ -   label: 6
08/14/2023 20:53:31 - DEBUG - __main__ -   pred: 5
08/14/2023 20:53:31 - DEBUG - __main__ -   label: 3
08/14/2023 20:53:31 - DEBUG - __main__ -   pred: 3
08/14/2023 20:53:31 - DEBUG - __main__ -   label: 3
08/14/2023 20:53:31 - DEBUG - __main__ -   pred: 3
08/14/2023 20:53:31 - DEBUG - __main__ -   label: 4
08/14/2023 20:53:31 - DEBUG - __main__ -   pred: 4
08/14/2023 20:53:31 - DEBUG - __main__ -   label: 2
08/14/2023 20:53:31 - DEBUG - __main__ -   pred: 3
08/14/2023 20:53:31 - DEBUG - __main__ -   label: 4
08/14/2023 20:53:31 - DEBUG - __main__ -   pred: 3
08/14/2023 20:53:31 - DEBUG - __main__ -   label: 3
08/14/2023 20:53:31 - DEBUG - __main__ -   pred: 3
08/14/2023 20:53:31 - DEBUG - __main__ -   label: 3
08/14/2023 20:53:31 - DEBUG - __main__ -   pred: 2
08/14/2023 20:53:31 - DEBUG - __main__ -   label: 2
08/14/2023 20:53:31 - DEBUG - __main__ -   pred: 3
08/14/2023 20:53:31 - DEBUG - __main__ -   label: 3
08/14/2023 20:53:31 - DEBUG - __main__ -   pred: 4
08/14/2023 20:53:31 - DEBUG - __main__ -   label: 4
08/14/2023 20:53:31 - DEBUG - __main__ -   pred: 4
08/14/2023 20:53:31 - DEBUG - __main__ -   label: 4
08/14/2023 20:53:31 - DEBUG - __main__ -   pred: 5
08/14/2023 20:53:31 - DEBUG - __main__ -   label: 3
08/14/2023 20:53:31 - DEBUG - __main__ -   pred: 3
08/14/2023 20:53:31 - DEBUG - __main__ -   label: 4
08/14/2023 20:53:31 - DEBUG - __main__ -   pred: 5
08/14/2023 20:53:31 - DEBUG - __main__ -   label: 4
08/14/2023 20:53:31 - DEBUG - __main__ -   pred: 4
08/14/2023 20:53:31 - DEBUG - __main__ -   label: 5
08/14/2023 20:53:31 - DEBUG - __main__ -   pred: 5
08/14/2023 20:53:31 - DEBUG - __main__ -   label: 4
08/14/2023 20:53:31 - DEBUG - __main__ -   pred: 3
08/14/2023 20:53:31 - DEBUG - __main__ -   label: 3
08/14/2023 20:53:31 - DEBUG - __main__ -   pred: 3
08/14/2023 20:53:31 - DEBUG - __main__ -   label: 4
08/14/2023 20:53:31 - DEBUG - __main__ -   pred: 4
08/14/2023 20:53:31 - DEBUG - __main__ -   label: 6
08/14/2023 20:53:31 - DEBUG - __main__ -   pred: 5
08/14/2023 20:53:31 - DEBUG - __main__ -   label: 5
08/14/2023 20:53:31 - DEBUG - __main__ -   pred: 5
08/14/2023 20:53:31 - DEBUG - __main__ -   label: 6
08/14/2023 20:53:31 - DEBUG - __main__ -   pred: 5
08/14/2023 20:53:31 - DEBUG - __main__ -   label: 3
08/14/2023 20:53:31 - DEBUG - __main__ -   pred: 3
08/14/2023 20:53:31 - DEBUG - __main__ -   label: 4
08/14/2023 20:53:31 - DEBUG - __main__ -   pred: 4
08/14/2023 20:53:31 - DEBUG - __main__ -   label: 4
08/14/2023 20:53:31 - DEBUG - __main__ -   pred: 3
08/14/2023 20:53:31 - DEBUG - __main__ -   label: 3
08/14/2023 20:53:31 - DEBUG - __main__ -   pred: 2
08/14/2023 20:53:31 - DEBUG - __main__ -   label: 2
08/14/2023 20:53:31 - DEBUG - __main__ -   pred: 2
08/14/2023 20:53:31 - DEBUG - __main__ -   label: 3
08/14/2023 20:53:31 - DEBUG - __main__ -   pred: 4
08/14/2023 20:53:31 - DEBUG - __main__ -   label: 2
08/14/2023 20:53:31 - DEBUG - __main__ -   pred: 3
08/14/2023 20:53:31 - DEBUG - __main__ -   label: 3
08/14/2023 20:53:31 - DEBUG - __main__ -   pred: 3
08/14/2023 20:53:31 - DEBUG - __main__ -   label: 1
08/14/2023 20:53:31 - DEBUG - __main__ -   pred: 2
08/14/2023 20:53:31 - DEBUG - __main__ -   label: 2
08/14/2023 20:53:31 - DEBUG - __main__ -   pred: 3
08/14/2023 20:53:31 - DEBUG - __main__ -   label: 1
08/14/2023 20:53:31 - DEBUG - __main__ -   pred: 2
08/14/2023 20:53:31 - DEBUG - __main__ -   label: 1
08/14/2023 20:53:31 - DEBUG - __main__ -   pred: 1
08/14/2023 20:53:31 - DEBUG - __main__ -   label: 2
08/14/2023 20:53:31 - DEBUG - __main__ -   pred: 2
08/14/2023 20:53:31 - DEBUG - __main__ -   label: 2
08/14/2023 20:53:31 - DEBUG - __main__ -   pred: 2
08/14/2023 20:53:31 - DEBUG - __main__ -   label: 1
08/14/2023 20:53:31 - DEBUG - __main__ -   pred: 2
08/14/2023 20:53:31 - DEBUG - __main__ -   label: 0
08/14/2023 20:53:31 - DEBUG - __main__ -   pred: 1
08/14/2023 20:53:31 - DEBUG - __main__ -   label: 2
08/14/2023 20:53:31 - DEBUG - __main__ -   pred: 3
08/14/2023 20:53:31 - DEBUG - __main__ -   label: 1
08/14/2023 20:53:31 - DEBUG - __main__ -   pred: 1
08/14/2023 20:53:31 - DEBUG - __main__ -   label: 1
08/14/2023 20:53:31 - DEBUG - __main__ -   pred: 1
08/14/2023 20:53:31 - DEBUG - __main__ -   label: 1
08/14/2023 20:53:31 - DEBUG - __main__ -   pred: 1
08/14/2023 20:53:31 - DEBUG - __main__ -   label: 2
08/14/2023 20:53:31 - DEBUG - __main__ -   pred: 2
08/14/2023 20:53:31 - DEBUG - __main__ -   label: 1
08/14/2023 20:53:31 - DEBUG - __main__ -   pred: 1
08/14/2023 20:53:31 - DEBUG - __main__ -   label: 2
08/14/2023 20:53:31 - DEBUG - __main__ -   pred: 3
08/14/2023 20:53:31 - DEBUG - __main__ -   label: 1
08/14/2023 20:53:31 - DEBUG - __main__ -   pred: 2
08/14/2023 20:53:31 - DEBUG - __main__ -   label: 1
08/14/2023 20:53:31 - DEBUG - __main__ -   pred: 1
08/14/2023 20:53:31 - DEBUG - __main__ -   label: 1
08/14/2023 20:53:31 - DEBUG - __main__ -   pred: 1
08/14/2023 20:53:31 - DEBUG - __main__ -   label: 1
08/14/2023 20:53:31 - DEBUG - __main__ -   pred: 1
08/14/2023 20:53:31 - DEBUG - __main__ -   label: 1
08/14/2023 20:53:31 - DEBUG - __main__ -   pred: 1
08/14/2023 20:53:31 - DEBUG - __main__ -   label: 1
08/14/2023 20:53:31 - DEBUG - __main__ -   pred: 1
08/14/2023 20:53:31 - DEBUG - __main__ -   label: 1
08/14/2023 20:53:31 - DEBUG - __main__ -   pred: 2
08/14/2023 20:53:31 - DEBUG - __main__ -   label: 1
08/14/2023 20:53:31 - DEBUG - __main__ -   pred: 1
08/14/2023 20:53:31 - DEBUG - __main__ -   label: 1
08/14/2023 20:53:31 - DEBUG - __main__ -   pred: 1
08/14/2023 20:53:31 - DEBUG - __main__ -   label: 2
08/14/2023 20:53:31 - DEBUG - __main__ -   pred: 1
08/14/2023 20:53:31 - DEBUG - __main__ -   label: 2
08/14/2023 20:53:31 - DEBUG - __main__ -   pred: 2
08/14/2023 20:53:31 - DEBUG - __main__ -   label: 1
08/14/2023 20:53:31 - DEBUG - __main__ -   pred: 1
08/14/2023 20:53:31 - DEBUG - __main__ -   label: 2
08/14/2023 20:53:31 - DEBUG - __main__ -   pred: 2
08/14/2023 20:53:31 - DEBUG - __main__ -   label: 1
08/14/2023 20:53:31 - DEBUG - __main__ -   pred: 1
08/14/2023 20:53:31 - DEBUG - __main__ -   label: 2
08/14/2023 20:53:31 - DEBUG - __main__ -   pred: 2
08/14/2023 20:53:31 - DEBUG - __main__ -   label: 2
08/14/2023 20:53:31 - DEBUG - __main__ -   pred: 2
08/14/2023 20:53:31 - DEBUG - __main__ -   label: 2
08/14/2023 20:53:31 - DEBUG - __main__ -   pred: 2
08/14/2023 20:53:31 - DEBUG - __main__ -   label: 4
08/14/2023 20:53:31 - DEBUG - __main__ -   pred: 3
08/14/2023 20:53:31 - DEBUG - __main__ -   label: 5
08/14/2023 20:53:31 - DEBUG - __main__ -   pred: 5
08/14/2023 20:53:31 - DEBUG - __main__ -   label: 4
08/14/2023 20:53:31 - DEBUG - __main__ -   pred: 4
08/14/2023 20:53:31 - DEBUG - __main__ -   label: 4
08/14/2023 20:53:31 - DEBUG - __main__ -   pred: 5
08/14/2023 20:53:31 - DEBUG - __main__ -   label: 4
08/14/2023 20:53:31 - DEBUG - __main__ -   pred: 5
08/14/2023 20:53:31 - DEBUG - __main__ -   label: 1
08/14/2023 20:53:31 - DEBUG - __main__ -   pred: 1
08/14/2023 20:53:31 - DEBUG - __main__ -   label: 4
08/14/2023 20:53:31 - DEBUG - __main__ -   pred: 4
08/14/2023 20:53:31 - DEBUG - __main__ -   label: 4
08/14/2023 20:53:31 - DEBUG - __main__ -   pred: 3
08/14/2023 20:53:31 - DEBUG - __main__ -   label: 6
08/14/2023 20:53:31 - DEBUG - __main__ -   pred: 5
08/14/2023 20:53:31 - DEBUG - __main__ -   label: 6
08/14/2023 20:53:31 - DEBUG - __main__ -   pred: 5
08/14/2023 20:53:31 - DEBUG - __main__ -   label: 5
08/14/2023 20:53:31 - DEBUG - __main__ -   pred: 3
08/14/2023 20:53:31 - DEBUG - __main__ -   label: 4
08/14/2023 20:53:31 - DEBUG - __main__ -   pred: 3
08/14/2023 20:53:31 - DEBUG - __main__ -   label: 2
08/14/2023 20:53:31 - DEBUG - __main__ -   pred: 2
08/14/2023 20:53:31 - DEBUG - __main__ -   label: 2
08/14/2023 20:53:31 - DEBUG - __main__ -   pred: 2
08/14/2023 20:53:31 - DEBUG - __main__ -   label: 1
08/14/2023 20:53:31 - DEBUG - __main__ -   pred: 2
08/14/2023 20:53:31 - DEBUG - __main__ -   label: 1
08/14/2023 20:53:31 - DEBUG - __main__ -   pred: 1
08/14/2023 20:53:31 - DEBUG - __main__ -   label: 1
08/14/2023 20:53:31 - DEBUG - __main__ -   pred: 2
08/14/2023 20:53:31 - DEBUG - __main__ -   label: 1
08/14/2023 20:53:31 - DEBUG - __main__ -   pred: 1
08/14/2023 20:53:31 - DEBUG - __main__ -   label: 2
08/14/2023 20:53:31 - DEBUG - __main__ -   pred: 1
08/14/2023 20:53:31 - DEBUG - __main__ -   label: 2
08/14/2023 20:53:31 - DEBUG - __main__ -   pred: 1
08/14/2023 20:53:31 - DEBUG - __main__ -   label: 4
08/14/2023 20:53:31 - DEBUG - __main__ -   pred: 4
08/14/2023 20:53:31 - DEBUG - __main__ -   label: 4
08/14/2023 20:53:31 - DEBUG - __main__ -   pred: 3
08/14/2023 20:53:31 - DEBUG - __main__ -   label: 1
08/14/2023 20:53:31 - DEBUG - __main__ -   pred: 1
08/14/2023 20:53:31 - DEBUG - __main__ -   label: 3
08/14/2023 20:53:31 - DEBUG - __main__ -   pred: 3
08/14/2023 20:53:31 - DEBUG - __main__ -   label: 3
08/14/2023 20:53:31 - DEBUG - __main__ -   pred: 3
08/14/2023 20:53:31 - DEBUG - __main__ -   label: 2
08/14/2023 20:53:31 - DEBUG - __main__ -   pred: 1
08/14/2023 20:53:31 - DEBUG - __main__ -   label: 3
08/14/2023 20:53:31 - DEBUG - __main__ -   pred: 3
08/14/2023 20:53:31 - DEBUG - __main__ -   label: 4
08/14/2023 20:53:31 - DEBUG - __main__ -   pred: 5
08/14/2023 20:53:31 - DEBUG - __main__ -   label: 1
08/14/2023 20:53:31 - DEBUG - __main__ -   pred: 2
08/14/2023 20:53:31 - DEBUG - __main__ -   label: 4
08/14/2023 20:53:31 - DEBUG - __main__ -   pred: 4
08/14/2023 20:53:31 - DEBUG - __main__ -   label: 4
08/14/2023 20:53:31 - DEBUG - __main__ -   pred: 3
08/14/2023 20:53:31 - DEBUG - __main__ -   label: 4
08/14/2023 20:53:31 - DEBUG - __main__ -   pred: 5
08/14/2023 20:53:31 - DEBUG - __main__ -   label: 4
08/14/2023 20:53:31 - DEBUG - __main__ -   pred: 3
08/14/2023 20:53:31 - DEBUG - __main__ -   label: 6
08/14/2023 20:53:31 - DEBUG - __main__ -   pred: 5
08/14/2023 20:53:31 - DEBUG - __main__ -   label: 3
08/14/2023 20:53:31 - DEBUG - __main__ -   pred: 3
08/14/2023 20:53:31 - DEBUG - __main__ -   label: 4
08/14/2023 20:53:31 - DEBUG - __main__ -   pred: 5
08/14/2023 20:53:31 - DEBUG - __main__ -   label: 3
08/14/2023 20:53:31 - DEBUG - __main__ -   pred: 3
08/14/2023 20:53:31 - DEBUG - __main__ -   label: 5
08/14/2023 20:53:31 - DEBUG - __main__ -   pred: 4
08/14/2023 20:53:31 - DEBUG - __main__ -   label: 2
08/14/2023 20:53:31 - DEBUG - __main__ -   pred: 2
08/14/2023 20:53:31 - DEBUG - __main__ -   label: 1
08/14/2023 20:53:31 - DEBUG - __main__ -   pred: 2
08/14/2023 20:53:31 - DEBUG - __main__ -   label: 3
08/14/2023 20:53:31 - DEBUG - __main__ -   pred: 1
08/14/2023 20:53:31 - DEBUG - __main__ -   label: 2
08/14/2023 20:53:31 - DEBUG - __main__ -   pred: 2
08/14/2023 20:53:31 - DEBUG - __main__ -   label: 1
08/14/2023 20:53:31 - DEBUG - __main__ -   pred: 1
08/14/2023 20:53:31 - DEBUG - __main__ -   label: 2
08/14/2023 20:53:31 - DEBUG - __main__ -   pred: 1
08/14/2023 20:53:31 - DEBUG - __main__ -   label: 2
08/14/2023 20:53:31 - DEBUG - __main__ -   pred: 2
08/14/2023 20:53:31 - DEBUG - __main__ -   label: 2
08/14/2023 20:53:31 - DEBUG - __main__ -   pred: 2
08/14/2023 20:53:31 - DEBUG - __main__ -   label: 2
08/14/2023 20:53:31 - DEBUG - __main__ -   pred: 2
08/14/2023 20:53:31 - DEBUG - __main__ -   label: 2
08/14/2023 20:53:31 - DEBUG - __main__ -   pred: 2
08/14/2023 20:53:31 - DEBUG - __main__ -   label: 3
08/14/2023 20:53:31 - DEBUG - __main__ -   pred: 1
08/14/2023 20:53:31 - DEBUG - __main__ -   label: 3
08/14/2023 20:53:31 - DEBUG - __main__ -   pred: 2
08/14/2023 20:53:31 - DEBUG - __main__ -   label: 2
08/14/2023 20:53:31 - DEBUG - __main__ -   pred: 1
08/14/2023 20:53:31 - DEBUG - __main__ -   label: 1
08/14/2023 20:53:31 - DEBUG - __main__ -   pred: 1
08/14/2023 20:53:31 - DEBUG - __main__ -   label: 3
08/14/2023 20:53:31 - DEBUG - __main__ -   pred: 2
08/14/2023 20:53:31 - DEBUG - __main__ -   label: 3
08/14/2023 20:53:31 - DEBUG - __main__ -   pred: 2
08/14/2023 20:53:31 - DEBUG - __main__ -   label: 2
08/14/2023 20:53:31 - DEBUG - __main__ -   pred: 2
08/14/2023 20:53:31 - DEBUG - __main__ -   label: 1
08/14/2023 20:53:31 - DEBUG - __main__ -   pred: 2
08/14/2023 20:53:31 - DEBUG - __main__ -   label: 3
08/14/2023 20:53:31 - DEBUG - __main__ -   pred: 2
08/14/2023 20:53:31 - DEBUG - __main__ -   label: 4
08/14/2023 20:53:31 - DEBUG - __main__ -   pred: 5
08/14/2023 20:53:31 - DEBUG - __main__ -   label: 4
08/14/2023 20:53:31 - DEBUG - __main__ -   pred: 4
08/14/2023 20:53:31 - DEBUG - __main__ -   label: 2
08/14/2023 20:53:31 - DEBUG - __main__ -   pred: 2
08/14/2023 20:53:31 - DEBUG - __main__ -   label: 2
08/14/2023 20:53:31 - DEBUG - __main__ -   pred: 2
08/14/2023 20:53:31 - DEBUG - __main__ -   label: 2
08/14/2023 20:53:31 - DEBUG - __main__ -   pred: 2
08/14/2023 20:53:31 - DEBUG - __main__ -   label: 2
08/14/2023 20:53:31 - DEBUG - __main__ -   pred: 2
08/14/2023 20:53:31 - DEBUG - __main__ -   label: 3
08/14/2023 20:53:31 - DEBUG - __main__ -   pred: 2
08/14/2023 20:53:31 - DEBUG - __main__ -   label: 4
08/14/2023 20:53:31 - DEBUG - __main__ -   pred: 2
08/14/2023 20:53:31 - DEBUG - __main__ -   label: 2
08/14/2023 20:53:31 - DEBUG - __main__ -   pred: 1
08/14/2023 20:53:31 - DEBUG - __main__ -   label: 3
08/14/2023 20:53:31 - DEBUG - __main__ -   pred: 1
08/14/2023 20:53:31 - DEBUG - __main__ -   label: 2
08/14/2023 20:53:31 - DEBUG - __main__ -   pred: 1
08/14/2023 20:53:31 - DEBUG - __main__ -   label: 4
08/14/2023 20:53:31 - DEBUG - __main__ -   pred: 1
08/14/2023 20:53:31 - DEBUG - __main__ -   label: 2
08/14/2023 20:53:31 - DEBUG - __main__ -   pred: 1
08/14/2023 20:53:31 - DEBUG - __main__ -   label: 3
08/14/2023 20:53:31 - DEBUG - __main__ -   pred: 1
08/14/2023 20:53:31 - DEBUG - __main__ -   label: 4
08/14/2023 20:53:31 - DEBUG - __main__ -   pred: 2
08/14/2023 20:53:31 - DEBUG - __main__ -   label: 2
08/14/2023 20:53:31 - DEBUG - __main__ -   pred: 1
08/14/2023 20:53:31 - DEBUG - __main__ -   label: 4
08/14/2023 20:53:31 - DEBUG - __main__ -   pred: 2
08/14/2023 20:53:31 - DEBUG - __main__ -   label: 2
08/14/2023 20:53:31 - DEBUG - __main__ -   pred: 1
08/14/2023 20:53:31 - DEBUG - __main__ -   label: 2
08/14/2023 20:53:31 - DEBUG - __main__ -   pred: 1
08/14/2023 20:53:31 - DEBUG - __main__ -   label: 3
08/14/2023 20:53:31 - DEBUG - __main__ -   pred: 2
08/14/2023 20:53:31 - DEBUG - __main__ -   label: 4
08/14/2023 20:53:31 - DEBUG - __main__ -   pred: 3
08/14/2023 20:53:31 - DEBUG - __main__ -   label: 4
08/14/2023 20:53:31 - DEBUG - __main__ -   pred: 3
08/14/2023 20:53:31 - DEBUG - __main__ -   label: 3
08/14/2023 20:53:31 - DEBUG - __main__ -   pred: 2
08/14/2023 20:53:31 - DEBUG - __main__ -   label: 3
08/14/2023 20:53:31 - DEBUG - __main__ -   pred: 2
08/14/2023 20:53:31 - DEBUG - __main__ -   label: 4
08/14/2023 20:53:31 - DEBUG - __main__ -   pred: 4
08/14/2023 20:53:31 - DEBUG - __main__ -   label: 3
08/14/2023 20:53:31 - DEBUG - __main__ -   pred: 2
08/14/2023 20:53:31 - DEBUG - __main__ -   label: 3
08/14/2023 20:53:31 - DEBUG - __main__ -   pred: 3
08/14/2023 20:53:31 - DEBUG - __main__ -   label: 5
08/14/2023 20:53:31 - DEBUG - __main__ -   pred: 5
08/14/2023 20:53:31 - DEBUG - __main__ -   label: 4
08/14/2023 20:53:31 - DEBUG - __main__ -   pred: 5
08/14/2023 20:53:31 - DEBUG - __main__ -   label: 6
08/14/2023 20:53:31 - DEBUG - __main__ -   pred: 5
08/14/2023 20:53:31 - DEBUG - __main__ -   label: 5
08/14/2023 20:53:31 - DEBUG - __main__ -   pred: 5
08/14/2023 20:53:31 - DEBUG - __main__ -   label: 2
08/14/2023 20:53:31 - DEBUG - __main__ -   pred: 2
08/14/2023 20:53:31 - DEBUG - __main__ -   label: 2
08/14/2023 20:53:31 - DEBUG - __main__ -   pred: 2
08/14/2023 20:53:31 - DEBUG - __main__ -   label: 2
08/14/2023 20:53:31 - DEBUG - __main__ -   pred: 2
08/14/2023 20:53:31 - DEBUG - __main__ -   label: 3
08/14/2023 20:53:31 - DEBUG - __main__ -   pred: 2
08/14/2023 20:53:31 - DEBUG - __main__ -   label: 2
08/14/2023 20:53:31 - DEBUG - __main__ -   pred: 2
08/14/2023 20:53:31 - DEBUG - __main__ -   label: 1
08/14/2023 20:53:31 - DEBUG - __main__ -   pred: 2
08/14/2023 20:53:31 - DEBUG - __main__ -   label: 2
08/14/2023 20:53:31 - DEBUG - __main__ -   pred: 2
08/14/2023 20:53:31 - DEBUG - __main__ -   label: 1
08/14/2023 20:53:31 - DEBUG - __main__ -   pred: 2
08/14/2023 20:53:31 - DEBUG - __main__ -   label: 2
08/14/2023 20:53:31 - DEBUG - __main__ -   pred: 3
08/14/2023 20:53:31 - DEBUG - __main__ -   label: 3
08/14/2023 20:53:31 - DEBUG - __main__ -   pred: 3
08/14/2023 20:53:31 - DEBUG - __main__ -   label: 3
08/14/2023 20:53:31 - DEBUG - __main__ -   pred: 3
08/14/2023 20:53:31 - DEBUG - __main__ -   label: 5
08/14/2023 20:53:31 - DEBUG - __main__ -   pred: 4
08/14/2023 20:53:31 - DEBUG - __main__ -   label: 3
08/14/2023 20:53:31 - DEBUG - __main__ -   pred: 3
08/14/2023 20:53:31 - DEBUG - __main__ -   label: 3
08/14/2023 20:53:31 - DEBUG - __main__ -   pred: 2
08/14/2023 20:53:31 - DEBUG - __main__ -   label: 5
08/14/2023 20:53:31 - DEBUG - __main__ -   pred: 3
08/14/2023 20:53:31 - DEBUG - __main__ -   label: 4
08/14/2023 20:53:31 - DEBUG - __main__ -   pred: 4
08/14/2023 20:53:31 - DEBUG - __main__ -   label: 5
08/14/2023 20:53:31 - DEBUG - __main__ -   pred: 5
08/14/2023 20:53:31 - DEBUG - __main__ -   label: 4
08/14/2023 20:53:31 - DEBUG - __main__ -   pred: 5
08/14/2023 20:53:31 - DEBUG - __main__ -   label: 4
08/14/2023 20:53:31 - DEBUG - __main__ -   pred: 3
08/14/2023 20:53:31 - DEBUG - __main__ -   label: 4
08/14/2023 20:53:31 - DEBUG - __main__ -   pred: 4
08/14/2023 20:53:31 - DEBUG - __main__ -   label: 5
08/14/2023 20:53:31 - DEBUG - __main__ -   pred: 4
08/14/2023 20:53:31 - DEBUG - __main__ -   label: 5
08/14/2023 20:53:31 - DEBUG - __main__ -   pred: 4
08/14/2023 20:53:31 - DEBUG - __main__ -   label: 6
08/14/2023 20:53:31 - DEBUG - __main__ -   pred: 5
08/14/2023 20:53:31 - DEBUG - __main__ -   label: 3
08/14/2023 20:53:31 - DEBUG - __main__ -   pred: 4
08/14/2023 20:53:31 - DEBUG - __main__ -   label: 4
08/14/2023 20:53:31 - DEBUG - __main__ -   pred: 4
08/14/2023 20:53:31 - DEBUG - __main__ -   label: 5
08/14/2023 20:53:31 - DEBUG - __main__ -   pred: 4
08/14/2023 20:53:31 - DEBUG - __main__ -   label: 5
08/14/2023 20:53:31 - DEBUG - __main__ -   pred: 4
08/14/2023 20:53:31 - DEBUG - __main__ -   label: 4
08/14/2023 20:53:31 - DEBUG - __main__ -   pred: 4
08/14/2023 20:53:31 - DEBUG - __main__ -   label: 4
08/14/2023 20:53:31 - DEBUG - __main__ -   pred: 5
08/14/2023 20:53:31 - DEBUG - __main__ -   label: 3
08/14/2023 20:53:31 - DEBUG - __main__ -   pred: 4
08/14/2023 20:53:31 - DEBUG - __main__ -   label: 4
08/14/2023 20:53:31 - DEBUG - __main__ -   pred: 4
08/14/2023 20:53:31 - DEBUG - __main__ -   label: 3
08/14/2023 20:53:31 - DEBUG - __main__ -   pred: 3
08/14/2023 20:53:31 - DEBUG - __main__ -   label: 4
08/14/2023 20:53:31 - DEBUG - __main__ -   pred: 4
08/14/2023 20:53:31 - DEBUG - __main__ -   label: 4
08/14/2023 20:53:31 - DEBUG - __main__ -   pred: 4
08/14/2023 20:53:31 - DEBUG - __main__ -   label: 2
08/14/2023 20:53:31 - DEBUG - __main__ -   pred: 2
08/14/2023 20:53:31 - DEBUG - __main__ -   label: 2
08/14/2023 20:53:31 - DEBUG - __main__ -   pred: 2
08/14/2023 20:53:31 - DEBUG - __main__ -   label: 2
08/14/2023 20:53:31 - DEBUG - __main__ -   pred: 1
08/14/2023 20:53:31 - DEBUG - __main__ -   label: 2
08/14/2023 20:53:31 - DEBUG - __main__ -   pred: 2
08/14/2023 20:53:31 - DEBUG - __main__ -   label: 2
08/14/2023 20:53:31 - DEBUG - __main__ -   pred: 1
08/14/2023 20:53:31 - DEBUG - __main__ -   label: 2
08/14/2023 20:53:31 - DEBUG - __main__ -   pred: 1
08/14/2023 20:53:31 - DEBUG - __main__ -   label: 2
08/14/2023 20:53:31 - DEBUG - __main__ -   pred: 2
08/14/2023 20:53:31 - DEBUG - __main__ -   label: 1
08/14/2023 20:53:31 - DEBUG - __main__ -   pred: 2
08/14/2023 20:53:31 - DEBUG - __main__ -   label: 3
08/14/2023 20:53:31 - DEBUG - __main__ -   pred: 5
08/14/2023 20:53:31 - DEBUG - __main__ -   label: 4
08/14/2023 20:53:31 - DEBUG - __main__ -   pred: 5
08/14/2023 20:53:31 - DEBUG - __main__ -   label: 4
08/14/2023 20:53:31 - DEBUG - __main__ -   pred: 5
08/14/2023 20:53:31 - DEBUG - __main__ -   label: 3
08/14/2023 20:53:31 - DEBUG - __main__ -   pred: 3
08/14/2023 20:53:31 - DEBUG - __main__ -   label: 4
08/14/2023 20:53:31 - DEBUG - __main__ -   pred: 5
08/14/2023 20:53:31 - DEBUG - __main__ -   label: 2
08/14/2023 20:53:31 - DEBUG - __main__ -   pred: 2
08/14/2023 20:53:31 - DEBUG - __main__ -   label: 3
08/14/2023 20:53:31 - DEBUG - __main__ -   pred: 3
08/14/2023 20:53:31 - DEBUG - __main__ -   label: 1
08/14/2023 20:53:31 - DEBUG - __main__ -   pred: 1
08/14/2023 20:53:31 - DEBUG - __main__ -   label: 1
08/14/2023 20:53:31 - DEBUG - __main__ -   pred: 2
08/14/2023 20:53:31 - DEBUG - __main__ -   label: 1
08/14/2023 20:53:31 - DEBUG - __main__ -   pred: 2
08/14/2023 20:53:31 - DEBUG - __main__ -   label: 1
08/14/2023 20:53:31 - DEBUG - __main__ -   pred: 1
08/14/2023 20:53:31 - DEBUG - __main__ -   label: 1
08/14/2023 20:53:31 - DEBUG - __main__ -   pred: 1
08/14/2023 20:53:31 - DEBUG - __main__ -   label: 1
08/14/2023 20:53:31 - DEBUG - __main__ -   pred: 1
08/14/2023 20:53:31 - DEBUG - __main__ -   label: 1
08/14/2023 20:53:31 - DEBUG - __main__ -   pred: 1
08/14/2023 20:53:31 - DEBUG - __main__ -   label: 1
08/14/2023 20:53:31 - DEBUG - __main__ -   pred: 1
08/14/2023 20:53:31 - DEBUG - __main__ -   label: 2
08/14/2023 20:53:31 - DEBUG - __main__ -   pred: 2
08/14/2023 20:53:31 - DEBUG - __main__ -   label: 4
08/14/2023 20:53:31 - DEBUG - __main__ -   pred: 4
08/14/2023 20:53:31 - DEBUG - __main__ -   label: 3
08/14/2023 20:53:31 - DEBUG - __main__ -   pred: 4
08/14/2023 20:53:31 - DEBUG - __main__ -   label: 2
08/14/2023 20:53:31 - DEBUG - __main__ -   pred: 2
08/14/2023 20:53:31 - DEBUG - __main__ -   label: 3
08/14/2023 20:53:31 - DEBUG - __main__ -   pred: 5
08/14/2023 20:53:31 - DEBUG - __main__ -   label: 4
08/14/2023 20:53:31 - DEBUG - __main__ -   pred: 4
08/14/2023 20:53:31 - DEBUG - __main__ -   label: 4
08/14/2023 20:53:31 - DEBUG - __main__ -   pred: 3
08/14/2023 20:53:31 - DEBUG - __main__ -   label: 2
08/14/2023 20:53:31 - DEBUG - __main__ -   pred: 2
08/14/2023 20:53:31 - DEBUG - __main__ -   label: 2
08/14/2023 20:53:31 - DEBUG - __main__ -   pred: 2
08/14/2023 20:53:31 - DEBUG - __main__ -   label: 3
08/14/2023 20:53:31 - DEBUG - __main__ -   pred: 2
08/14/2023 20:53:31 - DEBUG - __main__ -   label: 1
08/14/2023 20:53:31 - DEBUG - __main__ -   pred: 2
08/14/2023 20:53:31 - DEBUG - __main__ -   label: 2
08/14/2023 20:53:31 - DEBUG - __main__ -   pred: 2
08/14/2023 20:53:31 - DEBUG - __main__ -   label: 2
08/14/2023 20:53:31 - DEBUG - __main__ -   pred: 2
08/14/2023 20:53:31 - DEBUG - __main__ -   label: 1
08/14/2023 20:53:31 - DEBUG - __main__ -   pred: 2
08/14/2023 20:53:31 - DEBUG - __main__ -   label: 3
08/14/2023 20:53:31 - DEBUG - __main__ -   pred: 2
08/14/2023 20:53:31 - DEBUG - __main__ -   label: 1
08/14/2023 20:53:31 - DEBUG - __main__ -   pred: 3
08/14/2023 20:53:31 - DEBUG - __main__ -   label: 2
08/14/2023 20:53:31 - DEBUG - __main__ -   pred: 1
08/14/2023 20:53:31 - DEBUG - __main__ -   label: 1
08/14/2023 20:53:31 - DEBUG - __main__ -   pred: 2
08/14/2023 20:53:31 - DEBUG - __main__ -   label: 1
08/14/2023 20:53:31 - DEBUG - __main__ -   pred: 1
08/14/2023 20:53:31 - DEBUG - __main__ -   label: 1
08/14/2023 20:53:31 - DEBUG - __main__ -   pred: 2
08/14/2023 20:53:31 - DEBUG - __main__ -   label: 1
08/14/2023 20:53:31 - DEBUG - __main__ -   pred: 1
08/14/2023 20:53:31 - DEBUG - __main__ -   label: 2
08/14/2023 20:53:31 - DEBUG - __main__ -   pred: 1
08/14/2023 20:53:31 - DEBUG - __main__ -   label: 2
08/14/2023 20:53:31 - DEBUG - __main__ -   pred: 2
08/14/2023 20:53:31 - DEBUG - __main__ -   label: 1
08/14/2023 20:53:31 - DEBUG - __main__ -   pred: 1
08/14/2023 20:53:31 - DEBUG - __main__ -   label: 1
08/14/2023 20:53:31 - DEBUG - __main__ -   pred: 1
08/14/2023 20:53:31 - DEBUG - __main__ -   label: 1
08/14/2023 20:53:31 - DEBUG - __main__ -   pred: 1
08/14/2023 20:53:31 - DEBUG - __main__ -   label: 2
08/14/2023 20:53:31 - DEBUG - __main__ -   pred: 1
08/14/2023 20:53:31 - DEBUG - __main__ -   label: 1
08/14/2023 20:53:31 - DEBUG - __main__ -   pred: 1
08/14/2023 20:53:31 - DEBUG - __main__ -   label: 1
08/14/2023 20:53:31 - DEBUG - __main__ -   pred: 1
08/14/2023 20:53:31 - DEBUG - __main__ -   label: 1
08/14/2023 20:53:31 - DEBUG - __main__ -   pred: 1
08/14/2023 20:53:31 - DEBUG - __main__ -   label: 2
08/14/2023 20:53:31 - DEBUG - __main__ -   pred: 1
08/14/2023 20:53:31 - DEBUG - __main__ -   label: 2
08/14/2023 20:53:31 - DEBUG - __main__ -   pred: 3
08/14/2023 20:53:31 - DEBUG - __main__ -   label: 1
08/14/2023 20:53:31 - DEBUG - __main__ -   pred: 1
08/14/2023 20:53:31 - DEBUG - __main__ -   label: 2
08/14/2023 20:53:31 - DEBUG - __main__ -   pred: 2
08/14/2023 20:53:31 - DEBUG - __main__ -   label: 1
08/14/2023 20:53:31 - DEBUG - __main__ -   pred: 2
08/14/2023 20:53:31 - DEBUG - __main__ -   label: 2
08/14/2023 20:53:31 - DEBUG - __main__ -   pred: 3
08/14/2023 20:53:31 - DEBUG - __main__ -   label: 1
08/14/2023 20:53:31 - DEBUG - __main__ -   pred: 1
08/14/2023 20:53:31 - DEBUG - __main__ -   label: 2
08/14/2023 20:53:31 - DEBUG - __main__ -   pred: 3
08/14/2023 20:53:31 - DEBUG - __main__ -   label: 4
08/14/2023 20:53:31 - DEBUG - __main__ -   pred: 3
08/14/2023 20:53:31 - DEBUG - __main__ -   label: 5
08/14/2023 20:53:31 - DEBUG - __main__ -   pred: 5
08/14/2023 20:53:31 - DEBUG - __main__ -   label: 6
08/14/2023 20:53:31 - DEBUG - __main__ -   pred: 5
08/14/2023 20:53:31 - DEBUG - __main__ -   label: 4
08/14/2023 20:53:31 - DEBUG - __main__ -   pred: 4
08/14/2023 20:53:31 - DEBUG - __main__ -   label: 3
08/14/2023 20:53:31 - DEBUG - __main__ -   pred: 3
08/14/2023 20:53:31 - DEBUG - __main__ -   label: 4
08/14/2023 20:53:31 - DEBUG - __main__ -   pred: 4
08/14/2023 20:53:31 - DEBUG - __main__ -   label: 4
08/14/2023 20:53:31 - DEBUG - __main__ -   pred: 5
08/14/2023 20:53:31 - DEBUG - __main__ -   label: 3
08/14/2023 20:53:31 - DEBUG - __main__ -   pred: 4
08/14/2023 20:53:31 - DEBUG - __main__ -   label: 4
08/14/2023 20:53:31 - DEBUG - __main__ -   pred: 4
08/14/2023 20:53:31 - DEBUG - __main__ -   label: 2
08/14/2023 20:53:31 - DEBUG - __main__ -   pred: 3
08/14/2023 20:53:31 - DEBUG - __main__ -   label: 2
08/14/2023 20:53:31 - DEBUG - __main__ -   pred: 2
08/14/2023 20:53:31 - DEBUG - __main__ -   label: 2
08/14/2023 20:53:31 - DEBUG - __main__ -   pred: 1
08/14/2023 20:53:31 - DEBUG - __main__ -   label: 0
08/14/2023 20:53:31 - DEBUG - __main__ -   pred: 2
08/14/2023 20:53:31 - DEBUG - __main__ -   label: 0
08/14/2023 20:53:31 - DEBUG - __main__ -   pred: 2
08/14/2023 20:53:31 - DEBUG - __main__ -   label: 1
08/14/2023 20:53:31 - DEBUG - __main__ -   pred: 2
08/14/2023 20:53:31 - DEBUG - __main__ -   label: 0
08/14/2023 20:53:31 - DEBUG - __main__ -   pred: 2
08/14/2023 20:53:31 - DEBUG - __main__ -   label: 1
08/14/2023 20:53:31 - DEBUG - __main__ -   pred: 1
08/14/2023 20:53:31 - DEBUG - __main__ -   label: 1
08/14/2023 20:53:31 - DEBUG - __main__ -   pred: 1
08/14/2023 20:53:31 - DEBUG - __main__ -   label: 1
08/14/2023 20:53:31 - DEBUG - __main__ -   pred: 2
08/14/2023 20:53:31 - DEBUG - __main__ -   label: 1
08/14/2023 20:53:31 - DEBUG - __main__ -   pred: 2
08/14/2023 20:53:31 - DEBUG - __main__ -   label: 1
08/14/2023 20:53:31 - DEBUG - __main__ -   pred: 1
08/14/2023 20:53:31 - DEBUG - __main__ -   label: 1
08/14/2023 20:53:31 - DEBUG - __main__ -   pred: 1
08/14/2023 20:53:31 - DEBUG - __main__ -   label: 0
08/14/2023 20:53:31 - DEBUG - __main__ -   pred: 1
08/14/2023 20:53:31 - DEBUG - __main__ -   label: 1
08/14/2023 20:53:31 - DEBUG - __main__ -   pred: 1
08/14/2023 20:53:31 - DEBUG - __main__ -   label: 1
08/14/2023 20:53:31 - DEBUG - __main__ -   pred: 2
08/14/2023 20:53:31 - DEBUG - __main__ -   label: 1
08/14/2023 20:53:31 - DEBUG - __main__ -   pred: 2
08/14/2023 20:53:31 - DEBUG - __main__ -   label: 2
08/14/2023 20:53:31 - DEBUG - __main__ -   pred: 1
08/14/2023 20:53:31 - DEBUG - __main__ -   label: 1
08/14/2023 20:53:31 - DEBUG - __main__ -   pred: 2
08/14/2023 20:53:31 - DEBUG - __main__ -   label: 1
08/14/2023 20:53:31 - DEBUG - __main__ -   pred: 1
08/14/2023 20:53:31 - DEBUG - __main__ -   label: 2
08/14/2023 20:53:31 - DEBUG - __main__ -   pred: 1
08/14/2023 20:53:31 - DEBUG - __main__ -   label: 1
08/14/2023 20:53:31 - DEBUG - __main__ -   pred: 2
08/14/2023 20:53:31 - DEBUG - __main__ -   label: 1
08/14/2023 20:53:31 - DEBUG - __main__ -   pred: 1
08/14/2023 20:53:31 - DEBUG - __main__ -   label: 2
08/14/2023 20:53:31 - DEBUG - __main__ -   pred: 2
08/14/2023 20:53:31 - DEBUG - __main__ -   label: 4
08/14/2023 20:53:31 - DEBUG - __main__ -   pred: 5
08/14/2023 20:53:31 - DEBUG - __main__ -   label: 5
08/14/2023 20:53:31 - DEBUG - __main__ -   pred: 5
08/14/2023 20:53:31 - DEBUG - __main__ -   label: 4
08/14/2023 20:53:31 - DEBUG - __main__ -   pred: 5
08/14/2023 20:53:31 - DEBUG - __main__ -   label: 4
08/14/2023 20:53:31 - DEBUG - __main__ -   pred: 5
08/14/2023 20:53:31 - DEBUG - __main__ -   label: 3
08/14/2023 20:53:31 - DEBUG - __main__ -   pred: 5
08/14/2023 20:53:31 - DEBUG - __main__ -   label: 5
08/14/2023 20:53:31 - DEBUG - __main__ -   pred: 5
08/14/2023 20:53:31 - DEBUG - __main__ -   label: 3
08/14/2023 20:53:31 - DEBUG - __main__ -   pred: 4
08/14/2023 20:53:31 - DEBUG - __main__ -   label: 5
08/14/2023 20:53:31 - DEBUG - __main__ -   pred: 5
08/14/2023 20:53:31 - DEBUG - __main__ -   label: 3
08/14/2023 20:53:31 - DEBUG - __main__ -   pred: 4
08/14/2023 20:53:31 - DEBUG - __main__ -   label: 4
08/14/2023 20:53:31 - DEBUG - __main__ -   pred: 5
08/14/2023 20:53:31 - DEBUG - __main__ -   label: 3
08/14/2023 20:53:31 - DEBUG - __main__ -   pred: 2
08/14/2023 20:53:31 - DEBUG - __main__ -   label: 3
08/14/2023 20:53:31 - DEBUG - __main__ -   pred: 2
08/14/2023 20:53:31 - DEBUG - __main__ -   label: 2
08/14/2023 20:53:31 - DEBUG - __main__ -   pred: 1
08/14/2023 20:53:31 - DEBUG - __main__ -   label: 2
08/14/2023 20:53:31 - DEBUG - __main__ -   pred: 1
08/14/2023 20:53:31 - DEBUG - __main__ -   label: 1
08/14/2023 20:53:31 - DEBUG - __main__ -   pred: 2
08/14/2023 20:53:31 - DEBUG - __main__ -   label: 2
08/14/2023 20:53:31 - DEBUG - __main__ -   pred: 2
08/14/2023 20:53:31 - DEBUG - __main__ -   label: 1
08/14/2023 20:53:31 - DEBUG - __main__ -   pred: 2
08/14/2023 20:53:31 - DEBUG - __main__ -   label: 1
08/14/2023 20:53:31 - DEBUG - __main__ -   pred: 2
08/14/2023 20:53:31 - DEBUG - __main__ -   label: 2
08/14/2023 20:53:31 - DEBUG - __main__ -   pred: 2
08/14/2023 20:53:31 - DEBUG - __main__ -   label: 1
08/14/2023 20:53:31 - DEBUG - __main__ -   pred: 1
08/14/2023 20:53:31 - DEBUG - __main__ -   label: 2
08/14/2023 20:53:31 - DEBUG - __main__ -   pred: 1
08/14/2023 20:53:31 - DEBUG - __main__ -   label: 2
08/14/2023 20:53:31 - DEBUG - __main__ -   pred: 1
08/14/2023 20:53:31 - DEBUG - __main__ -   label: 2
08/14/2023 20:53:31 - DEBUG - __main__ -   pred: 2
08/14/2023 20:53:31 - DEBUG - __main__ -   label: 2
08/14/2023 20:53:31 - DEBUG - __main__ -   pred: 2
08/14/2023 20:53:31 - DEBUG - __main__ -   label: 2
08/14/2023 20:53:31 - DEBUG - __main__ -   pred: 2
08/14/2023 20:53:31 - DEBUG - __main__ -   label: 5
08/14/2023 20:53:31 - DEBUG - __main__ -   pred: 4
08/14/2023 20:53:31 - DEBUG - __main__ -   label: 4
08/14/2023 20:53:31 - DEBUG - __main__ -   pred: 4
08/14/2023 20:53:31 - DEBUG - __main__ -   label: 4
08/14/2023 20:53:31 - DEBUG - __main__ -   pred: 3
08/14/2023 20:53:31 - DEBUG - __main__ -   label: 4
08/14/2023 20:53:31 - DEBUG - __main__ -   pred: 4
08/14/2023 20:53:31 - DEBUG - __main__ -   label: 3
08/14/2023 20:53:31 - DEBUG - __main__ -   pred: 4
08/14/2023 20:53:31 - DEBUG - __main__ -   label: 2
08/14/2023 20:53:31 - DEBUG - __main__ -   pred: 1
08/14/2023 20:53:31 - DEBUG - __main__ -   label: 2
08/14/2023 20:53:31 - DEBUG - __main__ -   pred: 2
08/14/2023 20:53:31 - DEBUG - __main__ -   label: 1
08/14/2023 20:53:31 - DEBUG - __main__ -   pred: 2
08/14/2023 20:53:31 - DEBUG - __main__ -   label: 4
08/14/2023 20:53:31 - DEBUG - __main__ -   pred: 3
08/14/2023 20:53:31 - DEBUG - __main__ -   label: 5
08/14/2023 20:53:31 - DEBUG - __main__ -   pred: 4
08/14/2023 20:53:31 - DEBUG - __main__ -   label: 4
08/14/2023 20:53:31 - DEBUG - __main__ -   pred: 4
08/14/2023 20:53:31 - DEBUG - __main__ -   label: 2
08/14/2023 20:53:31 - DEBUG - __main__ -   pred: 2
08/14/2023 20:53:31 - DEBUG - __main__ -   label: 2
08/14/2023 20:53:31 - DEBUG - __main__ -   pred: 2
08/14/2023 20:53:31 - DEBUG - __main__ -   label: 2
08/14/2023 20:53:31 - DEBUG - __main__ -   pred: 1
08/14/2023 20:53:31 - DEBUG - __main__ -   label: 2
08/14/2023 20:53:31 - DEBUG - __main__ -   pred: 1
08/14/2023 20:53:31 - DEBUG - __main__ -   label: 2
08/14/2023 20:53:31 - DEBUG - __main__ -   pred: 2
08/14/2023 20:53:31 - DEBUG - __main__ -   label: 1
08/14/2023 20:53:31 - DEBUG - __main__ -   pred: 1
08/14/2023 20:53:31 - DEBUG - __main__ -   label: 1
08/14/2023 20:53:31 - DEBUG - __main__ -   pred: 1
08/14/2023 20:53:31 - DEBUG - __main__ -   label: 2
08/14/2023 20:53:31 - DEBUG - __main__ -   pred: 1
08/14/2023 20:53:31 - DEBUG - __main__ -   label: 1
08/14/2023 20:53:31 - DEBUG - __main__ -   pred: 1
08/14/2023 20:53:31 - DEBUG - __main__ -   label: 3
08/14/2023 20:53:31 - DEBUG - __main__ -   pred: 3
08/14/2023 20:53:31 - DEBUG - __main__ -   label: 3
08/14/2023 20:53:31 - DEBUG - __main__ -   pred: 4
08/14/2023 20:53:31 - DEBUG - __main__ -   label: 2
08/14/2023 20:53:31 - DEBUG - __main__ -   pred: 3
08/14/2023 20:53:31 - DEBUG - __main__ -   label: 2
08/14/2023 20:53:31 - DEBUG - __main__ -   pred: 1
08/14/2023 20:53:31 - DEBUG - __main__ -   label: 3
08/14/2023 20:53:31 - DEBUG - __main__ -   pred: 3
08/14/2023 20:53:31 - DEBUG - __main__ -   label: 3
08/14/2023 20:53:31 - DEBUG - __main__ -   pred: 3
08/14/2023 20:53:31 - DEBUG - __main__ -   label: 5
08/14/2023 20:53:31 - DEBUG - __main__ -   pred: 4
08/14/2023 20:53:31 - DEBUG - __main__ -   label: 4
08/14/2023 20:53:31 - DEBUG - __main__ -   pred: 4
08/14/2023 20:53:31 - DEBUG - __main__ -   label: 5
08/14/2023 20:53:31 - DEBUG - __main__ -   pred: 5
08/14/2023 20:53:31 - DEBUG - __main__ -   label: 3
08/14/2023 20:53:31 - DEBUG - __main__ -   pred: 3
08/14/2023 20:53:31 - DEBUG - __main__ -   label: 5
08/14/2023 20:53:31 - DEBUG - __main__ -   pred: 5
08/14/2023 20:53:31 - DEBUG - __main__ -   label: 3
08/14/2023 20:53:31 - DEBUG - __main__ -   pred: 4
08/14/2023 20:53:31 - DEBUG - __main__ -   label: 4
08/14/2023 20:53:31 - DEBUG - __main__ -   pred: 5
08/14/2023 20:53:31 - DEBUG - __main__ -   label: 1
08/14/2023 20:53:31 - DEBUG - __main__ -   pred: 1
08/14/2023 20:53:31 - DEBUG - __main__ -   label: 3
08/14/2023 20:53:31 - DEBUG - __main__ -   pred: 3
08/14/2023 20:53:31 - DEBUG - __main__ -   label: 2
08/14/2023 20:53:31 - DEBUG - __main__ -   pred: 1
08/14/2023 20:53:31 - DEBUG - __main__ -   label: 1
08/14/2023 20:53:31 - DEBUG - __main__ -   pred: 1
08/14/2023 20:53:31 - DEBUG - __main__ -   label: 1
08/14/2023 20:53:31 - DEBUG - __main__ -   pred: 1
08/14/2023 20:53:31 - DEBUG - __main__ -   label: 1
08/14/2023 20:53:31 - DEBUG - __main__ -   pred: 1
08/14/2023 20:53:31 - DEBUG - __main__ -   label: 2
08/14/2023 20:53:31 - DEBUG - __main__ -   pred: 1
08/14/2023 20:53:31 - DEBUG - __main__ -   label: 1
08/14/2023 20:53:31 - DEBUG - __main__ -   pred: 1
08/14/2023 20:53:31 - DEBUG - __main__ -   label: 2
08/14/2023 20:53:31 - DEBUG - __main__ -   pred: 1
08/14/2023 20:53:31 - DEBUG - __main__ -   label: 2
08/14/2023 20:53:31 - DEBUG - __main__ -   pred: 2
08/14/2023 20:53:31 - DEBUG - __main__ -   label: 2
08/14/2023 20:53:31 - DEBUG - __main__ -   pred: 1
08/14/2023 20:53:31 - DEBUG - __main__ -   label: 3
08/14/2023 20:53:31 - DEBUG - __main__ -   pred: 1
08/14/2023 20:53:31 - DEBUG - __main__ -   label: 3
08/14/2023 20:53:31 - DEBUG - __main__ -   pred: 1
08/14/2023 20:53:31 - DEBUG - __main__ -   label: 2
08/14/2023 20:53:31 - DEBUG - __main__ -   pred: 1
08/14/2023 20:53:31 - DEBUG - __main__ -   label: 1
08/14/2023 20:53:31 - DEBUG - __main__ -   pred: 1
08/14/2023 20:53:31 - DEBUG - __main__ -   label: 1
08/14/2023 20:53:31 - DEBUG - __main__ -   pred: 1
08/14/2023 20:53:31 - DEBUG - __main__ -   label: 2
08/14/2023 20:53:31 - DEBUG - __main__ -   pred: 1
08/14/2023 20:53:31 - DEBUG - __main__ -   label: 2
08/14/2023 20:53:31 - DEBUG - __main__ -   pred: 2
08/14/2023 20:53:31 - DEBUG - __main__ -   label: 2
08/14/2023 20:53:31 - DEBUG - __main__ -   pred: 2
08/14/2023 20:53:31 - DEBUG - __main__ -   label: 3
08/14/2023 20:53:31 - DEBUG - __main__ -   pred: 2
08/14/2023 20:53:31 - DEBUG - __main__ -   label: 3
08/14/2023 20:53:31 - DEBUG - __main__ -   pred: 2
08/14/2023 20:53:31 - DEBUG - __main__ -   label: 1
08/14/2023 20:53:31 - DEBUG - __main__ -   pred: 2
08/14/2023 20:53:31 - DEBUG - __main__ -   label: 2
08/14/2023 20:53:31 - DEBUG - __main__ -   pred: 2
08/14/2023 20:53:31 - DEBUG - __main__ -   label: 2
08/14/2023 20:53:31 - DEBUG - __main__ -   pred: 2
08/14/2023 20:53:31 - DEBUG - __main__ -   label: 3
08/14/2023 20:53:31 - DEBUG - __main__ -   pred: 2
08/14/2023 20:53:31 - DEBUG - __main__ -   label: 5
08/14/2023 20:53:31 - DEBUG - __main__ -   pred: 4
08/14/2023 20:53:31 - DEBUG - __main__ -   label: 3
08/14/2023 20:53:31 - DEBUG - __main__ -   pred: 3
08/14/2023 20:53:31 - DEBUG - __main__ -   label: 4
08/14/2023 20:53:31 - DEBUG - __main__ -   pred: 4
08/14/2023 20:53:31 - DEBUG - __main__ -   label: 5
08/14/2023 20:53:31 - DEBUG - __main__ -   pred: 5
08/14/2023 20:53:31 - DEBUG - __main__ -   label: 5
08/14/2023 20:53:31 - DEBUG - __main__ -   pred: 4
08/14/2023 20:53:31 - DEBUG - __main__ -   label: 5
08/14/2023 20:53:31 - DEBUG - __main__ -   pred: 3
08/14/2023 20:53:31 - DEBUG - __main__ -   label: 5
08/14/2023 20:53:31 - DEBUG - __main__ -   pred: 5
08/14/2023 20:53:31 - DEBUG - __main__ -   label: 5
08/14/2023 20:53:31 - DEBUG - __main__ -   pred: 5
08/14/2023 20:53:31 - DEBUG - __main__ -   label: 6
08/14/2023 20:53:31 - DEBUG - __main__ -   pred: 5
08/14/2023 20:53:31 - DEBUG - __main__ -   label: 6
08/14/2023 20:53:31 - DEBUG - __main__ -   pred: 4
08/14/2023 20:53:31 - DEBUG - __main__ -   label: 6
08/14/2023 20:53:31 - DEBUG - __main__ -   pred: 5
08/14/2023 20:53:31 - DEBUG - __main__ -   label: 4
08/14/2023 20:53:31 - DEBUG - __main__ -   pred: 4
08/14/2023 20:53:31 - DEBUG - __main__ -   label: 2
08/14/2023 20:53:31 - DEBUG - __main__ -   pred: 1
08/14/2023 20:53:31 - DEBUG - __main__ -   label: 3
08/14/2023 20:53:31 - DEBUG - __main__ -   pred: 1
08/14/2023 20:53:31 - DEBUG - __main__ -   label: 3
08/14/2023 20:53:31 - DEBUG - __main__ -   pred: 3
08/14/2023 20:53:31 - DEBUG - __main__ -   label: 2
08/14/2023 20:53:31 - DEBUG - __main__ -   pred: 2
08/14/2023 20:53:31 - DEBUG - __main__ -   label: 2
08/14/2023 20:53:31 - DEBUG - __main__ -   pred: 1
08/14/2023 20:53:31 - DEBUG - __main__ -   label: 1
08/14/2023 20:53:31 - DEBUG - __main__ -   pred: 1
08/14/2023 20:53:31 - DEBUG - __main__ -   label: 3
08/14/2023 20:53:31 - DEBUG - __main__ -   pred: 2
08/14/2023 20:53:31 - DEBUG - __main__ -   label: 5
08/14/2023 20:53:31 - DEBUG - __main__ -   pred: 5
08/14/2023 20:53:31 - DEBUG - __main__ -   label: 3
08/14/2023 20:53:31 - DEBUG - __main__ -   pred: 3
08/14/2023 20:53:31 - DEBUG - __main__ -   label: 1
08/14/2023 20:53:31 - DEBUG - __main__ -   pred: 1
08/14/2023 20:53:31 - DEBUG - __main__ -   label: 3
08/14/2023 20:53:31 - DEBUG - __main__ -   pred: 4
08/14/2023 20:53:31 - DEBUG - __main__ -   label: 5
08/14/2023 20:53:31 - DEBUG - __main__ -   pred: 5
08/14/2023 20:53:31 - DEBUG - __main__ -   label: 3
08/14/2023 20:53:31 - DEBUG - __main__ -   pred: 3
08/14/2023 20:53:31 - DEBUG - __main__ -   label: 4
08/14/2023 20:53:31 - DEBUG - __main__ -   pred: 5
08/14/2023 20:53:31 - DEBUG - __main__ -   label: 3
08/14/2023 20:53:31 - DEBUG - __main__ -   pred: 3
08/14/2023 20:53:31 - DEBUG - __main__ -   label: 4
08/14/2023 20:53:31 - DEBUG - __main__ -   pred: 5
08/14/2023 20:53:31 - DEBUG - __main__ -   label: 2
08/14/2023 20:53:31 - DEBUG - __main__ -   pred: 2
08/14/2023 20:53:31 - DEBUG - __main__ -   label: 1
08/14/2023 20:53:31 - DEBUG - __main__ -   pred: 2
08/14/2023 20:53:31 - DEBUG - __main__ -   label: 1
08/14/2023 20:53:31 - DEBUG - __main__ -   pred: 2
08/14/2023 20:53:31 - DEBUG - __main__ -   label: 1
08/14/2023 20:53:31 - DEBUG - __main__ -   pred: 2
08/14/2023 20:53:31 - DEBUG - __main__ -   label: 1
08/14/2023 20:53:31 - DEBUG - __main__ -   pred: 3
08/14/2023 20:53:31 - DEBUG - __main__ -   label: 2
08/14/2023 20:53:31 - DEBUG - __main__ -   pred: 1
08/14/2023 20:53:31 - DEBUG - __main__ -   label: 2
08/14/2023 20:53:31 - DEBUG - __main__ -   pred: 2
08/14/2023 20:53:31 - DEBUG - __main__ -   label: 1
08/14/2023 20:53:31 - DEBUG - __main__ -   pred: 2
08/14/2023 20:53:31 - DEBUG - __main__ -   label: 1
08/14/2023 20:53:31 - DEBUG - __main__ -   pred: 1
08/14/2023 20:53:31 - DEBUG - __main__ -   label: 1
08/14/2023 20:53:31 - DEBUG - __main__ -   pred: 1
08/14/2023 20:53:31 - DEBUG - __main__ -   label: 1
08/14/2023 20:53:31 - DEBUG - __main__ -   pred: 1
08/14/2023 20:53:31 - DEBUG - __main__ -   label: 1
08/14/2023 20:53:31 - DEBUG - __main__ -   pred: 1
08/14/2023 20:53:31 - DEBUG - __main__ -   label: 2
08/14/2023 20:53:31 - DEBUG - __main__ -   pred: 1
08/14/2023 20:53:31 - DEBUG - __main__ -   label: 1
08/14/2023 20:53:31 - DEBUG - __main__ -   pred: 1
08/14/2023 20:53:31 - DEBUG - __main__ -   label: 1
08/14/2023 20:53:31 - DEBUG - __main__ -   pred: 2
08/14/2023 20:53:31 - DEBUG - __main__ -   label: 1
08/14/2023 20:53:31 - DEBUG - __main__ -   pred: 1
08/14/2023 20:53:31 - DEBUG - __main__ -   label: 1
08/14/2023 20:53:31 - DEBUG - __main__ -   pred: 1
08/14/2023 20:53:31 - DEBUG - __main__ -   label: 1
08/14/2023 20:53:31 - DEBUG - __main__ -   pred: 1
08/14/2023 20:53:31 - DEBUG - __main__ -   label: 1
08/14/2023 20:53:31 - DEBUG - __main__ -   pred: 2
08/14/2023 20:53:31 - DEBUG - __main__ -   label: 1
08/14/2023 20:53:31 - DEBUG - __main__ -   pred: 2
08/14/2023 20:53:31 - DEBUG - __main__ -   label: 1
08/14/2023 20:53:31 - DEBUG - __main__ -   pred: 2
08/14/2023 20:53:31 - DEBUG - __main__ -   label: 1
08/14/2023 20:53:31 - DEBUG - __main__ -   pred: 2
08/14/2023 20:53:31 - DEBUG - __main__ -   label: 1
08/14/2023 20:53:31 - DEBUG - __main__ -   pred: 1
08/14/2023 20:53:31 - DEBUG - __main__ -   label: 1
08/14/2023 20:53:31 - DEBUG - __main__ -   pred: 1
08/14/2023 20:53:31 - DEBUG - __main__ -   label: 1
08/14/2023 20:53:31 - DEBUG - __main__ -   pred: 2
08/14/2023 20:53:31 - DEBUG - __main__ -   label: 2
08/14/2023 20:53:31 - DEBUG - __main__ -   pred: 2
08/14/2023 20:53:31 - DEBUG - __main__ -   label: 1
08/14/2023 20:53:31 - DEBUG - __main__ -   pred: 2
08/14/2023 20:53:31 - DEBUG - __main__ -   label: 4
08/14/2023 20:53:31 - DEBUG - __main__ -   pred: 4
08/14/2023 20:53:31 - DEBUG - __main__ -   label: 3
08/14/2023 20:53:31 - DEBUG - __main__ -   pred: 3
08/14/2023 20:53:31 - DEBUG - __main__ -   label: 2
08/14/2023 20:53:31 - DEBUG - __main__ -   pred: 2
08/14/2023 20:53:31 - DEBUG - __main__ -   label: 2
08/14/2023 20:53:31 - DEBUG - __main__ -   pred: 2
08/14/2023 20:53:31 - DEBUG - __main__ -   label: 3
08/14/2023 20:53:31 - DEBUG - __main__ -   pred: 4
08/14/2023 20:53:31 - DEBUG - __main__ -   label: 2
08/14/2023 20:53:31 - DEBUG - __main__ -   pred: 2
08/14/2023 20:53:31 - DEBUG - __main__ -   label: 3
08/14/2023 20:53:31 - DEBUG - __main__ -   pred: 3
08/14/2023 20:53:31 - DEBUG - __main__ -   label: 3
08/14/2023 20:53:31 - DEBUG - __main__ -   pred: 2
08/14/2023 20:53:31 - DEBUG - __main__ -   label: 1
08/14/2023 20:53:31 - DEBUG - __main__ -   pred: 1
08/14/2023 20:53:31 - DEBUG - __main__ -   label: 3
08/14/2023 20:53:31 - DEBUG - __main__ -   pred: 4
08/14/2023 20:53:31 - DEBUG - __main__ -   label: 4
08/14/2023 20:53:31 - DEBUG - __main__ -   pred: 4
08/14/2023 20:53:31 - DEBUG - __main__ -   label: 4
08/14/2023 20:53:31 - DEBUG - __main__ -   pred: 4
08/14/2023 20:53:31 - DEBUG - __main__ -   label: 3
08/14/2023 20:53:31 - DEBUG - __main__ -   pred: 5
08/14/2023 20:53:31 - DEBUG - __main__ -   label: 4
08/14/2023 20:53:31 - DEBUG - __main__ -   pred: 5
08/14/2023 20:53:31 - DEBUG - __main__ -   label: 3
08/14/2023 20:53:31 - DEBUG - __main__ -   pred: 3
08/14/2023 20:53:31 - DEBUG - __main__ -   label: 4
08/14/2023 20:53:31 - DEBUG - __main__ -   pred: 4
08/14/2023 20:53:31 - DEBUG - __main__ -   label: 5
08/14/2023 20:53:31 - DEBUG - __main__ -   pred: 4
08/14/2023 20:53:31 - DEBUG - __main__ -   label: 4
08/14/2023 20:53:31 - DEBUG - __main__ -   pred: 4
08/14/2023 20:53:31 - DEBUG - __main__ -   label: 4
08/14/2023 20:53:31 - DEBUG - __main__ -   pred: 4
08/14/2023 20:53:31 - DEBUG - __main__ -   label: 4
08/14/2023 20:53:31 - DEBUG - __main__ -   pred: 4
08/14/2023 20:53:31 - DEBUG - __main__ -   label: 4
08/14/2023 20:53:31 - DEBUG - __main__ -   pred: 3
08/14/2023 20:53:31 - DEBUG - __main__ -   label: 5
08/14/2023 20:53:31 - DEBUG - __main__ -   pred: 5
08/14/2023 20:53:31 - DEBUG - __main__ -   label: 4
08/14/2023 20:53:31 - DEBUG - __main__ -   pred: 5
08/14/2023 20:53:31 - DEBUG - __main__ -   label: 3
08/14/2023 20:53:31 - DEBUG - __main__ -   pred: 5
08/14/2023 20:53:31 - DEBUG - __main__ -   label: 4
08/14/2023 20:53:31 - DEBUG - __main__ -   pred: 4
08/14/2023 20:53:31 - DEBUG - __main__ -   label: 3
08/14/2023 20:53:31 - DEBUG - __main__ -   pred: 4
