******** Training fold 2 ********
08/14/2023 17:20:55 - DEBUG - __main__ -   Processor loaded. CPU mem usage: 0.38G.  Cuda 0: memory acclocated: 0 G.
08/14/2023 17:21:04 - DEBUG - __main__ -   Model loaded. CPU mem usage: 1.99G.  Cuda 0: memory acclocated: 0 G.
Wav2Vec2ForSequenceClassification(
  (wav2vec2): Wav2Vec2Model(
    (feature_extractor): Wav2Vec2FeatureEncoder(
      (conv_layers): ModuleList(
        (0): Wav2Vec2LayerNormConvLayer(
          (conv): Conv1d(1, 512, kernel_size=(10,), stride=(5,))
          (layer_norm): LayerNorm((512,), eps=1e-05, elementwise_affine=True)
          (activation): GELUActivation()
        )
        (1-4): 4 x Wav2Vec2LayerNormConvLayer(
          (conv): Conv1d(512, 512, kernel_size=(3,), stride=(2,))
          (layer_norm): LayerNorm((512,), eps=1e-05, elementwise_affine=True)
          (activation): GELUActivation()
        )
        (5-6): 2 x Wav2Vec2LayerNormConvLayer(
          (conv): Conv1d(512, 512, kernel_size=(2,), stride=(2,))
          (layer_norm): LayerNorm((512,), eps=1e-05, elementwise_affine=True)
          (activation): GELUActivation()
        )
      )
    )
    (feature_projection): Wav2Vec2FeatureProjection(
      (layer_norm): LayerNorm((512,), eps=1e-05, elementwise_affine=True)
      (projection): Linear(in_features=512, out_features=1024, bias=True)
      (dropout): Dropout(p=0.1, inplace=False)
    )
    (encoder): Wav2Vec2EncoderStableLayerNorm(
      (pos_conv_embed): Wav2Vec2PositionalConvEmbedding(
        (conv): Conv1d(1024, 1024, kernel_size=(128,), stride=(1,), padding=(64,), groups=16)
        (padding): Wav2Vec2SamePadLayer()
        (activation): GELUActivation()
      )
      (layer_norm): LayerNorm((1024,), eps=1e-05, elementwise_affine=True)
      (dropout): Dropout(p=0.1, inplace=False)
      (layers): ModuleList(
        (0-23): 24 x Wav2Vec2EncoderLayerStableLayerNorm(
          (attention): Wav2Vec2Attention(
            (k_proj): Linear(in_features=1024, out_features=1024, bias=True)
            (v_proj): Linear(in_features=1024, out_features=1024, bias=True)
            (q_proj): Linear(in_features=1024, out_features=1024, bias=True)
            (out_proj): Linear(in_features=1024, out_features=1024, bias=True)
          )
          (dropout): Dropout(p=0.1, inplace=False)
          (layer_norm): LayerNorm((1024,), eps=1e-05, elementwise_affine=True)
          (feed_forward): Wav2Vec2FeedForward(
            (intermediate_dropout): Dropout(p=0.0, inplace=False)
            (intermediate_dense): Linear(in_features=1024, out_features=4096, bias=True)
            (intermediate_act_fn): GELUActivation()
            (output_dense): Linear(in_features=4096, out_features=1024, bias=True)
            (output_dropout): Dropout(p=0.1, inplace=False)
          )
          (final_layer_norm): LayerNorm((1024,), eps=1e-05, elementwise_affine=True)
        )
      )
    )
  )
  (projector): Linear(in_features=1024, out_features=256, bias=True)
  (classifier): Linear(in_features=256, out_features=7, bias=True)
)
08/14/2023 17:21:53 - DEBUG - __main__ -   Speech loaded. N_train=1568, N_eval=544. CPU mem usage: 5.85G.  Cuda 0: memory acclocated: 0 G.
08/14/2023 17:22:26 - DEBUG - __main__ -   Feature extracted. Duration: 0:00:33 CPU mem usage: 8.88G.  Cuda 0: memory acclocated: 0 G.
08/14/2023 17:22:26 - DEBUG - urllib3.connectionpool -   Starting new HTTPS connection (1): s3.amazonaws.com:443
08/14/2023 17:22:27 - DEBUG - urllib3.connectionpool -   https://s3.amazonaws.com:443 "HEAD /datasets.huggingface.co/datasets/metrics/evaluate-metric/precision/evaluate-metric/precision.py HTTP/1.1" 404 0
08/14/2023 17:22:27 - DEBUG - urllib3.connectionpool -   Starting new HTTPS connection (1): huggingface.co:443
08/14/2023 17:22:27 - DEBUG - urllib3.connectionpool -   https://huggingface.co:443 "HEAD /spaces/evaluate-metric/precision/resolve/v0.4.0/precision.py HTTP/1.1" 200 0
08/14/2023 17:22:27 - DEBUG - urllib3.connectionpool -   Starting new HTTPS connection (1): s3.amazonaws.com:443
08/14/2023 17:22:27 - DEBUG - urllib3.connectionpool -   https://s3.amazonaws.com:443 "HEAD /datasets.huggingface.co/datasets/metrics/evaluate-metric/recall/evaluate-metric/recall.py HTTP/1.1" 404 0
08/14/2023 17:22:27 - DEBUG - urllib3.connectionpool -   Starting new HTTPS connection (1): huggingface.co:443
08/14/2023 17:22:28 - DEBUG - urllib3.connectionpool -   https://huggingface.co:443 "HEAD /spaces/evaluate-metric/recall/resolve/v0.4.0/recall.py HTTP/1.1" 200 0
08/14/2023 17:22:28 - DEBUG - urllib3.connectionpool -   Starting new HTTPS connection (1): s3.amazonaws.com:443
08/14/2023 17:22:28 - DEBUG - urllib3.connectionpool -   https://s3.amazonaws.com:443 "HEAD /datasets.huggingface.co/datasets/metrics/evaluate-metric/f1/evaluate-metric/f1.py HTTP/1.1" 404 0
08/14/2023 17:22:28 - DEBUG - urllib3.connectionpool -   Starting new HTTPS connection (1): huggingface.co:443
08/14/2023 17:22:28 - DEBUG - urllib3.connectionpool -   https://huggingface.co:443 "HEAD /spaces/evaluate-metric/f1/resolve/v0.4.0/f1.py HTTP/1.1" 200 0
08/14/2023 17:22:28 - DEBUG - urllib3.connectionpool -   Starting new HTTPS connection (1): s3.amazonaws.com:443
08/14/2023 17:22:29 - DEBUG - urllib3.connectionpool -   https://s3.amazonaws.com:443 "HEAD /datasets.huggingface.co/datasets/metrics/evaluate-metric/spearmanr/evaluate-metric/spearmanr.py HTTP/1.1" 404 0
08/14/2023 17:22:29 - DEBUG - urllib3.connectionpool -   Starting new HTTPS connection (1): huggingface.co:443
08/14/2023 17:22:29 - DEBUG - urllib3.connectionpool -   https://huggingface.co:443 "HEAD /spaces/evaluate-metric/spearmanr/resolve/v0.4.0/spearmanr.py HTTP/1.1" 200 0
08/14/2023 17:22:33 - DEBUG - __main__ -   Training starts now. CPU mem usage: 8.30G.  Cuda 0: memory acclocated: 2 G.
08/14/2023 17:22:33 - DEBUG - helper.classes -   ----------- Starting epoch 1 -----------
{'loss': 1.7753, 'learning_rate': 1.913265306122449e-05, 'epoch': 0.64}
08/14/2023 17:42:46 - DEBUG - helper.classes -   Epoch 1.0 completed, Duration: 0:20:13 Mem usage: CPU mem usage: 9.35G.  Cuda 0: memory acclocated: 27 G.
08/14/2023 17:44:53 - DEBUG - fsspec.local -   open file: /home/lunt1/.cache/huggingface/metrics/precision/default/default_experiment-1-0.arrow
08/14/2023 17:44:55 - DEBUG - fsspec.local -   open file: /home/lunt1/.cache/huggingface/metrics/recall/default/default_experiment-1-0.arrow
08/14/2023 17:44:55 - DEBUG - fsspec.local -   open file: /home/lunt1/.cache/huggingface/metrics/f1/default/default_experiment-1-0.arrow
08/14/2023 17:44:55 - DEBUG - fsspec.local -   open file: /home/lunt1/.cache/huggingface/metrics/spearmanr/default/default_experiment-1-0.arrow
08/14/2023 17:44:56 - DEBUG - fsspec.local -   open file: /home/lunt1/.cache/huggingface/metrics/precision/default/default_experiment-1-0.arrow
08/14/2023 17:44:56 - DEBUG - fsspec.local -   open file: /home/lunt1/.cache/huggingface/metrics/recall/default/default_experiment-1-0.arrow
08/14/2023 17:44:56 - DEBUG - fsspec.local -   open file: /home/lunt1/.cache/huggingface/metrics/f1/default/default_experiment-1-0.arrow
{'eval_loss': 1.3765789270401, 'eval_precision': 0.18839162703547746, 'eval_recall': 0.2772056377219248, 'eval_f1': 0.19350469876673768, 'eval_spearmanr': 0.7855603903515241, 'eval_precision_weighted': 0.2759096907796737, 'eval_recall_weighted': 0.4227941176470588, 'eval_f1_weighted': 0.2920564532480174, 'eval_runtime': 129.1488, 'eval_samples_per_second': 4.212, 'eval_steps_per_second': 2.106, 'epoch': 1.0}
08/14/2023 17:45:03 - DEBUG - helper.classes -   ----------- Starting epoch 2.0 -----------
{'loss': 1.3791, 'learning_rate': 2.9081632653061224e-05, 'epoch': 1.28}
{'loss': 1.2846, 'learning_rate': 2.695578231292517e-05, 'epoch': 1.91}
08/14/2023 18:05:18 - DEBUG - helper.classes -   Epoch 2.0 completed, Duration: 0:20:14 Mem usage: CPU mem usage: 9.67G.  Cuda 0: memory acclocated: 27 G.
08/14/2023 18:07:25 - DEBUG - fsspec.local -   open file: /home/lunt1/.cache/huggingface/metrics/precision/default/default_experiment-1-0.arrow
08/14/2023 18:07:26 - DEBUG - fsspec.local -   open file: /home/lunt1/.cache/huggingface/metrics/recall/default/default_experiment-1-0.arrow
08/14/2023 18:07:26 - DEBUG - fsspec.local -   open file: /home/lunt1/.cache/huggingface/metrics/f1/default/default_experiment-1-0.arrow
08/14/2023 18:07:26 - DEBUG - fsspec.local -   open file: /home/lunt1/.cache/huggingface/metrics/spearmanr/default/default_experiment-1-0.arrow
08/14/2023 18:07:27 - DEBUG - fsspec.local -   open file: /home/lunt1/.cache/huggingface/metrics/precision/default/default_experiment-1-0.arrow
08/14/2023 18:07:27 - DEBUG - fsspec.local -   open file: /home/lunt1/.cache/huggingface/metrics/recall/default/default_experiment-1-0.arrow
08/14/2023 18:07:27 - DEBUG - fsspec.local -   open file: /home/lunt1/.cache/huggingface/metrics/f1/default/default_experiment-1-0.arrow
{'eval_loss': 1.3094329833984375, 'eval_precision': 0.2657408145396002, 'eval_recall': 0.34174643370723584, 'eval_f1': 0.28871376994296777, 'eval_spearmanr': 0.8260144731728278, 'eval_precision_weighted': 0.3621014871494594, 'eval_recall_weighted': 0.46139705882352944, 'eval_f1_weighted': 0.3919825834913154, 'eval_runtime': 128.5177, 'eval_samples_per_second': 4.233, 'eval_steps_per_second': 2.116, 'epoch': 2.0}
08/14/2023 18:07:34 - DEBUG - helper.classes -   ----------- Starting epoch 3.0 -----------
{'loss': 1.2411, 'learning_rate': 2.4829931972789116e-05, 'epoch': 2.55}
08/14/2023 18:27:31 - DEBUG - helper.classes -   Epoch 3.0 completed, Duration: 0:19:56 Mem usage: CPU mem usage: 9.72G.  Cuda 0: memory acclocated: 27 G.
08/14/2023 18:29:38 - DEBUG - fsspec.local -   open file: /home/lunt1/.cache/huggingface/metrics/precision/default/default_experiment-1-0.arrow
08/14/2023 18:29:39 - DEBUG - fsspec.local -   open file: /home/lunt1/.cache/huggingface/metrics/recall/default/default_experiment-1-0.arrow
08/14/2023 18:29:40 - DEBUG - fsspec.local -   open file: /home/lunt1/.cache/huggingface/metrics/f1/default/default_experiment-1-0.arrow
08/14/2023 18:29:40 - DEBUG - fsspec.local -   open file: /home/lunt1/.cache/huggingface/metrics/spearmanr/default/default_experiment-1-0.arrow
08/14/2023 18:29:40 - DEBUG - fsspec.local -   open file: /home/lunt1/.cache/huggingface/metrics/precision/default/default_experiment-1-0.arrow
08/14/2023 18:29:40 - DEBUG - fsspec.local -   open file: /home/lunt1/.cache/huggingface/metrics/recall/default/default_experiment-1-0.arrow
08/14/2023 18:29:40 - DEBUG - fsspec.local -   open file: /home/lunt1/.cache/huggingface/metrics/f1/default/default_experiment-1-0.arrow
{'eval_loss': 1.3123189210891724, 'eval_precision': 0.3337548570028354, 'eval_recall': 0.37113619736317865, 'eval_f1': 0.325572852719967, 'eval_spearmanr': 0.8267510947330959, 'eval_precision_weighted': 0.44341480696052005, 'eval_recall_weighted': 0.4485294117647059, 'eval_f1_weighted': 0.4147951079769503, 'eval_runtime': 128.5117, 'eval_samples_per_second': 4.233, 'eval_steps_per_second': 2.117, 'epoch': 3.0}
08/14/2023 18:29:47 - DEBUG - helper.classes -   ----------- Starting epoch 4.0 -----------
{'loss': 1.1807, 'learning_rate': 2.2704081632653062e-05, 'epoch': 3.19}
{'loss': 1.1113, 'learning_rate': 2.0578231292517008e-05, 'epoch': 3.83}
08/14/2023 18:49:48 - DEBUG - helper.classes -   Epoch 4.0 completed, Duration: 0:20:00 Mem usage: CPU mem usage: 9.72G.  Cuda 0: memory acclocated: 27 G.
08/14/2023 18:51:54 - DEBUG - fsspec.local -   open file: /home/lunt1/.cache/huggingface/metrics/precision/default/default_experiment-1-0.arrow
08/14/2023 18:51:55 - DEBUG - fsspec.local -   open file: /home/lunt1/.cache/huggingface/metrics/recall/default/default_experiment-1-0.arrow
08/14/2023 18:51:55 - DEBUG - fsspec.local -   open file: /home/lunt1/.cache/huggingface/metrics/f1/default/default_experiment-1-0.arrow
08/14/2023 18:51:55 - DEBUG - fsspec.local -   open file: /home/lunt1/.cache/huggingface/metrics/spearmanr/default/default_experiment-1-0.arrow
08/14/2023 18:51:56 - DEBUG - fsspec.local -   open file: /home/lunt1/.cache/huggingface/metrics/precision/default/default_experiment-1-0.arrow
08/14/2023 18:51:56 - DEBUG - fsspec.local -   open file: /home/lunt1/.cache/huggingface/metrics/recall/default/default_experiment-1-0.arrow
08/14/2023 18:51:56 - DEBUG - fsspec.local -   open file: /home/lunt1/.cache/huggingface/metrics/f1/default/default_experiment-1-0.arrow
{'eval_loss': 1.3777306079864502, 'eval_precision': 0.330658277324944, 'eval_recall': 0.3642554399236211, 'eval_f1': 0.32367077757425633, 'eval_spearmanr': 0.825663961932488, 'eval_precision_weighted': 0.4379907849025496, 'eval_recall_weighted': 0.4430147058823529, 'eval_f1_weighted': 0.4133909396640436, 'eval_runtime': 127.8156, 'eval_samples_per_second': 4.256, 'eval_steps_per_second': 2.128, 'epoch': 4.0}
08/14/2023 18:52:03 - DEBUG - helper.classes -   ----------- Starting epoch 5.0 -----------
{'loss': 1.0888, 'learning_rate': 1.8452380952380954e-05, 'epoch': 4.46}
08/14/2023 19:12:18 - DEBUG - helper.classes -   Epoch 5.0 completed, Duration: 0:20:15 Mem usage: CPU mem usage: 9.75G.  Cuda 0: memory acclocated: 27 G.
08/14/2023 19:14:26 - DEBUG - fsspec.local -   open file: /home/lunt1/.cache/huggingface/metrics/precision/default/default_experiment-1-0.arrow
08/14/2023 19:14:27 - DEBUG - fsspec.local -   open file: /home/lunt1/.cache/huggingface/metrics/recall/default/default_experiment-1-0.arrow
08/14/2023 19:14:27 - DEBUG - fsspec.local -   open file: /home/lunt1/.cache/huggingface/metrics/f1/default/default_experiment-1-0.arrow
08/14/2023 19:14:27 - DEBUG - fsspec.local -   open file: /home/lunt1/.cache/huggingface/metrics/spearmanr/default/default_experiment-1-0.arrow
08/14/2023 19:14:28 - DEBUG - fsspec.local -   open file: /home/lunt1/.cache/huggingface/metrics/precision/default/default_experiment-1-0.arrow
08/14/2023 19:14:28 - DEBUG - fsspec.local -   open file: /home/lunt1/.cache/huggingface/metrics/recall/default/default_experiment-1-0.arrow
08/14/2023 19:14:28 - DEBUG - fsspec.local -   open file: /home/lunt1/.cache/huggingface/metrics/f1/default/default_experiment-1-0.arrow
{'eval_loss': 1.4031541347503662, 'eval_precision': 0.32838388412429115, 'eval_recall': 0.36058322213688576, 'eval_f1': 0.3384566888154542, 'eval_spearmanr': 0.8246337016218169, 'eval_precision_weighted': 0.43163042222146586, 'eval_recall_weighted': 0.46139705882352944, 'eval_f1_weighted': 0.4401525676254052, 'eval_runtime': 129.0022, 'eval_samples_per_second': 4.217, 'eval_steps_per_second': 2.108, 'epoch': 5.0}
08/14/2023 19:14:35 - DEBUG - helper.classes -   ----------- Starting epoch 6.0 -----------
{'loss': 0.9972, 'learning_rate': 1.63265306122449e-05, 'epoch': 5.1}
{'loss': 1.0089, 'learning_rate': 1.4200680272108844e-05, 'epoch': 5.74}
08/14/2023 19:34:29 - DEBUG - helper.classes -   Epoch 6.0 completed, Duration: 0:19:53 Mem usage: CPU mem usage: 9.76G.  Cuda 0: memory acclocated: 27 G.
08/14/2023 19:36:35 - DEBUG - fsspec.local -   open file: /home/lunt1/.cache/huggingface/metrics/precision/default/default_experiment-1-0.arrow
08/14/2023 19:36:35 - DEBUG - fsspec.local -   open file: /home/lunt1/.cache/huggingface/metrics/recall/default/default_experiment-1-0.arrow
08/14/2023 19:36:35 - DEBUG - fsspec.local -   open file: /home/lunt1/.cache/huggingface/metrics/f1/default/default_experiment-1-0.arrow
08/14/2023 19:36:35 - DEBUG - fsspec.local -   open file: /home/lunt1/.cache/huggingface/metrics/spearmanr/default/default_experiment-1-0.arrow
08/14/2023 19:36:35 - DEBUG - fsspec.local -   open file: /home/lunt1/.cache/huggingface/metrics/precision/default/default_experiment-1-0.arrow
08/14/2023 19:36:35 - DEBUG - fsspec.local -   open file: /home/lunt1/.cache/huggingface/metrics/recall/default/default_experiment-1-0.arrow
08/14/2023 19:36:35 - DEBUG - fsspec.local -   open file: /home/lunt1/.cache/huggingface/metrics/f1/default/default_experiment-1-0.arrow
{'eval_loss': 1.5012705326080322, 'eval_precision': 0.3363862217480217, 'eval_recall': 0.37695356787566564, 'eval_f1': 0.34726893202618575, 'eval_spearmanr': 0.8183863948578547, 'eval_precision_weighted': 0.44201084425272125, 'eval_recall_weighted': 0.4742647058823529, 'eval_f1_weighted': 0.4478543876921536, 'eval_runtime': 125.5496, 'eval_samples_per_second': 4.333, 'eval_steps_per_second': 2.166, 'epoch': 6.0}
08/14/2023 19:36:42 - DEBUG - helper.classes -   ----------- Starting epoch 7.0 -----------
{'loss': 0.9039, 'learning_rate': 1.207482993197279e-05, 'epoch': 6.38}
08/14/2023 19:56:42 - DEBUG - helper.classes -   Epoch 7.0 completed, Duration: 0:20:00 Mem usage: CPU mem usage: 9.75G.  Cuda 0: memory acclocated: 27 G.
08/14/2023 19:58:49 - DEBUG - fsspec.local -   open file: /home/lunt1/.cache/huggingface/metrics/precision/default/default_experiment-1-0.arrow
08/14/2023 19:58:50 - DEBUG - fsspec.local -   open file: /home/lunt1/.cache/huggingface/metrics/recall/default/default_experiment-1-0.arrow
08/14/2023 19:58:50 - DEBUG - fsspec.local -   open file: /home/lunt1/.cache/huggingface/metrics/f1/default/default_experiment-1-0.arrow
08/14/2023 19:58:50 - DEBUG - fsspec.local -   open file: /home/lunt1/.cache/huggingface/metrics/spearmanr/default/default_experiment-1-0.arrow
08/14/2023 19:58:51 - DEBUG - fsspec.local -   open file: /home/lunt1/.cache/huggingface/metrics/precision/default/default_experiment-1-0.arrow
08/14/2023 19:58:51 - DEBUG - fsspec.local -   open file: /home/lunt1/.cache/huggingface/metrics/recall/default/default_experiment-1-0.arrow
08/14/2023 19:58:51 - DEBUG - fsspec.local -   open file: /home/lunt1/.cache/huggingface/metrics/f1/default/default_experiment-1-0.arrow
{'eval_loss': 1.8037468194961548, 'eval_precision': 0.32723436979276926, 'eval_recall': 0.36488652191268706, 'eval_f1': 0.3372484083570359, 'eval_spearmanr': 0.8196692378013846, 'eval_precision_weighted': 0.4297182592905844, 'eval_recall_weighted': 0.4540441176470588, 'eval_f1_weighted': 0.4321873544561642, 'eval_runtime': 128.2959, 'eval_samples_per_second': 4.24, 'eval_steps_per_second': 2.12, 'epoch': 7.0}
08/14/2023 19:58:58 - DEBUG - helper.classes -   ----------- Starting epoch 8.0 -----------
{'loss': 0.9246, 'learning_rate': 9.948979591836735e-06, 'epoch': 7.02}
{'loss': 0.9019, 'learning_rate': 7.823129251700681e-06, 'epoch': 7.65}
08/14/2023 20:18:56 - DEBUG - helper.classes -   Epoch 8.0 completed, Duration: 0:19:57 Mem usage: CPU mem usage: 9.76G.  Cuda 0: memory acclocated: 27 G.
08/14/2023 20:21:01 - DEBUG - fsspec.local -   open file: /home/lunt1/.cache/huggingface/metrics/precision/default/default_experiment-1-0.arrow
08/14/2023 20:21:01 - DEBUG - fsspec.local -   open file: /home/lunt1/.cache/huggingface/metrics/recall/default/default_experiment-1-0.arrow
08/14/2023 20:21:01 - DEBUG - fsspec.local -   open file: /home/lunt1/.cache/huggingface/metrics/f1/default/default_experiment-1-0.arrow
08/14/2023 20:21:01 - DEBUG - fsspec.local -   open file: /home/lunt1/.cache/huggingface/metrics/spearmanr/default/default_experiment-1-0.arrow
08/14/2023 20:21:01 - DEBUG - fsspec.local -   open file: /home/lunt1/.cache/huggingface/metrics/precision/default/default_experiment-1-0.arrow
08/14/2023 20:21:01 - DEBUG - fsspec.local -   open file: /home/lunt1/.cache/huggingface/metrics/recall/default/default_experiment-1-0.arrow
08/14/2023 20:21:01 - DEBUG - fsspec.local -   open file: /home/lunt1/.cache/huggingface/metrics/f1/default/default_experiment-1-0.arrow
{'eval_loss': 2.048140525817871, 'eval_precision': 0.3229459595871718, 'eval_recall': 0.36594925497818204, 'eval_f1': 0.32152865857850527, 'eval_spearmanr': 0.8221678439505946, 'eval_precision_weighted': 0.42695192479393373, 'eval_recall_weighted': 0.4430147058823529, 'eval_f1_weighted': 0.40875935279531644, 'eval_runtime': 125.2748, 'eval_samples_per_second': 4.342, 'eval_steps_per_second': 2.171, 'epoch': 8.0}
08/14/2023 20:21:08 - DEBUG - helper.classes -   ----------- Starting epoch 9.0 -----------
{'loss': 0.8677, 'learning_rate': 5.697278911564626e-06, 'epoch': 8.29}
{'loss': 0.842, 'learning_rate': 3.5714285714285714e-06, 'epoch': 8.93}
08/14/2023 20:41:09 - DEBUG - helper.classes -   Epoch 9.0 completed, Duration: 0:20:01 Mem usage: CPU mem usage: 9.75G.  Cuda 0: memory acclocated: 27 G.
08/14/2023 20:43:14 - DEBUG - fsspec.local -   open file: /home/lunt1/.cache/huggingface/metrics/precision/default/default_experiment-1-0.arrow
08/14/2023 20:43:14 - DEBUG - fsspec.local -   open file: /home/lunt1/.cache/huggingface/metrics/recall/default/default_experiment-1-0.arrow
08/14/2023 20:43:14 - DEBUG - fsspec.local -   open file: /home/lunt1/.cache/huggingface/metrics/f1/default/default_experiment-1-0.arrow
08/14/2023 20:43:14 - DEBUG - fsspec.local -   open file: /home/lunt1/.cache/huggingface/metrics/spearmanr/default/default_experiment-1-0.arrow
08/14/2023 20:43:14 - DEBUG - fsspec.local -   open file: /home/lunt1/.cache/huggingface/metrics/precision/default/default_experiment-1-0.arrow
08/14/2023 20:43:14 - DEBUG - fsspec.local -   open file: /home/lunt1/.cache/huggingface/metrics/recall/default/default_experiment-1-0.arrow
08/14/2023 20:43:14 - DEBUG - fsspec.local -   open file: /home/lunt1/.cache/huggingface/metrics/f1/default/default_experiment-1-0.arrow
{'eval_loss': 2.059285879135132, 'eval_precision': 0.33523675840948897, 'eval_recall': 0.373127988689522, 'eval_f1': 0.3495544553904996, 'eval_spearmanr': 0.8212709708616734, 'eval_precision_weighted': 0.4387562598218334, 'eval_recall_weighted': 0.4742647058823529, 'eval_f1_weighted': 0.45164946918947363, 'eval_runtime': 125.0693, 'eval_samples_per_second': 4.35, 'eval_steps_per_second': 2.175, 'epoch': 9.0}
08/14/2023 20:43:21 - DEBUG - helper.classes -   ----------- Starting epoch 10.0 -----------
{'loss': 0.8418, 'learning_rate': 1.445578231292517e-06, 'epoch': 9.57}
08/14/2023 21:03:00 - DEBUG - helper.classes -   Epoch 10.0 completed, Duration: 0:19:39 Mem usage: CPU mem usage: 9.80G.  Cuda 0: memory acclocated: 27 G.
08/14/2023 21:05:05 - DEBUG - fsspec.local -   open file: /home/lunt1/.cache/huggingface/metrics/precision/default/default_experiment-1-0.arrow
08/14/2023 21:05:05 - DEBUG - fsspec.local -   open file: /home/lunt1/.cache/huggingface/metrics/recall/default/default_experiment-1-0.arrow
08/14/2023 21:05:05 - DEBUG - fsspec.local -   open file: /home/lunt1/.cache/huggingface/metrics/f1/default/default_experiment-1-0.arrow
08/14/2023 21:05:05 - DEBUG - fsspec.local -   open file: /home/lunt1/.cache/huggingface/metrics/spearmanr/default/default_experiment-1-0.arrow
08/14/2023 21:05:05 - DEBUG - fsspec.local -   open file: /home/lunt1/.cache/huggingface/metrics/precision/default/default_experiment-1-0.arrow
08/14/2023 21:05:05 - DEBUG - fsspec.local -   open file: /home/lunt1/.cache/huggingface/metrics/recall/default/default_experiment-1-0.arrow
08/14/2023 21:05:05 - DEBUG - fsspec.local -   open file: /home/lunt1/.cache/huggingface/metrics/f1/default/default_experiment-1-0.arrow
{'eval_loss': 2.1098384857177734, 'eval_precision': 0.3333466979358061, 'eval_recall': 0.37214198146210425, 'eval_f1': 0.3459937964150036, 'eval_spearmanr': 0.8240134870678357, 'eval_precision_weighted': 0.4373480871453797, 'eval_recall_weighted': 0.46875, 'eval_f1_weighted': 0.4459091358383207, 'eval_runtime': 125.0805, 'eval_samples_per_second': 4.349, 'eval_steps_per_second': 2.175, 'epoch': 10.0}
{'train_runtime': 13362.6947, 'train_samples_per_second': 1.173, 'train_steps_per_second': 0.587, 'train_loss': 1.0773655132371551, 'epoch': 10.0}
08/14/2023 21:05:16 - INFO - __main__ -   Training completed. Duration: 3:42:43
08/14/2023 21:07:21 - DEBUG - fsspec.local -   open file: /home/lunt1/.cache/huggingface/metrics/precision/default/default_experiment-1-0.arrow
08/14/2023 21:07:21 - DEBUG - fsspec.local -   open file: /home/lunt1/.cache/huggingface/metrics/recall/default/default_experiment-1-0.arrow
08/14/2023 21:07:21 - DEBUG - fsspec.local -   open file: /home/lunt1/.cache/huggingface/metrics/f1/default/default_experiment-1-0.arrow
08/14/2023 21:07:21 - DEBUG - fsspec.local -   open file: /home/lunt1/.cache/huggingface/metrics/spearmanr/default/default_experiment-1-0.arrow
08/14/2023 21:07:21 - DEBUG - fsspec.local -   open file: /home/lunt1/.cache/huggingface/metrics/precision/default/default_experiment-1-0.arrow
08/14/2023 21:07:21 - DEBUG - fsspec.local -   open file: /home/lunt1/.cache/huggingface/metrics/recall/default/default_experiment-1-0.arrow
08/14/2023 21:07:21 - DEBUG - fsspec.local -   open file: /home/lunt1/.cache/huggingface/metrics/f1/default/default_experiment-1-0.arrow
08/14/2023 21:07:21 - DEBUG - fsspec.local -   open file: /home/lunt1/.cache/huggingface/metrics/precision/default/default_experiment-1-0.arrow
08/14/2023 21:07:21 - DEBUG - fsspec.local -   open file: /home/lunt1/.cache/huggingface/metrics/recall/default/default_experiment-1-0.arrow
08/14/2023 21:07:21 - DEBUG - fsspec.local -   open file: /home/lunt1/.cache/huggingface/metrics/f1/default/default_experiment-1-0.arrow
08/14/2023 21:07:21 - DEBUG - fsspec.local -   open file: /home/lunt1/.cache/huggingface/metrics/spearmanr/default/default_experiment-1-0.arrow
08/14/2023 21:07:21 - DEBUG - fsspec.local -   open file: /home/lunt1/.cache/huggingface/metrics/precision/default/default_experiment-1-0.arrow
08/14/2023 21:07:21 - DEBUG - fsspec.local -   open file: /home/lunt1/.cache/huggingface/metrics/recall/default/default_experiment-1-0.arrow
08/14/2023 21:07:21 - DEBUG - fsspec.local -   open file: /home/lunt1/.cache/huggingface/metrics/f1/default/default_experiment-1-0.arrow
08/14/2023 21:07:21 - DEBUG - __main__ -   label: 4
08/14/2023 21:07:21 - DEBUG - __main__ -   pred: 4
08/14/2023 21:07:21 - DEBUG - __main__ -   label: 4
08/14/2023 21:07:21 - DEBUG - __main__ -   pred: 3
08/14/2023 21:07:21 - DEBUG - __main__ -   label: 5
08/14/2023 21:07:21 - DEBUG - __main__ -   pred: 5
08/14/2023 21:07:21 - DEBUG - __main__ -   label: 5
08/14/2023 21:07:21 - DEBUG - __main__ -   pred: 4
08/14/2023 21:07:21 - DEBUG - __main__ -   label: 3
08/14/2023 21:07:21 - DEBUG - __main__ -   pred: 4
08/14/2023 21:07:21 - DEBUG - __main__ -   label: 3
08/14/2023 21:07:21 - DEBUG - __main__ -   pred: 3
08/14/2023 21:07:21 - DEBUG - __main__ -   label: 4
08/14/2023 21:07:21 - DEBUG - __main__ -   pred: 4
08/14/2023 21:07:21 - DEBUG - __main__ -   label: 3
08/14/2023 21:07:21 - DEBUG - __main__ -   pred: 3
08/14/2023 21:07:21 - DEBUG - __main__ -   label: 3
08/14/2023 21:07:21 - DEBUG - __main__ -   pred: 4
08/14/2023 21:07:21 - DEBUG - __main__ -   label: 2
08/14/2023 21:07:21 - DEBUG - __main__ -   pred: 1
08/14/2023 21:07:21 - DEBUG - __main__ -   label: 2
08/14/2023 21:07:21 - DEBUG - __main__ -   pred: 2
08/14/2023 21:07:21 - DEBUG - __main__ -   label: 3
08/14/2023 21:07:21 - DEBUG - __main__ -   pred: 3
08/14/2023 21:07:21 - DEBUG - __main__ -   label: 3
08/14/2023 21:07:21 - DEBUG - __main__ -   pred: 2
08/14/2023 21:07:21 - DEBUG - __main__ -   label: 5
08/14/2023 21:07:21 - DEBUG - __main__ -   pred: 5
08/14/2023 21:07:21 - DEBUG - __main__ -   label: 3
08/14/2023 21:07:21 - DEBUG - __main__ -   pred: 3
08/14/2023 21:07:21 - DEBUG - __main__ -   label: 3
08/14/2023 21:07:21 - DEBUG - __main__ -   pred: 3
08/14/2023 21:07:21 - DEBUG - __main__ -   label: 6
08/14/2023 21:07:21 - DEBUG - __main__ -   pred: 5
08/14/2023 21:07:21 - DEBUG - __main__ -   label: 4
08/14/2023 21:07:21 - DEBUG - __main__ -   pred: 3
08/14/2023 21:07:21 - DEBUG - __main__ -   label: 3
08/14/2023 21:07:21 - DEBUG - __main__ -   pred: 3
08/14/2023 21:07:21 - DEBUG - __main__ -   label: 3
08/14/2023 21:07:21 - DEBUG - __main__ -   pred: 3
08/14/2023 21:07:21 - DEBUG - __main__ -   label: 6
08/14/2023 21:07:21 - DEBUG - __main__ -   pred: 5
08/14/2023 21:07:21 - DEBUG - __main__ -   label: 4
08/14/2023 21:07:21 - DEBUG - __main__ -   pred: 5
08/14/2023 21:07:21 - DEBUG - __main__ -   label: 3
08/14/2023 21:07:21 - DEBUG - __main__ -   pred: 3
08/14/2023 21:07:21 - DEBUG - __main__ -   label: 4
08/14/2023 21:07:21 - DEBUG - __main__ -   pred: 4
08/14/2023 21:07:21 - DEBUG - __main__ -   label: 4
08/14/2023 21:07:21 - DEBUG - __main__ -   pred: 4
08/14/2023 21:07:21 - DEBUG - __main__ -   label: 6
08/14/2023 21:07:21 - DEBUG - __main__ -   pred: 5
08/14/2023 21:07:21 - DEBUG - __main__ -   label: 3
08/14/2023 21:07:21 - DEBUG - __main__ -   pred: 3
08/14/2023 21:07:21 - DEBUG - __main__ -   label: 6
08/14/2023 21:07:21 - DEBUG - __main__ -   pred: 3
08/14/2023 21:07:21 - DEBUG - __main__ -   label: 4
08/14/2023 21:07:21 - DEBUG - __main__ -   pred: 3
08/14/2023 21:07:21 - DEBUG - __main__ -   label: 1
08/14/2023 21:07:21 - DEBUG - __main__ -   pred: 2
08/14/2023 21:07:21 - DEBUG - __main__ -   label: 3
08/14/2023 21:07:21 - DEBUG - __main__ -   pred: 2
08/14/2023 21:07:21 - DEBUG - __main__ -   label: 6
08/14/2023 21:07:21 - DEBUG - __main__ -   pred: 3
08/14/2023 21:07:21 - DEBUG - __main__ -   label: 3
08/14/2023 21:07:21 - DEBUG - __main__ -   pred: 4
08/14/2023 21:07:21 - DEBUG - __main__ -   label: 5
08/14/2023 21:07:21 - DEBUG - __main__ -   pred: 3
08/14/2023 21:07:21 - DEBUG - __main__ -   label: 5
08/14/2023 21:07:21 - DEBUG - __main__ -   pred: 3
08/14/2023 21:07:21 - DEBUG - __main__ -   label: 2
08/14/2023 21:07:21 - DEBUG - __main__ -   pred: 2
08/14/2023 21:07:21 - DEBUG - __main__ -   label: 4
08/14/2023 21:07:21 - DEBUG - __main__ -   pred: 5
08/14/2023 21:07:21 - DEBUG - __main__ -   label: 5
08/14/2023 21:07:21 - DEBUG - __main__ -   pred: 3
08/14/2023 21:07:21 - DEBUG - __main__ -   label: 6
08/14/2023 21:07:21 - DEBUG - __main__ -   pred: 5
08/14/2023 21:07:21 - DEBUG - __main__ -   label: 6
08/14/2023 21:07:21 - DEBUG - __main__ -   pred: 5
08/14/2023 21:07:21 - DEBUG - __main__ -   label: 5
08/14/2023 21:07:21 - DEBUG - __main__ -   pred: 4
08/14/2023 21:07:21 - DEBUG - __main__ -   label: 6
08/14/2023 21:07:21 - DEBUG - __main__ -   pred: 5
08/14/2023 21:07:21 - DEBUG - __main__ -   label: 4
08/14/2023 21:07:21 - DEBUG - __main__ -   pred: 5
08/14/2023 21:07:21 - DEBUG - __main__ -   label: 4
08/14/2023 21:07:21 - DEBUG - __main__ -   pred: 4
08/14/2023 21:07:21 - DEBUG - __main__ -   label: 4
08/14/2023 21:07:21 - DEBUG - __main__ -   pred: 4
08/14/2023 21:07:21 - DEBUG - __main__ -   label: 5
08/14/2023 21:07:21 - DEBUG - __main__ -   pred: 4
08/14/2023 21:07:21 - DEBUG - __main__ -   label: 5
08/14/2023 21:07:21 - DEBUG - __main__ -   pred: 3
08/14/2023 21:07:21 - DEBUG - __main__ -   label: 4
08/14/2023 21:07:21 - DEBUG - __main__ -   pred: 4
08/14/2023 21:07:21 - DEBUG - __main__ -   label: 4
08/14/2023 21:07:21 - DEBUG - __main__ -   pred: 1
08/14/2023 21:07:21 - DEBUG - __main__ -   label: 1
08/14/2023 21:07:21 - DEBUG - __main__ -   pred: 1
08/14/2023 21:07:21 - DEBUG - __main__ -   label: 5
08/14/2023 21:07:21 - DEBUG - __main__ -   pred: 4
08/14/2023 21:07:21 - DEBUG - __main__ -   label: 3
08/14/2023 21:07:21 - DEBUG - __main__ -   pred: 3
08/14/2023 21:07:21 - DEBUG - __main__ -   label: 2
08/14/2023 21:07:21 - DEBUG - __main__ -   pred: 1
08/14/2023 21:07:21 - DEBUG - __main__ -   label: 2
08/14/2023 21:07:21 - DEBUG - __main__ -   pred: 4
08/14/2023 21:07:21 - DEBUG - __main__ -   label: 5
08/14/2023 21:07:21 - DEBUG - __main__ -   pred: 5
08/14/2023 21:07:21 - DEBUG - __main__ -   label: 5
08/14/2023 21:07:21 - DEBUG - __main__ -   pred: 3
08/14/2023 21:07:21 - DEBUG - __main__ -   label: 5
08/14/2023 21:07:21 - DEBUG - __main__ -   pred: 5
08/14/2023 21:07:21 - DEBUG - __main__ -   label: 3
08/14/2023 21:07:21 - DEBUG - __main__ -   pred: 3
08/14/2023 21:07:21 - DEBUG - __main__ -   label: 4
08/14/2023 21:07:21 - DEBUG - __main__ -   pred: 5
08/14/2023 21:07:21 - DEBUG - __main__ -   label: 5
08/14/2023 21:07:21 - DEBUG - __main__ -   pred: 5
08/14/2023 21:07:21 - DEBUG - __main__ -   label: 5
08/14/2023 21:07:21 - DEBUG - __main__ -   pred: 5
08/14/2023 21:07:21 - DEBUG - __main__ -   label: 4
08/14/2023 21:07:21 - DEBUG - __main__ -   pred: 2
08/14/2023 21:07:21 - DEBUG - __main__ -   label: 4
08/14/2023 21:07:21 - DEBUG - __main__ -   pred: 3
08/14/2023 21:07:21 - DEBUG - __main__ -   label: 4
08/14/2023 21:07:21 - DEBUG - __main__ -   pred: 4
08/14/2023 21:07:21 - DEBUG - __main__ -   label: 3
08/14/2023 21:07:21 - DEBUG - __main__ -   pred: 3
08/14/2023 21:07:21 - DEBUG - __main__ -   label: 5
08/14/2023 21:07:21 - DEBUG - __main__ -   pred: 2
08/14/2023 21:07:21 - DEBUG - __main__ -   label: 3
08/14/2023 21:07:21 - DEBUG - __main__ -   pred: 1
08/14/2023 21:07:21 - DEBUG - __main__ -   label: 4
08/14/2023 21:07:21 - DEBUG - __main__ -   pred: 3
08/14/2023 21:07:21 - DEBUG - __main__ -   label: 2
08/14/2023 21:07:21 - DEBUG - __main__ -   pred: 2
08/14/2023 21:07:21 - DEBUG - __main__ -   label: 2
08/14/2023 21:07:21 - DEBUG - __main__ -   pred: 1
08/14/2023 21:07:21 - DEBUG - __main__ -   label: 5
08/14/2023 21:07:21 - DEBUG - __main__ -   pred: 5
08/14/2023 21:07:21 - DEBUG - __main__ -   label: 5
08/14/2023 21:07:21 - DEBUG - __main__ -   pred: 5
08/14/2023 21:07:21 - DEBUG - __main__ -   label: 4
08/14/2023 21:07:21 - DEBUG - __main__ -   pred: 4
08/14/2023 21:07:21 - DEBUG - __main__ -   label: 4
08/14/2023 21:07:21 - DEBUG - __main__ -   pred: 5
08/14/2023 21:07:21 - DEBUG - __main__ -   label: 2
08/14/2023 21:07:21 - DEBUG - __main__ -   pred: 3
08/14/2023 21:07:21 - DEBUG - __main__ -   label: 4
08/14/2023 21:07:21 - DEBUG - __main__ -   pred: 4
08/14/2023 21:07:21 - DEBUG - __main__ -   label: 3
08/14/2023 21:07:21 - DEBUG - __main__ -   pred: 3
08/14/2023 21:07:21 - DEBUG - __main__ -   label: 3
08/14/2023 21:07:21 - DEBUG - __main__ -   pred: 4
08/14/2023 21:07:21 - DEBUG - __main__ -   label: 3
08/14/2023 21:07:21 - DEBUG - __main__ -   pred: 4
08/14/2023 21:07:21 - DEBUG - __main__ -   label: 3
08/14/2023 21:07:21 - DEBUG - __main__ -   pred: 3
08/14/2023 21:07:21 - DEBUG - __main__ -   label: 1
08/14/2023 21:07:21 - DEBUG - __main__ -   pred: 2
08/14/2023 21:07:21 - DEBUG - __main__ -   label: 3
08/14/2023 21:07:21 - DEBUG - __main__ -   pred: 4
08/14/2023 21:07:21 - DEBUG - __main__ -   label: 6
08/14/2023 21:07:21 - DEBUG - __main__ -   pred: 5
08/14/2023 21:07:21 - DEBUG - __main__ -   label: 4
08/14/2023 21:07:21 - DEBUG - __main__ -   pred: 4
08/14/2023 21:07:21 - DEBUG - __main__ -   label: 4
08/14/2023 21:07:21 - DEBUG - __main__ -   pred: 4
08/14/2023 21:07:21 - DEBUG - __main__ -   label: 4
08/14/2023 21:07:21 - DEBUG - __main__ -   pred: 4
08/14/2023 21:07:21 - DEBUG - __main__ -   label: 3
08/14/2023 21:07:21 - DEBUG - __main__ -   pred: 4
08/14/2023 21:07:21 - DEBUG - __main__ -   label: 4
08/14/2023 21:07:21 - DEBUG - __main__ -   pred: 5
08/14/2023 21:07:21 - DEBUG - __main__ -   label: 3
08/14/2023 21:07:21 - DEBUG - __main__ -   pred: 4
08/14/2023 21:07:21 - DEBUG - __main__ -   label: 2
08/14/2023 21:07:21 - DEBUG - __main__ -   pred: 3
08/14/2023 21:07:21 - DEBUG - __main__ -   label: 3
08/14/2023 21:07:21 - DEBUG - __main__ -   pred: 3
08/14/2023 21:07:21 - DEBUG - __main__ -   label: 2
08/14/2023 21:07:21 - DEBUG - __main__ -   pred: 3
08/14/2023 21:07:21 - DEBUG - __main__ -   label: 4
08/14/2023 21:07:21 - DEBUG - __main__ -   pred: 4
08/14/2023 21:07:21 - DEBUG - __main__ -   label: 3
08/14/2023 21:07:21 - DEBUG - __main__ -   pred: 2
08/14/2023 21:07:21 - DEBUG - __main__ -   label: 3
08/14/2023 21:07:21 - DEBUG - __main__ -   pred: 3
08/14/2023 21:07:21 - DEBUG - __main__ -   label: 3
08/14/2023 21:07:21 - DEBUG - __main__ -   pred: 3
08/14/2023 21:07:21 - DEBUG - __main__ -   label: 2
08/14/2023 21:07:21 - DEBUG - __main__ -   pred: 3
08/14/2023 21:07:21 - DEBUG - __main__ -   label: 2
08/14/2023 21:07:21 - DEBUG - __main__ -   pred: 4
08/14/2023 21:07:21 - DEBUG - __main__ -   label: 3
08/14/2023 21:07:21 - DEBUG - __main__ -   pred: 4
08/14/2023 21:07:21 - DEBUG - __main__ -   label: 5
08/14/2023 21:07:21 - DEBUG - __main__ -   pred: 4
08/14/2023 21:07:21 - DEBUG - __main__ -   label: 4
08/14/2023 21:07:21 - DEBUG - __main__ -   pred: 5
08/14/2023 21:07:21 - DEBUG - __main__ -   label: 4
08/14/2023 21:07:21 - DEBUG - __main__ -   pred: 4
08/14/2023 21:07:21 - DEBUG - __main__ -   label: 3
08/14/2023 21:07:21 - DEBUG - __main__ -   pred: 3
08/14/2023 21:07:21 - DEBUG - __main__ -   label: 3
08/14/2023 21:07:21 - DEBUG - __main__ -   pred: 4
08/14/2023 21:07:21 - DEBUG - __main__ -   label: 5
08/14/2023 21:07:21 - DEBUG - __main__ -   pred: 4
08/14/2023 21:07:21 - DEBUG - __main__ -   label: 2
08/14/2023 21:07:21 - DEBUG - __main__ -   pred: 2
08/14/2023 21:07:21 - DEBUG - __main__ -   label: 4
08/14/2023 21:07:21 - DEBUG - __main__ -   pred: 1
08/14/2023 21:07:21 - DEBUG - __main__ -   label: 6
08/14/2023 21:07:21 - DEBUG - __main__ -   pred: 4
08/14/2023 21:07:21 - DEBUG - __main__ -   label: 3
08/14/2023 21:07:21 - DEBUG - __main__ -   pred: 2
08/14/2023 21:07:21 - DEBUG - __main__ -   label: 5
08/14/2023 21:07:21 - DEBUG - __main__ -   pred: 4
08/14/2023 21:07:21 - DEBUG - __main__ -   label: 4
08/14/2023 21:07:21 - DEBUG - __main__ -   pred: 2
08/14/2023 21:07:21 - DEBUG - __main__ -   label: 3
08/14/2023 21:07:21 - DEBUG - __main__ -   pred: 2
08/14/2023 21:07:21 - DEBUG - __main__ -   label: 6
08/14/2023 21:07:21 - DEBUG - __main__ -   pred: 3
08/14/2023 21:07:21 - DEBUG - __main__ -   label: 5
08/14/2023 21:07:21 - DEBUG - __main__ -   pred: 3
08/14/2023 21:07:21 - DEBUG - __main__ -   label: 3
08/14/2023 21:07:21 - DEBUG - __main__ -   pred: 2
08/14/2023 21:07:21 - DEBUG - __main__ -   label: 6
08/14/2023 21:07:21 - DEBUG - __main__ -   pred: 4
08/14/2023 21:07:21 - DEBUG - __main__ -   label: 5
08/14/2023 21:07:21 - DEBUG - __main__ -   pred: 3
08/14/2023 21:07:21 - DEBUG - __main__ -   label: 3
08/14/2023 21:07:21 - DEBUG - __main__ -   pred: 3
08/14/2023 21:07:21 - DEBUG - __main__ -   label: 5
08/14/2023 21:07:21 - DEBUG - __main__ -   pred: 5
08/14/2023 21:07:21 - DEBUG - __main__ -   label: 4
08/14/2023 21:07:21 - DEBUG - __main__ -   pred: 4
08/14/2023 21:07:21 - DEBUG - __main__ -   label: 6
08/14/2023 21:07:21 - DEBUG - __main__ -   pred: 5
08/14/2023 21:07:21 - DEBUG - __main__ -   label: 4
08/14/2023 21:07:21 - DEBUG - __main__ -   pred: 4
08/14/2023 21:07:21 - DEBUG - __main__ -   label: 3
08/14/2023 21:07:21 - DEBUG - __main__ -   pred: 5
08/14/2023 21:07:21 - DEBUG - __main__ -   label: 6
08/14/2023 21:07:21 - DEBUG - __main__ -   pred: 5
08/14/2023 21:07:21 - DEBUG - __main__ -   label: 6
08/14/2023 21:07:21 - DEBUG - __main__ -   pred: 5
08/14/2023 21:07:21 - DEBUG - __main__ -   label: 5
08/14/2023 21:07:21 - DEBUG - __main__ -   pred: 4
08/14/2023 21:07:21 - DEBUG - __main__ -   label: 5
08/14/2023 21:07:21 - DEBUG - __main__ -   pred: 3
08/14/2023 21:07:21 - DEBUG - __main__ -   label: 4
08/14/2023 21:07:21 - DEBUG - __main__ -   pred: 4
08/14/2023 21:07:21 - DEBUG - __main__ -   label: 2
08/14/2023 21:07:21 - DEBUG - __main__ -   pred: 3
08/14/2023 21:07:21 - DEBUG - __main__ -   label: 0
08/14/2023 21:07:21 - DEBUG - __main__ -   pred: 1
08/14/2023 21:07:21 - DEBUG - __main__ -   label: 4
08/14/2023 21:07:21 - DEBUG - __main__ -   pred: 3
08/14/2023 21:07:21 - DEBUG - __main__ -   label: 3
08/14/2023 21:07:21 - DEBUG - __main__ -   pred: 3
08/14/2023 21:07:21 - DEBUG - __main__ -   label: 3
08/14/2023 21:07:21 - DEBUG - __main__ -   pred: 4
08/14/2023 21:07:21 - DEBUG - __main__ -   label: 5
08/14/2023 21:07:21 - DEBUG - __main__ -   pred: 5
08/14/2023 21:07:21 - DEBUG - __main__ -   label: 5
08/14/2023 21:07:21 - DEBUG - __main__ -   pred: 5
08/14/2023 21:07:21 - DEBUG - __main__ -   label: 1
08/14/2023 21:07:21 - DEBUG - __main__ -   pred: 2
08/14/2023 21:07:21 - DEBUG - __main__ -   label: 4
08/14/2023 21:07:21 - DEBUG - __main__ -   pred: 3
08/14/2023 21:07:21 - DEBUG - __main__ -   label: 3
08/14/2023 21:07:21 - DEBUG - __main__ -   pred: 4
08/14/2023 21:07:21 - DEBUG - __main__ -   label: 4
08/14/2023 21:07:21 - DEBUG - __main__ -   pred: 3
08/14/2023 21:07:21 - DEBUG - __main__ -   label: 3
08/14/2023 21:07:21 - DEBUG - __main__ -   pred: 2
08/14/2023 21:07:21 - DEBUG - __main__ -   label: 4
08/14/2023 21:07:21 - DEBUG - __main__ -   pred: 3
08/14/2023 21:07:21 - DEBUG - __main__ -   label: 1
08/14/2023 21:07:21 - DEBUG - __main__ -   pred: 2
08/14/2023 21:07:21 - DEBUG - __main__ -   label: 5
08/14/2023 21:07:21 - DEBUG - __main__ -   pred: 5
08/14/2023 21:07:21 - DEBUG - __main__ -   label: 5
08/14/2023 21:07:21 - DEBUG - __main__ -   pred: 5
08/14/2023 21:07:21 - DEBUG - __main__ -   label: 4
08/14/2023 21:07:21 - DEBUG - __main__ -   pred: 5
08/14/2023 21:07:21 - DEBUG - __main__ -   label: 4
08/14/2023 21:07:21 - DEBUG - __main__ -   pred: 3
08/14/2023 21:07:21 - DEBUG - __main__ -   label: 2
08/14/2023 21:07:21 - DEBUG - __main__ -   pred: 3
08/14/2023 21:07:21 - DEBUG - __main__ -   label: 5
08/14/2023 21:07:21 - DEBUG - __main__ -   pred: 4
08/14/2023 21:07:21 - DEBUG - __main__ -   label: 2
08/14/2023 21:07:21 - DEBUG - __main__ -   pred: 1
08/14/2023 21:07:21 - DEBUG - __main__ -   label: 4
08/14/2023 21:07:21 - DEBUG - __main__ -   pred: 4
08/14/2023 21:07:21 - DEBUG - __main__ -   label: 2
08/14/2023 21:07:21 - DEBUG - __main__ -   pred: 3
08/14/2023 21:07:21 - DEBUG - __main__ -   label: 6
08/14/2023 21:07:21 - DEBUG - __main__ -   pred: 3
08/14/2023 21:07:21 - DEBUG - __main__ -   label: 2
08/14/2023 21:07:21 - DEBUG - __main__ -   pred: 3
08/14/2023 21:07:21 - DEBUG - __main__ -   label: 1
08/14/2023 21:07:21 - DEBUG - __main__ -   pred: 1
08/14/2023 21:07:21 - DEBUG - __main__ -   label: 3
08/14/2023 21:07:21 - DEBUG - __main__ -   pred: 5
08/14/2023 21:07:21 - DEBUG - __main__ -   label: 4
08/14/2023 21:07:21 - DEBUG - __main__ -   pred: 3
08/14/2023 21:07:21 - DEBUG - __main__ -   label: 3
08/14/2023 21:07:21 - DEBUG - __main__ -   pred: 3
08/14/2023 21:07:21 - DEBUG - __main__ -   label: 5
08/14/2023 21:07:21 - DEBUG - __main__ -   pred: 4
08/14/2023 21:07:21 - DEBUG - __main__ -   label: 2
08/14/2023 21:07:21 - DEBUG - __main__ -   pred: 2
08/14/2023 21:07:21 - DEBUG - __main__ -   label: 2
08/14/2023 21:07:21 - DEBUG - __main__ -   pred: 2
08/14/2023 21:07:21 - DEBUG - __main__ -   label: 4
08/14/2023 21:07:21 - DEBUG - __main__ -   pred: 5
08/14/2023 21:07:21 - DEBUG - __main__ -   label: 2
08/14/2023 21:07:21 - DEBUG - __main__ -   pred: 2
08/14/2023 21:07:21 - DEBUG - __main__ -   label: 2
08/14/2023 21:07:21 - DEBUG - __main__ -   pred: 2
08/14/2023 21:07:21 - DEBUG - __main__ -   label: 2
08/14/2023 21:07:21 - DEBUG - __main__ -   pred: 2
08/14/2023 21:07:21 - DEBUG - __main__ -   label: 1
08/14/2023 21:07:21 - DEBUG - __main__ -   pred: 1
08/14/2023 21:07:21 - DEBUG - __main__ -   label: 1
08/14/2023 21:07:21 - DEBUG - __main__ -   pred: 1
08/14/2023 21:07:21 - DEBUG - __main__ -   label: 2
08/14/2023 21:07:21 - DEBUG - __main__ -   pred: 2
08/14/2023 21:07:21 - DEBUG - __main__ -   label: 1
08/14/2023 21:07:21 - DEBUG - __main__ -   pred: 2
08/14/2023 21:07:21 - DEBUG - __main__ -   label: 1
08/14/2023 21:07:21 - DEBUG - __main__ -   pred: 1
08/14/2023 21:07:21 - DEBUG - __main__ -   label: 2
08/14/2023 21:07:21 - DEBUG - __main__ -   pred: 2
08/14/2023 21:07:21 - DEBUG - __main__ -   label: 2
08/14/2023 21:07:21 - DEBUG - __main__ -   pred: 2
08/14/2023 21:07:21 - DEBUG - __main__ -   label: 2
08/14/2023 21:07:21 - DEBUG - __main__ -   pred: 2
08/14/2023 21:07:21 - DEBUG - __main__ -   label: 2
08/14/2023 21:07:21 - DEBUG - __main__ -   pred: 1
08/14/2023 21:07:21 - DEBUG - __main__ -   label: 2
08/14/2023 21:07:21 - DEBUG - __main__ -   pred: 2
08/14/2023 21:07:21 - DEBUG - __main__ -   label: 2
08/14/2023 21:07:21 - DEBUG - __main__ -   pred: 2
08/14/2023 21:07:21 - DEBUG - __main__ -   label: 6
08/14/2023 21:07:21 - DEBUG - __main__ -   pred: 5
08/14/2023 21:07:21 - DEBUG - __main__ -   label: 6
08/14/2023 21:07:21 - DEBUG - __main__ -   pred: 5
08/14/2023 21:07:21 - DEBUG - __main__ -   label: 5
08/14/2023 21:07:21 - DEBUG - __main__ -   pred: 5
08/14/2023 21:07:21 - DEBUG - __main__ -   label: 5
08/14/2023 21:07:21 - DEBUG - __main__ -   pred: 4
08/14/2023 21:07:21 - DEBUG - __main__ -   label: 5
08/14/2023 21:07:21 - DEBUG - __main__ -   pred: 5
08/14/2023 21:07:21 - DEBUG - __main__ -   label: 6
08/14/2023 21:07:21 - DEBUG - __main__ -   pred: 4
08/14/2023 21:07:21 - DEBUG - __main__ -   label: 2
08/14/2023 21:07:21 - DEBUG - __main__ -   pred: 1
08/14/2023 21:07:21 - DEBUG - __main__ -   label: 2
08/14/2023 21:07:21 - DEBUG - __main__ -   pred: 2
08/14/2023 21:07:21 - DEBUG - __main__ -   label: 1
08/14/2023 21:07:21 - DEBUG - __main__ -   pred: 1
08/14/2023 21:07:21 - DEBUG - __main__ -   label: 1
08/14/2023 21:07:21 - DEBUG - __main__ -   pred: 1
08/14/2023 21:07:21 - DEBUG - __main__ -   label: 1
08/14/2023 21:07:21 - DEBUG - __main__ -   pred: 1
08/14/2023 21:07:21 - DEBUG - __main__ -   label: 1
08/14/2023 21:07:21 - DEBUG - __main__ -   pred: 1
08/14/2023 21:07:21 - DEBUG - __main__ -   label: 2
08/14/2023 21:07:21 - DEBUG - __main__ -   pred: 4
08/14/2023 21:07:21 - DEBUG - __main__ -   label: 2
08/14/2023 21:07:21 - DEBUG - __main__ -   pred: 1
08/14/2023 21:07:21 - DEBUG - __main__ -   label: 1
08/14/2023 21:07:21 - DEBUG - __main__ -   pred: 1
08/14/2023 21:07:21 - DEBUG - __main__ -   label: 1
08/14/2023 21:07:21 - DEBUG - __main__ -   pred: 1
08/14/2023 21:07:21 - DEBUG - __main__ -   label: 2
08/14/2023 21:07:21 - DEBUG - __main__ -   pred: 2
08/14/2023 21:07:21 - DEBUG - __main__ -   label: 2
08/14/2023 21:07:21 - DEBUG - __main__ -   pred: 2
08/14/2023 21:07:21 - DEBUG - __main__ -   label: 2
08/14/2023 21:07:21 - DEBUG - __main__ -   pred: 2
08/14/2023 21:07:21 - DEBUG - __main__ -   label: 2
08/14/2023 21:07:21 - DEBUG - __main__ -   pred: 1
08/14/2023 21:07:21 - DEBUG - __main__ -   label: 5
08/14/2023 21:07:21 - DEBUG - __main__ -   pred: 5
08/14/2023 21:07:21 - DEBUG - __main__ -   label: 5
08/14/2023 21:07:21 - DEBUG - __main__ -   pred: 5
08/14/2023 21:07:21 - DEBUG - __main__ -   label: 4
08/14/2023 21:07:21 - DEBUG - __main__ -   pred: 4
08/14/2023 21:07:21 - DEBUG - __main__ -   label: 5
08/14/2023 21:07:21 - DEBUG - __main__ -   pred: 5
08/14/2023 21:07:21 - DEBUG - __main__ -   label: 5
08/14/2023 21:07:21 - DEBUG - __main__ -   pred: 5
08/14/2023 21:07:21 - DEBUG - __main__ -   label: 5
08/14/2023 21:07:21 - DEBUG - __main__ -   pred: 5
08/14/2023 21:07:21 - DEBUG - __main__ -   label: 3
08/14/2023 21:07:21 - DEBUG - __main__ -   pred: 3
08/14/2023 21:07:21 - DEBUG - __main__ -   label: 5
08/14/2023 21:07:21 - DEBUG - __main__ -   pred: 5
08/14/2023 21:07:21 - DEBUG - __main__ -   label: 5
08/14/2023 21:07:21 - DEBUG - __main__ -   pred: 5
08/14/2023 21:07:21 - DEBUG - __main__ -   label: 4
08/14/2023 21:07:21 - DEBUG - __main__ -   pred: 5
08/14/2023 21:07:21 - DEBUG - __main__ -   label: 2
08/14/2023 21:07:21 - DEBUG - __main__ -   pred: 1
08/14/2023 21:07:21 - DEBUG - __main__ -   label: 4
08/14/2023 21:07:21 - DEBUG - __main__ -   pred: 3
08/14/2023 21:07:21 - DEBUG - __main__ -   label: 5
08/14/2023 21:07:21 - DEBUG - __main__ -   pred: 5
08/14/2023 21:07:21 - DEBUG - __main__ -   label: 2
08/14/2023 21:07:21 - DEBUG - __main__ -   pred: 1
08/14/2023 21:07:21 - DEBUG - __main__ -   label: 3
08/14/2023 21:07:21 - DEBUG - __main__ -   pred: 2
08/14/2023 21:07:21 - DEBUG - __main__ -   label: 3
08/14/2023 21:07:21 - DEBUG - __main__ -   pred: 2
08/14/2023 21:07:21 - DEBUG - __main__ -   label: 2
08/14/2023 21:07:21 - DEBUG - __main__ -   pred: 1
08/14/2023 21:07:21 - DEBUG - __main__ -   label: 2
08/14/2023 21:07:21 - DEBUG - __main__ -   pred: 1
08/14/2023 21:07:21 - DEBUG - __main__ -   label: 3
08/14/2023 21:07:21 - DEBUG - __main__ -   pred: 2
08/14/2023 21:07:21 - DEBUG - __main__ -   label: 2
08/14/2023 21:07:21 - DEBUG - __main__ -   pred: 1
08/14/2023 21:07:21 - DEBUG - __main__ -   label: 2
08/14/2023 21:07:21 - DEBUG - __main__ -   pred: 3
08/14/2023 21:07:21 - DEBUG - __main__ -   label: 2
08/14/2023 21:07:21 - DEBUG - __main__ -   pred: 2
08/14/2023 21:07:21 - DEBUG - __main__ -   label: 2
08/14/2023 21:07:21 - DEBUG - __main__ -   pred: 2
08/14/2023 21:07:21 - DEBUG - __main__ -   label: 2
08/14/2023 21:07:21 - DEBUG - __main__ -   pred: 2
08/14/2023 21:07:21 - DEBUG - __main__ -   label: 1
08/14/2023 21:07:21 - DEBUG - __main__ -   pred: 2
08/14/2023 21:07:21 - DEBUG - __main__ -   label: 2
08/14/2023 21:07:21 - DEBUG - __main__ -   pred: 2
08/14/2023 21:07:21 - DEBUG - __main__ -   label: 2
08/14/2023 21:07:21 - DEBUG - __main__ -   pred: 1
08/14/2023 21:07:21 - DEBUG - __main__ -   label: 2
08/14/2023 21:07:21 - DEBUG - __main__ -   pred: 1
08/14/2023 21:07:21 - DEBUG - __main__ -   label: 1
08/14/2023 21:07:21 - DEBUG - __main__ -   pred: 1
08/14/2023 21:07:21 - DEBUG - __main__ -   label: 3
08/14/2023 21:07:21 - DEBUG - __main__ -   pred: 2
08/14/2023 21:07:21 - DEBUG - __main__ -   label: 2
08/14/2023 21:07:21 - DEBUG - __main__ -   pred: 2
08/14/2023 21:07:21 - DEBUG - __main__ -   label: 1
08/14/2023 21:07:21 - DEBUG - __main__ -   pred: 2
08/14/2023 21:07:21 - DEBUG - __main__ -   label: 1
08/14/2023 21:07:21 - DEBUG - __main__ -   pred: 2
08/14/2023 21:07:21 - DEBUG - __main__ -   label: 2
08/14/2023 21:07:21 - DEBUG - __main__ -   pred: 2
08/14/2023 21:07:21 - DEBUG - __main__ -   label: 4
08/14/2023 21:07:21 - DEBUG - __main__ -   pred: 3
08/14/2023 21:07:21 - DEBUG - __main__ -   label: 5
08/14/2023 21:07:21 - DEBUG - __main__ -   pred: 4
08/14/2023 21:07:21 - DEBUG - __main__ -   label: 5
08/14/2023 21:07:21 - DEBUG - __main__ -   pred: 5
08/14/2023 21:07:21 - DEBUG - __main__ -   label: 6
08/14/2023 21:07:21 - DEBUG - __main__ -   pred: 5
08/14/2023 21:07:21 - DEBUG - __main__ -   label: 4
08/14/2023 21:07:21 - DEBUG - __main__ -   pred: 3
08/14/2023 21:07:21 - DEBUG - __main__ -   label: 5
08/14/2023 21:07:21 - DEBUG - __main__ -   pred: 5
08/14/2023 21:07:21 - DEBUG - __main__ -   label: 4
08/14/2023 21:07:21 - DEBUG - __main__ -   pred: 5
08/14/2023 21:07:21 - DEBUG - __main__ -   label: 5
08/14/2023 21:07:21 - DEBUG - __main__ -   pred: 4
08/14/2023 21:07:21 - DEBUG - __main__ -   label: 3
08/14/2023 21:07:21 - DEBUG - __main__ -   pred: 2
08/14/2023 21:07:21 - DEBUG - __main__ -   label: 5
08/14/2023 21:07:21 - DEBUG - __main__ -   pred: 5
08/14/2023 21:07:21 - DEBUG - __main__ -   label: 6
08/14/2023 21:07:21 - DEBUG - __main__ -   pred: 5
08/14/2023 21:07:21 - DEBUG - __main__ -   label: 2
08/14/2023 21:07:21 - DEBUG - __main__ -   pred: 2
08/14/2023 21:07:21 - DEBUG - __main__ -   label: 2
08/14/2023 21:07:21 - DEBUG - __main__ -   pred: 2
08/14/2023 21:07:21 - DEBUG - __main__ -   label: 2
08/14/2023 21:07:21 - DEBUG - __main__ -   pred: 1
08/14/2023 21:07:21 - DEBUG - __main__ -   label: 2
08/14/2023 21:07:21 - DEBUG - __main__ -   pred: 1
08/14/2023 21:07:21 - DEBUG - __main__ -   label: 3
08/14/2023 21:07:21 - DEBUG - __main__ -   pred: 2
08/14/2023 21:07:21 - DEBUG - __main__ -   label: 2
08/14/2023 21:07:21 - DEBUG - __main__ -   pred: 1
08/14/2023 21:07:21 - DEBUG - __main__ -   label: 3
08/14/2023 21:07:21 - DEBUG - __main__ -   pred: 1
08/14/2023 21:07:21 - DEBUG - __main__ -   label: 3
08/14/2023 21:07:21 - DEBUG - __main__ -   pred: 1
08/14/2023 21:07:21 - DEBUG - __main__ -   label: 3
08/14/2023 21:07:21 - DEBUG - __main__ -   pred: 1
08/14/2023 21:07:21 - DEBUG - __main__ -   label: 3
08/14/2023 21:07:21 - DEBUG - __main__ -   pred: 2
08/14/2023 21:07:21 - DEBUG - __main__ -   label: 3
08/14/2023 21:07:21 - DEBUG - __main__ -   pred: 1
08/14/2023 21:07:21 - DEBUG - __main__ -   label: 3
08/14/2023 21:07:21 - DEBUG - __main__ -   pred: 1
08/14/2023 21:07:21 - DEBUG - __main__ -   label: 2
08/14/2023 21:07:21 - DEBUG - __main__ -   pred: 1
08/14/2023 21:07:21 - DEBUG - __main__ -   label: 3
08/14/2023 21:07:21 - DEBUG - __main__ -   pred: 1
08/14/2023 21:07:21 - DEBUG - __main__ -   label: 3
08/14/2023 21:07:21 - DEBUG - __main__ -   pred: 1
08/14/2023 21:07:21 - DEBUG - __main__ -   label: 2
08/14/2023 21:07:21 - DEBUG - __main__ -   pred: 1
08/14/2023 21:07:21 - DEBUG - __main__ -   label: 3
08/14/2023 21:07:21 - DEBUG - __main__ -   pred: 2
08/14/2023 21:07:21 - DEBUG - __main__ -   label: 2
08/14/2023 21:07:21 - DEBUG - __main__ -   pred: 1
08/14/2023 21:07:21 - DEBUG - __main__ -   label: 3
08/14/2023 21:07:21 - DEBUG - __main__ -   pred: 1
08/14/2023 21:07:21 - DEBUG - __main__ -   label: 3
08/14/2023 21:07:21 - DEBUG - __main__ -   pred: 2
08/14/2023 21:07:21 - DEBUG - __main__ -   label: 2
08/14/2023 21:07:21 - DEBUG - __main__ -   pred: 1
08/14/2023 21:07:21 - DEBUG - __main__ -   label: 3
08/14/2023 21:07:21 - DEBUG - __main__ -   pred: 2
08/14/2023 21:07:21 - DEBUG - __main__ -   label: 6
08/14/2023 21:07:21 - DEBUG - __main__ -   pred: 5
08/14/2023 21:07:21 - DEBUG - __main__ -   label: 5
08/14/2023 21:07:21 - DEBUG - __main__ -   pred: 5
08/14/2023 21:07:21 - DEBUG - __main__ -   label: 5
08/14/2023 21:07:21 - DEBUG - __main__ -   pred: 4
08/14/2023 21:07:21 - DEBUG - __main__ -   label: 5
08/14/2023 21:07:21 - DEBUG - __main__ -   pred: 4
08/14/2023 21:07:21 - DEBUG - __main__ -   label: 4
08/14/2023 21:07:21 - DEBUG - __main__ -   pred: 5
08/14/2023 21:07:21 - DEBUG - __main__ -   label: 6
08/14/2023 21:07:21 - DEBUG - __main__ -   pred: 5
08/14/2023 21:07:21 - DEBUG - __main__ -   label: 6
08/14/2023 21:07:21 - DEBUG - __main__ -   pred: 5
08/14/2023 21:07:21 - DEBUG - __main__ -   label: 5
08/14/2023 21:07:21 - DEBUG - __main__ -   pred: 5
08/14/2023 21:07:21 - DEBUG - __main__ -   label: 2
08/14/2023 21:07:21 - DEBUG - __main__ -   pred: 2
08/14/2023 21:07:21 - DEBUG - __main__ -   label: 3
08/14/2023 21:07:21 - DEBUG - __main__ -   pred: 2
08/14/2023 21:07:21 - DEBUG - __main__ -   label: 3
08/14/2023 21:07:21 - DEBUG - __main__ -   pred: 2
08/14/2023 21:07:21 - DEBUG - __main__ -   label: 1
08/14/2023 21:07:21 - DEBUG - __main__ -   pred: 2
08/14/2023 21:07:21 - DEBUG - __main__ -   label: 2
08/14/2023 21:07:21 - DEBUG - __main__ -   pred: 2
08/14/2023 21:07:21 - DEBUG - __main__ -   label: 3
08/14/2023 21:07:21 - DEBUG - __main__ -   pred: 2
08/14/2023 21:07:21 - DEBUG - __main__ -   label: 2
08/14/2023 21:07:21 - DEBUG - __main__ -   pred: 2
08/14/2023 21:07:21 - DEBUG - __main__ -   label: 2
08/14/2023 21:07:21 - DEBUG - __main__ -   pred: 2
08/14/2023 21:07:21 - DEBUG - __main__ -   label: 1
08/14/2023 21:07:21 - DEBUG - __main__ -   pred: 1
08/14/2023 21:07:21 - DEBUG - __main__ -   label: 2
08/14/2023 21:07:21 - DEBUG - __main__ -   pred: 2
08/14/2023 21:07:21 - DEBUG - __main__ -   label: 2
08/14/2023 21:07:21 - DEBUG - __main__ -   pred: 2
08/14/2023 21:07:21 - DEBUG - __main__ -   label: 3
08/14/2023 21:07:21 - DEBUG - __main__ -   pred: 3
08/14/2023 21:07:21 - DEBUG - __main__ -   label: 2
08/14/2023 21:07:21 - DEBUG - __main__ -   pred: 2
08/14/2023 21:07:21 - DEBUG - __main__ -   label: 2
08/14/2023 21:07:21 - DEBUG - __main__ -   pred: 3
08/14/2023 21:07:21 - DEBUG - __main__ -   label: 5
08/14/2023 21:07:21 - DEBUG - __main__ -   pred: 4
08/14/2023 21:07:21 - DEBUG - __main__ -   label: 3
08/14/2023 21:07:21 - DEBUG - __main__ -   pred: 4
08/14/2023 21:07:21 - DEBUG - __main__ -   label: 5
08/14/2023 21:07:21 - DEBUG - __main__ -   pred: 5
08/14/2023 21:07:21 - DEBUG - __main__ -   label: 5
08/14/2023 21:07:21 - DEBUG - __main__ -   pred: 4
08/14/2023 21:07:21 - DEBUG - __main__ -   label: 4
08/14/2023 21:07:21 - DEBUG - __main__ -   pred: 4
08/14/2023 21:07:21 - DEBUG - __main__ -   label: 4
08/14/2023 21:07:21 - DEBUG - __main__ -   pred: 4
08/14/2023 21:07:21 - DEBUG - __main__ -   label: 5
08/14/2023 21:07:21 - DEBUG - __main__ -   pred: 4
08/14/2023 21:07:21 - DEBUG - __main__ -   label: 6
08/14/2023 21:07:21 - DEBUG - __main__ -   pred: 5
08/14/2023 21:07:21 - DEBUG - __main__ -   label: 5
08/14/2023 21:07:21 - DEBUG - __main__ -   pred: 5
08/14/2023 21:07:21 - DEBUG - __main__ -   label: 3
08/14/2023 21:07:21 - DEBUG - __main__ -   pred: 3
08/14/2023 21:07:21 - DEBUG - __main__ -   label: 5
08/14/2023 21:07:21 - DEBUG - __main__ -   pred: 4
08/14/2023 21:07:21 - DEBUG - __main__ -   label: 4
08/14/2023 21:07:21 - DEBUG - __main__ -   pred: 4
08/14/2023 21:07:21 - DEBUG - __main__ -   label: 6
08/14/2023 21:07:21 - DEBUG - __main__ -   pred: 5
08/14/2023 21:07:21 - DEBUG - __main__ -   label: 4
08/14/2023 21:07:21 - DEBUG - __main__ -   pred: 4
08/14/2023 21:07:21 - DEBUG - __main__ -   label: 5
08/14/2023 21:07:21 - DEBUG - __main__ -   pred: 5
08/14/2023 21:07:21 - DEBUG - __main__ -   label: 4
08/14/2023 21:07:21 - DEBUG - __main__ -   pred: 5
08/14/2023 21:07:21 - DEBUG - __main__ -   label: 4
08/14/2023 21:07:21 - DEBUG - __main__ -   pred: 4
08/14/2023 21:07:21 - DEBUG - __main__ -   label: 3
08/14/2023 21:07:21 - DEBUG - __main__ -   pred: 4
08/14/2023 21:07:21 - DEBUG - __main__ -   label: 4
08/14/2023 21:07:21 - DEBUG - __main__ -   pred: 4
08/14/2023 21:07:21 - DEBUG - __main__ -   label: 5
08/14/2023 21:07:21 - DEBUG - __main__ -   pred: 5
08/14/2023 21:07:21 - DEBUG - __main__ -   label: 4
08/14/2023 21:07:21 - DEBUG - __main__ -   pred: 4
08/14/2023 21:07:21 - DEBUG - __main__ -   label: 3
08/14/2023 21:07:21 - DEBUG - __main__ -   pred: 4
08/14/2023 21:07:21 - DEBUG - __main__ -   label: 4
08/14/2023 21:07:21 - DEBUG - __main__ -   pred: 4
08/14/2023 21:07:21 - DEBUG - __main__ -   label: 5
08/14/2023 21:07:21 - DEBUG - __main__ -   pred: 5
08/14/2023 21:07:21 - DEBUG - __main__ -   label: 6
08/14/2023 21:07:21 - DEBUG - __main__ -   pred: 5
08/14/2023 21:07:21 - DEBUG - __main__ -   label: 4
08/14/2023 21:07:21 - DEBUG - __main__ -   pred: 5
08/14/2023 21:07:21 - DEBUG - __main__ -   label: 5
08/14/2023 21:07:21 - DEBUG - __main__ -   pred: 5
08/14/2023 21:07:21 - DEBUG - __main__ -   label: 5
08/14/2023 21:07:21 - DEBUG - __main__ -   pred: 4
08/14/2023 21:07:21 - DEBUG - __main__ -   label: 6
08/14/2023 21:07:21 - DEBUG - __main__ -   pred: 5
08/14/2023 21:07:21 - DEBUG - __main__ -   label: 4
08/14/2023 21:07:21 - DEBUG - __main__ -   pred: 3
08/14/2023 21:07:21 - DEBUG - __main__ -   label: 2
08/14/2023 21:07:21 - DEBUG - __main__ -   pred: 2
08/14/2023 21:07:21 - DEBUG - __main__ -   label: 2
08/14/2023 21:07:21 - DEBUG - __main__ -   pred: 2
08/14/2023 21:07:21 - DEBUG - __main__ -   label: 3
08/14/2023 21:07:21 - DEBUG - __main__ -   pred: 2
08/14/2023 21:07:21 - DEBUG - __main__ -   label: 2
08/14/2023 21:07:21 - DEBUG - __main__ -   pred: 2
08/14/2023 21:07:21 - DEBUG - __main__ -   label: 2
08/14/2023 21:07:21 - DEBUG - __main__ -   pred: 2
08/14/2023 21:07:21 - DEBUG - __main__ -   label: 3
08/14/2023 21:07:21 - DEBUG - __main__ -   pred: 2
08/14/2023 21:07:21 - DEBUG - __main__ -   label: 3
08/14/2023 21:07:21 - DEBUG - __main__ -   pred: 2
08/14/2023 21:07:21 - DEBUG - __main__ -   label: 2
08/14/2023 21:07:21 - DEBUG - __main__ -   pred: 1
08/14/2023 21:07:21 - DEBUG - __main__ -   label: 2
08/14/2023 21:07:21 - DEBUG - __main__ -   pred: 1
08/14/2023 21:07:21 - DEBUG - __main__ -   label: 2
08/14/2023 21:07:21 - DEBUG - __main__ -   pred: 1
08/14/2023 21:07:21 - DEBUG - __main__ -   label: 3
08/14/2023 21:07:21 - DEBUG - __main__ -   pred: 1
08/14/2023 21:07:21 - DEBUG - __main__ -   label: 3
08/14/2023 21:07:21 - DEBUG - __main__ -   pred: 2
08/14/2023 21:07:21 - DEBUG - __main__ -   label: 3
08/14/2023 21:07:21 - DEBUG - __main__ -   pred: 2
08/14/2023 21:07:21 - DEBUG - __main__ -   label: 2
08/14/2023 21:07:21 - DEBUG - __main__ -   pred: 2
08/14/2023 21:07:21 - DEBUG - __main__ -   label: 4
08/14/2023 21:07:21 - DEBUG - __main__ -   pred: 5
08/14/2023 21:07:21 - DEBUG - __main__ -   label: 4
08/14/2023 21:07:21 - DEBUG - __main__ -   pred: 4
08/14/2023 21:07:21 - DEBUG - __main__ -   label: 4
08/14/2023 21:07:21 - DEBUG - __main__ -   pred: 5
08/14/2023 21:07:21 - DEBUG - __main__ -   label: 3
08/14/2023 21:07:21 - DEBUG - __main__ -   pred: 3
08/14/2023 21:07:21 - DEBUG - __main__ -   label: 1
08/14/2023 21:07:21 - DEBUG - __main__ -   pred: 3
08/14/2023 21:07:21 - DEBUG - __main__ -   label: 1
08/14/2023 21:07:21 - DEBUG - __main__ -   pred: 2
08/14/2023 21:07:21 - DEBUG - __main__ -   label: 2
08/14/2023 21:07:21 - DEBUG - __main__ -   pred: 1
08/14/2023 21:07:21 - DEBUG - __main__ -   label: 1
08/14/2023 21:07:21 - DEBUG - __main__ -   pred: 1
08/14/2023 21:07:21 - DEBUG - __main__ -   label: 1
08/14/2023 21:07:21 - DEBUG - __main__ -   pred: 1
08/14/2023 21:07:21 - DEBUG - __main__ -   label: 1
08/14/2023 21:07:21 - DEBUG - __main__ -   pred: 2
08/14/2023 21:07:21 - DEBUG - __main__ -   label: 2
08/14/2023 21:07:21 - DEBUG - __main__ -   pred: 1
08/14/2023 21:07:21 - DEBUG - __main__ -   label: 2
08/14/2023 21:07:21 - DEBUG - __main__ -   pred: 1
08/14/2023 21:07:21 - DEBUG - __main__ -   label: 4
08/14/2023 21:07:21 - DEBUG - __main__ -   pred: 4
08/14/2023 21:07:21 - DEBUG - __main__ -   label: 4
08/14/2023 21:07:21 - DEBUG - __main__ -   pred: 5
08/14/2023 21:07:21 - DEBUG - __main__ -   label: 4
08/14/2023 21:07:21 - DEBUG - __main__ -   pred: 4
08/14/2023 21:07:21 - DEBUG - __main__ -   label: 4
08/14/2023 21:07:21 - DEBUG - __main__ -   pred: 4
08/14/2023 21:07:21 - DEBUG - __main__ -   label: 2
08/14/2023 21:07:21 - DEBUG - __main__ -   pred: 2
08/14/2023 21:07:21 - DEBUG - __main__ -   label: 1
08/14/2023 21:07:21 - DEBUG - __main__ -   pred: 2
08/14/2023 21:07:21 - DEBUG - __main__ -   label: 2
08/14/2023 21:07:21 - DEBUG - __main__ -   pred: 1
08/14/2023 21:07:21 - DEBUG - __main__ -   label: 1
08/14/2023 21:07:21 - DEBUG - __main__ -   pred: 2
08/14/2023 21:07:21 - DEBUG - __main__ -   label: 2
08/14/2023 21:07:21 - DEBUG - __main__ -   pred: 2
08/14/2023 21:07:21 - DEBUG - __main__ -   label: 0
08/14/2023 21:07:21 - DEBUG - __main__ -   pred: 2
08/14/2023 21:07:21 - DEBUG - __main__ -   label: 2
08/14/2023 21:07:21 - DEBUG - __main__ -   pred: 2
08/14/2023 21:07:21 - DEBUG - __main__ -   label: 0
08/14/2023 21:07:21 - DEBUG - __main__ -   pred: 1
08/14/2023 21:07:21 - DEBUG - __main__ -   label: 1
08/14/2023 21:07:21 - DEBUG - __main__ -   pred: 2
08/14/2023 21:07:21 - DEBUG - __main__ -   label: 1
08/14/2023 21:07:21 - DEBUG - __main__ -   pred: 1
08/14/2023 21:07:21 - DEBUG - __main__ -   label: 1
08/14/2023 21:07:21 - DEBUG - __main__ -   pred: 1
08/14/2023 21:07:21 - DEBUG - __main__ -   label: 1
08/14/2023 21:07:21 - DEBUG - __main__ -   pred: 1
08/14/2023 21:07:21 - DEBUG - __main__ -   label: 2
08/14/2023 21:07:21 - DEBUG - __main__ -   pred: 2
08/14/2023 21:07:21 - DEBUG - __main__ -   label: 1
08/14/2023 21:07:21 - DEBUG - __main__ -   pred: 1
08/14/2023 21:07:21 - DEBUG - __main__ -   label: 1
08/14/2023 21:07:21 - DEBUG - __main__ -   pred: 1
08/14/2023 21:07:21 - DEBUG - __main__ -   label: 1
08/14/2023 21:07:21 - DEBUG - __main__ -   pred: 3
08/14/2023 21:07:21 - DEBUG - __main__ -   label: 1
08/14/2023 21:07:21 - DEBUG - __main__ -   pred: 1
08/14/2023 21:07:21 - DEBUG - __main__ -   label: 1
08/14/2023 21:07:21 - DEBUG - __main__ -   pred: 2
08/14/2023 21:07:21 - DEBUG - __main__ -   label: 2
08/14/2023 21:07:21 - DEBUG - __main__ -   pred: 2
08/14/2023 21:07:21 - DEBUG - __main__ -   label: 4
08/14/2023 21:07:21 - DEBUG - __main__ -   pred: 4
08/14/2023 21:07:21 - DEBUG - __main__ -   label: 3
08/14/2023 21:07:21 - DEBUG - __main__ -   pred: 3
08/14/2023 21:07:21 - DEBUG - __main__ -   label: 3
08/14/2023 21:07:21 - DEBUG - __main__ -   pred: 3
08/14/2023 21:07:21 - DEBUG - __main__ -   label: 3
08/14/2023 21:07:21 - DEBUG - __main__ -   pred: 3
08/14/2023 21:07:21 - DEBUG - __main__ -   label: 4
08/14/2023 21:07:21 - DEBUG - __main__ -   pred: 5
08/14/2023 21:07:21 - DEBUG - __main__ -   label: 5
08/14/2023 21:07:21 - DEBUG - __main__ -   pred: 5
08/14/2023 21:07:21 - DEBUG - __main__ -   label: 3
08/14/2023 21:07:21 - DEBUG - __main__ -   pred: 3
08/14/2023 21:07:21 - DEBUG - __main__ -   label: 3
08/14/2023 21:07:21 - DEBUG - __main__ -   pred: 2
08/14/2023 21:07:21 - DEBUG - __main__ -   label: 3
08/14/2023 21:07:21 - DEBUG - __main__ -   pred: 3
08/14/2023 21:07:21 - DEBUG - __main__ -   label: 5
08/14/2023 21:07:21 - DEBUG - __main__ -   pred: 5
08/14/2023 21:07:21 - DEBUG - __main__ -   label: 5
08/14/2023 21:07:21 - DEBUG - __main__ -   pred: 5
08/14/2023 21:07:21 - DEBUG - __main__ -   label: 4
08/14/2023 21:07:21 - DEBUG - __main__ -   pred: 4
08/14/2023 21:07:21 - DEBUG - __main__ -   label: 5
08/14/2023 21:07:21 - DEBUG - __main__ -   pred: 5
08/14/2023 21:07:21 - DEBUG - __main__ -   label: 4
08/14/2023 21:07:21 - DEBUG - __main__ -   pred: 4
08/14/2023 21:07:21 - DEBUG - __main__ -   label: 5
08/14/2023 21:07:21 - DEBUG - __main__ -   pred: 4
08/14/2023 21:07:21 - DEBUG - __main__ -   label: 4
08/14/2023 21:07:21 - DEBUG - __main__ -   pred: 5
08/14/2023 21:07:21 - DEBUG - __main__ -   label: 4
08/14/2023 21:07:21 - DEBUG - __main__ -   pred: 5
08/14/2023 21:07:21 - DEBUG - __main__ -   label: 4
08/14/2023 21:07:21 - DEBUG - __main__ -   pred: 4
08/14/2023 21:07:21 - DEBUG - __main__ -   label: 5
08/14/2023 21:07:21 - DEBUG - __main__ -   pred: 3
08/14/2023 21:07:21 - DEBUG - __main__ -   label: 2
08/14/2023 21:07:21 - DEBUG - __main__ -   pred: 2
08/14/2023 21:07:21 - DEBUG - __main__ -   label: 1
08/14/2023 21:07:21 - DEBUG - __main__ -   pred: 2
08/14/2023 21:07:21 - DEBUG - __main__ -   label: 3
08/14/2023 21:07:21 - DEBUG - __main__ -   pred: 2
08/14/2023 21:07:21 - DEBUG - __main__ -   label: 0
08/14/2023 21:07:21 - DEBUG - __main__ -   pred: 2
08/14/2023 21:07:21 - DEBUG - __main__ -   label: 1
08/14/2023 21:07:21 - DEBUG - __main__ -   pred: 1
08/14/2023 21:07:21 - DEBUG - __main__ -   label: 2
08/14/2023 21:07:21 - DEBUG - __main__ -   pred: 1
08/14/2023 21:07:21 - DEBUG - __main__ -   label: 0
08/14/2023 21:07:21 - DEBUG - __main__ -   pred: 2
08/14/2023 21:07:21 - DEBUG - __main__ -   label: 0
08/14/2023 21:07:21 - DEBUG - __main__ -   pred: 1
08/14/2023 21:07:21 - DEBUG - __main__ -   label: 2
08/14/2023 21:07:21 - DEBUG - __main__ -   pred: 2
08/14/2023 21:07:21 - DEBUG - __main__ -   label: 1
08/14/2023 21:07:21 - DEBUG - __main__ -   pred: 1
08/14/2023 21:07:21 - DEBUG - __main__ -   label: 1
08/14/2023 21:07:21 - DEBUG - __main__ -   pred: 1
08/14/2023 21:07:21 - DEBUG - __main__ -   label: 1
08/14/2023 21:07:21 - DEBUG - __main__ -   pred: 1
08/14/2023 21:07:21 - DEBUG - __main__ -   label: 1
08/14/2023 21:07:21 - DEBUG - __main__ -   pred: 1
08/14/2023 21:07:21 - DEBUG - __main__ -   label: 1
08/14/2023 21:07:21 - DEBUG - __main__ -   pred: 2
08/14/2023 21:07:21 - DEBUG - __main__ -   label: 1
08/14/2023 21:07:21 - DEBUG - __main__ -   pred: 3
08/14/2023 21:07:21 - DEBUG - __main__ -   label: 1
08/14/2023 21:07:21 - DEBUG - __main__ -   pred: 3
08/14/2023 21:07:21 - DEBUG - __main__ -   label: 2
08/14/2023 21:07:21 - DEBUG - __main__ -   pred: 2
08/14/2023 21:07:21 - DEBUG - __main__ -   label: 1
08/14/2023 21:07:21 - DEBUG - __main__ -   pred: 1
08/14/2023 21:07:21 - DEBUG - __main__ -   label: 2
08/14/2023 21:07:21 - DEBUG - __main__ -   pred: 2
08/14/2023 21:07:21 - DEBUG - __main__ -   label: 0
08/14/2023 21:07:21 - DEBUG - __main__ -   pred: 1
08/14/2023 21:07:21 - DEBUG - __main__ -   label: 3
08/14/2023 21:07:21 - DEBUG - __main__ -   pred: 4
08/14/2023 21:07:21 - DEBUG - __main__ -   label: 6
08/14/2023 21:07:21 - DEBUG - __main__ -   pred: 4
08/14/2023 21:07:21 - DEBUG - __main__ -   label: 4
08/14/2023 21:07:21 - DEBUG - __main__ -   pred: 5
08/14/2023 21:07:21 - DEBUG - __main__ -   label: 2
08/14/2023 21:07:21 - DEBUG - __main__ -   pred: 2
08/14/2023 21:07:21 - DEBUG - __main__ -   label: 6
08/14/2023 21:07:21 - DEBUG - __main__ -   pred: 5
08/14/2023 21:07:21 - DEBUG - __main__ -   label: 6
08/14/2023 21:07:21 - DEBUG - __main__ -   pred: 5
08/14/2023 21:07:21 - DEBUG - __main__ -   label: 3
08/14/2023 21:07:21 - DEBUG - __main__ -   pred: 3
08/14/2023 21:07:21 - DEBUG - __main__ -   label: 4
08/14/2023 21:07:21 - DEBUG - __main__ -   pred: 3
08/14/2023 21:07:21 - DEBUG - __main__ -   label: 4
08/14/2023 21:07:21 - DEBUG - __main__ -   pred: 5
08/14/2023 21:07:21 - DEBUG - __main__ -   label: 5
08/14/2023 21:07:21 - DEBUG - __main__ -   pred: 5
08/14/2023 21:07:21 - DEBUG - __main__ -   label: 5
08/14/2023 21:07:21 - DEBUG - __main__ -   pred: 5
08/14/2023 21:07:21 - DEBUG - __main__ -   label: 4
08/14/2023 21:07:21 - DEBUG - __main__ -   pred: 5
08/14/2023 21:07:21 - DEBUG - __main__ -   label: 5
08/14/2023 21:07:21 - DEBUG - __main__ -   pred: 5
08/14/2023 21:07:21 - DEBUG - __main__ -   label: 1
08/14/2023 21:07:21 - DEBUG - __main__ -   pred: 1
08/14/2023 21:07:21 - DEBUG - __main__ -   label: 2
08/14/2023 21:07:21 - DEBUG - __main__ -   pred: 1
08/14/2023 21:07:21 - DEBUG - __main__ -   label: 1
08/14/2023 21:07:21 - DEBUG - __main__ -   pred: 2
08/14/2023 21:07:21 - DEBUG - __main__ -   label: 1
08/14/2023 21:07:21 - DEBUG - __main__ -   pred: 1
08/14/2023 21:07:21 - DEBUG - __main__ -   label: 1
08/14/2023 21:07:21 - DEBUG - __main__ -   pred: 2
08/14/2023 21:07:21 - DEBUG - __main__ -   label: 2
08/14/2023 21:07:21 - DEBUG - __main__ -   pred: 1
08/14/2023 21:07:21 - DEBUG - __main__ -   label: 1
08/14/2023 21:07:21 - DEBUG - __main__ -   pred: 1
08/14/2023 21:07:21 - DEBUG - __main__ -   label: 2
08/14/2023 21:07:21 - DEBUG - __main__ -   pred: 2
08/14/2023 21:07:21 - DEBUG - __main__ -   label: 1
08/14/2023 21:07:21 - DEBUG - __main__ -   pred: 1
08/14/2023 21:07:21 - DEBUG - __main__ -   label: 2
08/14/2023 21:07:21 - DEBUG - __main__ -   pred: 3
08/14/2023 21:07:21 - DEBUG - __main__ -   label: 4
08/14/2023 21:07:21 - DEBUG - __main__ -   pred: 5
08/14/2023 21:07:21 - DEBUG - __main__ -   label: 4
08/14/2023 21:07:21 - DEBUG - __main__ -   pred: 4
08/14/2023 21:07:21 - DEBUG - __main__ -   label: 2
08/14/2023 21:07:21 - DEBUG - __main__ -   pred: 1
08/14/2023 21:07:21 - DEBUG - __main__ -   label: 4
08/14/2023 21:07:21 - DEBUG - __main__ -   pred: 5
08/14/2023 21:07:21 - DEBUG - __main__ -   label: 4
08/14/2023 21:07:21 - DEBUG - __main__ -   pred: 5
08/14/2023 21:07:21 - DEBUG - __main__ -   label: 4
08/14/2023 21:07:21 - DEBUG - __main__ -   pred: 4
08/14/2023 21:07:21 - DEBUG - __main__ -   label: 4
08/14/2023 21:07:21 - DEBUG - __main__ -   pred: 4
08/14/2023 21:07:21 - DEBUG - __main__ -   label: 3
08/14/2023 21:07:21 - DEBUG - __main__ -   pred: 2
08/14/2023 21:07:21 - DEBUG - __main__ -   label: 2
08/14/2023 21:07:21 - DEBUG - __main__ -   pred: 1
08/14/2023 21:07:21 - DEBUG - __main__ -   label: 0
08/14/2023 21:07:21 - DEBUG - __main__ -   pred: 1
08/14/2023 21:07:21 - DEBUG - __main__ -   label: 2
08/14/2023 21:07:21 - DEBUG - __main__ -   pred: 1
08/14/2023 21:07:21 - DEBUG - __main__ -   label: 2
08/14/2023 21:07:21 - DEBUG - __main__ -   pred: 2
08/14/2023 21:07:21 - DEBUG - __main__ -   label: 2
08/14/2023 21:07:21 - DEBUG - __main__ -   pred: 2
08/14/2023 21:07:21 - DEBUG - __main__ -   label: 1
08/14/2023 21:07:21 - DEBUG - __main__ -   pred: 1
08/14/2023 21:07:21 - DEBUG - __main__ -   label: 1
08/14/2023 21:07:21 - DEBUG - __main__ -   pred: 1
08/14/2023 21:07:21 - DEBUG - __main__ -   label: 2
08/14/2023 21:07:21 - DEBUG - __main__ -   pred: 3
08/14/2023 21:07:21 - DEBUG - __main__ -   label: 2
08/14/2023 21:07:21 - DEBUG - __main__ -   pred: 1
08/14/2023 21:07:21 - DEBUG - __main__ -   label: 2
08/14/2023 21:07:21 - DEBUG - __main__ -   pred: 2
08/14/2023 21:07:21 - DEBUG - __main__ -   label: 2
08/14/2023 21:07:21 - DEBUG - __main__ -   pred: 2
08/14/2023 21:07:21 - DEBUG - __main__ -   label: 2
08/14/2023 21:07:21 - DEBUG - __main__ -   pred: 1
08/14/2023 21:07:21 - DEBUG - __main__ -   label: 3
08/14/2023 21:07:21 - DEBUG - __main__ -   pred: 4
08/14/2023 21:07:21 - DEBUG - __main__ -   label: 1
08/14/2023 21:07:21 - DEBUG - __main__ -   pred: 1
08/14/2023 21:07:21 - DEBUG - __main__ -   label: 2
08/14/2023 21:07:21 - DEBUG - __main__ -   pred: 3
08/14/2023 21:07:21 - DEBUG - __main__ -   label: 3
08/14/2023 21:07:21 - DEBUG - __main__ -   pred: 2
08/14/2023 21:07:21 - DEBUG - __main__ -   label: 5
08/14/2023 21:07:21 - DEBUG - __main__ -   pred: 5
08/14/2023 21:07:21 - DEBUG - __main__ -   label: 4
08/14/2023 21:07:21 - DEBUG - __main__ -   pred: 5
08/14/2023 21:07:21 - DEBUG - __main__ -   label: 4
08/14/2023 21:07:21 - DEBUG - __main__ -   pred: 3
08/14/2023 21:07:21 - DEBUG - __main__ -   label: 4
08/14/2023 21:07:21 - DEBUG - __main__ -   pred: 3
08/14/2023 21:07:21 - DEBUG - __main__ -   label: 5
08/14/2023 21:07:21 - DEBUG - __main__ -   pred: 5
08/14/2023 21:07:21 - DEBUG - __main__ -   label: 5
08/14/2023 21:07:21 - DEBUG - __main__ -   pred: 5
08/14/2023 21:07:21 - DEBUG - __main__ -   label: 4
08/14/2023 21:07:21 - DEBUG - __main__ -   pred: 4
08/14/2023 21:07:21 - DEBUG - __main__ -   label: 4
08/14/2023 21:07:21 - DEBUG - __main__ -   pred: 4
08/14/2023 21:07:21 - DEBUG - __main__ -   label: 3
08/14/2023 21:07:21 - DEBUG - __main__ -   pred: 3
08/14/2023 21:07:21 - DEBUG - __main__ -   label: 4
08/14/2023 21:07:21 - DEBUG - __main__ -   pred: 4
08/14/2023 21:07:21 - DEBUG - __main__ -   label: 4
08/14/2023 21:07:21 - DEBUG - __main__ -   pred: 5
08/14/2023 21:07:21 - DEBUG - __main__ -   label: 1
08/14/2023 21:07:21 - DEBUG - __main__ -   pred: 2
08/14/2023 21:07:21 - DEBUG - __main__ -   label: 2
08/14/2023 21:07:21 - DEBUG - __main__ -   pred: 3
08/14/2023 21:07:21 - DEBUG - __main__ -   label: 3
08/14/2023 21:07:21 - DEBUG - __main__ -   pred: 2
08/14/2023 21:07:21 - DEBUG - __main__ -   label: 0
08/14/2023 21:07:21 - DEBUG - __main__ -   pred: 1
08/14/2023 21:07:21 - DEBUG - __main__ -   label: 1
08/14/2023 21:07:21 - DEBUG - __main__ -   pred: 1
08/14/2023 21:07:21 - DEBUG - __main__ -   label: 1
08/14/2023 21:07:21 - DEBUG - __main__ -   pred: 1
08/14/2023 21:07:21 - DEBUG - __main__ -   label: 3
08/14/2023 21:07:21 - DEBUG - __main__ -   pred: 1
08/14/2023 21:07:21 - DEBUG - __main__ -   label: 1
08/14/2023 21:07:21 - DEBUG - __main__ -   pred: 1
08/14/2023 21:07:21 - DEBUG - __main__ -   label: 1
08/14/2023 21:07:21 - DEBUG - __main__ -   pred: 1
08/14/2023 21:07:21 - DEBUG - __main__ -   label: 2
08/14/2023 21:07:21 - DEBUG - __main__ -   pred: 2
08/14/2023 21:07:21 - DEBUG - __main__ -   label: 2
08/14/2023 21:07:21 - DEBUG - __main__ -   pred: 2
08/14/2023 21:07:21 - DEBUG - __main__ -   label: 2
08/14/2023 21:07:21 - DEBUG - __main__ -   pred: 1
08/14/2023 21:07:21 - DEBUG - __main__ -   label: 2
08/14/2023 21:07:21 - DEBUG - __main__ -   pred: 2
08/14/2023 21:07:21 - DEBUG - __main__ -   label: 5
08/14/2023 21:07:21 - DEBUG - __main__ -   pred: 5
08/14/2023 21:07:21 - DEBUG - __main__ -   label: 2
08/14/2023 21:07:21 - DEBUG - __main__ -   pred: 2
08/14/2023 21:07:21 - DEBUG - __main__ -   label: 6
08/14/2023 21:07:21 - DEBUG - __main__ -   pred: 5
08/14/2023 21:07:21 - DEBUG - __main__ -   label: 5
08/14/2023 21:07:21 - DEBUG - __main__ -   pred: 5
08/14/2023 21:07:21 - DEBUG - __main__ -   label: 5
08/14/2023 21:07:21 - DEBUG - __main__ -   pred: 5
08/14/2023 21:07:21 - DEBUG - __main__ -   label: 5
08/14/2023 21:07:21 - DEBUG - __main__ -   pred: 4
08/14/2023 21:07:21 - DEBUG - __main__ -   label: 5
08/14/2023 21:07:21 - DEBUG - __main__ -   pred: 4
08/14/2023 21:07:21 - DEBUG - __main__ -   label: 3
08/14/2023 21:07:21 - DEBUG - __main__ -   pred: 3
08/14/2023 21:07:21 - DEBUG - __main__ -   label: 4
08/14/2023 21:07:21 - DEBUG - __main__ -   pred: 3
08/14/2023 21:07:21 - DEBUG - __main__ -   label: 2
08/14/2023 21:07:21 - DEBUG - __main__ -   pred: 2
08/14/2023 21:07:21 - DEBUG - __main__ -   label: 2
08/14/2023 21:07:21 - DEBUG - __main__ -   pred: 2
08/14/2023 21:07:21 - DEBUG - __main__ -   label: 2
08/14/2023 21:07:21 - DEBUG - __main__ -   pred: 2
08/14/2023 21:07:21 - DEBUG - __main__ -   label: 3
08/14/2023 21:07:21 - DEBUG - __main__ -   pred: 2
08/14/2023 21:07:21 - DEBUG - __main__ -   label: 1
08/14/2023 21:07:21 - DEBUG - __main__ -   pred: 1
08/14/2023 21:07:21 - DEBUG - __main__ -   label: 2
08/14/2023 21:07:21 - DEBUG - __main__ -   pred: 2
08/14/2023 21:07:21 - DEBUG - __main__ -   label: 3
08/14/2023 21:07:21 - DEBUG - __main__ -   pred: 2
08/14/2023 21:07:21 - DEBUG - __main__ -   label: 3
08/14/2023 21:07:21 - DEBUG - __main__ -   pred: 1
08/14/2023 21:07:21 - DEBUG - __main__ -   label: 2
08/14/2023 21:07:21 - DEBUG - __main__ -   pred: 1
08/14/2023 21:07:21 - DEBUG - __main__ -   label: 1
08/14/2023 21:07:21 - DEBUG - __main__ -   pred: 1
08/14/2023 21:07:21 - DEBUG - __main__ -   label: 2
08/14/2023 21:07:21 - DEBUG - __main__ -   pred: 2
08/14/2023 21:07:21 - DEBUG - __main__ -   label: 2
08/14/2023 21:07:21 - DEBUG - __main__ -   pred: 2
08/14/2023 21:07:21 - DEBUG - __main__ -   label: 2
08/14/2023 21:07:21 - DEBUG - __main__ -   pred: 2
08/14/2023 21:07:21 - DEBUG - __main__ -   label: 3
08/14/2023 21:07:21 - DEBUG - __main__ -   pred: 1
08/14/2023 21:07:21 - DEBUG - __main__ -   label: 4
08/14/2023 21:07:21 - DEBUG - __main__ -   pred: 4
08/14/2023 21:07:21 - DEBUG - __main__ -   label: 5
08/14/2023 21:07:21 - DEBUG - __main__ -   pred: 5
08/14/2023 21:07:21 - DEBUG - __main__ -   label: 4
08/14/2023 21:07:21 - DEBUG - __main__ -   pred: 4
08/14/2023 21:07:21 - DEBUG - __main__ -   label: 4
08/14/2023 21:07:21 - DEBUG - __main__ -   pred: 4
08/14/2023 21:07:21 - DEBUG - __main__ -   label: 4
08/14/2023 21:07:21 - DEBUG - __main__ -   pred: 4
08/14/2023 21:07:21 - DEBUG - __main__ -   label: 4
08/14/2023 21:07:21 - DEBUG - __main__ -   pred: 4
08/14/2023 21:07:21 - DEBUG - __main__ -   label: 4
08/14/2023 21:07:21 - DEBUG - __main__ -   pred: 3
08/14/2023 21:07:21 - DEBUG - __main__ -   label: 2
08/14/2023 21:07:21 - DEBUG - __main__ -   pred: 2
08/14/2023 21:07:21 - DEBUG - __main__ -   label: 1
08/14/2023 21:07:21 - DEBUG - __main__ -   pred: 2
08/14/2023 21:07:21 - DEBUG - __main__ -   label: 1
08/14/2023 21:07:21 - DEBUG - __main__ -   pred: 1
08/14/2023 21:07:21 - DEBUG - __main__ -   label: 0
08/14/2023 21:07:21 - DEBUG - __main__ -   pred: 1
08/14/2023 21:07:21 - DEBUG - __main__ -   label: 2
08/14/2023 21:07:21 - DEBUG - __main__ -   pred: 2
08/14/2023 21:07:21 - DEBUG - __main__ -   label: 1
08/14/2023 21:07:21 - DEBUG - __main__ -   pred: 1
08/14/2023 21:07:21 - DEBUG - __main__ -   label: 1
08/14/2023 21:07:21 - DEBUG - __main__ -   pred: 1
08/14/2023 21:07:21 - DEBUG - __main__ -   label: 2
08/14/2023 21:07:21 - DEBUG - __main__ -   pred: 2
08/14/2023 21:07:21 - DEBUG - __main__ -   label: 1
08/14/2023 21:07:21 - DEBUG - __main__ -   pred: 1
08/14/2023 21:07:21 - DEBUG - __main__ -   label: 2
08/14/2023 21:07:21 - DEBUG - __main__ -   pred: 1
08/14/2023 21:07:21 - DEBUG - __main__ -   label: 2
08/14/2023 21:07:21 - DEBUG - __main__ -   pred: 2
08/14/2023 21:07:21 - DEBUG - __main__ -   label: 2
08/14/2023 21:07:21 - DEBUG - __main__ -   pred: 2
08/14/2023 21:07:21 - DEBUG - __main__ -   label: 1
08/14/2023 21:07:21 - DEBUG - __main__ -   pred: 1
08/14/2023 21:07:21 - DEBUG - __main__ -   label: 1
08/14/2023 21:07:21 - DEBUG - __main__ -   pred: 2
08/14/2023 21:07:21 - DEBUG - __main__ -   label: 1
08/14/2023 21:07:21 - DEBUG - __main__ -   pred: 2
08/14/2023 21:07:21 - DEBUG - __main__ -   label: 1
08/14/2023 21:07:21 - DEBUG - __main__ -   pred: 1
08/14/2023 21:07:21 - DEBUG - __main__ -   label: 1
08/14/2023 21:07:21 - DEBUG - __main__ -   pred: 1
08/14/2023 21:07:21 - DEBUG - __main__ -   label: 1
08/14/2023 21:07:21 - DEBUG - __main__ -   pred: 1
08/14/2023 21:07:21 - DEBUG - __main__ -   label: 1
08/14/2023 21:07:21 - DEBUG - __main__ -   pred: 1
08/14/2023 21:07:21 - DEBUG - __main__ -   label: 1
08/14/2023 21:07:21 - DEBUG - __main__ -   pred: 1
08/14/2023 21:07:21 - DEBUG - __main__ -   label: 2
08/14/2023 21:07:21 - DEBUG - __main__ -   pred: 1
08/14/2023 21:07:21 - DEBUG - __main__ -   label: 1
08/14/2023 21:07:21 - DEBUG - __main__ -   pred: 1
08/14/2023 21:07:21 - DEBUG - __main__ -   label: 3
08/14/2023 21:07:21 - DEBUG - __main__ -   pred: 4
08/14/2023 21:07:21 - DEBUG - __main__ -   label: 4
08/14/2023 21:07:21 - DEBUG - __main__ -   pred: 4
08/14/2023 21:07:21 - DEBUG - __main__ -   label: 3
08/14/2023 21:07:21 - DEBUG - __main__ -   pred: 3
08/14/2023 21:07:21 - DEBUG - __main__ -   label: 2
08/14/2023 21:07:21 - DEBUG - __main__ -   pred: 2
08/14/2023 21:07:21 - DEBUG - __main__ -   label: 4
08/14/2023 21:07:21 - DEBUG - __main__ -   pred: 3
08/14/2023 21:07:21 - DEBUG - __main__ -   label: 2
08/14/2023 21:07:21 - DEBUG - __main__ -   pred: 2
08/14/2023 21:07:21 - DEBUG - __main__ -   label: 3
08/14/2023 21:07:21 - DEBUG - __main__ -   pred: 2
08/14/2023 21:07:21 - DEBUG - __main__ -   label: 2
08/14/2023 21:07:21 - DEBUG - __main__ -   pred: 2
08/14/2023 21:07:21 - DEBUG - __main__ -   label: 2
08/14/2023 21:07:21 - DEBUG - __main__ -   pred: 1
08/14/2023 21:07:21 - DEBUG - __main__ -   label: 3
08/14/2023 21:07:21 - DEBUG - __main__ -   pred: 4
08/14/2023 21:07:21 - DEBUG - __main__ -   label: 4
08/14/2023 21:07:21 - DEBUG - __main__ -   pred: 5
08/14/2023 21:07:21 - DEBUG - __main__ -   label: 5
08/14/2023 21:07:21 - DEBUG - __main__ -   pred: 5
08/14/2023 21:07:21 - DEBUG - __main__ -   label: 4
08/14/2023 21:07:21 - DEBUG - __main__ -   pred: 5
08/14/2023 21:07:21 - DEBUG - __main__ -   label: 4
08/14/2023 21:07:21 - DEBUG - __main__ -   pred: 4
08/14/2023 21:07:21 - DEBUG - __main__ -   label: 4
08/14/2023 21:07:21 - DEBUG - __main__ -   pred: 5
08/14/2023 21:07:21 - DEBUG - __main__ -   label: 3
08/14/2023 21:07:21 - DEBUG - __main__ -   pred: 3
08/14/2023 21:07:21 - DEBUG - __main__ -   label: 3
08/14/2023 21:07:21 - DEBUG - __main__ -   pred: 3
08/14/2023 21:07:21 - DEBUG - __main__ -   label: 4
08/14/2023 21:07:21 - DEBUG - __main__ -   pred: 5
08/14/2023 21:07:21 - DEBUG - __main__ -   label: 4
08/14/2023 21:07:21 - DEBUG - __main__ -   pred: 3
