******** Training fold 0 ********
02/12/2024 09:10:19 - DEBUG - urllib3.connectionpool -   Starting new HTTPS connection (1): huggingface.co:443
02/12/2024 09:10:20 - DEBUG - urllib3.connectionpool -   https://huggingface.co:443 "HEAD /KBLab/wav2vec2-large-voxrex-swedish/resolve/main/preprocessor_config.json HTTP/1.1" 200 0
02/12/2024 09:10:20 - DEBUG - urllib3.connectionpool -   https://huggingface.co:443 "HEAD /KBLab/wav2vec2-large-voxrex-swedish/resolve/main/tokenizer_config.json HTTP/1.1" 200 0
02/12/2024 09:10:20 - DEBUG - __main__ -   Processor loaded. CPU mem usage: 0.39G.  Cuda 0: memory acclocated: 0 G.
02/12/2024 09:10:24 - DEBUG - __main__ -   Model loaded. CPU mem usage: 1.99G.  Cuda 0: memory acclocated: 0 G.
Wav2Vec2ForSequenceClassification(
  (wav2vec2): Wav2Vec2Model(
    (feature_extractor): Wav2Vec2FeatureEncoder(
      (conv_layers): ModuleList(
        (0): Wav2Vec2LayerNormConvLayer(
          (conv): Conv1d(1, 512, kernel_size=(10,), stride=(5,))
          (layer_norm): LayerNorm((512,), eps=1e-05, elementwise_affine=True)
          (activation): GELUActivation()
        )
        (1-4): 4 x Wav2Vec2LayerNormConvLayer(
          (conv): Conv1d(512, 512, kernel_size=(3,), stride=(2,))
          (layer_norm): LayerNorm((512,), eps=1e-05, elementwise_affine=True)
          (activation): GELUActivation()
        )
        (5-6): 2 x Wav2Vec2LayerNormConvLayer(
          (conv): Conv1d(512, 512, kernel_size=(2,), stride=(2,))
          (layer_norm): LayerNorm((512,), eps=1e-05, elementwise_affine=True)
          (activation): GELUActivation()
        )
      )
    )
    (feature_projection): Wav2Vec2FeatureProjection(
      (layer_norm): LayerNorm((512,), eps=1e-05, elementwise_affine=True)
      (projection): Linear(in_features=512, out_features=1024, bias=True)
      (dropout): Dropout(p=0.05, inplace=False)
    )
    (encoder): Wav2Vec2EncoderStableLayerNorm(
      (pos_conv_embed): Wav2Vec2PositionalConvEmbedding(
        (conv): Conv1d(1024, 1024, kernel_size=(128,), stride=(1,), padding=(64,), groups=16)
        (padding): Wav2Vec2SamePadLayer()
        (activation): GELUActivation()
      )
      (layer_norm): LayerNorm((1024,), eps=1e-05, elementwise_affine=True)
      (dropout): Dropout(p=0.05, inplace=False)
      (layers): ModuleList(
        (0-23): 24 x Wav2Vec2EncoderLayerStableLayerNorm(
          (attention): Wav2Vec2Attention(
            (k_proj): Linear(in_features=1024, out_features=1024, bias=True)
            (v_proj): Linear(in_features=1024, out_features=1024, bias=True)
            (q_proj): Linear(in_features=1024, out_features=1024, bias=True)
            (out_proj): Linear(in_features=1024, out_features=1024, bias=True)
          )
          (dropout): Dropout(p=0.05, inplace=False)
          (layer_norm): LayerNorm((1024,), eps=1e-05, elementwise_affine=True)
          (feed_forward): Wav2Vec2FeedForward(
            (intermediate_dropout): Dropout(p=0.05, inplace=False)
            (intermediate_dense): Linear(in_features=1024, out_features=4096, bias=True)
            (intermediate_act_fn): GELUActivation()
            (output_dense): Linear(in_features=4096, out_features=1024, bias=True)
            (output_dropout): Dropout(p=0.05, inplace=False)
          )
          (final_layer_norm): LayerNorm((1024,), eps=1e-05, elementwise_affine=True)
        )
      )
    )
  )
  (projector): Linear(in_features=1024, out_features=256, bias=True)
  (classifier): Linear(in_features=256, out_features=6, bias=True)
)
02/12/2024 09:10:45 - DEBUG - __main__ -   Speech loaded. N_train=1171, N_eval=371. CPU mem usage: 3.45G.  Cuda 0: memory acclocated: 0 G.
02/12/2024 09:10:51 - DEBUG - __main__ -   Feature extracted. Duration: 0:00:06 CPU mem usage: 4.64G.  Cuda 0: memory acclocated: 0 G.
02/12/2024 09:10:51 - DEBUG - augmentations.transform -   2107 instances resampled, final data size: 3278
02/12/2024 09:10:51 - DEBUG - augmentations.transform -   Apply augmentation to oversampled instances
02/12/2024 09:10:51 - DEBUG - augmentations.transform -   Max transforms: 2
02/12/2024 09:12:19 - DEBUG - augmentations.transform -   Training set (N=2107): augmented training data added. Duration: 0:01:28
02/12/2024 09:12:19 - DEBUG - augmentations.transform -   Training set (N=3278): data resampled. Duration: 0:01:28
02/12/2024 09:12:19 - DEBUG - urllib3.connectionpool -   Starting new HTTPS connection (1): s3.amazonaws.com:443
02/12/2024 09:12:20 - DEBUG - urllib3.connectionpool -   https://s3.amazonaws.com:443 "HEAD /datasets.huggingface.co/datasets/metrics/evaluate-metric/precision/evaluate-metric/precision.py HTTP/1.1" 404 0
02/12/2024 09:12:20 - DEBUG - urllib3.connectionpool -   Starting new HTTPS connection (1): huggingface.co:443
02/12/2024 09:12:20 - DEBUG - urllib3.connectionpool -   https://huggingface.co:443 "HEAD /spaces/evaluate-metric/precision/resolve/v0.4.0/precision.py HTTP/1.1" 200 0
02/12/2024 09:12:20 - DEBUG - urllib3.connectionpool -   Starting new HTTPS connection (1): s3.amazonaws.com:443
02/12/2024 09:12:20 - DEBUG - urllib3.connectionpool -   https://s3.amazonaws.com:443 "HEAD /datasets.huggingface.co/datasets/metrics/evaluate-metric/recall/evaluate-metric/recall.py HTTP/1.1" 404 0
02/12/2024 09:12:20 - DEBUG - urllib3.connectionpool -   Starting new HTTPS connection (1): huggingface.co:443
02/12/2024 09:12:21 - DEBUG - urllib3.connectionpool -   https://huggingface.co:443 "HEAD /spaces/evaluate-metric/recall/resolve/v0.4.0/recall.py HTTP/1.1" 200 0
02/12/2024 09:12:21 - DEBUG - urllib3.connectionpool -   Starting new HTTPS connection (1): s3.amazonaws.com:443
02/12/2024 09:12:21 - DEBUG - urllib3.connectionpool -   https://s3.amazonaws.com:443 "HEAD /datasets.huggingface.co/datasets/metrics/evaluate-metric/f1/evaluate-metric/f1.py HTTP/1.1" 404 0
02/12/2024 09:12:21 - DEBUG - urllib3.connectionpool -   Starting new HTTPS connection (1): huggingface.co:443
02/12/2024 09:12:21 - DEBUG - urllib3.connectionpool -   https://huggingface.co:443 "HEAD /spaces/evaluate-metric/f1/resolve/v0.4.0/f1.py HTTP/1.1" 200 0
02/12/2024 09:12:21 - DEBUG - urllib3.connectionpool -   Starting new HTTPS connection (1): s3.amazonaws.com:443
02/12/2024 09:12:22 - DEBUG - urllib3.connectionpool -   https://s3.amazonaws.com:443 "HEAD /datasets.huggingface.co/datasets/metrics/evaluate-metric/spearmanr/evaluate-metric/spearmanr.py HTTP/1.1" 404 0
02/12/2024 09:12:22 - DEBUG - urllib3.connectionpool -   Starting new HTTPS connection (1): huggingface.co:443
02/12/2024 09:12:22 - DEBUG - urllib3.connectionpool -   https://huggingface.co:443 "HEAD /spaces/evaluate-metric/spearmanr/resolve/v0.4.0/spearmanr.py HTTP/1.1" 200 0
RUNNING CCL
02/12/2024 09:12:22 - DEBUG - __main__ -   Class difficulty order: [[2, 1], [2, 1, 3, 4], [2, 1, 3, 4, 0, 5]]
02/12/2024 09:12:22 - DEBUG - __main__ -   n_epochs for each CCL phase: [2, 2, 10]
Training with classes: [2, 1]
02/12/2024 09:12:35 - DEBUG - __main__ -   Training phase 0 starts now. CPU mem usage: 7.46G.  Cuda 0: memory acclocated: 2 G.
02/12/2024 09:12:35 - DEBUG - helper.classes -   ----------- Starting epoch 1 -----------
{'loss': 0.889, 'learning_rate': 1.8181818181818182e-05, 'epoch': 0.91}
02/12/2024 09:16:55 - DEBUG - helper.classes -   Epoch 1.0 completed, Duration: 0:04:20 Mem usage: CPU mem usage: 8.53G.  Cuda 0: memory acclocated: 10 G.
02/12/2024 09:17:17 - DEBUG - fsspec.local -   open file: /home/lunt1/.cache/huggingface/metrics/precision/default/default_experiment-1-0.arrow
02/12/2024 09:17:18 - DEBUG - fsspec.local -   open file: /home/lunt1/.cache/huggingface/metrics/recall/default/default_experiment-1-0.arrow
02/12/2024 09:17:18 - DEBUG - fsspec.local -   open file: /home/lunt1/.cache/huggingface/metrics/f1/default/default_experiment-1-0.arrow
02/12/2024 09:17:18 - DEBUG - fsspec.local -   open file: /home/lunt1/.cache/huggingface/metrics/spearmanr/default/default_experiment-1-0.arrow
02/12/2024 09:17:18 - DEBUG - fsspec.local -   open file: /home/lunt1/.cache/huggingface/metrics/precision/default/default_experiment-1-0.arrow
02/12/2024 09:17:18 - DEBUG - fsspec.local -   open file: /home/lunt1/.cache/huggingface/metrics/recall/default/default_experiment-1-0.arrow
02/12/2024 09:17:18 - DEBUG - fsspec.local -   open file: /home/lunt1/.cache/huggingface/metrics/f1/default/default_experiment-1-0.arrow
{'eval_loss': 2.457439422607422, 'eval_precision': 0.1521221501279838, 'eval_recall': 0.2317345295606165, 'eval_f1': 0.18286279802069272, 'eval_spearmanr': 0.46152759830785645, 'eval_precision_weighted': 0.3144221939792656, 'eval_recall_weighted': 0.4609164420485175, 'eval_f1_weighted': 0.37231063144072074, 'eval_runtime': 22.609, 'eval_samples_per_second': 16.409, 'eval_steps_per_second': 8.227, 'epoch': 1.0}
02/12/2024 09:17:21 - DEBUG - helper.classes -   ----------- Starting epoch 2.0 -----------
{'loss': 0.5793, 'learning_rate': 3.0303030303030305e-06, 'epoch': 1.82}
02/12/2024 09:21:22 - DEBUG - helper.classes -   Epoch 2.0 completed, Duration: 0:04:00 Mem usage: CPU mem usage: 8.54G.  Cuda 0: memory acclocated: 10 G.
02/12/2024 09:21:44 - DEBUG - fsspec.local -   open file: /home/lunt1/.cache/huggingface/metrics/precision/default/default_experiment-1-0.arrow
02/12/2024 09:21:44 - DEBUG - fsspec.local -   open file: /home/lunt1/.cache/huggingface/metrics/recall/default/default_experiment-1-0.arrow
02/12/2024 09:21:44 - DEBUG - fsspec.local -   open file: /home/lunt1/.cache/huggingface/metrics/f1/default/default_experiment-1-0.arrow
02/12/2024 09:21:44 - DEBUG - fsspec.local -   open file: /home/lunt1/.cache/huggingface/metrics/spearmanr/default/default_experiment-1-0.arrow
02/12/2024 09:21:44 - DEBUG - fsspec.local -   open file: /home/lunt1/.cache/huggingface/metrics/precision/default/default_experiment-1-0.arrow
02/12/2024 09:21:44 - DEBUG - fsspec.local -   open file: /home/lunt1/.cache/huggingface/metrics/recall/default/default_experiment-1-0.arrow
02/12/2024 09:21:44 - DEBUG - fsspec.local -   open file: /home/lunt1/.cache/huggingface/metrics/f1/default/default_experiment-1-0.arrow
{'eval_loss': 2.832143783569336, 'eval_precision': 0.16126300375906985, 'eval_recall': 0.23451805843110188, 'eval_f1': 0.19094627531557182, 'eval_spearmanr': 0.4733833996207937, 'eval_precision_weighted': 0.32809474679826356, 'eval_recall_weighted': 0.48517520215633425, 'eval_f1_weighted': 0.39116110140568466, 'eval_runtime': 22.1069, 'eval_samples_per_second': 16.782, 'eval_steps_per_second': 8.414, 'epoch': 2.0}
{'train_runtime': 553.5336, 'train_samples_per_second': 3.971, 'train_steps_per_second': 1.987, 'train_loss': 0.7426449793035333, 'epoch': 2.0}
02/12/2024 09:21:49 - INFO - __main__ -   Training completed. Duration: 0:09:13
Training with classes: [2, 1, 3, 4]
02/12/2024 09:21:49 - DEBUG - __main__ -   Training phase 1 starts now. CPU mem usage: 8.52G.  Cuda 0: memory acclocated: 10 G.
02/12/2024 09:21:49 - DEBUG - helper.classes -   ----------- Starting epoch 1 -----------
{'loss': 1.6297, 'learning_rate': 2.5909766980664356e-05, 'epoch': 0.45}
{'loss': 0.9067, 'learning_rate': 1.847297967278136e-05, 'epoch': 0.89}
02/12/2024 09:29:08 - DEBUG - helper.classes -   Epoch 1.0 completed, Duration: 0:07:18 Mem usage: CPU mem usage: 8.55G.  Cuda 0: memory acclocated: 10 G.
02/12/2024 09:29:30 - DEBUG - fsspec.local -   open file: /home/lunt1/.cache/huggingface/metrics/precision/default/default_experiment-1-0.arrow
02/12/2024 09:29:30 - DEBUG - fsspec.local -   open file: /home/lunt1/.cache/huggingface/metrics/recall/default/default_experiment-1-0.arrow
02/12/2024 09:29:30 - DEBUG - fsspec.local -   open file: /home/lunt1/.cache/huggingface/metrics/f1/default/default_experiment-1-0.arrow
02/12/2024 09:29:30 - DEBUG - fsspec.local -   open file: /home/lunt1/.cache/huggingface/metrics/spearmanr/default/default_experiment-1-0.arrow
02/12/2024 09:29:30 - DEBUG - fsspec.local -   open file: /home/lunt1/.cache/huggingface/metrics/precision/default/default_experiment-1-0.arrow
02/12/2024 09:29:30 - DEBUG - fsspec.local -   open file: /home/lunt1/.cache/huggingface/metrics/recall/default/default_experiment-1-0.arrow
02/12/2024 09:29:30 - DEBUG - fsspec.local -   open file: /home/lunt1/.cache/huggingface/metrics/f1/default/default_experiment-1-0.arrow
{'eval_loss': 1.5273293256759644, 'eval_precision': 0.3149326274326274, 'eval_recall': 0.4014596603724064, 'eval_f1': 0.3266760655455479, 'eval_spearmanr': 0.6456089298760576, 'eval_precision_weighted': 0.49587602181941803, 'eval_recall_weighted': 0.5094339622641509, 'eval_f1_weighted': 0.4856532228504163, 'eval_runtime': 22.1492, 'eval_samples_per_second': 16.75, 'eval_steps_per_second': 8.398, 'epoch': 1.0}
02/12/2024 09:29:34 - DEBUG - helper.classes -   ----------- Starting epoch 2.0 -----------
{'loss': 0.7264, 'learning_rate': 1.1036192364898364e-05, 'epoch': 1.34}
{'loss': 0.6715, 'learning_rate': 3.5994050570153697e-06, 'epoch': 1.78}
02/12/2024 09:36:52 - DEBUG - helper.classes -   Epoch 2.0 completed, Duration: 0:07:18 Mem usage: CPU mem usage: 8.55G.  Cuda 0: memory acclocated: 10 G.
02/12/2024 09:37:14 - DEBUG - fsspec.local -   open file: /home/lunt1/.cache/huggingface/metrics/precision/default/default_experiment-1-0.arrow
02/12/2024 09:37:14 - DEBUG - fsspec.local -   open file: /home/lunt1/.cache/huggingface/metrics/recall/default/default_experiment-1-0.arrow
02/12/2024 09:37:14 - DEBUG - fsspec.local -   open file: /home/lunt1/.cache/huggingface/metrics/f1/default/default_experiment-1-0.arrow
02/12/2024 09:37:14 - DEBUG - fsspec.local -   open file: /home/lunt1/.cache/huggingface/metrics/spearmanr/default/default_experiment-1-0.arrow
02/12/2024 09:37:14 - DEBUG - fsspec.local -   open file: /home/lunt1/.cache/huggingface/metrics/precision/default/default_experiment-1-0.arrow
02/12/2024 09:37:14 - DEBUG - fsspec.local -   open file: /home/lunt1/.cache/huggingface/metrics/recall/default/default_experiment-1-0.arrow
02/12/2024 09:37:14 - DEBUG - fsspec.local -   open file: /home/lunt1/.cache/huggingface/metrics/f1/default/default_experiment-1-0.arrow
{'eval_loss': 1.7156414985656738, 'eval_precision': 0.3390794682024067, 'eval_recall': 0.4070057592748368, 'eval_f1': 0.3556929080630467, 'eval_spearmanr': 0.6581768126180493, 'eval_precision_weighted': 0.5265565779554069, 'eval_recall_weighted': 0.5417789757412399, 'eval_f1_weighted': 0.5244267059609214, 'eval_runtime': 22.184, 'eval_samples_per_second': 16.724, 'eval_steps_per_second': 8.384, 'epoch': 2.0}
{'train_runtime': 929.7643, 'train_samples_per_second': 4.821, 'train_steps_per_second': 2.411, 'train_loss': 0.9430445416711676, 'epoch': 2.0}
02/12/2024 09:37:19 - INFO - __main__ -   Training completed. Duration: 0:15:29
Training with classes: [2, 1, 3, 4, 0, 5]
02/12/2024 09:37:19 - DEBUG - __main__ -   Training phase 2 starts now. CPU mem usage: 8.53G.  Cuda 0: memory acclocated: 10 G.
02/12/2024 09:37:19 - DEBUG - helper.classes -   ----------- Starting epoch 1 -----------
{'loss': 2.086, 'learning_rate': 9.151921903599756e-06, 'epoch': 0.31}
{'loss': 0.9537, 'learning_rate': 1.8303843807199512e-05, 'epoch': 0.61}
{'loss': 0.7692, 'learning_rate': 2.7455765710799268e-05, 'epoch': 0.92}
02/12/2024 09:47:39 - DEBUG - helper.classes -   Epoch 1.0 completed, Duration: 0:10:20 Mem usage: CPU mem usage: 8.56G.  Cuda 0: memory acclocated: 10 G.
02/12/2024 09:48:01 - DEBUG - fsspec.local -   open file: /home/lunt1/.cache/huggingface/metrics/precision/default/default_experiment-1-0.arrow
02/12/2024 09:48:01 - DEBUG - fsspec.local -   open file: /home/lunt1/.cache/huggingface/metrics/recall/default/default_experiment-1-0.arrow
02/12/2024 09:48:01 - DEBUG - fsspec.local -   open file: /home/lunt1/.cache/huggingface/metrics/f1/default/default_experiment-1-0.arrow
02/12/2024 09:48:01 - DEBUG - fsspec.local -   open file: /home/lunt1/.cache/huggingface/metrics/spearmanr/default/default_experiment-1-0.arrow
02/12/2024 09:48:01 - DEBUG - fsspec.local -   open file: /home/lunt1/.cache/huggingface/metrics/precision/default/default_experiment-1-0.arrow
02/12/2024 09:48:01 - DEBUG - fsspec.local -   open file: /home/lunt1/.cache/huggingface/metrics/recall/default/default_experiment-1-0.arrow
02/12/2024 09:48:01 - DEBUG - fsspec.local -   open file: /home/lunt1/.cache/huggingface/metrics/f1/default/default_experiment-1-0.arrow
{'eval_loss': 1.7793426513671875, 'eval_precision': 0.30063169277839324, 'eval_recall': 0.41739731506578587, 'eval_f1': 0.30371562830388543, 'eval_spearmanr': 0.6620228593654113, 'eval_precision_weighted': 0.4405898944958403, 'eval_recall_weighted': 0.39892183288409705, 'eval_f1_weighted': 0.3919365835514609, 'eval_runtime': 22.1313, 'eval_samples_per_second': 16.764, 'eval_steps_per_second': 8.404, 'epoch': 1.0}
02/12/2024 09:48:04 - DEBUG - helper.classes -   ----------- Starting epoch 2.0 -----------
{'loss': 0.6944, 'learning_rate': 2.9265812487288998e-05, 'epoch': 1.22}
{'loss': 0.5765, 'learning_rate': 2.8248932275777913e-05, 'epoch': 1.53}
{'loss': 0.5011, 'learning_rate': 2.723205206426683e-05, 'epoch': 1.83}
02/12/2024 09:58:27 - DEBUG - helper.classes -   Epoch 2.0 completed, Duration: 0:10:22 Mem usage: CPU mem usage: 8.55G.  Cuda 0: memory acclocated: 10 G.
02/12/2024 09:58:49 - DEBUG - fsspec.local -   open file: /home/lunt1/.cache/huggingface/metrics/precision/default/default_experiment-1-0.arrow
02/12/2024 09:58:49 - DEBUG - fsspec.local -   open file: /home/lunt1/.cache/huggingface/metrics/recall/default/default_experiment-1-0.arrow
02/12/2024 09:58:49 - DEBUG - fsspec.local -   open file: /home/lunt1/.cache/huggingface/metrics/f1/default/default_experiment-1-0.arrow
02/12/2024 09:58:49 - DEBUG - fsspec.local -   open file: /home/lunt1/.cache/huggingface/metrics/spearmanr/default/default_experiment-1-0.arrow
02/12/2024 09:58:49 - DEBUG - fsspec.local -   open file: /home/lunt1/.cache/huggingface/metrics/precision/default/default_experiment-1-0.arrow
02/12/2024 09:58:49 - DEBUG - fsspec.local -   open file: /home/lunt1/.cache/huggingface/metrics/recall/default/default_experiment-1-0.arrow
02/12/2024 09:58:49 - DEBUG - fsspec.local -   open file: /home/lunt1/.cache/huggingface/metrics/f1/default/default_experiment-1-0.arrow
{'eval_loss': 2.043537139892578, 'eval_precision': 0.44107731993469007, 'eval_recall': 0.45277580305237475, 'eval_f1': 0.44045175875149295, 'eval_spearmanr': 0.6854898698317107, 'eval_precision_weighted': 0.5709628656280535, 'eval_recall_weighted': 0.5660377358490566, 'eval_f1_weighted': 0.5607068468932092, 'eval_runtime': 22.111, 'eval_samples_per_second': 16.779, 'eval_steps_per_second': 8.412, 'epoch': 2.0}
02/12/2024 09:58:53 - DEBUG - helper.classes -   ----------- Starting epoch 3.0 -----------
{'loss': 0.4952, 'learning_rate': 2.6215171852755746e-05, 'epoch': 2.14}
{'loss': 0.4048, 'learning_rate': 2.519829164124466e-05, 'epoch': 2.44}
{'loss': 0.3333, 'learning_rate': 2.418141142973358e-05, 'epoch': 2.75}
02/12/2024 10:09:17 - DEBUG - helper.classes -   Epoch 3.0 completed, Duration: 0:10:24 Mem usage: CPU mem usage: 8.55G.  Cuda 0: memory acclocated: 10 G.
02/12/2024 10:09:40 - DEBUG - fsspec.local -   open file: /home/lunt1/.cache/huggingface/metrics/precision/default/default_experiment-1-0.arrow
02/12/2024 10:09:40 - DEBUG - fsspec.local -   open file: /home/lunt1/.cache/huggingface/metrics/recall/default/default_experiment-1-0.arrow
02/12/2024 10:09:40 - DEBUG - fsspec.local -   open file: /home/lunt1/.cache/huggingface/metrics/f1/default/default_experiment-1-0.arrow
02/12/2024 10:09:40 - DEBUG - fsspec.local -   open file: /home/lunt1/.cache/huggingface/metrics/spearmanr/default/default_experiment-1-0.arrow
02/12/2024 10:09:40 - DEBUG - fsspec.local -   open file: /home/lunt1/.cache/huggingface/metrics/precision/default/default_experiment-1-0.arrow
02/12/2024 10:09:40 - DEBUG - fsspec.local -   open file: /home/lunt1/.cache/huggingface/metrics/recall/default/default_experiment-1-0.arrow
02/12/2024 10:09:40 - DEBUG - fsspec.local -   open file: /home/lunt1/.cache/huggingface/metrics/f1/default/default_experiment-1-0.arrow
{'eval_loss': 2.9000799655914307, 'eval_precision': 0.39085605982309723, 'eval_recall': 0.3773253847095517, 'eval_f1': 0.37591018645349966, 'eval_spearmanr': 0.66916192451767, 'eval_precision_weighted': 0.5333273152523123, 'eval_recall_weighted': 0.5444743935309974, 'eval_f1_weighted': 0.5309740385984812, 'eval_runtime': 22.1204, 'eval_samples_per_second': 16.772, 'eval_steps_per_second': 8.409, 'epoch': 3.0}
02/12/2024 10:09:43 - DEBUG - helper.classes -   ----------- Starting epoch 4.0 -----------
{'loss': 0.3596, 'learning_rate': 2.3164531218222494e-05, 'epoch': 3.05}
{'loss': 0.2565, 'learning_rate': 2.2147651006711412e-05, 'epoch': 3.36}
{'loss': 0.2076, 'learning_rate': 2.1130770795200324e-05, 'epoch': 3.66}
{'loss': 0.2307, 'learning_rate': 2.0113890583689242e-05, 'epoch': 3.97}
02/12/2024 10:20:18 - DEBUG - helper.classes -   Epoch 4.0 completed, Duration: 0:10:34 Mem usage: CPU mem usage: 8.18G.  Cuda 0: memory acclocated: 10 G.
02/12/2024 10:20:40 - DEBUG - fsspec.local -   open file: /home/lunt1/.cache/huggingface/metrics/precision/default/default_experiment-1-0.arrow
02/12/2024 10:20:41 - DEBUG - fsspec.local -   open file: /home/lunt1/.cache/huggingface/metrics/recall/default/default_experiment-1-0.arrow
02/12/2024 10:20:41 - DEBUG - fsspec.local -   open file: /home/lunt1/.cache/huggingface/metrics/f1/default/default_experiment-1-0.arrow
02/12/2024 10:20:41 - DEBUG - fsspec.local -   open file: /home/lunt1/.cache/huggingface/metrics/spearmanr/default/default_experiment-1-0.arrow
02/12/2024 10:20:42 - DEBUG - fsspec.local -   open file: /home/lunt1/.cache/huggingface/metrics/precision/default/default_experiment-1-0.arrow
02/12/2024 10:20:42 - DEBUG - fsspec.local -   open file: /home/lunt1/.cache/huggingface/metrics/recall/default/default_experiment-1-0.arrow
02/12/2024 10:20:42 - DEBUG - fsspec.local -   open file: /home/lunt1/.cache/huggingface/metrics/f1/default/default_experiment-1-0.arrow
{'eval_loss': 3.24592924118042, 'eval_precision': 0.381867996622095, 'eval_recall': 0.36185190849736143, 'eval_f1': 0.3663833183394843, 'eval_spearmanr': 0.6716815517618302, 'eval_precision_weighted': 0.5413116573029967, 'eval_recall_weighted': 0.5579514824797844, 'eval_f1_weighted': 0.5432233699335742, 'eval_runtime': 23.9005, 'eval_samples_per_second': 15.523, 'eval_steps_per_second': 7.782, 'epoch': 4.0}
02/12/2024 10:20:46 - DEBUG - helper.classes -   ----------- Starting epoch 5.0 -----------
{'loss': 0.2065, 'learning_rate': 1.909701037217816e-05, 'epoch': 4.27}
{'loss': 0.2512, 'learning_rate': 1.8080130160667075e-05, 'epoch': 4.58}
{'loss': 0.2364, 'learning_rate': 1.706324994915599e-05, 'epoch': 4.88}
02/12/2024 10:31:09 - DEBUG - helper.classes -   Epoch 5.0 completed, Duration: 0:10:23 Mem usage: CPU mem usage: 8.18G.  Cuda 0: memory acclocated: 10 G.
02/12/2024 10:31:31 - DEBUG - fsspec.local -   open file: /home/lunt1/.cache/huggingface/metrics/precision/default/default_experiment-1-0.arrow
02/12/2024 10:31:31 - DEBUG - fsspec.local -   open file: /home/lunt1/.cache/huggingface/metrics/recall/default/default_experiment-1-0.arrow
02/12/2024 10:31:31 - DEBUG - fsspec.local -   open file: /home/lunt1/.cache/huggingface/metrics/f1/default/default_experiment-1-0.arrow
02/12/2024 10:31:31 - DEBUG - fsspec.local -   open file: /home/lunt1/.cache/huggingface/metrics/spearmanr/default/default_experiment-1-0.arrow
02/12/2024 10:31:31 - DEBUG - fsspec.local -   open file: /home/lunt1/.cache/huggingface/metrics/precision/default/default_experiment-1-0.arrow
02/12/2024 10:31:31 - DEBUG - fsspec.local -   open file: /home/lunt1/.cache/huggingface/metrics/recall/default/default_experiment-1-0.arrow
02/12/2024 10:31:31 - DEBUG - fsspec.local -   open file: /home/lunt1/.cache/huggingface/metrics/f1/default/default_experiment-1-0.arrow
{'eval_loss': 3.4414780139923096, 'eval_precision': 0.3921478847949436, 'eval_recall': 0.37815402984022506, 'eval_f1': 0.38221350758763467, 'eval_spearmanr': 0.6784947020815757, 'eval_precision_weighted': 0.5495822421856986, 'eval_recall_weighted': 0.5660377358490566, 'eval_f1_weighted': 0.5543251089519142, 'eval_runtime': 22.2311, 'eval_samples_per_second': 16.688, 'eval_steps_per_second': 8.367, 'epoch': 5.0}
02/12/2024 10:31:35 - DEBUG - helper.classes -   ----------- Starting epoch 6.0 -----------
{'loss': 0.1426, 'learning_rate': 1.6046369737644905e-05, 'epoch': 5.19}
{'loss': 0.1665, 'learning_rate': 1.5029489526133823e-05, 'epoch': 5.49}
{'loss': 0.1271, 'learning_rate': 1.4012609314622738e-05, 'epoch': 5.8}
02/12/2024 10:41:59 - DEBUG - helper.classes -   Epoch 6.0 completed, Duration: 0:10:24 Mem usage: CPU mem usage: 8.18G.  Cuda 0: memory acclocated: 10 G.
02/12/2024 10:42:21 - DEBUG - fsspec.local -   open file: /home/lunt1/.cache/huggingface/metrics/precision/default/default_experiment-1-0.arrow
02/12/2024 10:42:21 - DEBUG - fsspec.local -   open file: /home/lunt1/.cache/huggingface/metrics/recall/default/default_experiment-1-0.arrow
02/12/2024 10:42:21 - DEBUG - fsspec.local -   open file: /home/lunt1/.cache/huggingface/metrics/f1/default/default_experiment-1-0.arrow
02/12/2024 10:42:21 - DEBUG - fsspec.local -   open file: /home/lunt1/.cache/huggingface/metrics/spearmanr/default/default_experiment-1-0.arrow
02/12/2024 10:42:21 - DEBUG - fsspec.local -   open file: /home/lunt1/.cache/huggingface/metrics/precision/default/default_experiment-1-0.arrow
02/12/2024 10:42:21 - DEBUG - fsspec.local -   open file: /home/lunt1/.cache/huggingface/metrics/recall/default/default_experiment-1-0.arrow
02/12/2024 10:42:21 - DEBUG - fsspec.local -   open file: /home/lunt1/.cache/huggingface/metrics/f1/default/default_experiment-1-0.arrow
{'eval_loss': 3.9574804306030273, 'eval_precision': 0.39440014440014437, 'eval_recall': 0.36042590499855715, 'eval_f1': 0.3695272893624377, 'eval_spearmanr': 0.6702207232062375, 'eval_precision_weighted': 0.5355471083233886, 'eval_recall_weighted': 0.5525606469002695, 'eval_f1_weighted': 0.5376666709995364, 'eval_runtime': 22.1, 'eval_samples_per_second': 16.787, 'eval_steps_per_second': 8.416, 'epoch': 6.0}
02/12/2024 10:42:25 - DEBUG - helper.classes -   ----------- Starting epoch 7.0 -----------
{'loss': 0.1606, 'learning_rate': 1.2995729103111653e-05, 'epoch': 6.1}
{'loss': 0.0854, 'learning_rate': 1.1978848891600571e-05, 'epoch': 6.41}
{'loss': 0.1395, 'learning_rate': 1.0961968680089486e-05, 'epoch': 6.71}
02/12/2024 10:52:47 - DEBUG - helper.classes -   Epoch 7.0 completed, Duration: 0:10:21 Mem usage: CPU mem usage: 8.19G.  Cuda 0: memory acclocated: 10 G.
02/12/2024 10:53:09 - DEBUG - fsspec.local -   open file: /home/lunt1/.cache/huggingface/metrics/precision/default/default_experiment-1-0.arrow
02/12/2024 10:53:09 - DEBUG - fsspec.local -   open file: /home/lunt1/.cache/huggingface/metrics/recall/default/default_experiment-1-0.arrow
02/12/2024 10:53:09 - DEBUG - fsspec.local -   open file: /home/lunt1/.cache/huggingface/metrics/f1/default/default_experiment-1-0.arrow
02/12/2024 10:53:09 - DEBUG - fsspec.local -   open file: /home/lunt1/.cache/huggingface/metrics/spearmanr/default/default_experiment-1-0.arrow
02/12/2024 10:53:09 - DEBUG - fsspec.local -   open file: /home/lunt1/.cache/huggingface/metrics/precision/default/default_experiment-1-0.arrow
02/12/2024 10:53:09 - DEBUG - fsspec.local -   open file: /home/lunt1/.cache/huggingface/metrics/recall/default/default_experiment-1-0.arrow
02/12/2024 10:53:09 - DEBUG - fsspec.local -   open file: /home/lunt1/.cache/huggingface/metrics/f1/default/default_experiment-1-0.arrow
{'eval_loss': 4.240364074707031, 'eval_precision': 0.3459184042837598, 'eval_recall': 0.32920763631820554, 'eval_f1': 0.3306267019750166, 'eval_spearmanr': 0.624230363370849, 'eval_precision_weighted': 0.4922872148704774, 'eval_recall_weighted': 0.509433962264151, 'eval_f1_weighted': 0.4892440421166307, 'eval_runtime': 22.111, 'eval_samples_per_second': 16.779, 'eval_steps_per_second': 8.412, 'epoch': 7.0}
02/12/2024 10:53:13 - DEBUG - helper.classes -   ----------- Starting epoch 8.0 -----------
{'loss': 0.1545, 'learning_rate': 9.945088468578402e-06, 'epoch': 7.02}
{'loss': 0.0813, 'learning_rate': 8.928208257067317e-06, 'epoch': 7.32}
{'loss': 0.1058, 'learning_rate': 7.911328045556234e-06, 'epoch': 7.63}
{'loss': 0.0968, 'learning_rate': 6.8944478340451495e-06, 'epoch': 7.93}
02/12/2024 11:03:44 - DEBUG - helper.classes -   Epoch 8.0 completed, Duration: 0:10:30 Mem usage: CPU mem usage: 8.18G.  Cuda 0: memory acclocated: 10 G.
02/12/2024 11:04:06 - DEBUG - fsspec.local -   open file: /home/lunt1/.cache/huggingface/metrics/precision/default/default_experiment-1-0.arrow
02/12/2024 11:04:06 - DEBUG - fsspec.local -   open file: /home/lunt1/.cache/huggingface/metrics/recall/default/default_experiment-1-0.arrow
02/12/2024 11:04:06 - DEBUG - fsspec.local -   open file: /home/lunt1/.cache/huggingface/metrics/f1/default/default_experiment-1-0.arrow
02/12/2024 11:04:06 - DEBUG - fsspec.local -   open file: /home/lunt1/.cache/huggingface/metrics/spearmanr/default/default_experiment-1-0.arrow
02/12/2024 11:04:07 - DEBUG - fsspec.local -   open file: /home/lunt1/.cache/huggingface/metrics/precision/default/default_experiment-1-0.arrow
02/12/2024 11:04:07 - DEBUG - fsspec.local -   open file: /home/lunt1/.cache/huggingface/metrics/recall/default/default_experiment-1-0.arrow
02/12/2024 11:04:07 - DEBUG - fsspec.local -   open file: /home/lunt1/.cache/huggingface/metrics/f1/default/default_experiment-1-0.arrow
{'eval_loss': 4.000604629516602, 'eval_precision': 0.3682825792277061, 'eval_recall': 0.35475635035499425, 'eval_f1': 0.3584416568190771, 'eval_spearmanr': 0.6752850313965985, 'eval_precision_weighted': 0.535105591241415, 'eval_recall_weighted': 0.555256064690027, 'eval_f1_weighted': 0.5420170330019006, 'eval_runtime': 23.2237, 'eval_samples_per_second': 15.975, 'eval_steps_per_second': 8.009, 'epoch': 8.0}
02/12/2024 11:04:10 - DEBUG - helper.classes -   ----------- Starting epoch 9.0 -----------
{'loss': 0.0969, 'learning_rate': 5.877567622534065e-06, 'epoch': 8.24}
{'loss': 0.0367, 'learning_rate': 4.860687411022982e-06, 'epoch': 8.54}
{'loss': 0.0804, 'learning_rate': 3.8438071995118975e-06, 'epoch': 8.85}
02/12/2024 11:14:34 - DEBUG - helper.classes -   Epoch 9.0 completed, Duration: 0:10:23 Mem usage: CPU mem usage: 8.18G.  Cuda 0: memory acclocated: 10 G.
02/12/2024 11:14:56 - DEBUG - fsspec.local -   open file: /home/lunt1/.cache/huggingface/metrics/precision/default/default_experiment-1-0.arrow
02/12/2024 11:14:56 - DEBUG - fsspec.local -   open file: /home/lunt1/.cache/huggingface/metrics/recall/default/default_experiment-1-0.arrow
02/12/2024 11:14:56 - DEBUG - fsspec.local -   open file: /home/lunt1/.cache/huggingface/metrics/f1/default/default_experiment-1-0.arrow
02/12/2024 11:14:56 - DEBUG - fsspec.local -   open file: /home/lunt1/.cache/huggingface/metrics/spearmanr/default/default_experiment-1-0.arrow
02/12/2024 11:14:56 - DEBUG - fsspec.local -   open file: /home/lunt1/.cache/huggingface/metrics/precision/default/default_experiment-1-0.arrow
02/12/2024 11:14:56 - DEBUG - fsspec.local -   open file: /home/lunt1/.cache/huggingface/metrics/recall/default/default_experiment-1-0.arrow
02/12/2024 11:14:56 - DEBUG - fsspec.local -   open file: /home/lunt1/.cache/huggingface/metrics/f1/default/default_experiment-1-0.arrow
{'eval_loss': 4.17594051361084, 'eval_precision': 0.3739091776380099, 'eval_recall': 0.37045318295838725, 'eval_f1': 0.37084383448198976, 'eval_spearmanr': 0.6715906083875102, 'eval_precision_weighted': 0.5369601430336511, 'eval_recall_weighted': 0.5606469002695418, 'eval_f1_weighted': 0.5459886323110604, 'eval_runtime': 22.136, 'eval_samples_per_second': 16.76, 'eval_steps_per_second': 8.403, 'epoch': 9.0}
02/12/2024 11:15:00 - DEBUG - helper.classes -   ----------- Starting epoch 10.0 -----------
{'loss': 0.0383, 'learning_rate': 2.8269269880008136e-06, 'epoch': 9.15}
{'loss': 0.0724, 'learning_rate': 1.8100467764897293e-06, 'epoch': 9.46}
{'loss': 0.035, 'learning_rate': 7.931665649786455e-07, 'epoch': 9.76}
02/12/2024 11:25:19 - DEBUG - helper.classes -   Epoch 10.0 completed, Duration: 0:10:19 Mem usage: CPU mem usage: 8.18G.  Cuda 0: memory acclocated: 10 G.
02/12/2024 11:25:42 - DEBUG - fsspec.local -   open file: /home/lunt1/.cache/huggingface/metrics/precision/default/default_experiment-1-0.arrow
02/12/2024 11:25:42 - DEBUG - fsspec.local -   open file: /home/lunt1/.cache/huggingface/metrics/recall/default/default_experiment-1-0.arrow
02/12/2024 11:25:42 - DEBUG - fsspec.local -   open file: /home/lunt1/.cache/huggingface/metrics/f1/default/default_experiment-1-0.arrow
02/12/2024 11:25:42 - DEBUG - fsspec.local -   open file: /home/lunt1/.cache/huggingface/metrics/spearmanr/default/default_experiment-1-0.arrow
02/12/2024 11:25:42 - DEBUG - fsspec.local -   open file: /home/lunt1/.cache/huggingface/metrics/precision/default/default_experiment-1-0.arrow
02/12/2024 11:25:42 - DEBUG - fsspec.local -   open file: /home/lunt1/.cache/huggingface/metrics/recall/default/default_experiment-1-0.arrow
02/12/2024 11:25:42 - DEBUG - fsspec.local -   open file: /home/lunt1/.cache/huggingface/metrics/f1/default/default_experiment-1-0.arrow
{'eval_loss': 4.137643814086914, 'eval_precision': 0.38022530751431, 'eval_recall': 0.3629844725217353, 'eval_f1': 0.3684309245099165, 'eval_spearmanr': 0.6783539615539653, 'eval_precision_weighted': 0.5458935600491222, 'eval_recall_weighted': 0.568733153638814, 'eval_f1_weighted': 0.5522673464123334, 'eval_runtime': 22.9766, 'eval_samples_per_second': 16.147, 'eval_steps_per_second': 8.095, 'epoch': 10.0}
{'train_runtime': 6510.2569, 'train_samples_per_second': 5.035, 'train_steps_per_second': 2.518, 'train_loss': 0.31211629731397644, 'epoch': 10.0}
02/12/2024 11:25:49 - INFO - __main__ -   Training completed. Duration: 1:48:30
02/12/2024 11:26:11 - DEBUG - fsspec.local -   open file: /home/lunt1/.cache/huggingface/metrics/precision/default/default_experiment-1-0.arrow
02/12/2024 11:26:11 - DEBUG - fsspec.local -   open file: /home/lunt1/.cache/huggingface/metrics/recall/default/default_experiment-1-0.arrow
02/12/2024 11:26:11 - DEBUG - fsspec.local -   open file: /home/lunt1/.cache/huggingface/metrics/f1/default/default_experiment-1-0.arrow
02/12/2024 11:26:11 - DEBUG - fsspec.local -   open file: /home/lunt1/.cache/huggingface/metrics/spearmanr/default/default_experiment-1-0.arrow
02/12/2024 11:26:11 - DEBUG - fsspec.local -   open file: /home/lunt1/.cache/huggingface/metrics/precision/default/default_experiment-1-0.arrow
02/12/2024 11:26:11 - DEBUG - fsspec.local -   open file: /home/lunt1/.cache/huggingface/metrics/recall/default/default_experiment-1-0.arrow
02/12/2024 11:26:11 - DEBUG - fsspec.local -   open file: /home/lunt1/.cache/huggingface/metrics/f1/default/default_experiment-1-0.arrow
02/12/2024 11:26:11 - DEBUG - fsspec.local -   open file: /home/lunt1/.cache/huggingface/metrics/precision/default/default_experiment-1-0.arrow
02/12/2024 11:26:11 - DEBUG - fsspec.local -   open file: /home/lunt1/.cache/huggingface/metrics/recall/default/default_experiment-1-0.arrow
02/12/2024 11:26:11 - DEBUG - fsspec.local -   open file: /home/lunt1/.cache/huggingface/metrics/f1/default/default_experiment-1-0.arrow
02/12/2024 11:26:11 - DEBUG - fsspec.local -   open file: /home/lunt1/.cache/huggingface/metrics/spearmanr/default/default_experiment-1-0.arrow
02/12/2024 11:26:11 - DEBUG - fsspec.local -   open file: /home/lunt1/.cache/huggingface/metrics/precision/default/default_experiment-1-0.arrow
02/12/2024 11:26:11 - DEBUG - fsspec.local -   open file: /home/lunt1/.cache/huggingface/metrics/recall/default/default_experiment-1-0.arrow
02/12/2024 11:26:11 - DEBUG - fsspec.local -   open file: /home/lunt1/.cache/huggingface/metrics/f1/default/default_experiment-1-0.arrow
02/12/2024 11:26:11 - DEBUG - __main__ -   label: 2
02/12/2024 11:26:11 - DEBUG - __main__ -   pred: 2
02/12/2024 11:26:11 - DEBUG - __main__ -   label: 2
02/12/2024 11:26:11 - DEBUG - __main__ -   pred: 1
02/12/2024 11:26:11 - DEBUG - __main__ -   label: 2
02/12/2024 11:26:11 - DEBUG - __main__ -   pred: 2
02/12/2024 11:26:11 - DEBUG - __main__ -   label: 2
02/12/2024 11:26:11 - DEBUG - __main__ -   pred: 2
02/12/2024 11:26:11 - DEBUG - __main__ -   label: 2
02/12/2024 11:26:11 - DEBUG - __main__ -   pred: 2
02/12/2024 11:26:11 - DEBUG - __main__ -   label: 1
02/12/2024 11:26:11 - DEBUG - __main__ -   pred: 1
02/12/2024 11:26:11 - DEBUG - __main__ -   label: 2
02/12/2024 11:26:11 - DEBUG - __main__ -   pred: 2
02/12/2024 11:26:11 - DEBUG - __main__ -   label: 0
02/12/2024 11:26:11 - DEBUG - __main__ -   pred: 2
02/12/2024 11:26:11 - DEBUG - __main__ -   label: 3
02/12/2024 11:26:11 - DEBUG - __main__ -   pred: 2
02/12/2024 11:26:11 - DEBUG - __main__ -   label: 1
02/12/2024 11:26:11 - DEBUG - __main__ -   pred: 2
02/12/2024 11:26:11 - DEBUG - __main__ -   label: 1
02/12/2024 11:26:11 - DEBUG - __main__ -   pred: 2
02/12/2024 11:26:11 - DEBUG - __main__ -   label: 2
02/12/2024 11:26:11 - DEBUG - __main__ -   pred: 2
02/12/2024 11:26:11 - DEBUG - __main__ -   label: 2
02/12/2024 11:26:11 - DEBUG - __main__ -   pred: 2
02/12/2024 11:26:11 - DEBUG - __main__ -   label: 2
02/12/2024 11:26:11 - DEBUG - __main__ -   pred: 2
02/12/2024 11:26:11 - DEBUG - __main__ -   label: 1
02/12/2024 11:26:11 - DEBUG - __main__ -   pred: 2
02/12/2024 11:26:11 - DEBUG - __main__ -   label: 2
02/12/2024 11:26:11 - DEBUG - __main__ -   pred: 2
02/12/2024 11:26:11 - DEBUG - __main__ -   label: 1
02/12/2024 11:26:11 - DEBUG - __main__ -   pred: 2
02/12/2024 11:26:11 - DEBUG - __main__ -   label: 3
02/12/2024 11:26:11 - DEBUG - __main__ -   pred: 2
02/12/2024 11:26:11 - DEBUG - __main__ -   label: 2
02/12/2024 11:26:11 - DEBUG - __main__ -   pred: 1
02/12/2024 11:26:11 - DEBUG - __main__ -   label: 1
02/12/2024 11:26:11 - DEBUG - __main__ -   pred: 2
02/12/2024 11:26:11 - DEBUG - __main__ -   label: 2
02/12/2024 11:26:11 - DEBUG - __main__ -   pred: 2
02/12/2024 11:26:11 - DEBUG - __main__ -   label: 2
02/12/2024 11:26:11 - DEBUG - __main__ -   pred: 1
02/12/2024 11:26:11 - DEBUG - __main__ -   label: 1
02/12/2024 11:26:11 - DEBUG - __main__ -   pred: 2
02/12/2024 11:26:11 - DEBUG - __main__ -   label: 2
02/12/2024 11:26:11 - DEBUG - __main__ -   pred: 2
02/12/2024 11:26:11 - DEBUG - __main__ -   label: 1
02/12/2024 11:26:11 - DEBUG - __main__ -   pred: 1
02/12/2024 11:26:11 - DEBUG - __main__ -   label: 2
02/12/2024 11:26:11 - DEBUG - __main__ -   pred: 3
02/12/2024 11:26:11 - DEBUG - __main__ -   label: 1
02/12/2024 11:26:11 - DEBUG - __main__ -   pred: 1
02/12/2024 11:26:11 - DEBUG - __main__ -   label: 1
02/12/2024 11:26:11 - DEBUG - __main__ -   pred: 1
02/12/2024 11:26:11 - DEBUG - __main__ -   label: 2
02/12/2024 11:26:11 - DEBUG - __main__ -   pred: 2
02/12/2024 11:26:11 - DEBUG - __main__ -   label: 3
02/12/2024 11:26:11 - DEBUG - __main__ -   pred: 1
02/12/2024 11:26:11 - DEBUG - __main__ -   label: 2
02/12/2024 11:26:11 - DEBUG - __main__ -   pred: 2
02/12/2024 11:26:11 - DEBUG - __main__ -   label: 1
02/12/2024 11:26:11 - DEBUG - __main__ -   pred: 1
02/12/2024 11:26:11 - DEBUG - __main__ -   label: 1
02/12/2024 11:26:11 - DEBUG - __main__ -   pred: 1
02/12/2024 11:26:11 - DEBUG - __main__ -   label: 1
02/12/2024 11:26:11 - DEBUG - __main__ -   pred: 1
02/12/2024 11:26:11 - DEBUG - __main__ -   label: 1
02/12/2024 11:26:11 - DEBUG - __main__ -   pred: 1
02/12/2024 11:26:11 - DEBUG - __main__ -   label: 2
02/12/2024 11:26:11 - DEBUG - __main__ -   pred: 2
02/12/2024 11:26:11 - DEBUG - __main__ -   label: 2
02/12/2024 11:26:11 - DEBUG - __main__ -   pred: 2
02/12/2024 11:26:11 - DEBUG - __main__ -   label: 2
02/12/2024 11:26:11 - DEBUG - __main__ -   pred: 2
02/12/2024 11:26:11 - DEBUG - __main__ -   label: 3
02/12/2024 11:26:11 - DEBUG - __main__ -   pred: 3
02/12/2024 11:26:11 - DEBUG - __main__ -   label: 4
02/12/2024 11:26:11 - DEBUG - __main__ -   pred: 3
02/12/2024 11:26:11 - DEBUG - __main__ -   label: 2
02/12/2024 11:26:11 - DEBUG - __main__ -   pred: 3
02/12/2024 11:26:11 - DEBUG - __main__ -   label: 2
02/12/2024 11:26:11 - DEBUG - __main__ -   pred: 1
02/12/2024 11:26:11 - DEBUG - __main__ -   label: 3
02/12/2024 11:26:11 - DEBUG - __main__ -   pred: 4
02/12/2024 11:26:11 - DEBUG - __main__ -   label: 3
02/12/2024 11:26:11 - DEBUG - __main__ -   pred: 3
02/12/2024 11:26:11 - DEBUG - __main__ -   label: 3
02/12/2024 11:26:11 - DEBUG - __main__ -   pred: 3
02/12/2024 11:26:11 - DEBUG - __main__ -   label: 2
02/12/2024 11:26:11 - DEBUG - __main__ -   pred: 2
02/12/2024 11:26:11 - DEBUG - __main__ -   label: 3
02/12/2024 11:26:11 - DEBUG - __main__ -   pred: 3
02/12/2024 11:26:11 - DEBUG - __main__ -   label: 3
02/12/2024 11:26:11 - DEBUG - __main__ -   pred: 3
02/12/2024 11:26:11 - DEBUG - __main__ -   label: 3
02/12/2024 11:26:11 - DEBUG - __main__ -   pred: 2
02/12/2024 11:26:11 - DEBUG - __main__ -   label: 3
02/12/2024 11:26:11 - DEBUG - __main__ -   pred: 2
02/12/2024 11:26:11 - DEBUG - __main__ -   label: 2
02/12/2024 11:26:11 - DEBUG - __main__ -   pred: 2
02/12/2024 11:26:11 - DEBUG - __main__ -   label: 3
02/12/2024 11:26:11 - DEBUG - __main__ -   pred: 3
02/12/2024 11:26:11 - DEBUG - __main__ -   label: 2
02/12/2024 11:26:11 - DEBUG - __main__ -   pred: 3
02/12/2024 11:26:11 - DEBUG - __main__ -   label: 3
02/12/2024 11:26:11 - DEBUG - __main__ -   pred: 3
02/12/2024 11:26:11 - DEBUG - __main__ -   label: 2
02/12/2024 11:26:11 - DEBUG - __main__ -   pred: 2
02/12/2024 11:26:11 - DEBUG - __main__ -   label: 2
02/12/2024 11:26:11 - DEBUG - __main__ -   pred: 1
02/12/2024 11:26:11 - DEBUG - __main__ -   label: 2
02/12/2024 11:26:11 - DEBUG - __main__ -   pred: 2
02/12/2024 11:26:11 - DEBUG - __main__ -   label: 2
02/12/2024 11:26:11 - DEBUG - __main__ -   pred: 1
02/12/2024 11:26:11 - DEBUG - __main__ -   label: 2
02/12/2024 11:26:11 - DEBUG - __main__ -   pred: 2
02/12/2024 11:26:11 - DEBUG - __main__ -   label: 1
02/12/2024 11:26:11 - DEBUG - __main__ -   pred: 1
02/12/2024 11:26:11 - DEBUG - __main__ -   label: 2
02/12/2024 11:26:11 - DEBUG - __main__ -   pred: 2
02/12/2024 11:26:11 - DEBUG - __main__ -   label: 2
02/12/2024 11:26:11 - DEBUG - __main__ -   pred: 3
02/12/2024 11:26:11 - DEBUG - __main__ -   label: 2
02/12/2024 11:26:11 - DEBUG - __main__ -   pred: 2
02/12/2024 11:26:11 - DEBUG - __main__ -   label: 1
02/12/2024 11:26:11 - DEBUG - __main__ -   pred: 2
02/12/2024 11:26:11 - DEBUG - __main__ -   label: 2
02/12/2024 11:26:11 - DEBUG - __main__ -   pred: 1
02/12/2024 11:26:11 - DEBUG - __main__ -   label: 2
02/12/2024 11:26:11 - DEBUG - __main__ -   pred: 2
02/12/2024 11:26:11 - DEBUG - __main__ -   label: 1
02/12/2024 11:26:11 - DEBUG - __main__ -   pred: 1
02/12/2024 11:26:11 - DEBUG - __main__ -   label: 2
02/12/2024 11:26:11 - DEBUG - __main__ -   pred: 2
02/12/2024 11:26:11 - DEBUG - __main__ -   label: 2
02/12/2024 11:26:11 - DEBUG - __main__ -   pred: 2
02/12/2024 11:26:11 - DEBUG - __main__ -   label: 2
02/12/2024 11:26:11 - DEBUG - __main__ -   pred: 1
02/12/2024 11:26:11 - DEBUG - __main__ -   label: 3
02/12/2024 11:26:11 - DEBUG - __main__ -   pred: 2
02/12/2024 11:26:11 - DEBUG - __main__ -   label: 3
02/12/2024 11:26:11 - DEBUG - __main__ -   pred: 2
02/12/2024 11:26:11 - DEBUG - __main__ -   label: 2
02/12/2024 11:26:11 - DEBUG - __main__ -   pred: 2
02/12/2024 11:26:11 - DEBUG - __main__ -   label: 1
02/12/2024 11:26:11 - DEBUG - __main__ -   pred: 1
02/12/2024 11:26:11 - DEBUG - __main__ -   label: 1
02/12/2024 11:26:11 - DEBUG - __main__ -   pred: 1
02/12/2024 11:26:11 - DEBUG - __main__ -   label: 2
02/12/2024 11:26:11 - DEBUG - __main__ -   pred: 2
02/12/2024 11:26:11 - DEBUG - __main__ -   label: 2
02/12/2024 11:26:11 - DEBUG - __main__ -   pred: 1
02/12/2024 11:26:11 - DEBUG - __main__ -   label: 1
02/12/2024 11:26:11 - DEBUG - __main__ -   pred: 1
02/12/2024 11:26:11 - DEBUG - __main__ -   label: 3
02/12/2024 11:26:11 - DEBUG - __main__ -   pred: 3
02/12/2024 11:26:11 - DEBUG - __main__ -   label: 0
02/12/2024 11:26:11 - DEBUG - __main__ -   pred: 1
02/12/2024 11:26:11 - DEBUG - __main__ -   label: 2
02/12/2024 11:26:11 - DEBUG - __main__ -   pred: 1
02/12/2024 11:26:11 - DEBUG - __main__ -   label: 2
02/12/2024 11:26:11 - DEBUG - __main__ -   pred: 1
02/12/2024 11:26:11 - DEBUG - __main__ -   label: 2
02/12/2024 11:26:11 - DEBUG - __main__ -   pred: 2
02/12/2024 11:26:11 - DEBUG - __main__ -   label: 2
02/12/2024 11:26:11 - DEBUG - __main__ -   pred: 2
02/12/2024 11:26:11 - DEBUG - __main__ -   label: 2
02/12/2024 11:26:11 - DEBUG - __main__ -   pred: 2
02/12/2024 11:26:11 - DEBUG - __main__ -   label: 2
02/12/2024 11:26:11 - DEBUG - __main__ -   pred: 1
02/12/2024 11:26:11 - DEBUG - __main__ -   label: 2
02/12/2024 11:26:11 - DEBUG - __main__ -   pred: 2
02/12/2024 11:26:11 - DEBUG - __main__ -   label: 0
02/12/2024 11:26:11 - DEBUG - __main__ -   pred: 1
02/12/2024 11:26:11 - DEBUG - __main__ -   label: 2
02/12/2024 11:26:11 - DEBUG - __main__ -   pred: 1
02/12/2024 11:26:11 - DEBUG - __main__ -   label: 1
02/12/2024 11:26:11 - DEBUG - __main__ -   pred: 1
02/12/2024 11:26:11 - DEBUG - __main__ -   label: 1
02/12/2024 11:26:11 - DEBUG - __main__ -   pred: 1
02/12/2024 11:26:11 - DEBUG - __main__ -   label: 1
02/12/2024 11:26:11 - DEBUG - __main__ -   pred: 1
02/12/2024 11:26:11 - DEBUG - __main__ -   label: 2
02/12/2024 11:26:11 - DEBUG - __main__ -   pred: 1
02/12/2024 11:26:11 - DEBUG - __main__ -   label: 1
02/12/2024 11:26:11 - DEBUG - __main__ -   pred: 1
02/12/2024 11:26:11 - DEBUG - __main__ -   label: 1
02/12/2024 11:26:11 - DEBUG - __main__ -   pred: 1
02/12/2024 11:26:11 - DEBUG - __main__ -   label: 1
02/12/2024 11:26:11 - DEBUG - __main__ -   pred: 1
02/12/2024 11:26:11 - DEBUG - __main__ -   label: 2
02/12/2024 11:26:11 - DEBUG - __main__ -   pred: 0
02/12/2024 11:26:11 - DEBUG - __main__ -   label: 1
02/12/2024 11:26:11 - DEBUG - __main__ -   pred: 0
02/12/2024 11:26:11 - DEBUG - __main__ -   label: 0
02/12/2024 11:26:11 - DEBUG - __main__ -   pred: 0
02/12/2024 11:26:11 - DEBUG - __main__ -   label: 0
02/12/2024 11:26:11 - DEBUG - __main__ -   pred: 1
02/12/2024 11:26:11 - DEBUG - __main__ -   label: 1
02/12/2024 11:26:11 - DEBUG - __main__ -   pred: 0
02/12/2024 11:26:11 - DEBUG - __main__ -   label: 1
02/12/2024 11:26:11 - DEBUG - __main__ -   pred: 1
02/12/2024 11:26:11 - DEBUG - __main__ -   label: 1
02/12/2024 11:26:11 - DEBUG - __main__ -   pred: 1
02/12/2024 11:26:11 - DEBUG - __main__ -   label: 2
02/12/2024 11:26:11 - DEBUG - __main__ -   pred: 1
02/12/2024 11:26:11 - DEBUG - __main__ -   label: 1
02/12/2024 11:26:11 - DEBUG - __main__ -   pred: 1
02/12/2024 11:26:11 - DEBUG - __main__ -   label: 1
02/12/2024 11:26:11 - DEBUG - __main__ -   pred: 1
02/12/2024 11:26:11 - DEBUG - __main__ -   label: 3
02/12/2024 11:26:11 - DEBUG - __main__ -   pred: 2
02/12/2024 11:26:11 - DEBUG - __main__ -   label: 2
02/12/2024 11:26:11 - DEBUG - __main__ -   pred: 2
02/12/2024 11:26:11 - DEBUG - __main__ -   label: 2
02/12/2024 11:26:11 - DEBUG - __main__ -   pred: 2
02/12/2024 11:26:11 - DEBUG - __main__ -   label: 2
02/12/2024 11:26:11 - DEBUG - __main__ -   pred: 2
02/12/2024 11:26:11 - DEBUG - __main__ -   label: 2
02/12/2024 11:26:11 - DEBUG - __main__ -   pred: 1
02/12/2024 11:26:11 - DEBUG - __main__ -   label: 1
02/12/2024 11:26:11 - DEBUG - __main__ -   pred: 1
02/12/2024 11:26:11 - DEBUG - __main__ -   label: 1
02/12/2024 11:26:11 - DEBUG - __main__ -   pred: 1
02/12/2024 11:26:11 - DEBUG - __main__ -   label: 0
02/12/2024 11:26:11 - DEBUG - __main__ -   pred: 1
02/12/2024 11:26:11 - DEBUG - __main__ -   label: 4
02/12/2024 11:26:11 - DEBUG - __main__ -   pred: 4
02/12/2024 11:26:11 - DEBUG - __main__ -   label: 5
02/12/2024 11:26:11 - DEBUG - __main__ -   pred: 4
02/12/2024 11:26:11 - DEBUG - __main__ -   label: 3
02/12/2024 11:26:11 - DEBUG - __main__ -   pred: 2
02/12/2024 11:26:11 - DEBUG - __main__ -   label: 2
02/12/2024 11:26:11 - DEBUG - __main__ -   pred: 2
02/12/2024 11:26:11 - DEBUG - __main__ -   label: 3
02/12/2024 11:26:11 - DEBUG - __main__ -   pred: 2
02/12/2024 11:26:11 - DEBUG - __main__ -   label: 4
02/12/2024 11:26:11 - DEBUG - __main__ -   pred: 4
02/12/2024 11:26:11 - DEBUG - __main__ -   label: 4
02/12/2024 11:26:11 - DEBUG - __main__ -   pred: 4
02/12/2024 11:26:11 - DEBUG - __main__ -   label: 3
02/12/2024 11:26:11 - DEBUG - __main__ -   pred: 3
02/12/2024 11:26:11 - DEBUG - __main__ -   label: 3
02/12/2024 11:26:11 - DEBUG - __main__ -   pred: 4
02/12/2024 11:26:11 - DEBUG - __main__ -   label: 3
02/12/2024 11:26:11 - DEBUG - __main__ -   pred: 2
02/12/2024 11:26:11 - DEBUG - __main__ -   label: 3
02/12/2024 11:26:11 - DEBUG - __main__ -   pred: 3
02/12/2024 11:26:11 - DEBUG - __main__ -   label: 3
02/12/2024 11:26:11 - DEBUG - __main__ -   pred: 3
02/12/2024 11:26:11 - DEBUG - __main__ -   label: 4
02/12/2024 11:26:11 - DEBUG - __main__ -   pred: 3
02/12/2024 11:26:11 - DEBUG - __main__ -   label: 4
02/12/2024 11:26:11 - DEBUG - __main__ -   pred: 4
02/12/2024 11:26:11 - DEBUG - __main__ -   label: 4
02/12/2024 11:26:11 - DEBUG - __main__ -   pred: 4
02/12/2024 11:26:11 - DEBUG - __main__ -   label: 3
02/12/2024 11:26:11 - DEBUG - __main__ -   pred: 3
02/12/2024 11:26:11 - DEBUG - __main__ -   label: 3
02/12/2024 11:26:11 - DEBUG - __main__ -   pred: 3
02/12/2024 11:26:11 - DEBUG - __main__ -   label: 5
02/12/2024 11:26:11 - DEBUG - __main__ -   pred: 4
02/12/2024 11:26:11 - DEBUG - __main__ -   label: 4
02/12/2024 11:26:11 - DEBUG - __main__ -   pred: 4
02/12/2024 11:26:11 - DEBUG - __main__ -   label: 4
02/12/2024 11:26:11 - DEBUG - __main__ -   pred: 4
02/12/2024 11:26:11 - DEBUG - __main__ -   label: 3
02/12/2024 11:26:11 - DEBUG - __main__ -   pred: 3
02/12/2024 11:26:11 - DEBUG - __main__ -   label: 4
02/12/2024 11:26:11 - DEBUG - __main__ -   pred: 4
02/12/2024 11:26:11 - DEBUG - __main__ -   label: 4
02/12/2024 11:26:11 - DEBUG - __main__ -   pred: 4
02/12/2024 11:26:11 - DEBUG - __main__ -   label: 3
02/12/2024 11:26:11 - DEBUG - __main__ -   pred: 2
02/12/2024 11:26:11 - DEBUG - __main__ -   label: 2
02/12/2024 11:26:11 - DEBUG - __main__ -   pred: 2
02/12/2024 11:26:11 - DEBUG - __main__ -   label: 3
02/12/2024 11:26:11 - DEBUG - __main__ -   pred: 4
02/12/2024 11:26:11 - DEBUG - __main__ -   label: 3
02/12/2024 11:26:11 - DEBUG - __main__ -   pred: 2
02/12/2024 11:26:11 - DEBUG - __main__ -   label: 2
02/12/2024 11:26:11 - DEBUG - __main__ -   pred: 2
02/12/2024 11:26:11 - DEBUG - __main__ -   label: 1
02/12/2024 11:26:11 - DEBUG - __main__ -   pred: 1
02/12/2024 11:26:11 - DEBUG - __main__ -   label: 3
02/12/2024 11:26:11 - DEBUG - __main__ -   pred: 3
02/12/2024 11:26:11 - DEBUG - __main__ -   label: 4
02/12/2024 11:26:11 - DEBUG - __main__ -   pred: 4
02/12/2024 11:26:11 - DEBUG - __main__ -   label: 3
02/12/2024 11:26:11 - DEBUG - __main__ -   pred: 3
02/12/2024 11:26:11 - DEBUG - __main__ -   label: 3
02/12/2024 11:26:11 - DEBUG - __main__ -   pred: 3
02/12/2024 11:26:11 - DEBUG - __main__ -   label: 3
02/12/2024 11:26:11 - DEBUG - __main__ -   pred: 3
02/12/2024 11:26:11 - DEBUG - __main__ -   label: 2
02/12/2024 11:26:11 - DEBUG - __main__ -   pred: 1
02/12/2024 11:26:11 - DEBUG - __main__ -   label: 3
02/12/2024 11:26:11 - DEBUG - __main__ -   pred: 3
02/12/2024 11:26:11 - DEBUG - __main__ -   label: 3
02/12/2024 11:26:11 - DEBUG - __main__ -   pred: 3
02/12/2024 11:26:11 - DEBUG - __main__ -   label: 2
02/12/2024 11:26:11 - DEBUG - __main__ -   pred: 1
02/12/2024 11:26:11 - DEBUG - __main__ -   label: 3
02/12/2024 11:26:11 - DEBUG - __main__ -   pred: 3
02/12/2024 11:26:11 - DEBUG - __main__ -   label: 3
02/12/2024 11:26:11 - DEBUG - __main__ -   pred: 3
02/12/2024 11:26:11 - DEBUG - __main__ -   label: 3
02/12/2024 11:26:11 - DEBUG - __main__ -   pred: 2
02/12/2024 11:26:11 - DEBUG - __main__ -   label: 2
02/12/2024 11:26:11 - DEBUG - __main__ -   pred: 2
02/12/2024 11:26:11 - DEBUG - __main__ -   label: 2
02/12/2024 11:26:11 - DEBUG - __main__ -   pred: 3
02/12/2024 11:26:11 - DEBUG - __main__ -   label: 3
02/12/2024 11:26:11 - DEBUG - __main__ -   pred: 2
02/12/2024 11:26:11 - DEBUG - __main__ -   label: 3
02/12/2024 11:26:11 - DEBUG - __main__ -   pred: 3
02/12/2024 11:26:11 - DEBUG - __main__ -   label: 2
02/12/2024 11:26:11 - DEBUG - __main__ -   pred: 2
02/12/2024 11:26:11 - DEBUG - __main__ -   label: 1
02/12/2024 11:26:11 - DEBUG - __main__ -   pred: 1
02/12/2024 11:26:11 - DEBUG - __main__ -   label: 2
02/12/2024 11:26:11 - DEBUG - __main__ -   pred: 1
02/12/2024 11:26:11 - DEBUG - __main__ -   label: 3
02/12/2024 11:26:11 - DEBUG - __main__ -   pred: 3
02/12/2024 11:26:11 - DEBUG - __main__ -   label: 2
02/12/2024 11:26:11 - DEBUG - __main__ -   pred: 2
02/12/2024 11:26:11 - DEBUG - __main__ -   label: 4
02/12/2024 11:26:11 - DEBUG - __main__ -   pred: 4
02/12/2024 11:26:11 - DEBUG - __main__ -   label: 1
02/12/2024 11:26:11 - DEBUG - __main__ -   pred: 1
02/12/2024 11:26:11 - DEBUG - __main__ -   label: 3
02/12/2024 11:26:11 - DEBUG - __main__ -   pred: 2
02/12/2024 11:26:11 - DEBUG - __main__ -   label: 2
02/12/2024 11:26:11 - DEBUG - __main__ -   pred: 2
02/12/2024 11:26:11 - DEBUG - __main__ -   label: 1
02/12/2024 11:26:11 - DEBUG - __main__ -   pred: 2
02/12/2024 11:26:11 - DEBUG - __main__ -   label: 1
02/12/2024 11:26:11 - DEBUG - __main__ -   pred: 2
02/12/2024 11:26:11 - DEBUG - __main__ -   label: 1
02/12/2024 11:26:11 - DEBUG - __main__ -   pred: 2
02/12/2024 11:26:11 - DEBUG - __main__ -   label: 3
02/12/2024 11:26:11 - DEBUG - __main__ -   pred: 2
02/12/2024 11:26:11 - DEBUG - __main__ -   label: 3
02/12/2024 11:26:11 - DEBUG - __main__ -   pred: 2
02/12/2024 11:26:11 - DEBUG - __main__ -   label: 2
02/12/2024 11:26:11 - DEBUG - __main__ -   pred: 1
02/12/2024 11:26:11 - DEBUG - __main__ -   label: 1
02/12/2024 11:26:11 - DEBUG - __main__ -   pred: 0
02/12/2024 11:26:11 - DEBUG - __main__ -   label: 2
02/12/2024 11:26:11 - DEBUG - __main__ -   pred: 3
02/12/2024 11:26:11 - DEBUG - __main__ -   label: 2
02/12/2024 11:26:11 - DEBUG - __main__ -   pred: 1
02/12/2024 11:26:11 - DEBUG - __main__ -   label: 2
02/12/2024 11:26:11 - DEBUG - __main__ -   pred: 2
02/12/2024 11:26:11 - DEBUG - __main__ -   label: 2
02/12/2024 11:26:11 - DEBUG - __main__ -   pred: 1
02/12/2024 11:26:11 - DEBUG - __main__ -   label: 1
02/12/2024 11:26:11 - DEBUG - __main__ -   pred: 1
02/12/2024 11:26:11 - DEBUG - __main__ -   label: 2
02/12/2024 11:26:11 - DEBUG - __main__ -   pred: 2
02/12/2024 11:26:11 - DEBUG - __main__ -   label: 2
02/12/2024 11:26:11 - DEBUG - __main__ -   pred: 1
02/12/2024 11:26:11 - DEBUG - __main__ -   label: 3
02/12/2024 11:26:11 - DEBUG - __main__ -   pred: 2
02/12/2024 11:26:11 - DEBUG - __main__ -   label: 1
02/12/2024 11:26:11 - DEBUG - __main__ -   pred: 2
02/12/2024 11:26:11 - DEBUG - __main__ -   label: 3
02/12/2024 11:26:11 - DEBUG - __main__ -   pred: 2
02/12/2024 11:26:11 - DEBUG - __main__ -   label: 2
02/12/2024 11:26:11 - DEBUG - __main__ -   pred: 2
02/12/2024 11:26:11 - DEBUG - __main__ -   label: 1
02/12/2024 11:26:11 - DEBUG - __main__ -   pred: 1
02/12/2024 11:26:11 - DEBUG - __main__ -   label: 1
02/12/2024 11:26:11 - DEBUG - __main__ -   pred: 1
02/12/2024 11:26:11 - DEBUG - __main__ -   label: 2
02/12/2024 11:26:11 - DEBUG - __main__ -   pred: 2
02/12/2024 11:26:11 - DEBUG - __main__ -   label: 3
02/12/2024 11:26:11 - DEBUG - __main__ -   pred: 2
02/12/2024 11:26:11 - DEBUG - __main__ -   label: 2
02/12/2024 11:26:11 - DEBUG - __main__ -   pred: 2
02/12/2024 11:26:11 - DEBUG - __main__ -   label: 1
02/12/2024 11:26:11 - DEBUG - __main__ -   pred: 1
02/12/2024 11:26:11 - DEBUG - __main__ -   label: 3
02/12/2024 11:26:11 - DEBUG - __main__ -   pred: 2
02/12/2024 11:26:11 - DEBUG - __main__ -   label: 3
02/12/2024 11:26:11 - DEBUG - __main__ -   pred: 2
02/12/2024 11:26:11 - DEBUG - __main__ -   label: 3
02/12/2024 11:26:11 - DEBUG - __main__ -   pred: 2
02/12/2024 11:26:11 - DEBUG - __main__ -   label: 3
02/12/2024 11:26:11 - DEBUG - __main__ -   pred: 2
02/12/2024 11:26:11 - DEBUG - __main__ -   label: 1
02/12/2024 11:26:11 - DEBUG - __main__ -   pred: 1
02/12/2024 11:26:11 - DEBUG - __main__ -   label: 0
02/12/2024 11:26:11 - DEBUG - __main__ -   pred: 1
02/12/2024 11:26:11 - DEBUG - __main__ -   label: 1
02/12/2024 11:26:11 - DEBUG - __main__ -   pred: 1
02/12/2024 11:26:11 - DEBUG - __main__ -   label: 2
02/12/2024 11:26:11 - DEBUG - __main__ -   pred: 3
02/12/2024 11:26:11 - DEBUG - __main__ -   label: 1
02/12/2024 11:26:11 - DEBUG - __main__ -   pred: 1
02/12/2024 11:26:11 - DEBUG - __main__ -   label: 0
02/12/2024 11:26:11 - DEBUG - __main__ -   pred: 0
02/12/2024 11:26:11 - DEBUG - __main__ -   label: 2
02/12/2024 11:26:11 - DEBUG - __main__ -   pred: 2
02/12/2024 11:26:11 - DEBUG - __main__ -   label: 1
02/12/2024 11:26:11 - DEBUG - __main__ -   pred: 1
02/12/2024 11:26:11 - DEBUG - __main__ -   label: 1
02/12/2024 11:26:11 - DEBUG - __main__ -   pred: 1
02/12/2024 11:26:11 - DEBUG - __main__ -   label: 2
02/12/2024 11:26:11 - DEBUG - __main__ -   pred: 2
02/12/2024 11:26:11 - DEBUG - __main__ -   label: 1
02/12/2024 11:26:11 - DEBUG - __main__ -   pred: 0
02/12/2024 11:26:11 - DEBUG - __main__ -   label: 3
02/12/2024 11:26:11 - DEBUG - __main__ -   pred: 1
02/12/2024 11:26:11 - DEBUG - __main__ -   label: 2
02/12/2024 11:26:11 - DEBUG - __main__ -   pred: 1
02/12/2024 11:26:11 - DEBUG - __main__ -   label: 1
02/12/2024 11:26:11 - DEBUG - __main__ -   pred: 0
02/12/2024 11:26:11 - DEBUG - __main__ -   label: 2
02/12/2024 11:26:11 - DEBUG - __main__ -   pred: 0
02/12/2024 11:26:11 - DEBUG - __main__ -   label: 2
02/12/2024 11:26:11 - DEBUG - __main__ -   pred: 3
02/12/2024 11:26:11 - DEBUG - __main__ -   label: 2
02/12/2024 11:26:11 - DEBUG - __main__ -   pred: 2
02/12/2024 11:26:11 - DEBUG - __main__ -   label: 1
02/12/2024 11:26:11 - DEBUG - __main__ -   pred: 2
02/12/2024 11:26:11 - DEBUG - __main__ -   label: 2
02/12/2024 11:26:11 - DEBUG - __main__ -   pred: 3
02/12/2024 11:26:11 - DEBUG - __main__ -   label: 2
02/12/2024 11:26:11 - DEBUG - __main__ -   pred: 2
02/12/2024 11:26:11 - DEBUG - __main__ -   label: 1
02/12/2024 11:26:11 - DEBUG - __main__ -   pred: 2
02/12/2024 11:26:11 - DEBUG - __main__ -   label: 3
02/12/2024 11:26:11 - DEBUG - __main__ -   pred: 2
02/12/2024 11:26:11 - DEBUG - __main__ -   label: 3
02/12/2024 11:26:11 - DEBUG - __main__ -   pred: 3
02/12/2024 11:26:11 - DEBUG - __main__ -   label: 2
02/12/2024 11:26:11 - DEBUG - __main__ -   pred: 3
02/12/2024 11:26:11 - DEBUG - __main__ -   label: 3
02/12/2024 11:26:11 - DEBUG - __main__ -   pred: 2
02/12/2024 11:26:11 - DEBUG - __main__ -   label: 3
02/12/2024 11:26:11 - DEBUG - __main__ -   pred: 3
02/12/2024 11:26:11 - DEBUG - __main__ -   label: 2
02/12/2024 11:26:11 - DEBUG - __main__ -   pred: 2
02/12/2024 11:26:11 - DEBUG - __main__ -   label: 2
02/12/2024 11:26:11 - DEBUG - __main__ -   pred: 2
02/12/2024 11:26:11 - DEBUG - __main__ -   label: 4
02/12/2024 11:26:11 - DEBUG - __main__ -   pred: 3
02/12/2024 11:26:11 - DEBUG - __main__ -   label: 2
02/12/2024 11:26:11 - DEBUG - __main__ -   pred: 1
02/12/2024 11:26:11 - DEBUG - __main__ -   label: 1
02/12/2024 11:26:11 - DEBUG - __main__ -   pred: 1
02/12/2024 11:26:11 - DEBUG - __main__ -   label: 2
02/12/2024 11:26:11 - DEBUG - __main__ -   pred: 2
02/12/2024 11:26:11 - DEBUG - __main__ -   label: 3
02/12/2024 11:26:11 - DEBUG - __main__ -   pred: 2
02/12/2024 11:26:11 - DEBUG - __main__ -   label: 2
02/12/2024 11:26:11 - DEBUG - __main__ -   pred: 2
02/12/2024 11:26:11 - DEBUG - __main__ -   label: 3
02/12/2024 11:26:11 - DEBUG - __main__ -   pred: 3
02/12/2024 11:26:11 - DEBUG - __main__ -   label: 3
02/12/2024 11:26:11 - DEBUG - __main__ -   pred: 2
02/12/2024 11:26:11 - DEBUG - __main__ -   label: 2
02/12/2024 11:26:11 - DEBUG - __main__ -   pred: 2
02/12/2024 11:26:11 - DEBUG - __main__ -   label: 2
02/12/2024 11:26:11 - DEBUG - __main__ -   pred: 2
02/12/2024 11:26:11 - DEBUG - __main__ -   label: 1
02/12/2024 11:26:11 - DEBUG - __main__ -   pred: 2
02/12/2024 11:26:11 - DEBUG - __main__ -   label: 1
02/12/2024 11:26:11 - DEBUG - __main__ -   pred: 1
02/12/2024 11:26:11 - DEBUG - __main__ -   label: 3
02/12/2024 11:26:11 - DEBUG - __main__ -   pred: 2
02/12/2024 11:26:11 - DEBUG - __main__ -   label: 1
02/12/2024 11:26:11 - DEBUG - __main__ -   pred: 1
02/12/2024 11:26:11 - DEBUG - __main__ -   label: 3
02/12/2024 11:26:11 - DEBUG - __main__ -   pred: 4
02/12/2024 11:26:11 - DEBUG - __main__ -   label: 4
02/12/2024 11:26:11 - DEBUG - __main__ -   pred: 4
02/12/2024 11:26:11 - DEBUG - __main__ -   label: 2
02/12/2024 11:26:11 - DEBUG - __main__ -   pred: 4
02/12/2024 11:26:11 - DEBUG - __main__ -   label: 2
02/12/2024 11:26:11 - DEBUG - __main__ -   pred: 2
02/12/2024 11:26:11 - DEBUG - __main__ -   label: 2
02/12/2024 11:26:11 - DEBUG - __main__ -   pred: 2
02/12/2024 11:26:11 - DEBUG - __main__ -   label: 2
02/12/2024 11:26:11 - DEBUG - __main__ -   pred: 2
02/12/2024 11:26:11 - DEBUG - __main__ -   label: 1
02/12/2024 11:26:11 - DEBUG - __main__ -   pred: 2
02/12/2024 11:26:11 - DEBUG - __main__ -   label: 2
02/12/2024 11:26:11 - DEBUG - __main__ -   pred: 2
02/12/2024 11:26:11 - DEBUG - __main__ -   label: 1
02/12/2024 11:26:11 - DEBUG - __main__ -   pred: 1
02/12/2024 11:26:11 - DEBUG - __main__ -   label: 3
02/12/2024 11:26:11 - DEBUG - __main__ -   pred: 2
02/12/2024 11:26:11 - DEBUG - __main__ -   label: 2
02/12/2024 11:26:11 - DEBUG - __main__ -   pred: 2
02/12/2024 11:26:11 - DEBUG - __main__ -   label: 3
02/12/2024 11:26:11 - DEBUG - __main__ -   pred: 3
02/12/2024 11:26:11 - DEBUG - __main__ -   label: 2
02/12/2024 11:26:11 - DEBUG - __main__ -   pred: 2
02/12/2024 11:26:11 - DEBUG - __main__ -   label: 2
02/12/2024 11:26:11 - DEBUG - __main__ -   pred: 3
02/12/2024 11:26:11 - DEBUG - __main__ -   label: 2
02/12/2024 11:26:11 - DEBUG - __main__ -   pred: 2
02/12/2024 11:26:11 - DEBUG - __main__ -   label: 3
02/12/2024 11:26:11 - DEBUG - __main__ -   pred: 2
02/12/2024 11:26:11 - DEBUG - __main__ -   label: 1
02/12/2024 11:26:11 - DEBUG - __main__ -   pred: 1
02/12/2024 11:26:11 - DEBUG - __main__ -   label: 0
02/12/2024 11:26:11 - DEBUG - __main__ -   pred: 1
02/12/2024 11:26:11 - DEBUG - __main__ -   label: 2
02/12/2024 11:26:11 - DEBUG - __main__ -   pred: 1
02/12/2024 11:26:11 - DEBUG - __main__ -   label: 1
02/12/2024 11:26:11 - DEBUG - __main__ -   pred: 1
02/12/2024 11:26:11 - DEBUG - __main__ -   label: 2
02/12/2024 11:26:11 - DEBUG - __main__ -   pred: 2
02/12/2024 11:26:11 - DEBUG - __main__ -   label: 3
02/12/2024 11:26:11 - DEBUG - __main__ -   pred: 3
02/12/2024 11:26:11 - DEBUG - __main__ -   label: 2
02/12/2024 11:26:11 - DEBUG - __main__ -   pred: 1
02/12/2024 11:26:11 - DEBUG - __main__ -   label: 2
02/12/2024 11:26:11 - DEBUG - __main__ -   pred: 2
02/12/2024 11:26:11 - DEBUG - __main__ -   label: 2
02/12/2024 11:26:11 - DEBUG - __main__ -   pred: 2
02/12/2024 11:26:11 - DEBUG - __main__ -   label: 1
02/12/2024 11:26:11 - DEBUG - __main__ -   pred: 3
02/12/2024 11:26:11 - DEBUG - __main__ -   label: 2
02/12/2024 11:26:11 - DEBUG - __main__ -   pred: 2
02/12/2024 11:26:11 - DEBUG - __main__ -   label: 3
02/12/2024 11:26:11 - DEBUG - __main__ -   pred: 4
02/12/2024 11:26:11 - DEBUG - __main__ -   label: 2
02/12/2024 11:26:11 - DEBUG - __main__ -   pred: 1
02/12/2024 11:26:11 - DEBUG - __main__ -   label: 2
02/12/2024 11:26:11 - DEBUG - __main__ -   pred: 1
02/12/2024 11:26:11 - DEBUG - __main__ -   label: 1
02/12/2024 11:26:11 - DEBUG - __main__ -   pred: 1
02/12/2024 11:26:11 - DEBUG - __main__ -   label: 2
02/12/2024 11:26:11 - DEBUG - __main__ -   pred: 2
02/12/2024 11:26:11 - DEBUG - __main__ -   label: 2
02/12/2024 11:26:11 - DEBUG - __main__ -   pred: 2
02/12/2024 11:26:11 - DEBUG - __main__ -   label: 3
02/12/2024 11:26:11 - DEBUG - __main__ -   pred: 2
02/12/2024 11:26:11 - DEBUG - __main__ -   label: 3
02/12/2024 11:26:11 - DEBUG - __main__ -   pred: 2
02/12/2024 11:26:11 - DEBUG - __main__ -   label: 1
02/12/2024 11:26:11 - DEBUG - __main__ -   pred: 0
02/12/2024 11:26:11 - DEBUG - __main__ -   label: 2
02/12/2024 11:26:11 - DEBUG - __main__ -   pred: 2
02/12/2024 11:26:11 - DEBUG - __main__ -   label: 3
02/12/2024 11:26:11 - DEBUG - __main__ -   pred: 2
02/12/2024 11:26:11 - DEBUG - __main__ -   label: 1
02/12/2024 11:26:11 - DEBUG - __main__ -   pred: 1
02/12/2024 11:26:11 - DEBUG - __main__ -   label: 0
02/12/2024 11:26:11 - DEBUG - __main__ -   pred: 0
02/12/2024 11:26:11 - DEBUG - __main__ -   label: 3
02/12/2024 11:26:11 - DEBUG - __main__ -   pred: 3
02/12/2024 11:26:11 - DEBUG - __main__ -   label: 2
02/12/2024 11:26:11 - DEBUG - __main__ -   pred: 3
02/12/2024 11:26:11 - DEBUG - __main__ -   label: 3
02/12/2024 11:26:11 - DEBUG - __main__ -   pred: 2
02/12/2024 11:26:11 - DEBUG - __main__ -   label: 2
02/12/2024 11:26:11 - DEBUG - __main__ -   pred: 2
02/12/2024 11:26:11 - DEBUG - __main__ -   label: 1
02/12/2024 11:26:11 - DEBUG - __main__ -   pred: 1
02/12/2024 11:26:11 - DEBUG - __main__ -   label: 0
02/12/2024 11:26:11 - DEBUG - __main__ -   pred: 0
02/12/2024 11:26:11 - DEBUG - __main__ -   label: 2
02/12/2024 11:26:11 - DEBUG - __main__ -   pred: 0
02/12/2024 11:26:11 - DEBUG - __main__ -   label: 2
02/12/2024 11:26:11 - DEBUG - __main__ -   pred: 2
02/12/2024 11:26:11 - DEBUG - __main__ -   label: 1
02/12/2024 11:26:11 - DEBUG - __main__ -   pred: 1
02/12/2024 11:26:11 - DEBUG - __main__ -   label: 2
02/12/2024 11:26:11 - DEBUG - __main__ -   pred: 2
02/12/2024 11:26:11 - DEBUG - __main__ -   label: 3
02/12/2024 11:26:11 - DEBUG - __main__ -   pred: 2
02/12/2024 11:26:11 - DEBUG - __main__ -   label: 2
02/12/2024 11:26:11 - DEBUG - __main__ -   pred: 2
02/12/2024 11:26:11 - DEBUG - __main__ -   label: 2
02/12/2024 11:26:11 - DEBUG - __main__ -   pred: 2
02/12/2024 11:26:11 - DEBUG - __main__ -   label: 2
02/12/2024 11:26:11 - DEBUG - __main__ -   pred: 2
02/12/2024 11:26:11 - DEBUG - __main__ -   label: 3
02/12/2024 11:26:11 - DEBUG - __main__ -   pred: 1
02/12/2024 11:26:11 - DEBUG - __main__ -   label: 3
02/12/2024 11:26:11 - DEBUG - __main__ -   pred: 2
02/12/2024 11:26:11 - DEBUG - __main__ -   label: 1
02/12/2024 11:26:11 - DEBUG - __main__ -   pred: 2
02/12/2024 11:26:11 - DEBUG - __main__ -   label: 1
02/12/2024 11:26:11 - DEBUG - __main__ -   pred: 2
02/12/2024 11:26:11 - DEBUG - __main__ -   label: 0
02/12/2024 11:26:11 - DEBUG - __main__ -   pred: 0
02/12/2024 11:26:11 - DEBUG - __main__ -   label: 0
02/12/2024 11:26:11 - DEBUG - __main__ -   pred: 1
02/12/2024 11:26:11 - DEBUG - __main__ -   label: 0
02/12/2024 11:26:11 - DEBUG - __main__ -   pred: 1
02/12/2024 11:26:11 - DEBUG - __main__ -   label: 3
02/12/2024 11:26:11 - DEBUG - __main__ -   pred: 3
02/12/2024 11:26:11 - DEBUG - __main__ -   label: 1
02/12/2024 11:26:11 - DEBUG - __main__ -   pred: 1
02/12/2024 11:26:11 - DEBUG - __main__ -   label: 1
02/12/2024 11:26:11 - DEBUG - __main__ -   pred: 1
02/12/2024 11:26:11 - DEBUG - __main__ -   label: 0
02/12/2024 11:26:11 - DEBUG - __main__ -   pred: 1
02/12/2024 11:26:11 - DEBUG - __main__ -   label: 2
02/12/2024 11:26:11 - DEBUG - __main__ -   pred: 1
02/12/2024 11:26:11 - DEBUG - __main__ -   label: 1
02/12/2024 11:26:11 - DEBUG - __main__ -   pred: 1
02/12/2024 11:26:11 - DEBUG - __main__ -   label: 4
02/12/2024 11:26:11 - DEBUG - __main__ -   pred: 3
02/12/2024 11:26:11 - DEBUG - __main__ -   label: 1
02/12/2024 11:26:11 - DEBUG - __main__ -   pred: 2
02/12/2024 11:26:11 - DEBUG - __main__ -   label: 2
02/12/2024 11:26:11 - DEBUG - __main__ -   pred: 2
02/12/2024 11:26:11 - DEBUG - __main__ -   label: 2
02/12/2024 11:26:11 - DEBUG - __main__ -   pred: 2
02/12/2024 11:26:11 - DEBUG - __main__ -   label: 2
02/12/2024 11:26:11 - DEBUG - __main__ -   pred: 2
02/12/2024 11:26:11 - DEBUG - __main__ -   label: 2
02/12/2024 11:26:11 - DEBUG - __main__ -   pred: 1
02/12/2024 11:26:11 - DEBUG - __main__ -   label: 1
02/12/2024 11:26:11 - DEBUG - __main__ -   pred: 2
02/12/2024 11:26:11 - DEBUG - __main__ -   label: 2
02/12/2024 11:26:11 - DEBUG - __main__ -   pred: 3
02/12/2024 11:26:11 - DEBUG - __main__ -   label: 2
02/12/2024 11:26:11 - DEBUG - __main__ -   pred: 2
02/12/2024 11:26:11 - DEBUG - __main__ -   label: 2
02/12/2024 11:26:11 - DEBUG - __main__ -   pred: 2
02/12/2024 11:26:11 - DEBUG - __main__ -   label: 1
02/12/2024 11:26:11 - DEBUG - __main__ -   pred: 2
02/12/2024 11:26:11 - DEBUG - __main__ -   label: 1
02/12/2024 11:26:11 - DEBUG - __main__ -   pred: 1
02/12/2024 11:26:11 - DEBUG - __main__ -   label: 2
02/12/2024 11:26:11 - DEBUG - __main__ -   pred: 1
02/12/2024 11:26:11 - DEBUG - __main__ -   label: 2
02/12/2024 11:26:11 - DEBUG - __main__ -   pred: 2
02/12/2024 11:26:11 - DEBUG - __main__ -   label: 2
02/12/2024 11:26:11 - DEBUG - __main__ -   pred: 1
02/12/2024 11:26:11 - DEBUG - __main__ -   label: 1
02/12/2024 11:26:11 - DEBUG - __main__ -   pred: 1
02/12/2024 11:26:11 - DEBUG - __main__ -   label: 2
02/12/2024 11:26:11 - DEBUG - __main__ -   pred: 2
02/12/2024 11:26:11 - DEBUG - __main__ -   label: 2
02/12/2024 11:26:11 - DEBUG - __main__ -   pred: 1
02/12/2024 11:26:11 - DEBUG - __main__ -   label: 2
02/12/2024 11:26:11 - DEBUG - __main__ -   pred: 2
02/12/2024 11:26:11 - DEBUG - __main__ -   label: 2
02/12/2024 11:26:11 - DEBUG - __main__ -   pred: 1
02/12/2024 11:26:11 - DEBUG - __main__ -   label: 2
02/12/2024 11:26:11 - DEBUG - __main__ -   pred: 1
02/12/2024 11:26:11 - DEBUG - __main__ -   label: 2
02/12/2024 11:26:11 - DEBUG - __main__ -   pred: 1
02/12/2024 11:26:11 - DEBUG - __main__ -   label: 2
02/12/2024 11:26:11 - DEBUG - __main__ -   pred: 2
02/12/2024 11:26:11 - DEBUG - __main__ -   label: 1
02/12/2024 11:26:11 - DEBUG - __main__ -   pred: 1
02/12/2024 11:26:11 - DEBUG - __main__ -   label: 1
02/12/2024 11:26:11 - DEBUG - __main__ -   pred: 1
02/12/2024 11:26:11 - DEBUG - __main__ -   label: 2
02/12/2024 11:26:11 - DEBUG - __main__ -   pred: 2
02/12/2024 11:26:11 - DEBUG - __main__ -   label: 1
02/12/2024 11:26:11 - DEBUG - __main__ -   pred: 1
02/12/2024 11:26:11 - DEBUG - __main__ -   label: 2
02/12/2024 11:26:11 - DEBUG - __main__ -   pred: 2
02/12/2024 11:26:11 - DEBUG - __main__ -   label: 2
02/12/2024 11:26:11 - DEBUG - __main__ -   pred: 2
02/12/2024 11:26:11 - DEBUG - __main__ -   label: 2
02/12/2024 11:26:11 - DEBUG - __main__ -   pred: 2
02/12/2024 11:26:11 - DEBUG - __main__ -   label: 2
02/12/2024 11:26:11 - DEBUG - __main__ -   pred: 2
02/12/2024 11:26:11 - DEBUG - __main__ -   label: 2
02/12/2024 11:26:11 - DEBUG - __main__ -   pred: 2
02/12/2024 11:26:11 - DEBUG - __main__ -   label: 1
02/12/2024 11:26:11 - DEBUG - __main__ -   pred: 2
02/12/2024 11:26:11 - DEBUG - __main__ -   label: 3
02/12/2024 11:26:11 - DEBUG - __main__ -   pred: 2
02/12/2024 11:26:11 - DEBUG - __main__ -   label: 2
02/12/2024 11:26:11 - DEBUG - __main__ -   pred: 3
02/12/2024 11:26:11 - DEBUG - __main__ -   label: 2
02/12/2024 11:26:11 - DEBUG - __main__ -   pred: 2
02/12/2024 11:26:11 - DEBUG - __main__ -   label: 3
02/12/2024 11:26:11 - DEBUG - __main__ -   pred: 3
02/12/2024 11:26:11 - DEBUG - __main__ -   label: 2
02/12/2024 11:26:11 - DEBUG - __main__ -   pred: 2
02/12/2024 11:26:11 - DEBUG - __main__ -   label: 2
02/12/2024 11:26:11 - DEBUG - __main__ -   pred: 3
02/12/2024 11:26:11 - DEBUG - __main__ -   label: 3
02/12/2024 11:26:11 - DEBUG - __main__ -   pred: 2
02/12/2024 11:26:11 - DEBUG - __main__ -   label: 2
02/12/2024 11:26:11 - DEBUG - __main__ -   pred: 2
02/12/2024 11:26:11 - DEBUG - __main__ -   label: 3
02/12/2024 11:26:11 - DEBUG - __main__ -   pred: 3
02/12/2024 11:26:11 - DEBUG - __main__ -   label: 1
02/12/2024 11:26:11 - DEBUG - __main__ -   pred: 1
02/12/2024 11:26:11 - DEBUG - __main__ -   label: 2
02/12/2024 11:26:11 - DEBUG - __main__ -   pred: 1
02/12/2024 11:26:11 - DEBUG - __main__ -   label: 3
02/12/2024 11:26:11 - DEBUG - __main__ -   pred: 2
02/12/2024 11:26:11 - DEBUG - __main__ -   label: 1
02/12/2024 11:26:11 - DEBUG - __main__ -   pred: 0
02/12/2024 11:26:11 - DEBUG - __main__ -   label: 2
02/12/2024 11:26:11 - DEBUG - __main__ -   pred: 1
02/12/2024 11:26:11 - DEBUG - __main__ -   label: 3
02/12/2024 11:26:11 - DEBUG - __main__ -   pred: 1
02/12/2024 11:26:11 - DEBUG - __main__ -   label: 2
02/12/2024 11:26:11 - DEBUG - __main__ -   pred: 2
02/12/2024 11:26:11 - DEBUG - __main__ -   label: 2
02/12/2024 11:26:11 - DEBUG - __main__ -   pred: 1
02/12/2024 11:26:11 - DEBUG - __main__ -   label: 2
02/12/2024 11:26:11 - DEBUG - __main__ -   pred: 2
02/12/2024 11:26:11 - DEBUG - __main__ -   label: 1
02/12/2024 11:26:11 - DEBUG - __main__ -   pred: 2
02/12/2024 11:26:11 - DEBUG - __main__ -   label: 4
02/12/2024 11:26:11 - DEBUG - __main__ -   pred: 3
02/12/2024 11:26:11 - DEBUG - __main__ -   label: 3
02/12/2024 11:26:11 - DEBUG - __main__ -   pred: 2
02/12/2024 11:26:11 - DEBUG - __main__ -   label: 2
02/12/2024 11:26:11 - DEBUG - __main__ -   pred: 2
02/12/2024 11:26:11 - DEBUG - __main__ -   label: 3
02/12/2024 11:26:11 - DEBUG - __main__ -   pred: 3
02/12/2024 11:26:11 - DEBUG - __main__ -   label: 3
02/12/2024 11:26:11 - DEBUG - __main__ -   pred: 4
02/12/2024 11:26:11 - DEBUG - __main__ -   label: 2
02/12/2024 11:26:11 - DEBUG - __main__ -   pred: 1
02/12/2024 11:26:11 - DEBUG - __main__ -   label: 1
02/12/2024 11:26:11 - DEBUG - __main__ -   pred: 1
02/12/2024 11:26:11 - DEBUG - __main__ -   label: 1
02/12/2024 11:26:11 - DEBUG - __main__ -   pred: 1
02/12/2024 11:26:11 - DEBUG - __main__ -   label: 1
02/12/2024 11:26:11 - DEBUG - __main__ -   pred: 2
02/12/2024 11:26:11 - DEBUG - __main__ -   label: 1
02/12/2024 11:26:11 - DEBUG - __main__ -   pred: 1
02/12/2024 11:26:11 - DEBUG - __main__ -   label: 2
02/12/2024 11:26:11 - DEBUG - __main__ -   pred: 1
02/12/2024 11:26:11 - DEBUG - __main__ -   label: 3
02/12/2024 11:26:11 - DEBUG - __main__ -   pred: 3
02/12/2024 11:26:11 - DEBUG - __main__ -   label: 2
02/12/2024 11:26:11 - DEBUG - __main__ -   pred: 1
02/12/2024 11:26:11 - DEBUG - __main__ -   label: 2
02/12/2024 11:26:11 - DEBUG - __main__ -   pred: 2
