******** Training fold 3 ********
10/29/2023 09:10:52 - DEBUG - __main__ -   Processor loaded. CPU mem usage: 0.38G.  Cuda 0: memory acclocated: 0 G.
10/29/2023 09:11:00 - DEBUG - __main__ -   Model loaded. CPU mem usage: 1.99G.  Cuda 0: memory acclocated: 0 G.
Wav2Vec2ForSequenceClassification(
  (wav2vec2): Wav2Vec2Model(
    (feature_extractor): Wav2Vec2FeatureEncoder(
      (conv_layers): ModuleList(
        (0): Wav2Vec2LayerNormConvLayer(
          (conv): Conv1d(1, 512, kernel_size=(10,), stride=(5,))
          (layer_norm): LayerNorm((512,), eps=1e-05, elementwise_affine=True)
          (activation): GELUActivation()
        )
        (1-4): 4 x Wav2Vec2LayerNormConvLayer(
          (conv): Conv1d(512, 512, kernel_size=(3,), stride=(2,))
          (layer_norm): LayerNorm((512,), eps=1e-05, elementwise_affine=True)
          (activation): GELUActivation()
        )
        (5-6): 2 x Wav2Vec2LayerNormConvLayer(
          (conv): Conv1d(512, 512, kernel_size=(2,), stride=(2,))
          (layer_norm): LayerNorm((512,), eps=1e-05, elementwise_affine=True)
          (activation): GELUActivation()
        )
      )
    )
    (feature_projection): Wav2Vec2FeatureProjection(
      (layer_norm): LayerNorm((512,), eps=1e-05, elementwise_affine=True)
      (projection): Linear(in_features=512, out_features=1024, bias=True)
      (dropout): Dropout(p=0.1, inplace=False)
    )
    (encoder): Wav2Vec2EncoderStableLayerNorm(
      (pos_conv_embed): Wav2Vec2PositionalConvEmbedding(
        (conv): Conv1d(1024, 1024, kernel_size=(128,), stride=(1,), padding=(64,), groups=16)
        (padding): Wav2Vec2SamePadLayer()
        (activation): GELUActivation()
      )
      (layer_norm): LayerNorm((1024,), eps=1e-05, elementwise_affine=True)
      (dropout): Dropout(p=0.1, inplace=False)
      (layers): ModuleList(
        (0-23): 24 x Wav2Vec2EncoderLayerStableLayerNorm(
          (attention): Wav2Vec2Attention(
            (k_proj): Linear(in_features=1024, out_features=1024, bias=True)
            (v_proj): Linear(in_features=1024, out_features=1024, bias=True)
            (q_proj): Linear(in_features=1024, out_features=1024, bias=True)
            (out_proj): Linear(in_features=1024, out_features=1024, bias=True)
          )
          (dropout): Dropout(p=0.1, inplace=False)
          (layer_norm): LayerNorm((1024,), eps=1e-05, elementwise_affine=True)
          (feed_forward): Wav2Vec2FeedForward(
            (intermediate_dropout): Dropout(p=0.0, inplace=False)
            (intermediate_dense): Linear(in_features=1024, out_features=4096, bias=True)
            (intermediate_act_fn): GELUActivation()
            (output_dense): Linear(in_features=4096, out_features=1024, bias=True)
            (output_dropout): Dropout(p=0.1, inplace=False)
          )
          (final_layer_norm): LayerNorm((1024,), eps=1e-05, elementwise_affine=True)
        )
      )
    )
  )
  (projector): Linear(in_features=1024, out_features=256, bias=True)
  (classifier): Linear(in_features=256, out_features=7, bias=True)
)
10/29/2023 09:11:53 - DEBUG - __main__ -   Speech loaded. N_train=1604, N_eval=508. CPU mem usage: 6.10G.  Cuda 0: memory acclocated: 0 G.
10/29/2023 09:12:25 - DEBUG - __main__ -   Feature extracted. Duration: 0:00:32 CPU mem usage: 9.13G.  Cuda 0: memory acclocated: 0 G.
10/29/2023 09:12:25 - DEBUG - urllib3.connectionpool -   Starting new HTTPS connection (1): s3.amazonaws.com:443
10/29/2023 09:12:25 - DEBUG - urllib3.connectionpool -   https://s3.amazonaws.com:443 "HEAD /datasets.huggingface.co/datasets/metrics/evaluate-metric/precision/evaluate-metric/precision.py HTTP/1.1" 404 0
10/29/2023 09:12:26 - DEBUG - urllib3.connectionpool -   Starting new HTTPS connection (1): huggingface.co:443
10/29/2023 09:12:26 - DEBUG - urllib3.connectionpool -   https://huggingface.co:443 "HEAD /spaces/evaluate-metric/precision/resolve/v0.4.0/precision.py HTTP/1.1" 200 0
10/29/2023 09:12:26 - DEBUG - urllib3.connectionpool -   Starting new HTTPS connection (1): s3.amazonaws.com:443
10/29/2023 09:12:26 - DEBUG - urllib3.connectionpool -   https://s3.amazonaws.com:443 "HEAD /datasets.huggingface.co/datasets/metrics/evaluate-metric/recall/evaluate-metric/recall.py HTTP/1.1" 404 0
10/29/2023 09:12:26 - DEBUG - urllib3.connectionpool -   Starting new HTTPS connection (1): huggingface.co:443
10/29/2023 09:12:26 - DEBUG - urllib3.connectionpool -   https://huggingface.co:443 "HEAD /spaces/evaluate-metric/recall/resolve/v0.4.0/recall.py HTTP/1.1" 200 0
10/29/2023 09:12:26 - DEBUG - urllib3.connectionpool -   Starting new HTTPS connection (1): s3.amazonaws.com:443
10/29/2023 09:12:27 - DEBUG - urllib3.connectionpool -   https://s3.amazonaws.com:443 "HEAD /datasets.huggingface.co/datasets/metrics/evaluate-metric/f1/evaluate-metric/f1.py HTTP/1.1" 404 0
10/29/2023 09:12:27 - DEBUG - urllib3.connectionpool -   Starting new HTTPS connection (1): huggingface.co:443
10/29/2023 09:12:27 - DEBUG - urllib3.connectionpool -   https://huggingface.co:443 "HEAD /spaces/evaluate-metric/f1/resolve/v0.4.0/f1.py HTTP/1.1" 200 0
10/29/2023 09:12:27 - DEBUG - urllib3.connectionpool -   Starting new HTTPS connection (1): s3.amazonaws.com:443
10/29/2023 09:12:27 - DEBUG - urllib3.connectionpool -   https://s3.amazonaws.com:443 "HEAD /datasets.huggingface.co/datasets/metrics/evaluate-metric/spearmanr/evaluate-metric/spearmanr.py HTTP/1.1" 404 0
10/29/2023 09:12:27 - DEBUG - urllib3.connectionpool -   Starting new HTTPS connection (1): huggingface.co:443
10/29/2023 09:12:28 - DEBUG - urllib3.connectionpool -   https://huggingface.co:443 "HEAD /spaces/evaluate-metric/spearmanr/resolve/v0.4.0/spearmanr.py HTTP/1.1" 200 0
10/29/2023 09:12:30 - DEBUG - __main__ -   Training starts now. CPU mem usage: 8.55G.  Cuda 0: memory acclocated: 2 G.
10/29/2023 09:12:30 - DEBUG - helper.classes -   ----------- Starting epoch 1 -----------
{'loss': 1.8071, 'learning_rate': 1.8703241895261847e-05, 'epoch': 0.62}
10/29/2023 09:33:47 - DEBUG - helper.classes -   Epoch 1.0 completed, Duration: 0:21:16 Mem usage: CPU mem usage: 9.65G.  Cuda 0: memory acclocated: 18 G.
10/29/2023 09:35:35 - DEBUG - fsspec.local -   open file: /home/lunt1/.cache/huggingface/metrics/precision/default/default_experiment-1-0.arrow
10/29/2023 09:35:35 - DEBUG - fsspec.local -   open file: /home/lunt1/.cache/huggingface/metrics/recall/default/default_experiment-1-0.arrow
10/29/2023 09:35:35 - DEBUG - fsspec.local -   open file: /home/lunt1/.cache/huggingface/metrics/f1/default/default_experiment-1-0.arrow
10/29/2023 09:35:35 - DEBUG - fsspec.local -   open file: /home/lunt1/.cache/huggingface/metrics/spearmanr/default/default_experiment-1-0.arrow
10/29/2023 09:35:35 - DEBUG - fsspec.local -   open file: /home/lunt1/.cache/huggingface/metrics/precision/default/default_experiment-1-0.arrow
10/29/2023 09:35:35 - DEBUG - fsspec.local -   open file: /home/lunt1/.cache/huggingface/metrics/recall/default/default_experiment-1-0.arrow
10/29/2023 09:35:35 - DEBUG - fsspec.local -   open file: /home/lunt1/.cache/huggingface/metrics/f1/default/default_experiment-1-0.arrow
{'eval_loss': 1.332518219947815, 'eval_precision': 0.17372472875139616, 'eval_recall': 0.2558058701645825, 'eval_f1': 0.16932996375455497, 'eval_spearmanr': 0.7626718850276033, 'eval_precision_weighted': 0.26177232036079795, 'eval_recall_weighted': 0.3956692913385827, 'eval_f1_weighted': 0.26107080284154627, 'eval_runtime': 108.2838, 'eval_samples_per_second': 4.691, 'eval_steps_per_second': 2.346, 'epoch': 1.0}
10/29/2023 09:35:41 - DEBUG - helper.classes -   ----------- Starting epoch 2.0 -----------
{'loss': 1.3843, 'learning_rate': 2.9177057356608482e-05, 'epoch': 1.25}
{'loss': 1.2998, 'learning_rate': 2.7098919368246054e-05, 'epoch': 1.87}
10/29/2023 09:56:38 - DEBUG - helper.classes -   Epoch 2.0 completed, Duration: 0:20:57 Mem usage: CPU mem usage: 9.95G.  Cuda 0: memory acclocated: 18 G.
10/29/2023 09:58:26 - DEBUG - fsspec.local -   open file: /home/lunt1/.cache/huggingface/metrics/precision/default/default_experiment-1-0.arrow
10/29/2023 09:58:26 - DEBUG - fsspec.local -   open file: /home/lunt1/.cache/huggingface/metrics/recall/default/default_experiment-1-0.arrow
10/29/2023 09:58:26 - DEBUG - fsspec.local -   open file: /home/lunt1/.cache/huggingface/metrics/f1/default/default_experiment-1-0.arrow
10/29/2023 09:58:26 - DEBUG - fsspec.local -   open file: /home/lunt1/.cache/huggingface/metrics/spearmanr/default/default_experiment-1-0.arrow
10/29/2023 09:58:26 - DEBUG - fsspec.local -   open file: /home/lunt1/.cache/huggingface/metrics/precision/default/default_experiment-1-0.arrow
10/29/2023 09:58:26 - DEBUG - fsspec.local -   open file: /home/lunt1/.cache/huggingface/metrics/recall/default/default_experiment-1-0.arrow
10/29/2023 09:58:26 - DEBUG - fsspec.local -   open file: /home/lunt1/.cache/huggingface/metrics/f1/default/default_experiment-1-0.arrow
{'eval_loss': 1.2931206226348877, 'eval_precision': 0.2761738108394951, 'eval_recall': 0.2780344696140871, 'eval_f1': 0.2372721116594581, 'eval_spearmanr': 0.7781808229903037, 'eval_precision_weighted': 0.35101330755556454, 'eval_recall_weighted': 0.421259842519685, 'eval_f1_weighted': 0.3398546229429193, 'eval_runtime': 107.7805, 'eval_samples_per_second': 4.713, 'eval_steps_per_second': 2.357, 'epoch': 2.0}
10/29/2023 09:58:32 - DEBUG - helper.classes -   ----------- Starting epoch 3.0 -----------
{'loss': 1.1537, 'learning_rate': 2.5020781379883625e-05, 'epoch': 2.49}
10/29/2023 10:19:54 - DEBUG - helper.classes -   Epoch 3.0 completed, Duration: 0:21:22 Mem usage: CPU mem usage: 9.73G.  Cuda 0: memory acclocated: 18 G.
10/29/2023 10:21:42 - DEBUG - fsspec.local -   open file: /home/lunt1/.cache/huggingface/metrics/precision/default/default_experiment-1-0.arrow
10/29/2023 10:21:42 - DEBUG - fsspec.local -   open file: /home/lunt1/.cache/huggingface/metrics/recall/default/default_experiment-1-0.arrow
10/29/2023 10:21:42 - DEBUG - fsspec.local -   open file: /home/lunt1/.cache/huggingface/metrics/f1/default/default_experiment-1-0.arrow
10/29/2023 10:21:42 - DEBUG - fsspec.local -   open file: /home/lunt1/.cache/huggingface/metrics/spearmanr/default/default_experiment-1-0.arrow
10/29/2023 10:21:42 - DEBUG - fsspec.local -   open file: /home/lunt1/.cache/huggingface/metrics/precision/default/default_experiment-1-0.arrow
10/29/2023 10:21:42 - DEBUG - fsspec.local -   open file: /home/lunt1/.cache/huggingface/metrics/recall/default/default_experiment-1-0.arrow
10/29/2023 10:21:42 - DEBUG - fsspec.local -   open file: /home/lunt1/.cache/huggingface/metrics/f1/default/default_experiment-1-0.arrow
{'eval_loss': 1.307145595550537, 'eval_precision': 0.3255254412766956, 'eval_recall': 0.34132192173612363, 'eval_f1': 0.32626964110791457, 'eval_spearmanr': 0.7723200369064634, 'eval_precision_weighted': 0.43676575131294765, 'eval_recall_weighted': 0.4547244094488189, 'eval_f1_weighted': 0.43601728559181413, 'eval_runtime': 108.1065, 'eval_samples_per_second': 4.699, 'eval_steps_per_second': 2.35, 'epoch': 3.0}
10/29/2023 10:21:48 - DEBUG - helper.classes -   ----------- Starting epoch 4.0 -----------
{'loss': 1.1877, 'learning_rate': 2.2942643391521197e-05, 'epoch': 3.12}
{'loss': 1.0961, 'learning_rate': 2.0864505403158772e-05, 'epoch': 3.74}
10/29/2023 10:42:58 - DEBUG - helper.classes -   Epoch 4.0 completed, Duration: 0:21:10 Mem usage: CPU mem usage: 9.76G.  Cuda 0: memory acclocated: 18 G.
10/29/2023 10:44:46 - DEBUG - fsspec.local -   open file: /home/lunt1/.cache/huggingface/metrics/precision/default/default_experiment-1-0.arrow
10/29/2023 10:44:46 - DEBUG - fsspec.local -   open file: /home/lunt1/.cache/huggingface/metrics/recall/default/default_experiment-1-0.arrow
10/29/2023 10:44:46 - DEBUG - fsspec.local -   open file: /home/lunt1/.cache/huggingface/metrics/f1/default/default_experiment-1-0.arrow
10/29/2023 10:44:46 - DEBUG - fsspec.local -   open file: /home/lunt1/.cache/huggingface/metrics/spearmanr/default/default_experiment-1-0.arrow
10/29/2023 10:44:46 - DEBUG - fsspec.local -   open file: /home/lunt1/.cache/huggingface/metrics/precision/default/default_experiment-1-0.arrow
10/29/2023 10:44:46 - DEBUG - fsspec.local -   open file: /home/lunt1/.cache/huggingface/metrics/recall/default/default_experiment-1-0.arrow
10/29/2023 10:44:46 - DEBUG - fsspec.local -   open file: /home/lunt1/.cache/huggingface/metrics/f1/default/default_experiment-1-0.arrow
{'eval_loss': 1.2723650932312012, 'eval_precision': 0.34777350726756395, 'eval_recall': 0.3458924387892556, 'eval_f1': 0.3400187638126987, 'eval_spearmanr': 0.7827589964966227, 'eval_precision_weighted': 0.4659268221650177, 'eval_recall_weighted': 0.4862204724409449, 'eval_f1_weighted': 0.4660326025769918, 'eval_runtime': 108.1232, 'eval_samples_per_second': 4.698, 'eval_steps_per_second': 2.349, 'epoch': 4.0}
10/29/2023 10:44:53 - DEBUG - helper.classes -   ----------- Starting epoch 5.0 -----------
{'loss': 1.068, 'learning_rate': 1.8786367414796344e-05, 'epoch': 4.36}
{'loss': 1.043, 'learning_rate': 1.6708229426433916e-05, 'epoch': 4.99}
10/29/2023 11:06:04 - DEBUG - helper.classes -   Epoch 5.0 completed, Duration: 0:21:11 Mem usage: CPU mem usage: 9.75G.  Cuda 0: memory acclocated: 18 G.
10/29/2023 11:07:52 - DEBUG - fsspec.local -   open file: /home/lunt1/.cache/huggingface/metrics/precision/default/default_experiment-1-0.arrow
10/29/2023 11:07:52 - DEBUG - fsspec.local -   open file: /home/lunt1/.cache/huggingface/metrics/recall/default/default_experiment-1-0.arrow
10/29/2023 11:07:52 - DEBUG - fsspec.local -   open file: /home/lunt1/.cache/huggingface/metrics/f1/default/default_experiment-1-0.arrow
10/29/2023 11:07:52 - DEBUG - fsspec.local -   open file: /home/lunt1/.cache/huggingface/metrics/spearmanr/default/default_experiment-1-0.arrow
10/29/2023 11:07:52 - DEBUG - fsspec.local -   open file: /home/lunt1/.cache/huggingface/metrics/precision/default/default_experiment-1-0.arrow
10/29/2023 11:07:52 - DEBUG - fsspec.local -   open file: /home/lunt1/.cache/huggingface/metrics/recall/default/default_experiment-1-0.arrow
10/29/2023 11:07:52 - DEBUG - fsspec.local -   open file: /home/lunt1/.cache/huggingface/metrics/f1/default/default_experiment-1-0.arrow
{'eval_loss': 1.4747015237808228, 'eval_precision': 0.32279779779779777, 'eval_recall': 0.3466738447255252, 'eval_f1': 0.32945354878619504, 'eval_spearmanr': 0.7891724069786017, 'eval_precision_weighted': 0.44205352005548854, 'eval_recall_weighted': 0.45866141732283466, 'eval_f1_weighted': 0.4448678332190427, 'eval_runtime': 107.9628, 'eval_samples_per_second': 4.705, 'eval_steps_per_second': 2.353, 'epoch': 5.0}
10/29/2023 11:07:58 - DEBUG - helper.classes -   ----------- Starting epoch 6.0 -----------
{'loss': 0.9189, 'learning_rate': 1.4630091438071489e-05, 'epoch': 5.61}
10/29/2023 11:29:18 - DEBUG - helper.classes -   Epoch 6.0 completed, Duration: 0:21:20 Mem usage: CPU mem usage: 9.78G.  Cuda 0: memory acclocated: 18 G.
10/29/2023 11:31:06 - DEBUG - fsspec.local -   open file: /home/lunt1/.cache/huggingface/metrics/precision/default/default_experiment-1-0.arrow
10/29/2023 11:31:06 - DEBUG - fsspec.local -   open file: /home/lunt1/.cache/huggingface/metrics/recall/default/default_experiment-1-0.arrow
10/29/2023 11:31:06 - DEBUG - fsspec.local -   open file: /home/lunt1/.cache/huggingface/metrics/f1/default/default_experiment-1-0.arrow
10/29/2023 11:31:06 - DEBUG - fsspec.local -   open file: /home/lunt1/.cache/huggingface/metrics/spearmanr/default/default_experiment-1-0.arrow
10/29/2023 11:31:06 - DEBUG - fsspec.local -   open file: /home/lunt1/.cache/huggingface/metrics/precision/default/default_experiment-1-0.arrow
10/29/2023 11:31:06 - DEBUG - fsspec.local -   open file: /home/lunt1/.cache/huggingface/metrics/recall/default/default_experiment-1-0.arrow
10/29/2023 11:31:06 - DEBUG - fsspec.local -   open file: /home/lunt1/.cache/huggingface/metrics/f1/default/default_experiment-1-0.arrow
{'eval_loss': 1.5577149391174316, 'eval_precision': 0.34560949387651785, 'eval_recall': 0.34599131242631104, 'eval_f1': 0.3401562312756464, 'eval_spearmanr': 0.7816987155483357, 'eval_precision_weighted': 0.43871687635345297, 'eval_recall_weighted': 0.44881889763779526, 'eval_f1_weighted': 0.4402070153687855, 'eval_runtime': 108.0526, 'eval_samples_per_second': 4.701, 'eval_steps_per_second': 2.351, 'epoch': 6.0}
10/29/2023 11:31:12 - DEBUG - helper.classes -   ----------- Starting epoch 7.0 -----------
{'loss': 0.9363, 'learning_rate': 1.2551953449709061e-05, 'epoch': 6.23}
{'loss': 0.85, 'learning_rate': 1.0473815461346634e-05, 'epoch': 6.86}
10/29/2023 11:52:36 - DEBUG - helper.classes -   Epoch 7.0 completed, Duration: 0:21:24 Mem usage: CPU mem usage: 9.80G.  Cuda 0: memory acclocated: 18 G.
10/29/2023 11:54:24 - DEBUG - fsspec.local -   open file: /home/lunt1/.cache/huggingface/metrics/precision/default/default_experiment-1-0.arrow
10/29/2023 11:54:24 - DEBUG - fsspec.local -   open file: /home/lunt1/.cache/huggingface/metrics/recall/default/default_experiment-1-0.arrow
10/29/2023 11:54:24 - DEBUG - fsspec.local -   open file: /home/lunt1/.cache/huggingface/metrics/f1/default/default_experiment-1-0.arrow
10/29/2023 11:54:24 - DEBUG - fsspec.local -   open file: /home/lunt1/.cache/huggingface/metrics/spearmanr/default/default_experiment-1-0.arrow
10/29/2023 11:54:24 - DEBUG - fsspec.local -   open file: /home/lunt1/.cache/huggingface/metrics/precision/default/default_experiment-1-0.arrow
10/29/2023 11:54:24 - DEBUG - fsspec.local -   open file: /home/lunt1/.cache/huggingface/metrics/recall/default/default_experiment-1-0.arrow
10/29/2023 11:54:24 - DEBUG - fsspec.local -   open file: /home/lunt1/.cache/huggingface/metrics/f1/default/default_experiment-1-0.arrow
{'eval_loss': 1.7703490257263184, 'eval_precision': 0.31929225364024066, 'eval_recall': 0.3285216497253923, 'eval_f1': 0.3209640770693357, 'eval_spearmanr': 0.7776193401446264, 'eval_precision_weighted': 0.43121594439539845, 'eval_recall_weighted': 0.4468503937007874, 'eval_f1_weighted': 0.43479602842079007, 'eval_runtime': 108.0507, 'eval_samples_per_second': 4.701, 'eval_steps_per_second': 2.351, 'epoch': 7.0}
10/29/2023 11:54:30 - DEBUG - helper.classes -   ----------- Starting epoch 8.0 -----------
{'loss': 0.7596, 'learning_rate': 8.395677472984206e-06, 'epoch': 7.48}
10/29/2023 12:15:17 - DEBUG - helper.classes -   Epoch 8.0 completed, Duration: 0:20:46 Mem usage: CPU mem usage: 9.78G.  Cuda 0: memory acclocated: 18 G.
10/29/2023 12:17:05 - DEBUG - fsspec.local -   open file: /home/lunt1/.cache/huggingface/metrics/precision/default/default_experiment-1-0.arrow
10/29/2023 12:17:05 - DEBUG - fsspec.local -   open file: /home/lunt1/.cache/huggingface/metrics/recall/default/default_experiment-1-0.arrow
10/29/2023 12:17:05 - DEBUG - fsspec.local -   open file: /home/lunt1/.cache/huggingface/metrics/f1/default/default_experiment-1-0.arrow
10/29/2023 12:17:05 - DEBUG - fsspec.local -   open file: /home/lunt1/.cache/huggingface/metrics/spearmanr/default/default_experiment-1-0.arrow
10/29/2023 12:17:05 - DEBUG - fsspec.local -   open file: /home/lunt1/.cache/huggingface/metrics/precision/default/default_experiment-1-0.arrow
10/29/2023 12:17:05 - DEBUG - fsspec.local -   open file: /home/lunt1/.cache/huggingface/metrics/recall/default/default_experiment-1-0.arrow
10/29/2023 12:17:05 - DEBUG - fsspec.local -   open file: /home/lunt1/.cache/huggingface/metrics/f1/default/default_experiment-1-0.arrow
{'eval_loss': 2.0383949279785156, 'eval_precision': 0.3191157786306717, 'eval_recall': 0.32918917338397896, 'eval_f1': 0.3226805470590512, 'eval_spearmanr': 0.7656965526752021, 'eval_precision_weighted': 0.4284596685796336, 'eval_recall_weighted': 0.4448818897637795, 'eval_f1_weighted': 0.4347402607405196, 'eval_runtime': 107.969, 'eval_samples_per_second': 4.705, 'eval_steps_per_second': 2.353, 'epoch': 8.0}
10/29/2023 12:17:11 - DEBUG - helper.classes -   ----------- Starting epoch 9.0 -----------
{'loss': 0.7837, 'learning_rate': 6.3175394846217795e-06, 'epoch': 8.1}
{'loss': 0.7234, 'learning_rate': 4.239401496259352e-06, 'epoch': 8.73}
10/29/2023 12:38:31 - DEBUG - helper.classes -   Epoch 9.0 completed, Duration: 0:21:19 Mem usage: CPU mem usage: 9.80G.  Cuda 0: memory acclocated: 18 G.
10/29/2023 12:40:19 - DEBUG - fsspec.local -   open file: /home/lunt1/.cache/huggingface/metrics/precision/default/default_experiment-1-0.arrow
10/29/2023 12:40:19 - DEBUG - fsspec.local -   open file: /home/lunt1/.cache/huggingface/metrics/recall/default/default_experiment-1-0.arrow
10/29/2023 12:40:19 - DEBUG - fsspec.local -   open file: /home/lunt1/.cache/huggingface/metrics/f1/default/default_experiment-1-0.arrow
10/29/2023 12:40:19 - DEBUG - fsspec.local -   open file: /home/lunt1/.cache/huggingface/metrics/spearmanr/default/default_experiment-1-0.arrow
10/29/2023 12:40:19 - DEBUG - fsspec.local -   open file: /home/lunt1/.cache/huggingface/metrics/precision/default/default_experiment-1-0.arrow
10/29/2023 12:40:19 - DEBUG - fsspec.local -   open file: /home/lunt1/.cache/huggingface/metrics/recall/default/default_experiment-1-0.arrow
10/29/2023 12:40:19 - DEBUG - fsspec.local -   open file: /home/lunt1/.cache/huggingface/metrics/f1/default/default_experiment-1-0.arrow
{'eval_loss': 2.1378793716430664, 'eval_precision': 0.3236046659783366, 'eval_recall': 0.3348407838356989, 'eval_f1': 0.32710555998135954, 'eval_spearmanr': 0.7643585972544241, 'eval_precision_weighted': 0.43452128944112695, 'eval_recall_weighted': 0.4566929133858268, 'eval_f1_weighted': 0.44294383036542073, 'eval_runtime': 107.9622, 'eval_samples_per_second': 4.705, 'eval_steps_per_second': 2.353, 'epoch': 9.0}
10/29/2023 12:40:25 - DEBUG - helper.classes -   ----------- Starting epoch 10.0 -----------
{'loss': 0.7615, 'learning_rate': 2.1612635078969247e-06, 'epoch': 9.35}
{'loss': 0.713, 'learning_rate': 8.31255195344971e-08, 'epoch': 9.98}
10/29/2023 13:01:26 - DEBUG - helper.classes -   Epoch 10.0 completed, Duration: 0:21:01 Mem usage: CPU mem usage: 9.79G.  Cuda 0: memory acclocated: 18 G.
10/29/2023 13:03:13 - DEBUG - fsspec.local -   open file: /home/lunt1/.cache/huggingface/metrics/precision/default/default_experiment-1-0.arrow
10/29/2023 13:03:13 - DEBUG - fsspec.local -   open file: /home/lunt1/.cache/huggingface/metrics/recall/default/default_experiment-1-0.arrow
10/29/2023 13:03:13 - DEBUG - fsspec.local -   open file: /home/lunt1/.cache/huggingface/metrics/f1/default/default_experiment-1-0.arrow
10/29/2023 13:03:13 - DEBUG - fsspec.local -   open file: /home/lunt1/.cache/huggingface/metrics/spearmanr/default/default_experiment-1-0.arrow
10/29/2023 13:03:13 - DEBUG - fsspec.local -   open file: /home/lunt1/.cache/huggingface/metrics/precision/default/default_experiment-1-0.arrow
10/29/2023 13:03:13 - DEBUG - fsspec.local -   open file: /home/lunt1/.cache/huggingface/metrics/recall/default/default_experiment-1-0.arrow
10/29/2023 13:03:13 - DEBUG - fsspec.local -   open file: /home/lunt1/.cache/huggingface/metrics/f1/default/default_experiment-1-0.arrow
{'eval_loss': 2.2058112621307373, 'eval_precision': 0.3314408915783059, 'eval_recall': 0.34096587999656414, 'eval_f1': 0.3347719766152945, 'eval_spearmanr': 0.7748877977510527, 'eval_precision_weighted': 0.44476557831814345, 'eval_recall_weighted': 0.46653543307086615, 'eval_f1_weighted': 0.45383052227032417, 'eval_runtime': 107.3825, 'eval_samples_per_second': 4.731, 'eval_steps_per_second': 2.365, 'epoch': 10.0}
{'train_runtime': 13854.8623, 'train_samples_per_second': 1.158, 'train_steps_per_second': 0.579, 'train_loss': 1.029260366397011, 'epoch': 10.0}
10/29/2023 13:03:25 - INFO - __main__ -   Training completed. Duration: 3:50:55
10/29/2023 13:05:12 - DEBUG - fsspec.local -   open file: /home/lunt1/.cache/huggingface/metrics/precision/default/default_experiment-1-0.arrow
10/29/2023 13:05:12 - DEBUG - fsspec.local -   open file: /home/lunt1/.cache/huggingface/metrics/recall/default/default_experiment-1-0.arrow
10/29/2023 13:05:12 - DEBUG - fsspec.local -   open file: /home/lunt1/.cache/huggingface/metrics/f1/default/default_experiment-1-0.arrow
10/29/2023 13:05:12 - DEBUG - fsspec.local -   open file: /home/lunt1/.cache/huggingface/metrics/spearmanr/default/default_experiment-1-0.arrow
10/29/2023 13:05:12 - DEBUG - fsspec.local -   open file: /home/lunt1/.cache/huggingface/metrics/precision/default/default_experiment-1-0.arrow
10/29/2023 13:05:12 - DEBUG - fsspec.local -   open file: /home/lunt1/.cache/huggingface/metrics/recall/default/default_experiment-1-0.arrow
10/29/2023 13:05:12 - DEBUG - fsspec.local -   open file: /home/lunt1/.cache/huggingface/metrics/f1/default/default_experiment-1-0.arrow
10/29/2023 13:05:12 - DEBUG - fsspec.local -   open file: /home/lunt1/.cache/huggingface/metrics/precision/default/default_experiment-1-0.arrow
10/29/2023 13:05:12 - DEBUG - fsspec.local -   open file: /home/lunt1/.cache/huggingface/metrics/recall/default/default_experiment-1-0.arrow
10/29/2023 13:05:12 - DEBUG - fsspec.local -   open file: /home/lunt1/.cache/huggingface/metrics/f1/default/default_experiment-1-0.arrow
10/29/2023 13:05:12 - DEBUG - fsspec.local -   open file: /home/lunt1/.cache/huggingface/metrics/spearmanr/default/default_experiment-1-0.arrow
10/29/2023 13:05:12 - DEBUG - fsspec.local -   open file: /home/lunt1/.cache/huggingface/metrics/precision/default/default_experiment-1-0.arrow
10/29/2023 13:05:12 - DEBUG - fsspec.local -   open file: /home/lunt1/.cache/huggingface/metrics/recall/default/default_experiment-1-0.arrow
10/29/2023 13:05:12 - DEBUG - fsspec.local -   open file: /home/lunt1/.cache/huggingface/metrics/f1/default/default_experiment-1-0.arrow
10/29/2023 13:05:12 - DEBUG - __main__ -   label: 4
10/29/2023 13:05:12 - DEBUG - __main__ -   pred: 4
10/29/2023 13:05:12 - DEBUG - __main__ -   label: 5
10/29/2023 13:05:12 - DEBUG - __main__ -   pred: 5
10/29/2023 13:05:12 - DEBUG - __main__ -   label: 3
10/29/2023 13:05:12 - DEBUG - __main__ -   pred: 4
10/29/2023 13:05:12 - DEBUG - __main__ -   label: 6
10/29/2023 13:05:12 - DEBUG - __main__ -   pred: 4
10/29/2023 13:05:12 - DEBUG - __main__ -   label: 3
10/29/2023 13:05:12 - DEBUG - __main__ -   pred: 3
10/29/2023 13:05:12 - DEBUG - __main__ -   label: 3
10/29/2023 13:05:12 - DEBUG - __main__ -   pred: 3
10/29/2023 13:05:12 - DEBUG - __main__ -   label: 2
10/29/2023 13:05:12 - DEBUG - __main__ -   pred: 3
10/29/2023 13:05:12 - DEBUG - __main__ -   label: 4
10/29/2023 13:05:12 - DEBUG - __main__ -   pred: 3
10/29/2023 13:05:12 - DEBUG - __main__ -   label: 4
10/29/2023 13:05:12 - DEBUG - __main__ -   pred: 4
10/29/2023 13:05:12 - DEBUG - __main__ -   label: 4
10/29/2023 13:05:12 - DEBUG - __main__ -   pred: 4
10/29/2023 13:05:12 - DEBUG - __main__ -   label: 2
10/29/2023 13:05:12 - DEBUG - __main__ -   pred: 4
10/29/2023 13:05:12 - DEBUG - __main__ -   label: 5
10/29/2023 13:05:12 - DEBUG - __main__ -   pred: 4
10/29/2023 13:05:12 - DEBUG - __main__ -   label: 4
10/29/2023 13:05:12 - DEBUG - __main__ -   pred: 4
10/29/2023 13:05:12 - DEBUG - __main__ -   label: 3
10/29/2023 13:05:12 - DEBUG - __main__ -   pred: 3
10/29/2023 13:05:12 - DEBUG - __main__ -   label: 5
10/29/2023 13:05:12 - DEBUG - __main__ -   pred: 5
10/29/2023 13:05:12 - DEBUG - __main__ -   label: 5
10/29/2023 13:05:12 - DEBUG - __main__ -   pred: 3
10/29/2023 13:05:12 - DEBUG - __main__ -   label: 5
10/29/2023 13:05:12 - DEBUG - __main__ -   pred: 5
10/29/2023 13:05:12 - DEBUG - __main__ -   label: 6
10/29/2023 13:05:12 - DEBUG - __main__ -   pred: 4
10/29/2023 13:05:12 - DEBUG - __main__ -   label: 3
10/29/2023 13:05:12 - DEBUG - __main__ -   pred: 3
10/29/2023 13:05:12 - DEBUG - __main__ -   label: 3
10/29/2023 13:05:12 - DEBUG - __main__ -   pred: 4
10/29/2023 13:05:12 - DEBUG - __main__ -   label: 5
10/29/2023 13:05:12 - DEBUG - __main__ -   pred: 4
10/29/2023 13:05:12 - DEBUG - __main__ -   label: 2
10/29/2023 13:05:12 - DEBUG - __main__ -   pred: 3
10/29/2023 13:05:12 - DEBUG - __main__ -   label: 1
10/29/2023 13:05:12 - DEBUG - __main__ -   pred: 2
10/29/2023 13:05:12 - DEBUG - __main__ -   label: 3
10/29/2023 13:05:12 - DEBUG - __main__ -   pred: 2
10/29/2023 13:05:12 - DEBUG - __main__ -   label: 4
10/29/2023 13:05:12 - DEBUG - __main__ -   pred: 4
10/29/2023 13:05:12 - DEBUG - __main__ -   label: 5
10/29/2023 13:05:12 - DEBUG - __main__ -   pred: 4
10/29/2023 13:05:12 - DEBUG - __main__ -   label: 5
10/29/2023 13:05:12 - DEBUG - __main__ -   pred: 5
10/29/2023 13:05:12 - DEBUG - __main__ -   label: 3
10/29/2023 13:05:12 - DEBUG - __main__ -   pred: 4
10/29/2023 13:05:12 - DEBUG - __main__ -   label: 4
10/29/2023 13:05:12 - DEBUG - __main__ -   pred: 2
10/29/2023 13:05:12 - DEBUG - __main__ -   label: 4
10/29/2023 13:05:12 - DEBUG - __main__ -   pred: 5
10/29/2023 13:05:12 - DEBUG - __main__ -   label: 4
10/29/2023 13:05:12 - DEBUG - __main__ -   pred: 4
10/29/2023 13:05:12 - DEBUG - __main__ -   label: 4
10/29/2023 13:05:12 - DEBUG - __main__ -   pred: 5
10/29/2023 13:05:12 - DEBUG - __main__ -   label: 4
10/29/2023 13:05:12 - DEBUG - __main__ -   pred: 3
10/29/2023 13:05:12 - DEBUG - __main__ -   label: 5
10/29/2023 13:05:12 - DEBUG - __main__ -   pred: 5
10/29/2023 13:05:12 - DEBUG - __main__ -   label: 2
10/29/2023 13:05:12 - DEBUG - __main__ -   pred: 2
10/29/2023 13:05:12 - DEBUG - __main__ -   label: 4
10/29/2023 13:05:12 - DEBUG - __main__ -   pred: 5
10/29/2023 13:05:12 - DEBUG - __main__ -   label: 6
10/29/2023 13:05:12 - DEBUG - __main__ -   pred: 5
10/29/2023 13:05:12 - DEBUG - __main__ -   label: 5
10/29/2023 13:05:12 - DEBUG - __main__ -   pred: 4
10/29/2023 13:05:12 - DEBUG - __main__ -   label: 2
10/29/2023 13:05:12 - DEBUG - __main__ -   pred: 1
10/29/2023 13:05:12 - DEBUG - __main__ -   label: 4
10/29/2023 13:05:12 - DEBUG - __main__ -   pred: 3
10/29/2023 13:05:12 - DEBUG - __main__ -   label: 3
10/29/2023 13:05:12 - DEBUG - __main__ -   pred: 3
10/29/2023 13:05:12 - DEBUG - __main__ -   label: 4
10/29/2023 13:05:12 - DEBUG - __main__ -   pred: 4
10/29/2023 13:05:12 - DEBUG - __main__ -   label: 3
10/29/2023 13:05:12 - DEBUG - __main__ -   pred: 4
10/29/2023 13:05:12 - DEBUG - __main__ -   label: 3
10/29/2023 13:05:12 - DEBUG - __main__ -   pred: 5
10/29/2023 13:05:12 - DEBUG - __main__ -   label: 5
10/29/2023 13:05:12 - DEBUG - __main__ -   pred: 5
10/29/2023 13:05:12 - DEBUG - __main__ -   label: 4
10/29/2023 13:05:12 - DEBUG - __main__ -   pred: 3
10/29/2023 13:05:12 - DEBUG - __main__ -   label: 5
10/29/2023 13:05:12 - DEBUG - __main__ -   pred: 5
10/29/2023 13:05:12 - DEBUG - __main__ -   label: 5
10/29/2023 13:05:12 - DEBUG - __main__ -   pred: 4
10/29/2023 13:05:12 - DEBUG - __main__ -   label: 4
10/29/2023 13:05:12 - DEBUG - __main__ -   pred: 4
10/29/2023 13:05:12 - DEBUG - __main__ -   label: 5
10/29/2023 13:05:12 - DEBUG - __main__ -   pred: 4
10/29/2023 13:05:12 - DEBUG - __main__ -   label: 6
10/29/2023 13:05:12 - DEBUG - __main__ -   pred: 5
10/29/2023 13:05:12 - DEBUG - __main__ -   label: 3
10/29/2023 13:05:12 - DEBUG - __main__ -   pred: 4
10/29/2023 13:05:12 - DEBUG - __main__ -   label: 2
10/29/2023 13:05:12 - DEBUG - __main__ -   pred: 3
10/29/2023 13:05:12 - DEBUG - __main__ -   label: 3
10/29/2023 13:05:12 - DEBUG - __main__ -   pred: 3
10/29/2023 13:05:12 - DEBUG - __main__ -   label: 4
10/29/2023 13:05:12 - DEBUG - __main__ -   pred: 5
10/29/2023 13:05:12 - DEBUG - __main__ -   label: 3
10/29/2023 13:05:12 - DEBUG - __main__ -   pred: 5
10/29/2023 13:05:12 - DEBUG - __main__ -   label: 4
10/29/2023 13:05:12 - DEBUG - __main__ -   pred: 5
10/29/2023 13:05:12 - DEBUG - __main__ -   label: 2
10/29/2023 13:05:12 - DEBUG - __main__ -   pred: 1
10/29/2023 13:05:12 - DEBUG - __main__ -   label: 1
10/29/2023 13:05:12 - DEBUG - __main__ -   pred: 3
10/29/2023 13:05:12 - DEBUG - __main__ -   label: 1
10/29/2023 13:05:12 - DEBUG - __main__ -   pred: 3
10/29/2023 13:05:12 - DEBUG - __main__ -   label: 2
10/29/2023 13:05:12 - DEBUG - __main__ -   pred: 4
10/29/2023 13:05:12 - DEBUG - __main__ -   label: 2
10/29/2023 13:05:12 - DEBUG - __main__ -   pred: 3
10/29/2023 13:05:12 - DEBUG - __main__ -   label: 4
10/29/2023 13:05:12 - DEBUG - __main__ -   pred: 5
10/29/2023 13:05:12 - DEBUG - __main__ -   label: 3
10/29/2023 13:05:12 - DEBUG - __main__ -   pred: 5
10/29/2023 13:05:12 - DEBUG - __main__ -   label: 4
10/29/2023 13:05:12 - DEBUG - __main__ -   pred: 4
10/29/2023 13:05:12 - DEBUG - __main__ -   label: 3
10/29/2023 13:05:12 - DEBUG - __main__ -   pred: 3
10/29/2023 13:05:12 - DEBUG - __main__ -   label: 5
10/29/2023 13:05:12 - DEBUG - __main__ -   pred: 5
10/29/2023 13:05:12 - DEBUG - __main__ -   label: 4
10/29/2023 13:05:12 - DEBUG - __main__ -   pred: 4
10/29/2023 13:05:12 - DEBUG - __main__ -   label: 2
10/29/2023 13:05:12 - DEBUG - __main__ -   pred: 2
10/29/2023 13:05:12 - DEBUG - __main__ -   label: 2
10/29/2023 13:05:12 - DEBUG - __main__ -   pred: 2
10/29/2023 13:05:12 - DEBUG - __main__ -   label: 5
10/29/2023 13:05:12 - DEBUG - __main__ -   pred: 4
10/29/2023 13:05:12 - DEBUG - __main__ -   label: 2
10/29/2023 13:05:12 - DEBUG - __main__ -   pred: 1
10/29/2023 13:05:12 - DEBUG - __main__ -   label: 1
10/29/2023 13:05:12 - DEBUG - __main__ -   pred: 1
10/29/2023 13:05:12 - DEBUG - __main__ -   label: 1
10/29/2023 13:05:12 - DEBUG - __main__ -   pred: 1
10/29/2023 13:05:12 - DEBUG - __main__ -   label: 3
10/29/2023 13:05:12 - DEBUG - __main__ -   pred: 3
10/29/2023 13:05:12 - DEBUG - __main__ -   label: 3
10/29/2023 13:05:12 - DEBUG - __main__ -   pred: 4
10/29/2023 13:05:12 - DEBUG - __main__ -   label: 3
10/29/2023 13:05:12 - DEBUG - __main__ -   pred: 4
10/29/2023 13:05:12 - DEBUG - __main__ -   label: 3
10/29/2023 13:05:12 - DEBUG - __main__ -   pred: 3
10/29/2023 13:05:12 - DEBUG - __main__ -   label: 2
10/29/2023 13:05:12 - DEBUG - __main__ -   pred: 2
10/29/2023 13:05:12 - DEBUG - __main__ -   label: 2
10/29/2023 13:05:12 - DEBUG - __main__ -   pred: 3
10/29/2023 13:05:12 - DEBUG - __main__ -   label: 1
10/29/2023 13:05:12 - DEBUG - __main__ -   pred: 2
10/29/2023 13:05:12 - DEBUG - __main__ -   label: 2
10/29/2023 13:05:12 - DEBUG - __main__ -   pred: 1
10/29/2023 13:05:12 - DEBUG - __main__ -   label: 1
10/29/2023 13:05:12 - DEBUG - __main__ -   pred: 1
10/29/2023 13:05:12 - DEBUG - __main__ -   label: 2
10/29/2023 13:05:12 - DEBUG - __main__ -   pred: 1
10/29/2023 13:05:12 - DEBUG - __main__ -   label: 2
10/29/2023 13:05:12 - DEBUG - __main__ -   pred: 1
10/29/2023 13:05:12 - DEBUG - __main__ -   label: 1
10/29/2023 13:05:12 - DEBUG - __main__ -   pred: 1
10/29/2023 13:05:12 - DEBUG - __main__ -   label: 2
10/29/2023 13:05:12 - DEBUG - __main__ -   pred: 1
10/29/2023 13:05:12 - DEBUG - __main__ -   label: 1
10/29/2023 13:05:12 - DEBUG - __main__ -   pred: 2
10/29/2023 13:05:12 - DEBUG - __main__ -   label: 1
10/29/2023 13:05:12 - DEBUG - __main__ -   pred: 1
10/29/2023 13:05:12 - DEBUG - __main__ -   label: 2
10/29/2023 13:05:12 - DEBUG - __main__ -   pred: 2
10/29/2023 13:05:12 - DEBUG - __main__ -   label: 2
10/29/2023 13:05:12 - DEBUG - __main__ -   pred: 2
10/29/2023 13:05:12 - DEBUG - __main__ -   label: 2
10/29/2023 13:05:12 - DEBUG - __main__ -   pred: 2
10/29/2023 13:05:12 - DEBUG - __main__ -   label: 2
10/29/2023 13:05:12 - DEBUG - __main__ -   pred: 1
10/29/2023 13:05:12 - DEBUG - __main__ -   label: 2
10/29/2023 13:05:12 - DEBUG - __main__ -   pred: 1
10/29/2023 13:05:12 - DEBUG - __main__ -   label: 1
10/29/2023 13:05:12 - DEBUG - __main__ -   pred: 1
10/29/2023 13:05:12 - DEBUG - __main__ -   label: 2
10/29/2023 13:05:12 - DEBUG - __main__ -   pred: 1
10/29/2023 13:05:12 - DEBUG - __main__ -   label: 1
10/29/2023 13:05:12 - DEBUG - __main__ -   pred: 1
10/29/2023 13:05:12 - DEBUG - __main__ -   label: 1
10/29/2023 13:05:12 - DEBUG - __main__ -   pred: 1
10/29/2023 13:05:12 - DEBUG - __main__ -   label: 2
10/29/2023 13:05:12 - DEBUG - __main__ -   pred: 3
10/29/2023 13:05:12 - DEBUG - __main__ -   label: 2
10/29/2023 13:05:12 - DEBUG - __main__ -   pred: 1
10/29/2023 13:05:12 - DEBUG - __main__ -   label: 2
10/29/2023 13:05:12 - DEBUG - __main__ -   pred: 3
10/29/2023 13:05:12 - DEBUG - __main__ -   label: 6
10/29/2023 13:05:12 - DEBUG - __main__ -   pred: 4
10/29/2023 13:05:12 - DEBUG - __main__ -   label: 3
10/29/2023 13:05:12 - DEBUG - __main__ -   pred: 3
10/29/2023 13:05:12 - DEBUG - __main__ -   label: 5
10/29/2023 13:05:12 - DEBUG - __main__ -   pred: 6
10/29/2023 13:05:12 - DEBUG - __main__ -   label: 5
10/29/2023 13:05:12 - DEBUG - __main__ -   pred: 5
10/29/2023 13:05:12 - DEBUG - __main__ -   label: 5
10/29/2023 13:05:12 - DEBUG - __main__ -   pred: 5
10/29/2023 13:05:12 - DEBUG - __main__ -   label: 4
10/29/2023 13:05:12 - DEBUG - __main__ -   pred: 5
10/29/2023 13:05:12 - DEBUG - __main__ -   label: 6
10/29/2023 13:05:12 - DEBUG - __main__ -   pred: 5
10/29/2023 13:05:12 - DEBUG - __main__ -   label: 4
10/29/2023 13:05:12 - DEBUG - __main__ -   pred: 4
10/29/2023 13:05:12 - DEBUG - __main__ -   label: 4
10/29/2023 13:05:12 - DEBUG - __main__ -   pred: 4
10/29/2023 13:05:12 - DEBUG - __main__ -   label: 2
10/29/2023 13:05:12 - DEBUG - __main__ -   pred: 2
10/29/2023 13:05:12 - DEBUG - __main__ -   label: 1
10/29/2023 13:05:12 - DEBUG - __main__ -   pred: 1
10/29/2023 13:05:12 - DEBUG - __main__ -   label: 2
10/29/2023 13:05:12 - DEBUG - __main__ -   pred: 1
10/29/2023 13:05:12 - DEBUG - __main__ -   label: 1
10/29/2023 13:05:12 - DEBUG - __main__ -   pred: 1
10/29/2023 13:05:12 - DEBUG - __main__ -   label: 2
10/29/2023 13:05:12 - DEBUG - __main__ -   pred: 2
10/29/2023 13:05:12 - DEBUG - __main__ -   label: 1
10/29/2023 13:05:12 - DEBUG - __main__ -   pred: 2
10/29/2023 13:05:12 - DEBUG - __main__ -   label: 2
10/29/2023 13:05:12 - DEBUG - __main__ -   pred: 2
10/29/2023 13:05:12 - DEBUG - __main__ -   label: 2
10/29/2023 13:05:12 - DEBUG - __main__ -   pred: 1
10/29/2023 13:05:12 - DEBUG - __main__ -   label: 1
10/29/2023 13:05:12 - DEBUG - __main__ -   pred: 1
10/29/2023 13:05:12 - DEBUG - __main__ -   label: 1
10/29/2023 13:05:12 - DEBUG - __main__ -   pred: 1
10/29/2023 13:05:12 - DEBUG - __main__ -   label: 2
10/29/2023 13:05:12 - DEBUG - __main__ -   pred: 2
10/29/2023 13:05:12 - DEBUG - __main__ -   label: 1
10/29/2023 13:05:12 - DEBUG - __main__ -   pred: 2
10/29/2023 13:05:12 - DEBUG - __main__ -   label: 5
10/29/2023 13:05:12 - DEBUG - __main__ -   pred: 5
10/29/2023 13:05:12 - DEBUG - __main__ -   label: 1
10/29/2023 13:05:12 - DEBUG - __main__ -   pred: 2
10/29/2023 13:05:12 - DEBUG - __main__ -   label: 2
10/29/2023 13:05:12 - DEBUG - __main__ -   pred: 2
10/29/2023 13:05:12 - DEBUG - __main__ -   label: 4
10/29/2023 13:05:12 - DEBUG - __main__ -   pred: 4
10/29/2023 13:05:12 - DEBUG - __main__ -   label: 4
10/29/2023 13:05:12 - DEBUG - __main__ -   pred: 3
10/29/2023 13:05:12 - DEBUG - __main__ -   label: 2
10/29/2023 13:05:12 - DEBUG - __main__ -   pred: 2
10/29/2023 13:05:12 - DEBUG - __main__ -   label: 2
10/29/2023 13:05:12 - DEBUG - __main__ -   pred: 2
10/29/2023 13:05:12 - DEBUG - __main__ -   label: 3
10/29/2023 13:05:12 - DEBUG - __main__ -   pred: 3
10/29/2023 13:05:12 - DEBUG - __main__ -   label: 3
10/29/2023 13:05:12 - DEBUG - __main__ -   pred: 3
10/29/2023 13:05:12 - DEBUG - __main__ -   label: 3
10/29/2023 13:05:12 - DEBUG - __main__ -   pred: 3
10/29/2023 13:05:12 - DEBUG - __main__ -   label: 5
10/29/2023 13:05:12 - DEBUG - __main__ -   pred: 5
10/29/2023 13:05:12 - DEBUG - __main__ -   label: 5
10/29/2023 13:05:12 - DEBUG - __main__ -   pred: 5
10/29/2023 13:05:12 - DEBUG - __main__ -   label: 4
10/29/2023 13:05:12 - DEBUG - __main__ -   pred: 3
10/29/2023 13:05:12 - DEBUG - __main__ -   label: 5
10/29/2023 13:05:12 - DEBUG - __main__ -   pred: 6
10/29/2023 13:05:12 - DEBUG - __main__ -   label: 4
10/29/2023 13:05:12 - DEBUG - __main__ -   pred: 4
10/29/2023 13:05:12 - DEBUG - __main__ -   label: 6
10/29/2023 13:05:12 - DEBUG - __main__ -   pred: 4
10/29/2023 13:05:12 - DEBUG - __main__ -   label: 5
10/29/2023 13:05:12 - DEBUG - __main__ -   pred: 4
10/29/2023 13:05:12 - DEBUG - __main__ -   label: 3
10/29/2023 13:05:12 - DEBUG - __main__ -   pred: 4
10/29/2023 13:05:12 - DEBUG - __main__ -   label: 4
10/29/2023 13:05:12 - DEBUG - __main__ -   pred: 4
10/29/2023 13:05:12 - DEBUG - __main__ -   label: 5
10/29/2023 13:05:12 - DEBUG - __main__ -   pred: 4
10/29/2023 13:05:12 - DEBUG - __main__ -   label: 5
10/29/2023 13:05:12 - DEBUG - __main__ -   pred: 4
10/29/2023 13:05:12 - DEBUG - __main__ -   label: 1
10/29/2023 13:05:12 - DEBUG - __main__ -   pred: 1
10/29/2023 13:05:12 - DEBUG - __main__ -   label: 3
10/29/2023 13:05:12 - DEBUG - __main__ -   pred: 2
10/29/2023 13:05:12 - DEBUG - __main__ -   label: 3
10/29/2023 13:05:12 - DEBUG - __main__ -   pred: 3
10/29/2023 13:05:12 - DEBUG - __main__ -   label: 4
10/29/2023 13:05:12 - DEBUG - __main__ -   pred: 4
10/29/2023 13:05:12 - DEBUG - __main__ -   label: 2
10/29/2023 13:05:12 - DEBUG - __main__ -   pred: 3
10/29/2023 13:05:12 - DEBUG - __main__ -   label: 2
10/29/2023 13:05:12 - DEBUG - __main__ -   pred: 2
10/29/2023 13:05:12 - DEBUG - __main__ -   label: 0
10/29/2023 13:05:12 - DEBUG - __main__ -   pred: 2
10/29/2023 13:05:12 - DEBUG - __main__ -   label: 4
10/29/2023 13:05:12 - DEBUG - __main__ -   pred: 4
10/29/2023 13:05:12 - DEBUG - __main__ -   label: 3
10/29/2023 13:05:12 - DEBUG - __main__ -   pred: 4
10/29/2023 13:05:12 - DEBUG - __main__ -   label: 4
10/29/2023 13:05:12 - DEBUG - __main__ -   pred: 3
10/29/2023 13:05:12 - DEBUG - __main__ -   label: 2
10/29/2023 13:05:12 - DEBUG - __main__ -   pred: 3
10/29/2023 13:05:12 - DEBUG - __main__ -   label: 2
10/29/2023 13:05:12 - DEBUG - __main__ -   pred: 1
10/29/2023 13:05:12 - DEBUG - __main__ -   label: 2
10/29/2023 13:05:12 - DEBUG - __main__ -   pred: 2
10/29/2023 13:05:12 - DEBUG - __main__ -   label: 3
10/29/2023 13:05:12 - DEBUG - __main__ -   pred: 3
10/29/2023 13:05:12 - DEBUG - __main__ -   label: 2
10/29/2023 13:05:12 - DEBUG - __main__ -   pred: 2
10/29/2023 13:05:12 - DEBUG - __main__ -   label: 1
10/29/2023 13:05:12 - DEBUG - __main__ -   pred: 1
10/29/2023 13:05:12 - DEBUG - __main__ -   label: 1
10/29/2023 13:05:12 - DEBUG - __main__ -   pred: 2
10/29/2023 13:05:12 - DEBUG - __main__ -   label: 2
10/29/2023 13:05:12 - DEBUG - __main__ -   pred: 2
10/29/2023 13:05:12 - DEBUG - __main__ -   label: 1
10/29/2023 13:05:12 - DEBUG - __main__ -   pred: 1
10/29/2023 13:05:12 - DEBUG - __main__ -   label: 2
10/29/2023 13:05:12 - DEBUG - __main__ -   pred: 2
10/29/2023 13:05:12 - DEBUG - __main__ -   label: 1
10/29/2023 13:05:12 - DEBUG - __main__ -   pred: 1
10/29/2023 13:05:12 - DEBUG - __main__ -   label: 1
10/29/2023 13:05:12 - DEBUG - __main__ -   pred: 1
10/29/2023 13:05:12 - DEBUG - __main__ -   label: 1
10/29/2023 13:05:12 - DEBUG - __main__ -   pred: 1
10/29/2023 13:05:12 - DEBUG - __main__ -   label: 3
10/29/2023 13:05:12 - DEBUG - __main__ -   pred: 2
10/29/2023 13:05:12 - DEBUG - __main__ -   label: 3
10/29/2023 13:05:12 - DEBUG - __main__ -   pred: 2
10/29/2023 13:05:12 - DEBUG - __main__ -   label: 3
10/29/2023 13:05:12 - DEBUG - __main__ -   pred: 2
10/29/2023 13:05:12 - DEBUG - __main__ -   label: 5
10/29/2023 13:05:12 - DEBUG - __main__ -   pred: 4
10/29/2023 13:05:12 - DEBUG - __main__ -   label: 5
10/29/2023 13:05:12 - DEBUG - __main__ -   pred: 5
10/29/2023 13:05:12 - DEBUG - __main__ -   label: 4
10/29/2023 13:05:12 - DEBUG - __main__ -   pred: 3
10/29/2023 13:05:12 - DEBUG - __main__ -   label: 3
10/29/2023 13:05:12 - DEBUG - __main__ -   pred: 4
10/29/2023 13:05:12 - DEBUG - __main__ -   label: 5
10/29/2023 13:05:12 - DEBUG - __main__ -   pred: 4
10/29/2023 13:05:12 - DEBUG - __main__ -   label: 6
10/29/2023 13:05:12 - DEBUG - __main__ -   pred: 5
10/29/2023 13:05:12 - DEBUG - __main__ -   label: 3
10/29/2023 13:05:12 - DEBUG - __main__ -   pred: 4
10/29/2023 13:05:12 - DEBUG - __main__ -   label: 4
10/29/2023 13:05:12 - DEBUG - __main__ -   pred: 4
10/29/2023 13:05:12 - DEBUG - __main__ -   label: 6
10/29/2023 13:05:12 - DEBUG - __main__ -   pred: 5
10/29/2023 13:05:12 - DEBUG - __main__ -   label: 3
10/29/2023 13:05:12 - DEBUG - __main__ -   pred: 4
10/29/2023 13:05:12 - DEBUG - __main__ -   label: 5
10/29/2023 13:05:12 - DEBUG - __main__ -   pred: 4
10/29/2023 13:05:12 - DEBUG - __main__ -   label: 5
10/29/2023 13:05:12 - DEBUG - __main__ -   pred: 4
10/29/2023 13:05:12 - DEBUG - __main__ -   label: 3
10/29/2023 13:05:12 - DEBUG - __main__ -   pred: 3
10/29/2023 13:05:12 - DEBUG - __main__ -   label: 3
10/29/2023 13:05:12 - DEBUG - __main__ -   pred: 3
10/29/2023 13:05:12 - DEBUG - __main__ -   label: 5
10/29/2023 13:05:12 - DEBUG - __main__ -   pred: 4
10/29/2023 13:05:12 - DEBUG - __main__ -   label: 3
10/29/2023 13:05:12 - DEBUG - __main__ -   pred: 2
10/29/2023 13:05:12 - DEBUG - __main__ -   label: 2
10/29/2023 13:05:12 - DEBUG - __main__ -   pred: 3
10/29/2023 13:05:12 - DEBUG - __main__ -   label: 2
10/29/2023 13:05:12 - DEBUG - __main__ -   pred: 1
10/29/2023 13:05:12 - DEBUG - __main__ -   label: 4
10/29/2023 13:05:12 - DEBUG - __main__ -   pred: 2
10/29/2023 13:05:12 - DEBUG - __main__ -   label: 2
10/29/2023 13:05:12 - DEBUG - __main__ -   pred: 2
10/29/2023 13:05:12 - DEBUG - __main__ -   label: 4
10/29/2023 13:05:12 - DEBUG - __main__ -   pred: 3
10/29/2023 13:05:12 - DEBUG - __main__ -   label: 2
10/29/2023 13:05:12 - DEBUG - __main__ -   pred: 1
10/29/2023 13:05:12 - DEBUG - __main__ -   label: 3
10/29/2023 13:05:12 - DEBUG - __main__ -   pred: 1
10/29/2023 13:05:12 - DEBUG - __main__ -   label: 3
10/29/2023 13:05:12 - DEBUG - __main__ -   pred: 2
10/29/2023 13:05:12 - DEBUG - __main__ -   label: 3
10/29/2023 13:05:12 - DEBUG - __main__ -   pred: 2
10/29/2023 13:05:12 - DEBUG - __main__ -   label: 3
10/29/2023 13:05:12 - DEBUG - __main__ -   pred: 1
10/29/2023 13:05:12 - DEBUG - __main__ -   label: 3
10/29/2023 13:05:12 - DEBUG - __main__ -   pred: 1
10/29/2023 13:05:12 - DEBUG - __main__ -   label: 3
10/29/2023 13:05:12 - DEBUG - __main__ -   pred: 1
10/29/2023 13:05:12 - DEBUG - __main__ -   label: 2
10/29/2023 13:05:12 - DEBUG - __main__ -   pred: 1
10/29/2023 13:05:12 - DEBUG - __main__ -   label: 4
10/29/2023 13:05:12 - DEBUG - __main__ -   pred: 1
10/29/2023 13:05:12 - DEBUG - __main__ -   label: 3
10/29/2023 13:05:12 - DEBUG - __main__ -   pred: 1
10/29/2023 13:05:12 - DEBUG - __main__ -   label: 2
10/29/2023 13:05:12 - DEBUG - __main__ -   pred: 1
10/29/2023 13:05:12 - DEBUG - __main__ -   label: 3
10/29/2023 13:05:12 - DEBUG - __main__ -   pred: 1
10/29/2023 13:05:12 - DEBUG - __main__ -   label: 3
10/29/2023 13:05:12 - DEBUG - __main__ -   pred: 1
10/29/2023 13:05:12 - DEBUG - __main__ -   label: 4
10/29/2023 13:05:12 - DEBUG - __main__ -   pred: 1
10/29/2023 13:05:12 - DEBUG - __main__ -   label: 4
10/29/2023 13:05:12 - DEBUG - __main__ -   pred: 2
10/29/2023 13:05:12 - DEBUG - __main__ -   label: 3
10/29/2023 13:05:12 - DEBUG - __main__ -   pred: 1
10/29/2023 13:05:12 - DEBUG - __main__ -   label: 1
10/29/2023 13:05:12 - DEBUG - __main__ -   pred: 1
10/29/2023 13:05:12 - DEBUG - __main__ -   label: 3
10/29/2023 13:05:12 - DEBUG - __main__ -   pred: 1
10/29/2023 13:05:12 - DEBUG - __main__ -   label: 3
10/29/2023 13:05:12 - DEBUG - __main__ -   pred: 2
10/29/2023 13:05:12 - DEBUG - __main__ -   label: 2
10/29/2023 13:05:12 - DEBUG - __main__ -   pred: 3
10/29/2023 13:05:12 - DEBUG - __main__ -   label: 4
10/29/2023 13:05:12 - DEBUG - __main__ -   pred: 4
10/29/2023 13:05:12 - DEBUG - __main__ -   label: 4
10/29/2023 13:05:12 - DEBUG - __main__ -   pred: 5
10/29/2023 13:05:12 - DEBUG - __main__ -   label: 5
10/29/2023 13:05:12 - DEBUG - __main__ -   pred: 3
10/29/2023 13:05:12 - DEBUG - __main__ -   label: 4
10/29/2023 13:05:12 - DEBUG - __main__ -   pred: 5
10/29/2023 13:05:12 - DEBUG - __main__ -   label: 3
10/29/2023 13:05:12 - DEBUG - __main__ -   pred: 3
10/29/2023 13:05:12 - DEBUG - __main__ -   label: 6
10/29/2023 13:05:12 - DEBUG - __main__ -   pred: 5
10/29/2023 13:05:12 - DEBUG - __main__ -   label: 4
10/29/2023 13:05:12 - DEBUG - __main__ -   pred: 3
10/29/2023 13:05:12 - DEBUG - __main__ -   label: 2
10/29/2023 13:05:12 - DEBUG - __main__ -   pred: 3
10/29/2023 13:05:12 - DEBUG - __main__ -   label: 2
10/29/2023 13:05:12 - DEBUG - __main__ -   pred: 2
10/29/2023 13:05:12 - DEBUG - __main__ -   label: 1
10/29/2023 13:05:12 - DEBUG - __main__ -   pred: 2
10/29/2023 13:05:12 - DEBUG - __main__ -   label: 2
10/29/2023 13:05:12 - DEBUG - __main__ -   pred: 2
10/29/2023 13:05:12 - DEBUG - __main__ -   label: 1
10/29/2023 13:05:12 - DEBUG - __main__ -   pred: 2
10/29/2023 13:05:12 - DEBUG - __main__ -   label: 1
10/29/2023 13:05:12 - DEBUG - __main__ -   pred: 2
10/29/2023 13:05:12 - DEBUG - __main__ -   label: 2
10/29/2023 13:05:12 - DEBUG - __main__ -   pred: 3
10/29/2023 13:05:12 - DEBUG - __main__ -   label: 1
10/29/2023 13:05:12 - DEBUG - __main__ -   pred: 2
10/29/2023 13:05:12 - DEBUG - __main__ -   label: 2
10/29/2023 13:05:12 - DEBUG - __main__ -   pred: 3
10/29/2023 13:05:12 - DEBUG - __main__ -   label: 4
10/29/2023 13:05:12 - DEBUG - __main__ -   pred: 3
10/29/2023 13:05:12 - DEBUG - __main__ -   label: 4
10/29/2023 13:05:12 - DEBUG - __main__ -   pred: 4
10/29/2023 13:05:12 - DEBUG - __main__ -   label: 4
10/29/2023 13:05:12 - DEBUG - __main__ -   pred: 6
10/29/2023 13:05:12 - DEBUG - __main__ -   label: 5
10/29/2023 13:05:12 - DEBUG - __main__ -   pred: 5
10/29/2023 13:05:12 - DEBUG - __main__ -   label: 3
10/29/2023 13:05:12 - DEBUG - __main__ -   pred: 4
10/29/2023 13:05:12 - DEBUG - __main__ -   label: 4
10/29/2023 13:05:12 - DEBUG - __main__ -   pred: 5
10/29/2023 13:05:12 - DEBUG - __main__ -   label: 1
10/29/2023 13:05:12 - DEBUG - __main__ -   pred: 2
10/29/2023 13:05:12 - DEBUG - __main__ -   label: 6
10/29/2023 13:05:12 - DEBUG - __main__ -   pred: 5
10/29/2023 13:05:12 - DEBUG - __main__ -   label: 3
10/29/2023 13:05:12 - DEBUG - __main__ -   pred: 5
10/29/2023 13:05:12 - DEBUG - __main__ -   label: 4
10/29/2023 13:05:12 - DEBUG - __main__ -   pred: 5
10/29/2023 13:05:12 - DEBUG - __main__ -   label: 5
10/29/2023 13:05:12 - DEBUG - __main__ -   pred: 5
10/29/2023 13:05:12 - DEBUG - __main__ -   label: 4
10/29/2023 13:05:12 - DEBUG - __main__ -   pred: 5
10/29/2023 13:05:12 - DEBUG - __main__ -   label: 4
10/29/2023 13:05:12 - DEBUG - __main__ -   pred: 5
10/29/2023 13:05:12 - DEBUG - __main__ -   label: 6
10/29/2023 13:05:12 - DEBUG - __main__ -   pred: 6
10/29/2023 13:05:12 - DEBUG - __main__ -   label: 3
10/29/2023 13:05:12 - DEBUG - __main__ -   pred: 5
10/29/2023 13:05:12 - DEBUG - __main__ -   label: 5
10/29/2023 13:05:12 - DEBUG - __main__ -   pred: 4
10/29/2023 13:05:12 - DEBUG - __main__ -   label: 5
10/29/2023 13:05:12 - DEBUG - __main__ -   pred: 4
10/29/2023 13:05:12 - DEBUG - __main__ -   label: 3
10/29/2023 13:05:12 - DEBUG - __main__ -   pred: 4
10/29/2023 13:05:12 - DEBUG - __main__ -   label: 5
10/29/2023 13:05:12 - DEBUG - __main__ -   pred: 4
10/29/2023 13:05:12 - DEBUG - __main__ -   label: 5
10/29/2023 13:05:12 - DEBUG - __main__ -   pred: 4
10/29/2023 13:05:12 - DEBUG - __main__ -   label: 3
10/29/2023 13:05:12 - DEBUG - __main__ -   pred: 4
10/29/2023 13:05:12 - DEBUG - __main__ -   label: 4
10/29/2023 13:05:12 - DEBUG - __main__ -   pred: 4
10/29/2023 13:05:12 - DEBUG - __main__ -   label: 4
10/29/2023 13:05:12 - DEBUG - __main__ -   pred: 4
10/29/2023 13:05:12 - DEBUG - __main__ -   label: 4
10/29/2023 13:05:12 - DEBUG - __main__ -   pred: 4
10/29/2023 13:05:12 - DEBUG - __main__ -   label: 5
10/29/2023 13:05:12 - DEBUG - __main__ -   pred: 4
10/29/2023 13:05:12 - DEBUG - __main__ -   label: 3
10/29/2023 13:05:12 - DEBUG - __main__ -   pred: 3
10/29/2023 13:05:12 - DEBUG - __main__ -   label: 4
10/29/2023 13:05:12 - DEBUG - __main__ -   pred: 5
10/29/2023 13:05:12 - DEBUG - __main__ -   label: 5
10/29/2023 13:05:12 - DEBUG - __main__ -   pred: 4
10/29/2023 13:05:12 - DEBUG - __main__ -   label: 4
10/29/2023 13:05:12 - DEBUG - __main__ -   pred: 4
10/29/2023 13:05:12 - DEBUG - __main__ -   label: 5
10/29/2023 13:05:12 - DEBUG - __main__ -   pred: 4
10/29/2023 13:05:12 - DEBUG - __main__ -   label: 4
10/29/2023 13:05:12 - DEBUG - __main__ -   pred: 3
10/29/2023 13:05:12 - DEBUG - __main__ -   label: 4
10/29/2023 13:05:12 - DEBUG - __main__ -   pred: 3
10/29/2023 13:05:12 - DEBUG - __main__ -   label: 5
10/29/2023 13:05:12 - DEBUG - __main__ -   pred: 4
10/29/2023 13:05:12 - DEBUG - __main__ -   label: 5
10/29/2023 13:05:12 - DEBUG - __main__ -   pred: 5
10/29/2023 13:05:12 - DEBUG - __main__ -   label: 4
10/29/2023 13:05:12 - DEBUG - __main__ -   pred: 4
10/29/2023 13:05:12 - DEBUG - __main__ -   label: 5
10/29/2023 13:05:12 - DEBUG - __main__ -   pred: 5
10/29/2023 13:05:12 - DEBUG - __main__ -   label: 2
10/29/2023 13:05:12 - DEBUG - __main__ -   pred: 2
10/29/2023 13:05:12 - DEBUG - __main__ -   label: 3
10/29/2023 13:05:12 - DEBUG - __main__ -   pred: 1
10/29/2023 13:05:12 - DEBUG - __main__ -   label: 2
10/29/2023 13:05:12 - DEBUG - __main__ -   pred: 2
10/29/2023 13:05:12 - DEBUG - __main__ -   label: 3
10/29/2023 13:05:12 - DEBUG - __main__ -   pred: 2
10/29/2023 13:05:12 - DEBUG - __main__ -   label: 1
10/29/2023 13:05:12 - DEBUG - __main__ -   pred: 1
10/29/2023 13:05:12 - DEBUG - __main__ -   label: 2
10/29/2023 13:05:12 - DEBUG - __main__ -   pred: 1
10/29/2023 13:05:12 - DEBUG - __main__ -   label: 3
10/29/2023 13:05:12 - DEBUG - __main__ -   pred: 1
10/29/2023 13:05:12 - DEBUG - __main__ -   label: 3
10/29/2023 13:05:12 - DEBUG - __main__ -   pred: 1
10/29/2023 13:05:12 - DEBUG - __main__ -   label: 3
10/29/2023 13:05:12 - DEBUG - __main__ -   pred: 2
10/29/2023 13:05:12 - DEBUG - __main__ -   label: 2
10/29/2023 13:05:12 - DEBUG - __main__ -   pred: 2
10/29/2023 13:05:12 - DEBUG - __main__ -   label: 3
10/29/2023 13:05:12 - DEBUG - __main__ -   pred: 2
10/29/2023 13:05:12 - DEBUG - __main__ -   label: 4
10/29/2023 13:05:12 - DEBUG - __main__ -   pred: 4
10/29/2023 13:05:12 - DEBUG - __main__ -   label: 4
10/29/2023 13:05:12 - DEBUG - __main__ -   pred: 4
10/29/2023 13:05:12 - DEBUG - __main__ -   label: 3
10/29/2023 13:05:12 - DEBUG - __main__ -   pred: 5
10/29/2023 13:05:12 - DEBUG - __main__ -   label: 3
10/29/2023 13:05:12 - DEBUG - __main__ -   pred: 4
10/29/2023 13:05:12 - DEBUG - __main__ -   label: 1
10/29/2023 13:05:12 - DEBUG - __main__ -   pred: 2
10/29/2023 13:05:12 - DEBUG - __main__ -   label: 1
10/29/2023 13:05:12 - DEBUG - __main__ -   pred: 2
10/29/2023 13:05:12 - DEBUG - __main__ -   label: 1
10/29/2023 13:05:12 - DEBUG - __main__ -   pred: 1
10/29/2023 13:05:12 - DEBUG - __main__ -   label: 1
10/29/2023 13:05:12 - DEBUG - __main__ -   pred: 1
10/29/2023 13:05:12 - DEBUG - __main__ -   label: 1
10/29/2023 13:05:12 - DEBUG - __main__ -   pred: 1
10/29/2023 13:05:12 - DEBUG - __main__ -   label: 1
10/29/2023 13:05:12 - DEBUG - __main__ -   pred: 1
10/29/2023 13:05:12 - DEBUG - __main__ -   label: 1
10/29/2023 13:05:12 - DEBUG - __main__ -   pred: 2
10/29/2023 13:05:12 - DEBUG - __main__ -   label: 1
10/29/2023 13:05:12 - DEBUG - __main__ -   pred: 1
10/29/2023 13:05:12 - DEBUG - __main__ -   label: 1
10/29/2023 13:05:12 - DEBUG - __main__ -   pred: 1
10/29/2023 13:05:12 - DEBUG - __main__ -   label: 1
10/29/2023 13:05:12 - DEBUG - __main__ -   pred: 1
10/29/2023 13:05:12 - DEBUG - __main__ -   label: 2
10/29/2023 13:05:12 - DEBUG - __main__ -   pred: 3
10/29/2023 13:05:12 - DEBUG - __main__ -   label: 2
10/29/2023 13:05:12 - DEBUG - __main__ -   pred: 1
10/29/2023 13:05:12 - DEBUG - __main__ -   label: 2
10/29/2023 13:05:12 - DEBUG - __main__ -   pred: 2
10/29/2023 13:05:12 - DEBUG - __main__ -   label: 4
10/29/2023 13:05:12 - DEBUG - __main__ -   pred: 5
10/29/2023 13:05:12 - DEBUG - __main__ -   label: 4
10/29/2023 13:05:12 - DEBUG - __main__ -   pred: 4
10/29/2023 13:05:12 - DEBUG - __main__ -   label: 3
10/29/2023 13:05:12 - DEBUG - __main__ -   pred: 5
10/29/2023 13:05:12 - DEBUG - __main__ -   label: 4
10/29/2023 13:05:12 - DEBUG - __main__ -   pred: 5
10/29/2023 13:05:12 - DEBUG - __main__ -   label: 4
10/29/2023 13:05:12 - DEBUG - __main__ -   pred: 4
10/29/2023 13:05:12 - DEBUG - __main__ -   label: 2
10/29/2023 13:05:12 - DEBUG - __main__ -   pred: 2
10/29/2023 13:05:12 - DEBUG - __main__ -   label: 2
10/29/2023 13:05:12 - DEBUG - __main__ -   pred: 1
10/29/2023 13:05:12 - DEBUG - __main__ -   label: 1
10/29/2023 13:05:12 - DEBUG - __main__ -   pred: 2
10/29/2023 13:05:12 - DEBUG - __main__ -   label: 1
10/29/2023 13:05:12 - DEBUG - __main__ -   pred: 1
10/29/2023 13:05:12 - DEBUG - __main__ -   label: 2
10/29/2023 13:05:12 - DEBUG - __main__ -   pred: 3
10/29/2023 13:05:12 - DEBUG - __main__ -   label: 1
10/29/2023 13:05:12 - DEBUG - __main__ -   pred: 1
10/29/2023 13:05:12 - DEBUG - __main__ -   label: 2
10/29/2023 13:05:12 - DEBUG - __main__ -   pred: 2
10/29/2023 13:05:12 - DEBUG - __main__ -   label: 1
10/29/2023 13:05:12 - DEBUG - __main__ -   pred: 2
10/29/2023 13:05:12 - DEBUG - __main__ -   label: 2
10/29/2023 13:05:12 - DEBUG - __main__ -   pred: 1
10/29/2023 13:05:12 - DEBUG - __main__ -   label: 1
10/29/2023 13:05:12 - DEBUG - __main__ -   pred: 2
10/29/2023 13:05:12 - DEBUG - __main__ -   label: 1
10/29/2023 13:05:12 - DEBUG - __main__ -   pred: 1
10/29/2023 13:05:12 - DEBUG - __main__ -   label: 2
10/29/2023 13:05:12 - DEBUG - __main__ -   pred: 1
10/29/2023 13:05:12 - DEBUG - __main__ -   label: 3
10/29/2023 13:05:12 - DEBUG - __main__ -   pred: 3
10/29/2023 13:05:12 - DEBUG - __main__ -   label: 1
10/29/2023 13:05:12 - DEBUG - __main__ -   pred: 1
10/29/2023 13:05:12 - DEBUG - __main__ -   label: 2
10/29/2023 13:05:12 - DEBUG - __main__ -   pred: 2
10/29/2023 13:05:12 - DEBUG - __main__ -   label: 2
10/29/2023 13:05:12 - DEBUG - __main__ -   pred: 1
10/29/2023 13:05:12 - DEBUG - __main__ -   label: 1
10/29/2023 13:05:12 - DEBUG - __main__ -   pred: 1
10/29/2023 13:05:12 - DEBUG - __main__ -   label: 1
10/29/2023 13:05:12 - DEBUG - __main__ -   pred: 3
10/29/2023 13:05:12 - DEBUG - __main__ -   label: 1
10/29/2023 13:05:12 - DEBUG - __main__ -   pred: 1
10/29/2023 13:05:12 - DEBUG - __main__ -   label: 1
10/29/2023 13:05:12 - DEBUG - __main__ -   pred: 1
10/29/2023 13:05:12 - DEBUG - __main__ -   label: 1
10/29/2023 13:05:12 - DEBUG - __main__ -   pred: 1
10/29/2023 13:05:12 - DEBUG - __main__ -   label: 3
10/29/2023 13:05:12 - DEBUG - __main__ -   pred: 3
10/29/2023 13:05:12 - DEBUG - __main__ -   label: 2
10/29/2023 13:05:12 - DEBUG - __main__ -   pred: 2
10/29/2023 13:05:12 - DEBUG - __main__ -   label: 1
10/29/2023 13:05:12 - DEBUG - __main__ -   pred: 2
10/29/2023 13:05:12 - DEBUG - __main__ -   label: 2
10/29/2023 13:05:12 - DEBUG - __main__ -   pred: 1
10/29/2023 13:05:12 - DEBUG - __main__ -   label: 4
10/29/2023 13:05:12 - DEBUG - __main__ -   pred: 5
10/29/2023 13:05:12 - DEBUG - __main__ -   label: 2
10/29/2023 13:05:12 - DEBUG - __main__ -   pred: 3
10/29/2023 13:05:12 - DEBUG - __main__ -   label: 4
10/29/2023 13:05:12 - DEBUG - __main__ -   pred: 4
10/29/2023 13:05:12 - DEBUG - __main__ -   label: 3
10/29/2023 13:05:12 - DEBUG - __main__ -   pred: 3
10/29/2023 13:05:12 - DEBUG - __main__ -   label: 2
10/29/2023 13:05:12 - DEBUG - __main__ -   pred: 2
10/29/2023 13:05:12 - DEBUG - __main__ -   label: 4
10/29/2023 13:05:12 - DEBUG - __main__ -   pred: 3
10/29/2023 13:05:12 - DEBUG - __main__ -   label: 5
10/29/2023 13:05:12 - DEBUG - __main__ -   pred: 6
10/29/2023 13:05:12 - DEBUG - __main__ -   label: 5
10/29/2023 13:05:12 - DEBUG - __main__ -   pred: 5
10/29/2023 13:05:12 - DEBUG - __main__ -   label: 4
10/29/2023 13:05:12 - DEBUG - __main__ -   pred: 5
10/29/2023 13:05:12 - DEBUG - __main__ -   label: 4
10/29/2023 13:05:12 - DEBUG - __main__ -   pred: 3
10/29/2023 13:05:12 - DEBUG - __main__ -   label: 4
10/29/2023 13:05:12 - DEBUG - __main__ -   pred: 5
10/29/2023 13:05:12 - DEBUG - __main__ -   label: 5
10/29/2023 13:05:12 - DEBUG - __main__ -   pred: 4
10/29/2023 13:05:12 - DEBUG - __main__ -   label: 3
10/29/2023 13:05:12 - DEBUG - __main__ -   pred: 4
10/29/2023 13:05:12 - DEBUG - __main__ -   label: 5
10/29/2023 13:05:12 - DEBUG - __main__ -   pred: 5
10/29/2023 13:05:12 - DEBUG - __main__ -   label: 4
10/29/2023 13:05:12 - DEBUG - __main__ -   pred: 5
10/29/2023 13:05:12 - DEBUG - __main__ -   label: 1
10/29/2023 13:05:12 - DEBUG - __main__ -   pred: 2
10/29/2023 13:05:12 - DEBUG - __main__ -   label: 2
10/29/2023 13:05:12 - DEBUG - __main__ -   pred: 2
10/29/2023 13:05:12 - DEBUG - __main__ -   label: 0
10/29/2023 13:05:12 - DEBUG - __main__ -   pred: 1
10/29/2023 13:05:12 - DEBUG - __main__ -   label: 0
10/29/2023 13:05:12 - DEBUG - __main__ -   pred: 3
10/29/2023 13:05:12 - DEBUG - __main__ -   label: 0
10/29/2023 13:05:12 - DEBUG - __main__ -   pred: 3
10/29/2023 13:05:12 - DEBUG - __main__ -   label: 0
10/29/2023 13:05:12 - DEBUG - __main__ -   pred: 2
10/29/2023 13:05:12 - DEBUG - __main__ -   label: 1
10/29/2023 13:05:12 - DEBUG - __main__ -   pred: 1
10/29/2023 13:05:12 - DEBUG - __main__ -   label: 1
10/29/2023 13:05:12 - DEBUG - __main__ -   pred: 1
10/29/2023 13:05:12 - DEBUG - __main__ -   label: 1
10/29/2023 13:05:12 - DEBUG - __main__ -   pred: 1
10/29/2023 13:05:12 - DEBUG - __main__ -   label: 1
10/29/2023 13:05:12 - DEBUG - __main__ -   pred: 3
10/29/2023 13:05:12 - DEBUG - __main__ -   label: 0
10/29/2023 13:05:12 - DEBUG - __main__ -   pred: 1
10/29/2023 13:05:12 - DEBUG - __main__ -   label: 1
10/29/2023 13:05:12 - DEBUG - __main__ -   pred: 1
10/29/2023 13:05:12 - DEBUG - __main__ -   label: 0
10/29/2023 13:05:12 - DEBUG - __main__ -   pred: 1
10/29/2023 13:05:12 - DEBUG - __main__ -   label: 0
10/29/2023 13:05:12 - DEBUG - __main__ -   pred: 1
10/29/2023 13:05:12 - DEBUG - __main__ -   label: 1
10/29/2023 13:05:12 - DEBUG - __main__ -   pred: 1
10/29/2023 13:05:12 - DEBUG - __main__ -   label: 1
10/29/2023 13:05:12 - DEBUG - __main__ -   pred: 1
10/29/2023 13:05:12 - DEBUG - __main__ -   label: 1
10/29/2023 13:05:12 - DEBUG - __main__ -   pred: 1
10/29/2023 13:05:12 - DEBUG - __main__ -   label: 2
10/29/2023 13:05:12 - DEBUG - __main__ -   pred: 1
10/29/2023 13:05:12 - DEBUG - __main__ -   label: 1
10/29/2023 13:05:12 - DEBUG - __main__ -   pred: 1
10/29/2023 13:05:12 - DEBUG - __main__ -   label: 1
10/29/2023 13:05:12 - DEBUG - __main__ -   pred: 2
10/29/2023 13:05:12 - DEBUG - __main__ -   label: 1
10/29/2023 13:05:12 - DEBUG - __main__ -   pred: 2
10/29/2023 13:05:12 - DEBUG - __main__ -   label: 2
10/29/2023 13:05:12 - DEBUG - __main__ -   pred: 2
10/29/2023 13:05:12 - DEBUG - __main__ -   label: 2
10/29/2023 13:05:12 - DEBUG - __main__ -   pred: 2
10/29/2023 13:05:12 - DEBUG - __main__ -   label: 4
10/29/2023 13:05:12 - DEBUG - __main__ -   pred: 5
10/29/2023 13:05:12 - DEBUG - __main__ -   label: 5
10/29/2023 13:05:12 - DEBUG - __main__ -   pred: 5
10/29/2023 13:05:12 - DEBUG - __main__ -   label: 5
10/29/2023 13:05:12 - DEBUG - __main__ -   pred: 5
10/29/2023 13:05:12 - DEBUG - __main__ -   label: 4
10/29/2023 13:05:12 - DEBUG - __main__ -   pred: 4
10/29/2023 13:05:12 - DEBUG - __main__ -   label: 2
10/29/2023 13:05:12 - DEBUG - __main__ -   pred: 4
10/29/2023 13:05:12 - DEBUG - __main__ -   label: 5
10/29/2023 13:05:12 - DEBUG - __main__ -   pred: 5
10/29/2023 13:05:12 - DEBUG - __main__ -   label: 4
10/29/2023 13:05:12 - DEBUG - __main__ -   pred: 3
10/29/2023 13:05:12 - DEBUG - __main__ -   label: 5
10/29/2023 13:05:12 - DEBUG - __main__ -   pred: 5
10/29/2023 13:05:12 - DEBUG - __main__ -   label: 5
10/29/2023 13:05:12 - DEBUG - __main__ -   pred: 4
10/29/2023 13:05:12 - DEBUG - __main__ -   label: 5
10/29/2023 13:05:12 - DEBUG - __main__ -   pred: 5
10/29/2023 13:05:12 - DEBUG - __main__ -   label: 4
10/29/2023 13:05:12 - DEBUG - __main__ -   pred: 4
10/29/2023 13:05:12 - DEBUG - __main__ -   label: 1
10/29/2023 13:05:12 - DEBUG - __main__ -   pred: 1
10/29/2023 13:05:12 - DEBUG - __main__ -   label: 2
10/29/2023 13:05:12 - DEBUG - __main__ -   pred: 1
10/29/2023 13:05:12 - DEBUG - __main__ -   label: 1
10/29/2023 13:05:12 - DEBUG - __main__ -   pred: 2
10/29/2023 13:05:12 - DEBUG - __main__ -   label: 2
10/29/2023 13:05:12 - DEBUG - __main__ -   pred: 2
10/29/2023 13:05:12 - DEBUG - __main__ -   label: 2
10/29/2023 13:05:12 - DEBUG - __main__ -   pred: 1
10/29/2023 13:05:12 - DEBUG - __main__ -   label: 2
10/29/2023 13:05:12 - DEBUG - __main__ -   pred: 2
10/29/2023 13:05:12 - DEBUG - __main__ -   label: 2
10/29/2023 13:05:12 - DEBUG - __main__ -   pred: 2
10/29/2023 13:05:12 - DEBUG - __main__ -   label: 4
10/29/2023 13:05:12 - DEBUG - __main__ -   pred: 4
10/29/2023 13:05:12 - DEBUG - __main__ -   label: 3
10/29/2023 13:05:12 - DEBUG - __main__ -   pred: 4
10/29/2023 13:05:12 - DEBUG - __main__ -   label: 4
10/29/2023 13:05:12 - DEBUG - __main__ -   pred: 4
10/29/2023 13:05:12 - DEBUG - __main__ -   label: 4
10/29/2023 13:05:12 - DEBUG - __main__ -   pred: 5
10/29/2023 13:05:12 - DEBUG - __main__ -   label: 4
10/29/2023 13:05:12 - DEBUG - __main__ -   pred: 4
10/29/2023 13:05:12 - DEBUG - __main__ -   label: 3
10/29/2023 13:05:12 - DEBUG - __main__ -   pred: 3
10/29/2023 13:05:12 - DEBUG - __main__ -   label: 2
10/29/2023 13:05:12 - DEBUG - __main__ -   pred: 2
10/29/2023 13:05:12 - DEBUG - __main__ -   label: 3
10/29/2023 13:05:12 - DEBUG - __main__ -   pred: 3
10/29/2023 13:05:12 - DEBUG - __main__ -   label: 4
10/29/2023 13:05:12 - DEBUG - __main__ -   pred: 5
10/29/2023 13:05:12 - DEBUG - __main__ -   label: 2
10/29/2023 13:05:12 - DEBUG - __main__ -   pred: 3
10/29/2023 13:05:12 - DEBUG - __main__ -   label: 2
10/29/2023 13:05:12 - DEBUG - __main__ -   pred: 3
10/29/2023 13:05:12 - DEBUG - __main__ -   label: 1
10/29/2023 13:05:12 - DEBUG - __main__ -   pred: 1
10/29/2023 13:05:12 - DEBUG - __main__ -   label: 2
10/29/2023 13:05:12 - DEBUG - __main__ -   pred: 3
10/29/2023 13:05:12 - DEBUG - __main__ -   label: 2
10/29/2023 13:05:12 - DEBUG - __main__ -   pred: 2
10/29/2023 13:05:12 - DEBUG - __main__ -   label: 2
10/29/2023 13:05:12 - DEBUG - __main__ -   pred: 1
10/29/2023 13:05:12 - DEBUG - __main__ -   label: 2
10/29/2023 13:05:12 - DEBUG - __main__ -   pred: 2
10/29/2023 13:05:12 - DEBUG - __main__ -   label: 2
10/29/2023 13:05:12 - DEBUG - __main__ -   pred: 2
10/29/2023 13:05:12 - DEBUG - __main__ -   label: 2
10/29/2023 13:05:12 - DEBUG - __main__ -   pred: 2
10/29/2023 13:05:12 - DEBUG - __main__ -   label: 3
10/29/2023 13:05:12 - DEBUG - __main__ -   pred: 3
10/29/2023 13:05:12 - DEBUG - __main__ -   label: 1
10/29/2023 13:05:12 - DEBUG - __main__ -   pred: 2
10/29/2023 13:05:12 - DEBUG - __main__ -   label: 3
10/29/2023 13:05:12 - DEBUG - __main__ -   pred: 2
10/29/2023 13:05:12 - DEBUG - __main__ -   label: 2
10/29/2023 13:05:12 - DEBUG - __main__ -   pred: 2
10/29/2023 13:05:12 - DEBUG - __main__ -   label: 3
10/29/2023 13:05:12 - DEBUG - __main__ -   pred: 3
10/29/2023 13:05:12 - DEBUG - __main__ -   label: 3
10/29/2023 13:05:12 - DEBUG - __main__ -   pred: 3
10/29/2023 13:05:12 - DEBUG - __main__ -   label: 4
10/29/2023 13:05:12 - DEBUG - __main__ -   pred: 5
10/29/2023 13:05:12 - DEBUG - __main__ -   label: 4
10/29/2023 13:05:12 - DEBUG - __main__ -   pred: 5
10/29/2023 13:05:12 - DEBUG - __main__ -   label: 4
10/29/2023 13:05:12 - DEBUG - __main__ -   pred: 4
10/29/2023 13:05:12 - DEBUG - __main__ -   label: 2
10/29/2023 13:05:12 - DEBUG - __main__ -   pred: 2
10/29/2023 13:05:12 - DEBUG - __main__ -   label: 3
10/29/2023 13:05:12 - DEBUG - __main__ -   pred: 2
10/29/2023 13:05:12 - DEBUG - __main__ -   label: 2
10/29/2023 13:05:12 - DEBUG - __main__ -   pred: 2
10/29/2023 13:05:12 - DEBUG - __main__ -   label: 3
10/29/2023 13:05:12 - DEBUG - __main__ -   pred: 3
10/29/2023 13:05:12 - DEBUG - __main__ -   label: 1
10/29/2023 13:05:12 - DEBUG - __main__ -   pred: 2
10/29/2023 13:05:12 - DEBUG - __main__ -   label: 1
10/29/2023 13:05:12 - DEBUG - __main__ -   pred: 2
10/29/2023 13:05:12 - DEBUG - __main__ -   label: 0
10/29/2023 13:05:12 - DEBUG - __main__ -   pred: 1
10/29/2023 13:05:12 - DEBUG - __main__ -   label: 3
10/29/2023 13:05:12 - DEBUG - __main__ -   pred: 1
10/29/2023 13:05:12 - DEBUG - __main__ -   label: 2
10/29/2023 13:05:12 - DEBUG - __main__ -   pred: 1
10/29/2023 13:05:12 - DEBUG - __main__ -   label: 3
10/29/2023 13:05:12 - DEBUG - __main__ -   pred: 3
10/29/2023 13:05:12 - DEBUG - __main__ -   label: 3
10/29/2023 13:05:12 - DEBUG - __main__ -   pred: 2
10/29/2023 13:05:12 - DEBUG - __main__ -   label: 2
10/29/2023 13:05:12 - DEBUG - __main__ -   pred: 2
10/29/2023 13:05:12 - DEBUG - __main__ -   label: 2
10/29/2023 13:05:12 - DEBUG - __main__ -   pred: 1
10/29/2023 13:05:12 - DEBUG - __main__ -   label: 2
10/29/2023 13:05:12 - DEBUG - __main__ -   pred: 2
10/29/2023 13:05:12 - DEBUG - __main__ -   label: 2
10/29/2023 13:05:12 - DEBUG - __main__ -   pred: 1
10/29/2023 13:05:12 - DEBUG - __main__ -   label: 1
10/29/2023 13:05:12 - DEBUG - __main__ -   pred: 1
10/29/2023 13:05:12 - DEBUG - __main__ -   label: 3
10/29/2023 13:05:12 - DEBUG - __main__ -   pred: 1
10/29/2023 13:05:12 - DEBUG - __main__ -   label: 1
10/29/2023 13:05:12 - DEBUG - __main__ -   pred: 1
10/29/2023 13:05:12 - DEBUG - __main__ -   label: 1
10/29/2023 13:05:12 - DEBUG - __main__ -   pred: 2
10/29/2023 13:05:12 - DEBUG - __main__ -   label: 1
10/29/2023 13:05:12 - DEBUG - __main__ -   pred: 1
10/29/2023 13:05:12 - DEBUG - __main__ -   label: 2
10/29/2023 13:05:12 - DEBUG - __main__ -   pred: 2
10/29/2023 13:05:12 - DEBUG - __main__ -   label: 2
10/29/2023 13:05:12 - DEBUG - __main__ -   pred: 1
10/29/2023 13:05:12 - DEBUG - __main__ -   label: 2
10/29/2023 13:05:12 - DEBUG - __main__ -   pred: 2
10/29/2023 13:05:12 - DEBUG - __main__ -   label: 2
10/29/2023 13:05:12 - DEBUG - __main__ -   pred: 2
10/29/2023 13:05:12 - DEBUG - __main__ -   label: 2
10/29/2023 13:05:12 - DEBUG - __main__ -   pred: 2
10/29/2023 13:05:12 - DEBUG - __main__ -   label: 5
10/29/2023 13:05:12 - DEBUG - __main__ -   pred: 4
10/29/2023 13:05:12 - DEBUG - __main__ -   label: 5
10/29/2023 13:05:12 - DEBUG - __main__ -   pred: 3
10/29/2023 13:05:12 - DEBUG - __main__ -   label: 3
10/29/2023 13:05:12 - DEBUG - __main__ -   pred: 4
10/29/2023 13:05:12 - DEBUG - __main__ -   label: 5
10/29/2023 13:05:12 - DEBUG - __main__ -   pred: 5
10/29/2023 13:05:12 - DEBUG - __main__ -   label: 4
10/29/2023 13:05:12 - DEBUG - __main__ -   pred: 3
10/29/2023 13:05:12 - DEBUG - __main__ -   label: 5
10/29/2023 13:05:12 - DEBUG - __main__ -   pred: 4
10/29/2023 13:05:12 - DEBUG - __main__ -   label: 2
10/29/2023 13:05:12 - DEBUG - __main__ -   pred: 3
10/29/2023 13:05:12 - DEBUG - __main__ -   label: 1
10/29/2023 13:05:12 - DEBUG - __main__ -   pred: 1
10/29/2023 13:05:12 - DEBUG - __main__ -   label: 2
10/29/2023 13:05:12 - DEBUG - __main__ -   pred: 1
10/29/2023 13:05:12 - DEBUG - __main__ -   label: 2
10/29/2023 13:05:12 - DEBUG - __main__ -   pred: 1
10/29/2023 13:05:12 - DEBUG - __main__ -   label: 1
10/29/2023 13:05:12 - DEBUG - __main__ -   pred: 1
10/29/2023 13:05:12 - DEBUG - __main__ -   label: 1
10/29/2023 13:05:12 - DEBUG - __main__ -   pred: 1
10/29/2023 13:05:12 - DEBUG - __main__ -   label: 2
10/29/2023 13:05:12 - DEBUG - __main__ -   pred: 1
10/29/2023 13:05:12 - DEBUG - __main__ -   label: 3
10/29/2023 13:05:12 - DEBUG - __main__ -   pred: 1
10/29/2023 13:05:12 - DEBUG - __main__ -   label: 3
10/29/2023 13:05:12 - DEBUG - __main__ -   pred: 1
10/29/2023 13:05:12 - DEBUG - __main__ -   label: 2
10/29/2023 13:05:12 - DEBUG - __main__ -   pred: 1
10/29/2023 13:05:12 - DEBUG - __main__ -   label: 2
10/29/2023 13:05:12 - DEBUG - __main__ -   pred: 1
10/29/2023 13:05:12 - DEBUG - __main__ -   label: 3
10/29/2023 13:05:12 - DEBUG - __main__ -   pred: 3
10/29/2023 13:05:12 - DEBUG - __main__ -   label: 2
10/29/2023 13:05:12 - DEBUG - __main__ -   pred: 2
10/29/2023 13:05:12 - DEBUG - __main__ -   label: 3
10/29/2023 13:05:12 - DEBUG - __main__ -   pred: 3
10/29/2023 13:05:12 - DEBUG - __main__ -   label: 4
10/29/2023 13:05:12 - DEBUG - __main__ -   pred: 4
10/29/2023 13:05:12 - DEBUG - __main__ -   label: 3
10/29/2023 13:05:12 - DEBUG - __main__ -   pred: 2
10/29/2023 13:05:12 - DEBUG - __main__ -   label: 2
10/29/2023 13:05:12 - DEBUG - __main__ -   pred: 3
10/29/2023 13:05:12 - DEBUG - __main__ -   label: 3
10/29/2023 13:05:12 - DEBUG - __main__ -   pred: 3
10/29/2023 13:05:12 - DEBUG - __main__ -   label: 3
10/29/2023 13:05:12 - DEBUG - __main__ -   pred: 3
10/29/2023 13:05:12 - DEBUG - __main__ -   label: 2
10/29/2023 13:05:12 - DEBUG - __main__ -   pred: 3
10/29/2023 13:05:12 - DEBUG - __main__ -   label: 1
10/29/2023 13:05:12 - DEBUG - __main__ -   pred: 1
10/29/2023 13:05:12 - DEBUG - __main__ -   label: 2
10/29/2023 13:05:12 - DEBUG - __main__ -   pred: 1
10/29/2023 13:05:12 - DEBUG - __main__ -   label: 2
10/29/2023 13:05:12 - DEBUG - __main__ -   pred: 2
10/29/2023 13:05:12 - DEBUG - __main__ -   label: 4
10/29/2023 13:05:12 - DEBUG - __main__ -   pred: 4
10/29/2023 13:05:12 - DEBUG - __main__ -   label: 3
10/29/2023 13:05:12 - DEBUG - __main__ -   pred: 4
10/29/2023 13:05:12 - DEBUG - __main__ -   label: 4
10/29/2023 13:05:12 - DEBUG - __main__ -   pred: 4
10/29/2023 13:05:12 - DEBUG - __main__ -   label: 4
10/29/2023 13:05:12 - DEBUG - __main__ -   pred: 5
10/29/2023 13:05:12 - DEBUG - __main__ -   label: 5
10/29/2023 13:05:12 - DEBUG - __main__ -   pred: 5
10/29/2023 13:05:12 - DEBUG - __main__ -   label: 3
10/29/2023 13:05:12 - DEBUG - __main__ -   pred: 5
10/29/2023 13:05:12 - DEBUG - __main__ -   label: 2
10/29/2023 13:05:12 - DEBUG - __main__ -   pred: 4
10/29/2023 13:05:12 - DEBUG - __main__ -   label: 3
10/29/2023 13:05:12 - DEBUG - __main__ -   pred: 3
10/29/2023 13:05:12 - DEBUG - __main__ -   label: 2
10/29/2023 13:05:12 - DEBUG - __main__ -   pred: 3
10/29/2023 13:05:12 - DEBUG - __main__ -   label: 3
10/29/2023 13:05:12 - DEBUG - __main__ -   pred: 4
10/29/2023 13:05:12 - DEBUG - __main__ -   label: 2
10/29/2023 13:05:12 - DEBUG - __main__ -   pred: 3
10/29/2023 13:05:12 - DEBUG - __main__ -   label: 1
10/29/2023 13:05:12 - DEBUG - __main__ -   pred: 2
10/29/2023 13:05:12 - DEBUG - __main__ -   label: 2
10/29/2023 13:05:12 - DEBUG - __main__ -   pred: 2
10/29/2023 13:05:12 - DEBUG - __main__ -   label: 1
10/29/2023 13:05:12 - DEBUG - __main__ -   pred: 2
10/29/2023 13:05:12 - DEBUG - __main__ -   label: 2
10/29/2023 13:05:12 - DEBUG - __main__ -   pred: 3
10/29/2023 13:05:12 - DEBUG - __main__ -   label: 2
10/29/2023 13:05:12 - DEBUG - __main__ -   pred: 2
10/29/2023 13:05:12 - DEBUG - __main__ -   label: 2
10/29/2023 13:05:12 - DEBUG - __main__ -   pred: 3
10/29/2023 13:05:12 - DEBUG - __main__ -   label: 1
10/29/2023 13:05:12 - DEBUG - __main__ -   pred: 1
10/29/2023 13:05:12 - DEBUG - __main__ -   label: 2
10/29/2023 13:05:12 - DEBUG - __main__ -   pred: 2
10/29/2023 13:05:12 - DEBUG - __main__ -   label: 1
10/29/2023 13:05:12 - DEBUG - __main__ -   pred: 2
10/29/2023 13:05:12 - DEBUG - __main__ -   label: 2
10/29/2023 13:05:12 - DEBUG - __main__ -   pred: 1
10/29/2023 13:05:12 - DEBUG - __main__ -   label: 2
10/29/2023 13:05:12 - DEBUG - __main__ -   pred: 2
10/29/2023 13:05:12 - DEBUG - __main__ -   label: 2
10/29/2023 13:05:12 - DEBUG - __main__ -   pred: 1
10/29/2023 13:05:12 - DEBUG - __main__ -   label: 1
10/29/2023 13:05:12 - DEBUG - __main__ -   pred: 1
10/29/2023 13:05:12 - DEBUG - __main__ -   label: 1
10/29/2023 13:05:12 - DEBUG - __main__ -   pred: 3
10/29/2023 13:05:12 - DEBUG - __main__ -   label: 1
10/29/2023 13:05:12 - DEBUG - __main__ -   pred: 1
10/29/2023 13:05:12 - DEBUG - __main__ -   label: 1
10/29/2023 13:05:12 - DEBUG - __main__ -   pred: 1
10/29/2023 13:05:12 - DEBUG - __main__ -   label: 1
10/29/2023 13:05:12 - DEBUG - __main__ -   pred: 1
10/29/2023 13:05:12 - DEBUG - __main__ -   label: 1
10/29/2023 13:05:12 - DEBUG - __main__ -   pred: 1
10/29/2023 13:05:12 - DEBUG - __main__ -   label: 1
10/29/2023 13:05:12 - DEBUG - __main__ -   pred: 1
10/29/2023 13:05:12 - DEBUG - __main__ -   label: 1
10/29/2023 13:05:12 - DEBUG - __main__ -   pred: 1
10/29/2023 13:05:12 - DEBUG - __main__ -   label: 1
10/29/2023 13:05:12 - DEBUG - __main__ -   pred: 3
10/29/2023 13:05:12 - DEBUG - __main__ -   label: 0
10/29/2023 13:05:12 - DEBUG - __main__ -   pred: 1
10/29/2023 13:05:12 - DEBUG - __main__ -   label: 2
10/29/2023 13:05:12 - DEBUG - __main__ -   pred: 2
10/29/2023 13:05:12 - DEBUG - __main__ -   label: 1
10/29/2023 13:05:12 - DEBUG - __main__ -   pred: 2
10/29/2023 13:05:12 - DEBUG - __main__ -   label: 3
10/29/2023 13:05:12 - DEBUG - __main__ -   pred: 3
10/29/2023 13:05:12 - DEBUG - __main__ -   label: 3
10/29/2023 13:05:12 - DEBUG - __main__ -   pred: 3
10/29/2023 13:05:12 - DEBUG - __main__ -   label: 3
10/29/2023 13:05:12 - DEBUG - __main__ -   pred: 4
10/29/2023 13:05:12 - DEBUG - __main__ -   label: 3
10/29/2023 13:05:12 - DEBUG - __main__ -   pred: 2
10/29/2023 13:05:12 - DEBUG - __main__ -   label: 3
10/29/2023 13:05:12 - DEBUG - __main__ -   pred: 3
10/29/2023 13:05:12 - DEBUG - __main__ -   label: 4
10/29/2023 13:05:12 - DEBUG - __main__ -   pred: 4
10/29/2023 13:05:12 - DEBUG - __main__ -   label: 4
10/29/2023 13:05:12 - DEBUG - __main__ -   pred: 4
10/29/2023 13:05:12 - DEBUG - __main__ -   label: 4
10/29/2023 13:05:12 - DEBUG - __main__ -   pred: 4
10/29/2023 13:05:12 - DEBUG - __main__ -   label: 4
10/29/2023 13:05:12 - DEBUG - __main__ -   pred: 4
10/29/2023 13:05:12 - DEBUG - __main__ -   label: 3
10/29/2023 13:05:12 - DEBUG - __main__ -   pred: 3
10/29/2023 13:05:12 - DEBUG - __main__ -   label: 3
10/29/2023 13:05:12 - DEBUG - __main__ -   pred: 4
10/29/2023 13:05:12 - DEBUG - __main__ -   label: 4
10/29/2023 13:05:12 - DEBUG - __main__ -   pred: 5
10/29/2023 13:05:12 - DEBUG - __main__ -   label: 4
10/29/2023 13:05:12 - DEBUG - __main__ -   pred: 5
10/29/2023 13:05:12 - DEBUG - __main__ -   label: 4
10/29/2023 13:05:12 - DEBUG - __main__ -   pred: 5
10/29/2023 13:05:12 - DEBUG - __main__ -   label: 5
10/29/2023 13:05:12 - DEBUG - __main__ -   pred: 4
10/29/2023 13:05:12 - DEBUG - __main__ -   label: 3
10/29/2023 13:05:12 - DEBUG - __main__ -   pred: 3
