******** Training fold 2 ********
08/18/2023 09:46:07 - DEBUG - __main__ -   Processor loaded. CPU mem usage: 0.38G.  Cuda 0: memory acclocated: 0 G.
08/18/2023 09:46:17 - DEBUG - __main__ -   Model loaded. CPU mem usage: 1.99G.  Cuda 0: memory acclocated: 0 G.
Wav2Vec2ForSequenceClassification(
  (wav2vec2): Wav2Vec2Model(
    (feature_extractor): Wav2Vec2FeatureEncoder(
      (conv_layers): ModuleList(
        (0): Wav2Vec2LayerNormConvLayer(
          (conv): Conv1d(1, 512, kernel_size=(10,), stride=(5,))
          (layer_norm): LayerNorm((512,), eps=1e-05, elementwise_affine=True)
          (activation): GELUActivation()
        )
        (1-4): 4 x Wav2Vec2LayerNormConvLayer(
          (conv): Conv1d(512, 512, kernel_size=(3,), stride=(2,))
          (layer_norm): LayerNorm((512,), eps=1e-05, elementwise_affine=True)
          (activation): GELUActivation()
        )
        (5-6): 2 x Wav2Vec2LayerNormConvLayer(
          (conv): Conv1d(512, 512, kernel_size=(2,), stride=(2,))
          (layer_norm): LayerNorm((512,), eps=1e-05, elementwise_affine=True)
          (activation): GELUActivation()
        )
      )
    )
    (feature_projection): Wav2Vec2FeatureProjection(
      (layer_norm): LayerNorm((512,), eps=1e-05, elementwise_affine=True)
      (projection): Linear(in_features=512, out_features=1024, bias=True)
      (dropout): Dropout(p=0.1, inplace=False)
    )
    (encoder): Wav2Vec2EncoderStableLayerNorm(
      (pos_conv_embed): Wav2Vec2PositionalConvEmbedding(
        (conv): Conv1d(1024, 1024, kernel_size=(128,), stride=(1,), padding=(64,), groups=16)
        (padding): Wav2Vec2SamePadLayer()
        (activation): GELUActivation()
      )
      (layer_norm): LayerNorm((1024,), eps=1e-05, elementwise_affine=True)
      (dropout): Dropout(p=0.1, inplace=False)
      (layers): ModuleList(
        (0-23): 24 x Wav2Vec2EncoderLayerStableLayerNorm(
          (attention): Wav2Vec2Attention(
            (k_proj): Linear(in_features=1024, out_features=1024, bias=True)
            (v_proj): Linear(in_features=1024, out_features=1024, bias=True)
            (q_proj): Linear(in_features=1024, out_features=1024, bias=True)
            (out_proj): Linear(in_features=1024, out_features=1024, bias=True)
          )
          (dropout): Dropout(p=0.1, inplace=False)
          (layer_norm): LayerNorm((1024,), eps=1e-05, elementwise_affine=True)
          (feed_forward): Wav2Vec2FeedForward(
            (intermediate_dropout): Dropout(p=0.0, inplace=False)
            (intermediate_dense): Linear(in_features=1024, out_features=4096, bias=True)
            (intermediate_act_fn): GELUActivation()
            (output_dense): Linear(in_features=4096, out_features=1024, bias=True)
            (output_dropout): Dropout(p=0.1, inplace=False)
          )
          (final_layer_norm): LayerNorm((1024,), eps=1e-05, elementwise_affine=True)
        )
      )
    )
  )
  (projector): Linear(in_features=1024, out_features=256, bias=True)
  (classifier): Linear(in_features=256, out_features=7, bias=True)
)
08/18/2023 09:46:50 - DEBUG - __main__ -   Speech loaded. N_train=1568, N_eval=544. CPU mem usage: 6.07G.  Cuda 0: memory acclocated: 0 G.
08/18/2023 09:47:22 - DEBUG - __main__ -   Feature extracted. Duration: 0:00:31 CPU mem usage: 9.11G.  Cuda 0: memory acclocated: 0 G.
08/18/2023 09:49:36 - DEBUG - augmentations.transform -   Training set (N=3136): augmented training data added. Duration: 0:02:14
08/18/2023 09:49:36 - DEBUG - urllib3.connectionpool -   Starting new HTTPS connection (1): s3.amazonaws.com:443
08/18/2023 09:49:36 - DEBUG - urllib3.connectionpool -   https://s3.amazonaws.com:443 "HEAD /datasets.huggingface.co/datasets/metrics/evaluate-metric/precision/evaluate-metric/precision.py HTTP/1.1" 404 0
08/18/2023 09:49:36 - DEBUG - urllib3.connectionpool -   Starting new HTTPS connection (1): huggingface.co:443
08/18/2023 09:49:37 - DEBUG - urllib3.connectionpool -   https://huggingface.co:443 "HEAD /spaces/evaluate-metric/precision/resolve/v0.4.0/precision.py HTTP/1.1" 200 0
08/18/2023 09:49:37 - DEBUG - urllib3.connectionpool -   Starting new HTTPS connection (1): s3.amazonaws.com:443
08/18/2023 09:49:37 - DEBUG - urllib3.connectionpool -   https://s3.amazonaws.com:443 "HEAD /datasets.huggingface.co/datasets/metrics/evaluate-metric/recall/evaluate-metric/recall.py HTTP/1.1" 404 0
08/18/2023 09:49:37 - DEBUG - urllib3.connectionpool -   Starting new HTTPS connection (1): huggingface.co:443
08/18/2023 09:49:37 - DEBUG - urllib3.connectionpool -   https://huggingface.co:443 "HEAD /spaces/evaluate-metric/recall/resolve/v0.4.0/recall.py HTTP/1.1" 200 0
08/18/2023 09:49:37 - DEBUG - urllib3.connectionpool -   Starting new HTTPS connection (1): s3.amazonaws.com:443
08/18/2023 09:49:38 - DEBUG - urllib3.connectionpool -   https://s3.amazonaws.com:443 "HEAD /datasets.huggingface.co/datasets/metrics/evaluate-metric/f1/evaluate-metric/f1.py HTTP/1.1" 404 0
08/18/2023 09:49:38 - DEBUG - urllib3.connectionpool -   Starting new HTTPS connection (1): huggingface.co:443
08/18/2023 09:49:38 - DEBUG - urllib3.connectionpool -   https://huggingface.co:443 "HEAD /spaces/evaluate-metric/f1/resolve/v0.4.0/f1.py HTTP/1.1" 200 0
08/18/2023 09:49:38 - DEBUG - urllib3.connectionpool -   Starting new HTTPS connection (1): s3.amazonaws.com:443
08/18/2023 09:49:38 - DEBUG - urllib3.connectionpool -   https://s3.amazonaws.com:443 "HEAD /datasets.huggingface.co/datasets/metrics/evaluate-metric/spearmanr/evaluate-metric/spearmanr.py HTTP/1.1" 404 0
08/18/2023 09:49:38 - DEBUG - urllib3.connectionpool -   Starting new HTTPS connection (1): huggingface.co:443
08/18/2023 09:49:39 - DEBUG - urllib3.connectionpool -   https://huggingface.co:443 "HEAD /spaces/evaluate-metric/spearmanr/resolve/v0.4.0/spearmanr.py HTTP/1.1" 200 0
08/18/2023 09:49:42 - DEBUG - __main__ -   Training starts now. CPU mem usage: 13.97G.  Cuda 0: memory acclocated: 2 G.
08/18/2023 09:49:42 - DEBUG - helper.classes -   ----------- Starting epoch 1 -----------
{'loss': 1.8693, 'learning_rate': 9.566326530612244e-06, 'epoch': 0.32}
{'loss': 1.5172, 'learning_rate': 1.913265306122449e-05, 'epoch': 0.64}
{'loss': 1.3244, 'learning_rate': 2.8698979591836733e-05, 'epoch': 0.96}
08/18/2023 10:30:21 - DEBUG - helper.classes -   Epoch 1.0 completed, Duration: 0:40:38 Mem usage: CPU mem usage: 14.28G.  Cuda 0: memory acclocated: 18 G.
08/18/2023 10:32:29 - DEBUG - fsspec.local -   open file: /home/lunt1/.cache/huggingface/metrics/precision/default/default_experiment-1-0.arrow
08/18/2023 10:32:29 - DEBUG - fsspec.local -   open file: /home/lunt1/.cache/huggingface/metrics/recall/default/default_experiment-1-0.arrow
08/18/2023 10:32:29 - DEBUG - fsspec.local -   open file: /home/lunt1/.cache/huggingface/metrics/f1/default/default_experiment-1-0.arrow
08/18/2023 10:32:29 - DEBUG - fsspec.local -   open file: /home/lunt1/.cache/huggingface/metrics/spearmanr/default/default_experiment-1-0.arrow
08/18/2023 10:32:29 - DEBUG - fsspec.local -   open file: /home/lunt1/.cache/huggingface/metrics/precision/default/default_experiment-1-0.arrow
08/18/2023 10:32:29 - DEBUG - fsspec.local -   open file: /home/lunt1/.cache/huggingface/metrics/recall/default/default_experiment-1-0.arrow
08/18/2023 10:32:29 - DEBUG - fsspec.local -   open file: /home/lunt1/.cache/huggingface/metrics/f1/default/default_experiment-1-0.arrow
{'eval_loss': 1.3308565616607666, 'eval_precision': 0.20853300475268435, 'eval_recall': 0.2882663816922361, 'eval_f1': 0.20323816290576793, 'eval_spearmanr': 0.8198969509821274, 'eval_precision_weighted': 0.29053861297203265, 'eval_recall_weighted': 0.3952205882352941, 'eval_f1_weighted': 0.2845407338965287, 'eval_runtime': 128.2633, 'eval_samples_per_second': 4.241, 'eval_steps_per_second': 2.121, 'epoch': 1.0}
08/18/2023 10:32:36 - DEBUG - helper.classes -   ----------- Starting epoch 2.0 -----------
{'loss': 1.2154, 'learning_rate': 2.9081632653061224e-05, 'epoch': 1.28}
{'loss': 1.2264, 'learning_rate': 2.80187074829932e-05, 'epoch': 1.59}
{'loss': 1.1934, 'learning_rate': 2.695578231292517e-05, 'epoch': 1.91}
08/18/2023 11:13:36 - DEBUG - helper.classes -   Epoch 2.0 completed, Duration: 0:40:59 Mem usage: CPU mem usage: 14.32G.  Cuda 0: memory acclocated: 18 G.
08/18/2023 11:15:43 - DEBUG - fsspec.local -   open file: /home/lunt1/.cache/huggingface/metrics/precision/default/default_experiment-1-0.arrow
08/18/2023 11:15:44 - DEBUG - fsspec.local -   open file: /home/lunt1/.cache/huggingface/metrics/recall/default/default_experiment-1-0.arrow
08/18/2023 11:15:44 - DEBUG - fsspec.local -   open file: /home/lunt1/.cache/huggingface/metrics/f1/default/default_experiment-1-0.arrow
08/18/2023 11:15:44 - DEBUG - fsspec.local -   open file: /home/lunt1/.cache/huggingface/metrics/spearmanr/default/default_experiment-1-0.arrow
08/18/2023 11:15:44 - DEBUG - fsspec.local -   open file: /home/lunt1/.cache/huggingface/metrics/precision/default/default_experiment-1-0.arrow
08/18/2023 11:15:44 - DEBUG - fsspec.local -   open file: /home/lunt1/.cache/huggingface/metrics/recall/default/default_experiment-1-0.arrow
08/18/2023 11:15:44 - DEBUG - fsspec.local -   open file: /home/lunt1/.cache/huggingface/metrics/f1/default/default_experiment-1-0.arrow
{'eval_loss': 1.2784419059753418, 'eval_precision': 0.3408172455475684, 'eval_recall': 0.3712512744211652, 'eval_f1': 0.34855873877525845, 'eval_spearmanr': 0.8165612522930479, 'eval_precision_weighted': 0.44934253275641095, 'eval_recall_weighted': 0.48161764705882354, 'eval_f1_weighted': 0.4564608397257491, 'eval_runtime': 128.4235, 'eval_samples_per_second': 4.236, 'eval_steps_per_second': 2.118, 'epoch': 2.0}
08/18/2023 11:15:51 - DEBUG - helper.classes -   ----------- Starting epoch 3.0 -----------
{'loss': 1.1569, 'learning_rate': 2.5892857142857144e-05, 'epoch': 2.23}
{'loss': 1.0335, 'learning_rate': 2.4829931972789116e-05, 'epoch': 2.55}
{'loss': 1.1286, 'learning_rate': 2.3767006802721087e-05, 'epoch': 2.87}
08/18/2023 11:56:36 - DEBUG - helper.classes -   Epoch 3.0 completed, Duration: 0:40:45 Mem usage: CPU mem usage: 14.19G.  Cuda 0: memory acclocated: 18 G.
08/18/2023 11:58:44 - DEBUG - fsspec.local -   open file: /home/lunt1/.cache/huggingface/metrics/precision/default/default_experiment-1-0.arrow
08/18/2023 11:58:44 - DEBUG - fsspec.local -   open file: /home/lunt1/.cache/huggingface/metrics/recall/default/default_experiment-1-0.arrow
08/18/2023 11:58:44 - DEBUG - fsspec.local -   open file: /home/lunt1/.cache/huggingface/metrics/f1/default/default_experiment-1-0.arrow
08/18/2023 11:58:44 - DEBUG - fsspec.local -   open file: /home/lunt1/.cache/huggingface/metrics/spearmanr/default/default_experiment-1-0.arrow
08/18/2023 11:58:44 - DEBUG - fsspec.local -   open file: /home/lunt1/.cache/huggingface/metrics/precision/default/default_experiment-1-0.arrow
08/18/2023 11:58:44 - DEBUG - fsspec.local -   open file: /home/lunt1/.cache/huggingface/metrics/recall/default/default_experiment-1-0.arrow
08/18/2023 11:58:44 - DEBUG - fsspec.local -   open file: /home/lunt1/.cache/huggingface/metrics/f1/default/default_experiment-1-0.arrow
{'eval_loss': 1.4095282554626465, 'eval_precision': 0.3176446654611211, 'eval_recall': 0.3454319092789773, 'eval_f1': 0.3192679793915319, 'eval_spearmanr': 0.8244010031809178, 'eval_precision_weighted': 0.41622975614296354, 'eval_recall_weighted': 0.4540441176470588, 'eval_f1_weighted': 0.4189967410095574, 'eval_runtime': 127.9032, 'eval_samples_per_second': 4.253, 'eval_steps_per_second': 2.127, 'epoch': 3.0}
08/18/2023 11:58:51 - DEBUG - helper.classes -   ----------- Starting epoch 4.0 -----------
{'loss': 0.956, 'learning_rate': 2.2704081632653062e-05, 'epoch': 3.19}
{'loss': 0.9474, 'learning_rate': 2.1641156462585033e-05, 'epoch': 3.51}
{'loss': 0.9692, 'learning_rate': 2.0578231292517008e-05, 'epoch': 3.83}
08/18/2023 12:40:00 - DEBUG - helper.classes -   Epoch 4.0 completed, Duration: 0:41:08 Mem usage: CPU mem usage: 14.17G.  Cuda 0: memory acclocated: 18 G.
08/18/2023 12:42:07 - DEBUG - fsspec.local -   open file: /home/lunt1/.cache/huggingface/metrics/precision/default/default_experiment-1-0.arrow
08/18/2023 12:42:08 - DEBUG - fsspec.local -   open file: /home/lunt1/.cache/huggingface/metrics/recall/default/default_experiment-1-0.arrow
08/18/2023 12:42:08 - DEBUG - fsspec.local -   open file: /home/lunt1/.cache/huggingface/metrics/f1/default/default_experiment-1-0.arrow
08/18/2023 12:42:08 - DEBUG - fsspec.local -   open file: /home/lunt1/.cache/huggingface/metrics/spearmanr/default/default_experiment-1-0.arrow
08/18/2023 12:42:08 - DEBUG - fsspec.local -   open file: /home/lunt1/.cache/huggingface/metrics/precision/default/default_experiment-1-0.arrow
08/18/2023 12:42:08 - DEBUG - fsspec.local -   open file: /home/lunt1/.cache/huggingface/metrics/recall/default/default_experiment-1-0.arrow
08/18/2023 12:42:08 - DEBUG - fsspec.local -   open file: /home/lunt1/.cache/huggingface/metrics/f1/default/default_experiment-1-0.arrow
{'eval_loss': 2.15860915184021, 'eval_precision': 0.304564735541585, 'eval_recall': 0.3425893804804576, 'eval_f1': 0.30912685982399335, 'eval_spearmanr': 0.8132258714141213, 'eval_precision_weighted': 0.4014218227442614, 'eval_recall_weighted': 0.4411764705882353, 'eval_f1_weighted': 0.4042465228595254, 'eval_runtime': 127.8607, 'eval_samples_per_second': 4.255, 'eval_steps_per_second': 2.127, 'epoch': 4.0}
08/18/2023 12:42:15 - DEBUG - helper.classes -   ----------- Starting epoch 5.0 -----------
{'loss': 0.8862, 'learning_rate': 1.951530612244898e-05, 'epoch': 4.15}
{'loss': 0.8654, 'learning_rate': 1.8452380952380954e-05, 'epoch': 4.46}
{'loss': 0.9397, 'learning_rate': 1.7389455782312925e-05, 'epoch': 4.78}
08/18/2023 13:23:09 - DEBUG - helper.classes -   Epoch 5.0 completed, Duration: 0:40:53 Mem usage: CPU mem usage: 14.18G.  Cuda 0: memory acclocated: 18 G.
08/18/2023 13:25:16 - DEBUG - fsspec.local -   open file: /home/lunt1/.cache/huggingface/metrics/precision/default/default_experiment-1-0.arrow
08/18/2023 13:25:16 - DEBUG - fsspec.local -   open file: /home/lunt1/.cache/huggingface/metrics/recall/default/default_experiment-1-0.arrow
08/18/2023 13:25:16 - DEBUG - fsspec.local -   open file: /home/lunt1/.cache/huggingface/metrics/f1/default/default_experiment-1-0.arrow
08/18/2023 13:25:16 - DEBUG - fsspec.local -   open file: /home/lunt1/.cache/huggingface/metrics/spearmanr/default/default_experiment-1-0.arrow
08/18/2023 13:25:16 - DEBUG - fsspec.local -   open file: /home/lunt1/.cache/huggingface/metrics/precision/default/default_experiment-1-0.arrow
08/18/2023 13:25:16 - DEBUG - fsspec.local -   open file: /home/lunt1/.cache/huggingface/metrics/recall/default/default_experiment-1-0.arrow
08/18/2023 13:25:16 - DEBUG - fsspec.local -   open file: /home/lunt1/.cache/huggingface/metrics/f1/default/default_experiment-1-0.arrow
{'eval_loss': 2.860604763031006, 'eval_precision': 0.3277061165297998, 'eval_recall': 0.363977889226251, 'eval_f1': 0.3336837311280219, 'eval_spearmanr': 0.8136249895346028, 'eval_precision_weighted': 0.4328480341971356, 'eval_recall_weighted': 0.4632352941176471, 'eval_f1_weighted': 0.43395788395903845, 'eval_runtime': 127.489, 'eval_samples_per_second': 4.267, 'eval_steps_per_second': 2.134, 'epoch': 5.0}
08/18/2023 13:25:23 - DEBUG - helper.classes -   ----------- Starting epoch 6.0 -----------
{'loss': 0.8466, 'learning_rate': 1.63265306122449e-05, 'epoch': 5.1}
{'loss': 0.7803, 'learning_rate': 1.526360544217687e-05, 'epoch': 5.42}
{'loss': 0.7769, 'learning_rate': 1.4200680272108844e-05, 'epoch': 5.74}
08/18/2023 14:05:50 - DEBUG - helper.classes -   Epoch 6.0 completed, Duration: 0:40:26 Mem usage: CPU mem usage: 14.21G.  Cuda 0: memory acclocated: 18 G.
08/18/2023 14:07:57 - DEBUG - fsspec.local -   open file: /home/lunt1/.cache/huggingface/metrics/precision/default/default_experiment-1-0.arrow
08/18/2023 14:07:58 - DEBUG - fsspec.local -   open file: /home/lunt1/.cache/huggingface/metrics/recall/default/default_experiment-1-0.arrow
08/18/2023 14:07:58 - DEBUG - fsspec.local -   open file: /home/lunt1/.cache/huggingface/metrics/f1/default/default_experiment-1-0.arrow
08/18/2023 14:07:58 - DEBUG - fsspec.local -   open file: /home/lunt1/.cache/huggingface/metrics/spearmanr/default/default_experiment-1-0.arrow
08/18/2023 14:07:58 - DEBUG - fsspec.local -   open file: /home/lunt1/.cache/huggingface/metrics/precision/default/default_experiment-1-0.arrow
08/18/2023 14:07:58 - DEBUG - fsspec.local -   open file: /home/lunt1/.cache/huggingface/metrics/recall/default/default_experiment-1-0.arrow
08/18/2023 14:07:58 - DEBUG - fsspec.local -   open file: /home/lunt1/.cache/huggingface/metrics/f1/default/default_experiment-1-0.arrow
{'eval_loss': 3.414762496948242, 'eval_precision': 0.31050634727797527, 'eval_recall': 0.34241414207764487, 'eval_f1': 0.3222002599736035, 'eval_spearmanr': 0.8165261052855981, 'eval_precision_weighted': 0.4098400203348043, 'eval_recall_weighted': 0.4375, 'eval_f1_weighted': 0.41928036608213537, 'eval_runtime': 128.6458, 'eval_samples_per_second': 4.229, 'eval_steps_per_second': 2.114, 'epoch': 6.0}
08/18/2023 14:08:05 - DEBUG - helper.classes -   ----------- Starting epoch 7.0 -----------
{'loss': 0.7923, 'learning_rate': 1.3137755102040817e-05, 'epoch': 6.06}
{'loss': 0.7506, 'learning_rate': 1.207482993197279e-05, 'epoch': 6.38}
{'loss': 0.6668, 'learning_rate': 1.1011904761904762e-05, 'epoch': 6.7}
08/18/2023 14:48:51 - DEBUG - helper.classes -   Epoch 7.0 completed, Duration: 0:40:46 Mem usage: CPU mem usage: 14.19G.  Cuda 0: memory acclocated: 18 G.
08/18/2023 14:50:59 - DEBUG - fsspec.local -   open file: /home/lunt1/.cache/huggingface/metrics/precision/default/default_experiment-1-0.arrow
08/18/2023 14:50:59 - DEBUG - fsspec.local -   open file: /home/lunt1/.cache/huggingface/metrics/recall/default/default_experiment-1-0.arrow
08/18/2023 14:50:59 - DEBUG - fsspec.local -   open file: /home/lunt1/.cache/huggingface/metrics/f1/default/default_experiment-1-0.arrow
08/18/2023 14:50:59 - DEBUG - fsspec.local -   open file: /home/lunt1/.cache/huggingface/metrics/spearmanr/default/default_experiment-1-0.arrow
08/18/2023 14:51:00 - DEBUG - fsspec.local -   open file: /home/lunt1/.cache/huggingface/metrics/precision/default/default_experiment-1-0.arrow
08/18/2023 14:51:00 - DEBUG - fsspec.local -   open file: /home/lunt1/.cache/huggingface/metrics/recall/default/default_experiment-1-0.arrow
08/18/2023 14:51:00 - DEBUG - fsspec.local -   open file: /home/lunt1/.cache/huggingface/metrics/f1/default/default_experiment-1-0.arrow
{'eval_loss': 3.5164997577667236, 'eval_precision': 0.31340325320395407, 'eval_recall': 0.3478263085470833, 'eval_f1': 0.32628071705419337, 'eval_spearmanr': 0.8024515245973639, 'eval_precision_weighted': 0.4129005835481381, 'eval_recall_weighted': 0.44669117647058826, 'eval_f1_weighted': 0.4250842953360016, 'eval_runtime': 128.2455, 'eval_samples_per_second': 4.242, 'eval_steps_per_second': 2.121, 'epoch': 7.0}
08/18/2023 14:51:06 - DEBUG - helper.classes -   ----------- Starting epoch 8.0 -----------
{'loss': 0.7257, 'learning_rate': 9.948979591836735e-06, 'epoch': 7.02}
{'loss': 0.5047, 'learning_rate': 8.886054421768708e-06, 'epoch': 7.33}
{'loss': 0.6974, 'learning_rate': 7.823129251700681e-06, 'epoch': 7.65}
{'loss': 0.5995, 'learning_rate': 6.760204081632653e-06, 'epoch': 7.97}
08/18/2023 15:31:44 - DEBUG - helper.classes -   Epoch 8.0 completed, Duration: 0:40:37 Mem usage: CPU mem usage: 14.22G.  Cuda 0: memory acclocated: 18 G.
08/18/2023 15:33:52 - DEBUG - fsspec.local -   open file: /home/lunt1/.cache/huggingface/metrics/precision/default/default_experiment-1-0.arrow
08/18/2023 15:33:52 - DEBUG - fsspec.local -   open file: /home/lunt1/.cache/huggingface/metrics/recall/default/default_experiment-1-0.arrow
08/18/2023 15:33:52 - DEBUG - fsspec.local -   open file: /home/lunt1/.cache/huggingface/metrics/f1/default/default_experiment-1-0.arrow
08/18/2023 15:33:52 - DEBUG - fsspec.local -   open file: /home/lunt1/.cache/huggingface/metrics/spearmanr/default/default_experiment-1-0.arrow
08/18/2023 15:33:52 - DEBUG - fsspec.local -   open file: /home/lunt1/.cache/huggingface/metrics/precision/default/default_experiment-1-0.arrow
08/18/2023 15:33:52 - DEBUG - fsspec.local -   open file: /home/lunt1/.cache/huggingface/metrics/recall/default/default_experiment-1-0.arrow
08/18/2023 15:33:52 - DEBUG - fsspec.local -   open file: /home/lunt1/.cache/huggingface/metrics/f1/default/default_experiment-1-0.arrow
{'eval_loss': 3.627573251724243, 'eval_precision': 0.3287438937459764, 'eval_recall': 0.359003351075028, 'eval_f1': 0.3408775447943135, 'eval_spearmanr': 0.8054277894734481, 'eval_precision_weighted': 0.4329409644740121, 'eval_recall_weighted': 0.46875, 'eval_f1_weighted': 0.4472292059501362, 'eval_runtime': 128.0056, 'eval_samples_per_second': 4.25, 'eval_steps_per_second': 2.125, 'epoch': 8.0}
08/18/2023 15:33:58 - DEBUG - helper.classes -   ----------- Starting epoch 9.0 -----------
{'loss': 0.5889, 'learning_rate': 5.697278911564626e-06, 'epoch': 8.29}
{'loss': 0.4836, 'learning_rate': 4.634353741496598e-06, 'epoch': 8.61}
{'loss': 0.584, 'learning_rate': 3.5714285714285714e-06, 'epoch': 8.93}
08/18/2023 16:14:49 - DEBUG - helper.classes -   Epoch 9.0 completed, Duration: 0:40:50 Mem usage: CPU mem usage: 14.21G.  Cuda 0: memory acclocated: 18 G.
08/18/2023 16:16:57 - DEBUG - fsspec.local -   open file: /home/lunt1/.cache/huggingface/metrics/precision/default/default_experiment-1-0.arrow
08/18/2023 16:16:58 - DEBUG - fsspec.local -   open file: /home/lunt1/.cache/huggingface/metrics/recall/default/default_experiment-1-0.arrow
08/18/2023 16:16:58 - DEBUG - fsspec.local -   open file: /home/lunt1/.cache/huggingface/metrics/f1/default/default_experiment-1-0.arrow
08/18/2023 16:16:58 - DEBUG - fsspec.local -   open file: /home/lunt1/.cache/huggingface/metrics/spearmanr/default/default_experiment-1-0.arrow
08/18/2023 16:16:58 - DEBUG - fsspec.local -   open file: /home/lunt1/.cache/huggingface/metrics/precision/default/default_experiment-1-0.arrow
08/18/2023 16:16:58 - DEBUG - fsspec.local -   open file: /home/lunt1/.cache/huggingface/metrics/recall/default/default_experiment-1-0.arrow
08/18/2023 16:16:58 - DEBUG - fsspec.local -   open file: /home/lunt1/.cache/huggingface/metrics/f1/default/default_experiment-1-0.arrow
{'eval_loss': 3.6998722553253174, 'eval_precision': 0.31974394373215176, 'eval_recall': 0.3500871993776892, 'eval_f1': 0.330727863206925, 'eval_spearmanr': 0.8033125351915557, 'eval_precision_weighted': 0.4207610259026967, 'eval_recall_weighted': 0.45955882352941174, 'eval_f1_weighted': 0.4351061366572311, 'eval_runtime': 129.2554, 'eval_samples_per_second': 4.209, 'eval_steps_per_second': 2.104, 'epoch': 9.0}
08/18/2023 16:17:05 - DEBUG - helper.classes -   ----------- Starting epoch 10.0 -----------
{'loss': 0.5047, 'learning_rate': 2.5085034013605444e-06, 'epoch': 9.25}
{'loss': 0.5971, 'learning_rate': 1.445578231292517e-06, 'epoch': 9.57}
{'loss': 0.5114, 'learning_rate': 3.826530612244898e-07, 'epoch': 9.89}
08/18/2023 16:57:34 - DEBUG - helper.classes -   Epoch 10.0 completed, Duration: 0:40:29 Mem usage: CPU mem usage: 14.21G.  Cuda 0: memory acclocated: 18 G.
08/18/2023 16:59:42 - DEBUG - fsspec.local -   open file: /home/lunt1/.cache/huggingface/metrics/precision/default/default_experiment-1-0.arrow
08/18/2023 16:59:42 - DEBUG - fsspec.local -   open file: /home/lunt1/.cache/huggingface/metrics/recall/default/default_experiment-1-0.arrow
08/18/2023 16:59:42 - DEBUG - fsspec.local -   open file: /home/lunt1/.cache/huggingface/metrics/f1/default/default_experiment-1-0.arrow
08/18/2023 16:59:42 - DEBUG - fsspec.local -   open file: /home/lunt1/.cache/huggingface/metrics/spearmanr/default/default_experiment-1-0.arrow
08/18/2023 16:59:42 - DEBUG - fsspec.local -   open file: /home/lunt1/.cache/huggingface/metrics/precision/default/default_experiment-1-0.arrow
08/18/2023 16:59:43 - DEBUG - fsspec.local -   open file: /home/lunt1/.cache/huggingface/metrics/recall/default/default_experiment-1-0.arrow
08/18/2023 16:59:43 - DEBUG - fsspec.local -   open file: /home/lunt1/.cache/huggingface/metrics/f1/default/default_experiment-1-0.arrow
{'eval_loss': 3.756631374359131, 'eval_precision': 0.3246425038903868, 'eval_recall': 0.3552369149488618, 'eval_f1': 0.3363338951508156, 'eval_spearmanr': 0.8026556435263108, 'eval_precision_weighted': 0.4272879233450037, 'eval_recall_weighted': 0.46875, 'eval_f1_weighted': 0.4434585494518924, 'eval_runtime': 128.5489, 'eval_samples_per_second': 4.232, 'eval_steps_per_second': 2.116, 'epoch': 10.0}
{'train_runtime': 25812.1182, 'train_samples_per_second': 1.215, 'train_steps_per_second': 0.607, 'train_loss': 0.8865590844835554, 'epoch': 10.0}
08/18/2023 16:59:55 - INFO - __main__ -   Training completed. Duration: 7:10:12
08/18/2023 17:02:03 - DEBUG - fsspec.local -   open file: /home/lunt1/.cache/huggingface/metrics/precision/default/default_experiment-1-0.arrow
08/18/2023 17:02:03 - DEBUG - fsspec.local -   open file: /home/lunt1/.cache/huggingface/metrics/recall/default/default_experiment-1-0.arrow
08/18/2023 17:02:03 - DEBUG - fsspec.local -   open file: /home/lunt1/.cache/huggingface/metrics/f1/default/default_experiment-1-0.arrow
08/18/2023 17:02:03 - DEBUG - fsspec.local -   open file: /home/lunt1/.cache/huggingface/metrics/spearmanr/default/default_experiment-1-0.arrow
08/18/2023 17:02:03 - DEBUG - fsspec.local -   open file: /home/lunt1/.cache/huggingface/metrics/precision/default/default_experiment-1-0.arrow
08/18/2023 17:02:03 - DEBUG - fsspec.local -   open file: /home/lunt1/.cache/huggingface/metrics/recall/default/default_experiment-1-0.arrow
08/18/2023 17:02:03 - DEBUG - fsspec.local -   open file: /home/lunt1/.cache/huggingface/metrics/f1/default/default_experiment-1-0.arrow
08/18/2023 17:02:03 - DEBUG - fsspec.local -   open file: /home/lunt1/.cache/huggingface/metrics/precision/default/default_experiment-1-0.arrow
08/18/2023 17:02:03 - DEBUG - fsspec.local -   open file: /home/lunt1/.cache/huggingface/metrics/recall/default/default_experiment-1-0.arrow
08/18/2023 17:02:03 - DEBUG - fsspec.local -   open file: /home/lunt1/.cache/huggingface/metrics/f1/default/default_experiment-1-0.arrow
08/18/2023 17:02:03 - DEBUG - fsspec.local -   open file: /home/lunt1/.cache/huggingface/metrics/spearmanr/default/default_experiment-1-0.arrow
08/18/2023 17:02:03 - DEBUG - fsspec.local -   open file: /home/lunt1/.cache/huggingface/metrics/precision/default/default_experiment-1-0.arrow
08/18/2023 17:02:03 - DEBUG - fsspec.local -   open file: /home/lunt1/.cache/huggingface/metrics/recall/default/default_experiment-1-0.arrow
08/18/2023 17:02:03 - DEBUG - fsspec.local -   open file: /home/lunt1/.cache/huggingface/metrics/f1/default/default_experiment-1-0.arrow
08/18/2023 17:02:03 - DEBUG - __main__ -   label: 4
08/18/2023 17:02:03 - DEBUG - __main__ -   pred: 4
08/18/2023 17:02:03 - DEBUG - __main__ -   label: 4
08/18/2023 17:02:03 - DEBUG - __main__ -   pred: 4
08/18/2023 17:02:03 - DEBUG - __main__ -   label: 5
08/18/2023 17:02:03 - DEBUG - __main__ -   pred: 5
08/18/2023 17:02:03 - DEBUG - __main__ -   label: 5
08/18/2023 17:02:03 - DEBUG - __main__ -   pred: 4
08/18/2023 17:02:03 - DEBUG - __main__ -   label: 3
08/18/2023 17:02:03 - DEBUG - __main__ -   pred: 4
08/18/2023 17:02:03 - DEBUG - __main__ -   label: 3
08/18/2023 17:02:03 - DEBUG - __main__ -   pred: 3
08/18/2023 17:02:03 - DEBUG - __main__ -   label: 4
08/18/2023 17:02:03 - DEBUG - __main__ -   pred: 3
08/18/2023 17:02:03 - DEBUG - __main__ -   label: 3
08/18/2023 17:02:03 - DEBUG - __main__ -   pred: 2
08/18/2023 17:02:03 - DEBUG - __main__ -   label: 3
08/18/2023 17:02:03 - DEBUG - __main__ -   pred: 4
08/18/2023 17:02:03 - DEBUG - __main__ -   label: 2
08/18/2023 17:02:03 - DEBUG - __main__ -   pred: 1
08/18/2023 17:02:03 - DEBUG - __main__ -   label: 2
08/18/2023 17:02:03 - DEBUG - __main__ -   pred: 2
08/18/2023 17:02:03 - DEBUG - __main__ -   label: 3
08/18/2023 17:02:03 - DEBUG - __main__ -   pred: 2
08/18/2023 17:02:03 - DEBUG - __main__ -   label: 3
08/18/2023 17:02:03 - DEBUG - __main__ -   pred: 2
08/18/2023 17:02:03 - DEBUG - __main__ -   label: 5
08/18/2023 17:02:03 - DEBUG - __main__ -   pred: 5
08/18/2023 17:02:03 - DEBUG - __main__ -   label: 3
08/18/2023 17:02:03 - DEBUG - __main__ -   pred: 3
08/18/2023 17:02:03 - DEBUG - __main__ -   label: 3
08/18/2023 17:02:03 - DEBUG - __main__ -   pred: 5
08/18/2023 17:02:03 - DEBUG - __main__ -   label: 6
08/18/2023 17:02:03 - DEBUG - __main__ -   pred: 5
08/18/2023 17:02:03 - DEBUG - __main__ -   label: 4
08/18/2023 17:02:03 - DEBUG - __main__ -   pred: 4
08/18/2023 17:02:03 - DEBUG - __main__ -   label: 3
08/18/2023 17:02:03 - DEBUG - __main__ -   pred: 4
08/18/2023 17:02:03 - DEBUG - __main__ -   label: 3
08/18/2023 17:02:03 - DEBUG - __main__ -   pred: 3
08/18/2023 17:02:03 - DEBUG - __main__ -   label: 6
08/18/2023 17:02:03 - DEBUG - __main__ -   pred: 5
08/18/2023 17:02:03 - DEBUG - __main__ -   label: 4
08/18/2023 17:02:03 - DEBUG - __main__ -   pred: 5
08/18/2023 17:02:03 - DEBUG - __main__ -   label: 3
08/18/2023 17:02:03 - DEBUG - __main__ -   pred: 3
08/18/2023 17:02:03 - DEBUG - __main__ -   label: 4
08/18/2023 17:02:03 - DEBUG - __main__ -   pred: 4
08/18/2023 17:02:03 - DEBUG - __main__ -   label: 4
08/18/2023 17:02:03 - DEBUG - __main__ -   pred: 4
08/18/2023 17:02:03 - DEBUG - __main__ -   label: 6
08/18/2023 17:02:03 - DEBUG - __main__ -   pred: 5
08/18/2023 17:02:03 - DEBUG - __main__ -   label: 3
08/18/2023 17:02:03 - DEBUG - __main__ -   pred: 3
08/18/2023 17:02:03 - DEBUG - __main__ -   label: 6
08/18/2023 17:02:03 - DEBUG - __main__ -   pred: 3
08/18/2023 17:02:03 - DEBUG - __main__ -   label: 4
08/18/2023 17:02:03 - DEBUG - __main__ -   pred: 3
08/18/2023 17:02:03 - DEBUG - __main__ -   label: 1
08/18/2023 17:02:03 - DEBUG - __main__ -   pred: 3
08/18/2023 17:02:03 - DEBUG - __main__ -   label: 3
08/18/2023 17:02:03 - DEBUG - __main__ -   pred: 2
08/18/2023 17:02:03 - DEBUG - __main__ -   label: 6
08/18/2023 17:02:03 - DEBUG - __main__ -   pred: 3
08/18/2023 17:02:03 - DEBUG - __main__ -   label: 3
08/18/2023 17:02:03 - DEBUG - __main__ -   pred: 3
08/18/2023 17:02:03 - DEBUG - __main__ -   label: 5
08/18/2023 17:02:03 - DEBUG - __main__ -   pred: 3
08/18/2023 17:02:03 - DEBUG - __main__ -   label: 5
08/18/2023 17:02:03 - DEBUG - __main__ -   pred: 4
08/18/2023 17:02:03 - DEBUG - __main__ -   label: 2
08/18/2023 17:02:03 - DEBUG - __main__ -   pred: 2
08/18/2023 17:02:03 - DEBUG - __main__ -   label: 4
08/18/2023 17:02:03 - DEBUG - __main__ -   pred: 5
08/18/2023 17:02:03 - DEBUG - __main__ -   label: 5
08/18/2023 17:02:03 - DEBUG - __main__ -   pred: 4
08/18/2023 17:02:03 - DEBUG - __main__ -   label: 6
08/18/2023 17:02:03 - DEBUG - __main__ -   pred: 5
08/18/2023 17:02:03 - DEBUG - __main__ -   label: 6
08/18/2023 17:02:03 - DEBUG - __main__ -   pred: 5
08/18/2023 17:02:03 - DEBUG - __main__ -   label: 5
08/18/2023 17:02:03 - DEBUG - __main__ -   pred: 4
08/18/2023 17:02:03 - DEBUG - __main__ -   label: 6
08/18/2023 17:02:03 - DEBUG - __main__ -   pred: 5
08/18/2023 17:02:03 - DEBUG - __main__ -   label: 4
08/18/2023 17:02:03 - DEBUG - __main__ -   pred: 5
08/18/2023 17:02:03 - DEBUG - __main__ -   label: 4
08/18/2023 17:02:03 - DEBUG - __main__ -   pred: 4
08/18/2023 17:02:03 - DEBUG - __main__ -   label: 4
08/18/2023 17:02:03 - DEBUG - __main__ -   pred: 4
08/18/2023 17:02:03 - DEBUG - __main__ -   label: 5
08/18/2023 17:02:03 - DEBUG - __main__ -   pred: 4
08/18/2023 17:02:03 - DEBUG - __main__ -   label: 5
08/18/2023 17:02:03 - DEBUG - __main__ -   pred: 4
08/18/2023 17:02:03 - DEBUG - __main__ -   label: 4
08/18/2023 17:02:03 - DEBUG - __main__ -   pred: 4
08/18/2023 17:02:03 - DEBUG - __main__ -   label: 4
08/18/2023 17:02:03 - DEBUG - __main__ -   pred: 1
08/18/2023 17:02:03 - DEBUG - __main__ -   label: 1
08/18/2023 17:02:03 - DEBUG - __main__ -   pred: 2
08/18/2023 17:02:03 - DEBUG - __main__ -   label: 5
08/18/2023 17:02:03 - DEBUG - __main__ -   pred: 3
08/18/2023 17:02:03 - DEBUG - __main__ -   label: 3
08/18/2023 17:02:03 - DEBUG - __main__ -   pred: 3
08/18/2023 17:02:03 - DEBUG - __main__ -   label: 2
08/18/2023 17:02:03 - DEBUG - __main__ -   pred: 1
08/18/2023 17:02:03 - DEBUG - __main__ -   label: 2
08/18/2023 17:02:03 - DEBUG - __main__ -   pred: 5
08/18/2023 17:02:03 - DEBUG - __main__ -   label: 5
08/18/2023 17:02:03 - DEBUG - __main__ -   pred: 5
08/18/2023 17:02:03 - DEBUG - __main__ -   label: 5
08/18/2023 17:02:03 - DEBUG - __main__ -   pred: 4
08/18/2023 17:02:03 - DEBUG - __main__ -   label: 5
08/18/2023 17:02:03 - DEBUG - __main__ -   pred: 4
08/18/2023 17:02:03 - DEBUG - __main__ -   label: 3
08/18/2023 17:02:03 - DEBUG - __main__ -   pred: 4
08/18/2023 17:02:03 - DEBUG - __main__ -   label: 4
08/18/2023 17:02:03 - DEBUG - __main__ -   pred: 5
08/18/2023 17:02:03 - DEBUG - __main__ -   label: 5
08/18/2023 17:02:03 - DEBUG - __main__ -   pred: 5
08/18/2023 17:02:03 - DEBUG - __main__ -   label: 5
08/18/2023 17:02:03 - DEBUG - __main__ -   pred: 5
08/18/2023 17:02:03 - DEBUG - __main__ -   label: 4
08/18/2023 17:02:03 - DEBUG - __main__ -   pred: 2
08/18/2023 17:02:03 - DEBUG - __main__ -   label: 4
08/18/2023 17:02:03 - DEBUG - __main__ -   pred: 3
08/18/2023 17:02:03 - DEBUG - __main__ -   label: 4
08/18/2023 17:02:03 - DEBUG - __main__ -   pred: 3
08/18/2023 17:02:03 - DEBUG - __main__ -   label: 3
08/18/2023 17:02:03 - DEBUG - __main__ -   pred: 3
08/18/2023 17:02:03 - DEBUG - __main__ -   label: 5
08/18/2023 17:02:03 - DEBUG - __main__ -   pred: 2
08/18/2023 17:02:03 - DEBUG - __main__ -   label: 3
08/18/2023 17:02:03 - DEBUG - __main__ -   pred: 2
08/18/2023 17:02:03 - DEBUG - __main__ -   label: 4
08/18/2023 17:02:03 - DEBUG - __main__ -   pred: 2
08/18/2023 17:02:03 - DEBUG - __main__ -   label: 2
08/18/2023 17:02:03 - DEBUG - __main__ -   pred: 2
08/18/2023 17:02:03 - DEBUG - __main__ -   label: 2
08/18/2023 17:02:03 - DEBUG - __main__ -   pred: 2
08/18/2023 17:02:03 - DEBUG - __main__ -   label: 5
08/18/2023 17:02:03 - DEBUG - __main__ -   pred: 4
08/18/2023 17:02:03 - DEBUG - __main__ -   label: 5
08/18/2023 17:02:03 - DEBUG - __main__ -   pred: 5
08/18/2023 17:02:03 - DEBUG - __main__ -   label: 4
08/18/2023 17:02:03 - DEBUG - __main__ -   pred: 4
08/18/2023 17:02:03 - DEBUG - __main__ -   label: 4
08/18/2023 17:02:03 - DEBUG - __main__ -   pred: 5
08/18/2023 17:02:03 - DEBUG - __main__ -   label: 2
08/18/2023 17:02:03 - DEBUG - __main__ -   pred: 3
08/18/2023 17:02:03 - DEBUG - __main__ -   label: 4
08/18/2023 17:02:03 - DEBUG - __main__ -   pred: 5
08/18/2023 17:02:03 - DEBUG - __main__ -   label: 3
08/18/2023 17:02:03 - DEBUG - __main__ -   pred: 3
08/18/2023 17:02:03 - DEBUG - __main__ -   label: 3
08/18/2023 17:02:03 - DEBUG - __main__ -   pred: 3
08/18/2023 17:02:03 - DEBUG - __main__ -   label: 3
08/18/2023 17:02:03 - DEBUG - __main__ -   pred: 3
08/18/2023 17:02:03 - DEBUG - __main__ -   label: 3
08/18/2023 17:02:03 - DEBUG - __main__ -   pred: 4
08/18/2023 17:02:03 - DEBUG - __main__ -   label: 1
08/18/2023 17:02:03 - DEBUG - __main__ -   pred: 3
08/18/2023 17:02:03 - DEBUG - __main__ -   label: 3
08/18/2023 17:02:03 - DEBUG - __main__ -   pred: 5
08/18/2023 17:02:03 - DEBUG - __main__ -   label: 6
08/18/2023 17:02:03 - DEBUG - __main__ -   pred: 5
08/18/2023 17:02:03 - DEBUG - __main__ -   label: 4
08/18/2023 17:02:03 - DEBUG - __main__ -   pred: 4
08/18/2023 17:02:03 - DEBUG - __main__ -   label: 4
08/18/2023 17:02:03 - DEBUG - __main__ -   pred: 4
08/18/2023 17:02:03 - DEBUG - __main__ -   label: 4
08/18/2023 17:02:03 - DEBUG - __main__ -   pred: 4
08/18/2023 17:02:03 - DEBUG - __main__ -   label: 3
08/18/2023 17:02:03 - DEBUG - __main__ -   pred: 3
08/18/2023 17:02:03 - DEBUG - __main__ -   label: 4
08/18/2023 17:02:03 - DEBUG - __main__ -   pred: 5
08/18/2023 17:02:03 - DEBUG - __main__ -   label: 3
08/18/2023 17:02:03 - DEBUG - __main__ -   pred: 4
08/18/2023 17:02:03 - DEBUG - __main__ -   label: 2
08/18/2023 17:02:03 - DEBUG - __main__ -   pred: 2
08/18/2023 17:02:03 - DEBUG - __main__ -   label: 3
08/18/2023 17:02:03 - DEBUG - __main__ -   pred: 3
08/18/2023 17:02:03 - DEBUG - __main__ -   label: 2
08/18/2023 17:02:03 - DEBUG - __main__ -   pred: 2
08/18/2023 17:02:03 - DEBUG - __main__ -   label: 4
08/18/2023 17:02:03 - DEBUG - __main__ -   pred: 3
08/18/2023 17:02:03 - DEBUG - __main__ -   label: 3
08/18/2023 17:02:03 - DEBUG - __main__ -   pred: 3
08/18/2023 17:02:03 - DEBUG - __main__ -   label: 3
08/18/2023 17:02:03 - DEBUG - __main__ -   pred: 3
08/18/2023 17:02:03 - DEBUG - __main__ -   label: 3
08/18/2023 17:02:03 - DEBUG - __main__ -   pred: 3
08/18/2023 17:02:03 - DEBUG - __main__ -   label: 2
08/18/2023 17:02:03 - DEBUG - __main__ -   pred: 3
08/18/2023 17:02:03 - DEBUG - __main__ -   label: 2
08/18/2023 17:02:03 - DEBUG - __main__ -   pred: 3
08/18/2023 17:02:03 - DEBUG - __main__ -   label: 3
08/18/2023 17:02:03 - DEBUG - __main__ -   pred: 4
08/18/2023 17:02:03 - DEBUG - __main__ -   label: 5
08/18/2023 17:02:03 - DEBUG - __main__ -   pred: 4
08/18/2023 17:02:03 - DEBUG - __main__ -   label: 4
08/18/2023 17:02:03 - DEBUG - __main__ -   pred: 5
08/18/2023 17:02:03 - DEBUG - __main__ -   label: 4
08/18/2023 17:02:03 - DEBUG - __main__ -   pred: 4
08/18/2023 17:02:03 - DEBUG - __main__ -   label: 3
08/18/2023 17:02:03 - DEBUG - __main__ -   pred: 4
08/18/2023 17:02:03 - DEBUG - __main__ -   label: 3
08/18/2023 17:02:03 - DEBUG - __main__ -   pred: 5
08/18/2023 17:02:03 - DEBUG - __main__ -   label: 5
08/18/2023 17:02:03 - DEBUG - __main__ -   pred: 4
08/18/2023 17:02:03 - DEBUG - __main__ -   label: 2
08/18/2023 17:02:03 - DEBUG - __main__ -   pred: 2
08/18/2023 17:02:03 - DEBUG - __main__ -   label: 4
08/18/2023 17:02:03 - DEBUG - __main__ -   pred: 1
08/18/2023 17:02:03 - DEBUG - __main__ -   label: 6
08/18/2023 17:02:03 - DEBUG - __main__ -   pred: 4
08/18/2023 17:02:03 - DEBUG - __main__ -   label: 3
08/18/2023 17:02:03 - DEBUG - __main__ -   pred: 2
08/18/2023 17:02:03 - DEBUG - __main__ -   label: 5
08/18/2023 17:02:03 - DEBUG - __main__ -   pred: 3
08/18/2023 17:02:03 - DEBUG - __main__ -   label: 4
08/18/2023 17:02:03 - DEBUG - __main__ -   pred: 3
08/18/2023 17:02:03 - DEBUG - __main__ -   label: 3
08/18/2023 17:02:03 - DEBUG - __main__ -   pred: 3
08/18/2023 17:02:03 - DEBUG - __main__ -   label: 6
08/18/2023 17:02:03 - DEBUG - __main__ -   pred: 3
08/18/2023 17:02:03 - DEBUG - __main__ -   label: 5
08/18/2023 17:02:03 - DEBUG - __main__ -   pred: 3
08/18/2023 17:02:03 - DEBUG - __main__ -   label: 3
08/18/2023 17:02:03 - DEBUG - __main__ -   pred: 2
08/18/2023 17:02:03 - DEBUG - __main__ -   label: 6
08/18/2023 17:02:03 - DEBUG - __main__ -   pred: 4
08/18/2023 17:02:03 - DEBUG - __main__ -   label: 5
08/18/2023 17:02:03 - DEBUG - __main__ -   pred: 3
08/18/2023 17:02:03 - DEBUG - __main__ -   label: 3
08/18/2023 17:02:03 - DEBUG - __main__ -   pred: 3
08/18/2023 17:02:03 - DEBUG - __main__ -   label: 5
08/18/2023 17:02:03 - DEBUG - __main__ -   pred: 4
08/18/2023 17:02:03 - DEBUG - __main__ -   label: 4
08/18/2023 17:02:03 - DEBUG - __main__ -   pred: 4
08/18/2023 17:02:03 - DEBUG - __main__ -   label: 6
08/18/2023 17:02:03 - DEBUG - __main__ -   pred: 5
08/18/2023 17:02:03 - DEBUG - __main__ -   label: 4
08/18/2023 17:02:03 - DEBUG - __main__ -   pred: 4
08/18/2023 17:02:03 - DEBUG - __main__ -   label: 3
08/18/2023 17:02:03 - DEBUG - __main__ -   pred: 4
08/18/2023 17:02:03 - DEBUG - __main__ -   label: 6
08/18/2023 17:02:03 - DEBUG - __main__ -   pred: 5
08/18/2023 17:02:03 - DEBUG - __main__ -   label: 6
08/18/2023 17:02:03 - DEBUG - __main__ -   pred: 5
08/18/2023 17:02:03 - DEBUG - __main__ -   label: 5
08/18/2023 17:02:03 - DEBUG - __main__ -   pred: 5
08/18/2023 17:02:03 - DEBUG - __main__ -   label: 5
08/18/2023 17:02:03 - DEBUG - __main__ -   pred: 4
08/18/2023 17:02:03 - DEBUG - __main__ -   label: 4
08/18/2023 17:02:03 - DEBUG - __main__ -   pred: 4
08/18/2023 17:02:03 - DEBUG - __main__ -   label: 2
08/18/2023 17:02:03 - DEBUG - __main__ -   pred: 3
08/18/2023 17:02:03 - DEBUG - __main__ -   label: 0
08/18/2023 17:02:03 - DEBUG - __main__ -   pred: 1
08/18/2023 17:02:03 - DEBUG - __main__ -   label: 4
08/18/2023 17:02:03 - DEBUG - __main__ -   pred: 3
08/18/2023 17:02:03 - DEBUG - __main__ -   label: 3
08/18/2023 17:02:03 - DEBUG - __main__ -   pred: 4
08/18/2023 17:02:03 - DEBUG - __main__ -   label: 3
08/18/2023 17:02:03 - DEBUG - __main__ -   pred: 4
08/18/2023 17:02:03 - DEBUG - __main__ -   label: 5
08/18/2023 17:02:03 - DEBUG - __main__ -   pred: 4
08/18/2023 17:02:03 - DEBUG - __main__ -   label: 5
08/18/2023 17:02:03 - DEBUG - __main__ -   pred: 5
08/18/2023 17:02:03 - DEBUG - __main__ -   label: 1
08/18/2023 17:02:03 - DEBUG - __main__ -   pred: 3
08/18/2023 17:02:03 - DEBUG - __main__ -   label: 4
08/18/2023 17:02:03 - DEBUG - __main__ -   pred: 2
08/18/2023 17:02:03 - DEBUG - __main__ -   label: 3
08/18/2023 17:02:03 - DEBUG - __main__ -   pred: 4
08/18/2023 17:02:03 - DEBUG - __main__ -   label: 4
08/18/2023 17:02:03 - DEBUG - __main__ -   pred: 3
08/18/2023 17:02:03 - DEBUG - __main__ -   label: 3
08/18/2023 17:02:03 - DEBUG - __main__ -   pred: 2
08/18/2023 17:02:03 - DEBUG - __main__ -   label: 4
08/18/2023 17:02:03 - DEBUG - __main__ -   pred: 5
08/18/2023 17:02:03 - DEBUG - __main__ -   label: 1
08/18/2023 17:02:03 - DEBUG - __main__ -   pred: 2
08/18/2023 17:02:03 - DEBUG - __main__ -   label: 5
08/18/2023 17:02:03 - DEBUG - __main__ -   pred: 5
08/18/2023 17:02:03 - DEBUG - __main__ -   label: 5
08/18/2023 17:02:03 - DEBUG - __main__ -   pred: 5
08/18/2023 17:02:03 - DEBUG - __main__ -   label: 4
08/18/2023 17:02:03 - DEBUG - __main__ -   pred: 5
08/18/2023 17:02:03 - DEBUG - __main__ -   label: 4
08/18/2023 17:02:03 - DEBUG - __main__ -   pred: 4
08/18/2023 17:02:03 - DEBUG - __main__ -   label: 2
08/18/2023 17:02:03 - DEBUG - __main__ -   pred: 4
08/18/2023 17:02:03 - DEBUG - __main__ -   label: 5
08/18/2023 17:02:03 - DEBUG - __main__ -   pred: 4
08/18/2023 17:02:03 - DEBUG - __main__ -   label: 2
08/18/2023 17:02:03 - DEBUG - __main__ -   pred: 2
08/18/2023 17:02:03 - DEBUG - __main__ -   label: 4
08/18/2023 17:02:03 - DEBUG - __main__ -   pred: 4
08/18/2023 17:02:03 - DEBUG - __main__ -   label: 2
08/18/2023 17:02:03 - DEBUG - __main__ -   pred: 2
08/18/2023 17:02:03 - DEBUG - __main__ -   label: 6
08/18/2023 17:02:03 - DEBUG - __main__ -   pred: 3
08/18/2023 17:02:03 - DEBUG - __main__ -   label: 2
08/18/2023 17:02:03 - DEBUG - __main__ -   pred: 3
08/18/2023 17:02:03 - DEBUG - __main__ -   label: 1
08/18/2023 17:02:03 - DEBUG - __main__ -   pred: 2
08/18/2023 17:02:03 - DEBUG - __main__ -   label: 3
08/18/2023 17:02:03 - DEBUG - __main__ -   pred: 5
08/18/2023 17:02:03 - DEBUG - __main__ -   label: 4
08/18/2023 17:02:03 - DEBUG - __main__ -   pred: 5
08/18/2023 17:02:03 - DEBUG - __main__ -   label: 3
08/18/2023 17:02:03 - DEBUG - __main__ -   pred: 4
08/18/2023 17:02:03 - DEBUG - __main__ -   label: 5
08/18/2023 17:02:03 - DEBUG - __main__ -   pred: 4
08/18/2023 17:02:03 - DEBUG - __main__ -   label: 2
08/18/2023 17:02:03 - DEBUG - __main__ -   pred: 2
08/18/2023 17:02:03 - DEBUG - __main__ -   label: 2
08/18/2023 17:02:03 - DEBUG - __main__ -   pred: 2
08/18/2023 17:02:03 - DEBUG - __main__ -   label: 4
08/18/2023 17:02:03 - DEBUG - __main__ -   pred: 5
08/18/2023 17:02:03 - DEBUG - __main__ -   label: 2
08/18/2023 17:02:03 - DEBUG - __main__ -   pred: 2
08/18/2023 17:02:03 - DEBUG - __main__ -   label: 2
08/18/2023 17:02:03 - DEBUG - __main__ -   pred: 1
08/18/2023 17:02:03 - DEBUG - __main__ -   label: 2
08/18/2023 17:02:03 - DEBUG - __main__ -   pred: 1
08/18/2023 17:02:03 - DEBUG - __main__ -   label: 1
08/18/2023 17:02:03 - DEBUG - __main__ -   pred: 1
08/18/2023 17:02:03 - DEBUG - __main__ -   label: 1
08/18/2023 17:02:03 - DEBUG - __main__ -   pred: 1
08/18/2023 17:02:03 - DEBUG - __main__ -   label: 2
08/18/2023 17:02:03 - DEBUG - __main__ -   pred: 2
08/18/2023 17:02:03 - DEBUG - __main__ -   label: 1
08/18/2023 17:02:03 - DEBUG - __main__ -   pred: 2
08/18/2023 17:02:03 - DEBUG - __main__ -   label: 1
08/18/2023 17:02:03 - DEBUG - __main__ -   pred: 1
08/18/2023 17:02:03 - DEBUG - __main__ -   label: 2
08/18/2023 17:02:03 - DEBUG - __main__ -   pred: 2
08/18/2023 17:02:03 - DEBUG - __main__ -   label: 2
08/18/2023 17:02:03 - DEBUG - __main__ -   pred: 2
08/18/2023 17:02:03 - DEBUG - __main__ -   label: 2
08/18/2023 17:02:03 - DEBUG - __main__ -   pred: 2
08/18/2023 17:02:03 - DEBUG - __main__ -   label: 2
08/18/2023 17:02:03 - DEBUG - __main__ -   pred: 2
08/18/2023 17:02:03 - DEBUG - __main__ -   label: 2
08/18/2023 17:02:03 - DEBUG - __main__ -   pred: 2
08/18/2023 17:02:03 - DEBUG - __main__ -   label: 2
08/18/2023 17:02:03 - DEBUG - __main__ -   pred: 2
08/18/2023 17:02:03 - DEBUG - __main__ -   label: 6
08/18/2023 17:02:03 - DEBUG - __main__ -   pred: 5
08/18/2023 17:02:03 - DEBUG - __main__ -   label: 6
08/18/2023 17:02:03 - DEBUG - __main__ -   pred: 5
08/18/2023 17:02:03 - DEBUG - __main__ -   label: 5
08/18/2023 17:02:03 - DEBUG - __main__ -   pred: 5
08/18/2023 17:02:03 - DEBUG - __main__ -   label: 5
08/18/2023 17:02:03 - DEBUG - __main__ -   pred: 5
08/18/2023 17:02:03 - DEBUG - __main__ -   label: 5
08/18/2023 17:02:03 - DEBUG - __main__ -   pred: 5
08/18/2023 17:02:03 - DEBUG - __main__ -   label: 6
08/18/2023 17:02:03 - DEBUG - __main__ -   pred: 5
08/18/2023 17:02:03 - DEBUG - __main__ -   label: 2
08/18/2023 17:02:03 - DEBUG - __main__ -   pred: 2
08/18/2023 17:02:03 - DEBUG - __main__ -   label: 2
08/18/2023 17:02:03 - DEBUG - __main__ -   pred: 2
08/18/2023 17:02:03 - DEBUG - __main__ -   label: 1
08/18/2023 17:02:03 - DEBUG - __main__ -   pred: 2
08/18/2023 17:02:03 - DEBUG - __main__ -   label: 1
08/18/2023 17:02:03 - DEBUG - __main__ -   pred: 1
08/18/2023 17:02:03 - DEBUG - __main__ -   label: 1
08/18/2023 17:02:03 - DEBUG - __main__ -   pred: 1
08/18/2023 17:02:03 - DEBUG - __main__ -   label: 1
08/18/2023 17:02:03 - DEBUG - __main__ -   pred: 1
08/18/2023 17:02:03 - DEBUG - __main__ -   label: 2
08/18/2023 17:02:03 - DEBUG - __main__ -   pred: 1
08/18/2023 17:02:03 - DEBUG - __main__ -   label: 2
08/18/2023 17:02:03 - DEBUG - __main__ -   pred: 1
08/18/2023 17:02:03 - DEBUG - __main__ -   label: 1
08/18/2023 17:02:03 - DEBUG - __main__ -   pred: 1
08/18/2023 17:02:03 - DEBUG - __main__ -   label: 1
08/18/2023 17:02:03 - DEBUG - __main__ -   pred: 1
08/18/2023 17:02:03 - DEBUG - __main__ -   label: 2
08/18/2023 17:02:03 - DEBUG - __main__ -   pred: 2
08/18/2023 17:02:03 - DEBUG - __main__ -   label: 2
08/18/2023 17:02:03 - DEBUG - __main__ -   pred: 2
08/18/2023 17:02:03 - DEBUG - __main__ -   label: 2
08/18/2023 17:02:03 - DEBUG - __main__ -   pred: 2
08/18/2023 17:02:03 - DEBUG - __main__ -   label: 2
08/18/2023 17:02:03 - DEBUG - __main__ -   pred: 2
08/18/2023 17:02:03 - DEBUG - __main__ -   label: 5
08/18/2023 17:02:03 - DEBUG - __main__ -   pred: 5
08/18/2023 17:02:03 - DEBUG - __main__ -   label: 5
08/18/2023 17:02:03 - DEBUG - __main__ -   pred: 5
08/18/2023 17:02:03 - DEBUG - __main__ -   label: 4
08/18/2023 17:02:03 - DEBUG - __main__ -   pred: 4
08/18/2023 17:02:03 - DEBUG - __main__ -   label: 5
08/18/2023 17:02:03 - DEBUG - __main__ -   pred: 5
08/18/2023 17:02:03 - DEBUG - __main__ -   label: 5
08/18/2023 17:02:03 - DEBUG - __main__ -   pred: 5
08/18/2023 17:02:03 - DEBUG - __main__ -   label: 5
08/18/2023 17:02:03 - DEBUG - __main__ -   pred: 5
08/18/2023 17:02:03 - DEBUG - __main__ -   label: 3
08/18/2023 17:02:03 - DEBUG - __main__ -   pred: 3
08/18/2023 17:02:03 - DEBUG - __main__ -   label: 5
08/18/2023 17:02:03 - DEBUG - __main__ -   pred: 5
08/18/2023 17:02:03 - DEBUG - __main__ -   label: 5
08/18/2023 17:02:03 - DEBUG - __main__ -   pred: 5
08/18/2023 17:02:03 - DEBUG - __main__ -   label: 4
08/18/2023 17:02:03 - DEBUG - __main__ -   pred: 5
08/18/2023 17:02:03 - DEBUG - __main__ -   label: 2
08/18/2023 17:02:03 - DEBUG - __main__ -   pred: 2
08/18/2023 17:02:03 - DEBUG - __main__ -   label: 4
08/18/2023 17:02:03 - DEBUG - __main__ -   pred: 4
08/18/2023 17:02:03 - DEBUG - __main__ -   label: 5
08/18/2023 17:02:03 - DEBUG - __main__ -   pred: 5
08/18/2023 17:02:03 - DEBUG - __main__ -   label: 2
08/18/2023 17:02:03 - DEBUG - __main__ -   pred: 2
08/18/2023 17:02:03 - DEBUG - __main__ -   label: 3
08/18/2023 17:02:03 - DEBUG - __main__ -   pred: 2
08/18/2023 17:02:03 - DEBUG - __main__ -   label: 3
08/18/2023 17:02:03 - DEBUG - __main__ -   pred: 2
08/18/2023 17:02:03 - DEBUG - __main__ -   label: 2
08/18/2023 17:02:03 - DEBUG - __main__ -   pred: 2
08/18/2023 17:02:03 - DEBUG - __main__ -   label: 2
08/18/2023 17:02:03 - DEBUG - __main__ -   pred: 2
08/18/2023 17:02:03 - DEBUG - __main__ -   label: 3
08/18/2023 17:02:03 - DEBUG - __main__ -   pred: 2
08/18/2023 17:02:03 - DEBUG - __main__ -   label: 2
08/18/2023 17:02:03 - DEBUG - __main__ -   pred: 1
08/18/2023 17:02:03 - DEBUG - __main__ -   label: 2
08/18/2023 17:02:03 - DEBUG - __main__ -   pred: 2
08/18/2023 17:02:03 - DEBUG - __main__ -   label: 2
08/18/2023 17:02:03 - DEBUG - __main__ -   pred: 2
08/18/2023 17:02:03 - DEBUG - __main__ -   label: 2
08/18/2023 17:02:03 - DEBUG - __main__ -   pred: 2
08/18/2023 17:02:03 - DEBUG - __main__ -   label: 2
08/18/2023 17:02:03 - DEBUG - __main__ -   pred: 2
08/18/2023 17:02:03 - DEBUG - __main__ -   label: 1
08/18/2023 17:02:03 - DEBUG - __main__ -   pred: 2
08/18/2023 17:02:03 - DEBUG - __main__ -   label: 2
08/18/2023 17:02:03 - DEBUG - __main__ -   pred: 2
08/18/2023 17:02:03 - DEBUG - __main__ -   label: 2
08/18/2023 17:02:03 - DEBUG - __main__ -   pred: 1
08/18/2023 17:02:03 - DEBUG - __main__ -   label: 2
08/18/2023 17:02:03 - DEBUG - __main__ -   pred: 1
08/18/2023 17:02:03 - DEBUG - __main__ -   label: 1
08/18/2023 17:02:03 - DEBUG - __main__ -   pred: 2
08/18/2023 17:02:03 - DEBUG - __main__ -   label: 3
08/18/2023 17:02:03 - DEBUG - __main__ -   pred: 2
08/18/2023 17:02:03 - DEBUG - __main__ -   label: 2
08/18/2023 17:02:03 - DEBUG - __main__ -   pred: 2
08/18/2023 17:02:03 - DEBUG - __main__ -   label: 1
08/18/2023 17:02:03 - DEBUG - __main__ -   pred: 2
08/18/2023 17:02:03 - DEBUG - __main__ -   label: 1
08/18/2023 17:02:03 - DEBUG - __main__ -   pred: 2
08/18/2023 17:02:03 - DEBUG - __main__ -   label: 2
08/18/2023 17:02:03 - DEBUG - __main__ -   pred: 2
08/18/2023 17:02:03 - DEBUG - __main__ -   label: 4
08/18/2023 17:02:03 - DEBUG - __main__ -   pred: 3
08/18/2023 17:02:03 - DEBUG - __main__ -   label: 5
08/18/2023 17:02:03 - DEBUG - __main__ -   pred: 5
08/18/2023 17:02:03 - DEBUG - __main__ -   label: 5
08/18/2023 17:02:03 - DEBUG - __main__ -   pred: 5
08/18/2023 17:02:03 - DEBUG - __main__ -   label: 6
08/18/2023 17:02:03 - DEBUG - __main__ -   pred: 5
08/18/2023 17:02:03 - DEBUG - __main__ -   label: 4
08/18/2023 17:02:03 - DEBUG - __main__ -   pred: 4
08/18/2023 17:02:03 - DEBUG - __main__ -   label: 5
08/18/2023 17:02:03 - DEBUG - __main__ -   pred: 4
08/18/2023 17:02:03 - DEBUG - __main__ -   label: 4
08/18/2023 17:02:03 - DEBUG - __main__ -   pred: 5
08/18/2023 17:02:03 - DEBUG - __main__ -   label: 5
08/18/2023 17:02:03 - DEBUG - __main__ -   pred: 5
08/18/2023 17:02:03 - DEBUG - __main__ -   label: 3
08/18/2023 17:02:03 - DEBUG - __main__ -   pred: 3
08/18/2023 17:02:03 - DEBUG - __main__ -   label: 5
08/18/2023 17:02:03 - DEBUG - __main__ -   pred: 5
08/18/2023 17:02:03 - DEBUG - __main__ -   label: 6
08/18/2023 17:02:03 - DEBUG - __main__ -   pred: 5
08/18/2023 17:02:03 - DEBUG - __main__ -   label: 2
08/18/2023 17:02:03 - DEBUG - __main__ -   pred: 2
08/18/2023 17:02:03 - DEBUG - __main__ -   label: 2
08/18/2023 17:02:03 - DEBUG - __main__ -   pred: 2
08/18/2023 17:02:03 - DEBUG - __main__ -   label: 2
08/18/2023 17:02:03 - DEBUG - __main__ -   pred: 1
08/18/2023 17:02:03 - DEBUG - __main__ -   label: 2
08/18/2023 17:02:03 - DEBUG - __main__ -   pred: 1
08/18/2023 17:02:03 - DEBUG - __main__ -   label: 3
08/18/2023 17:02:03 - DEBUG - __main__ -   pred: 2
08/18/2023 17:02:03 - DEBUG - __main__ -   label: 2
08/18/2023 17:02:03 - DEBUG - __main__ -   pred: 1
08/18/2023 17:02:03 - DEBUG - __main__ -   label: 3
08/18/2023 17:02:03 - DEBUG - __main__ -   pred: 1
08/18/2023 17:02:03 - DEBUG - __main__ -   label: 3
08/18/2023 17:02:03 - DEBUG - __main__ -   pred: 1
08/18/2023 17:02:03 - DEBUG - __main__ -   label: 3
08/18/2023 17:02:03 - DEBUG - __main__ -   pred: 1
08/18/2023 17:02:03 - DEBUG - __main__ -   label: 3
08/18/2023 17:02:03 - DEBUG - __main__ -   pred: 2
08/18/2023 17:02:03 - DEBUG - __main__ -   label: 3
08/18/2023 17:02:03 - DEBUG - __main__ -   pred: 1
08/18/2023 17:02:03 - DEBUG - __main__ -   label: 3
08/18/2023 17:02:03 - DEBUG - __main__ -   pred: 1
08/18/2023 17:02:03 - DEBUG - __main__ -   label: 2
08/18/2023 17:02:03 - DEBUG - __main__ -   pred: 1
08/18/2023 17:02:03 - DEBUG - __main__ -   label: 3
08/18/2023 17:02:03 - DEBUG - __main__ -   pred: 1
08/18/2023 17:02:03 - DEBUG - __main__ -   label: 3
08/18/2023 17:02:03 - DEBUG - __main__ -   pred: 1
08/18/2023 17:02:03 - DEBUG - __main__ -   label: 2
08/18/2023 17:02:03 - DEBUG - __main__ -   pred: 2
08/18/2023 17:02:03 - DEBUG - __main__ -   label: 3
08/18/2023 17:02:03 - DEBUG - __main__ -   pred: 2
08/18/2023 17:02:03 - DEBUG - __main__ -   label: 2
08/18/2023 17:02:03 - DEBUG - __main__ -   pred: 1
08/18/2023 17:02:03 - DEBUG - __main__ -   label: 3
08/18/2023 17:02:03 - DEBUG - __main__ -   pred: 1
08/18/2023 17:02:03 - DEBUG - __main__ -   label: 3
08/18/2023 17:02:03 - DEBUG - __main__ -   pred: 2
08/18/2023 17:02:03 - DEBUG - __main__ -   label: 2
08/18/2023 17:02:03 - DEBUG - __main__ -   pred: 2
08/18/2023 17:02:03 - DEBUG - __main__ -   label: 3
08/18/2023 17:02:03 - DEBUG - __main__ -   pred: 2
08/18/2023 17:02:03 - DEBUG - __main__ -   label: 6
08/18/2023 17:02:03 - DEBUG - __main__ -   pred: 5
08/18/2023 17:02:03 - DEBUG - __main__ -   label: 5
08/18/2023 17:02:03 - DEBUG - __main__ -   pred: 5
08/18/2023 17:02:03 - DEBUG - __main__ -   label: 5
08/18/2023 17:02:03 - DEBUG - __main__ -   pred: 5
08/18/2023 17:02:03 - DEBUG - __main__ -   label: 5
08/18/2023 17:02:03 - DEBUG - __main__ -   pred: 4
08/18/2023 17:02:03 - DEBUG - __main__ -   label: 4
08/18/2023 17:02:03 - DEBUG - __main__ -   pred: 5
08/18/2023 17:02:03 - DEBUG - __main__ -   label: 6
08/18/2023 17:02:03 - DEBUG - __main__ -   pred: 5
08/18/2023 17:02:03 - DEBUG - __main__ -   label: 6
08/18/2023 17:02:03 - DEBUG - __main__ -   pred: 5
08/18/2023 17:02:03 - DEBUG - __main__ -   label: 5
08/18/2023 17:02:03 - DEBUG - __main__ -   pred: 5
08/18/2023 17:02:03 - DEBUG - __main__ -   label: 2
08/18/2023 17:02:03 - DEBUG - __main__ -   pred: 2
08/18/2023 17:02:03 - DEBUG - __main__ -   label: 3
08/18/2023 17:02:03 - DEBUG - __main__ -   pred: 2
08/18/2023 17:02:03 - DEBUG - __main__ -   label: 3
08/18/2023 17:02:03 - DEBUG - __main__ -   pred: 2
08/18/2023 17:02:03 - DEBUG - __main__ -   label: 1
08/18/2023 17:02:03 - DEBUG - __main__ -   pred: 2
08/18/2023 17:02:03 - DEBUG - __main__ -   label: 2
08/18/2023 17:02:03 - DEBUG - __main__ -   pred: 2
08/18/2023 17:02:03 - DEBUG - __main__ -   label: 3
08/18/2023 17:02:03 - DEBUG - __main__ -   pred: 2
08/18/2023 17:02:03 - DEBUG - __main__ -   label: 2
08/18/2023 17:02:03 - DEBUG - __main__ -   pred: 2
08/18/2023 17:02:03 - DEBUG - __main__ -   label: 2
08/18/2023 17:02:03 - DEBUG - __main__ -   pred: 2
08/18/2023 17:02:03 - DEBUG - __main__ -   label: 1
08/18/2023 17:02:03 - DEBUG - __main__ -   pred: 2
08/18/2023 17:02:03 - DEBUG - __main__ -   label: 2
08/18/2023 17:02:03 - DEBUG - __main__ -   pred: 2
08/18/2023 17:02:03 - DEBUG - __main__ -   label: 2
08/18/2023 17:02:03 - DEBUG - __main__ -   pred: 2
08/18/2023 17:02:03 - DEBUG - __main__ -   label: 3
08/18/2023 17:02:03 - DEBUG - __main__ -   pred: 2
08/18/2023 17:02:03 - DEBUG - __main__ -   label: 2
08/18/2023 17:02:03 - DEBUG - __main__ -   pred: 2
08/18/2023 17:02:03 - DEBUG - __main__ -   label: 2
08/18/2023 17:02:03 - DEBUG - __main__ -   pred: 3
08/18/2023 17:02:03 - DEBUG - __main__ -   label: 5
08/18/2023 17:02:03 - DEBUG - __main__ -   pred: 4
08/18/2023 17:02:03 - DEBUG - __main__ -   label: 3
08/18/2023 17:02:03 - DEBUG - __main__ -   pred: 4
08/18/2023 17:02:03 - DEBUG - __main__ -   label: 5
08/18/2023 17:02:03 - DEBUG - __main__ -   pred: 5
08/18/2023 17:02:03 - DEBUG - __main__ -   label: 5
08/18/2023 17:02:03 - DEBUG - __main__ -   pred: 4
08/18/2023 17:02:03 - DEBUG - __main__ -   label: 4
08/18/2023 17:02:03 - DEBUG - __main__ -   pred: 4
08/18/2023 17:02:03 - DEBUG - __main__ -   label: 4
08/18/2023 17:02:03 - DEBUG - __main__ -   pred: 4
08/18/2023 17:02:03 - DEBUG - __main__ -   label: 5
08/18/2023 17:02:03 - DEBUG - __main__ -   pred: 5
08/18/2023 17:02:03 - DEBUG - __main__ -   label: 6
08/18/2023 17:02:03 - DEBUG - __main__ -   pred: 5
08/18/2023 17:02:03 - DEBUG - __main__ -   label: 5
08/18/2023 17:02:03 - DEBUG - __main__ -   pred: 4
08/18/2023 17:02:03 - DEBUG - __main__ -   label: 3
08/18/2023 17:02:03 - DEBUG - __main__ -   pred: 3
08/18/2023 17:02:03 - DEBUG - __main__ -   label: 5
08/18/2023 17:02:03 - DEBUG - __main__ -   pred: 5
08/18/2023 17:02:03 - DEBUG - __main__ -   label: 4
08/18/2023 17:02:03 - DEBUG - __main__ -   pred: 4
08/18/2023 17:02:03 - DEBUG - __main__ -   label: 6
08/18/2023 17:02:03 - DEBUG - __main__ -   pred: 5
08/18/2023 17:02:03 - DEBUG - __main__ -   label: 4
08/18/2023 17:02:03 - DEBUG - __main__ -   pred: 4
08/18/2023 17:02:03 - DEBUG - __main__ -   label: 5
08/18/2023 17:02:03 - DEBUG - __main__ -   pred: 4
08/18/2023 17:02:03 - DEBUG - __main__ -   label: 4
08/18/2023 17:02:03 - DEBUG - __main__ -   pred: 5
08/18/2023 17:02:03 - DEBUG - __main__ -   label: 4
08/18/2023 17:02:03 - DEBUG - __main__ -   pred: 5
08/18/2023 17:02:03 - DEBUG - __main__ -   label: 3
08/18/2023 17:02:03 - DEBUG - __main__ -   pred: 4
08/18/2023 17:02:03 - DEBUG - __main__ -   label: 4
08/18/2023 17:02:03 - DEBUG - __main__ -   pred: 4
08/18/2023 17:02:03 - DEBUG - __main__ -   label: 5
08/18/2023 17:02:03 - DEBUG - __main__ -   pred: 4
08/18/2023 17:02:03 - DEBUG - __main__ -   label: 4
08/18/2023 17:02:03 - DEBUG - __main__ -   pred: 4
08/18/2023 17:02:03 - DEBUG - __main__ -   label: 3
08/18/2023 17:02:03 - DEBUG - __main__ -   pred: 3
08/18/2023 17:02:03 - DEBUG - __main__ -   label: 4
08/18/2023 17:02:03 - DEBUG - __main__ -   pred: 4
08/18/2023 17:02:03 - DEBUG - __main__ -   label: 5
08/18/2023 17:02:03 - DEBUG - __main__ -   pred: 5
08/18/2023 17:02:03 - DEBUG - __main__ -   label: 6
08/18/2023 17:02:03 - DEBUG - __main__ -   pred: 5
08/18/2023 17:02:03 - DEBUG - __main__ -   label: 4
08/18/2023 17:02:03 - DEBUG - __main__ -   pred: 5
08/18/2023 17:02:03 - DEBUG - __main__ -   label: 5
08/18/2023 17:02:03 - DEBUG - __main__ -   pred: 5
08/18/2023 17:02:03 - DEBUG - __main__ -   label: 5
08/18/2023 17:02:03 - DEBUG - __main__ -   pred: 5
08/18/2023 17:02:03 - DEBUG - __main__ -   label: 6
08/18/2023 17:02:03 - DEBUG - __main__ -   pred: 5
08/18/2023 17:02:03 - DEBUG - __main__ -   label: 4
08/18/2023 17:02:03 - DEBUG - __main__ -   pred: 4
08/18/2023 17:02:03 - DEBUG - __main__ -   label: 2
08/18/2023 17:02:03 - DEBUG - __main__ -   pred: 2
08/18/2023 17:02:03 - DEBUG - __main__ -   label: 2
08/18/2023 17:02:03 - DEBUG - __main__ -   pred: 2
08/18/2023 17:02:03 - DEBUG - __main__ -   label: 3
08/18/2023 17:02:03 - DEBUG - __main__ -   pred: 2
08/18/2023 17:02:03 - DEBUG - __main__ -   label: 2
08/18/2023 17:02:03 - DEBUG - __main__ -   pred: 2
08/18/2023 17:02:03 - DEBUG - __main__ -   label: 2
08/18/2023 17:02:03 - DEBUG - __main__ -   pred: 2
08/18/2023 17:02:03 - DEBUG - __main__ -   label: 3
08/18/2023 17:02:03 - DEBUG - __main__ -   pred: 2
08/18/2023 17:02:03 - DEBUG - __main__ -   label: 3
08/18/2023 17:02:03 - DEBUG - __main__ -   pred: 2
08/18/2023 17:02:03 - DEBUG - __main__ -   label: 2
08/18/2023 17:02:03 - DEBUG - __main__ -   pred: 1
08/18/2023 17:02:03 - DEBUG - __main__ -   label: 2
08/18/2023 17:02:03 - DEBUG - __main__ -   pred: 1
08/18/2023 17:02:03 - DEBUG - __main__ -   label: 2
08/18/2023 17:02:03 - DEBUG - __main__ -   pred: 1
08/18/2023 17:02:03 - DEBUG - __main__ -   label: 3
08/18/2023 17:02:03 - DEBUG - __main__ -   pred: 1
08/18/2023 17:02:03 - DEBUG - __main__ -   label: 3
08/18/2023 17:02:03 - DEBUG - __main__ -   pred: 1
08/18/2023 17:02:03 - DEBUG - __main__ -   label: 3
08/18/2023 17:02:03 - DEBUG - __main__ -   pred: 1
08/18/2023 17:02:03 - DEBUG - __main__ -   label: 2
08/18/2023 17:02:03 - DEBUG - __main__ -   pred: 2
08/18/2023 17:02:03 - DEBUG - __main__ -   label: 4
08/18/2023 17:02:03 - DEBUG - __main__ -   pred: 5
08/18/2023 17:02:03 - DEBUG - __main__ -   label: 4
08/18/2023 17:02:03 - DEBUG - __main__ -   pred: 5
08/18/2023 17:02:03 - DEBUG - __main__ -   label: 4
08/18/2023 17:02:03 - DEBUG - __main__ -   pred: 5
08/18/2023 17:02:03 - DEBUG - __main__ -   label: 3
08/18/2023 17:02:03 - DEBUG - __main__ -   pred: 5
08/18/2023 17:02:03 - DEBUG - __main__ -   label: 1
08/18/2023 17:02:03 - DEBUG - __main__ -   pred: 2
08/18/2023 17:02:03 - DEBUG - __main__ -   label: 1
08/18/2023 17:02:03 - DEBUG - __main__ -   pred: 2
08/18/2023 17:02:03 - DEBUG - __main__ -   label: 2
08/18/2023 17:02:03 - DEBUG - __main__ -   pred: 1
08/18/2023 17:02:03 - DEBUG - __main__ -   label: 1
08/18/2023 17:02:03 - DEBUG - __main__ -   pred: 1
08/18/2023 17:02:03 - DEBUG - __main__ -   label: 1
08/18/2023 17:02:03 - DEBUG - __main__ -   pred: 1
08/18/2023 17:02:03 - DEBUG - __main__ -   label: 1
08/18/2023 17:02:03 - DEBUG - __main__ -   pred: 2
08/18/2023 17:02:03 - DEBUG - __main__ -   label: 2
08/18/2023 17:02:03 - DEBUG - __main__ -   pred: 1
08/18/2023 17:02:03 - DEBUG - __main__ -   label: 2
08/18/2023 17:02:03 - DEBUG - __main__ -   pred: 2
08/18/2023 17:02:03 - DEBUG - __main__ -   label: 4
08/18/2023 17:02:03 - DEBUG - __main__ -   pred: 4
08/18/2023 17:02:03 - DEBUG - __main__ -   label: 4
08/18/2023 17:02:03 - DEBUG - __main__ -   pred: 5
08/18/2023 17:02:03 - DEBUG - __main__ -   label: 4
08/18/2023 17:02:03 - DEBUG - __main__ -   pred: 5
08/18/2023 17:02:03 - DEBUG - __main__ -   label: 4
08/18/2023 17:02:03 - DEBUG - __main__ -   pred: 5
08/18/2023 17:02:03 - DEBUG - __main__ -   label: 2
08/18/2023 17:02:03 - DEBUG - __main__ -   pred: 2
08/18/2023 17:02:03 - DEBUG - __main__ -   label: 1
08/18/2023 17:02:03 - DEBUG - __main__ -   pred: 2
08/18/2023 17:02:03 - DEBUG - __main__ -   label: 2
08/18/2023 17:02:03 - DEBUG - __main__ -   pred: 2
08/18/2023 17:02:03 - DEBUG - __main__ -   label: 1
08/18/2023 17:02:03 - DEBUG - __main__ -   pred: 2
08/18/2023 17:02:03 - DEBUG - __main__ -   label: 2
08/18/2023 17:02:03 - DEBUG - __main__ -   pred: 2
08/18/2023 17:02:03 - DEBUG - __main__ -   label: 0
08/18/2023 17:02:03 - DEBUG - __main__ -   pred: 1
08/18/2023 17:02:03 - DEBUG - __main__ -   label: 2
08/18/2023 17:02:03 - DEBUG - __main__ -   pred: 2
08/18/2023 17:02:03 - DEBUG - __main__ -   label: 0
08/18/2023 17:02:03 - DEBUG - __main__ -   pred: 1
08/18/2023 17:02:03 - DEBUG - __main__ -   label: 1
08/18/2023 17:02:03 - DEBUG - __main__ -   pred: 2
08/18/2023 17:02:03 - DEBUG - __main__ -   label: 1
08/18/2023 17:02:03 - DEBUG - __main__ -   pred: 1
08/18/2023 17:02:03 - DEBUG - __main__ -   label: 1
08/18/2023 17:02:03 - DEBUG - __main__ -   pred: 1
08/18/2023 17:02:03 - DEBUG - __main__ -   label: 1
08/18/2023 17:02:03 - DEBUG - __main__ -   pred: 1
08/18/2023 17:02:03 - DEBUG - __main__ -   label: 2
08/18/2023 17:02:03 - DEBUG - __main__ -   pred: 2
08/18/2023 17:02:03 - DEBUG - __main__ -   label: 1
08/18/2023 17:02:03 - DEBUG - __main__ -   pred: 1
08/18/2023 17:02:03 - DEBUG - __main__ -   label: 1
08/18/2023 17:02:03 - DEBUG - __main__ -   pred: 1
08/18/2023 17:02:03 - DEBUG - __main__ -   label: 1
08/18/2023 17:02:03 - DEBUG - __main__ -   pred: 1
08/18/2023 17:02:03 - DEBUG - __main__ -   label: 1
08/18/2023 17:02:03 - DEBUG - __main__ -   pred: 2
08/18/2023 17:02:03 - DEBUG - __main__ -   label: 1
08/18/2023 17:02:03 - DEBUG - __main__ -   pred: 2
08/18/2023 17:02:03 - DEBUG - __main__ -   label: 2
08/18/2023 17:02:03 - DEBUG - __main__ -   pred: 2
08/18/2023 17:02:03 - DEBUG - __main__ -   label: 4
08/18/2023 17:02:03 - DEBUG - __main__ -   pred: 4
08/18/2023 17:02:03 - DEBUG - __main__ -   label: 3
08/18/2023 17:02:03 - DEBUG - __main__ -   pred: 3
08/18/2023 17:02:03 - DEBUG - __main__ -   label: 3
08/18/2023 17:02:03 - DEBUG - __main__ -   pred: 3
08/18/2023 17:02:03 - DEBUG - __main__ -   label: 3
08/18/2023 17:02:03 - DEBUG - __main__ -   pred: 3
08/18/2023 17:02:03 - DEBUG - __main__ -   label: 4
08/18/2023 17:02:03 - DEBUG - __main__ -   pred: 4
08/18/2023 17:02:03 - DEBUG - __main__ -   label: 5
08/18/2023 17:02:03 - DEBUG - __main__ -   pred: 5
08/18/2023 17:02:03 - DEBUG - __main__ -   label: 3
08/18/2023 17:02:03 - DEBUG - __main__ -   pred: 3
08/18/2023 17:02:03 - DEBUG - __main__ -   label: 3
08/18/2023 17:02:03 - DEBUG - __main__ -   pred: 3
08/18/2023 17:02:03 - DEBUG - __main__ -   label: 3
08/18/2023 17:02:03 - DEBUG - __main__ -   pred: 3
08/18/2023 17:02:03 - DEBUG - __main__ -   label: 5
08/18/2023 17:02:03 - DEBUG - __main__ -   pred: 5
08/18/2023 17:02:03 - DEBUG - __main__ -   label: 5
08/18/2023 17:02:03 - DEBUG - __main__ -   pred: 5
08/18/2023 17:02:03 - DEBUG - __main__ -   label: 4
08/18/2023 17:02:03 - DEBUG - __main__ -   pred: 4
08/18/2023 17:02:03 - DEBUG - __main__ -   label: 5
08/18/2023 17:02:03 - DEBUG - __main__ -   pred: 5
08/18/2023 17:02:03 - DEBUG - __main__ -   label: 4
08/18/2023 17:02:03 - DEBUG - __main__ -   pred: 4
08/18/2023 17:02:03 - DEBUG - __main__ -   label: 5
08/18/2023 17:02:03 - DEBUG - __main__ -   pred: 5
08/18/2023 17:02:03 - DEBUG - __main__ -   label: 4
08/18/2023 17:02:03 - DEBUG - __main__ -   pred: 5
08/18/2023 17:02:03 - DEBUG - __main__ -   label: 4
08/18/2023 17:02:03 - DEBUG - __main__ -   pred: 5
08/18/2023 17:02:03 - DEBUG - __main__ -   label: 4
08/18/2023 17:02:03 - DEBUG - __main__ -   pred: 5
08/18/2023 17:02:03 - DEBUG - __main__ -   label: 5
08/18/2023 17:02:03 - DEBUG - __main__ -   pred: 4
08/18/2023 17:02:03 - DEBUG - __main__ -   label: 2
08/18/2023 17:02:03 - DEBUG - __main__ -   pred: 2
08/18/2023 17:02:03 - DEBUG - __main__ -   label: 1
08/18/2023 17:02:03 - DEBUG - __main__ -   pred: 2
08/18/2023 17:02:03 - DEBUG - __main__ -   label: 3
08/18/2023 17:02:03 - DEBUG - __main__ -   pred: 2
08/18/2023 17:02:03 - DEBUG - __main__ -   label: 0
08/18/2023 17:02:03 - DEBUG - __main__ -   pred: 2
08/18/2023 17:02:03 - DEBUG - __main__ -   label: 1
08/18/2023 17:02:03 - DEBUG - __main__ -   pred: 1
08/18/2023 17:02:03 - DEBUG - __main__ -   label: 2
08/18/2023 17:02:03 - DEBUG - __main__ -   pred: 2
08/18/2023 17:02:03 - DEBUG - __main__ -   label: 0
08/18/2023 17:02:03 - DEBUG - __main__ -   pred: 2
08/18/2023 17:02:03 - DEBUG - __main__ -   label: 0
08/18/2023 17:02:03 - DEBUG - __main__ -   pred: 2
08/18/2023 17:02:03 - DEBUG - __main__ -   label: 2
08/18/2023 17:02:03 - DEBUG - __main__ -   pred: 2
08/18/2023 17:02:03 - DEBUG - __main__ -   label: 1
08/18/2023 17:02:03 - DEBUG - __main__ -   pred: 1
08/18/2023 17:02:03 - DEBUG - __main__ -   label: 1
08/18/2023 17:02:03 - DEBUG - __main__ -   pred: 1
08/18/2023 17:02:03 - DEBUG - __main__ -   label: 1
08/18/2023 17:02:03 - DEBUG - __main__ -   pred: 1
08/18/2023 17:02:03 - DEBUG - __main__ -   label: 1
08/18/2023 17:02:03 - DEBUG - __main__ -   pred: 2
08/18/2023 17:02:03 - DEBUG - __main__ -   label: 1
08/18/2023 17:02:03 - DEBUG - __main__ -   pred: 2
08/18/2023 17:02:03 - DEBUG - __main__ -   label: 1
08/18/2023 17:02:03 - DEBUG - __main__ -   pred: 1
08/18/2023 17:02:03 - DEBUG - __main__ -   label: 1
08/18/2023 17:02:03 - DEBUG - __main__ -   pred: 1
08/18/2023 17:02:03 - DEBUG - __main__ -   label: 2
08/18/2023 17:02:03 - DEBUG - __main__ -   pred: 2
08/18/2023 17:02:03 - DEBUG - __main__ -   label: 1
08/18/2023 17:02:03 - DEBUG - __main__ -   pred: 2
08/18/2023 17:02:03 - DEBUG - __main__ -   label: 2
08/18/2023 17:02:03 - DEBUG - __main__ -   pred: 2
08/18/2023 17:02:03 - DEBUG - __main__ -   label: 0
08/18/2023 17:02:03 - DEBUG - __main__ -   pred: 1
08/18/2023 17:02:03 - DEBUG - __main__ -   label: 3
08/18/2023 17:02:03 - DEBUG - __main__ -   pred: 4
08/18/2023 17:02:03 - DEBUG - __main__ -   label: 6
08/18/2023 17:02:03 - DEBUG - __main__ -   pred: 5
08/18/2023 17:02:03 - DEBUG - __main__ -   label: 4
08/18/2023 17:02:03 - DEBUG - __main__ -   pred: 5
08/18/2023 17:02:03 - DEBUG - __main__ -   label: 2
08/18/2023 17:02:03 - DEBUG - __main__ -   pred: 3
08/18/2023 17:02:03 - DEBUG - __main__ -   label: 6
08/18/2023 17:02:03 - DEBUG - __main__ -   pred: 5
08/18/2023 17:02:03 - DEBUG - __main__ -   label: 6
08/18/2023 17:02:03 - DEBUG - __main__ -   pred: 5
08/18/2023 17:02:03 - DEBUG - __main__ -   label: 3
08/18/2023 17:02:03 - DEBUG - __main__ -   pred: 4
08/18/2023 17:02:03 - DEBUG - __main__ -   label: 4
08/18/2023 17:02:03 - DEBUG - __main__ -   pred: 4
08/18/2023 17:02:03 - DEBUG - __main__ -   label: 4
08/18/2023 17:02:03 - DEBUG - __main__ -   pred: 5
08/18/2023 17:02:03 - DEBUG - __main__ -   label: 5
08/18/2023 17:02:03 - DEBUG - __main__ -   pred: 5
08/18/2023 17:02:03 - DEBUG - __main__ -   label: 5
08/18/2023 17:02:03 - DEBUG - __main__ -   pred: 5
08/18/2023 17:02:03 - DEBUG - __main__ -   label: 4
08/18/2023 17:02:03 - DEBUG - __main__ -   pred: 5
08/18/2023 17:02:03 - DEBUG - __main__ -   label: 5
08/18/2023 17:02:03 - DEBUG - __main__ -   pred: 5
08/18/2023 17:02:03 - DEBUG - __main__ -   label: 1
08/18/2023 17:02:03 - DEBUG - __main__ -   pred: 1
08/18/2023 17:02:03 - DEBUG - __main__ -   label: 2
08/18/2023 17:02:03 - DEBUG - __main__ -   pred: 1
08/18/2023 17:02:03 - DEBUG - __main__ -   label: 1
08/18/2023 17:02:03 - DEBUG - __main__ -   pred: 2
08/18/2023 17:02:03 - DEBUG - __main__ -   label: 1
08/18/2023 17:02:03 - DEBUG - __main__ -   pred: 1
08/18/2023 17:02:03 - DEBUG - __main__ -   label: 1
08/18/2023 17:02:03 - DEBUG - __main__ -   pred: 2
08/18/2023 17:02:03 - DEBUG - __main__ -   label: 2
08/18/2023 17:02:03 - DEBUG - __main__ -   pred: 1
08/18/2023 17:02:03 - DEBUG - __main__ -   label: 1
08/18/2023 17:02:03 - DEBUG - __main__ -   pred: 1
08/18/2023 17:02:03 - DEBUG - __main__ -   label: 2
08/18/2023 17:02:03 - DEBUG - __main__ -   pred: 2
08/18/2023 17:02:03 - DEBUG - __main__ -   label: 1
08/18/2023 17:02:03 - DEBUG - __main__ -   pred: 1
08/18/2023 17:02:03 - DEBUG - __main__ -   label: 2
08/18/2023 17:02:03 - DEBUG - __main__ -   pred: 3
08/18/2023 17:02:03 - DEBUG - __main__ -   label: 4
08/18/2023 17:02:03 - DEBUG - __main__ -   pred: 5
08/18/2023 17:02:03 - DEBUG - __main__ -   label: 4
08/18/2023 17:02:03 - DEBUG - __main__ -   pred: 4
08/18/2023 17:02:03 - DEBUG - __main__ -   label: 2
08/18/2023 17:02:03 - DEBUG - __main__ -   pred: 3
08/18/2023 17:02:03 - DEBUG - __main__ -   label: 4
08/18/2023 17:02:03 - DEBUG - __main__ -   pred: 5
08/18/2023 17:02:03 - DEBUG - __main__ -   label: 4
08/18/2023 17:02:03 - DEBUG - __main__ -   pred: 5
08/18/2023 17:02:03 - DEBUG - __main__ -   label: 4
08/18/2023 17:02:03 - DEBUG - __main__ -   pred: 3
08/18/2023 17:02:03 - DEBUG - __main__ -   label: 4
08/18/2023 17:02:03 - DEBUG - __main__ -   pred: 4
08/18/2023 17:02:03 - DEBUG - __main__ -   label: 3
08/18/2023 17:02:03 - DEBUG - __main__ -   pred: 2
08/18/2023 17:02:03 - DEBUG - __main__ -   label: 2
08/18/2023 17:02:03 - DEBUG - __main__ -   pred: 2
08/18/2023 17:02:03 - DEBUG - __main__ -   label: 0
08/18/2023 17:02:03 - DEBUG - __main__ -   pred: 2
08/18/2023 17:02:03 - DEBUG - __main__ -   label: 2
08/18/2023 17:02:03 - DEBUG - __main__ -   pred: 2
08/18/2023 17:02:03 - DEBUG - __main__ -   label: 2
08/18/2023 17:02:03 - DEBUG - __main__ -   pred: 2
08/18/2023 17:02:03 - DEBUG - __main__ -   label: 2
08/18/2023 17:02:03 - DEBUG - __main__ -   pred: 2
08/18/2023 17:02:03 - DEBUG - __main__ -   label: 1
08/18/2023 17:02:03 - DEBUG - __main__ -   pred: 1
08/18/2023 17:02:03 - DEBUG - __main__ -   label: 1
08/18/2023 17:02:03 - DEBUG - __main__ -   pred: 1
08/18/2023 17:02:03 - DEBUG - __main__ -   label: 2
08/18/2023 17:02:03 - DEBUG - __main__ -   pred: 1
08/18/2023 17:02:03 - DEBUG - __main__ -   label: 2
08/18/2023 17:02:03 - DEBUG - __main__ -   pred: 1
08/18/2023 17:02:03 - DEBUG - __main__ -   label: 2
08/18/2023 17:02:03 - DEBUG - __main__ -   pred: 1
08/18/2023 17:02:03 - DEBUG - __main__ -   label: 2
08/18/2023 17:02:03 - DEBUG - __main__ -   pred: 2
08/18/2023 17:02:03 - DEBUG - __main__ -   label: 2
08/18/2023 17:02:03 - DEBUG - __main__ -   pred: 2
08/18/2023 17:02:03 - DEBUG - __main__ -   label: 3
08/18/2023 17:02:03 - DEBUG - __main__ -   pred: 4
08/18/2023 17:02:03 - DEBUG - __main__ -   label: 1
08/18/2023 17:02:03 - DEBUG - __main__ -   pred: 2
08/18/2023 17:02:03 - DEBUG - __main__ -   label: 2
08/18/2023 17:02:03 - DEBUG - __main__ -   pred: 2
08/18/2023 17:02:03 - DEBUG - __main__ -   label: 3
08/18/2023 17:02:03 - DEBUG - __main__ -   pred: 3
08/18/2023 17:02:03 - DEBUG - __main__ -   label: 5
08/18/2023 17:02:03 - DEBUG - __main__ -   pred: 5
08/18/2023 17:02:03 - DEBUG - __main__ -   label: 4
08/18/2023 17:02:03 - DEBUG - __main__ -   pred: 5
08/18/2023 17:02:03 - DEBUG - __main__ -   label: 4
08/18/2023 17:02:03 - DEBUG - __main__ -   pred: 4
08/18/2023 17:02:03 - DEBUG - __main__ -   label: 4
08/18/2023 17:02:03 - DEBUG - __main__ -   pred: 3
08/18/2023 17:02:03 - DEBUG - __main__ -   label: 5
08/18/2023 17:02:03 - DEBUG - __main__ -   pred: 4
08/18/2023 17:02:03 - DEBUG - __main__ -   label: 5
08/18/2023 17:02:03 - DEBUG - __main__ -   pred: 5
08/18/2023 17:02:03 - DEBUG - __main__ -   label: 4
08/18/2023 17:02:03 - DEBUG - __main__ -   pred: 4
08/18/2023 17:02:03 - DEBUG - __main__ -   label: 4
08/18/2023 17:02:03 - DEBUG - __main__ -   pred: 5
08/18/2023 17:02:03 - DEBUG - __main__ -   label: 3
08/18/2023 17:02:03 - DEBUG - __main__ -   pred: 3
08/18/2023 17:02:03 - DEBUG - __main__ -   label: 4
08/18/2023 17:02:03 - DEBUG - __main__ -   pred: 4
08/18/2023 17:02:03 - DEBUG - __main__ -   label: 4
08/18/2023 17:02:03 - DEBUG - __main__ -   pred: 5
08/18/2023 17:02:03 - DEBUG - __main__ -   label: 1
08/18/2023 17:02:03 - DEBUG - __main__ -   pred: 2
08/18/2023 17:02:03 - DEBUG - __main__ -   label: 2
08/18/2023 17:02:03 - DEBUG - __main__ -   pred: 2
08/18/2023 17:02:03 - DEBUG - __main__ -   label: 3
08/18/2023 17:02:03 - DEBUG - __main__ -   pred: 2
08/18/2023 17:02:03 - DEBUG - __main__ -   label: 0
08/18/2023 17:02:03 - DEBUG - __main__ -   pred: 1
08/18/2023 17:02:03 - DEBUG - __main__ -   label: 1
08/18/2023 17:02:03 - DEBUG - __main__ -   pred: 1
08/18/2023 17:02:03 - DEBUG - __main__ -   label: 1
08/18/2023 17:02:03 - DEBUG - __main__ -   pred: 2
08/18/2023 17:02:03 - DEBUG - __main__ -   label: 3
08/18/2023 17:02:03 - DEBUG - __main__ -   pred: 1
08/18/2023 17:02:03 - DEBUG - __main__ -   label: 1
08/18/2023 17:02:03 - DEBUG - __main__ -   pred: 1
08/18/2023 17:02:03 - DEBUG - __main__ -   label: 1
08/18/2023 17:02:03 - DEBUG - __main__ -   pred: 1
08/18/2023 17:02:03 - DEBUG - __main__ -   label: 2
08/18/2023 17:02:03 - DEBUG - __main__ -   pred: 1
08/18/2023 17:02:03 - DEBUG - __main__ -   label: 2
08/18/2023 17:02:03 - DEBUG - __main__ -   pred: 1
08/18/2023 17:02:03 - DEBUG - __main__ -   label: 2
08/18/2023 17:02:03 - DEBUG - __main__ -   pred: 1
08/18/2023 17:02:03 - DEBUG - __main__ -   label: 2
08/18/2023 17:02:03 - DEBUG - __main__ -   pred: 2
08/18/2023 17:02:03 - DEBUG - __main__ -   label: 5
08/18/2023 17:02:03 - DEBUG - __main__ -   pred: 5
08/18/2023 17:02:03 - DEBUG - __main__ -   label: 2
08/18/2023 17:02:03 - DEBUG - __main__ -   pred: 2
08/18/2023 17:02:03 - DEBUG - __main__ -   label: 6
08/18/2023 17:02:03 - DEBUG - __main__ -   pred: 5
08/18/2023 17:02:03 - DEBUG - __main__ -   label: 5
08/18/2023 17:02:03 - DEBUG - __main__ -   pred: 5
08/18/2023 17:02:03 - DEBUG - __main__ -   label: 5
08/18/2023 17:02:03 - DEBUG - __main__ -   pred: 5
08/18/2023 17:02:03 - DEBUG - __main__ -   label: 5
08/18/2023 17:02:03 - DEBUG - __main__ -   pred: 5
08/18/2023 17:02:03 - DEBUG - __main__ -   label: 5
08/18/2023 17:02:03 - DEBUG - __main__ -   pred: 4
08/18/2023 17:02:03 - DEBUG - __main__ -   label: 3
08/18/2023 17:02:03 - DEBUG - __main__ -   pred: 3
08/18/2023 17:02:03 - DEBUG - __main__ -   label: 4
08/18/2023 17:02:03 - DEBUG - __main__ -   pred: 3
08/18/2023 17:02:03 - DEBUG - __main__ -   label: 2
08/18/2023 17:02:03 - DEBUG - __main__ -   pred: 2
08/18/2023 17:02:03 - DEBUG - __main__ -   label: 2
08/18/2023 17:02:03 - DEBUG - __main__ -   pred: 2
08/18/2023 17:02:03 - DEBUG - __main__ -   label: 2
08/18/2023 17:02:03 - DEBUG - __main__ -   pred: 2
08/18/2023 17:02:03 - DEBUG - __main__ -   label: 3
08/18/2023 17:02:03 - DEBUG - __main__ -   pred: 1
08/18/2023 17:02:03 - DEBUG - __main__ -   label: 1
08/18/2023 17:02:03 - DEBUG - __main__ -   pred: 1
08/18/2023 17:02:03 - DEBUG - __main__ -   label: 2
08/18/2023 17:02:03 - DEBUG - __main__ -   pred: 2
08/18/2023 17:02:03 - DEBUG - __main__ -   label: 3
08/18/2023 17:02:03 - DEBUG - __main__ -   pred: 2
08/18/2023 17:02:03 - DEBUG - __main__ -   label: 3
08/18/2023 17:02:03 - DEBUG - __main__ -   pred: 1
08/18/2023 17:02:03 - DEBUG - __main__ -   label: 2
08/18/2023 17:02:03 - DEBUG - __main__ -   pred: 1
08/18/2023 17:02:03 - DEBUG - __main__ -   label: 1
08/18/2023 17:02:03 - DEBUG - __main__ -   pred: 1
08/18/2023 17:02:03 - DEBUG - __main__ -   label: 2
08/18/2023 17:02:03 - DEBUG - __main__ -   pred: 2
08/18/2023 17:02:03 - DEBUG - __main__ -   label: 2
08/18/2023 17:02:03 - DEBUG - __main__ -   pred: 2
08/18/2023 17:02:03 - DEBUG - __main__ -   label: 2
08/18/2023 17:02:03 - DEBUG - __main__ -   pred: 2
08/18/2023 17:02:03 - DEBUG - __main__ -   label: 3
08/18/2023 17:02:03 - DEBUG - __main__ -   pred: 2
08/18/2023 17:02:03 - DEBUG - __main__ -   label: 4
08/18/2023 17:02:03 - DEBUG - __main__ -   pred: 4
08/18/2023 17:02:03 - DEBUG - __main__ -   label: 5
08/18/2023 17:02:03 - DEBUG - __main__ -   pred: 5
08/18/2023 17:02:03 - DEBUG - __main__ -   label: 4
08/18/2023 17:02:03 - DEBUG - __main__ -   pred: 5
08/18/2023 17:02:03 - DEBUG - __main__ -   label: 4
08/18/2023 17:02:03 - DEBUG - __main__ -   pred: 4
08/18/2023 17:02:03 - DEBUG - __main__ -   label: 4
08/18/2023 17:02:03 - DEBUG - __main__ -   pred: 5
08/18/2023 17:02:03 - DEBUG - __main__ -   label: 4
08/18/2023 17:02:03 - DEBUG - __main__ -   pred: 4
08/18/2023 17:02:03 - DEBUG - __main__ -   label: 4
08/18/2023 17:02:03 - DEBUG - __main__ -   pred: 3
08/18/2023 17:02:03 - DEBUG - __main__ -   label: 2
08/18/2023 17:02:03 - DEBUG - __main__ -   pred: 2
08/18/2023 17:02:03 - DEBUG - __main__ -   label: 1
08/18/2023 17:02:03 - DEBUG - __main__ -   pred: 2
08/18/2023 17:02:03 - DEBUG - __main__ -   label: 1
08/18/2023 17:02:03 - DEBUG - __main__ -   pred: 1
08/18/2023 17:02:03 - DEBUG - __main__ -   label: 0
08/18/2023 17:02:03 - DEBUG - __main__ -   pred: 1
08/18/2023 17:02:03 - DEBUG - __main__ -   label: 2
08/18/2023 17:02:03 - DEBUG - __main__ -   pred: 2
08/18/2023 17:02:03 - DEBUG - __main__ -   label: 1
08/18/2023 17:02:03 - DEBUG - __main__ -   pred: 1
08/18/2023 17:02:03 - DEBUG - __main__ -   label: 1
08/18/2023 17:02:03 - DEBUG - __main__ -   pred: 1
08/18/2023 17:02:03 - DEBUG - __main__ -   label: 2
08/18/2023 17:02:03 - DEBUG - __main__ -   pred: 2
08/18/2023 17:02:03 - DEBUG - __main__ -   label: 1
08/18/2023 17:02:03 - DEBUG - __main__ -   pred: 1
08/18/2023 17:02:03 - DEBUG - __main__ -   label: 2
08/18/2023 17:02:03 - DEBUG - __main__ -   pred: 2
08/18/2023 17:02:03 - DEBUG - __main__ -   label: 2
08/18/2023 17:02:03 - DEBUG - __main__ -   pred: 2
08/18/2023 17:02:03 - DEBUG - __main__ -   label: 2
08/18/2023 17:02:03 - DEBUG - __main__ -   pred: 1
08/18/2023 17:02:03 - DEBUG - __main__ -   label: 1
08/18/2023 17:02:03 - DEBUG - __main__ -   pred: 2
08/18/2023 17:02:03 - DEBUG - __main__ -   label: 1
08/18/2023 17:02:03 - DEBUG - __main__ -   pred: 1
08/18/2023 17:02:03 - DEBUG - __main__ -   label: 1
08/18/2023 17:02:03 - DEBUG - __main__ -   pred: 1
08/18/2023 17:02:03 - DEBUG - __main__ -   label: 1
08/18/2023 17:02:03 - DEBUG - __main__ -   pred: 1
08/18/2023 17:02:03 - DEBUG - __main__ -   label: 1
08/18/2023 17:02:03 - DEBUG - __main__ -   pred: 1
08/18/2023 17:02:03 - DEBUG - __main__ -   label: 1
08/18/2023 17:02:03 - DEBUG - __main__ -   pred: 1
08/18/2023 17:02:03 - DEBUG - __main__ -   label: 1
08/18/2023 17:02:03 - DEBUG - __main__ -   pred: 1
08/18/2023 17:02:03 - DEBUG - __main__ -   label: 1
08/18/2023 17:02:03 - DEBUG - __main__ -   pred: 1
08/18/2023 17:02:03 - DEBUG - __main__ -   label: 2
08/18/2023 17:02:03 - DEBUG - __main__ -   pred: 1
08/18/2023 17:02:03 - DEBUG - __main__ -   label: 1
08/18/2023 17:02:03 - DEBUG - __main__ -   pred: 2
08/18/2023 17:02:03 - DEBUG - __main__ -   label: 3
08/18/2023 17:02:03 - DEBUG - __main__ -   pred: 4
08/18/2023 17:02:03 - DEBUG - __main__ -   label: 4
08/18/2023 17:02:03 - DEBUG - __main__ -   pred: 5
08/18/2023 17:02:03 - DEBUG - __main__ -   label: 3
08/18/2023 17:02:03 - DEBUG - __main__ -   pred: 3
08/18/2023 17:02:03 - DEBUG - __main__ -   label: 2
08/18/2023 17:02:03 - DEBUG - __main__ -   pred: 2
08/18/2023 17:02:03 - DEBUG - __main__ -   label: 4
08/18/2023 17:02:03 - DEBUG - __main__ -   pred: 4
08/18/2023 17:02:03 - DEBUG - __main__ -   label: 2
08/18/2023 17:02:03 - DEBUG - __main__ -   pred: 1
08/18/2023 17:02:03 - DEBUG - __main__ -   label: 3
08/18/2023 17:02:03 - DEBUG - __main__ -   pred: 2
08/18/2023 17:02:03 - DEBUG - __main__ -   label: 2
08/18/2023 17:02:03 - DEBUG - __main__ -   pred: 2
08/18/2023 17:02:03 - DEBUG - __main__ -   label: 2
08/18/2023 17:02:03 - DEBUG - __main__ -   pred: 1
08/18/2023 17:02:03 - DEBUG - __main__ -   label: 3
08/18/2023 17:02:03 - DEBUG - __main__ -   pred: 5
08/18/2023 17:02:03 - DEBUG - __main__ -   label: 4
08/18/2023 17:02:03 - DEBUG - __main__ -   pred: 5
08/18/2023 17:02:03 - DEBUG - __main__ -   label: 5
08/18/2023 17:02:03 - DEBUG - __main__ -   pred: 5
08/18/2023 17:02:03 - DEBUG - __main__ -   label: 4
08/18/2023 17:02:03 - DEBUG - __main__ -   pred: 5
08/18/2023 17:02:03 - DEBUG - __main__ -   label: 4
08/18/2023 17:02:03 - DEBUG - __main__ -   pred: 3
08/18/2023 17:02:03 - DEBUG - __main__ -   label: 4
08/18/2023 17:02:03 - DEBUG - __main__ -   pred: 5
08/18/2023 17:02:03 - DEBUG - __main__ -   label: 3
08/18/2023 17:02:03 - DEBUG - __main__ -   pred: 3
08/18/2023 17:02:03 - DEBUG - __main__ -   label: 3
08/18/2023 17:02:03 - DEBUG - __main__ -   pred: 3
08/18/2023 17:02:03 - DEBUG - __main__ -   label: 4
08/18/2023 17:02:03 - DEBUG - __main__ -   pred: 5
08/18/2023 17:02:03 - DEBUG - __main__ -   label: 4
08/18/2023 17:02:03 - DEBUG - __main__ -   pred: 4
