******** Training fold 1 ********
08/21/2023 08:43:06 - DEBUG - __main__ -   Processor loaded. CPU mem usage: 0.38G.  Cuda 0: memory acclocated: 0 G.
08/21/2023 08:43:14 - DEBUG - __main__ -   Model loaded. CPU mem usage: 1.99G.  Cuda 0: memory acclocated: 0 G.
Wav2Vec2ForSequenceClassification(
  (wav2vec2): Wav2Vec2Model(
    (feature_extractor): Wav2Vec2FeatureEncoder(
      (conv_layers): ModuleList(
        (0): Wav2Vec2LayerNormConvLayer(
          (conv): Conv1d(1, 512, kernel_size=(10,), stride=(5,))
          (layer_norm): LayerNorm((512,), eps=1e-05, elementwise_affine=True)
          (activation): GELUActivation()
        )
        (1-4): 4 x Wav2Vec2LayerNormConvLayer(
          (conv): Conv1d(512, 512, kernel_size=(3,), stride=(2,))
          (layer_norm): LayerNorm((512,), eps=1e-05, elementwise_affine=True)
          (activation): GELUActivation()
        )
        (5-6): 2 x Wav2Vec2LayerNormConvLayer(
          (conv): Conv1d(512, 512, kernel_size=(2,), stride=(2,))
          (layer_norm): LayerNorm((512,), eps=1e-05, elementwise_affine=True)
          (activation): GELUActivation()
        )
      )
    )
    (feature_projection): Wav2Vec2FeatureProjection(
      (layer_norm): LayerNorm((512,), eps=1e-05, elementwise_affine=True)
      (projection): Linear(in_features=512, out_features=1024, bias=True)
      (dropout): Dropout(p=0.1, inplace=False)
    )
    (encoder): Wav2Vec2EncoderStableLayerNorm(
      (pos_conv_embed): Wav2Vec2PositionalConvEmbedding(
        (conv): Conv1d(1024, 1024, kernel_size=(128,), stride=(1,), padding=(64,), groups=16)
        (padding): Wav2Vec2SamePadLayer()
        (activation): GELUActivation()
      )
      (layer_norm): LayerNorm((1024,), eps=1e-05, elementwise_affine=True)
      (dropout): Dropout(p=0.1, inplace=False)
      (layers): ModuleList(
        (0-23): 24 x Wav2Vec2EncoderLayerStableLayerNorm(
          (attention): Wav2Vec2Attention(
            (k_proj): Linear(in_features=1024, out_features=1024, bias=True)
            (v_proj): Linear(in_features=1024, out_features=1024, bias=True)
            (q_proj): Linear(in_features=1024, out_features=1024, bias=True)
            (out_proj): Linear(in_features=1024, out_features=1024, bias=True)
          )
          (dropout): Dropout(p=0.1, inplace=False)
          (layer_norm): LayerNorm((1024,), eps=1e-05, elementwise_affine=True)
          (feed_forward): Wav2Vec2FeedForward(
            (intermediate_dropout): Dropout(p=0.0, inplace=False)
            (intermediate_dense): Linear(in_features=1024, out_features=4096, bias=True)
            (intermediate_act_fn): GELUActivation()
            (output_dense): Linear(in_features=4096, out_features=1024, bias=True)
            (output_dropout): Dropout(p=0.1, inplace=False)
          )
          (final_layer_norm): LayerNorm((1024,), eps=1e-05, elementwise_affine=True)
        )
      )
    )
  )
  (projector): Linear(in_features=1024, out_features=256, bias=True)
  (classifier): Linear(in_features=256, out_features=7, bias=True)
)
08/21/2023 08:44:04 - DEBUG - __main__ -   Speech loaded. N_train=1580, N_eval=532. CPU mem usage: 6.11G.  Cuda 0: memory acclocated: 0 G.
08/21/2023 08:44:39 - DEBUG - __main__ -   Feature extracted. Duration: 0:00:34 CPU mem usage: 9.15G.  Cuda 0: memory acclocated: 0 G.
08/21/2023 08:45:19 - DEBUG - augmentations.transform -   Training set (N=3160): augmented training data added. Duration: 0:00:40
08/21/2023 08:45:19 - DEBUG - urllib3.connectionpool -   Starting new HTTPS connection (1): s3.amazonaws.com:443
08/21/2023 08:45:20 - DEBUG - urllib3.connectionpool -   https://s3.amazonaws.com:443 "HEAD /datasets.huggingface.co/datasets/metrics/evaluate-metric/precision/evaluate-metric/precision.py HTTP/1.1" 404 0
08/21/2023 08:45:20 - DEBUG - urllib3.connectionpool -   Starting new HTTPS connection (1): huggingface.co:443
08/21/2023 08:45:20 - DEBUG - urllib3.connectionpool -   https://huggingface.co:443 "HEAD /spaces/evaluate-metric/precision/resolve/v0.4.0/precision.py HTTP/1.1" 200 0
08/21/2023 08:45:20 - DEBUG - urllib3.connectionpool -   Starting new HTTPS connection (1): s3.amazonaws.com:443
08/21/2023 08:45:21 - DEBUG - urllib3.connectionpool -   https://s3.amazonaws.com:443 "HEAD /datasets.huggingface.co/datasets/metrics/evaluate-metric/recall/evaluate-metric/recall.py HTTP/1.1" 404 0
08/21/2023 08:45:21 - DEBUG - urllib3.connectionpool -   Starting new HTTPS connection (1): huggingface.co:443
08/21/2023 08:45:21 - DEBUG - urllib3.connectionpool -   https://huggingface.co:443 "HEAD /spaces/evaluate-metric/recall/resolve/v0.4.0/recall.py HTTP/1.1" 200 0
08/21/2023 08:45:21 - DEBUG - urllib3.connectionpool -   Starting new HTTPS connection (1): s3.amazonaws.com:443
08/21/2023 08:45:21 - DEBUG - urllib3.connectionpool -   https://s3.amazonaws.com:443 "HEAD /datasets.huggingface.co/datasets/metrics/evaluate-metric/f1/evaluate-metric/f1.py HTTP/1.1" 404 0
08/21/2023 08:45:21 - DEBUG - urllib3.connectionpool -   Starting new HTTPS connection (1): huggingface.co:443
08/21/2023 08:45:22 - DEBUG - urllib3.connectionpool -   https://huggingface.co:443 "HEAD /spaces/evaluate-metric/f1/resolve/v0.4.0/f1.py HTTP/1.1" 200 0
08/21/2023 08:45:22 - DEBUG - urllib3.connectionpool -   Starting new HTTPS connection (1): s3.amazonaws.com:443
08/21/2023 08:45:22 - DEBUG - urllib3.connectionpool -   https://s3.amazonaws.com:443 "HEAD /datasets.huggingface.co/datasets/metrics/evaluate-metric/spearmanr/evaluate-metric/spearmanr.py HTTP/1.1" 404 0
08/21/2023 08:45:22 - DEBUG - urllib3.connectionpool -   Starting new HTTPS connection (1): huggingface.co:443
08/21/2023 08:45:23 - DEBUG - urllib3.connectionpool -   https://huggingface.co:443 "HEAD /spaces/evaluate-metric/spearmanr/resolve/v0.4.0/spearmanr.py HTTP/1.1" 200 0
08/21/2023 08:45:24 - DEBUG - __main__ -   Training starts now. CPU mem usage: 14.71G.  Cuda 0: memory acclocated: 2 G.
08/21/2023 08:45:24 - DEBUG - helper.classes -   ----------- Starting epoch 1 -----------
{'loss': 1.886, 'learning_rate': 9.49367088607595e-06, 'epoch': 0.32}
{'loss': 1.5097, 'learning_rate': 1.89873417721519e-05, 'epoch': 0.63}
{'loss': 1.2799, 'learning_rate': 2.8481012658227846e-05, 'epoch': 0.95}
08/21/2023 09:28:49 - DEBUG - helper.classes -   Epoch 1.0 completed, Duration: 0:43:24 Mem usage: CPU mem usage: 15.01G.  Cuda 0: memory acclocated: 19 G.
08/21/2023 09:30:44 - DEBUG - fsspec.local -   open file: /home/lunt1/.cache/huggingface/metrics/precision/default/default_experiment-1-0.arrow
08/21/2023 09:30:44 - DEBUG - fsspec.local -   open file: /home/lunt1/.cache/huggingface/metrics/recall/default/default_experiment-1-0.arrow
08/21/2023 09:30:44 - DEBUG - fsspec.local -   open file: /home/lunt1/.cache/huggingface/metrics/f1/default/default_experiment-1-0.arrow
08/21/2023 09:30:44 - DEBUG - fsspec.local -   open file: /home/lunt1/.cache/huggingface/metrics/spearmanr/default/default_experiment-1-0.arrow
08/21/2023 09:30:44 - DEBUG - fsspec.local -   open file: /home/lunt1/.cache/huggingface/metrics/precision/default/default_experiment-1-0.arrow
08/21/2023 09:30:44 - DEBUG - fsspec.local -   open file: /home/lunt1/.cache/huggingface/metrics/recall/default/default_experiment-1-0.arrow
08/21/2023 09:30:44 - DEBUG - fsspec.local -   open file: /home/lunt1/.cache/huggingface/metrics/f1/default/default_experiment-1-0.arrow
{'eval_loss': 1.3661653995513916, 'eval_precision': 0.32799852429126347, 'eval_recall': 0.3101079434320022, 'eval_f1': 0.2588255737924732, 'eval_spearmanr': 0.767656981448137, 'eval_precision_weighted': 0.4439700059675493, 'eval_recall_weighted': 0.40601503759398494, 'eval_f1_weighted': 0.34777873444353924, 'eval_runtime': 115.0633, 'eval_samples_per_second': 4.624, 'eval_steps_per_second': 2.312, 'epoch': 1.0}
08/21/2023 09:30:50 - DEBUG - helper.classes -   ----------- Starting epoch 2.0 -----------
{'loss': 1.232, 'learning_rate': 2.9113924050632914e-05, 'epoch': 1.27}
{'loss': 1.1925, 'learning_rate': 2.805907172995781e-05, 'epoch': 1.58}
{'loss': 1.1678, 'learning_rate': 2.70042194092827e-05, 'epoch': 1.9}
08/21/2023 10:13:44 - DEBUG - helper.classes -   Epoch 2.0 completed, Duration: 0:42:53 Mem usage: CPU mem usage: 14.69G.  Cuda 0: memory acclocated: 24 G.
08/21/2023 10:15:38 - DEBUG - fsspec.local -   open file: /home/lunt1/.cache/huggingface/metrics/precision/default/default_experiment-1-0.arrow
08/21/2023 10:15:38 - DEBUG - fsspec.local -   open file: /home/lunt1/.cache/huggingface/metrics/recall/default/default_experiment-1-0.arrow
08/21/2023 10:15:38 - DEBUG - fsspec.local -   open file: /home/lunt1/.cache/huggingface/metrics/f1/default/default_experiment-1-0.arrow
08/21/2023 10:15:38 - DEBUG - fsspec.local -   open file: /home/lunt1/.cache/huggingface/metrics/spearmanr/default/default_experiment-1-0.arrow
08/21/2023 10:15:38 - DEBUG - fsspec.local -   open file: /home/lunt1/.cache/huggingface/metrics/precision/default/default_experiment-1-0.arrow
08/21/2023 10:15:38 - DEBUG - fsspec.local -   open file: /home/lunt1/.cache/huggingface/metrics/recall/default/default_experiment-1-0.arrow
08/21/2023 10:15:38 - DEBUG - fsspec.local -   open file: /home/lunt1/.cache/huggingface/metrics/f1/default/default_experiment-1-0.arrow
{'eval_loss': 1.4406280517578125, 'eval_precision': 0.29744473546994554, 'eval_recall': 0.33163203743290787, 'eval_f1': 0.2939874205581668, 'eval_spearmanr': 0.7941947530754607, 'eval_precision_weighted': 0.40457841828916574, 'eval_recall_weighted': 0.41353383458646614, 'eval_f1_weighted': 0.3842084730529604, 'eval_runtime': 114.6185, 'eval_samples_per_second': 4.641, 'eval_steps_per_second': 2.321, 'epoch': 2.0}
08/21/2023 10:15:44 - DEBUG - helper.classes -   ----------- Starting epoch 3.0 -----------
{'loss': 1.1519, 'learning_rate': 2.5949367088607594e-05, 'epoch': 2.22}
{'loss': 1.0902, 'learning_rate': 2.489451476793249e-05, 'epoch': 2.53}
{'loss': 1.052, 'learning_rate': 2.3839662447257385e-05, 'epoch': 2.85}
08/21/2023 10:58:34 - DEBUG - helper.classes -   Epoch 3.0 completed, Duration: 0:42:49 Mem usage: CPU mem usage: 14.68G.  Cuda 0: memory acclocated: 24 G.
08/21/2023 11:00:28 - DEBUG - fsspec.local -   open file: /home/lunt1/.cache/huggingface/metrics/precision/default/default_experiment-1-0.arrow
08/21/2023 11:00:28 - DEBUG - fsspec.local -   open file: /home/lunt1/.cache/huggingface/metrics/recall/default/default_experiment-1-0.arrow
08/21/2023 11:00:28 - DEBUG - fsspec.local -   open file: /home/lunt1/.cache/huggingface/metrics/f1/default/default_experiment-1-0.arrow
08/21/2023 11:00:28 - DEBUG - fsspec.local -   open file: /home/lunt1/.cache/huggingface/metrics/spearmanr/default/default_experiment-1-0.arrow
08/21/2023 11:00:28 - DEBUG - fsspec.local -   open file: /home/lunt1/.cache/huggingface/metrics/precision/default/default_experiment-1-0.arrow
08/21/2023 11:00:28 - DEBUG - fsspec.local -   open file: /home/lunt1/.cache/huggingface/metrics/recall/default/default_experiment-1-0.arrow
08/21/2023 11:00:28 - DEBUG - fsspec.local -   open file: /home/lunt1/.cache/huggingface/metrics/f1/default/default_experiment-1-0.arrow
{'eval_loss': 1.654026985168457, 'eval_precision': 0.30148369731654034, 'eval_recall': 0.33123414486026165, 'eval_f1': 0.3077709740588102, 'eval_spearmanr': 0.7994286910496124, 'eval_precision_weighted': 0.4052610216836568, 'eval_recall_weighted': 0.43609022556390975, 'eval_f1_weighted': 0.4099517172376783, 'eval_runtime': 114.5046, 'eval_samples_per_second': 4.646, 'eval_steps_per_second': 2.323, 'epoch': 3.0}
08/21/2023 11:00:34 - DEBUG - helper.classes -   ----------- Starting epoch 4.0 -----------
{'loss': 0.9626, 'learning_rate': 2.278481012658228e-05, 'epoch': 3.16}
{'loss': 0.8992, 'learning_rate': 2.1729957805907173e-05, 'epoch': 3.48}
{'loss': 0.9789, 'learning_rate': 2.067510548523207e-05, 'epoch': 3.8}
08/21/2023 11:43:47 - DEBUG - helper.classes -   Epoch 4.0 completed, Duration: 0:43:13 Mem usage: CPU mem usage: 14.69G.  Cuda 0: memory acclocated: 24 G.
08/21/2023 11:45:42 - DEBUG - fsspec.local -   open file: /home/lunt1/.cache/huggingface/metrics/precision/default/default_experiment-1-0.arrow
08/21/2023 11:45:42 - DEBUG - fsspec.local -   open file: /home/lunt1/.cache/huggingface/metrics/recall/default/default_experiment-1-0.arrow
08/21/2023 11:45:42 - DEBUG - fsspec.local -   open file: /home/lunt1/.cache/huggingface/metrics/f1/default/default_experiment-1-0.arrow
08/21/2023 11:45:42 - DEBUG - fsspec.local -   open file: /home/lunt1/.cache/huggingface/metrics/spearmanr/default/default_experiment-1-0.arrow
08/21/2023 11:45:42 - DEBUG - fsspec.local -   open file: /home/lunt1/.cache/huggingface/metrics/precision/default/default_experiment-1-0.arrow
08/21/2023 11:45:42 - DEBUG - fsspec.local -   open file: /home/lunt1/.cache/huggingface/metrics/recall/default/default_experiment-1-0.arrow
08/21/2023 11:45:42 - DEBUG - fsspec.local -   open file: /home/lunt1/.cache/huggingface/metrics/f1/default/default_experiment-1-0.arrow
{'eval_loss': 2.4001708030700684, 'eval_precision': 0.30252382531989813, 'eval_recall': 0.33711366200538667, 'eval_f1': 0.2997424115013344, 'eval_spearmanr': 0.788324537134455, 'eval_precision_weighted': 0.4090840334042299, 'eval_recall_weighted': 0.4191729323308271, 'eval_f1_weighted': 0.38922664365969334, 'eval_runtime': 114.6642, 'eval_samples_per_second': 4.64, 'eval_steps_per_second': 2.32, 'epoch': 4.0}
08/21/2023 11:45:48 - DEBUG - helper.classes -   ----------- Starting epoch 5.0 -----------
{'loss': 0.9599, 'learning_rate': 1.9620253164556964e-05, 'epoch': 4.11}
{'loss': 0.9202, 'learning_rate': 1.856540084388186e-05, 'epoch': 4.43}
{'loss': 0.9583, 'learning_rate': 1.751054852320675e-05, 'epoch': 4.75}
08/21/2023 12:29:17 - DEBUG - helper.classes -   Epoch 5.0 completed, Duration: 0:43:28 Mem usage: CPU mem usage: 14.69G.  Cuda 0: memory acclocated: 24 G.
08/21/2023 12:31:11 - DEBUG - fsspec.local -   open file: /home/lunt1/.cache/huggingface/metrics/precision/default/default_experiment-1-0.arrow
08/21/2023 12:31:11 - DEBUG - fsspec.local -   open file: /home/lunt1/.cache/huggingface/metrics/recall/default/default_experiment-1-0.arrow
08/21/2023 12:31:11 - DEBUG - fsspec.local -   open file: /home/lunt1/.cache/huggingface/metrics/f1/default/default_experiment-1-0.arrow
08/21/2023 12:31:11 - DEBUG - fsspec.local -   open file: /home/lunt1/.cache/huggingface/metrics/spearmanr/default/default_experiment-1-0.arrow
08/21/2023 12:31:11 - DEBUG - fsspec.local -   open file: /home/lunt1/.cache/huggingface/metrics/precision/default/default_experiment-1-0.arrow
08/21/2023 12:31:11 - DEBUG - fsspec.local -   open file: /home/lunt1/.cache/huggingface/metrics/recall/default/default_experiment-1-0.arrow
08/21/2023 12:31:11 - DEBUG - fsspec.local -   open file: /home/lunt1/.cache/huggingface/metrics/f1/default/default_experiment-1-0.arrow
{'eval_loss': 2.924955129623413, 'eval_precision': 0.32191798349433814, 'eval_recall': 0.33891775439017585, 'eval_f1': 0.3277425935559875, 'eval_spearmanr': 0.7931541611227706, 'eval_precision_weighted': 0.4261043899493472, 'eval_recall_weighted': 0.45112781954887216, 'eval_f1_weighted': 0.43479001477844514, 'eval_runtime': 114.6891, 'eval_samples_per_second': 4.639, 'eval_steps_per_second': 2.319, 'epoch': 5.0}
08/21/2023 12:31:18 - DEBUG - helper.classes -   ----------- Starting epoch 6.0 -----------
{'loss': 0.8151, 'learning_rate': 1.6455696202531644e-05, 'epoch': 5.06}
{'loss': 0.9121, 'learning_rate': 1.540084388185654e-05, 'epoch': 5.38}
{'loss': 0.7911, 'learning_rate': 1.4345991561181435e-05, 'epoch': 5.7}
08/21/2023 13:14:24 - DEBUG - helper.classes -   Epoch 6.0 completed, Duration: 0:43:06 Mem usage: CPU mem usage: 14.69G.  Cuda 0: memory acclocated: 24 G.
08/21/2023 13:16:19 - DEBUG - fsspec.local -   open file: /home/lunt1/.cache/huggingface/metrics/precision/default/default_experiment-1-0.arrow
08/21/2023 13:16:19 - DEBUG - fsspec.local -   open file: /home/lunt1/.cache/huggingface/metrics/recall/default/default_experiment-1-0.arrow
08/21/2023 13:16:19 - DEBUG - fsspec.local -   open file: /home/lunt1/.cache/huggingface/metrics/f1/default/default_experiment-1-0.arrow
08/21/2023 13:16:19 - DEBUG - fsspec.local -   open file: /home/lunt1/.cache/huggingface/metrics/spearmanr/default/default_experiment-1-0.arrow
08/21/2023 13:16:19 - DEBUG - fsspec.local -   open file: /home/lunt1/.cache/huggingface/metrics/precision/default/default_experiment-1-0.arrow
08/21/2023 13:16:19 - DEBUG - fsspec.local -   open file: /home/lunt1/.cache/huggingface/metrics/recall/default/default_experiment-1-0.arrow
08/21/2023 13:16:19 - DEBUG - fsspec.local -   open file: /home/lunt1/.cache/huggingface/metrics/f1/default/default_experiment-1-0.arrow
{'eval_loss': 3.6724774837493896, 'eval_precision': 0.2938221132951777, 'eval_recall': 0.3250743511600645, 'eval_f1': 0.30129955993833246, 'eval_spearmanr': 0.7868231319857275, 'eval_precision_weighted': 0.39419621981282554, 'eval_recall_weighted': 0.40789473684210525, 'eval_f1_weighted': 0.39210997851157, 'eval_runtime': 114.6147, 'eval_samples_per_second': 4.642, 'eval_steps_per_second': 2.321, 'epoch': 6.0}
08/21/2023 13:16:25 - DEBUG - helper.classes -   ----------- Starting epoch 7.0 -----------
{'loss': 0.7583, 'learning_rate': 1.3291139240506329e-05, 'epoch': 6.01}
{'loss': 0.7103, 'learning_rate': 1.2236286919831224e-05, 'epoch': 6.33}
{'loss': 0.6831, 'learning_rate': 1.1181434599156118e-05, 'epoch': 6.65}
{'loss': 0.7313, 'learning_rate': 1.0126582278481012e-05, 'epoch': 6.96}
08/21/2023 13:59:14 - DEBUG - helper.classes -   Epoch 7.0 completed, Duration: 0:42:48 Mem usage: CPU mem usage: 14.69G.  Cuda 0: memory acclocated: 24 G.
08/21/2023 14:01:09 - DEBUG - fsspec.local -   open file: /home/lunt1/.cache/huggingface/metrics/precision/default/default_experiment-1-0.arrow
08/21/2023 14:01:09 - DEBUG - fsspec.local -   open file: /home/lunt1/.cache/huggingface/metrics/recall/default/default_experiment-1-0.arrow
08/21/2023 14:01:09 - DEBUG - fsspec.local -   open file: /home/lunt1/.cache/huggingface/metrics/f1/default/default_experiment-1-0.arrow
08/21/2023 14:01:09 - DEBUG - fsspec.local -   open file: /home/lunt1/.cache/huggingface/metrics/spearmanr/default/default_experiment-1-0.arrow
08/21/2023 14:01:09 - DEBUG - fsspec.local -   open file: /home/lunt1/.cache/huggingface/metrics/precision/default/default_experiment-1-0.arrow
08/21/2023 14:01:09 - DEBUG - fsspec.local -   open file: /home/lunt1/.cache/huggingface/metrics/recall/default/default_experiment-1-0.arrow
08/21/2023 14:01:09 - DEBUG - fsspec.local -   open file: /home/lunt1/.cache/huggingface/metrics/f1/default/default_experiment-1-0.arrow
{'eval_loss': 4.036141395568848, 'eval_precision': 0.28661794329952894, 'eval_recall': 0.2997774593626979, 'eval_f1': 0.2878782819175526, 'eval_spearmanr': 0.7523867271097959, 'eval_precision_weighted': 0.384390819805874, 'eval_recall_weighted': 0.39849624060150374, 'eval_f1_weighted': 0.38469475252157764, 'eval_runtime': 115.0579, 'eval_samples_per_second': 4.624, 'eval_steps_per_second': 2.312, 'epoch': 7.0}
08/21/2023 14:01:16 - DEBUG - helper.classes -   ----------- Starting epoch 8.0 -----------
{'loss': 0.5977, 'learning_rate': 9.071729957805908e-06, 'epoch': 7.28}
{'loss': 0.6308, 'learning_rate': 8.016877637130802e-06, 'epoch': 7.59}
{'loss': 0.6908, 'learning_rate': 6.9620253164556965e-06, 'epoch': 7.91}
08/21/2023 14:44:26 - DEBUG - helper.classes -   Epoch 8.0 completed, Duration: 0:43:09 Mem usage: CPU mem usage: 14.69G.  Cuda 0: memory acclocated: 24 G.
08/21/2023 14:46:20 - DEBUG - fsspec.local -   open file: /home/lunt1/.cache/huggingface/metrics/precision/default/default_experiment-1-0.arrow
08/21/2023 14:46:20 - DEBUG - fsspec.local -   open file: /home/lunt1/.cache/huggingface/metrics/recall/default/default_experiment-1-0.arrow
08/21/2023 14:46:20 - DEBUG - fsspec.local -   open file: /home/lunt1/.cache/huggingface/metrics/f1/default/default_experiment-1-0.arrow
08/21/2023 14:46:20 - DEBUG - fsspec.local -   open file: /home/lunt1/.cache/huggingface/metrics/spearmanr/default/default_experiment-1-0.arrow
08/21/2023 14:46:20 - DEBUG - fsspec.local -   open file: /home/lunt1/.cache/huggingface/metrics/precision/default/default_experiment-1-0.arrow
08/21/2023 14:46:20 - DEBUG - fsspec.local -   open file: /home/lunt1/.cache/huggingface/metrics/recall/default/default_experiment-1-0.arrow
08/21/2023 14:46:20 - DEBUG - fsspec.local -   open file: /home/lunt1/.cache/huggingface/metrics/f1/default/default_experiment-1-0.arrow
{'eval_loss': 4.14138650894165, 'eval_precision': 0.3046230697086586, 'eval_recall': 0.32265518797203396, 'eval_f1': 0.30849861850637217, 'eval_spearmanr': 0.7757766356072412, 'eval_precision_weighted': 0.4068917709475373, 'eval_recall_weighted': 0.42293233082706766, 'eval_f1_weighted': 0.4085289972645352, 'eval_runtime': 114.6115, 'eval_samples_per_second': 4.642, 'eval_steps_per_second': 2.321, 'epoch': 8.0}
08/21/2023 14:46:27 - DEBUG - helper.classes -   ----------- Starting epoch 9.0 -----------
{'loss': 0.621, 'learning_rate': 5.90717299578059e-06, 'epoch': 8.23}
{'loss': 0.5979, 'learning_rate': 4.852320675105486e-06, 'epoch': 8.54}
{'loss': 0.5304, 'learning_rate': 3.7974683544303802e-06, 'epoch': 8.86}
08/21/2023 15:29:32 - DEBUG - helper.classes -   Epoch 9.0 completed, Duration: 0:43:05 Mem usage: CPU mem usage: 14.69G.  Cuda 0: memory acclocated: 24 G.
08/21/2023 15:31:26 - DEBUG - fsspec.local -   open file: /home/lunt1/.cache/huggingface/metrics/precision/default/default_experiment-1-0.arrow
08/21/2023 15:31:27 - DEBUG - fsspec.local -   open file: /home/lunt1/.cache/huggingface/metrics/recall/default/default_experiment-1-0.arrow
08/21/2023 15:31:27 - DEBUG - fsspec.local -   open file: /home/lunt1/.cache/huggingface/metrics/f1/default/default_experiment-1-0.arrow
08/21/2023 15:31:27 - DEBUG - fsspec.local -   open file: /home/lunt1/.cache/huggingface/metrics/spearmanr/default/default_experiment-1-0.arrow
08/21/2023 15:31:27 - DEBUG - fsspec.local -   open file: /home/lunt1/.cache/huggingface/metrics/precision/default/default_experiment-1-0.arrow
08/21/2023 15:31:27 - DEBUG - fsspec.local -   open file: /home/lunt1/.cache/huggingface/metrics/recall/default/default_experiment-1-0.arrow
08/21/2023 15:31:27 - DEBUG - fsspec.local -   open file: /home/lunt1/.cache/huggingface/metrics/f1/default/default_experiment-1-0.arrow
{'eval_loss': 4.346752643585205, 'eval_precision': 0.28897170548990386, 'eval_recall': 0.298230733008665, 'eval_f1': 0.2864901652441594, 'eval_spearmanr': 0.7485739252878268, 'eval_precision_weighted': 0.3855124541528966, 'eval_recall_weighted': 0.3966165413533835, 'eval_f1_weighted': 0.38187454220861866, 'eval_runtime': 115.1834, 'eval_samples_per_second': 4.619, 'eval_steps_per_second': 2.309, 'epoch': 9.0}
08/21/2023 15:31:33 - DEBUG - helper.classes -   ----------- Starting epoch 10.0 -----------
{'loss': 0.5509, 'learning_rate': 2.7426160337552745e-06, 'epoch': 9.18}
{'loss': 0.5088, 'learning_rate': 1.6877637130801689e-06, 'epoch': 9.49}
{'loss': 0.5297, 'learning_rate': 6.329113924050633e-07, 'epoch': 9.81}
08/21/2023 16:14:44 - DEBUG - helper.classes -   Epoch 10.0 completed, Duration: 0:43:10 Mem usage: CPU mem usage: 14.69G.  Cuda 0: memory acclocated: 24 G.
08/21/2023 16:16:38 - DEBUG - fsspec.local -   open file: /home/lunt1/.cache/huggingface/metrics/precision/default/default_experiment-1-0.arrow
08/21/2023 16:16:38 - DEBUG - fsspec.local -   open file: /home/lunt1/.cache/huggingface/metrics/recall/default/default_experiment-1-0.arrow
08/21/2023 16:16:38 - DEBUG - fsspec.local -   open file: /home/lunt1/.cache/huggingface/metrics/f1/default/default_experiment-1-0.arrow
08/21/2023 16:16:38 - DEBUG - fsspec.local -   open file: /home/lunt1/.cache/huggingface/metrics/spearmanr/default/default_experiment-1-0.arrow
08/21/2023 16:16:38 - DEBUG - fsspec.local -   open file: /home/lunt1/.cache/huggingface/metrics/precision/default/default_experiment-1-0.arrow
08/21/2023 16:16:38 - DEBUG - fsspec.local -   open file: /home/lunt1/.cache/huggingface/metrics/recall/default/default_experiment-1-0.arrow
08/21/2023 16:16:39 - DEBUG - fsspec.local -   open file: /home/lunt1/.cache/huggingface/metrics/f1/default/default_experiment-1-0.arrow
{'eval_loss': 4.367572784423828, 'eval_precision': 0.29980607493213096, 'eval_recall': 0.314981020172494, 'eval_f1': 0.3025153022490889, 'eval_spearmanr': 0.761377792337225, 'eval_precision_weighted': 0.399569103198053, 'eval_recall_weighted': 0.41541353383458646, 'eval_f1_weighted': 0.40133680007135814, 'eval_runtime': 114.7164, 'eval_samples_per_second': 4.638, 'eval_steps_per_second': 2.319, 'epoch': 10.0}
{'train_runtime': 27086.2712, 'train_samples_per_second': 1.167, 'train_steps_per_second': 0.583, 'train_loss': 0.8932255679746217, 'epoch': 10.0}
08/21/2023 16:16:51 - INFO - __main__ -   Training completed. Duration: 7:31:26
08/21/2023 16:18:46 - DEBUG - fsspec.local -   open file: /home/lunt1/.cache/huggingface/metrics/precision/default/default_experiment-1-0.arrow
08/21/2023 16:18:46 - DEBUG - fsspec.local -   open file: /home/lunt1/.cache/huggingface/metrics/recall/default/default_experiment-1-0.arrow
08/21/2023 16:18:46 - DEBUG - fsspec.local -   open file: /home/lunt1/.cache/huggingface/metrics/f1/default/default_experiment-1-0.arrow
08/21/2023 16:18:46 - DEBUG - fsspec.local -   open file: /home/lunt1/.cache/huggingface/metrics/spearmanr/default/default_experiment-1-0.arrow
08/21/2023 16:18:46 - DEBUG - fsspec.local -   open file: /home/lunt1/.cache/huggingface/metrics/precision/default/default_experiment-1-0.arrow
08/21/2023 16:18:46 - DEBUG - fsspec.local -   open file: /home/lunt1/.cache/huggingface/metrics/recall/default/default_experiment-1-0.arrow
08/21/2023 16:18:46 - DEBUG - fsspec.local -   open file: /home/lunt1/.cache/huggingface/metrics/f1/default/default_experiment-1-0.arrow
08/21/2023 16:18:46 - DEBUG - fsspec.local -   open file: /home/lunt1/.cache/huggingface/metrics/precision/default/default_experiment-1-0.arrow
08/21/2023 16:18:46 - DEBUG - fsspec.local -   open file: /home/lunt1/.cache/huggingface/metrics/recall/default/default_experiment-1-0.arrow
08/21/2023 16:18:46 - DEBUG - fsspec.local -   open file: /home/lunt1/.cache/huggingface/metrics/f1/default/default_experiment-1-0.arrow
08/21/2023 16:18:46 - DEBUG - fsspec.local -   open file: /home/lunt1/.cache/huggingface/metrics/spearmanr/default/default_experiment-1-0.arrow
08/21/2023 16:18:46 - DEBUG - fsspec.local -   open file: /home/lunt1/.cache/huggingface/metrics/precision/default/default_experiment-1-0.arrow
08/21/2023 16:18:46 - DEBUG - fsspec.local -   open file: /home/lunt1/.cache/huggingface/metrics/recall/default/default_experiment-1-0.arrow
08/21/2023 16:18:46 - DEBUG - fsspec.local -   open file: /home/lunt1/.cache/huggingface/metrics/f1/default/default_experiment-1-0.arrow
08/21/2023 16:18:46 - DEBUG - __main__ -   label: 4
08/21/2023 16:18:46 - DEBUG - __main__ -   pred: 4
08/21/2023 16:18:46 - DEBUG - __main__ -   label: 3
08/21/2023 16:18:46 - DEBUG - __main__ -   pred: 3
08/21/2023 16:18:46 - DEBUG - __main__ -   label: 5
08/21/2023 16:18:46 - DEBUG - __main__ -   pred: 4
08/21/2023 16:18:46 - DEBUG - __main__ -   label: 4
08/21/2023 16:18:46 - DEBUG - __main__ -   pred: 4
08/21/2023 16:18:46 - DEBUG - __main__ -   label: 3
08/21/2023 16:18:46 - DEBUG - __main__ -   pred: 3
08/21/2023 16:18:46 - DEBUG - __main__ -   label: 3
08/21/2023 16:18:46 - DEBUG - __main__ -   pred: 3
08/21/2023 16:18:46 - DEBUG - __main__ -   label: 5
08/21/2023 16:18:46 - DEBUG - __main__ -   pred: 4
08/21/2023 16:18:46 - DEBUG - __main__ -   label: 5
08/21/2023 16:18:46 - DEBUG - __main__ -   pred: 4
08/21/2023 16:18:46 - DEBUG - __main__ -   label: 3
08/21/2023 16:18:46 - DEBUG - __main__ -   pred: 4
08/21/2023 16:18:46 - DEBUG - __main__ -   label: 4
08/21/2023 16:18:46 - DEBUG - __main__ -   pred: 5
08/21/2023 16:18:46 - DEBUG - __main__ -   label: 2
08/21/2023 16:18:46 - DEBUG - __main__ -   pred: 3
08/21/2023 16:18:46 - DEBUG - __main__ -   label: 2
08/21/2023 16:18:46 - DEBUG - __main__ -   pred: 3
08/21/2023 16:18:46 - DEBUG - __main__ -   label: 2
08/21/2023 16:18:46 - DEBUG - __main__ -   pred: 3
08/21/2023 16:18:46 - DEBUG - __main__ -   label: 2
08/21/2023 16:18:46 - DEBUG - __main__ -   pred: 3
08/21/2023 16:18:46 - DEBUG - __main__ -   label: 2
08/21/2023 16:18:46 - DEBUG - __main__ -   pred: 2
08/21/2023 16:18:46 - DEBUG - __main__ -   label: 4
08/21/2023 16:18:46 - DEBUG - __main__ -   pred: 3
08/21/2023 16:18:46 - DEBUG - __main__ -   label: 2
08/21/2023 16:18:46 - DEBUG - __main__ -   pred: 4
08/21/2023 16:18:46 - DEBUG - __main__ -   label: 3
08/21/2023 16:18:46 - DEBUG - __main__ -   pred: 3
08/21/2023 16:18:46 - DEBUG - __main__ -   label: 2
08/21/2023 16:18:46 - DEBUG - __main__ -   pred: 2
08/21/2023 16:18:46 - DEBUG - __main__ -   label: 4
08/21/2023 16:18:46 - DEBUG - __main__ -   pred: 5
08/21/2023 16:18:46 - DEBUG - __main__ -   label: 4
08/21/2023 16:18:46 - DEBUG - __main__ -   pred: 5
08/21/2023 16:18:46 - DEBUG - __main__ -   label: 4
08/21/2023 16:18:46 - DEBUG - __main__ -   pred: 4
08/21/2023 16:18:46 - DEBUG - __main__ -   label: 6
08/21/2023 16:18:46 - DEBUG - __main__ -   pred: 5
08/21/2023 16:18:46 - DEBUG - __main__ -   label: 3
08/21/2023 16:18:46 - DEBUG - __main__ -   pred: 3
08/21/2023 16:18:46 - DEBUG - __main__ -   label: 4
08/21/2023 16:18:46 - DEBUG - __main__ -   pred: 5
08/21/2023 16:18:46 - DEBUG - __main__ -   label: 6
08/21/2023 16:18:46 - DEBUG - __main__ -   pred: 5
08/21/2023 16:18:46 - DEBUG - __main__ -   label: 5
08/21/2023 16:18:46 - DEBUG - __main__ -   pred: 3
08/21/2023 16:18:46 - DEBUG - __main__ -   label: 4
08/21/2023 16:18:46 - DEBUG - __main__ -   pred: 4
08/21/2023 16:18:46 - DEBUG - __main__ -   label: 3
08/21/2023 16:18:46 - DEBUG - __main__ -   pred: 4
08/21/2023 16:18:46 - DEBUG - __main__ -   label: 5
08/21/2023 16:18:46 - DEBUG - __main__ -   pred: 4
08/21/2023 16:18:46 - DEBUG - __main__ -   label: 5
08/21/2023 16:18:46 - DEBUG - __main__ -   pred: 4
08/21/2023 16:18:46 - DEBUG - __main__ -   label: 5
08/21/2023 16:18:46 - DEBUG - __main__ -   pred: 4
08/21/2023 16:18:46 - DEBUG - __main__ -   label: 3
08/21/2023 16:18:46 - DEBUG - __main__ -   pred: 1
08/21/2023 16:18:46 - DEBUG - __main__ -   label: 3
08/21/2023 16:18:46 - DEBUG - __main__ -   pred: 4
08/21/2023 16:18:46 - DEBUG - __main__ -   label: 3
08/21/2023 16:18:46 - DEBUG - __main__ -   pred: 3
08/21/2023 16:18:46 - DEBUG - __main__ -   label: 1
08/21/2023 16:18:46 - DEBUG - __main__ -   pred: 2
08/21/2023 16:18:46 - DEBUG - __main__ -   label: 4
08/21/2023 16:18:46 - DEBUG - __main__ -   pred: 3
08/21/2023 16:18:46 - DEBUG - __main__ -   label: 5
08/21/2023 16:18:46 - DEBUG - __main__ -   pred: 5
08/21/2023 16:18:46 - DEBUG - __main__ -   label: 6
08/21/2023 16:18:46 - DEBUG - __main__ -   pred: 4
08/21/2023 16:18:46 - DEBUG - __main__ -   label: 4
08/21/2023 16:18:46 - DEBUG - __main__ -   pred: 4
08/21/2023 16:18:46 - DEBUG - __main__ -   label: 6
08/21/2023 16:18:46 - DEBUG - __main__ -   pred: 5
08/21/2023 16:18:46 - DEBUG - __main__ -   label: 5
08/21/2023 16:18:46 - DEBUG - __main__ -   pred: 4
08/21/2023 16:18:46 - DEBUG - __main__ -   label: 6
08/21/2023 16:18:46 - DEBUG - __main__ -   pred: 4
08/21/2023 16:18:46 - DEBUG - __main__ -   label: 5
08/21/2023 16:18:46 - DEBUG - __main__ -   pred: 4
08/21/2023 16:18:46 - DEBUG - __main__ -   label: 5
08/21/2023 16:18:46 - DEBUG - __main__ -   pred: 4
08/21/2023 16:18:46 - DEBUG - __main__ -   label: 4
08/21/2023 16:18:46 - DEBUG - __main__ -   pred: 3
08/21/2023 16:18:46 - DEBUG - __main__ -   label: 5
08/21/2023 16:18:46 - DEBUG - __main__ -   pred: 4
08/21/2023 16:18:46 - DEBUG - __main__ -   label: 1
08/21/2023 16:18:46 - DEBUG - __main__ -   pred: 3
08/21/2023 16:18:46 - DEBUG - __main__ -   label: 2
08/21/2023 16:18:46 - DEBUG - __main__ -   pred: 3
08/21/2023 16:18:46 - DEBUG - __main__ -   label: 4
08/21/2023 16:18:46 - DEBUG - __main__ -   pred: 4
08/21/2023 16:18:46 - DEBUG - __main__ -   label: 5
08/21/2023 16:18:46 - DEBUG - __main__ -   pred: 3
08/21/2023 16:18:46 - DEBUG - __main__ -   label: 4
08/21/2023 16:18:46 - DEBUG - __main__ -   pred: 5
08/21/2023 16:18:46 - DEBUG - __main__ -   label: 2
08/21/2023 16:18:46 - DEBUG - __main__ -   pred: 3
08/21/2023 16:18:46 - DEBUG - __main__ -   label: 3
08/21/2023 16:18:46 - DEBUG - __main__ -   pred: 3
08/21/2023 16:18:46 - DEBUG - __main__ -   label: 4
08/21/2023 16:18:46 - DEBUG - __main__ -   pred: 4
08/21/2023 16:18:46 - DEBUG - __main__ -   label: 5
08/21/2023 16:18:46 - DEBUG - __main__ -   pred: 5
08/21/2023 16:18:46 - DEBUG - __main__ -   label: 5
08/21/2023 16:18:46 - DEBUG - __main__ -   pred: 5
08/21/2023 16:18:46 - DEBUG - __main__ -   label: 5
08/21/2023 16:18:46 - DEBUG - __main__ -   pred: 4
08/21/2023 16:18:46 - DEBUG - __main__ -   label: 4
08/21/2023 16:18:46 - DEBUG - __main__ -   pred: 4
08/21/2023 16:18:46 - DEBUG - __main__ -   label: 3
08/21/2023 16:18:46 - DEBUG - __main__ -   pred: 3
08/21/2023 16:18:46 - DEBUG - __main__ -   label: 4
08/21/2023 16:18:46 - DEBUG - __main__ -   pred: 4
08/21/2023 16:18:46 - DEBUG - __main__ -   label: 4
08/21/2023 16:18:46 - DEBUG - __main__ -   pred: 4
08/21/2023 16:18:46 - DEBUG - __main__ -   label: 4
08/21/2023 16:18:46 - DEBUG - __main__ -   pred: 4
08/21/2023 16:18:46 - DEBUG - __main__ -   label: 4
08/21/2023 16:18:46 - DEBUG - __main__ -   pred: 4
08/21/2023 16:18:46 - DEBUG - __main__ -   label: 3
08/21/2023 16:18:46 - DEBUG - __main__ -   pred: 4
08/21/2023 16:18:46 - DEBUG - __main__ -   label: 5
08/21/2023 16:18:46 - DEBUG - __main__ -   pred: 4
08/21/2023 16:18:46 - DEBUG - __main__ -   label: 3
08/21/2023 16:18:46 - DEBUG - __main__ -   pred: 4
08/21/2023 16:18:46 - DEBUG - __main__ -   label: 2
08/21/2023 16:18:46 - DEBUG - __main__ -   pred: 4
08/21/2023 16:18:46 - DEBUG - __main__ -   label: 5
08/21/2023 16:18:46 - DEBUG - __main__ -   pred: 4
08/21/2023 16:18:46 - DEBUG - __main__ -   label: 3
08/21/2023 16:18:46 - DEBUG - __main__ -   pred: 4
08/21/2023 16:18:46 - DEBUG - __main__ -   label: 5
08/21/2023 16:18:46 - DEBUG - __main__ -   pred: 5
08/21/2023 16:18:46 - DEBUG - __main__ -   label: 5
08/21/2023 16:18:46 - DEBUG - __main__ -   pred: 5
08/21/2023 16:18:46 - DEBUG - __main__ -   label: 4
08/21/2023 16:18:46 - DEBUG - __main__ -   pred: 5
08/21/2023 16:18:46 - DEBUG - __main__ -   label: 3
08/21/2023 16:18:46 - DEBUG - __main__ -   pred: 4
08/21/2023 16:18:46 - DEBUG - __main__ -   label: 3
08/21/2023 16:18:46 - DEBUG - __main__ -   pred: 3
08/21/2023 16:18:46 - DEBUG - __main__ -   label: 2
08/21/2023 16:18:46 - DEBUG - __main__ -   pred: 3
08/21/2023 16:18:46 - DEBUG - __main__ -   label: 2
08/21/2023 16:18:46 - DEBUG - __main__ -   pred: 4
08/21/2023 16:18:46 - DEBUG - __main__ -   label: 2
08/21/2023 16:18:46 - DEBUG - __main__ -   pred: 5
08/21/2023 16:18:46 - DEBUG - __main__ -   label: 3
08/21/2023 16:18:46 - DEBUG - __main__ -   pred: 3
08/21/2023 16:18:46 - DEBUG - __main__ -   label: 3
08/21/2023 16:18:46 - DEBUG - __main__ -   pred: 4
08/21/2023 16:18:46 - DEBUG - __main__ -   label: 5
08/21/2023 16:18:46 - DEBUG - __main__ -   pred: 4
08/21/2023 16:18:46 - DEBUG - __main__ -   label: 6
08/21/2023 16:18:46 - DEBUG - __main__ -   pred: 5
08/21/2023 16:18:46 - DEBUG - __main__ -   label: 4
08/21/2023 16:18:46 - DEBUG - __main__ -   pred: 4
08/21/2023 16:18:46 - DEBUG - __main__ -   label: 2
08/21/2023 16:18:46 - DEBUG - __main__ -   pred: 2
08/21/2023 16:18:46 - DEBUG - __main__ -   label: 3
08/21/2023 16:18:46 - DEBUG - __main__ -   pred: 3
08/21/2023 16:18:46 - DEBUG - __main__ -   label: 5
08/21/2023 16:18:46 - DEBUG - __main__ -   pred: 5
08/21/2023 16:18:46 - DEBUG - __main__ -   label: 4
08/21/2023 16:18:46 - DEBUG - __main__ -   pred: 4
08/21/2023 16:18:46 - DEBUG - __main__ -   label: 3
08/21/2023 16:18:46 - DEBUG - __main__ -   pred: 3
08/21/2023 16:18:46 - DEBUG - __main__ -   label: 2
08/21/2023 16:18:46 - DEBUG - __main__ -   pred: 4
08/21/2023 16:18:46 - DEBUG - __main__ -   label: 5
08/21/2023 16:18:46 - DEBUG - __main__ -   pred: 4
08/21/2023 16:18:46 - DEBUG - __main__ -   label: 3
08/21/2023 16:18:46 - DEBUG - __main__ -   pred: 4
08/21/2023 16:18:46 - DEBUG - __main__ -   label: 2
08/21/2023 16:18:46 - DEBUG - __main__ -   pred: 3
08/21/2023 16:18:46 - DEBUG - __main__ -   label: 3
08/21/2023 16:18:46 - DEBUG - __main__ -   pred: 5
08/21/2023 16:18:46 - DEBUG - __main__ -   label: 5
08/21/2023 16:18:46 - DEBUG - __main__ -   pred: 5
08/21/2023 16:18:46 - DEBUG - __main__ -   label: 4
08/21/2023 16:18:46 - DEBUG - __main__ -   pred: 4
08/21/2023 16:18:46 - DEBUG - __main__ -   label: 5
08/21/2023 16:18:46 - DEBUG - __main__ -   pred: 5
08/21/2023 16:18:46 - DEBUG - __main__ -   label: 3
08/21/2023 16:18:46 - DEBUG - __main__ -   pred: 4
08/21/2023 16:18:46 - DEBUG - __main__ -   label: 3
08/21/2023 16:18:46 - DEBUG - __main__ -   pred: 4
08/21/2023 16:18:46 - DEBUG - __main__ -   label: 4
08/21/2023 16:18:46 - DEBUG - __main__ -   pred: 4
08/21/2023 16:18:46 - DEBUG - __main__ -   label: 3
08/21/2023 16:18:46 - DEBUG - __main__ -   pred: 4
08/21/2023 16:18:46 - DEBUG - __main__ -   label: 3
08/21/2023 16:18:46 - DEBUG - __main__ -   pred: 3
08/21/2023 16:18:46 - DEBUG - __main__ -   label: 3
08/21/2023 16:18:46 - DEBUG - __main__ -   pred: 4
08/21/2023 16:18:46 - DEBUG - __main__ -   label: 4
08/21/2023 16:18:46 - DEBUG - __main__ -   pred: 3
08/21/2023 16:18:46 - DEBUG - __main__ -   label: 3
08/21/2023 16:18:46 - DEBUG - __main__ -   pred: 3
08/21/2023 16:18:46 - DEBUG - __main__ -   label: 5
08/21/2023 16:18:46 - DEBUG - __main__ -   pred: 4
08/21/2023 16:18:46 - DEBUG - __main__ -   label: 5
08/21/2023 16:18:46 - DEBUG - __main__ -   pred: 5
08/21/2023 16:18:46 - DEBUG - __main__ -   label: 4
08/21/2023 16:18:46 - DEBUG - __main__ -   pred: 2
08/21/2023 16:18:46 - DEBUG - __main__ -   label: 2
08/21/2023 16:18:46 - DEBUG - __main__ -   pred: 2
08/21/2023 16:18:46 - DEBUG - __main__ -   label: 5
08/21/2023 16:18:46 - DEBUG - __main__ -   pred: 3
08/21/2023 16:18:46 - DEBUG - __main__ -   label: 4
08/21/2023 16:18:46 - DEBUG - __main__ -   pred: 3
08/21/2023 16:18:46 - DEBUG - __main__ -   label: 5
08/21/2023 16:18:46 - DEBUG - __main__ -   pred: 4
08/21/2023 16:18:46 - DEBUG - __main__ -   label: 6
08/21/2023 16:18:46 - DEBUG - __main__ -   pred: 3
08/21/2023 16:18:46 - DEBUG - __main__ -   label: 5
08/21/2023 16:18:46 - DEBUG - __main__ -   pred: 4
08/21/2023 16:18:46 - DEBUG - __main__ -   label: 2
08/21/2023 16:18:46 - DEBUG - __main__ -   pred: 2
08/21/2023 16:18:46 - DEBUG - __main__ -   label: 2
08/21/2023 16:18:46 - DEBUG - __main__ -   pred: 4
08/21/2023 16:18:46 - DEBUG - __main__ -   label: 3
08/21/2023 16:18:46 - DEBUG - __main__ -   pred: 3
08/21/2023 16:18:46 - DEBUG - __main__ -   label: 4
08/21/2023 16:18:46 - DEBUG - __main__ -   pred: 3
08/21/2023 16:18:46 - DEBUG - __main__ -   label: 3
08/21/2023 16:18:46 - DEBUG - __main__ -   pred: 4
08/21/2023 16:18:46 - DEBUG - __main__ -   label: 4
08/21/2023 16:18:46 - DEBUG - __main__ -   pred: 5
08/21/2023 16:18:46 - DEBUG - __main__ -   label: 4
08/21/2023 16:18:46 - DEBUG - __main__ -   pred: 4
08/21/2023 16:18:46 - DEBUG - __main__ -   label: 6
08/21/2023 16:18:46 - DEBUG - __main__ -   pred: 5
08/21/2023 16:18:46 - DEBUG - __main__ -   label: 2
08/21/2023 16:18:46 - DEBUG - __main__ -   pred: 4
08/21/2023 16:18:46 - DEBUG - __main__ -   label: 3
08/21/2023 16:18:46 - DEBUG - __main__ -   pred: 4
08/21/2023 16:18:46 - DEBUG - __main__ -   label: 4
08/21/2023 16:18:46 - DEBUG - __main__ -   pred: 3
08/21/2023 16:18:46 - DEBUG - __main__ -   label: 2
08/21/2023 16:18:46 - DEBUG - __main__ -   pred: 4
08/21/2023 16:18:46 - DEBUG - __main__ -   label: 4
08/21/2023 16:18:46 - DEBUG - __main__ -   pred: 4
08/21/2023 16:18:46 - DEBUG - __main__ -   label: 3
08/21/2023 16:18:46 - DEBUG - __main__ -   pred: 3
08/21/2023 16:18:46 - DEBUG - __main__ -   label: 3
08/21/2023 16:18:46 - DEBUG - __main__ -   pred: 3
08/21/2023 16:18:46 - DEBUG - __main__ -   label: 3
08/21/2023 16:18:46 - DEBUG - __main__ -   pred: 3
08/21/2023 16:18:46 - DEBUG - __main__ -   label: 5
08/21/2023 16:18:46 - DEBUG - __main__ -   pred: 4
08/21/2023 16:18:46 - DEBUG - __main__ -   label: 4
08/21/2023 16:18:46 - DEBUG - __main__ -   pred: 4
08/21/2023 16:18:46 - DEBUG - __main__ -   label: 5
08/21/2023 16:18:46 - DEBUG - __main__ -   pred: 4
08/21/2023 16:18:46 - DEBUG - __main__ -   label: 4
08/21/2023 16:18:46 - DEBUG - __main__ -   pred: 4
08/21/2023 16:18:46 - DEBUG - __main__ -   label: 4
08/21/2023 16:18:46 - DEBUG - __main__ -   pred: 4
08/21/2023 16:18:46 - DEBUG - __main__ -   label: 5
08/21/2023 16:18:46 - DEBUG - __main__ -   pred: 5
08/21/2023 16:18:46 - DEBUG - __main__ -   label: 5
08/21/2023 16:18:46 - DEBUG - __main__ -   pred: 5
08/21/2023 16:18:46 - DEBUG - __main__ -   label: 3
08/21/2023 16:18:46 - DEBUG - __main__ -   pred: 3
08/21/2023 16:18:46 - DEBUG - __main__ -   label: 3
08/21/2023 16:18:46 - DEBUG - __main__ -   pred: 2
08/21/2023 16:18:46 - DEBUG - __main__ -   label: 5
08/21/2023 16:18:46 - DEBUG - __main__ -   pred: 5
08/21/2023 16:18:46 - DEBUG - __main__ -   label: 1
08/21/2023 16:18:46 - DEBUG - __main__ -   pred: 2
08/21/2023 16:18:46 - DEBUG - __main__ -   label: 3
08/21/2023 16:18:46 - DEBUG - __main__ -   pred: 4
08/21/2023 16:18:46 - DEBUG - __main__ -   label: 6
08/21/2023 16:18:46 - DEBUG - __main__ -   pred: 5
08/21/2023 16:18:46 - DEBUG - __main__ -   label: 3
08/21/2023 16:18:46 - DEBUG - __main__ -   pred: 4
08/21/2023 16:18:46 - DEBUG - __main__ -   label: 3
08/21/2023 16:18:46 - DEBUG - __main__ -   pred: 3
08/21/2023 16:18:46 - DEBUG - __main__ -   label: 2
08/21/2023 16:18:46 - DEBUG - __main__ -   pred: 2
08/21/2023 16:18:46 - DEBUG - __main__ -   label: 3
08/21/2023 16:18:46 - DEBUG - __main__ -   pred: 3
08/21/2023 16:18:46 - DEBUG - __main__ -   label: 2
08/21/2023 16:18:46 - DEBUG - __main__ -   pred: 3
08/21/2023 16:18:46 - DEBUG - __main__ -   label: 1
08/21/2023 16:18:46 - DEBUG - __main__ -   pred: 1
08/21/2023 16:18:46 - DEBUG - __main__ -   label: 3
08/21/2023 16:18:46 - DEBUG - __main__ -   pred: 5
08/21/2023 16:18:46 - DEBUG - __main__ -   label: 4
08/21/2023 16:18:46 - DEBUG - __main__ -   pred: 4
08/21/2023 16:18:46 - DEBUG - __main__ -   label: 5
08/21/2023 16:18:46 - DEBUG - __main__ -   pred: 4
08/21/2023 16:18:46 - DEBUG - __main__ -   label: 2
08/21/2023 16:18:46 - DEBUG - __main__ -   pred: 2
08/21/2023 16:18:46 - DEBUG - __main__ -   label: 2
08/21/2023 16:18:46 - DEBUG - __main__ -   pred: 2
08/21/2023 16:18:46 - DEBUG - __main__ -   label: 1
08/21/2023 16:18:46 - DEBUG - __main__ -   pred: 1
08/21/2023 16:18:46 - DEBUG - __main__ -   label: 1
08/21/2023 16:18:46 - DEBUG - __main__ -   pred: 2
08/21/2023 16:18:46 - DEBUG - __main__ -   label: 2
08/21/2023 16:18:46 - DEBUG - __main__ -   pred: 3
08/21/2023 16:18:46 - DEBUG - __main__ -   label: 1
08/21/2023 16:18:46 - DEBUG - __main__ -   pred: 1
08/21/2023 16:18:46 - DEBUG - __main__ -   label: 1
08/21/2023 16:18:46 - DEBUG - __main__ -   pred: 2
08/21/2023 16:18:46 - DEBUG - __main__ -   label: 2
08/21/2023 16:18:46 - DEBUG - __main__ -   pred: 2
08/21/2023 16:18:46 - DEBUG - __main__ -   label: 2
08/21/2023 16:18:46 - DEBUG - __main__ -   pred: 1
08/21/2023 16:18:46 - DEBUG - __main__ -   label: 2
08/21/2023 16:18:46 - DEBUG - __main__ -   pred: 1
08/21/2023 16:18:46 - DEBUG - __main__ -   label: 2
08/21/2023 16:18:46 - DEBUG - __main__ -   pred: 2
08/21/2023 16:18:46 - DEBUG - __main__ -   label: 2
08/21/2023 16:18:46 - DEBUG - __main__ -   pred: 1
08/21/2023 16:18:46 - DEBUG - __main__ -   label: 2
08/21/2023 16:18:46 - DEBUG - __main__ -   pred: 3
08/21/2023 16:18:46 - DEBUG - __main__ -   label: 2
08/21/2023 16:18:46 - DEBUG - __main__ -   pred: 2
08/21/2023 16:18:46 - DEBUG - __main__ -   label: 2
08/21/2023 16:18:46 - DEBUG - __main__ -   pred: 1
08/21/2023 16:18:46 - DEBUG - __main__ -   label: 2
08/21/2023 16:18:46 - DEBUG - __main__ -   pred: 2
08/21/2023 16:18:46 - DEBUG - __main__ -   label: 6
08/21/2023 16:18:46 - DEBUG - __main__ -   pred: 5
08/21/2023 16:18:46 - DEBUG - __main__ -   label: 5
08/21/2023 16:18:46 - DEBUG - __main__ -   pred: 4
08/21/2023 16:18:46 - DEBUG - __main__ -   label: 2
08/21/2023 16:18:46 - DEBUG - __main__ -   pred: 4
08/21/2023 16:18:46 - DEBUG - __main__ -   label: 3
08/21/2023 16:18:46 - DEBUG - __main__ -   pred: 3
08/21/2023 16:18:46 - DEBUG - __main__ -   label: 3
08/21/2023 16:18:46 - DEBUG - __main__ -   pred: 2
08/21/2023 16:18:46 - DEBUG - __main__ -   label: 2
08/21/2023 16:18:46 - DEBUG - __main__ -   pred: 3
08/21/2023 16:18:46 - DEBUG - __main__ -   label: 5
08/21/2023 16:18:46 - DEBUG - __main__ -   pred: 4
08/21/2023 16:18:46 - DEBUG - __main__ -   label: 5
08/21/2023 16:18:46 - DEBUG - __main__ -   pred: 5
08/21/2023 16:18:46 - DEBUG - __main__ -   label: 6
08/21/2023 16:18:46 - DEBUG - __main__ -   pred: 5
08/21/2023 16:18:46 - DEBUG - __main__ -   label: 5
08/21/2023 16:18:46 - DEBUG - __main__ -   pred: 5
08/21/2023 16:18:46 - DEBUG - __main__ -   label: 4
08/21/2023 16:18:46 - DEBUG - __main__ -   pred: 3
08/21/2023 16:18:46 - DEBUG - __main__ -   label: 5
08/21/2023 16:18:46 - DEBUG - __main__ -   pred: 4
08/21/2023 16:18:46 - DEBUG - __main__ -   label: 2
08/21/2023 16:18:46 - DEBUG - __main__ -   pred: 2
08/21/2023 16:18:46 - DEBUG - __main__ -   label: 2
08/21/2023 16:18:46 - DEBUG - __main__ -   pred: 2
08/21/2023 16:18:46 - DEBUG - __main__ -   label: 1
08/21/2023 16:18:46 - DEBUG - __main__ -   pred: 1
08/21/2023 16:18:46 - DEBUG - __main__ -   label: 1
08/21/2023 16:18:46 - DEBUG - __main__ -   pred: 1
08/21/2023 16:18:46 - DEBUG - __main__ -   label: 1
08/21/2023 16:18:46 - DEBUG - __main__ -   pred: 1
08/21/2023 16:18:46 - DEBUG - __main__ -   label: 1
08/21/2023 16:18:46 - DEBUG - __main__ -   pred: 1
08/21/2023 16:18:46 - DEBUG - __main__ -   label: 1
08/21/2023 16:18:46 - DEBUG - __main__ -   pred: 1
08/21/2023 16:18:46 - DEBUG - __main__ -   label: 1
08/21/2023 16:18:46 - DEBUG - __main__ -   pred: 2
08/21/2023 16:18:46 - DEBUG - __main__ -   label: 4
08/21/2023 16:18:46 - DEBUG - __main__ -   pred: 4
08/21/2023 16:18:46 - DEBUG - __main__ -   label: 6
08/21/2023 16:18:46 - DEBUG - __main__ -   pred: 5
08/21/2023 16:18:46 - DEBUG - __main__ -   label: 4
08/21/2023 16:18:46 - DEBUG - __main__ -   pred: 4
08/21/2023 16:18:46 - DEBUG - __main__ -   label: 3
08/21/2023 16:18:46 - DEBUG - __main__ -   pred: 2
08/21/2023 16:18:46 - DEBUG - __main__ -   label: 2
08/21/2023 16:18:46 - DEBUG - __main__ -   pred: 2
08/21/2023 16:18:46 - DEBUG - __main__ -   label: 3
08/21/2023 16:18:46 - DEBUG - __main__ -   pred: 4
08/21/2023 16:18:46 - DEBUG - __main__ -   label: 5
08/21/2023 16:18:46 - DEBUG - __main__ -   pred: 5
08/21/2023 16:18:46 - DEBUG - __main__ -   label: 4
08/21/2023 16:18:46 - DEBUG - __main__ -   pred: 4
08/21/2023 16:18:46 - DEBUG - __main__ -   label: 4
08/21/2023 16:18:46 - DEBUG - __main__ -   pred: 4
08/21/2023 16:18:46 - DEBUG - __main__ -   label: 6
08/21/2023 16:18:46 - DEBUG - __main__ -   pred: 4
08/21/2023 16:18:46 - DEBUG - __main__ -   label: 5
08/21/2023 16:18:46 - DEBUG - __main__ -   pred: 4
08/21/2023 16:18:46 - DEBUG - __main__ -   label: 4
08/21/2023 16:18:46 - DEBUG - __main__ -   pred: 4
08/21/2023 16:18:46 - DEBUG - __main__ -   label: 5
08/21/2023 16:18:46 - DEBUG - __main__ -   pred: 5
08/21/2023 16:18:46 - DEBUG - __main__ -   label: 4
08/21/2023 16:18:46 - DEBUG - __main__ -   pred: 5
08/21/2023 16:18:46 - DEBUG - __main__ -   label: 4
08/21/2023 16:18:46 - DEBUG - __main__ -   pred: 4
08/21/2023 16:18:46 - DEBUG - __main__ -   label: 4
08/21/2023 16:18:46 - DEBUG - __main__ -   pred: 4
08/21/2023 16:18:46 - DEBUG - __main__ -   label: 4
08/21/2023 16:18:46 - DEBUG - __main__ -   pred: 3
08/21/2023 16:18:46 - DEBUG - __main__ -   label: 4
08/21/2023 16:18:46 - DEBUG - __main__ -   pred: 5
08/21/2023 16:18:46 - DEBUG - __main__ -   label: 5
08/21/2023 16:18:46 - DEBUG - __main__ -   pred: 5
08/21/2023 16:18:46 - DEBUG - __main__ -   label: 5
08/21/2023 16:18:46 - DEBUG - __main__ -   pred: 5
08/21/2023 16:18:46 - DEBUG - __main__ -   label: 4
08/21/2023 16:18:46 - DEBUG - __main__ -   pred: 4
08/21/2023 16:18:46 - DEBUG - __main__ -   label: 3
08/21/2023 16:18:46 - DEBUG - __main__ -   pred: 3
08/21/2023 16:18:46 - DEBUG - __main__ -   label: 4
08/21/2023 16:18:46 - DEBUG - __main__ -   pred: 3
08/21/2023 16:18:46 - DEBUG - __main__ -   label: 3
08/21/2023 16:18:46 - DEBUG - __main__ -   pred: 2
08/21/2023 16:18:46 - DEBUG - __main__ -   label: 3
08/21/2023 16:18:46 - DEBUG - __main__ -   pred: 2
08/21/2023 16:18:46 - DEBUG - __main__ -   label: 2
08/21/2023 16:18:46 - DEBUG - __main__ -   pred: 2
08/21/2023 16:18:46 - DEBUG - __main__ -   label: 2
08/21/2023 16:18:46 - DEBUG - __main__ -   pred: 1
08/21/2023 16:18:46 - DEBUG - __main__ -   label: 3
08/21/2023 16:18:46 - DEBUG - __main__ -   pred: 2
08/21/2023 16:18:46 - DEBUG - __main__ -   label: 2
08/21/2023 16:18:46 - DEBUG - __main__ -   pred: 2
08/21/2023 16:18:46 - DEBUG - __main__ -   label: 1
08/21/2023 16:18:46 - DEBUG - __main__ -   pred: 2
08/21/2023 16:18:46 - DEBUG - __main__ -   label: 2
08/21/2023 16:18:46 - DEBUG - __main__ -   pred: 1
08/21/2023 16:18:46 - DEBUG - __main__ -   label: 3
08/21/2023 16:18:46 - DEBUG - __main__ -   pred: 2
08/21/2023 16:18:46 - DEBUG - __main__ -   label: 1
08/21/2023 16:18:46 - DEBUG - __main__ -   pred: 1
08/21/2023 16:18:46 - DEBUG - __main__ -   label: 2
08/21/2023 16:18:46 - DEBUG - __main__ -   pred: 2
08/21/2023 16:18:46 - DEBUG - __main__ -   label: 1
08/21/2023 16:18:46 - DEBUG - __main__ -   pred: 2
08/21/2023 16:18:46 - DEBUG - __main__ -   label: 1
08/21/2023 16:18:46 - DEBUG - __main__ -   pred: 1
08/21/2023 16:18:46 - DEBUG - __main__ -   label: 2
08/21/2023 16:18:46 - DEBUG - __main__ -   pred: 2
08/21/2023 16:18:46 - DEBUG - __main__ -   label: 2
08/21/2023 16:18:46 - DEBUG - __main__ -   pred: 2
08/21/2023 16:18:46 - DEBUG - __main__ -   label: 3
08/21/2023 16:18:46 - DEBUG - __main__ -   pred: 3
08/21/2023 16:18:46 - DEBUG - __main__ -   label: 3
08/21/2023 16:18:46 - DEBUG - __main__ -   pred: 3
08/21/2023 16:18:46 - DEBUG - __main__ -   label: 3
08/21/2023 16:18:46 - DEBUG - __main__ -   pred: 2
08/21/2023 16:18:46 - DEBUG - __main__ -   label: 4
08/21/2023 16:18:46 - DEBUG - __main__ -   pred: 3
08/21/2023 16:18:46 - DEBUG - __main__ -   label: 5
08/21/2023 16:18:46 - DEBUG - __main__ -   pred: 5
08/21/2023 16:18:46 - DEBUG - __main__ -   label: 6
08/21/2023 16:18:46 - DEBUG - __main__ -   pred: 5
08/21/2023 16:18:46 - DEBUG - __main__ -   label: 3
08/21/2023 16:18:46 - DEBUG - __main__ -   pred: 3
08/21/2023 16:18:46 - DEBUG - __main__ -   label: 5
08/21/2023 16:18:46 - DEBUG - __main__ -   pred: 5
08/21/2023 16:18:46 - DEBUG - __main__ -   label: 6
08/21/2023 16:18:46 - DEBUG - __main__ -   pred: 4
08/21/2023 16:18:46 - DEBUG - __main__ -   label: 2
08/21/2023 16:18:46 - DEBUG - __main__ -   pred: 5
08/21/2023 16:18:46 - DEBUG - __main__ -   label: 5
08/21/2023 16:18:46 - DEBUG - __main__ -   pred: 4
08/21/2023 16:18:46 - DEBUG - __main__ -   label: 5
08/21/2023 16:18:46 - DEBUG - __main__ -   pred: 4
08/21/2023 16:18:46 - DEBUG - __main__ -   label: 3
08/21/2023 16:18:46 - DEBUG - __main__ -   pred: 2
08/21/2023 16:18:46 - DEBUG - __main__ -   label: 3
08/21/2023 16:18:46 - DEBUG - __main__ -   pred: 2
08/21/2023 16:18:46 - DEBUG - __main__ -   label: 2
08/21/2023 16:18:46 - DEBUG - __main__ -   pred: 1
08/21/2023 16:18:46 - DEBUG - __main__ -   label: 2
08/21/2023 16:18:46 - DEBUG - __main__ -   pred: 1
08/21/2023 16:18:46 - DEBUG - __main__ -   label: 3
08/21/2023 16:18:46 - DEBUG - __main__ -   pred: 2
08/21/2023 16:18:46 - DEBUG - __main__ -   label: 2
08/21/2023 16:18:46 - DEBUG - __main__ -   pred: 1
08/21/2023 16:18:46 - DEBUG - __main__ -   label: 3
08/21/2023 16:18:46 - DEBUG - __main__ -   pred: 2
08/21/2023 16:18:46 - DEBUG - __main__ -   label: 2
08/21/2023 16:18:46 - DEBUG - __main__ -   pred: 2
08/21/2023 16:18:46 - DEBUG - __main__ -   label: 2
08/21/2023 16:18:46 - DEBUG - __main__ -   pred: 2
08/21/2023 16:18:46 - DEBUG - __main__ -   label: 3
08/21/2023 16:18:46 - DEBUG - __main__ -   pred: 1
08/21/2023 16:18:46 - DEBUG - __main__ -   label: 3
08/21/2023 16:18:46 - DEBUG - __main__ -   pred: 2
08/21/2023 16:18:46 - DEBUG - __main__ -   label: 3
08/21/2023 16:18:46 - DEBUG - __main__ -   pred: 2
08/21/2023 16:18:46 - DEBUG - __main__ -   label: 4
08/21/2023 16:18:46 - DEBUG - __main__ -   pred: 2
08/21/2023 16:18:46 - DEBUG - __main__ -   label: 3
08/21/2023 16:18:46 - DEBUG - __main__ -   pred: 2
08/21/2023 16:18:46 - DEBUG - __main__ -   label: 2
08/21/2023 16:18:46 - DEBUG - __main__ -   pred: 1
08/21/2023 16:18:46 - DEBUG - __main__ -   label: 3
08/21/2023 16:18:46 - DEBUG - __main__ -   pred: 1
08/21/2023 16:18:46 - DEBUG - __main__ -   label: 2
08/21/2023 16:18:46 - DEBUG - __main__ -   pred: 1
08/21/2023 16:18:46 - DEBUG - __main__ -   label: 3
08/21/2023 16:18:46 - DEBUG - __main__ -   pred: 2
08/21/2023 16:18:46 - DEBUG - __main__ -   label: 4
08/21/2023 16:18:46 - DEBUG - __main__ -   pred: 2
08/21/2023 16:18:46 - DEBUG - __main__ -   label: 2
08/21/2023 16:18:46 - DEBUG - __main__ -   pred: 1
08/21/2023 16:18:46 - DEBUG - __main__ -   label: 2
08/21/2023 16:18:46 - DEBUG - __main__ -   pred: 2
08/21/2023 16:18:46 - DEBUG - __main__ -   label: 2
08/21/2023 16:18:46 - DEBUG - __main__ -   pred: 2
08/21/2023 16:18:46 - DEBUG - __main__ -   label: 5
08/21/2023 16:18:46 - DEBUG - __main__ -   pred: 3
08/21/2023 16:18:46 - DEBUG - __main__ -   label: 4
08/21/2023 16:18:46 - DEBUG - __main__ -   pred: 4
08/21/2023 16:18:46 - DEBUG - __main__ -   label: 6
08/21/2023 16:18:46 - DEBUG - __main__ -   pred: 5
08/21/2023 16:18:46 - DEBUG - __main__ -   label: 4
08/21/2023 16:18:46 - DEBUG - __main__ -   pred: 3
08/21/2023 16:18:46 - DEBUG - __main__ -   label: 6
08/21/2023 16:18:46 - DEBUG - __main__ -   pred: 4
08/21/2023 16:18:46 - DEBUG - __main__ -   label: 6
08/21/2023 16:18:46 - DEBUG - __main__ -   pred: 5
08/21/2023 16:18:46 - DEBUG - __main__ -   label: 5
08/21/2023 16:18:46 - DEBUG - __main__ -   pred: 5
08/21/2023 16:18:46 - DEBUG - __main__ -   label: 5
08/21/2023 16:18:46 - DEBUG - __main__ -   pred: 5
08/21/2023 16:18:46 - DEBUG - __main__ -   label: 5
08/21/2023 16:18:46 - DEBUG - __main__ -   pred: 5
08/21/2023 16:18:46 - DEBUG - __main__ -   label: 5
08/21/2023 16:18:46 - DEBUG - __main__ -   pred: 5
08/21/2023 16:18:46 - DEBUG - __main__ -   label: 5
08/21/2023 16:18:46 - DEBUG - __main__ -   pred: 5
08/21/2023 16:18:46 - DEBUG - __main__ -   label: 5
08/21/2023 16:18:46 - DEBUG - __main__ -   pred: 5
08/21/2023 16:18:46 - DEBUG - __main__ -   label: 5
08/21/2023 16:18:46 - DEBUG - __main__ -   pred: 5
08/21/2023 16:18:46 - DEBUG - __main__ -   label: 5
08/21/2023 16:18:46 - DEBUG - __main__ -   pred: 5
08/21/2023 16:18:46 - DEBUG - __main__ -   label: 3
08/21/2023 16:18:46 - DEBUG - __main__ -   pred: 3
08/21/2023 16:18:46 - DEBUG - __main__ -   label: 5
08/21/2023 16:18:46 - DEBUG - __main__ -   pred: 4
08/21/2023 16:18:46 - DEBUG - __main__ -   label: 5
08/21/2023 16:18:46 - DEBUG - __main__ -   pred: 5
08/21/2023 16:18:46 - DEBUG - __main__ -   label: 5
08/21/2023 16:18:46 - DEBUG - __main__ -   pred: 5
08/21/2023 16:18:46 - DEBUG - __main__ -   label: 2
08/21/2023 16:18:46 - DEBUG - __main__ -   pred: 2
08/21/2023 16:18:46 - DEBUG - __main__ -   label: 2
08/21/2023 16:18:46 - DEBUG - __main__ -   pred: 2
08/21/2023 16:18:46 - DEBUG - __main__ -   label: 1
08/21/2023 16:18:46 - DEBUG - __main__ -   pred: 2
08/21/2023 16:18:46 - DEBUG - __main__ -   label: 2
08/21/2023 16:18:46 - DEBUG - __main__ -   pred: 2
08/21/2023 16:18:46 - DEBUG - __main__ -   label: 1
08/21/2023 16:18:46 - DEBUG - __main__ -   pred: 1
08/21/2023 16:18:46 - DEBUG - __main__ -   label: 2
08/21/2023 16:18:46 - DEBUG - __main__ -   pred: 2
08/21/2023 16:18:46 - DEBUG - __main__ -   label: 4
08/21/2023 16:18:46 - DEBUG - __main__ -   pred: 4
08/21/2023 16:18:46 - DEBUG - __main__ -   label: 4
08/21/2023 16:18:46 - DEBUG - __main__ -   pred: 4
08/21/2023 16:18:46 - DEBUG - __main__ -   label: 5
08/21/2023 16:18:46 - DEBUG - __main__ -   pred: 4
08/21/2023 16:18:46 - DEBUG - __main__ -   label: 5
08/21/2023 16:18:46 - DEBUG - __main__ -   pred: 4
08/21/2023 16:18:46 - DEBUG - __main__ -   label: 3
08/21/2023 16:18:46 - DEBUG - __main__ -   pred: 4
08/21/2023 16:18:46 - DEBUG - __main__ -   label: 3
08/21/2023 16:18:46 - DEBUG - __main__ -   pred: 2
08/21/2023 16:18:46 - DEBUG - __main__ -   label: 4
08/21/2023 16:18:46 - DEBUG - __main__ -   pred: 4
08/21/2023 16:18:46 - DEBUG - __main__ -   label: 4
08/21/2023 16:18:46 - DEBUG - __main__ -   pred: 5
08/21/2023 16:18:46 - DEBUG - __main__ -   label: 5
08/21/2023 16:18:46 - DEBUG - __main__ -   pred: 4
08/21/2023 16:18:46 - DEBUG - __main__ -   label: 6
08/21/2023 16:18:46 - DEBUG - __main__ -   pred: 5
08/21/2023 16:18:46 - DEBUG - __main__ -   label: 4
08/21/2023 16:18:46 - DEBUG - __main__ -   pred: 4
08/21/2023 16:18:46 - DEBUG - __main__ -   label: 4
08/21/2023 16:18:46 - DEBUG - __main__ -   pred: 3
08/21/2023 16:18:46 - DEBUG - __main__ -   label: 4
08/21/2023 16:18:46 - DEBUG - __main__ -   pred: 5
08/21/2023 16:18:46 - DEBUG - __main__ -   label: 4
08/21/2023 16:18:46 - DEBUG - __main__ -   pred: 4
08/21/2023 16:18:46 - DEBUG - __main__ -   label: 4
08/21/2023 16:18:46 - DEBUG - __main__ -   pred: 3
08/21/2023 16:18:46 - DEBUG - __main__ -   label: 4
08/21/2023 16:18:46 - DEBUG - __main__ -   pred: 3
08/21/2023 16:18:46 - DEBUG - __main__ -   label: 4
08/21/2023 16:18:46 - DEBUG - __main__ -   pred: 4
08/21/2023 16:18:46 - DEBUG - __main__ -   label: 4
08/21/2023 16:18:46 - DEBUG - __main__ -   pred: 5
08/21/2023 16:18:46 - DEBUG - __main__ -   label: 5
08/21/2023 16:18:46 - DEBUG - __main__ -   pred: 5
08/21/2023 16:18:46 - DEBUG - __main__ -   label: 4
08/21/2023 16:18:46 - DEBUG - __main__ -   pred: 3
08/21/2023 16:18:46 - DEBUG - __main__ -   label: 3
08/21/2023 16:18:46 - DEBUG - __main__ -   pred: 3
08/21/2023 16:18:46 - DEBUG - __main__ -   label: 4
08/21/2023 16:18:46 - DEBUG - __main__ -   pred: 4
08/21/2023 16:18:46 - DEBUG - __main__ -   label: 3
08/21/2023 16:18:46 - DEBUG - __main__ -   pred: 5
08/21/2023 16:18:46 - DEBUG - __main__ -   label: 5
08/21/2023 16:18:46 - DEBUG - __main__ -   pred: 5
08/21/2023 16:18:46 - DEBUG - __main__ -   label: 4
08/21/2023 16:18:46 - DEBUG - __main__ -   pred: 4
08/21/2023 16:18:46 - DEBUG - __main__ -   label: 4
08/21/2023 16:18:46 - DEBUG - __main__ -   pred: 5
08/21/2023 16:18:46 - DEBUG - __main__ -   label: 3
08/21/2023 16:18:46 - DEBUG - __main__ -   pred: 3
08/21/2023 16:18:46 - DEBUG - __main__ -   label: 6
08/21/2023 16:18:46 - DEBUG - __main__ -   pred: 5
08/21/2023 16:18:46 - DEBUG - __main__ -   label: 4
08/21/2023 16:18:46 - DEBUG - __main__ -   pred: 4
08/21/2023 16:18:46 - DEBUG - __main__ -   label: 3
08/21/2023 16:18:46 - DEBUG - __main__ -   pred: 2
08/21/2023 16:18:46 - DEBUG - __main__ -   label: 3
08/21/2023 16:18:46 - DEBUG - __main__ -   pred: 2
08/21/2023 16:18:46 - DEBUG - __main__ -   label: 2
08/21/2023 16:18:46 - DEBUG - __main__ -   pred: 3
08/21/2023 16:18:46 - DEBUG - __main__ -   label: 2
08/21/2023 16:18:46 - DEBUG - __main__ -   pred: 2
08/21/2023 16:18:46 - DEBUG - __main__ -   label: 2
08/21/2023 16:18:46 - DEBUG - __main__ -   pred: 1
08/21/2023 16:18:46 - DEBUG - __main__ -   label: 2
08/21/2023 16:18:46 - DEBUG - __main__ -   pred: 3
08/21/2023 16:18:46 - DEBUG - __main__ -   label: 2
08/21/2023 16:18:46 - DEBUG - __main__ -   pred: 1
08/21/2023 16:18:46 - DEBUG - __main__ -   label: 3
08/21/2023 16:18:46 - DEBUG - __main__ -   pred: 2
08/21/2023 16:18:46 - DEBUG - __main__ -   label: 3
08/21/2023 16:18:46 - DEBUG - __main__ -   pred: 1
08/21/2023 16:18:46 - DEBUG - __main__ -   label: 2
08/21/2023 16:18:46 - DEBUG - __main__ -   pred: 1
08/21/2023 16:18:46 - DEBUG - __main__ -   label: 2
08/21/2023 16:18:46 - DEBUG - __main__ -   pred: 2
08/21/2023 16:18:46 - DEBUG - __main__ -   label: 3
08/21/2023 16:18:46 - DEBUG - __main__ -   pred: 2
08/21/2023 16:18:46 - DEBUG - __main__ -   label: 4
08/21/2023 16:18:46 - DEBUG - __main__ -   pred: 4
08/21/2023 16:18:46 - DEBUG - __main__ -   label: 3
08/21/2023 16:18:46 - DEBUG - __main__ -   pred: 3
08/21/2023 16:18:46 - DEBUG - __main__ -   label: 3
08/21/2023 16:18:46 - DEBUG - __main__ -   pred: 4
08/21/2023 16:18:46 - DEBUG - __main__ -   label: 4
08/21/2023 16:18:46 - DEBUG - __main__ -   pred: 5
08/21/2023 16:18:46 - DEBUG - __main__ -   label: 4
08/21/2023 16:18:46 - DEBUG - __main__ -   pred: 5
08/21/2023 16:18:46 - DEBUG - __main__ -   label: 4
08/21/2023 16:18:46 - DEBUG - __main__ -   pred: 4
08/21/2023 16:18:46 - DEBUG - __main__ -   label: 2
08/21/2023 16:18:46 - DEBUG - __main__ -   pred: 2
08/21/2023 16:18:46 - DEBUG - __main__ -   label: 1
08/21/2023 16:18:46 - DEBUG - __main__ -   pred: 2
08/21/2023 16:18:46 - DEBUG - __main__ -   label: 1
08/21/2023 16:18:46 - DEBUG - __main__ -   pred: 1
08/21/2023 16:18:46 - DEBUG - __main__ -   label: 1
08/21/2023 16:18:46 - DEBUG - __main__ -   pred: 1
08/21/2023 16:18:46 - DEBUG - __main__ -   label: 2
08/21/2023 16:18:46 - DEBUG - __main__ -   pred: 2
08/21/2023 16:18:46 - DEBUG - __main__ -   label: 1
08/21/2023 16:18:46 - DEBUG - __main__ -   pred: 2
08/21/2023 16:18:46 - DEBUG - __main__ -   label: 2
08/21/2023 16:18:46 - DEBUG - __main__ -   pred: 2
08/21/2023 16:18:46 - DEBUG - __main__ -   label: 1
08/21/2023 16:18:46 - DEBUG - __main__ -   pred: 2
08/21/2023 16:18:46 - DEBUG - __main__ -   label: 4
08/21/2023 16:18:46 - DEBUG - __main__ -   pred: 4
08/21/2023 16:18:46 - DEBUG - __main__ -   label: 4
08/21/2023 16:18:46 - DEBUG - __main__ -   pred: 4
08/21/2023 16:18:46 - DEBUG - __main__ -   label: 4
08/21/2023 16:18:46 - DEBUG - __main__ -   pred: 5
08/21/2023 16:18:46 - DEBUG - __main__ -   label: 1
08/21/2023 16:18:46 - DEBUG - __main__ -   pred: 2
08/21/2023 16:18:46 - DEBUG - __main__ -   label: 2
08/21/2023 16:18:46 - DEBUG - __main__ -   pred: 1
08/21/2023 16:18:46 - DEBUG - __main__ -   label: 1
08/21/2023 16:18:46 - DEBUG - __main__ -   pred: 1
08/21/2023 16:18:46 - DEBUG - __main__ -   label: 0
08/21/2023 16:18:46 - DEBUG - __main__ -   pred: 2
08/21/2023 16:18:46 - DEBUG - __main__ -   label: 1
08/21/2023 16:18:46 - DEBUG - __main__ -   pred: 3
08/21/2023 16:18:46 - DEBUG - __main__ -   label: 1
08/21/2023 16:18:46 - DEBUG - __main__ -   pred: 1
08/21/2023 16:18:46 - DEBUG - __main__ -   label: 3
08/21/2023 16:18:46 - DEBUG - __main__ -   pred: 3
08/21/2023 16:18:46 - DEBUG - __main__ -   label: 1
08/21/2023 16:18:46 - DEBUG - __main__ -   pred: 2
08/21/2023 16:18:46 - DEBUG - __main__ -   label: 1
08/21/2023 16:18:46 - DEBUG - __main__ -   pred: 2
08/21/2023 16:18:46 - DEBUG - __main__ -   label: 2
08/21/2023 16:18:46 - DEBUG - __main__ -   pred: 2
08/21/2023 16:18:46 - DEBUG - __main__ -   label: 4
08/21/2023 16:18:46 - DEBUG - __main__ -   pred: 4
08/21/2023 16:18:46 - DEBUG - __main__ -   label: 5
08/21/2023 16:18:46 - DEBUG - __main__ -   pred: 2
08/21/2023 16:18:46 - DEBUG - __main__ -   label: 2
08/21/2023 16:18:46 - DEBUG - __main__ -   pred: 1
08/21/2023 16:18:46 - DEBUG - __main__ -   label: 1
08/21/2023 16:18:46 - DEBUG - __main__ -   pred: 2
08/21/2023 16:18:46 - DEBUG - __main__ -   label: 4
08/21/2023 16:18:46 - DEBUG - __main__ -   pred: 4
08/21/2023 16:18:46 - DEBUG - __main__ -   label: 2
08/21/2023 16:18:46 - DEBUG - __main__ -   pred: 1
08/21/2023 16:18:46 - DEBUG - __main__ -   label: 6
08/21/2023 16:18:46 - DEBUG - __main__ -   pred: 5
08/21/2023 16:18:46 - DEBUG - __main__ -   label: 5
08/21/2023 16:18:46 - DEBUG - __main__ -   pred: 5
08/21/2023 16:18:46 - DEBUG - __main__ -   label: 5
08/21/2023 16:18:46 - DEBUG - __main__ -   pred: 5
08/21/2023 16:18:46 - DEBUG - __main__ -   label: 5
08/21/2023 16:18:46 - DEBUG - __main__ -   pred: 4
08/21/2023 16:18:46 - DEBUG - __main__ -   label: 5
08/21/2023 16:18:46 - DEBUG - __main__ -   pred: 5
08/21/2023 16:18:46 - DEBUG - __main__ -   label: 4
08/21/2023 16:18:46 - DEBUG - __main__ -   pred: 3
08/21/2023 16:18:46 - DEBUG - __main__ -   label: 5
08/21/2023 16:18:46 - DEBUG - __main__ -   pred: 5
08/21/2023 16:18:46 - DEBUG - __main__ -   label: 5
08/21/2023 16:18:46 - DEBUG - __main__ -   pred: 5
08/21/2023 16:18:46 - DEBUG - __main__ -   label: 3
08/21/2023 16:18:46 - DEBUG - __main__ -   pred: 5
08/21/2023 16:18:46 - DEBUG - __main__ -   label: 2
08/21/2023 16:18:46 - DEBUG - __main__ -   pred: 2
08/21/2023 16:18:46 - DEBUG - __main__ -   label: 2
08/21/2023 16:18:46 - DEBUG - __main__ -   pred: 2
08/21/2023 16:18:46 - DEBUG - __main__ -   label: 0
08/21/2023 16:18:46 - DEBUG - __main__ -   pred: 1
08/21/2023 16:18:46 - DEBUG - __main__ -   label: 0
08/21/2023 16:18:46 - DEBUG - __main__ -   pred: 1
08/21/2023 16:18:46 - DEBUG - __main__ -   label: 1
08/21/2023 16:18:46 - DEBUG - __main__ -   pred: 2
08/21/2023 16:18:46 - DEBUG - __main__ -   label: 0
08/21/2023 16:18:46 - DEBUG - __main__ -   pred: 2
08/21/2023 16:18:46 - DEBUG - __main__ -   label: 0
08/21/2023 16:18:46 - DEBUG - __main__ -   pred: 2
08/21/2023 16:18:46 - DEBUG - __main__ -   label: 0
08/21/2023 16:18:46 - DEBUG - __main__ -   pred: 3
08/21/2023 16:18:46 - DEBUG - __main__ -   label: 0
08/21/2023 16:18:46 - DEBUG - __main__ -   pred: 2
08/21/2023 16:18:46 - DEBUG - __main__ -   label: 1
08/21/2023 16:18:46 - DEBUG - __main__ -   pred: 1
08/21/2023 16:18:46 - DEBUG - __main__ -   label: 0
08/21/2023 16:18:46 - DEBUG - __main__ -   pred: 2
08/21/2023 16:18:46 - DEBUG - __main__ -   label: 2
08/21/2023 16:18:46 - DEBUG - __main__ -   pred: 1
08/21/2023 16:18:46 - DEBUG - __main__ -   label: 1
08/21/2023 16:18:46 - DEBUG - __main__ -   pred: 1
08/21/2023 16:18:46 - DEBUG - __main__ -   label: 1
08/21/2023 16:18:46 - DEBUG - __main__ -   pred: 1
08/21/2023 16:18:46 - DEBUG - __main__ -   label: 1
08/21/2023 16:18:46 - DEBUG - __main__ -   pred: 2
08/21/2023 16:18:46 - DEBUG - __main__ -   label: 1
08/21/2023 16:18:46 - DEBUG - __main__ -   pred: 1
08/21/2023 16:18:46 - DEBUG - __main__ -   label: 1
08/21/2023 16:18:46 - DEBUG - __main__ -   pred: 2
08/21/2023 16:18:46 - DEBUG - __main__ -   label: 1
08/21/2023 16:18:46 - DEBUG - __main__ -   pred: 1
08/21/2023 16:18:46 - DEBUG - __main__ -   label: 1
08/21/2023 16:18:46 - DEBUG - __main__ -   pred: 2
08/21/2023 16:18:46 - DEBUG - __main__ -   label: 3
08/21/2023 16:18:46 - DEBUG - __main__ -   pred: 2
08/21/2023 16:18:46 - DEBUG - __main__ -   label: 2
08/21/2023 16:18:46 - DEBUG - __main__ -   pred: 2
08/21/2023 16:18:46 - DEBUG - __main__ -   label: 2
08/21/2023 16:18:46 - DEBUG - __main__ -   pred: 2
08/21/2023 16:18:46 - DEBUG - __main__ -   label: 5
08/21/2023 16:18:46 - DEBUG - __main__ -   pred: 5
08/21/2023 16:18:46 - DEBUG - __main__ -   label: 5
08/21/2023 16:18:46 - DEBUG - __main__ -   pred: 4
08/21/2023 16:18:46 - DEBUG - __main__ -   label: 4
08/21/2023 16:18:46 - DEBUG - __main__ -   pred: 4
08/21/2023 16:18:46 - DEBUG - __main__ -   label: 3
08/21/2023 16:18:46 - DEBUG - __main__ -   pred: 4
08/21/2023 16:18:46 - DEBUG - __main__ -   label: 3
08/21/2023 16:18:46 - DEBUG - __main__ -   pred: 4
08/21/2023 16:18:46 - DEBUG - __main__ -   label: 5
08/21/2023 16:18:46 - DEBUG - __main__ -   pred: 4
08/21/2023 16:18:46 - DEBUG - __main__ -   label: 2
08/21/2023 16:18:46 - DEBUG - __main__ -   pred: 2
08/21/2023 16:18:46 - DEBUG - __main__ -   label: 2
08/21/2023 16:18:46 - DEBUG - __main__ -   pred: 2
08/21/2023 16:18:46 - DEBUG - __main__ -   label: 1
08/21/2023 16:18:46 - DEBUG - __main__ -   pred: 3
08/21/2023 16:18:46 - DEBUG - __main__ -   label: 2
08/21/2023 16:18:46 - DEBUG - __main__ -   pred: 2
08/21/2023 16:18:46 - DEBUG - __main__ -   label: 1
08/21/2023 16:18:46 - DEBUG - __main__ -   pred: 2
08/21/2023 16:18:46 - DEBUG - __main__ -   label: 2
08/21/2023 16:18:46 - DEBUG - __main__ -   pred: 2
08/21/2023 16:18:46 - DEBUG - __main__ -   label: 2
08/21/2023 16:18:46 - DEBUG - __main__ -   pred: 2
08/21/2023 16:18:46 - DEBUG - __main__ -   label: 2
08/21/2023 16:18:46 - DEBUG - __main__ -   pred: 2
08/21/2023 16:18:46 - DEBUG - __main__ -   label: 5
08/21/2023 16:18:46 - DEBUG - __main__ -   pred: 4
08/21/2023 16:18:46 - DEBUG - __main__ -   label: 4
08/21/2023 16:18:46 - DEBUG - __main__ -   pred: 3
08/21/2023 16:18:46 - DEBUG - __main__ -   label: 3
08/21/2023 16:18:46 - DEBUG - __main__ -   pred: 5
08/21/2023 16:18:46 - DEBUG - __main__ -   label: 4
08/21/2023 16:18:46 - DEBUG - __main__ -   pred: 5
08/21/2023 16:18:46 - DEBUG - __main__ -   label: 4
08/21/2023 16:18:46 - DEBUG - __main__ -   pred: 5
08/21/2023 16:18:46 - DEBUG - __main__ -   label: 3
08/21/2023 16:18:46 - DEBUG - __main__ -   pred: 4
08/21/2023 16:18:46 - DEBUG - __main__ -   label: 4
08/21/2023 16:18:46 - DEBUG - __main__ -   pred: 5
08/21/2023 16:18:46 - DEBUG - __main__ -   label: 5
08/21/2023 16:18:46 - DEBUG - __main__ -   pred: 5
08/21/2023 16:18:46 - DEBUG - __main__ -   label: 2
08/21/2023 16:18:46 - DEBUG - __main__ -   pred: 2
08/21/2023 16:18:46 - DEBUG - __main__ -   label: 2
08/21/2023 16:18:46 - DEBUG - __main__ -   pred: 2
08/21/2023 16:18:46 - DEBUG - __main__ -   label: 1
08/21/2023 16:18:46 - DEBUG - __main__ -   pred: 2
08/21/2023 16:18:46 - DEBUG - __main__ -   label: 2
08/21/2023 16:18:46 - DEBUG - __main__ -   pred: 2
08/21/2023 16:18:46 - DEBUG - __main__ -   label: 2
08/21/2023 16:18:46 - DEBUG - __main__ -   pred: 2
08/21/2023 16:18:46 - DEBUG - __main__ -   label: 1
08/21/2023 16:18:46 - DEBUG - __main__ -   pred: 2
08/21/2023 16:18:46 - DEBUG - __main__ -   label: 2
08/21/2023 16:18:46 - DEBUG - __main__ -   pred: 1
08/21/2023 16:18:46 - DEBUG - __main__ -   label: 1
08/21/2023 16:18:46 - DEBUG - __main__ -   pred: 2
08/21/2023 16:18:46 - DEBUG - __main__ -   label: 2
08/21/2023 16:18:46 - DEBUG - __main__ -   pred: 2
08/21/2023 16:18:46 - DEBUG - __main__ -   label: 3
08/21/2023 16:18:46 - DEBUG - __main__ -   pred: 2
08/21/2023 16:18:46 - DEBUG - __main__ -   label: 2
08/21/2023 16:18:46 - DEBUG - __main__ -   pred: 1
08/21/2023 16:18:46 - DEBUG - __main__ -   label: 4
08/21/2023 16:18:46 - DEBUG - __main__ -   pred: 4
08/21/2023 16:18:46 - DEBUG - __main__ -   label: 2
08/21/2023 16:18:46 - DEBUG - __main__ -   pred: 2
08/21/2023 16:18:46 - DEBUG - __main__ -   label: 2
08/21/2023 16:18:46 - DEBUG - __main__ -   pred: 3
08/21/2023 16:18:46 - DEBUG - __main__ -   label: 4
08/21/2023 16:18:46 - DEBUG - __main__ -   pred: 5
08/21/2023 16:18:46 - DEBUG - __main__ -   label: 5
08/21/2023 16:18:46 - DEBUG - __main__ -   pred: 5
08/21/2023 16:18:46 - DEBUG - __main__ -   label: 5
08/21/2023 16:18:46 - DEBUG - __main__ -   pred: 4
08/21/2023 16:18:46 - DEBUG - __main__ -   label: 5
08/21/2023 16:18:46 - DEBUG - __main__ -   pred: 4
08/21/2023 16:18:46 - DEBUG - __main__ -   label: 2
08/21/2023 16:18:46 - DEBUG - __main__ -   pred: 2
08/21/2023 16:18:46 - DEBUG - __main__ -   label: 2
08/21/2023 16:18:46 - DEBUG - __main__ -   pred: 2
08/21/2023 16:18:46 - DEBUG - __main__ -   label: 2
08/21/2023 16:18:46 - DEBUG - __main__ -   pred: 2
08/21/2023 16:18:46 - DEBUG - __main__ -   label: 3
08/21/2023 16:18:46 - DEBUG - __main__ -   pred: 2
08/21/2023 16:18:46 - DEBUG - __main__ -   label: 1
08/21/2023 16:18:46 - DEBUG - __main__ -   pred: 2
08/21/2023 16:18:46 - DEBUG - __main__ -   label: 1
08/21/2023 16:18:46 - DEBUG - __main__ -   pred: 1
08/21/2023 16:18:46 - DEBUG - __main__ -   label: 2
08/21/2023 16:18:46 - DEBUG - __main__ -   pred: 2
08/21/2023 16:18:46 - DEBUG - __main__ -   label: 2
08/21/2023 16:18:46 - DEBUG - __main__ -   pred: 2
08/21/2023 16:18:46 - DEBUG - __main__ -   label: 1
08/21/2023 16:18:46 - DEBUG - __main__ -   pred: 2
08/21/2023 16:18:46 - DEBUG - __main__ -   label: 2
08/21/2023 16:18:46 - DEBUG - __main__ -   pred: 2
08/21/2023 16:18:46 - DEBUG - __main__ -   label: 2
08/21/2023 16:18:46 - DEBUG - __main__ -   pred: 2
08/21/2023 16:18:46 - DEBUG - __main__ -   label: 2
08/21/2023 16:18:46 - DEBUG - __main__ -   pred: 2
08/21/2023 16:18:46 - DEBUG - __main__ -   label: 1
08/21/2023 16:18:46 - DEBUG - __main__ -   pred: 1
08/21/2023 16:18:46 - DEBUG - __main__ -   label: 2
08/21/2023 16:18:46 - DEBUG - __main__ -   pred: 1
08/21/2023 16:18:46 - DEBUG - __main__ -   label: 1
08/21/2023 16:18:46 - DEBUG - __main__ -   pred: 1
08/21/2023 16:18:46 - DEBUG - __main__ -   label: 3
08/21/2023 16:18:46 - DEBUG - __main__ -   pred: 2
08/21/2023 16:18:46 - DEBUG - __main__ -   label: 1
08/21/2023 16:18:46 - DEBUG - __main__ -   pred: 1
08/21/2023 16:18:46 - DEBUG - __main__ -   label: 2
08/21/2023 16:18:46 - DEBUG - __main__ -   pred: 2
08/21/2023 16:18:46 - DEBUG - __main__ -   label: 2
08/21/2023 16:18:46 - DEBUG - __main__ -   pred: 1
08/21/2023 16:18:46 - DEBUG - __main__ -   label: 2
08/21/2023 16:18:46 - DEBUG - __main__ -   pred: 2
08/21/2023 16:18:46 - DEBUG - __main__ -   label: 2
08/21/2023 16:18:46 - DEBUG - __main__ -   pred: 3
08/21/2023 16:18:46 - DEBUG - __main__ -   label: 2
08/21/2023 16:18:46 - DEBUG - __main__ -   pred: 2
08/21/2023 16:18:46 - DEBUG - __main__ -   label: 3
08/21/2023 16:18:46 - DEBUG - __main__ -   pred: 2
08/21/2023 16:18:46 - DEBUG - __main__ -   label: 3
08/21/2023 16:18:46 - DEBUG - __main__ -   pred: 2
08/21/2023 16:18:46 - DEBUG - __main__ -   label: 1
08/21/2023 16:18:46 - DEBUG - __main__ -   pred: 2
08/21/2023 16:18:46 - DEBUG - __main__ -   label: 3
08/21/2023 16:18:46 - DEBUG - __main__ -   pred: 3
08/21/2023 16:18:46 - DEBUG - __main__ -   label: 6
08/21/2023 16:18:46 - DEBUG - __main__ -   pred: 5
08/21/2023 16:18:46 - DEBUG - __main__ -   label: 5
08/21/2023 16:18:46 - DEBUG - __main__ -   pred: 4
08/21/2023 16:18:46 - DEBUG - __main__ -   label: 6
08/21/2023 16:18:46 - DEBUG - __main__ -   pred: 5
08/21/2023 16:18:46 - DEBUG - __main__ -   label: 5
08/21/2023 16:18:46 - DEBUG - __main__ -   pred: 4
08/21/2023 16:18:46 - DEBUG - __main__ -   label: 6
08/21/2023 16:18:46 - DEBUG - __main__ -   pred: 5
08/21/2023 16:18:46 - DEBUG - __main__ -   label: 5
08/21/2023 16:18:46 - DEBUG - __main__ -   pred: 5
08/21/2023 16:18:46 - DEBUG - __main__ -   label: 4
08/21/2023 16:18:46 - DEBUG - __main__ -   pred: 4
08/21/2023 16:18:46 - DEBUG - __main__ -   label: 5
08/21/2023 16:18:46 - DEBUG - __main__ -   pred: 4
08/21/2023 16:18:46 - DEBUG - __main__ -   label: 5
08/21/2023 16:18:46 - DEBUG - __main__ -   pred: 5
08/21/2023 16:18:46 - DEBUG - __main__ -   label: 2
08/21/2023 16:18:46 - DEBUG - __main__ -   pred: 3
08/21/2023 16:18:46 - DEBUG - __main__ -   label: 2
08/21/2023 16:18:46 - DEBUG - __main__ -   pred: 2
08/21/2023 16:18:46 - DEBUG - __main__ -   label: 2
08/21/2023 16:18:46 - DEBUG - __main__ -   pred: 1
08/21/2023 16:18:46 - DEBUG - __main__ -   label: 3
08/21/2023 16:18:46 - DEBUG - __main__ -   pred: 2
08/21/2023 16:18:46 - DEBUG - __main__ -   label: 2
08/21/2023 16:18:46 - DEBUG - __main__ -   pred: 2
08/21/2023 16:18:46 - DEBUG - __main__ -   label: 3
08/21/2023 16:18:46 - DEBUG - __main__ -   pred: 1
08/21/2023 16:18:46 - DEBUG - __main__ -   label: 3
08/21/2023 16:18:46 - DEBUG - __main__ -   pred: 2
08/21/2023 16:18:46 - DEBUG - __main__ -   label: 2
08/21/2023 16:18:46 - DEBUG - __main__ -   pred: 3
08/21/2023 16:18:46 - DEBUG - __main__ -   label: 2
08/21/2023 16:18:46 - DEBUG - __main__ -   pred: 3
08/21/2023 16:18:46 - DEBUG - __main__ -   label: 3
08/21/2023 16:18:46 - DEBUG - __main__ -   pred: 2
08/21/2023 16:18:46 - DEBUG - __main__ -   label: 2
08/21/2023 16:18:46 - DEBUG - __main__ -   pred: 1
08/21/2023 16:18:46 - DEBUG - __main__ -   label: 2
08/21/2023 16:18:46 - DEBUG - __main__ -   pred: 2
08/21/2023 16:18:46 - DEBUG - __main__ -   label: 2
08/21/2023 16:18:46 - DEBUG - __main__ -   pred: 2
08/21/2023 16:18:46 - DEBUG - __main__ -   label: 1
08/21/2023 16:18:46 - DEBUG - __main__ -   pred: 2
08/21/2023 16:18:46 - DEBUG - __main__ -   label: 5
08/21/2023 16:18:46 - DEBUG - __main__ -   pred: 5
08/21/2023 16:18:46 - DEBUG - __main__ -   label: 3
08/21/2023 16:18:46 - DEBUG - __main__ -   pred: 4
08/21/2023 16:18:46 - DEBUG - __main__ -   label: 4
08/21/2023 16:18:46 - DEBUG - __main__ -   pred: 4
08/21/2023 16:18:46 - DEBUG - __main__ -   label: 3
08/21/2023 16:18:46 - DEBUG - __main__ -   pred: 3
08/21/2023 16:18:46 - DEBUG - __main__ -   label: 2
08/21/2023 16:18:46 - DEBUG - __main__ -   pred: 2
08/21/2023 16:18:46 - DEBUG - __main__ -   label: 3
08/21/2023 16:18:46 - DEBUG - __main__ -   pred: 3
08/21/2023 16:18:46 - DEBUG - __main__ -   label: 3
08/21/2023 16:18:46 - DEBUG - __main__ -   pred: 3
08/21/2023 16:18:46 - DEBUG - __main__ -   label: 2
08/21/2023 16:18:46 - DEBUG - __main__ -   pred: 2
08/21/2023 16:18:46 - DEBUG - __main__ -   label: 3
08/21/2023 16:18:46 - DEBUG - __main__ -   pred: 4
08/21/2023 16:18:46 - DEBUG - __main__ -   label: 5
08/21/2023 16:18:46 - DEBUG - __main__ -   pred: 5
08/21/2023 16:18:46 - DEBUG - __main__ -   label: 3
08/21/2023 16:18:46 - DEBUG - __main__ -   pred: 5
08/21/2023 16:18:46 - DEBUG - __main__ -   label: 4
08/21/2023 16:18:46 - DEBUG - __main__ -   pred: 5
08/21/2023 16:18:46 - DEBUG - __main__ -   label: 4
08/21/2023 16:18:46 - DEBUG - __main__ -   pred: 5
08/21/2023 16:18:46 - DEBUG - __main__ -   label: 4
08/21/2023 16:18:46 - DEBUG - __main__ -   pred: 4
08/21/2023 16:18:46 - DEBUG - __main__ -   label: 4
08/21/2023 16:18:46 - DEBUG - __main__ -   pred: 5
08/21/2023 16:18:46 - DEBUG - __main__ -   label: 3
08/21/2023 16:18:46 - DEBUG - __main__ -   pred: 4
08/21/2023 16:18:46 - DEBUG - __main__ -   label: 3
08/21/2023 16:18:46 - DEBUG - __main__ -   pred: 4
08/21/2023 16:18:46 - DEBUG - __main__ -   label: 4
08/21/2023 16:18:46 - DEBUG - __main__ -   pred: 5
08/21/2023 16:18:46 - DEBUG - __main__ -   label: 3
08/21/2023 16:18:46 - DEBUG - __main__ -   pred: 4
08/21/2023 16:18:46 - DEBUG - __main__ -   label: 3
08/21/2023 16:18:46 - DEBUG - __main__ -   pred: 4
08/21/2023 16:18:46 - DEBUG - __main__ -   label: 3
08/21/2023 16:18:46 - DEBUG - __main__ -   pred: 4
08/21/2023 16:18:46 - DEBUG - __main__ -   label: 2
08/21/2023 16:18:46 - DEBUG - __main__ -   pred: 2
08/21/2023 16:18:46 - DEBUG - __main__ -   label: 2
08/21/2023 16:18:46 - DEBUG - __main__ -   pred: 2
08/21/2023 16:18:46 - DEBUG - __main__ -   label: 1
08/21/2023 16:18:46 - DEBUG - __main__ -   pred: 2
08/21/2023 16:18:46 - DEBUG - __main__ -   label: 2
08/21/2023 16:18:46 - DEBUG - __main__ -   pred: 2
08/21/2023 16:18:46 - DEBUG - __main__ -   label: 1
08/21/2023 16:18:46 - DEBUG - __main__ -   pred: 1
08/21/2023 16:18:46 - DEBUG - __main__ -   label: 2
08/21/2023 16:18:46 - DEBUG - __main__ -   pred: 2
08/21/2023 16:18:46 - DEBUG - __main__ -   label: 1
08/21/2023 16:18:46 - DEBUG - __main__ -   pred: 1
08/21/2023 16:18:46 - DEBUG - __main__ -   label: 2
08/21/2023 16:18:46 - DEBUG - __main__ -   pred: 2
08/21/2023 16:18:46 - DEBUG - __main__ -   label: 1
08/21/2023 16:18:46 - DEBUG - __main__ -   pred: 2
08/21/2023 16:18:46 - DEBUG - __main__ -   label: 1
08/21/2023 16:18:46 - DEBUG - __main__ -   pred: 2
08/21/2023 16:18:46 - DEBUG - __main__ -   label: 1
08/21/2023 16:18:46 - DEBUG - __main__ -   pred: 2
08/21/2023 16:18:46 - DEBUG - __main__ -   label: 2
08/21/2023 16:18:46 - DEBUG - __main__ -   pred: 2
08/21/2023 16:18:46 - DEBUG - __main__ -   label: 2
08/21/2023 16:18:46 - DEBUG - __main__ -   pred: 2
08/21/2023 16:18:46 - DEBUG - __main__ -   label: 3
08/21/2023 16:18:46 - DEBUG - __main__ -   pred: 3
08/21/2023 16:18:46 - DEBUG - __main__ -   label: 3
08/21/2023 16:18:46 - DEBUG - __main__ -   pred: 3
08/21/2023 16:18:46 - DEBUG - __main__ -   label: 3
08/21/2023 16:18:46 - DEBUG - __main__ -   pred: 5
08/21/2023 16:18:46 - DEBUG - __main__ -   label: 3
08/21/2023 16:18:46 - DEBUG - __main__ -   pred: 3
08/21/2023 16:18:46 - DEBUG - __main__ -   label: 2
08/21/2023 16:18:46 - DEBUG - __main__ -   pred: 3
08/21/2023 16:18:46 - DEBUG - __main__ -   label: 3
08/21/2023 16:18:46 - DEBUG - __main__ -   pred: 3
08/21/2023 16:18:46 - DEBUG - __main__ -   label: 4
08/21/2023 16:18:46 - DEBUG - __main__ -   pred: 3
08/21/2023 16:18:46 - DEBUG - __main__ -   label: 1
08/21/2023 16:18:46 - DEBUG - __main__ -   pred: 2
08/21/2023 16:18:46 - DEBUG - __main__ -   label: 4
08/21/2023 16:18:46 - DEBUG - __main__ -   pred: 5
08/21/2023 16:18:46 - DEBUG - __main__ -   label: 3
08/21/2023 16:18:46 - DEBUG - __main__ -   pred: 3
08/21/2023 16:18:46 - DEBUG - __main__ -   label: 5
08/21/2023 16:18:46 - DEBUG - __main__ -   pred: 5
08/21/2023 16:18:46 - DEBUG - __main__ -   label: 3
08/21/2023 16:18:46 - DEBUG - __main__ -   pred: 4
08/21/2023 16:18:46 - DEBUG - __main__ -   label: 3
08/21/2023 16:18:46 - DEBUG - __main__ -   pred: 4
08/21/2023 16:18:46 - DEBUG - __main__ -   label: 4
08/21/2023 16:18:46 - DEBUG - __main__ -   pred: 5
08/21/2023 16:18:46 - DEBUG - __main__ -   label: 4
08/21/2023 16:18:46 - DEBUG - __main__ -   pred: 3
08/21/2023 16:18:46 - DEBUG - __main__ -   label: 4
08/21/2023 16:18:46 - DEBUG - __main__ -   pred: 3
08/21/2023 16:18:46 - DEBUG - __main__ -   label: 3
08/21/2023 16:18:46 - DEBUG - __main__ -   pred: 4
08/21/2023 16:18:46 - DEBUG - __main__ -   label: 4
08/21/2023 16:18:46 - DEBUG - __main__ -   pred: 4
08/21/2023 16:18:46 - DEBUG - __main__ -   label: 4
08/21/2023 16:18:46 - DEBUG - __main__ -   pred: 4
08/21/2023 16:18:46 - DEBUG - __main__ -   label: 4
08/21/2023 16:18:46 - DEBUG - __main__ -   pred: 4
08/21/2023 16:18:46 - DEBUG - __main__ -   label: 5
08/21/2023 16:18:46 - DEBUG - __main__ -   pred: 5
