******** Training fold 0 ********
08/21/2023 08:43:06 - DEBUG - __main__ -   Processor loaded. CPU mem usage: 0.38G.  Cuda 0: memory acclocated: 0 G.
08/21/2023 08:43:15 - DEBUG - __main__ -   Model loaded. CPU mem usage: 1.99G.  Cuda 0: memory acclocated: 0 G.
Wav2Vec2ForSequenceClassification(
  (wav2vec2): Wav2Vec2Model(
    (feature_extractor): Wav2Vec2FeatureEncoder(
      (conv_layers): ModuleList(
        (0): Wav2Vec2LayerNormConvLayer(
          (conv): Conv1d(1, 512, kernel_size=(10,), stride=(5,))
          (layer_norm): LayerNorm((512,), eps=1e-05, elementwise_affine=True)
          (activation): GELUActivation()
        )
        (1-4): 4 x Wav2Vec2LayerNormConvLayer(
          (conv): Conv1d(512, 512, kernel_size=(3,), stride=(2,))
          (layer_norm): LayerNorm((512,), eps=1e-05, elementwise_affine=True)
          (activation): GELUActivation()
        )
        (5-6): 2 x Wav2Vec2LayerNormConvLayer(
          (conv): Conv1d(512, 512, kernel_size=(2,), stride=(2,))
          (layer_norm): LayerNorm((512,), eps=1e-05, elementwise_affine=True)
          (activation): GELUActivation()
        )
      )
    )
    (feature_projection): Wav2Vec2FeatureProjection(
      (layer_norm): LayerNorm((512,), eps=1e-05, elementwise_affine=True)
      (projection): Linear(in_features=512, out_features=1024, bias=True)
      (dropout): Dropout(p=0.1, inplace=False)
    )
    (encoder): Wav2Vec2EncoderStableLayerNorm(
      (pos_conv_embed): Wav2Vec2PositionalConvEmbedding(
        (conv): Conv1d(1024, 1024, kernel_size=(128,), stride=(1,), padding=(64,), groups=16)
        (padding): Wav2Vec2SamePadLayer()
        (activation): GELUActivation()
      )
      (layer_norm): LayerNorm((1024,), eps=1e-05, elementwise_affine=True)
      (dropout): Dropout(p=0.1, inplace=False)
      (layers): ModuleList(
        (0-23): 24 x Wav2Vec2EncoderLayerStableLayerNorm(
          (attention): Wav2Vec2Attention(
            (k_proj): Linear(in_features=1024, out_features=1024, bias=True)
            (v_proj): Linear(in_features=1024, out_features=1024, bias=True)
            (q_proj): Linear(in_features=1024, out_features=1024, bias=True)
            (out_proj): Linear(in_features=1024, out_features=1024, bias=True)
          )
          (dropout): Dropout(p=0.1, inplace=False)
          (layer_norm): LayerNorm((1024,), eps=1e-05, elementwise_affine=True)
          (feed_forward): Wav2Vec2FeedForward(
            (intermediate_dropout): Dropout(p=0.0, inplace=False)
            (intermediate_dense): Linear(in_features=1024, out_features=4096, bias=True)
            (intermediate_act_fn): GELUActivation()
            (output_dense): Linear(in_features=4096, out_features=1024, bias=True)
            (output_dropout): Dropout(p=0.1, inplace=False)
          )
          (final_layer_norm): LayerNorm((1024,), eps=1e-05, elementwise_affine=True)
        )
      )
    )
  )
  (projector): Linear(in_features=1024, out_features=256, bias=True)
  (classifier): Linear(in_features=256, out_features=7, bias=True)
)
08/21/2023 08:44:05 - DEBUG - __main__ -   Speech loaded. N_train=1584, N_eval=528. CPU mem usage: 6.07G.  Cuda 0: memory acclocated: 0 G.
08/21/2023 08:44:40 - DEBUG - __main__ -   Feature extracted. Duration: 0:00:34 CPU mem usage: 9.11G.  Cuda 0: memory acclocated: 0 G.
08/21/2023 08:45:14 - DEBUG - augmentations.transform -   Training set (N=3168): augmented training data added. Duration: 0:00:34
08/21/2023 08:45:14 - DEBUG - urllib3.connectionpool -   Starting new HTTPS connection (1): s3.amazonaws.com:443
08/21/2023 08:45:15 - DEBUG - urllib3.connectionpool -   https://s3.amazonaws.com:443 "HEAD /datasets.huggingface.co/datasets/metrics/evaluate-metric/precision/evaluate-metric/precision.py HTTP/1.1" 404 0
08/21/2023 08:45:15 - DEBUG - urllib3.connectionpool -   Starting new HTTPS connection (1): huggingface.co:443
08/21/2023 08:45:15 - DEBUG - urllib3.connectionpool -   https://huggingface.co:443 "HEAD /spaces/evaluate-metric/precision/resolve/v0.4.0/precision.py HTTP/1.1" 200 0
08/21/2023 08:45:15 - DEBUG - urllib3.connectionpool -   Starting new HTTPS connection (1): s3.amazonaws.com:443
08/21/2023 08:45:16 - DEBUG - urllib3.connectionpool -   https://s3.amazonaws.com:443 "HEAD /datasets.huggingface.co/datasets/metrics/evaluate-metric/recall/evaluate-metric/recall.py HTTP/1.1" 404 0
08/21/2023 08:45:16 - DEBUG - urllib3.connectionpool -   Starting new HTTPS connection (1): huggingface.co:443
08/21/2023 08:45:16 - DEBUG - urllib3.connectionpool -   https://huggingface.co:443 "HEAD /spaces/evaluate-metric/recall/resolve/v0.4.0/recall.py HTTP/1.1" 200 0
08/21/2023 08:45:16 - DEBUG - urllib3.connectionpool -   Starting new HTTPS connection (1): s3.amazonaws.com:443
08/21/2023 08:45:16 - DEBUG - urllib3.connectionpool -   https://s3.amazonaws.com:443 "HEAD /datasets.huggingface.co/datasets/metrics/evaluate-metric/f1/evaluate-metric/f1.py HTTP/1.1" 404 0
08/21/2023 08:45:16 - DEBUG - urllib3.connectionpool -   Starting new HTTPS connection (1): huggingface.co:443
08/21/2023 08:45:17 - DEBUG - urllib3.connectionpool -   https://huggingface.co:443 "HEAD /spaces/evaluate-metric/f1/resolve/v0.4.0/f1.py HTTP/1.1" 200 0
08/21/2023 08:45:17 - DEBUG - urllib3.connectionpool -   Starting new HTTPS connection (1): s3.amazonaws.com:443
08/21/2023 08:45:17 - DEBUG - urllib3.connectionpool -   https://s3.amazonaws.com:443 "HEAD /datasets.huggingface.co/datasets/metrics/evaluate-metric/spearmanr/evaluate-metric/spearmanr.py HTTP/1.1" 404 0
08/21/2023 08:45:17 - DEBUG - urllib3.connectionpool -   Starting new HTTPS connection (1): huggingface.co:443
08/21/2023 08:45:17 - DEBUG - urllib3.connectionpool -   https://huggingface.co:443 "HEAD /spaces/evaluate-metric/spearmanr/resolve/v0.4.0/spearmanr.py HTTP/1.1" 200 0
08/21/2023 08:45:20 - DEBUG - __main__ -   Training starts now. CPU mem usage: 14.32G.  Cuda 0: memory acclocated: 2 G.
08/21/2023 08:45:20 - DEBUG - helper.classes -   ----------- Starting epoch 1 -----------
{'loss': 1.8918, 'learning_rate': 9.46969696969697e-06, 'epoch': 0.32}
{'loss': 1.5143, 'learning_rate': 1.893939393939394e-05, 'epoch': 0.63}
{'loss': 1.3273, 'learning_rate': 2.8409090909090912e-05, 'epoch': 0.95}
08/21/2023 09:26:37 - DEBUG - helper.classes -   Epoch 1.0 completed, Duration: 0:41:16 Mem usage: CPU mem usage: 14.62G.  Cuda 0: memory acclocated: 18 G.
08/21/2023 09:28:37 - DEBUG - fsspec.local -   open file: /home/lunt1/.cache/huggingface/metrics/precision/default/default_experiment-1-0.arrow
08/21/2023 09:28:37 - DEBUG - fsspec.local -   open file: /home/lunt1/.cache/huggingface/metrics/recall/default/default_experiment-1-0.arrow
08/21/2023 09:28:37 - DEBUG - fsspec.local -   open file: /home/lunt1/.cache/huggingface/metrics/f1/default/default_experiment-1-0.arrow
08/21/2023 09:28:37 - DEBUG - fsspec.local -   open file: /home/lunt1/.cache/huggingface/metrics/spearmanr/default/default_experiment-1-0.arrow
08/21/2023 09:28:37 - DEBUG - fsspec.local -   open file: /home/lunt1/.cache/huggingface/metrics/precision/default/default_experiment-1-0.arrow
08/21/2023 09:28:37 - DEBUG - fsspec.local -   open file: /home/lunt1/.cache/huggingface/metrics/recall/default/default_experiment-1-0.arrow
08/21/2023 09:28:37 - DEBUG - fsspec.local -   open file: /home/lunt1/.cache/huggingface/metrics/f1/default/default_experiment-1-0.arrow
{'eval_loss': 1.36869215965271, 'eval_precision': 0.21486425089149336, 'eval_recall': 0.298966764073716, 'eval_f1': 0.20268603789980652, 'eval_spearmanr': 0.8187883612153884, 'eval_precision_weighted': 0.2886994632471219, 'eval_recall_weighted': 0.3560606060606061, 'eval_f1_weighted': 0.26126651725993655, 'eval_runtime': 119.8717, 'eval_samples_per_second': 4.405, 'eval_steps_per_second': 2.202, 'epoch': 1.0}
08/21/2023 09:28:43 - DEBUG - helper.classes -   ----------- Starting epoch 2.0 -----------
{'loss': 1.2358, 'learning_rate': 2.9124579124579127e-05, 'epoch': 1.26}
{'loss': 1.2206, 'learning_rate': 2.8072390572390573e-05, 'epoch': 1.58}
{'loss': 1.2039, 'learning_rate': 2.702020202020202e-05, 'epoch': 1.89}
08/21/2023 10:10:09 - DEBUG - helper.classes -   Epoch 2.0 completed, Duration: 0:41:25 Mem usage: CPU mem usage: 14.31G.  Cuda 0: memory acclocated: 18 G.
08/21/2023 10:12:08 - DEBUG - fsspec.local -   open file: /home/lunt1/.cache/huggingface/metrics/precision/default/default_experiment-1-0.arrow
08/21/2023 10:12:08 - DEBUG - fsspec.local -   open file: /home/lunt1/.cache/huggingface/metrics/recall/default/default_experiment-1-0.arrow
08/21/2023 10:12:08 - DEBUG - fsspec.local -   open file: /home/lunt1/.cache/huggingface/metrics/f1/default/default_experiment-1-0.arrow
08/21/2023 10:12:08 - DEBUG - fsspec.local -   open file: /home/lunt1/.cache/huggingface/metrics/spearmanr/default/default_experiment-1-0.arrow
08/21/2023 10:12:08 - DEBUG - fsspec.local -   open file: /home/lunt1/.cache/huggingface/metrics/precision/default/default_experiment-1-0.arrow
08/21/2023 10:12:08 - DEBUG - fsspec.local -   open file: /home/lunt1/.cache/huggingface/metrics/recall/default/default_experiment-1-0.arrow
08/21/2023 10:12:09 - DEBUG - fsspec.local -   open file: /home/lunt1/.cache/huggingface/metrics/f1/default/default_experiment-1-0.arrow
{'eval_loss': 1.298953890800476, 'eval_precision': 0.32007514115986513, 'eval_recall': 0.3343104662482653, 'eval_f1': 0.32285944964585805, 'eval_spearmanr': 0.8123682607385967, 'eval_precision_weighted': 0.44756524598469394, 'eval_recall_weighted': 0.4640151515151515, 'eval_f1_weighted': 0.4498621700740474, 'eval_runtime': 119.4504, 'eval_samples_per_second': 4.42, 'eval_steps_per_second': 2.21, 'epoch': 2.0}
08/21/2023 10:12:15 - DEBUG - helper.classes -   ----------- Starting epoch 3.0 -----------
{'loss': 1.0773, 'learning_rate': 2.596801346801347e-05, 'epoch': 2.21}
{'loss': 1.0909, 'learning_rate': 2.4915824915824916e-05, 'epoch': 2.53}
{'loss': 1.0557, 'learning_rate': 2.3863636363636362e-05, 'epoch': 2.84}
08/21/2023 10:53:13 - DEBUG - helper.classes -   Epoch 3.0 completed, Duration: 0:40:58 Mem usage: CPU mem usage: 14.35G.  Cuda 0: memory acclocated: 18 G.
08/21/2023 10:55:13 - DEBUG - fsspec.local -   open file: /home/lunt1/.cache/huggingface/metrics/precision/default/default_experiment-1-0.arrow
08/21/2023 10:55:13 - DEBUG - fsspec.local -   open file: /home/lunt1/.cache/huggingface/metrics/recall/default/default_experiment-1-0.arrow
08/21/2023 10:55:13 - DEBUG - fsspec.local -   open file: /home/lunt1/.cache/huggingface/metrics/f1/default/default_experiment-1-0.arrow
08/21/2023 10:55:13 - DEBUG - fsspec.local -   open file: /home/lunt1/.cache/huggingface/metrics/spearmanr/default/default_experiment-1-0.arrow
08/21/2023 10:55:14 - DEBUG - fsspec.local -   open file: /home/lunt1/.cache/huggingface/metrics/precision/default/default_experiment-1-0.arrow
08/21/2023 10:55:14 - DEBUG - fsspec.local -   open file: /home/lunt1/.cache/huggingface/metrics/recall/default/default_experiment-1-0.arrow
08/21/2023 10:55:14 - DEBUG - fsspec.local -   open file: /home/lunt1/.cache/huggingface/metrics/f1/default/default_experiment-1-0.arrow
{'eval_loss': 1.513849139213562, 'eval_precision': 0.3227303559837953, 'eval_recall': 0.33248992774745656, 'eval_f1': 0.3229799116838969, 'eval_spearmanr': 0.824652234532445, 'eval_precision_weighted': 0.44231165189607813, 'eval_recall_weighted': 0.4696969696969697, 'eval_f1_weighted': 0.4500986729736373, 'eval_runtime': 120.4505, 'eval_samples_per_second': 4.384, 'eval_steps_per_second': 2.192, 'epoch': 3.0}
08/21/2023 10:55:20 - DEBUG - helper.classes -   ----------- Starting epoch 4.0 -----------
{'loss': 0.9305, 'learning_rate': 2.2811447811447814e-05, 'epoch': 3.16}
{'loss': 0.9458, 'learning_rate': 2.175925925925926e-05, 'epoch': 3.47}
{'loss': 0.9387, 'learning_rate': 2.0707070707070705e-05, 'epoch': 3.79}
08/21/2023 11:36:14 - DEBUG - helper.classes -   Epoch 4.0 completed, Duration: 0:40:54 Mem usage: CPU mem usage: 14.36G.  Cuda 0: memory acclocated: 18 G.
08/21/2023 11:38:14 - DEBUG - fsspec.local -   open file: /home/lunt1/.cache/huggingface/metrics/precision/default/default_experiment-1-0.arrow
08/21/2023 11:38:14 - DEBUG - fsspec.local -   open file: /home/lunt1/.cache/huggingface/metrics/recall/default/default_experiment-1-0.arrow
08/21/2023 11:38:14 - DEBUG - fsspec.local -   open file: /home/lunt1/.cache/huggingface/metrics/f1/default/default_experiment-1-0.arrow
08/21/2023 11:38:14 - DEBUG - fsspec.local -   open file: /home/lunt1/.cache/huggingface/metrics/spearmanr/default/default_experiment-1-0.arrow
08/21/2023 11:38:14 - DEBUG - fsspec.local -   open file: /home/lunt1/.cache/huggingface/metrics/precision/default/default_experiment-1-0.arrow
08/21/2023 11:38:14 - DEBUG - fsspec.local -   open file: /home/lunt1/.cache/huggingface/metrics/recall/default/default_experiment-1-0.arrow
08/21/2023 11:38:14 - DEBUG - fsspec.local -   open file: /home/lunt1/.cache/huggingface/metrics/f1/default/default_experiment-1-0.arrow
{'eval_loss': 2.4102046489715576, 'eval_precision': 0.31530196784630427, 'eval_recall': 0.32397073092963885, 'eval_f1': 0.3066072331109925, 'eval_spearmanr': 0.8142434169401216, 'eval_precision_weighted': 0.4402434543096227, 'eval_recall_weighted': 0.4356060606060606, 'eval_f1_weighted': 0.4212093637258111, 'eval_runtime': 119.9453, 'eval_samples_per_second': 4.402, 'eval_steps_per_second': 2.201, 'epoch': 4.0}
08/21/2023 11:38:20 - DEBUG - helper.classes -   ----------- Starting epoch 5.0 -----------
{'loss': 0.9264, 'learning_rate': 1.9654882154882158e-05, 'epoch': 4.1}
{'loss': 0.8356, 'learning_rate': 1.8602693602693603e-05, 'epoch': 4.42}
{'loss': 0.8755, 'learning_rate': 1.755050505050505e-05, 'epoch': 4.73}
08/21/2023 12:20:06 - DEBUG - helper.classes -   Epoch 5.0 completed, Duration: 0:41:45 Mem usage: CPU mem usage: 14.33G.  Cuda 0: memory acclocated: 18 G.
08/21/2023 12:22:07 - DEBUG - fsspec.local -   open file: /home/lunt1/.cache/huggingface/metrics/precision/default/default_experiment-1-0.arrow
08/21/2023 12:22:07 - DEBUG - fsspec.local -   open file: /home/lunt1/.cache/huggingface/metrics/recall/default/default_experiment-1-0.arrow
08/21/2023 12:22:07 - DEBUG - fsspec.local -   open file: /home/lunt1/.cache/huggingface/metrics/f1/default/default_experiment-1-0.arrow
08/21/2023 12:22:07 - DEBUG - fsspec.local -   open file: /home/lunt1/.cache/huggingface/metrics/spearmanr/default/default_experiment-1-0.arrow
08/21/2023 12:22:07 - DEBUG - fsspec.local -   open file: /home/lunt1/.cache/huggingface/metrics/precision/default/default_experiment-1-0.arrow
08/21/2023 12:22:07 - DEBUG - fsspec.local -   open file: /home/lunt1/.cache/huggingface/metrics/recall/default/default_experiment-1-0.arrow
08/21/2023 12:22:07 - DEBUG - fsspec.local -   open file: /home/lunt1/.cache/huggingface/metrics/f1/default/default_experiment-1-0.arrow
{'eval_loss': 3.0581166744232178, 'eval_precision': 0.3106211384075161, 'eval_recall': 0.31383027095805033, 'eval_f1': 0.2965451259519001, 'eval_spearmanr': 0.7968163913137924, 'eval_precision_weighted': 0.4288115374829068, 'eval_recall_weighted': 0.42613636363636365, 'eval_f1_weighted': 0.4041607545205078, 'eval_runtime': 120.4201, 'eval_samples_per_second': 4.385, 'eval_steps_per_second': 2.192, 'epoch': 5.0}
08/21/2023 12:22:13 - DEBUG - helper.classes -   ----------- Starting epoch 6.0 -----------
{'loss': 0.9475, 'learning_rate': 1.64983164983165e-05, 'epoch': 5.05}
{'loss': 0.7883, 'learning_rate': 1.5446127946127947e-05, 'epoch': 5.37}
{'loss': 0.8107, 'learning_rate': 1.4393939393939394e-05, 'epoch': 5.68}
{'loss': 0.8587, 'learning_rate': 1.3341750841750843e-05, 'epoch': 6.0}
08/21/2023 13:03:45 - DEBUG - helper.classes -   Epoch 6.0 completed, Duration: 0:41:31 Mem usage: CPU mem usage: 14.34G.  Cuda 0: memory acclocated: 18 G.
08/21/2023 13:05:46 - DEBUG - fsspec.local -   open file: /home/lunt1/.cache/huggingface/metrics/precision/default/default_experiment-1-0.arrow
08/21/2023 13:05:46 - DEBUG - fsspec.local -   open file: /home/lunt1/.cache/huggingface/metrics/recall/default/default_experiment-1-0.arrow
08/21/2023 13:05:46 - DEBUG - fsspec.local -   open file: /home/lunt1/.cache/huggingface/metrics/f1/default/default_experiment-1-0.arrow
08/21/2023 13:05:46 - DEBUG - fsspec.local -   open file: /home/lunt1/.cache/huggingface/metrics/spearmanr/default/default_experiment-1-0.arrow
08/21/2023 13:05:46 - DEBUG - fsspec.local -   open file: /home/lunt1/.cache/huggingface/metrics/precision/default/default_experiment-1-0.arrow
08/21/2023 13:05:46 - DEBUG - fsspec.local -   open file: /home/lunt1/.cache/huggingface/metrics/recall/default/default_experiment-1-0.arrow
08/21/2023 13:05:46 - DEBUG - fsspec.local -   open file: /home/lunt1/.cache/huggingface/metrics/f1/default/default_experiment-1-0.arrow
{'eval_loss': 3.2807774543762207, 'eval_precision': 0.3230059195815939, 'eval_recall': 0.3384044326065153, 'eval_f1': 0.3282036361560675, 'eval_spearmanr': 0.8169094297340899, 'eval_precision_weighted': 0.4494429123625097, 'eval_recall_weighted': 0.4659090909090909, 'eval_f1_weighted': 0.45440984165539045, 'eval_runtime': 121.3647, 'eval_samples_per_second': 4.351, 'eval_steps_per_second': 2.175, 'epoch': 6.0}
08/21/2023 13:05:53 - DEBUG - helper.classes -   ----------- Starting epoch 7.0 -----------
{'loss': 0.7848, 'learning_rate': 1.228956228956229e-05, 'epoch': 6.31}
{'loss': 0.6208, 'learning_rate': 1.1237373737373737e-05, 'epoch': 6.63}
{'loss': 0.6954, 'learning_rate': 1.0185185185185186e-05, 'epoch': 6.94}
08/21/2023 13:47:30 - DEBUG - helper.classes -   Epoch 7.0 completed, Duration: 0:41:37 Mem usage: CPU mem usage: 14.34G.  Cuda 0: memory acclocated: 18 G.
08/21/2023 13:49:32 - DEBUG - fsspec.local -   open file: /home/lunt1/.cache/huggingface/metrics/precision/default/default_experiment-1-0.arrow
08/21/2023 13:49:32 - DEBUG - fsspec.local -   open file: /home/lunt1/.cache/huggingface/metrics/recall/default/default_experiment-1-0.arrow
08/21/2023 13:49:32 - DEBUG - fsspec.local -   open file: /home/lunt1/.cache/huggingface/metrics/f1/default/default_experiment-1-0.arrow
08/21/2023 13:49:32 - DEBUG - fsspec.local -   open file: /home/lunt1/.cache/huggingface/metrics/spearmanr/default/default_experiment-1-0.arrow
08/21/2023 13:49:32 - DEBUG - fsspec.local -   open file: /home/lunt1/.cache/huggingface/metrics/precision/default/default_experiment-1-0.arrow
08/21/2023 13:49:32 - DEBUG - fsspec.local -   open file: /home/lunt1/.cache/huggingface/metrics/recall/default/default_experiment-1-0.arrow
08/21/2023 13:49:32 - DEBUG - fsspec.local -   open file: /home/lunt1/.cache/huggingface/metrics/f1/default/default_experiment-1-0.arrow
{'eval_loss': 3.9629368782043457, 'eval_precision': 0.30337729466110286, 'eval_recall': 0.30333149119386105, 'eval_f1': 0.2937819213832426, 'eval_spearmanr': 0.7729869820596033, 'eval_precision_weighted': 0.42199731948041547, 'eval_recall_weighted': 0.4128787878787879, 'eval_f1_weighted': 0.4034637022604448, 'eval_runtime': 121.8103, 'eval_samples_per_second': 4.335, 'eval_steps_per_second': 2.167, 'epoch': 7.0}
08/21/2023 13:49:39 - DEBUG - helper.classes -   ----------- Starting epoch 8.0 -----------
{'loss': 0.626, 'learning_rate': 9.132996632996632e-06, 'epoch': 7.26}
{'loss': 0.5703, 'learning_rate': 8.08080808080808e-06, 'epoch': 7.58}
{'loss': 0.5502, 'learning_rate': 7.028619528619529e-06, 'epoch': 7.89}
08/21/2023 14:31:03 - DEBUG - helper.classes -   Epoch 8.0 completed, Duration: 0:41:23 Mem usage: CPU mem usage: 14.36G.  Cuda 0: memory acclocated: 18 G.
08/21/2023 14:33:05 - DEBUG - fsspec.local -   open file: /home/lunt1/.cache/huggingface/metrics/precision/default/default_experiment-1-0.arrow
08/21/2023 14:33:05 - DEBUG - fsspec.local -   open file: /home/lunt1/.cache/huggingface/metrics/recall/default/default_experiment-1-0.arrow
08/21/2023 14:33:05 - DEBUG - fsspec.local -   open file: /home/lunt1/.cache/huggingface/metrics/f1/default/default_experiment-1-0.arrow
08/21/2023 14:33:05 - DEBUG - fsspec.local -   open file: /home/lunt1/.cache/huggingface/metrics/spearmanr/default/default_experiment-1-0.arrow
08/21/2023 14:33:05 - DEBUG - fsspec.local -   open file: /home/lunt1/.cache/huggingface/metrics/precision/default/default_experiment-1-0.arrow
08/21/2023 14:33:05 - DEBUG - fsspec.local -   open file: /home/lunt1/.cache/huggingface/metrics/recall/default/default_experiment-1-0.arrow
08/21/2023 14:33:05 - DEBUG - fsspec.local -   open file: /home/lunt1/.cache/huggingface/metrics/f1/default/default_experiment-1-0.arrow
{'eval_loss': 4.135971546173096, 'eval_precision': 0.2886783601097239, 'eval_recall': 0.3010904589359416, 'eval_f1': 0.29111693872404415, 'eval_spearmanr': 0.7656304441298343, 'eval_precision_weighted': 0.3988713228127014, 'eval_recall_weighted': 0.4034090909090909, 'eval_f1_weighted': 0.3964512584087759, 'eval_runtime': 121.8989, 'eval_samples_per_second': 4.331, 'eval_steps_per_second': 2.166, 'epoch': 8.0}
08/21/2023 14:33:11 - DEBUG - helper.classes -   ----------- Starting epoch 9.0 -----------
{'loss': 0.5695, 'learning_rate': 5.976430976430977e-06, 'epoch': 8.21}
{'loss': 0.525, 'learning_rate': 4.924242424242424e-06, 'epoch': 8.52}
{'loss': 0.5705, 'learning_rate': 3.872053872053872e-06, 'epoch': 8.84}
08/21/2023 15:14:22 - DEBUG - helper.classes -   Epoch 9.0 completed, Duration: 0:41:10 Mem usage: CPU mem usage: 14.36G.  Cuda 0: memory acclocated: 18 G.
08/21/2023 15:16:24 - DEBUG - fsspec.local -   open file: /home/lunt1/.cache/huggingface/metrics/precision/default/default_experiment-1-0.arrow
08/21/2023 15:16:24 - DEBUG - fsspec.local -   open file: /home/lunt1/.cache/huggingface/metrics/recall/default/default_experiment-1-0.arrow
08/21/2023 15:16:24 - DEBUG - fsspec.local -   open file: /home/lunt1/.cache/huggingface/metrics/f1/default/default_experiment-1-0.arrow
08/21/2023 15:16:24 - DEBUG - fsspec.local -   open file: /home/lunt1/.cache/huggingface/metrics/spearmanr/default/default_experiment-1-0.arrow
08/21/2023 15:16:24 - DEBUG - fsspec.local -   open file: /home/lunt1/.cache/huggingface/metrics/precision/default/default_experiment-1-0.arrow
08/21/2023 15:16:24 - DEBUG - fsspec.local -   open file: /home/lunt1/.cache/huggingface/metrics/recall/default/default_experiment-1-0.arrow
08/21/2023 15:16:24 - DEBUG - fsspec.local -   open file: /home/lunt1/.cache/huggingface/metrics/f1/default/default_experiment-1-0.arrow
{'eval_loss': 4.096343994140625, 'eval_precision': 0.29917610490637697, 'eval_recall': 0.3082889575008911, 'eval_f1': 0.299564348774586, 'eval_spearmanr': 0.7858237694581471, 'eval_precision_weighted': 0.41701181316188707, 'eval_recall_weighted': 0.42992424242424243, 'eval_f1_weighted': 0.41720668462884414, 'eval_runtime': 122.2665, 'eval_samples_per_second': 4.318, 'eval_steps_per_second': 2.159, 'epoch': 9.0}
08/21/2023 15:16:32 - DEBUG - helper.classes -   ----------- Starting epoch 10.0 -----------
{'loss': 0.5224, 'learning_rate': 2.81986531986532e-06, 'epoch': 9.15}
{'loss': 0.4665, 'learning_rate': 1.7676767676767678e-06, 'epoch': 9.47}
{'loss': 0.5492, 'learning_rate': 7.154882154882155e-07, 'epoch': 9.79}
08/21/2023 15:58:09 - DEBUG - helper.classes -   Epoch 10.0 completed, Duration: 0:41:37 Mem usage: CPU mem usage: 14.35G.  Cuda 0: memory acclocated: 18 G.
08/21/2023 16:00:11 - DEBUG - fsspec.local -   open file: /home/lunt1/.cache/huggingface/metrics/precision/default/default_experiment-1-0.arrow
08/21/2023 16:00:11 - DEBUG - fsspec.local -   open file: /home/lunt1/.cache/huggingface/metrics/recall/default/default_experiment-1-0.arrow
08/21/2023 16:00:11 - DEBUG - fsspec.local -   open file: /home/lunt1/.cache/huggingface/metrics/f1/default/default_experiment-1-0.arrow
08/21/2023 16:00:11 - DEBUG - fsspec.local -   open file: /home/lunt1/.cache/huggingface/metrics/spearmanr/default/default_experiment-1-0.arrow
08/21/2023 16:00:11 - DEBUG - fsspec.local -   open file: /home/lunt1/.cache/huggingface/metrics/precision/default/default_experiment-1-0.arrow
08/21/2023 16:00:11 - DEBUG - fsspec.local -   open file: /home/lunt1/.cache/huggingface/metrics/recall/default/default_experiment-1-0.arrow
08/21/2023 16:00:11 - DEBUG - fsspec.local -   open file: /home/lunt1/.cache/huggingface/metrics/f1/default/default_experiment-1-0.arrow
{'eval_loss': 4.1573052406311035, 'eval_precision': 0.31112124065915264, 'eval_recall': 0.3212927423453739, 'eval_f1': 0.3116876459239554, 'eval_spearmanr': 0.7860601638266178, 'eval_precision_weighted': 0.43049910118327356, 'eval_recall_weighted': 0.4412878787878788, 'eval_f1_weighted': 0.42920833572193234, 'eval_runtime': 121.52, 'eval_samples_per_second': 4.345, 'eval_steps_per_second': 2.172, 'epoch': 10.0}
{'train_runtime': 26102.0949, 'train_samples_per_second': 1.214, 'train_steps_per_second': 0.607, 'train_loss': 0.8815429533370818, 'epoch': 10.0}
08/21/2023 16:00:23 - INFO - __main__ -   Training completed. Duration: 7:15:02
08/21/2023 16:02:24 - DEBUG - fsspec.local -   open file: /home/lunt1/.cache/huggingface/metrics/precision/default/default_experiment-1-0.arrow
08/21/2023 16:02:24 - DEBUG - fsspec.local -   open file: /home/lunt1/.cache/huggingface/metrics/recall/default/default_experiment-1-0.arrow
08/21/2023 16:02:24 - DEBUG - fsspec.local -   open file: /home/lunt1/.cache/huggingface/metrics/f1/default/default_experiment-1-0.arrow
08/21/2023 16:02:24 - DEBUG - fsspec.local -   open file: /home/lunt1/.cache/huggingface/metrics/spearmanr/default/default_experiment-1-0.arrow
08/21/2023 16:02:24 - DEBUG - fsspec.local -   open file: /home/lunt1/.cache/huggingface/metrics/precision/default/default_experiment-1-0.arrow
08/21/2023 16:02:24 - DEBUG - fsspec.local -   open file: /home/lunt1/.cache/huggingface/metrics/recall/default/default_experiment-1-0.arrow
08/21/2023 16:02:24 - DEBUG - fsspec.local -   open file: /home/lunt1/.cache/huggingface/metrics/f1/default/default_experiment-1-0.arrow
08/21/2023 16:02:24 - DEBUG - fsspec.local -   open file: /home/lunt1/.cache/huggingface/metrics/precision/default/default_experiment-1-0.arrow
08/21/2023 16:02:24 - DEBUG - fsspec.local -   open file: /home/lunt1/.cache/huggingface/metrics/recall/default/default_experiment-1-0.arrow
08/21/2023 16:02:24 - DEBUG - fsspec.local -   open file: /home/lunt1/.cache/huggingface/metrics/f1/default/default_experiment-1-0.arrow
08/21/2023 16:02:24 - DEBUG - fsspec.local -   open file: /home/lunt1/.cache/huggingface/metrics/spearmanr/default/default_experiment-1-0.arrow
08/21/2023 16:02:24 - DEBUG - fsspec.local -   open file: /home/lunt1/.cache/huggingface/metrics/precision/default/default_experiment-1-0.arrow
08/21/2023 16:02:24 - DEBUG - fsspec.local -   open file: /home/lunt1/.cache/huggingface/metrics/recall/default/default_experiment-1-0.arrow
08/21/2023 16:02:24 - DEBUG - fsspec.local -   open file: /home/lunt1/.cache/huggingface/metrics/f1/default/default_experiment-1-0.arrow
08/21/2023 16:02:24 - DEBUG - __main__ -   label: 5
08/21/2023 16:02:24 - DEBUG - __main__ -   pred: 5
08/21/2023 16:02:24 - DEBUG - __main__ -   label: 3
08/21/2023 16:02:24 - DEBUG - __main__ -   pred: 4
08/21/2023 16:02:24 - DEBUG - __main__ -   label: 5
08/21/2023 16:02:24 - DEBUG - __main__ -   pred: 4
08/21/2023 16:02:24 - DEBUG - __main__ -   label: 3
08/21/2023 16:02:24 - DEBUG - __main__ -   pred: 3
08/21/2023 16:02:24 - DEBUG - __main__ -   label: 4
08/21/2023 16:02:24 - DEBUG - __main__ -   pred: 5
08/21/2023 16:02:24 - DEBUG - __main__ -   label: 4
08/21/2023 16:02:24 - DEBUG - __main__ -   pred: 3
08/21/2023 16:02:24 - DEBUG - __main__ -   label: 6
08/21/2023 16:02:24 - DEBUG - __main__ -   pred: 4
08/21/2023 16:02:24 - DEBUG - __main__ -   label: 3
08/21/2023 16:02:24 - DEBUG - __main__ -   pred: 3
08/21/2023 16:02:24 - DEBUG - __main__ -   label: 4
08/21/2023 16:02:24 - DEBUG - __main__ -   pred: 5
08/21/2023 16:02:24 - DEBUG - __main__ -   label: 4
08/21/2023 16:02:24 - DEBUG - __main__ -   pred: 4
08/21/2023 16:02:24 - DEBUG - __main__ -   label: 4
08/21/2023 16:02:24 - DEBUG - __main__ -   pred: 4
08/21/2023 16:02:24 - DEBUG - __main__ -   label: 3
08/21/2023 16:02:24 - DEBUG - __main__ -   pred: 3
08/21/2023 16:02:24 - DEBUG - __main__ -   label: 5
08/21/2023 16:02:24 - DEBUG - __main__ -   pred: 4
08/21/2023 16:02:24 - DEBUG - __main__ -   label: 3
08/21/2023 16:02:24 - DEBUG - __main__ -   pred: 4
08/21/2023 16:02:24 - DEBUG - __main__ -   label: 2
08/21/2023 16:02:24 - DEBUG - __main__ -   pred: 3
08/21/2023 16:02:24 - DEBUG - __main__ -   label: 3
08/21/2023 16:02:24 - DEBUG - __main__ -   pred: 4
08/21/2023 16:02:24 - DEBUG - __main__ -   label: 6
08/21/2023 16:02:24 - DEBUG - __main__ -   pred: 5
08/21/2023 16:02:24 - DEBUG - __main__ -   label: 6
08/21/2023 16:02:24 - DEBUG - __main__ -   pred: 5
08/21/2023 16:02:24 - DEBUG - __main__ -   label: 3
08/21/2023 16:02:24 - DEBUG - __main__ -   pred: 3
08/21/2023 16:02:24 - DEBUG - __main__ -   label: 6
08/21/2023 16:02:24 - DEBUG - __main__ -   pred: 4
08/21/2023 16:02:24 - DEBUG - __main__ -   label: 5
08/21/2023 16:02:24 - DEBUG - __main__ -   pred: 5
08/21/2023 16:02:24 - DEBUG - __main__ -   label: 2
08/21/2023 16:02:24 - DEBUG - __main__ -   pred: 3
08/21/2023 16:02:24 - DEBUG - __main__ -   label: 6
08/21/2023 16:02:24 - DEBUG - __main__ -   pred: 4
08/21/2023 16:02:24 - DEBUG - __main__ -   label: 5
08/21/2023 16:02:24 - DEBUG - __main__ -   pred: 4
08/21/2023 16:02:24 - DEBUG - __main__ -   label: 5
08/21/2023 16:02:24 - DEBUG - __main__ -   pred: 3
08/21/2023 16:02:24 - DEBUG - __main__ -   label: 4
08/21/2023 16:02:24 - DEBUG - __main__ -   pred: 3
08/21/2023 16:02:24 - DEBUG - __main__ -   label: 5
08/21/2023 16:02:24 - DEBUG - __main__ -   pred: 3
08/21/2023 16:02:24 - DEBUG - __main__ -   label: 3
08/21/2023 16:02:24 - DEBUG - __main__ -   pred: 3
08/21/2023 16:02:24 - DEBUG - __main__ -   label: 4
08/21/2023 16:02:24 - DEBUG - __main__ -   pred: 4
08/21/2023 16:02:24 - DEBUG - __main__ -   label: 4
08/21/2023 16:02:24 - DEBUG - __main__ -   pred: 3
08/21/2023 16:02:24 - DEBUG - __main__ -   label: 5
08/21/2023 16:02:24 - DEBUG - __main__ -   pred: 4
08/21/2023 16:02:24 - DEBUG - __main__ -   label: 4
08/21/2023 16:02:24 - DEBUG - __main__ -   pred: 4
08/21/2023 16:02:24 - DEBUG - __main__ -   label: 6
08/21/2023 16:02:24 - DEBUG - __main__ -   pred: 5
08/21/2023 16:02:24 - DEBUG - __main__ -   label: 6
08/21/2023 16:02:24 - DEBUG - __main__ -   pred: 4
08/21/2023 16:02:24 - DEBUG - __main__ -   label: 2
08/21/2023 16:02:24 - DEBUG - __main__ -   pred: 3
08/21/2023 16:02:24 - DEBUG - __main__ -   label: 3
08/21/2023 16:02:24 - DEBUG - __main__ -   pred: 4
08/21/2023 16:02:24 - DEBUG - __main__ -   label: 5
08/21/2023 16:02:24 - DEBUG - __main__ -   pred: 4
08/21/2023 16:02:24 - DEBUG - __main__ -   label: 5
08/21/2023 16:02:24 - DEBUG - __main__ -   pred: 5
08/21/2023 16:02:24 - DEBUG - __main__ -   label: 6
08/21/2023 16:02:24 - DEBUG - __main__ -   pred: 5
08/21/2023 16:02:24 - DEBUG - __main__ -   label: 4
08/21/2023 16:02:24 - DEBUG - __main__ -   pred: 5
08/21/2023 16:02:24 - DEBUG - __main__ -   label: 3
08/21/2023 16:02:24 - DEBUG - __main__ -   pred: 3
08/21/2023 16:02:24 - DEBUG - __main__ -   label: 4
08/21/2023 16:02:24 - DEBUG - __main__ -   pred: 3
08/21/2023 16:02:24 - DEBUG - __main__ -   label: 1
08/21/2023 16:02:24 - DEBUG - __main__ -   pred: 1
08/21/2023 16:02:24 - DEBUG - __main__ -   label: 4
08/21/2023 16:02:24 - DEBUG - __main__ -   pred: 3
08/21/2023 16:02:24 - DEBUG - __main__ -   label: 5
08/21/2023 16:02:24 - DEBUG - __main__ -   pred: 4
08/21/2023 16:02:24 - DEBUG - __main__ -   label: 2
08/21/2023 16:02:24 - DEBUG - __main__ -   pred: 2
08/21/2023 16:02:24 - DEBUG - __main__ -   label: 4
08/21/2023 16:02:24 - DEBUG - __main__ -   pred: 3
08/21/2023 16:02:24 - DEBUG - __main__ -   label: 4
08/21/2023 16:02:24 - DEBUG - __main__ -   pred: 4
08/21/2023 16:02:24 - DEBUG - __main__ -   label: 4
08/21/2023 16:02:24 - DEBUG - __main__ -   pred: 5
08/21/2023 16:02:24 - DEBUG - __main__ -   label: 5
08/21/2023 16:02:24 - DEBUG - __main__ -   pred: 4
08/21/2023 16:02:24 - DEBUG - __main__ -   label: 4
08/21/2023 16:02:24 - DEBUG - __main__ -   pred: 4
08/21/2023 16:02:24 - DEBUG - __main__ -   label: 5
08/21/2023 16:02:24 - DEBUG - __main__ -   pred: 4
08/21/2023 16:02:24 - DEBUG - __main__ -   label: 3
08/21/2023 16:02:24 - DEBUG - __main__ -   pred: 4
08/21/2023 16:02:24 - DEBUG - __main__ -   label: 4
08/21/2023 16:02:24 - DEBUG - __main__ -   pred: 4
08/21/2023 16:02:24 - DEBUG - __main__ -   label: 4
08/21/2023 16:02:24 - DEBUG - __main__ -   pred: 3
08/21/2023 16:02:24 - DEBUG - __main__ -   label: 4
08/21/2023 16:02:24 - DEBUG - __main__ -   pred: 3
08/21/2023 16:02:24 - DEBUG - __main__ -   label: 4
08/21/2023 16:02:24 - DEBUG - __main__ -   pred: 5
08/21/2023 16:02:24 - DEBUG - __main__ -   label: 5
08/21/2023 16:02:24 - DEBUG - __main__ -   pred: 5
08/21/2023 16:02:24 - DEBUG - __main__ -   label: 4
08/21/2023 16:02:24 - DEBUG - __main__ -   pred: 4
08/21/2023 16:02:24 - DEBUG - __main__ -   label: 3
08/21/2023 16:02:24 - DEBUG - __main__ -   pred: 3
08/21/2023 16:02:24 - DEBUG - __main__ -   label: 4
08/21/2023 16:02:24 - DEBUG - __main__ -   pred: 5
08/21/2023 16:02:24 - DEBUG - __main__ -   label: 3
08/21/2023 16:02:24 - DEBUG - __main__ -   pred: 3
08/21/2023 16:02:24 - DEBUG - __main__ -   label: 3
08/21/2023 16:02:24 - DEBUG - __main__ -   pred: 3
08/21/2023 16:02:24 - DEBUG - __main__ -   label: 3
08/21/2023 16:02:24 - DEBUG - __main__ -   pred: 3
08/21/2023 16:02:24 - DEBUG - __main__ -   label: 2
08/21/2023 16:02:24 - DEBUG - __main__ -   pred: 3
08/21/2023 16:02:24 - DEBUG - __main__ -   label: 3
08/21/2023 16:02:24 - DEBUG - __main__ -   pred: 3
08/21/2023 16:02:24 - DEBUG - __main__ -   label: 6
08/21/2023 16:02:24 - DEBUG - __main__ -   pred: 5
08/21/2023 16:02:24 - DEBUG - __main__ -   label: 4
08/21/2023 16:02:24 - DEBUG - __main__ -   pred: 5
08/21/2023 16:02:24 - DEBUG - __main__ -   label: 4
08/21/2023 16:02:24 - DEBUG - __main__ -   pred: 3
08/21/2023 16:02:24 - DEBUG - __main__ -   label: 6
08/21/2023 16:02:24 - DEBUG - __main__ -   pred: 5
08/21/2023 16:02:24 - DEBUG - __main__ -   label: 4
08/21/2023 16:02:24 - DEBUG - __main__ -   pred: 4
08/21/2023 16:02:24 - DEBUG - __main__ -   label: 3
08/21/2023 16:02:24 - DEBUG - __main__ -   pred: 4
08/21/2023 16:02:24 - DEBUG - __main__ -   label: 4
08/21/2023 16:02:24 - DEBUG - __main__ -   pred: 4
08/21/2023 16:02:24 - DEBUG - __main__ -   label: 3
08/21/2023 16:02:24 - DEBUG - __main__ -   pred: 3
08/21/2023 16:02:24 - DEBUG - __main__ -   label: 3
08/21/2023 16:02:24 - DEBUG - __main__ -   pred: 5
08/21/2023 16:02:24 - DEBUG - __main__ -   label: 3
08/21/2023 16:02:24 - DEBUG - __main__ -   pred: 3
08/21/2023 16:02:24 - DEBUG - __main__ -   label: 5
08/21/2023 16:02:24 - DEBUG - __main__ -   pred: 3
08/21/2023 16:02:24 - DEBUG - __main__ -   label: 5
08/21/2023 16:02:24 - DEBUG - __main__ -   pred: 5
08/21/2023 16:02:24 - DEBUG - __main__ -   label: 3
08/21/2023 16:02:24 - DEBUG - __main__ -   pred: 2
08/21/2023 16:02:24 - DEBUG - __main__ -   label: 6
08/21/2023 16:02:24 - DEBUG - __main__ -   pred: 4
08/21/2023 16:02:24 - DEBUG - __main__ -   label: 3
08/21/2023 16:02:24 - DEBUG - __main__ -   pred: 4
08/21/2023 16:02:24 - DEBUG - __main__ -   label: 5
08/21/2023 16:02:24 - DEBUG - __main__ -   pred: 5
08/21/2023 16:02:24 - DEBUG - __main__ -   label: 4
08/21/2023 16:02:24 - DEBUG - __main__ -   pred: 4
08/21/2023 16:02:24 - DEBUG - __main__ -   label: 1
08/21/2023 16:02:24 - DEBUG - __main__ -   pred: 2
08/21/2023 16:02:24 - DEBUG - __main__ -   label: 4
08/21/2023 16:02:24 - DEBUG - __main__ -   pred: 5
08/21/2023 16:02:24 - DEBUG - __main__ -   label: 5
08/21/2023 16:02:24 - DEBUG - __main__ -   pred: 5
08/21/2023 16:02:24 - DEBUG - __main__ -   label: 6
08/21/2023 16:02:24 - DEBUG - __main__ -   pred: 5
08/21/2023 16:02:24 - DEBUG - __main__ -   label: 3
08/21/2023 16:02:24 - DEBUG - __main__ -   pred: 3
08/21/2023 16:02:24 - DEBUG - __main__ -   label: 3
08/21/2023 16:02:24 - DEBUG - __main__ -   pred: 3
08/21/2023 16:02:24 - DEBUG - __main__ -   label: 4
08/21/2023 16:02:24 - DEBUG - __main__ -   pred: 4
08/21/2023 16:02:24 - DEBUG - __main__ -   label: 2
08/21/2023 16:02:24 - DEBUG - __main__ -   pred: 3
08/21/2023 16:02:24 - DEBUG - __main__ -   label: 4
08/21/2023 16:02:24 - DEBUG - __main__ -   pred: 3
08/21/2023 16:02:24 - DEBUG - __main__ -   label: 3
08/21/2023 16:02:24 - DEBUG - __main__ -   pred: 3
08/21/2023 16:02:24 - DEBUG - __main__ -   label: 3
08/21/2023 16:02:24 - DEBUG - __main__ -   pred: 2
08/21/2023 16:02:24 - DEBUG - __main__ -   label: 2
08/21/2023 16:02:24 - DEBUG - __main__ -   pred: 3
08/21/2023 16:02:24 - DEBUG - __main__ -   label: 3
08/21/2023 16:02:24 - DEBUG - __main__ -   pred: 4
08/21/2023 16:02:24 - DEBUG - __main__ -   label: 4
08/21/2023 16:02:24 - DEBUG - __main__ -   pred: 4
08/21/2023 16:02:24 - DEBUG - __main__ -   label: 4
08/21/2023 16:02:24 - DEBUG - __main__ -   pred: 5
08/21/2023 16:02:24 - DEBUG - __main__ -   label: 3
08/21/2023 16:02:24 - DEBUG - __main__ -   pred: 3
08/21/2023 16:02:24 - DEBUG - __main__ -   label: 4
08/21/2023 16:02:24 - DEBUG - __main__ -   pred: 5
08/21/2023 16:02:24 - DEBUG - __main__ -   label: 4
08/21/2023 16:02:24 - DEBUG - __main__ -   pred: 4
08/21/2023 16:02:24 - DEBUG - __main__ -   label: 5
08/21/2023 16:02:24 - DEBUG - __main__ -   pred: 4
08/21/2023 16:02:24 - DEBUG - __main__ -   label: 4
08/21/2023 16:02:24 - DEBUG - __main__ -   pred: 5
08/21/2023 16:02:24 - DEBUG - __main__ -   label: 3
08/21/2023 16:02:24 - DEBUG - __main__ -   pred: 4
08/21/2023 16:02:24 - DEBUG - __main__ -   label: 4
08/21/2023 16:02:24 - DEBUG - __main__ -   pred: 3
08/21/2023 16:02:24 - DEBUG - __main__ -   label: 6
08/21/2023 16:02:24 - DEBUG - __main__ -   pred: 5
08/21/2023 16:02:24 - DEBUG - __main__ -   label: 5
08/21/2023 16:02:24 - DEBUG - __main__ -   pred: 5
08/21/2023 16:02:24 - DEBUG - __main__ -   label: 6
08/21/2023 16:02:24 - DEBUG - __main__ -   pred: 5
08/21/2023 16:02:24 - DEBUG - __main__ -   label: 3
08/21/2023 16:02:24 - DEBUG - __main__ -   pred: 3
08/21/2023 16:02:24 - DEBUG - __main__ -   label: 4
08/21/2023 16:02:24 - DEBUG - __main__ -   pred: 4
08/21/2023 16:02:24 - DEBUG - __main__ -   label: 4
08/21/2023 16:02:24 - DEBUG - __main__ -   pred: 3
08/21/2023 16:02:24 - DEBUG - __main__ -   label: 3
08/21/2023 16:02:24 - DEBUG - __main__ -   pred: 2
08/21/2023 16:02:24 - DEBUG - __main__ -   label: 2
08/21/2023 16:02:24 - DEBUG - __main__ -   pred: 3
08/21/2023 16:02:24 - DEBUG - __main__ -   label: 3
08/21/2023 16:02:24 - DEBUG - __main__ -   pred: 4
08/21/2023 16:02:24 - DEBUG - __main__ -   label: 2
08/21/2023 16:02:24 - DEBUG - __main__ -   pred: 3
08/21/2023 16:02:24 - DEBUG - __main__ -   label: 3
08/21/2023 16:02:24 - DEBUG - __main__ -   pred: 3
08/21/2023 16:02:24 - DEBUG - __main__ -   label: 1
08/21/2023 16:02:24 - DEBUG - __main__ -   pred: 2
08/21/2023 16:02:24 - DEBUG - __main__ -   label: 2
08/21/2023 16:02:24 - DEBUG - __main__ -   pred: 2
08/21/2023 16:02:24 - DEBUG - __main__ -   label: 1
08/21/2023 16:02:24 - DEBUG - __main__ -   pred: 2
08/21/2023 16:02:24 - DEBUG - __main__ -   label: 1
08/21/2023 16:02:24 - DEBUG - __main__ -   pred: 1
08/21/2023 16:02:24 - DEBUG - __main__ -   label: 2
08/21/2023 16:02:24 - DEBUG - __main__ -   pred: 2
08/21/2023 16:02:24 - DEBUG - __main__ -   label: 2
08/21/2023 16:02:24 - DEBUG - __main__ -   pred: 2
08/21/2023 16:02:24 - DEBUG - __main__ -   label: 1
08/21/2023 16:02:24 - DEBUG - __main__ -   pred: 2
08/21/2023 16:02:24 - DEBUG - __main__ -   label: 0
08/21/2023 16:02:24 - DEBUG - __main__ -   pred: 1
08/21/2023 16:02:24 - DEBUG - __main__ -   label: 2
08/21/2023 16:02:24 - DEBUG - __main__ -   pred: 2
08/21/2023 16:02:24 - DEBUG - __main__ -   label: 1
08/21/2023 16:02:24 - DEBUG - __main__ -   pred: 2
08/21/2023 16:02:24 - DEBUG - __main__ -   label: 1
08/21/2023 16:02:24 - DEBUG - __main__ -   pred: 1
08/21/2023 16:02:24 - DEBUG - __main__ -   label: 1
08/21/2023 16:02:24 - DEBUG - __main__ -   pred: 1
08/21/2023 16:02:24 - DEBUG - __main__ -   label: 2
08/21/2023 16:02:24 - DEBUG - __main__ -   pred: 2
08/21/2023 16:02:24 - DEBUG - __main__ -   label: 1
08/21/2023 16:02:24 - DEBUG - __main__ -   pred: 1
08/21/2023 16:02:24 - DEBUG - __main__ -   label: 2
08/21/2023 16:02:24 - DEBUG - __main__ -   pred: 2
08/21/2023 16:02:24 - DEBUG - __main__ -   label: 1
08/21/2023 16:02:24 - DEBUG - __main__ -   pred: 2
08/21/2023 16:02:24 - DEBUG - __main__ -   label: 1
08/21/2023 16:02:24 - DEBUG - __main__ -   pred: 1
08/21/2023 16:02:24 - DEBUG - __main__ -   label: 1
08/21/2023 16:02:24 - DEBUG - __main__ -   pred: 1
08/21/2023 16:02:24 - DEBUG - __main__ -   label: 1
08/21/2023 16:02:24 - DEBUG - __main__ -   pred: 1
08/21/2023 16:02:24 - DEBUG - __main__ -   label: 1
08/21/2023 16:02:24 - DEBUG - __main__ -   pred: 1
08/21/2023 16:02:24 - DEBUG - __main__ -   label: 1
08/21/2023 16:02:24 - DEBUG - __main__ -   pred: 1
08/21/2023 16:02:24 - DEBUG - __main__ -   label: 1
08/21/2023 16:02:24 - DEBUG - __main__ -   pred: 1
08/21/2023 16:02:24 - DEBUG - __main__ -   label: 1
08/21/2023 16:02:24 - DEBUG - __main__ -   pred: 1
08/21/2023 16:02:24 - DEBUG - __main__ -   label: 1
08/21/2023 16:02:24 - DEBUG - __main__ -   pred: 1
08/21/2023 16:02:24 - DEBUG - __main__ -   label: 2
08/21/2023 16:02:24 - DEBUG - __main__ -   pred: 1
08/21/2023 16:02:24 - DEBUG - __main__ -   label: 2
08/21/2023 16:02:24 - DEBUG - __main__ -   pred: 2
08/21/2023 16:02:24 - DEBUG - __main__ -   label: 1
08/21/2023 16:02:24 - DEBUG - __main__ -   pred: 1
08/21/2023 16:02:24 - DEBUG - __main__ -   label: 2
08/21/2023 16:02:24 - DEBUG - __main__ -   pred: 2
08/21/2023 16:02:24 - DEBUG - __main__ -   label: 1
08/21/2023 16:02:24 - DEBUG - __main__ -   pred: 2
08/21/2023 16:02:24 - DEBUG - __main__ -   label: 2
08/21/2023 16:02:24 - DEBUG - __main__ -   pred: 2
08/21/2023 16:02:24 - DEBUG - __main__ -   label: 2
08/21/2023 16:02:24 - DEBUG - __main__ -   pred: 2
08/21/2023 16:02:24 - DEBUG - __main__ -   label: 2
08/21/2023 16:02:24 - DEBUG - __main__ -   pred: 2
08/21/2023 16:02:24 - DEBUG - __main__ -   label: 4
08/21/2023 16:02:24 - DEBUG - __main__ -   pred: 3
08/21/2023 16:02:24 - DEBUG - __main__ -   label: 5
08/21/2023 16:02:24 - DEBUG - __main__ -   pred: 5
08/21/2023 16:02:24 - DEBUG - __main__ -   label: 4
08/21/2023 16:02:24 - DEBUG - __main__ -   pred: 4
08/21/2023 16:02:24 - DEBUG - __main__ -   label: 4
08/21/2023 16:02:24 - DEBUG - __main__ -   pred: 4
08/21/2023 16:02:24 - DEBUG - __main__ -   label: 4
08/21/2023 16:02:24 - DEBUG - __main__ -   pred: 4
08/21/2023 16:02:24 - DEBUG - __main__ -   label: 1
08/21/2023 16:02:24 - DEBUG - __main__ -   pred: 2
08/21/2023 16:02:24 - DEBUG - __main__ -   label: 4
08/21/2023 16:02:24 - DEBUG - __main__ -   pred: 5
08/21/2023 16:02:24 - DEBUG - __main__ -   label: 4
08/21/2023 16:02:24 - DEBUG - __main__ -   pred: 4
08/21/2023 16:02:24 - DEBUG - __main__ -   label: 6
08/21/2023 16:02:24 - DEBUG - __main__ -   pred: 5
08/21/2023 16:02:24 - DEBUG - __main__ -   label: 6
08/21/2023 16:02:24 - DEBUG - __main__ -   pred: 5
08/21/2023 16:02:24 - DEBUG - __main__ -   label: 5
08/21/2023 16:02:24 - DEBUG - __main__ -   pred: 4
08/21/2023 16:02:24 - DEBUG - __main__ -   label: 4
08/21/2023 16:02:24 - DEBUG - __main__ -   pred: 4
08/21/2023 16:02:24 - DEBUG - __main__ -   label: 2
08/21/2023 16:02:24 - DEBUG - __main__ -   pred: 2
08/21/2023 16:02:24 - DEBUG - __main__ -   label: 2
08/21/2023 16:02:24 - DEBUG - __main__ -   pred: 2
08/21/2023 16:02:24 - DEBUG - __main__ -   label: 1
08/21/2023 16:02:24 - DEBUG - __main__ -   pred: 2
08/21/2023 16:02:24 - DEBUG - __main__ -   label: 1
08/21/2023 16:02:24 - DEBUG - __main__ -   pred: 1
08/21/2023 16:02:24 - DEBUG - __main__ -   label: 1
08/21/2023 16:02:24 - DEBUG - __main__ -   pred: 2
08/21/2023 16:02:24 - DEBUG - __main__ -   label: 1
08/21/2023 16:02:24 - DEBUG - __main__ -   pred: 1
08/21/2023 16:02:24 - DEBUG - __main__ -   label: 2
08/21/2023 16:02:24 - DEBUG - __main__ -   pred: 1
08/21/2023 16:02:24 - DEBUG - __main__ -   label: 2
08/21/2023 16:02:24 - DEBUG - __main__ -   pred: 1
08/21/2023 16:02:24 - DEBUG - __main__ -   label: 4
08/21/2023 16:02:24 - DEBUG - __main__ -   pred: 4
08/21/2023 16:02:24 - DEBUG - __main__ -   label: 4
08/21/2023 16:02:24 - DEBUG - __main__ -   pred: 4
08/21/2023 16:02:24 - DEBUG - __main__ -   label: 1
08/21/2023 16:02:24 - DEBUG - __main__ -   pred: 1
08/21/2023 16:02:24 - DEBUG - __main__ -   label: 3
08/21/2023 16:02:24 - DEBUG - __main__ -   pred: 3
08/21/2023 16:02:24 - DEBUG - __main__ -   label: 3
08/21/2023 16:02:24 - DEBUG - __main__ -   pred: 3
08/21/2023 16:02:24 - DEBUG - __main__ -   label: 2
08/21/2023 16:02:24 - DEBUG - __main__ -   pred: 1
08/21/2023 16:02:24 - DEBUG - __main__ -   label: 3
08/21/2023 16:02:24 - DEBUG - __main__ -   pred: 3
08/21/2023 16:02:24 - DEBUG - __main__ -   label: 4
08/21/2023 16:02:24 - DEBUG - __main__ -   pred: 4
08/21/2023 16:02:24 - DEBUG - __main__ -   label: 1
08/21/2023 16:02:24 - DEBUG - __main__ -   pred: 2
08/21/2023 16:02:24 - DEBUG - __main__ -   label: 4
08/21/2023 16:02:24 - DEBUG - __main__ -   pred: 4
08/21/2023 16:02:24 - DEBUG - __main__ -   label: 4
08/21/2023 16:02:24 - DEBUG - __main__ -   pred: 4
08/21/2023 16:02:24 - DEBUG - __main__ -   label: 4
08/21/2023 16:02:24 - DEBUG - __main__ -   pred: 4
08/21/2023 16:02:24 - DEBUG - __main__ -   label: 4
08/21/2023 16:02:24 - DEBUG - __main__ -   pred: 4
08/21/2023 16:02:24 - DEBUG - __main__ -   label: 6
08/21/2023 16:02:24 - DEBUG - __main__ -   pred: 4
08/21/2023 16:02:24 - DEBUG - __main__ -   label: 3
08/21/2023 16:02:24 - DEBUG - __main__ -   pred: 3
08/21/2023 16:02:24 - DEBUG - __main__ -   label: 4
08/21/2023 16:02:24 - DEBUG - __main__ -   pred: 5
08/21/2023 16:02:24 - DEBUG - __main__ -   label: 3
08/21/2023 16:02:24 - DEBUG - __main__ -   pred: 3
08/21/2023 16:02:24 - DEBUG - __main__ -   label: 5
08/21/2023 16:02:24 - DEBUG - __main__ -   pred: 4
08/21/2023 16:02:24 - DEBUG - __main__ -   label: 2
08/21/2023 16:02:24 - DEBUG - __main__ -   pred: 2
08/21/2023 16:02:24 - DEBUG - __main__ -   label: 1
08/21/2023 16:02:24 - DEBUG - __main__ -   pred: 2
08/21/2023 16:02:24 - DEBUG - __main__ -   label: 3
08/21/2023 16:02:24 - DEBUG - __main__ -   pred: 2
08/21/2023 16:02:24 - DEBUG - __main__ -   label: 2
08/21/2023 16:02:24 - DEBUG - __main__ -   pred: 2
08/21/2023 16:02:24 - DEBUG - __main__ -   label: 1
08/21/2023 16:02:24 - DEBUG - __main__ -   pred: 3
08/21/2023 16:02:24 - DEBUG - __main__ -   label: 2
08/21/2023 16:02:24 - DEBUG - __main__ -   pred: 1
08/21/2023 16:02:24 - DEBUG - __main__ -   label: 2
08/21/2023 16:02:24 - DEBUG - __main__ -   pred: 2
08/21/2023 16:02:24 - DEBUG - __main__ -   label: 2
08/21/2023 16:02:24 - DEBUG - __main__ -   pred: 2
08/21/2023 16:02:24 - DEBUG - __main__ -   label: 2
08/21/2023 16:02:24 - DEBUG - __main__ -   pred: 2
08/21/2023 16:02:24 - DEBUG - __main__ -   label: 2
08/21/2023 16:02:24 - DEBUG - __main__ -   pred: 2
08/21/2023 16:02:24 - DEBUG - __main__ -   label: 3
08/21/2023 16:02:24 - DEBUG - __main__ -   pred: 1
08/21/2023 16:02:24 - DEBUG - __main__ -   label: 3
08/21/2023 16:02:24 - DEBUG - __main__ -   pred: 2
08/21/2023 16:02:24 - DEBUG - __main__ -   label: 2
08/21/2023 16:02:24 - DEBUG - __main__ -   pred: 1
08/21/2023 16:02:24 - DEBUG - __main__ -   label: 1
08/21/2023 16:02:24 - DEBUG - __main__ -   pred: 2
08/21/2023 16:02:24 - DEBUG - __main__ -   label: 3
08/21/2023 16:02:24 - DEBUG - __main__ -   pred: 2
08/21/2023 16:02:24 - DEBUG - __main__ -   label: 3
08/21/2023 16:02:24 - DEBUG - __main__ -   pred: 2
08/21/2023 16:02:24 - DEBUG - __main__ -   label: 2
08/21/2023 16:02:24 - DEBUG - __main__ -   pred: 2
08/21/2023 16:02:24 - DEBUG - __main__ -   label: 1
08/21/2023 16:02:24 - DEBUG - __main__ -   pred: 1
08/21/2023 16:02:24 - DEBUG - __main__ -   label: 3
08/21/2023 16:02:24 - DEBUG - __main__ -   pred: 2
08/21/2023 16:02:24 - DEBUG - __main__ -   label: 4
08/21/2023 16:02:24 - DEBUG - __main__ -   pred: 5
08/21/2023 16:02:24 - DEBUG - __main__ -   label: 4
08/21/2023 16:02:24 - DEBUG - __main__ -   pred: 3
08/21/2023 16:02:24 - DEBUG - __main__ -   label: 2
08/21/2023 16:02:24 - DEBUG - __main__ -   pred: 2
08/21/2023 16:02:24 - DEBUG - __main__ -   label: 2
08/21/2023 16:02:24 - DEBUG - __main__ -   pred: 1
08/21/2023 16:02:24 - DEBUG - __main__ -   label: 2
08/21/2023 16:02:24 - DEBUG - __main__ -   pred: 2
08/21/2023 16:02:24 - DEBUG - __main__ -   label: 2
08/21/2023 16:02:24 - DEBUG - __main__ -   pred: 1
08/21/2023 16:02:24 - DEBUG - __main__ -   label: 3
08/21/2023 16:02:24 - DEBUG - __main__ -   pred: 3
08/21/2023 16:02:24 - DEBUG - __main__ -   label: 4
08/21/2023 16:02:24 - DEBUG - __main__ -   pred: 2
08/21/2023 16:02:24 - DEBUG - __main__ -   label: 2
08/21/2023 16:02:24 - DEBUG - __main__ -   pred: 2
08/21/2023 16:02:24 - DEBUG - __main__ -   label: 3
08/21/2023 16:02:24 - DEBUG - __main__ -   pred: 2
08/21/2023 16:02:24 - DEBUG - __main__ -   label: 2
08/21/2023 16:02:24 - DEBUG - __main__ -   pred: 2
08/21/2023 16:02:24 - DEBUG - __main__ -   label: 4
08/21/2023 16:02:24 - DEBUG - __main__ -   pred: 1
08/21/2023 16:02:24 - DEBUG - __main__ -   label: 2
08/21/2023 16:02:24 - DEBUG - __main__ -   pred: 1
08/21/2023 16:02:24 - DEBUG - __main__ -   label: 3
08/21/2023 16:02:24 - DEBUG - __main__ -   pred: 1
08/21/2023 16:02:24 - DEBUG - __main__ -   label: 4
08/21/2023 16:02:24 - DEBUG - __main__ -   pred: 2
08/21/2023 16:02:24 - DEBUG - __main__ -   label: 2
08/21/2023 16:02:24 - DEBUG - __main__ -   pred: 2
08/21/2023 16:02:24 - DEBUG - __main__ -   label: 4
08/21/2023 16:02:24 - DEBUG - __main__ -   pred: 2
08/21/2023 16:02:24 - DEBUG - __main__ -   label: 2
08/21/2023 16:02:24 - DEBUG - __main__ -   pred: 1
08/21/2023 16:02:24 - DEBUG - __main__ -   label: 2
08/21/2023 16:02:24 - DEBUG - __main__ -   pred: 1
08/21/2023 16:02:24 - DEBUG - __main__ -   label: 3
08/21/2023 16:02:24 - DEBUG - __main__ -   pred: 2
08/21/2023 16:02:24 - DEBUG - __main__ -   label: 4
08/21/2023 16:02:24 - DEBUG - __main__ -   pred: 3
08/21/2023 16:02:24 - DEBUG - __main__ -   label: 4
08/21/2023 16:02:24 - DEBUG - __main__ -   pred: 3
08/21/2023 16:02:24 - DEBUG - __main__ -   label: 3
08/21/2023 16:02:24 - DEBUG - __main__ -   pred: 2
08/21/2023 16:02:24 - DEBUG - __main__ -   label: 3
08/21/2023 16:02:24 - DEBUG - __main__ -   pred: 2
08/21/2023 16:02:24 - DEBUG - __main__ -   label: 4
08/21/2023 16:02:24 - DEBUG - __main__ -   pred: 4
08/21/2023 16:02:24 - DEBUG - __main__ -   label: 3
08/21/2023 16:02:24 - DEBUG - __main__ -   pred: 2
08/21/2023 16:02:24 - DEBUG - __main__ -   label: 3
08/21/2023 16:02:24 - DEBUG - __main__ -   pred: 2
08/21/2023 16:02:24 - DEBUG - __main__ -   label: 5
08/21/2023 16:02:24 - DEBUG - __main__ -   pred: 4
08/21/2023 16:02:24 - DEBUG - __main__ -   label: 4
08/21/2023 16:02:24 - DEBUG - __main__ -   pred: 4
08/21/2023 16:02:24 - DEBUG - __main__ -   label: 6
08/21/2023 16:02:24 - DEBUG - __main__ -   pred: 4
08/21/2023 16:02:24 - DEBUG - __main__ -   label: 5
08/21/2023 16:02:24 - DEBUG - __main__ -   pred: 5
08/21/2023 16:02:24 - DEBUG - __main__ -   label: 2
08/21/2023 16:02:24 - DEBUG - __main__ -   pred: 2
08/21/2023 16:02:24 - DEBUG - __main__ -   label: 2
08/21/2023 16:02:24 - DEBUG - __main__ -   pred: 3
08/21/2023 16:02:24 - DEBUG - __main__ -   label: 2
08/21/2023 16:02:24 - DEBUG - __main__ -   pred: 2
08/21/2023 16:02:24 - DEBUG - __main__ -   label: 3
08/21/2023 16:02:24 - DEBUG - __main__ -   pred: 2
08/21/2023 16:02:24 - DEBUG - __main__ -   label: 2
08/21/2023 16:02:24 - DEBUG - __main__ -   pred: 2
08/21/2023 16:02:24 - DEBUG - __main__ -   label: 1
08/21/2023 16:02:24 - DEBUG - __main__ -   pred: 1
08/21/2023 16:02:24 - DEBUG - __main__ -   label: 2
08/21/2023 16:02:24 - DEBUG - __main__ -   pred: 2
08/21/2023 16:02:24 - DEBUG - __main__ -   label: 1
08/21/2023 16:02:24 - DEBUG - __main__ -   pred: 2
08/21/2023 16:02:24 - DEBUG - __main__ -   label: 2
08/21/2023 16:02:24 - DEBUG - __main__ -   pred: 2
08/21/2023 16:02:24 - DEBUG - __main__ -   label: 3
08/21/2023 16:02:24 - DEBUG - __main__ -   pred: 3
08/21/2023 16:02:24 - DEBUG - __main__ -   label: 3
08/21/2023 16:02:24 - DEBUG - __main__ -   pred: 3
08/21/2023 16:02:24 - DEBUG - __main__ -   label: 5
08/21/2023 16:02:24 - DEBUG - __main__ -   pred: 4
08/21/2023 16:02:24 - DEBUG - __main__ -   label: 3
08/21/2023 16:02:24 - DEBUG - __main__ -   pred: 3
08/21/2023 16:02:24 - DEBUG - __main__ -   label: 3
08/21/2023 16:02:24 - DEBUG - __main__ -   pred: 2
08/21/2023 16:02:24 - DEBUG - __main__ -   label: 5
08/21/2023 16:02:24 - DEBUG - __main__ -   pred: 4
08/21/2023 16:02:24 - DEBUG - __main__ -   label: 4
08/21/2023 16:02:24 - DEBUG - __main__ -   pred: 4
08/21/2023 16:02:24 - DEBUG - __main__ -   label: 5
08/21/2023 16:02:24 - DEBUG - __main__ -   pred: 5
08/21/2023 16:02:24 - DEBUG - __main__ -   label: 4
08/21/2023 16:02:24 - DEBUG - __main__ -   pred: 4
08/21/2023 16:02:24 - DEBUG - __main__ -   label: 4
08/21/2023 16:02:24 - DEBUG - __main__ -   pred: 3
08/21/2023 16:02:24 - DEBUG - __main__ -   label: 4
08/21/2023 16:02:24 - DEBUG - __main__ -   pred: 3
08/21/2023 16:02:24 - DEBUG - __main__ -   label: 5
08/21/2023 16:02:24 - DEBUG - __main__ -   pred: 4
08/21/2023 16:02:24 - DEBUG - __main__ -   label: 5
08/21/2023 16:02:24 - DEBUG - __main__ -   pred: 4
08/21/2023 16:02:24 - DEBUG - __main__ -   label: 6
08/21/2023 16:02:24 - DEBUG - __main__ -   pred: 5
08/21/2023 16:02:24 - DEBUG - __main__ -   label: 3
08/21/2023 16:02:24 - DEBUG - __main__ -   pred: 4
08/21/2023 16:02:24 - DEBUG - __main__ -   label: 4
08/21/2023 16:02:24 - DEBUG - __main__ -   pred: 4
08/21/2023 16:02:24 - DEBUG - __main__ -   label: 5
08/21/2023 16:02:24 - DEBUG - __main__ -   pred: 4
08/21/2023 16:02:24 - DEBUG - __main__ -   label: 5
08/21/2023 16:02:24 - DEBUG - __main__ -   pred: 4
08/21/2023 16:02:24 - DEBUG - __main__ -   label: 4
08/21/2023 16:02:24 - DEBUG - __main__ -   pred: 4
08/21/2023 16:02:24 - DEBUG - __main__ -   label: 4
08/21/2023 16:02:24 - DEBUG - __main__ -   pred: 5
08/21/2023 16:02:24 - DEBUG - __main__ -   label: 3
08/21/2023 16:02:24 - DEBUG - __main__ -   pred: 4
08/21/2023 16:02:24 - DEBUG - __main__ -   label: 4
08/21/2023 16:02:24 - DEBUG - __main__ -   pred: 4
08/21/2023 16:02:24 - DEBUG - __main__ -   label: 3
08/21/2023 16:02:24 - DEBUG - __main__ -   pred: 3
08/21/2023 16:02:24 - DEBUG - __main__ -   label: 4
08/21/2023 16:02:24 - DEBUG - __main__ -   pred: 4
08/21/2023 16:02:24 - DEBUG - __main__ -   label: 4
08/21/2023 16:02:24 - DEBUG - __main__ -   pred: 4
08/21/2023 16:02:24 - DEBUG - __main__ -   label: 2
08/21/2023 16:02:24 - DEBUG - __main__ -   pred: 2
08/21/2023 16:02:24 - DEBUG - __main__ -   label: 2
08/21/2023 16:02:24 - DEBUG - __main__ -   pred: 2
08/21/2023 16:02:24 - DEBUG - __main__ -   label: 2
08/21/2023 16:02:24 - DEBUG - __main__ -   pred: 1
08/21/2023 16:02:24 - DEBUG - __main__ -   label: 2
08/21/2023 16:02:24 - DEBUG - __main__ -   pred: 3
08/21/2023 16:02:24 - DEBUG - __main__ -   label: 2
08/21/2023 16:02:24 - DEBUG - __main__ -   pred: 1
08/21/2023 16:02:24 - DEBUG - __main__ -   label: 2
08/21/2023 16:02:24 - DEBUG - __main__ -   pred: 2
08/21/2023 16:02:24 - DEBUG - __main__ -   label: 2
08/21/2023 16:02:24 - DEBUG - __main__ -   pred: 1
08/21/2023 16:02:24 - DEBUG - __main__ -   label: 1
08/21/2023 16:02:24 - DEBUG - __main__ -   pred: 2
08/21/2023 16:02:24 - DEBUG - __main__ -   label: 3
08/21/2023 16:02:24 - DEBUG - __main__ -   pred: 4
08/21/2023 16:02:24 - DEBUG - __main__ -   label: 4
08/21/2023 16:02:24 - DEBUG - __main__ -   pred: 5
08/21/2023 16:02:24 - DEBUG - __main__ -   label: 4
08/21/2023 16:02:24 - DEBUG - __main__ -   pred: 5
08/21/2023 16:02:24 - DEBUG - __main__ -   label: 3
08/21/2023 16:02:24 - DEBUG - __main__ -   pred: 3
08/21/2023 16:02:24 - DEBUG - __main__ -   label: 4
08/21/2023 16:02:24 - DEBUG - __main__ -   pred: 4
08/21/2023 16:02:24 - DEBUG - __main__ -   label: 2
08/21/2023 16:02:24 - DEBUG - __main__ -   pred: 1
08/21/2023 16:02:24 - DEBUG - __main__ -   label: 3
08/21/2023 16:02:24 - DEBUG - __main__ -   pred: 4
08/21/2023 16:02:24 - DEBUG - __main__ -   label: 1
08/21/2023 16:02:24 - DEBUG - __main__ -   pred: 1
08/21/2023 16:02:24 - DEBUG - __main__ -   label: 1
08/21/2023 16:02:24 - DEBUG - __main__ -   pred: 1
08/21/2023 16:02:24 - DEBUG - __main__ -   label: 1
08/21/2023 16:02:24 - DEBUG - __main__ -   pred: 2
08/21/2023 16:02:24 - DEBUG - __main__ -   label: 1
08/21/2023 16:02:24 - DEBUG - __main__ -   pred: 1
08/21/2023 16:02:24 - DEBUG - __main__ -   label: 1
08/21/2023 16:02:24 - DEBUG - __main__ -   pred: 1
08/21/2023 16:02:24 - DEBUG - __main__ -   label: 1
08/21/2023 16:02:24 - DEBUG - __main__ -   pred: 1
08/21/2023 16:02:24 - DEBUG - __main__ -   label: 1
08/21/2023 16:02:24 - DEBUG - __main__ -   pred: 3
08/21/2023 16:02:24 - DEBUG - __main__ -   label: 1
08/21/2023 16:02:24 - DEBUG - __main__ -   pred: 1
08/21/2023 16:02:24 - DEBUG - __main__ -   label: 2
08/21/2023 16:02:24 - DEBUG - __main__ -   pred: 2
08/21/2023 16:02:24 - DEBUG - __main__ -   label: 4
08/21/2023 16:02:24 - DEBUG - __main__ -   pred: 3
08/21/2023 16:02:24 - DEBUG - __main__ -   label: 3
08/21/2023 16:02:24 - DEBUG - __main__ -   pred: 4
08/21/2023 16:02:24 - DEBUG - __main__ -   label: 2
08/21/2023 16:02:24 - DEBUG - __main__ -   pred: 3
08/21/2023 16:02:24 - DEBUG - __main__ -   label: 3
08/21/2023 16:02:24 - DEBUG - __main__ -   pred: 5
08/21/2023 16:02:24 - DEBUG - __main__ -   label: 4
08/21/2023 16:02:24 - DEBUG - __main__ -   pred: 4
08/21/2023 16:02:24 - DEBUG - __main__ -   label: 4
08/21/2023 16:02:24 - DEBUG - __main__ -   pred: 3
08/21/2023 16:02:24 - DEBUG - __main__ -   label: 2
08/21/2023 16:02:24 - DEBUG - __main__ -   pred: 2
08/21/2023 16:02:24 - DEBUG - __main__ -   label: 2
08/21/2023 16:02:24 - DEBUG - __main__ -   pred: 3
08/21/2023 16:02:24 - DEBUG - __main__ -   label: 3
08/21/2023 16:02:24 - DEBUG - __main__ -   pred: 2
08/21/2023 16:02:24 - DEBUG - __main__ -   label: 1
08/21/2023 16:02:24 - DEBUG - __main__ -   pred: 2
08/21/2023 16:02:24 - DEBUG - __main__ -   label: 2
08/21/2023 16:02:24 - DEBUG - __main__ -   pred: 2
08/21/2023 16:02:24 - DEBUG - __main__ -   label: 2
08/21/2023 16:02:24 - DEBUG - __main__ -   pred: 2
08/21/2023 16:02:24 - DEBUG - __main__ -   label: 1
08/21/2023 16:02:24 - DEBUG - __main__ -   pred: 2
08/21/2023 16:02:24 - DEBUG - __main__ -   label: 3
08/21/2023 16:02:24 - DEBUG - __main__ -   pred: 2
08/21/2023 16:02:24 - DEBUG - __main__ -   label: 1
08/21/2023 16:02:24 - DEBUG - __main__ -   pred: 3
08/21/2023 16:02:24 - DEBUG - __main__ -   label: 2
08/21/2023 16:02:24 - DEBUG - __main__ -   pred: 2
08/21/2023 16:02:24 - DEBUG - __main__ -   label: 1
08/21/2023 16:02:24 - DEBUG - __main__ -   pred: 2
08/21/2023 16:02:24 - DEBUG - __main__ -   label: 1
08/21/2023 16:02:24 - DEBUG - __main__ -   pred: 1
08/21/2023 16:02:24 - DEBUG - __main__ -   label: 1
08/21/2023 16:02:24 - DEBUG - __main__ -   pred: 2
08/21/2023 16:02:24 - DEBUG - __main__ -   label: 1
08/21/2023 16:02:24 - DEBUG - __main__ -   pred: 1
08/21/2023 16:02:24 - DEBUG - __main__ -   label: 2
08/21/2023 16:02:24 - DEBUG - __main__ -   pred: 2
08/21/2023 16:02:24 - DEBUG - __main__ -   label: 2
08/21/2023 16:02:24 - DEBUG - __main__ -   pred: 2
08/21/2023 16:02:24 - DEBUG - __main__ -   label: 1
08/21/2023 16:02:24 - DEBUG - __main__ -   pred: 1
08/21/2023 16:02:24 - DEBUG - __main__ -   label: 1
08/21/2023 16:02:24 - DEBUG - __main__ -   pred: 1
08/21/2023 16:02:24 - DEBUG - __main__ -   label: 1
08/21/2023 16:02:24 - DEBUG - __main__ -   pred: 2
08/21/2023 16:02:24 - DEBUG - __main__ -   label: 2
08/21/2023 16:02:24 - DEBUG - __main__ -   pred: 2
08/21/2023 16:02:24 - DEBUG - __main__ -   label: 1
08/21/2023 16:02:24 - DEBUG - __main__ -   pred: 1
08/21/2023 16:02:24 - DEBUG - __main__ -   label: 1
08/21/2023 16:02:24 - DEBUG - __main__ -   pred: 2
08/21/2023 16:02:24 - DEBUG - __main__ -   label: 1
08/21/2023 16:02:24 - DEBUG - __main__ -   pred: 1
08/21/2023 16:02:24 - DEBUG - __main__ -   label: 2
08/21/2023 16:02:24 - DEBUG - __main__ -   pred: 2
08/21/2023 16:02:24 - DEBUG - __main__ -   label: 2
08/21/2023 16:02:24 - DEBUG - __main__ -   pred: 3
08/21/2023 16:02:24 - DEBUG - __main__ -   label: 1
08/21/2023 16:02:24 - DEBUG - __main__ -   pred: 1
08/21/2023 16:02:24 - DEBUG - __main__ -   label: 2
08/21/2023 16:02:24 - DEBUG - __main__ -   pred: 2
08/21/2023 16:02:24 - DEBUG - __main__ -   label: 1
08/21/2023 16:02:24 - DEBUG - __main__ -   pred: 2
08/21/2023 16:02:24 - DEBUG - __main__ -   label: 2
08/21/2023 16:02:24 - DEBUG - __main__ -   pred: 3
08/21/2023 16:02:24 - DEBUG - __main__ -   label: 1
08/21/2023 16:02:24 - DEBUG - __main__ -   pred: 2
08/21/2023 16:02:24 - DEBUG - __main__ -   label: 2
08/21/2023 16:02:24 - DEBUG - __main__ -   pred: 3
08/21/2023 16:02:24 - DEBUG - __main__ -   label: 4
08/21/2023 16:02:24 - DEBUG - __main__ -   pred: 3
08/21/2023 16:02:24 - DEBUG - __main__ -   label: 5
08/21/2023 16:02:24 - DEBUG - __main__ -   pred: 5
08/21/2023 16:02:24 - DEBUG - __main__ -   label: 6
08/21/2023 16:02:24 - DEBUG - __main__ -   pred: 5
08/21/2023 16:02:24 - DEBUG - __main__ -   label: 4
08/21/2023 16:02:24 - DEBUG - __main__ -   pred: 4
08/21/2023 16:02:24 - DEBUG - __main__ -   label: 3
08/21/2023 16:02:24 - DEBUG - __main__ -   pred: 3
08/21/2023 16:02:24 - DEBUG - __main__ -   label: 4
08/21/2023 16:02:24 - DEBUG - __main__ -   pred: 4
08/21/2023 16:02:24 - DEBUG - __main__ -   label: 4
08/21/2023 16:02:24 - DEBUG - __main__ -   pred: 5
08/21/2023 16:02:24 - DEBUG - __main__ -   label: 3
08/21/2023 16:02:24 - DEBUG - __main__ -   pred: 5
08/21/2023 16:02:24 - DEBUG - __main__ -   label: 4
08/21/2023 16:02:24 - DEBUG - __main__ -   pred: 5
08/21/2023 16:02:24 - DEBUG - __main__ -   label: 2
08/21/2023 16:02:24 - DEBUG - __main__ -   pred: 3
08/21/2023 16:02:24 - DEBUG - __main__ -   label: 2
08/21/2023 16:02:24 - DEBUG - __main__ -   pred: 2
08/21/2023 16:02:24 - DEBUG - __main__ -   label: 2
08/21/2023 16:02:24 - DEBUG - __main__ -   pred: 2
08/21/2023 16:02:24 - DEBUG - __main__ -   label: 0
08/21/2023 16:02:24 - DEBUG - __main__ -   pred: 2
08/21/2023 16:02:24 - DEBUG - __main__ -   label: 0
08/21/2023 16:02:24 - DEBUG - __main__ -   pred: 2
08/21/2023 16:02:24 - DEBUG - __main__ -   label: 1
08/21/2023 16:02:24 - DEBUG - __main__ -   pred: 2
08/21/2023 16:02:24 - DEBUG - __main__ -   label: 0
08/21/2023 16:02:24 - DEBUG - __main__ -   pred: 2
08/21/2023 16:02:24 - DEBUG - __main__ -   label: 1
08/21/2023 16:02:24 - DEBUG - __main__ -   pred: 1
08/21/2023 16:02:24 - DEBUG - __main__ -   label: 1
08/21/2023 16:02:24 - DEBUG - __main__ -   pred: 1
08/21/2023 16:02:24 - DEBUG - __main__ -   label: 1
08/21/2023 16:02:24 - DEBUG - __main__ -   pred: 2
08/21/2023 16:02:24 - DEBUG - __main__ -   label: 1
08/21/2023 16:02:24 - DEBUG - __main__ -   pred: 2
08/21/2023 16:02:24 - DEBUG - __main__ -   label: 1
08/21/2023 16:02:24 - DEBUG - __main__ -   pred: 1
08/21/2023 16:02:24 - DEBUG - __main__ -   label: 1
08/21/2023 16:02:24 - DEBUG - __main__ -   pred: 2
08/21/2023 16:02:24 - DEBUG - __main__ -   label: 0
08/21/2023 16:02:24 - DEBUG - __main__ -   pred: 1
08/21/2023 16:02:24 - DEBUG - __main__ -   label: 1
08/21/2023 16:02:24 - DEBUG - __main__ -   pred: 1
08/21/2023 16:02:24 - DEBUG - __main__ -   label: 1
08/21/2023 16:02:24 - DEBUG - __main__ -   pred: 2
08/21/2023 16:02:24 - DEBUG - __main__ -   label: 1
08/21/2023 16:02:24 - DEBUG - __main__ -   pred: 1
08/21/2023 16:02:24 - DEBUG - __main__ -   label: 2
08/21/2023 16:02:24 - DEBUG - __main__ -   pred: 2
08/21/2023 16:02:24 - DEBUG - __main__ -   label: 1
08/21/2023 16:02:24 - DEBUG - __main__ -   pred: 3
08/21/2023 16:02:24 - DEBUG - __main__ -   label: 1
08/21/2023 16:02:24 - DEBUG - __main__ -   pred: 1
08/21/2023 16:02:24 - DEBUG - __main__ -   label: 2
08/21/2023 16:02:24 - DEBUG - __main__ -   pred: 1
08/21/2023 16:02:24 - DEBUG - __main__ -   label: 1
08/21/2023 16:02:24 - DEBUG - __main__ -   pred: 2
08/21/2023 16:02:24 - DEBUG - __main__ -   label: 1
08/21/2023 16:02:24 - DEBUG - __main__ -   pred: 1
08/21/2023 16:02:24 - DEBUG - __main__ -   label: 2
08/21/2023 16:02:24 - DEBUG - __main__ -   pred: 2
08/21/2023 16:02:24 - DEBUG - __main__ -   label: 4
08/21/2023 16:02:24 - DEBUG - __main__ -   pred: 4
08/21/2023 16:02:24 - DEBUG - __main__ -   label: 5
08/21/2023 16:02:24 - DEBUG - __main__ -   pred: 5
08/21/2023 16:02:24 - DEBUG - __main__ -   label: 4
08/21/2023 16:02:24 - DEBUG - __main__ -   pred: 5
08/21/2023 16:02:24 - DEBUG - __main__ -   label: 4
08/21/2023 16:02:24 - DEBUG - __main__ -   pred: 5
08/21/2023 16:02:24 - DEBUG - __main__ -   label: 3
08/21/2023 16:02:24 - DEBUG - __main__ -   pred: 4
08/21/2023 16:02:24 - DEBUG - __main__ -   label: 5
08/21/2023 16:02:24 - DEBUG - __main__ -   pred: 5
08/21/2023 16:02:24 - DEBUG - __main__ -   label: 3
08/21/2023 16:02:24 - DEBUG - __main__ -   pred: 5
08/21/2023 16:02:24 - DEBUG - __main__ -   label: 5
08/21/2023 16:02:24 - DEBUG - __main__ -   pred: 4
08/21/2023 16:02:24 - DEBUG - __main__ -   label: 3
08/21/2023 16:02:24 - DEBUG - __main__ -   pred: 4
08/21/2023 16:02:24 - DEBUG - __main__ -   label: 4
08/21/2023 16:02:24 - DEBUG - __main__ -   pred: 5
08/21/2023 16:02:24 - DEBUG - __main__ -   label: 3
08/21/2023 16:02:24 - DEBUG - __main__ -   pred: 2
08/21/2023 16:02:24 - DEBUG - __main__ -   label: 3
08/21/2023 16:02:24 - DEBUG - __main__ -   pred: 2
08/21/2023 16:02:24 - DEBUG - __main__ -   label: 2
08/21/2023 16:02:24 - DEBUG - __main__ -   pred: 2
08/21/2023 16:02:24 - DEBUG - __main__ -   label: 2
08/21/2023 16:02:24 - DEBUG - __main__ -   pred: 1
08/21/2023 16:02:24 - DEBUG - __main__ -   label: 1
08/21/2023 16:02:24 - DEBUG - __main__ -   pred: 2
08/21/2023 16:02:24 - DEBUG - __main__ -   label: 2
08/21/2023 16:02:24 - DEBUG - __main__ -   pred: 2
08/21/2023 16:02:24 - DEBUG - __main__ -   label: 1
08/21/2023 16:02:24 - DEBUG - __main__ -   pred: 2
08/21/2023 16:02:24 - DEBUG - __main__ -   label: 1
08/21/2023 16:02:24 - DEBUG - __main__ -   pred: 2
08/21/2023 16:02:24 - DEBUG - __main__ -   label: 2
08/21/2023 16:02:24 - DEBUG - __main__ -   pred: 2
08/21/2023 16:02:24 - DEBUG - __main__ -   label: 1
08/21/2023 16:02:24 - DEBUG - __main__ -   pred: 1
08/21/2023 16:02:24 - DEBUG - __main__ -   label: 2
08/21/2023 16:02:24 - DEBUG - __main__ -   pred: 2
08/21/2023 16:02:24 - DEBUG - __main__ -   label: 2
08/21/2023 16:02:24 - DEBUG - __main__ -   pred: 1
08/21/2023 16:02:24 - DEBUG - __main__ -   label: 2
08/21/2023 16:02:24 - DEBUG - __main__ -   pred: 2
08/21/2023 16:02:24 - DEBUG - __main__ -   label: 2
08/21/2023 16:02:24 - DEBUG - __main__ -   pred: 2
08/21/2023 16:02:24 - DEBUG - __main__ -   label: 2
08/21/2023 16:02:24 - DEBUG - __main__ -   pred: 2
08/21/2023 16:02:24 - DEBUG - __main__ -   label: 5
08/21/2023 16:02:24 - DEBUG - __main__ -   pred: 4
08/21/2023 16:02:24 - DEBUG - __main__ -   label: 4
08/21/2023 16:02:24 - DEBUG - __main__ -   pred: 4
08/21/2023 16:02:24 - DEBUG - __main__ -   label: 4
08/21/2023 16:02:24 - DEBUG - __main__ -   pred: 4
08/21/2023 16:02:24 - DEBUG - __main__ -   label: 4
08/21/2023 16:02:24 - DEBUG - __main__ -   pred: 4
08/21/2023 16:02:24 - DEBUG - __main__ -   label: 3
08/21/2023 16:02:24 - DEBUG - __main__ -   pred: 4
08/21/2023 16:02:24 - DEBUG - __main__ -   label: 2
08/21/2023 16:02:24 - DEBUG - __main__ -   pred: 1
08/21/2023 16:02:24 - DEBUG - __main__ -   label: 2
08/21/2023 16:02:24 - DEBUG - __main__ -   pred: 1
08/21/2023 16:02:24 - DEBUG - __main__ -   label: 1
08/21/2023 16:02:24 - DEBUG - __main__ -   pred: 2
08/21/2023 16:02:24 - DEBUG - __main__ -   label: 4
08/21/2023 16:02:24 - DEBUG - __main__ -   pred: 3
08/21/2023 16:02:24 - DEBUG - __main__ -   label: 5
08/21/2023 16:02:24 - DEBUG - __main__ -   pred: 4
08/21/2023 16:02:24 - DEBUG - __main__ -   label: 4
08/21/2023 16:02:24 - DEBUG - __main__ -   pred: 4
08/21/2023 16:02:24 - DEBUG - __main__ -   label: 2
08/21/2023 16:02:24 - DEBUG - __main__ -   pred: 2
08/21/2023 16:02:24 - DEBUG - __main__ -   label: 2
08/21/2023 16:02:24 - DEBUG - __main__ -   pred: 2
08/21/2023 16:02:24 - DEBUG - __main__ -   label: 2
08/21/2023 16:02:24 - DEBUG - __main__ -   pred: 1
08/21/2023 16:02:24 - DEBUG - __main__ -   label: 2
08/21/2023 16:02:24 - DEBUG - __main__ -   pred: 2
08/21/2023 16:02:24 - DEBUG - __main__ -   label: 2
08/21/2023 16:02:24 - DEBUG - __main__ -   pred: 2
08/21/2023 16:02:24 - DEBUG - __main__ -   label: 1
08/21/2023 16:02:24 - DEBUG - __main__ -   pred: 1
08/21/2023 16:02:24 - DEBUG - __main__ -   label: 1
08/21/2023 16:02:24 - DEBUG - __main__ -   pred: 1
08/21/2023 16:02:24 - DEBUG - __main__ -   label: 2
08/21/2023 16:02:24 - DEBUG - __main__ -   pred: 1
08/21/2023 16:02:24 - DEBUG - __main__ -   label: 1
08/21/2023 16:02:24 - DEBUG - __main__ -   pred: 1
08/21/2023 16:02:24 - DEBUG - __main__ -   label: 3
08/21/2023 16:02:24 - DEBUG - __main__ -   pred: 3
08/21/2023 16:02:24 - DEBUG - __main__ -   label: 3
08/21/2023 16:02:24 - DEBUG - __main__ -   pred: 4
08/21/2023 16:02:24 - DEBUG - __main__ -   label: 2
08/21/2023 16:02:24 - DEBUG - __main__ -   pred: 3
08/21/2023 16:02:24 - DEBUG - __main__ -   label: 2
08/21/2023 16:02:24 - DEBUG - __main__ -   pred: 1
08/21/2023 16:02:24 - DEBUG - __main__ -   label: 3
08/21/2023 16:02:24 - DEBUG - __main__ -   pred: 4
08/21/2023 16:02:24 - DEBUG - __main__ -   label: 3
08/21/2023 16:02:24 - DEBUG - __main__ -   pred: 3
08/21/2023 16:02:24 - DEBUG - __main__ -   label: 5
08/21/2023 16:02:24 - DEBUG - __main__ -   pred: 4
08/21/2023 16:02:24 - DEBUG - __main__ -   label: 4
08/21/2023 16:02:24 - DEBUG - __main__ -   pred: 4
08/21/2023 16:02:24 - DEBUG - __main__ -   label: 5
08/21/2023 16:02:24 - DEBUG - __main__ -   pred: 5
08/21/2023 16:02:24 - DEBUG - __main__ -   label: 3
08/21/2023 16:02:24 - DEBUG - __main__ -   pred: 4
08/21/2023 16:02:24 - DEBUG - __main__ -   label: 5
08/21/2023 16:02:24 - DEBUG - __main__ -   pred: 5
08/21/2023 16:02:24 - DEBUG - __main__ -   label: 3
08/21/2023 16:02:24 - DEBUG - __main__ -   pred: 5
08/21/2023 16:02:24 - DEBUG - __main__ -   label: 4
08/21/2023 16:02:24 - DEBUG - __main__ -   pred: 5
08/21/2023 16:02:24 - DEBUG - __main__ -   label: 1
08/21/2023 16:02:24 - DEBUG - __main__ -   pred: 1
08/21/2023 16:02:24 - DEBUG - __main__ -   label: 3
08/21/2023 16:02:24 - DEBUG - __main__ -   pred: 3
08/21/2023 16:02:24 - DEBUG - __main__ -   label: 2
08/21/2023 16:02:24 - DEBUG - __main__ -   pred: 2
08/21/2023 16:02:24 - DEBUG - __main__ -   label: 1
08/21/2023 16:02:24 - DEBUG - __main__ -   pred: 1
08/21/2023 16:02:24 - DEBUG - __main__ -   label: 1
08/21/2023 16:02:24 - DEBUG - __main__ -   pred: 1
08/21/2023 16:02:24 - DEBUG - __main__ -   label: 1
08/21/2023 16:02:24 - DEBUG - __main__ -   pred: 2
08/21/2023 16:02:24 - DEBUG - __main__ -   label: 2
08/21/2023 16:02:24 - DEBUG - __main__ -   pred: 3
08/21/2023 16:02:24 - DEBUG - __main__ -   label: 1
08/21/2023 16:02:24 - DEBUG - __main__ -   pred: 2
08/21/2023 16:02:24 - DEBUG - __main__ -   label: 2
08/21/2023 16:02:24 - DEBUG - __main__ -   pred: 1
08/21/2023 16:02:24 - DEBUG - __main__ -   label: 2
08/21/2023 16:02:24 - DEBUG - __main__ -   pred: 2
08/21/2023 16:02:24 - DEBUG - __main__ -   label: 2
08/21/2023 16:02:24 - DEBUG - __main__ -   pred: 1
08/21/2023 16:02:24 - DEBUG - __main__ -   label: 3
08/21/2023 16:02:24 - DEBUG - __main__ -   pred: 1
08/21/2023 16:02:24 - DEBUG - __main__ -   label: 3
08/21/2023 16:02:24 - DEBUG - __main__ -   pred: 1
08/21/2023 16:02:24 - DEBUG - __main__ -   label: 2
08/21/2023 16:02:24 - DEBUG - __main__ -   pred: 1
08/21/2023 16:02:24 - DEBUG - __main__ -   label: 1
08/21/2023 16:02:24 - DEBUG - __main__ -   pred: 1
08/21/2023 16:02:24 - DEBUG - __main__ -   label: 1
08/21/2023 16:02:24 - DEBUG - __main__ -   pred: 1
08/21/2023 16:02:24 - DEBUG - __main__ -   label: 2
08/21/2023 16:02:24 - DEBUG - __main__ -   pred: 1
08/21/2023 16:02:24 - DEBUG - __main__ -   label: 2
08/21/2023 16:02:24 - DEBUG - __main__ -   pred: 1
08/21/2023 16:02:24 - DEBUG - __main__ -   label: 2
08/21/2023 16:02:24 - DEBUG - __main__ -   pred: 2
08/21/2023 16:02:24 - DEBUG - __main__ -   label: 3
08/21/2023 16:02:24 - DEBUG - __main__ -   pred: 2
08/21/2023 16:02:24 - DEBUG - __main__ -   label: 3
08/21/2023 16:02:24 - DEBUG - __main__ -   pred: 2
08/21/2023 16:02:24 - DEBUG - __main__ -   label: 1
08/21/2023 16:02:24 - DEBUG - __main__ -   pred: 2
08/21/2023 16:02:24 - DEBUG - __main__ -   label: 2
08/21/2023 16:02:24 - DEBUG - __main__ -   pred: 1
08/21/2023 16:02:24 - DEBUG - __main__ -   label: 2
08/21/2023 16:02:24 - DEBUG - __main__ -   pred: 1
08/21/2023 16:02:24 - DEBUG - __main__ -   label: 3
08/21/2023 16:02:24 - DEBUG - __main__ -   pred: 2
08/21/2023 16:02:24 - DEBUG - __main__ -   label: 5
08/21/2023 16:02:24 - DEBUG - __main__ -   pred: 4
08/21/2023 16:02:24 - DEBUG - __main__ -   label: 3
08/21/2023 16:02:24 - DEBUG - __main__ -   pred: 3
08/21/2023 16:02:24 - DEBUG - __main__ -   label: 4
08/21/2023 16:02:24 - DEBUG - __main__ -   pred: 4
08/21/2023 16:02:24 - DEBUG - __main__ -   label: 5
08/21/2023 16:02:24 - DEBUG - __main__ -   pred: 5
08/21/2023 16:02:24 - DEBUG - __main__ -   label: 5
08/21/2023 16:02:24 - DEBUG - __main__ -   pred: 4
08/21/2023 16:02:24 - DEBUG - __main__ -   label: 5
08/21/2023 16:02:24 - DEBUG - __main__ -   pred: 3
08/21/2023 16:02:24 - DEBUG - __main__ -   label: 5
08/21/2023 16:02:24 - DEBUG - __main__ -   pred: 5
08/21/2023 16:02:24 - DEBUG - __main__ -   label: 5
08/21/2023 16:02:24 - DEBUG - __main__ -   pred: 4
08/21/2023 16:02:24 - DEBUG - __main__ -   label: 6
08/21/2023 16:02:24 - DEBUG - __main__ -   pred: 5
08/21/2023 16:02:24 - DEBUG - __main__ -   label: 6
08/21/2023 16:02:24 - DEBUG - __main__ -   pred: 4
08/21/2023 16:02:24 - DEBUG - __main__ -   label: 6
08/21/2023 16:02:24 - DEBUG - __main__ -   pred: 4
08/21/2023 16:02:24 - DEBUG - __main__ -   label: 4
08/21/2023 16:02:24 - DEBUG - __main__ -   pred: 4
08/21/2023 16:02:24 - DEBUG - __main__ -   label: 2
08/21/2023 16:02:24 - DEBUG - __main__ -   pred: 1
08/21/2023 16:02:24 - DEBUG - __main__ -   label: 3
08/21/2023 16:02:24 - DEBUG - __main__ -   pred: 2
08/21/2023 16:02:24 - DEBUG - __main__ -   label: 3
08/21/2023 16:02:24 - DEBUG - __main__ -   pred: 3
08/21/2023 16:02:24 - DEBUG - __main__ -   label: 2
08/21/2023 16:02:24 - DEBUG - __main__ -   pred: 2
08/21/2023 16:02:24 - DEBUG - __main__ -   label: 2
08/21/2023 16:02:24 - DEBUG - __main__ -   pred: 1
08/21/2023 16:02:24 - DEBUG - __main__ -   label: 1
08/21/2023 16:02:24 - DEBUG - __main__ -   pred: 1
08/21/2023 16:02:24 - DEBUG - __main__ -   label: 3
08/21/2023 16:02:24 - DEBUG - __main__ -   pred: 2
08/21/2023 16:02:24 - DEBUG - __main__ -   label: 5
08/21/2023 16:02:24 - DEBUG - __main__ -   pred: 4
08/21/2023 16:02:24 - DEBUG - __main__ -   label: 3
08/21/2023 16:02:24 - DEBUG - __main__ -   pred: 3
08/21/2023 16:02:24 - DEBUG - __main__ -   label: 1
08/21/2023 16:02:24 - DEBUG - __main__ -   pred: 1
08/21/2023 16:02:24 - DEBUG - __main__ -   label: 3
08/21/2023 16:02:24 - DEBUG - __main__ -   pred: 4
08/21/2023 16:02:24 - DEBUG - __main__ -   label: 5
08/21/2023 16:02:24 - DEBUG - __main__ -   pred: 4
08/21/2023 16:02:24 - DEBUG - __main__ -   label: 3
08/21/2023 16:02:24 - DEBUG - __main__ -   pred: 3
08/21/2023 16:02:24 - DEBUG - __main__ -   label: 4
08/21/2023 16:02:24 - DEBUG - __main__ -   pred: 4
08/21/2023 16:02:24 - DEBUG - __main__ -   label: 3
08/21/2023 16:02:24 - DEBUG - __main__ -   pred: 4
08/21/2023 16:02:24 - DEBUG - __main__ -   label: 4
08/21/2023 16:02:24 - DEBUG - __main__ -   pred: 5
08/21/2023 16:02:24 - DEBUG - __main__ -   label: 2
08/21/2023 16:02:24 - DEBUG - __main__ -   pred: 2
08/21/2023 16:02:24 - DEBUG - __main__ -   label: 1
08/21/2023 16:02:24 - DEBUG - __main__ -   pred: 2
08/21/2023 16:02:24 - DEBUG - __main__ -   label: 1
08/21/2023 16:02:24 - DEBUG - __main__ -   pred: 2
08/21/2023 16:02:24 - DEBUG - __main__ -   label: 1
08/21/2023 16:02:24 - DEBUG - __main__ -   pred: 2
08/21/2023 16:02:24 - DEBUG - __main__ -   label: 1
08/21/2023 16:02:24 - DEBUG - __main__ -   pred: 4
08/21/2023 16:02:24 - DEBUG - __main__ -   label: 2
08/21/2023 16:02:24 - DEBUG - __main__ -   pred: 2
08/21/2023 16:02:24 - DEBUG - __main__ -   label: 2
08/21/2023 16:02:24 - DEBUG - __main__ -   pred: 2
08/21/2023 16:02:24 - DEBUG - __main__ -   label: 1
08/21/2023 16:02:24 - DEBUG - __main__ -   pred: 2
08/21/2023 16:02:24 - DEBUG - __main__ -   label: 1
08/21/2023 16:02:24 - DEBUG - __main__ -   pred: 1
08/21/2023 16:02:24 - DEBUG - __main__ -   label: 1
08/21/2023 16:02:24 - DEBUG - __main__ -   pred: 1
08/21/2023 16:02:24 - DEBUG - __main__ -   label: 1
08/21/2023 16:02:24 - DEBUG - __main__ -   pred: 1
08/21/2023 16:02:24 - DEBUG - __main__ -   label: 1
08/21/2023 16:02:24 - DEBUG - __main__ -   pred: 1
08/21/2023 16:02:24 - DEBUG - __main__ -   label: 2
08/21/2023 16:02:24 - DEBUG - __main__ -   pred: 2
08/21/2023 16:02:24 - DEBUG - __main__ -   label: 1
08/21/2023 16:02:24 - DEBUG - __main__ -   pred: 1
08/21/2023 16:02:24 - DEBUG - __main__ -   label: 1
08/21/2023 16:02:24 - DEBUG - __main__ -   pred: 2
08/21/2023 16:02:24 - DEBUG - __main__ -   label: 1
08/21/2023 16:02:24 - DEBUG - __main__ -   pred: 1
08/21/2023 16:02:24 - DEBUG - __main__ -   label: 1
08/21/2023 16:02:24 - DEBUG - __main__ -   pred: 1
08/21/2023 16:02:24 - DEBUG - __main__ -   label: 1
08/21/2023 16:02:24 - DEBUG - __main__ -   pred: 3
08/21/2023 16:02:24 - DEBUG - __main__ -   label: 1
08/21/2023 16:02:24 - DEBUG - __main__ -   pred: 2
08/21/2023 16:02:24 - DEBUG - __main__ -   label: 1
08/21/2023 16:02:24 - DEBUG - __main__ -   pred: 2
08/21/2023 16:02:24 - DEBUG - __main__ -   label: 1
08/21/2023 16:02:24 - DEBUG - __main__ -   pred: 2
08/21/2023 16:02:24 - DEBUG - __main__ -   label: 1
08/21/2023 16:02:24 - DEBUG - __main__ -   pred: 2
08/21/2023 16:02:24 - DEBUG - __main__ -   label: 1
08/21/2023 16:02:24 - DEBUG - __main__ -   pred: 2
08/21/2023 16:02:24 - DEBUG - __main__ -   label: 1
08/21/2023 16:02:24 - DEBUG - __main__ -   pred: 1
08/21/2023 16:02:24 - DEBUG - __main__ -   label: 1
08/21/2023 16:02:24 - DEBUG - __main__ -   pred: 2
08/21/2023 16:02:24 - DEBUG - __main__ -   label: 2
08/21/2023 16:02:24 - DEBUG - __main__ -   pred: 2
08/21/2023 16:02:24 - DEBUG - __main__ -   label: 1
08/21/2023 16:02:24 - DEBUG - __main__ -   pred: 1
08/21/2023 16:02:24 - DEBUG - __main__ -   label: 4
08/21/2023 16:02:24 - DEBUG - __main__ -   pred: 4
08/21/2023 16:02:24 - DEBUG - __main__ -   label: 3
08/21/2023 16:02:24 - DEBUG - __main__ -   pred: 4
08/21/2023 16:02:24 - DEBUG - __main__ -   label: 2
08/21/2023 16:02:24 - DEBUG - __main__ -   pred: 2
08/21/2023 16:02:24 - DEBUG - __main__ -   label: 2
08/21/2023 16:02:24 - DEBUG - __main__ -   pred: 2
08/21/2023 16:02:24 - DEBUG - __main__ -   label: 3
08/21/2023 16:02:24 - DEBUG - __main__ -   pred: 4
08/21/2023 16:02:24 - DEBUG - __main__ -   label: 2
08/21/2023 16:02:24 - DEBUG - __main__ -   pred: 2
08/21/2023 16:02:24 - DEBUG - __main__ -   label: 3
08/21/2023 16:02:24 - DEBUG - __main__ -   pred: 3
08/21/2023 16:02:24 - DEBUG - __main__ -   label: 3
08/21/2023 16:02:24 - DEBUG - __main__ -   pred: 2
08/21/2023 16:02:24 - DEBUG - __main__ -   label: 1
08/21/2023 16:02:24 - DEBUG - __main__ -   pred: 1
08/21/2023 16:02:24 - DEBUG - __main__ -   label: 3
08/21/2023 16:02:24 - DEBUG - __main__ -   pred: 4
08/21/2023 16:02:24 - DEBUG - __main__ -   label: 4
08/21/2023 16:02:24 - DEBUG - __main__ -   pred: 4
08/21/2023 16:02:24 - DEBUG - __main__ -   label: 4
08/21/2023 16:02:24 - DEBUG - __main__ -   pred: 4
08/21/2023 16:02:24 - DEBUG - __main__ -   label: 3
08/21/2023 16:02:24 - DEBUG - __main__ -   pred: 5
08/21/2023 16:02:24 - DEBUG - __main__ -   label: 4
08/21/2023 16:02:24 - DEBUG - __main__ -   pred: 5
08/21/2023 16:02:24 - DEBUG - __main__ -   label: 3
08/21/2023 16:02:24 - DEBUG - __main__ -   pred: 3
08/21/2023 16:02:24 - DEBUG - __main__ -   label: 4
08/21/2023 16:02:24 - DEBUG - __main__ -   pred: 4
08/21/2023 16:02:24 - DEBUG - __main__ -   label: 5
08/21/2023 16:02:24 - DEBUG - __main__ -   pred: 4
08/21/2023 16:02:24 - DEBUG - __main__ -   label: 4
08/21/2023 16:02:24 - DEBUG - __main__ -   pred: 5
08/21/2023 16:02:24 - DEBUG - __main__ -   label: 4
08/21/2023 16:02:24 - DEBUG - __main__ -   pred: 4
08/21/2023 16:02:24 - DEBUG - __main__ -   label: 4
08/21/2023 16:02:24 - DEBUG - __main__ -   pred: 4
08/21/2023 16:02:24 - DEBUG - __main__ -   label: 4
08/21/2023 16:02:24 - DEBUG - __main__ -   pred: 4
08/21/2023 16:02:24 - DEBUG - __main__ -   label: 5
08/21/2023 16:02:24 - DEBUG - __main__ -   pred: 3
08/21/2023 16:02:24 - DEBUG - __main__ -   label: 4
08/21/2023 16:02:24 - DEBUG - __main__ -   pred: 5
08/21/2023 16:02:24 - DEBUG - __main__ -   label: 3
08/21/2023 16:02:24 - DEBUG - __main__ -   pred: 4
08/21/2023 16:02:24 - DEBUG - __main__ -   label: 4
08/21/2023 16:02:24 - DEBUG - __main__ -   pred: 4
08/21/2023 16:02:24 - DEBUG - __main__ -   label: 3
08/21/2023 16:02:24 - DEBUG - __main__ -   pred: 4
