******** Training fold 0 ********
08/14/2023 17:21:16 - DEBUG - __main__ -   Processor loaded. CPU mem usage: 0.38G.  Cuda 0: memory acclocated: 0 G.
08/14/2023 17:21:25 - DEBUG - __main__ -   Model loaded. CPU mem usage: 1.99G.  Cuda 0: memory acclocated: 0 G.
Wav2Vec2ForSequenceClassification(
  (wav2vec2): Wav2Vec2Model(
    (feature_extractor): Wav2Vec2FeatureEncoder(
      (conv_layers): ModuleList(
        (0): Wav2Vec2LayerNormConvLayer(
          (conv): Conv1d(1, 512, kernel_size=(10,), stride=(5,))
          (layer_norm): LayerNorm((512,), eps=1e-05, elementwise_affine=True)
          (activation): GELUActivation()
        )
        (1-4): 4 x Wav2Vec2LayerNormConvLayer(
          (conv): Conv1d(512, 512, kernel_size=(3,), stride=(2,))
          (layer_norm): LayerNorm((512,), eps=1e-05, elementwise_affine=True)
          (activation): GELUActivation()
        )
        (5-6): 2 x Wav2Vec2LayerNormConvLayer(
          (conv): Conv1d(512, 512, kernel_size=(2,), stride=(2,))
          (layer_norm): LayerNorm((512,), eps=1e-05, elementwise_affine=True)
          (activation): GELUActivation()
        )
      )
    )
    (feature_projection): Wav2Vec2FeatureProjection(
      (layer_norm): LayerNorm((512,), eps=1e-05, elementwise_affine=True)
      (projection): Linear(in_features=512, out_features=1024, bias=True)
      (dropout): Dropout(p=0.1, inplace=False)
    )
    (encoder): Wav2Vec2EncoderStableLayerNorm(
      (pos_conv_embed): Wav2Vec2PositionalConvEmbedding(
        (conv): Conv1d(1024, 1024, kernel_size=(128,), stride=(1,), padding=(64,), groups=16)
        (padding): Wav2Vec2SamePadLayer()
        (activation): GELUActivation()
      )
      (layer_norm): LayerNorm((1024,), eps=1e-05, elementwise_affine=True)
      (dropout): Dropout(p=0.1, inplace=False)
      (layers): ModuleList(
        (0-23): 24 x Wav2Vec2EncoderLayerStableLayerNorm(
          (attention): Wav2Vec2Attention(
            (k_proj): Linear(in_features=1024, out_features=1024, bias=True)
            (v_proj): Linear(in_features=1024, out_features=1024, bias=True)
            (q_proj): Linear(in_features=1024, out_features=1024, bias=True)
            (out_proj): Linear(in_features=1024, out_features=1024, bias=True)
          )
          (dropout): Dropout(p=0.1, inplace=False)
          (layer_norm): LayerNorm((1024,), eps=1e-05, elementwise_affine=True)
          (feed_forward): Wav2Vec2FeedForward(
            (intermediate_dropout): Dropout(p=0.0, inplace=False)
            (intermediate_dense): Linear(in_features=1024, out_features=4096, bias=True)
            (intermediate_act_fn): GELUActivation()
            (output_dense): Linear(in_features=4096, out_features=1024, bias=True)
            (output_dropout): Dropout(p=0.1, inplace=False)
          )
          (final_layer_norm): LayerNorm((1024,), eps=1e-05, elementwise_affine=True)
        )
      )
    )
  )
  (projector): Linear(in_features=1024, out_features=256, bias=True)
  (classifier): Linear(in_features=256, out_features=7, bias=True)
)
08/14/2023 17:22:11 - DEBUG - __main__ -   Speech loaded. N_train=1584, N_eval=528. CPU mem usage: 6.05G.  Cuda 0: memory acclocated: 0 G.
08/14/2023 17:22:39 - DEBUG - __main__ -   Feature extracted. Duration: 0:00:27 CPU mem usage: 9.09G.  Cuda 0: memory acclocated: 0 G.
08/14/2023 17:22:39 - DEBUG - urllib3.connectionpool -   Starting new HTTPS connection (1): s3.amazonaws.com:443
08/14/2023 17:22:40 - DEBUG - urllib3.connectionpool -   https://s3.amazonaws.com:443 "HEAD /datasets.huggingface.co/datasets/metrics/evaluate-metric/precision/evaluate-metric/precision.py HTTP/1.1" 404 0
08/14/2023 17:22:40 - DEBUG - urllib3.connectionpool -   Starting new HTTPS connection (1): huggingface.co:443
08/14/2023 17:22:40 - DEBUG - urllib3.connectionpool -   https://huggingface.co:443 "HEAD /spaces/evaluate-metric/precision/resolve/v0.4.0/precision.py HTTP/1.1" 200 0
08/14/2023 17:22:40 - DEBUG - urllib3.connectionpool -   Starting new HTTPS connection (1): s3.amazonaws.com:443
08/14/2023 17:22:40 - DEBUG - urllib3.connectionpool -   https://s3.amazonaws.com:443 "HEAD /datasets.huggingface.co/datasets/metrics/evaluate-metric/recall/evaluate-metric/recall.py HTTP/1.1" 404 0
08/14/2023 17:22:40 - DEBUG - urllib3.connectionpool -   Starting new HTTPS connection (1): huggingface.co:443
08/14/2023 17:22:41 - DEBUG - urllib3.connectionpool -   https://huggingface.co:443 "HEAD /spaces/evaluate-metric/recall/resolve/v0.4.0/recall.py HTTP/1.1" 200 0
08/14/2023 17:22:41 - DEBUG - urllib3.connectionpool -   Starting new HTTPS connection (1): s3.amazonaws.com:443
08/14/2023 17:22:41 - DEBUG - urllib3.connectionpool -   https://s3.amazonaws.com:443 "HEAD /datasets.huggingface.co/datasets/metrics/evaluate-metric/f1/evaluate-metric/f1.py HTTP/1.1" 404 0
08/14/2023 17:22:41 - DEBUG - urllib3.connectionpool -   Starting new HTTPS connection (1): huggingface.co:443
08/14/2023 17:22:41 - DEBUG - urllib3.connectionpool -   https://huggingface.co:443 "HEAD /spaces/evaluate-metric/f1/resolve/v0.4.0/f1.py HTTP/1.1" 200 0
08/14/2023 17:22:41 - DEBUG - urllib3.connectionpool -   Starting new HTTPS connection (1): s3.amazonaws.com:443
08/14/2023 17:22:42 - DEBUG - urllib3.connectionpool -   https://s3.amazonaws.com:443 "HEAD /datasets.huggingface.co/datasets/metrics/evaluate-metric/spearmanr/evaluate-metric/spearmanr.py HTTP/1.1" 404 0
08/14/2023 17:22:42 - DEBUG - urllib3.connectionpool -   Starting new HTTPS connection (1): huggingface.co:443
08/14/2023 17:22:42 - DEBUG - urllib3.connectionpool -   https://huggingface.co:443 "HEAD /spaces/evaluate-metric/spearmanr/resolve/v0.4.0/spearmanr.py HTTP/1.1" 200 0
08/14/2023 17:22:44 - DEBUG - __main__ -   Training starts now. CPU mem usage: 8.51G.  Cuda 0: memory acclocated: 2 G.
08/14/2023 17:22:44 - DEBUG - helper.classes -   ----------- Starting epoch 1 -----------
{'loss': 1.802, 'learning_rate': 1.893939393939394e-05, 'epoch': 0.63}
08/14/2023 17:43:32 - DEBUG - helper.classes -   Epoch 1.0 completed, Duration: 0:20:47 Mem usage: CPU mem usage: 9.67G.  Cuda 0: memory acclocated: 17 G.
08/14/2023 17:45:33 - DEBUG - fsspec.local -   open file: /home/lunt1/.cache/huggingface/metrics/precision/default/default_experiment-1-0.arrow
08/14/2023 17:45:33 - DEBUG - fsspec.local -   open file: /home/lunt1/.cache/huggingface/metrics/recall/default/default_experiment-1-0.arrow
08/14/2023 17:45:33 - DEBUG - fsspec.local -   open file: /home/lunt1/.cache/huggingface/metrics/f1/default/default_experiment-1-0.arrow
08/14/2023 17:45:33 - DEBUG - fsspec.local -   open file: /home/lunt1/.cache/huggingface/metrics/spearmanr/default/default_experiment-1-0.arrow
08/14/2023 17:45:33 - DEBUG - fsspec.local -   open file: /home/lunt1/.cache/huggingface/metrics/precision/default/default_experiment-1-0.arrow
08/14/2023 17:45:33 - DEBUG - fsspec.local -   open file: /home/lunt1/.cache/huggingface/metrics/recall/default/default_experiment-1-0.arrow
08/14/2023 17:45:33 - DEBUG - fsspec.local -   open file: /home/lunt1/.cache/huggingface/metrics/f1/default/default_experiment-1-0.arrow
{'eval_loss': 1.389612078666687, 'eval_precision': 0.1689322184245818, 'eval_recall': 0.2561120697484334, 'eval_f1': 0.15985000547506173, 'eval_spearmanr': 0.7745509801404156, 'eval_precision_weighted': 0.25028567657683926, 'eval_recall_weighted': 0.39015151515151514, 'eval_f1_weighted': 0.24397750347449126, 'eval_runtime': 121.4339, 'eval_samples_per_second': 4.348, 'eval_steps_per_second': 2.174, 'epoch': 1.0}
08/14/2023 17:45:39 - DEBUG - helper.classes -   ----------- Starting epoch 2.0 -----------
{'loss': 1.3611, 'learning_rate': 2.9124579124579127e-05, 'epoch': 1.26}
{'loss': 1.2985, 'learning_rate': 2.702020202020202e-05, 'epoch': 1.89}
08/14/2023 18:06:23 - DEBUG - helper.classes -   Epoch 2.0 completed, Duration: 0:20:44 Mem usage: CPU mem usage: 9.99G.  Cuda 0: memory acclocated: 17 G.
08/14/2023 18:08:24 - DEBUG - fsspec.local -   open file: /home/lunt1/.cache/huggingface/metrics/precision/default/default_experiment-1-0.arrow
08/14/2023 18:08:24 - DEBUG - fsspec.local -   open file: /home/lunt1/.cache/huggingface/metrics/recall/default/default_experiment-1-0.arrow
08/14/2023 18:08:24 - DEBUG - fsspec.local -   open file: /home/lunt1/.cache/huggingface/metrics/f1/default/default_experiment-1-0.arrow
08/14/2023 18:08:24 - DEBUG - fsspec.local -   open file: /home/lunt1/.cache/huggingface/metrics/spearmanr/default/default_experiment-1-0.arrow
08/14/2023 18:08:24 - DEBUG - fsspec.local -   open file: /home/lunt1/.cache/huggingface/metrics/precision/default/default_experiment-1-0.arrow
08/14/2023 18:08:24 - DEBUG - fsspec.local -   open file: /home/lunt1/.cache/huggingface/metrics/recall/default/default_experiment-1-0.arrow
08/14/2023 18:08:24 - DEBUG - fsspec.local -   open file: /home/lunt1/.cache/huggingface/metrics/f1/default/default_experiment-1-0.arrow
{'eval_loss': 1.2263240814208984, 'eval_precision': 0.3320592757401144, 'eval_recall': 0.3419812690358707, 'eval_f1': 0.3183883694082233, 'eval_spearmanr': 0.8257334908689954, 'eval_precision_weighted': 0.4561643953199654, 'eval_recall_weighted': 0.4583333333333333, 'eval_f1_weighted': 0.43237303043925446, 'eval_runtime': 121.2683, 'eval_samples_per_second': 4.354, 'eval_steps_per_second': 2.177, 'epoch': 2.0}
08/14/2023 18:08:31 - DEBUG - helper.classes -   ----------- Starting epoch 3.0 -----------
{'loss': 1.2248, 'learning_rate': 2.4915824915824916e-05, 'epoch': 2.53}
08/14/2023 18:29:30 - DEBUG - helper.classes -   Epoch 3.0 completed, Duration: 0:20:58 Mem usage: CPU mem usage: 10.05G.  Cuda 0: memory acclocated: 17 G.
08/14/2023 18:31:31 - DEBUG - fsspec.local -   open file: /home/lunt1/.cache/huggingface/metrics/precision/default/default_experiment-1-0.arrow
08/14/2023 18:31:31 - DEBUG - fsspec.local -   open file: /home/lunt1/.cache/huggingface/metrics/recall/default/default_experiment-1-0.arrow
08/14/2023 18:31:31 - DEBUG - fsspec.local -   open file: /home/lunt1/.cache/huggingface/metrics/f1/default/default_experiment-1-0.arrow
08/14/2023 18:31:31 - DEBUG - fsspec.local -   open file: /home/lunt1/.cache/huggingface/metrics/spearmanr/default/default_experiment-1-0.arrow
08/14/2023 18:31:31 - DEBUG - fsspec.local -   open file: /home/lunt1/.cache/huggingface/metrics/precision/default/default_experiment-1-0.arrow
08/14/2023 18:31:31 - DEBUG - fsspec.local -   open file: /home/lunt1/.cache/huggingface/metrics/recall/default/default_experiment-1-0.arrow
08/14/2023 18:31:31 - DEBUG - fsspec.local -   open file: /home/lunt1/.cache/huggingface/metrics/f1/default/default_experiment-1-0.arrow
{'eval_loss': 1.2108964920043945, 'eval_precision': 0.3128953032810426, 'eval_recall': 0.3302944428683241, 'eval_f1': 0.3172949263676825, 'eval_spearmanr': 0.8184764587442359, 'eval_precision_weighted': 0.4334091604635479, 'eval_recall_weighted': 0.44696969696969696, 'eval_f1_weighted': 0.43536784670701156, 'eval_runtime': 121.463, 'eval_samples_per_second': 4.347, 'eval_steps_per_second': 2.174, 'epoch': 3.0}
08/14/2023 18:31:37 - DEBUG - helper.classes -   ----------- Starting epoch 4.0 -----------
{'loss': 1.1839, 'learning_rate': 2.2811447811447814e-05, 'epoch': 3.16}
{'loss': 1.1509, 'learning_rate': 2.0707070707070705e-05, 'epoch': 3.79}
08/14/2023 18:52:27 - DEBUG - helper.classes -   Epoch 4.0 completed, Duration: 0:20:49 Mem usage: CPU mem usage: 10.07G.  Cuda 0: memory acclocated: 17 G.
08/14/2023 18:54:28 - DEBUG - fsspec.local -   open file: /home/lunt1/.cache/huggingface/metrics/precision/default/default_experiment-1-0.arrow
08/14/2023 18:54:28 - DEBUG - fsspec.local -   open file: /home/lunt1/.cache/huggingface/metrics/recall/default/default_experiment-1-0.arrow
08/14/2023 18:54:28 - DEBUG - fsspec.local -   open file: /home/lunt1/.cache/huggingface/metrics/f1/default/default_experiment-1-0.arrow
08/14/2023 18:54:28 - DEBUG - fsspec.local -   open file: /home/lunt1/.cache/huggingface/metrics/spearmanr/default/default_experiment-1-0.arrow
08/14/2023 18:54:28 - DEBUG - fsspec.local -   open file: /home/lunt1/.cache/huggingface/metrics/precision/default/default_experiment-1-0.arrow
08/14/2023 18:54:28 - DEBUG - fsspec.local -   open file: /home/lunt1/.cache/huggingface/metrics/recall/default/default_experiment-1-0.arrow
08/14/2023 18:54:28 - DEBUG - fsspec.local -   open file: /home/lunt1/.cache/huggingface/metrics/f1/default/default_experiment-1-0.arrow
{'eval_loss': 1.3410371541976929, 'eval_precision': 0.32353745460258365, 'eval_recall': 0.3490899709165963, 'eval_f1': 0.3164127660497034, 'eval_spearmanr': 0.8272104088761748, 'eval_precision_weighted': 0.44780824435450606, 'eval_recall_weighted': 0.44886363636363635, 'eval_f1_weighted': 0.42765898527655033, 'eval_runtime': 121.3952, 'eval_samples_per_second': 4.349, 'eval_steps_per_second': 2.175, 'epoch': 4.0}
08/14/2023 18:54:34 - DEBUG - helper.classes -   ----------- Starting epoch 5.0 -----------
{'loss': 1.0918, 'learning_rate': 1.8602693602693603e-05, 'epoch': 4.42}
08/14/2023 19:14:50 - DEBUG - helper.classes -   Epoch 5.0 completed, Duration: 0:20:15 Mem usage: CPU mem usage: 9.91G.  Cuda 0: memory acclocated: 17 G.
08/14/2023 19:16:51 - DEBUG - fsspec.local -   open file: /home/lunt1/.cache/huggingface/metrics/precision/default/default_experiment-1-0.arrow
08/14/2023 19:16:51 - DEBUG - fsspec.local -   open file: /home/lunt1/.cache/huggingface/metrics/recall/default/default_experiment-1-0.arrow
08/14/2023 19:16:51 - DEBUG - fsspec.local -   open file: /home/lunt1/.cache/huggingface/metrics/f1/default/default_experiment-1-0.arrow
08/14/2023 19:16:51 - DEBUG - fsspec.local -   open file: /home/lunt1/.cache/huggingface/metrics/spearmanr/default/default_experiment-1-0.arrow
08/14/2023 19:16:51 - DEBUG - fsspec.local -   open file: /home/lunt1/.cache/huggingface/metrics/precision/default/default_experiment-1-0.arrow
08/14/2023 19:16:51 - DEBUG - fsspec.local -   open file: /home/lunt1/.cache/huggingface/metrics/recall/default/default_experiment-1-0.arrow
08/14/2023 19:16:51 - DEBUG - fsspec.local -   open file: /home/lunt1/.cache/huggingface/metrics/f1/default/default_experiment-1-0.arrow
{'eval_loss': 1.332961916923523, 'eval_precision': 0.3185157572423298, 'eval_recall': 0.3386192379718977, 'eval_f1': 0.3254987413271105, 'eval_spearmanr': 0.8269575540296875, 'eval_precision_weighted': 0.44279316033482213, 'eval_recall_weighted': 0.4602272727272727, 'eval_f1_weighted': 0.4484133547739961, 'eval_runtime': 121.3759, 'eval_samples_per_second': 4.35, 'eval_steps_per_second': 2.175, 'epoch': 5.0}
08/14/2023 19:16:57 - DEBUG - helper.classes -   ----------- Starting epoch 6.0 -----------
{'loss': 1.0693, 'learning_rate': 1.64983164983165e-05, 'epoch': 5.05}
{'loss': 0.9688, 'learning_rate': 1.4393939393939394e-05, 'epoch': 5.68}
08/14/2023 19:37:39 - DEBUG - helper.classes -   Epoch 6.0 completed, Duration: 0:20:41 Mem usage: CPU mem usage: 9.91G.  Cuda 0: memory acclocated: 17 G.
08/14/2023 19:39:42 - DEBUG - fsspec.local -   open file: /home/lunt1/.cache/huggingface/metrics/precision/default/default_experiment-1-0.arrow
08/14/2023 19:39:43 - DEBUG - fsspec.local -   open file: /home/lunt1/.cache/huggingface/metrics/recall/default/default_experiment-1-0.arrow
08/14/2023 19:39:43 - DEBUG - fsspec.local -   open file: /home/lunt1/.cache/huggingface/metrics/f1/default/default_experiment-1-0.arrow
08/14/2023 19:39:43 - DEBUG - fsspec.local -   open file: /home/lunt1/.cache/huggingface/metrics/spearmanr/default/default_experiment-1-0.arrow
08/14/2023 19:39:43 - DEBUG - fsspec.local -   open file: /home/lunt1/.cache/huggingface/metrics/precision/default/default_experiment-1-0.arrow
08/14/2023 19:39:43 - DEBUG - fsspec.local -   open file: /home/lunt1/.cache/huggingface/metrics/recall/default/default_experiment-1-0.arrow
08/14/2023 19:39:43 - DEBUG - fsspec.local -   open file: /home/lunt1/.cache/huggingface/metrics/f1/default/default_experiment-1-0.arrow
{'eval_loss': 1.5789732933044434, 'eval_precision': 0.3342973985690649, 'eval_recall': 0.351574223224941, 'eval_f1': 0.34113214687487403, 'eval_spearmanr': 0.8186114661396472, 'eval_precision_weighted': 0.4651153550228836, 'eval_recall_weighted': 0.48484848484848486, 'eval_f1_weighted': 0.4726371803708583, 'eval_runtime': 124.1195, 'eval_samples_per_second': 4.254, 'eval_steps_per_second': 2.127, 'epoch': 6.0}
08/14/2023 19:39:49 - DEBUG - helper.classes -   ----------- Starting epoch 7.0 -----------
{'loss': 0.9371, 'learning_rate': 1.228956228956229e-05, 'epoch': 6.31}
{'loss': 0.9, 'learning_rate': 1.0185185185185186e-05, 'epoch': 6.94}
08/14/2023 20:00:49 - DEBUG - helper.classes -   Epoch 7.0 completed, Duration: 0:20:59 Mem usage: CPU mem usage: 9.80G.  Cuda 0: memory acclocated: 17 G.
08/14/2023 20:02:51 - DEBUG - fsspec.local -   open file: /home/lunt1/.cache/huggingface/metrics/precision/default/default_experiment-1-0.arrow
08/14/2023 20:02:52 - DEBUG - fsspec.local -   open file: /home/lunt1/.cache/huggingface/metrics/recall/default/default_experiment-1-0.arrow
08/14/2023 20:02:52 - DEBUG - fsspec.local -   open file: /home/lunt1/.cache/huggingface/metrics/f1/default/default_experiment-1-0.arrow
08/14/2023 20:02:52 - DEBUG - fsspec.local -   open file: /home/lunt1/.cache/huggingface/metrics/spearmanr/default/default_experiment-1-0.arrow
08/14/2023 20:02:52 - DEBUG - fsspec.local -   open file: /home/lunt1/.cache/huggingface/metrics/precision/default/default_experiment-1-0.arrow
08/14/2023 20:02:52 - DEBUG - fsspec.local -   open file: /home/lunt1/.cache/huggingface/metrics/recall/default/default_experiment-1-0.arrow
08/14/2023 20:02:52 - DEBUG - fsspec.local -   open file: /home/lunt1/.cache/huggingface/metrics/f1/default/default_experiment-1-0.arrow
{'eval_loss': 1.7877771854400635, 'eval_precision': 0.32635861586817183, 'eval_recall': 0.3417952345056201, 'eval_f1': 0.3315071176701058, 'eval_spearmanr': 0.8180857545050884, 'eval_precision_weighted': 0.4527922125201736, 'eval_recall_weighted': 0.4678030303030303, 'eval_f1_weighted': 0.45727856314125415, 'eval_runtime': 122.9053, 'eval_samples_per_second': 4.296, 'eval_steps_per_second': 2.148, 'epoch': 7.0}
08/14/2023 20:02:59 - DEBUG - helper.classes -   ----------- Starting epoch 8.0 -----------
{'loss': 0.8841, 'learning_rate': 8.08080808080808e-06, 'epoch': 7.58}
08/14/2023 20:23:41 - DEBUG - helper.classes -   Epoch 8.0 completed, Duration: 0:20:42 Mem usage: CPU mem usage: 9.79G.  Cuda 0: memory acclocated: 17 G.
08/14/2023 20:25:42 - DEBUG - fsspec.local -   open file: /home/lunt1/.cache/huggingface/metrics/precision/default/default_experiment-1-0.arrow
08/14/2023 20:25:42 - DEBUG - fsspec.local -   open file: /home/lunt1/.cache/huggingface/metrics/recall/default/default_experiment-1-0.arrow
08/14/2023 20:25:42 - DEBUG - fsspec.local -   open file: /home/lunt1/.cache/huggingface/metrics/f1/default/default_experiment-1-0.arrow
08/14/2023 20:25:42 - DEBUG - fsspec.local -   open file: /home/lunt1/.cache/huggingface/metrics/spearmanr/default/default_experiment-1-0.arrow
08/14/2023 20:25:43 - DEBUG - fsspec.local -   open file: /home/lunt1/.cache/huggingface/metrics/precision/default/default_experiment-1-0.arrow
08/14/2023 20:25:43 - DEBUG - fsspec.local -   open file: /home/lunt1/.cache/huggingface/metrics/recall/default/default_experiment-1-0.arrow
08/14/2023 20:25:43 - DEBUG - fsspec.local -   open file: /home/lunt1/.cache/huggingface/metrics/f1/default/default_experiment-1-0.arrow
{'eval_loss': 2.016671895980835, 'eval_precision': 0.3162984858888228, 'eval_recall': 0.3259828688058353, 'eval_f1': 0.31667045256735465, 'eval_spearmanr': 0.8156419977260667, 'eval_precision_weighted': 0.4384750901028104, 'eval_recall_weighted': 0.44886363636363635, 'eval_f1_weighted': 0.43732127414048505, 'eval_runtime': 122.0551, 'eval_samples_per_second': 4.326, 'eval_steps_per_second': 2.163, 'epoch': 8.0}
08/14/2023 20:25:50 - DEBUG - helper.classes -   ----------- Starting epoch 9.0 -----------
{'loss': 0.7935, 'learning_rate': 5.976430976430977e-06, 'epoch': 8.21}
{'loss': 0.8218, 'learning_rate': 3.872053872053872e-06, 'epoch': 8.84}
08/14/2023 20:47:08 - DEBUG - helper.classes -   Epoch 9.0 completed, Duration: 0:21:17 Mem usage: CPU mem usage: 9.79G.  Cuda 0: memory acclocated: 17 G.
08/14/2023 20:49:09 - DEBUG - fsspec.local -   open file: /home/lunt1/.cache/huggingface/metrics/precision/default/default_experiment-1-0.arrow
08/14/2023 20:49:09 - DEBUG - fsspec.local -   open file: /home/lunt1/.cache/huggingface/metrics/recall/default/default_experiment-1-0.arrow
08/14/2023 20:49:09 - DEBUG - fsspec.local -   open file: /home/lunt1/.cache/huggingface/metrics/f1/default/default_experiment-1-0.arrow
08/14/2023 20:49:09 - DEBUG - fsspec.local -   open file: /home/lunt1/.cache/huggingface/metrics/spearmanr/default/default_experiment-1-0.arrow
08/14/2023 20:49:09 - DEBUG - fsspec.local -   open file: /home/lunt1/.cache/huggingface/metrics/precision/default/default_experiment-1-0.arrow
08/14/2023 20:49:09 - DEBUG - fsspec.local -   open file: /home/lunt1/.cache/huggingface/metrics/recall/default/default_experiment-1-0.arrow
08/14/2023 20:49:09 - DEBUG - fsspec.local -   open file: /home/lunt1/.cache/huggingface/metrics/f1/default/default_experiment-1-0.arrow
{'eval_loss': 2.2904257774353027, 'eval_precision': 0.3128602174242981, 'eval_recall': 0.3220916385425251, 'eval_f1': 0.3107395853025792, 'eval_spearmanr': 0.8154991452686962, 'eval_precision_weighted': 0.4361539146769465, 'eval_recall_weighted': 0.4412878787878788, 'eval_f1_weighted': 0.4294275195418646, 'eval_runtime': 121.4797, 'eval_samples_per_second': 4.346, 'eval_steps_per_second': 2.173, 'epoch': 9.0}
08/14/2023 20:49:16 - DEBUG - helper.classes -   ----------- Starting epoch 10.0 -----------
{'loss': 0.8392, 'learning_rate': 1.7676767676767678e-06, 'epoch': 9.47}
08/14/2023 21:10:36 - DEBUG - helper.classes -   Epoch 10.0 completed, Duration: 0:21:20 Mem usage: CPU mem usage: 9.79G.  Cuda 0: memory acclocated: 17 G.
08/14/2023 21:12:37 - DEBUG - fsspec.local -   open file: /home/lunt1/.cache/huggingface/metrics/precision/default/default_experiment-1-0.arrow
08/14/2023 21:12:37 - DEBUG - fsspec.local -   open file: /home/lunt1/.cache/huggingface/metrics/recall/default/default_experiment-1-0.arrow
08/14/2023 21:12:37 - DEBUG - fsspec.local -   open file: /home/lunt1/.cache/huggingface/metrics/f1/default/default_experiment-1-0.arrow
08/14/2023 21:12:37 - DEBUG - fsspec.local -   open file: /home/lunt1/.cache/huggingface/metrics/spearmanr/default/default_experiment-1-0.arrow
08/14/2023 21:12:37 - DEBUG - fsspec.local -   open file: /home/lunt1/.cache/huggingface/metrics/precision/default/default_experiment-1-0.arrow
08/14/2023 21:12:37 - DEBUG - fsspec.local -   open file: /home/lunt1/.cache/huggingface/metrics/recall/default/default_experiment-1-0.arrow
08/14/2023 21:12:37 - DEBUG - fsspec.local -   open file: /home/lunt1/.cache/huggingface/metrics/f1/default/default_experiment-1-0.arrow
{'eval_loss': 2.31439471244812, 'eval_precision': 0.3144896329753668, 'eval_recall': 0.3259318175023213, 'eval_f1': 0.3159258089520916, 'eval_spearmanr': 0.8155148145022094, 'eval_precision_weighted': 0.4383557653102043, 'eval_recall_weighted': 0.44696969696969696, 'eval_f1_weighted': 0.43713637746446316, 'eval_runtime': 121.1485, 'eval_samples_per_second': 4.358, 'eval_steps_per_second': 2.179, 'epoch': 10.0}
{'train_runtime': 13804.6665, 'train_samples_per_second': 1.147, 'train_steps_per_second': 0.574, 'train_loss': 1.0706486018017085, 'epoch': 10.0}
08/14/2023 21:12:49 - INFO - __main__ -   Training completed. Duration: 3:50:05
08/14/2023 21:14:50 - DEBUG - fsspec.local -   open file: /home/lunt1/.cache/huggingface/metrics/precision/default/default_experiment-1-0.arrow
08/14/2023 21:14:50 - DEBUG - fsspec.local -   open file: /home/lunt1/.cache/huggingface/metrics/recall/default/default_experiment-1-0.arrow
08/14/2023 21:14:50 - DEBUG - fsspec.local -   open file: /home/lunt1/.cache/huggingface/metrics/f1/default/default_experiment-1-0.arrow
08/14/2023 21:14:50 - DEBUG - fsspec.local -   open file: /home/lunt1/.cache/huggingface/metrics/spearmanr/default/default_experiment-1-0.arrow
08/14/2023 21:14:50 - DEBUG - fsspec.local -   open file: /home/lunt1/.cache/huggingface/metrics/precision/default/default_experiment-1-0.arrow
08/14/2023 21:14:50 - DEBUG - fsspec.local -   open file: /home/lunt1/.cache/huggingface/metrics/recall/default/default_experiment-1-0.arrow
08/14/2023 21:14:50 - DEBUG - fsspec.local -   open file: /home/lunt1/.cache/huggingface/metrics/f1/default/default_experiment-1-0.arrow
08/14/2023 21:14:50 - DEBUG - fsspec.local -   open file: /home/lunt1/.cache/huggingface/metrics/precision/default/default_experiment-1-0.arrow
08/14/2023 21:14:50 - DEBUG - fsspec.local -   open file: /home/lunt1/.cache/huggingface/metrics/recall/default/default_experiment-1-0.arrow
08/14/2023 21:14:50 - DEBUG - fsspec.local -   open file: /home/lunt1/.cache/huggingface/metrics/f1/default/default_experiment-1-0.arrow
08/14/2023 21:14:50 - DEBUG - fsspec.local -   open file: /home/lunt1/.cache/huggingface/metrics/spearmanr/default/default_experiment-1-0.arrow
08/14/2023 21:14:50 - DEBUG - fsspec.local -   open file: /home/lunt1/.cache/huggingface/metrics/precision/default/default_experiment-1-0.arrow
08/14/2023 21:14:50 - DEBUG - fsspec.local -   open file: /home/lunt1/.cache/huggingface/metrics/recall/default/default_experiment-1-0.arrow
08/14/2023 21:14:50 - DEBUG - fsspec.local -   open file: /home/lunt1/.cache/huggingface/metrics/f1/default/default_experiment-1-0.arrow
08/14/2023 21:14:50 - DEBUG - __main__ -   label: 5
08/14/2023 21:14:50 - DEBUG - __main__ -   pred: 5
08/14/2023 21:14:50 - DEBUG - __main__ -   label: 3
08/14/2023 21:14:50 - DEBUG - __main__ -   pred: 4
08/14/2023 21:14:50 - DEBUG - __main__ -   label: 5
08/14/2023 21:14:50 - DEBUG - __main__ -   pred: 4
08/14/2023 21:14:50 - DEBUG - __main__ -   label: 3
08/14/2023 21:14:50 - DEBUG - __main__ -   pred: 3
08/14/2023 21:14:50 - DEBUG - __main__ -   label: 4
08/14/2023 21:14:50 - DEBUG - __main__ -   pred: 4
08/14/2023 21:14:50 - DEBUG - __main__ -   label: 4
08/14/2023 21:14:50 - DEBUG - __main__ -   pred: 3
08/14/2023 21:14:50 - DEBUG - __main__ -   label: 6
08/14/2023 21:14:50 - DEBUG - __main__ -   pred: 4
08/14/2023 21:14:50 - DEBUG - __main__ -   label: 3
08/14/2023 21:14:50 - DEBUG - __main__ -   pred: 3
08/14/2023 21:14:50 - DEBUG - __main__ -   label: 4
08/14/2023 21:14:50 - DEBUG - __main__ -   pred: 3
08/14/2023 21:14:50 - DEBUG - __main__ -   label: 4
08/14/2023 21:14:50 - DEBUG - __main__ -   pred: 3
08/14/2023 21:14:50 - DEBUG - __main__ -   label: 4
08/14/2023 21:14:50 - DEBUG - __main__ -   pred: 4
08/14/2023 21:14:50 - DEBUG - __main__ -   label: 3
08/14/2023 21:14:50 - DEBUG - __main__ -   pred: 3
08/14/2023 21:14:50 - DEBUG - __main__ -   label: 5
08/14/2023 21:14:50 - DEBUG - __main__ -   pred: 4
08/14/2023 21:14:50 - DEBUG - __main__ -   label: 3
08/14/2023 21:14:50 - DEBUG - __main__ -   pred: 5
08/14/2023 21:14:50 - DEBUG - __main__ -   label: 2
08/14/2023 21:14:50 - DEBUG - __main__ -   pred: 3
08/14/2023 21:14:50 - DEBUG - __main__ -   label: 3
08/14/2023 21:14:50 - DEBUG - __main__ -   pred: 3
08/14/2023 21:14:50 - DEBUG - __main__ -   label: 6
08/14/2023 21:14:50 - DEBUG - __main__ -   pred: 5
08/14/2023 21:14:50 - DEBUG - __main__ -   label: 6
08/14/2023 21:14:50 - DEBUG - __main__ -   pred: 5
08/14/2023 21:14:50 - DEBUG - __main__ -   label: 3
08/14/2023 21:14:50 - DEBUG - __main__ -   pred: 3
08/14/2023 21:14:50 - DEBUG - __main__ -   label: 6
08/14/2023 21:14:50 - DEBUG - __main__ -   pred: 4
08/14/2023 21:14:50 - DEBUG - __main__ -   label: 5
08/14/2023 21:14:50 - DEBUG - __main__ -   pred: 4
08/14/2023 21:14:50 - DEBUG - __main__ -   label: 2
08/14/2023 21:14:50 - DEBUG - __main__ -   pred: 2
08/14/2023 21:14:50 - DEBUG - __main__ -   label: 6
08/14/2023 21:14:50 - DEBUG - __main__ -   pred: 4
08/14/2023 21:14:50 - DEBUG - __main__ -   label: 5
08/14/2023 21:14:50 - DEBUG - __main__ -   pred: 3
08/14/2023 21:14:50 - DEBUG - __main__ -   label: 5
08/14/2023 21:14:50 - DEBUG - __main__ -   pred: 3
08/14/2023 21:14:50 - DEBUG - __main__ -   label: 4
08/14/2023 21:14:50 - DEBUG - __main__ -   pred: 3
08/14/2023 21:14:50 - DEBUG - __main__ -   label: 5
08/14/2023 21:14:50 - DEBUG - __main__ -   pred: 2
08/14/2023 21:14:50 - DEBUG - __main__ -   label: 3
08/14/2023 21:14:50 - DEBUG - __main__ -   pred: 3
08/14/2023 21:14:50 - DEBUG - __main__ -   label: 4
08/14/2023 21:14:50 - DEBUG - __main__ -   pred: 3
08/14/2023 21:14:50 - DEBUG - __main__ -   label: 4
08/14/2023 21:14:50 - DEBUG - __main__ -   pred: 3
08/14/2023 21:14:50 - DEBUG - __main__ -   label: 5
08/14/2023 21:14:50 - DEBUG - __main__ -   pred: 4
08/14/2023 21:14:50 - DEBUG - __main__ -   label: 4
08/14/2023 21:14:50 - DEBUG - __main__ -   pred: 3
08/14/2023 21:14:50 - DEBUG - __main__ -   label: 6
08/14/2023 21:14:50 - DEBUG - __main__ -   pred: 5
08/14/2023 21:14:50 - DEBUG - __main__ -   label: 6
08/14/2023 21:14:50 - DEBUG - __main__ -   pred: 4
08/14/2023 21:14:50 - DEBUG - __main__ -   label: 2
08/14/2023 21:14:50 - DEBUG - __main__ -   pred: 3
08/14/2023 21:14:50 - DEBUG - __main__ -   label: 3
08/14/2023 21:14:50 - DEBUG - __main__ -   pred: 3
08/14/2023 21:14:50 - DEBUG - __main__ -   label: 5
08/14/2023 21:14:50 - DEBUG - __main__ -   pred: 4
08/14/2023 21:14:50 - DEBUG - __main__ -   label: 5
08/14/2023 21:14:50 - DEBUG - __main__ -   pred: 5
08/14/2023 21:14:50 - DEBUG - __main__ -   label: 6
08/14/2023 21:14:50 - DEBUG - __main__ -   pred: 5
08/14/2023 21:14:50 - DEBUG - __main__ -   label: 4
08/14/2023 21:14:50 - DEBUG - __main__ -   pred: 4
08/14/2023 21:14:50 - DEBUG - __main__ -   label: 3
08/14/2023 21:14:50 - DEBUG - __main__ -   pred: 3
08/14/2023 21:14:50 - DEBUG - __main__ -   label: 4
08/14/2023 21:14:50 - DEBUG - __main__ -   pred: 3
08/14/2023 21:14:50 - DEBUG - __main__ -   label: 1
08/14/2023 21:14:50 - DEBUG - __main__ -   pred: 2
08/14/2023 21:14:50 - DEBUG - __main__ -   label: 4
08/14/2023 21:14:50 - DEBUG - __main__ -   pred: 3
08/14/2023 21:14:50 - DEBUG - __main__ -   label: 5
08/14/2023 21:14:50 - DEBUG - __main__ -   pred: 4
08/14/2023 21:14:50 - DEBUG - __main__ -   label: 2
08/14/2023 21:14:50 - DEBUG - __main__ -   pred: 3
08/14/2023 21:14:50 - DEBUG - __main__ -   label: 4
08/14/2023 21:14:50 - DEBUG - __main__ -   pred: 3
08/14/2023 21:14:50 - DEBUG - __main__ -   label: 4
08/14/2023 21:14:50 - DEBUG - __main__ -   pred: 4
08/14/2023 21:14:50 - DEBUG - __main__ -   label: 4
08/14/2023 21:14:50 - DEBUG - __main__ -   pred: 5
08/14/2023 21:14:50 - DEBUG - __main__ -   label: 5
08/14/2023 21:14:50 - DEBUG - __main__ -   pred: 3
08/14/2023 21:14:50 - DEBUG - __main__ -   label: 4
08/14/2023 21:14:50 - DEBUG - __main__ -   pred: 4
08/14/2023 21:14:50 - DEBUG - __main__ -   label: 5
08/14/2023 21:14:50 - DEBUG - __main__ -   pred: 4
08/14/2023 21:14:50 - DEBUG - __main__ -   label: 3
08/14/2023 21:14:50 - DEBUG - __main__ -   pred: 3
08/14/2023 21:14:50 - DEBUG - __main__ -   label: 4
08/14/2023 21:14:50 - DEBUG - __main__ -   pred: 4
08/14/2023 21:14:50 - DEBUG - __main__ -   label: 4
08/14/2023 21:14:50 - DEBUG - __main__ -   pred: 3
08/14/2023 21:14:50 - DEBUG - __main__ -   label: 4
08/14/2023 21:14:50 - DEBUG - __main__ -   pred: 2
08/14/2023 21:14:50 - DEBUG - __main__ -   label: 4
08/14/2023 21:14:50 - DEBUG - __main__ -   pred: 5
08/14/2023 21:14:50 - DEBUG - __main__ -   label: 5
08/14/2023 21:14:50 - DEBUG - __main__ -   pred: 5
08/14/2023 21:14:50 - DEBUG - __main__ -   label: 4
08/14/2023 21:14:50 - DEBUG - __main__ -   pred: 4
08/14/2023 21:14:50 - DEBUG - __main__ -   label: 3
08/14/2023 21:14:50 - DEBUG - __main__ -   pred: 3
08/14/2023 21:14:50 - DEBUG - __main__ -   label: 4
08/14/2023 21:14:50 - DEBUG - __main__ -   pred: 4
08/14/2023 21:14:50 - DEBUG - __main__ -   label: 3
08/14/2023 21:14:50 - DEBUG - __main__ -   pred: 3
08/14/2023 21:14:50 - DEBUG - __main__ -   label: 3
08/14/2023 21:14:50 - DEBUG - __main__ -   pred: 3
08/14/2023 21:14:50 - DEBUG - __main__ -   label: 3
08/14/2023 21:14:50 - DEBUG - __main__ -   pred: 3
08/14/2023 21:14:50 - DEBUG - __main__ -   label: 2
08/14/2023 21:14:50 - DEBUG - __main__ -   pred: 3
08/14/2023 21:14:50 - DEBUG - __main__ -   label: 3
08/14/2023 21:14:50 - DEBUG - __main__ -   pred: 3
08/14/2023 21:14:50 - DEBUG - __main__ -   label: 6
08/14/2023 21:14:50 - DEBUG - __main__ -   pred: 5
08/14/2023 21:14:50 - DEBUG - __main__ -   label: 4
08/14/2023 21:14:50 - DEBUG - __main__ -   pred: 5
08/14/2023 21:14:50 - DEBUG - __main__ -   label: 4
08/14/2023 21:14:50 - DEBUG - __main__ -   pred: 3
08/14/2023 21:14:50 - DEBUG - __main__ -   label: 6
08/14/2023 21:14:50 - DEBUG - __main__ -   pred: 5
08/14/2023 21:14:50 - DEBUG - __main__ -   label: 4
08/14/2023 21:14:50 - DEBUG - __main__ -   pred: 4
08/14/2023 21:14:50 - DEBUG - __main__ -   label: 3
08/14/2023 21:14:50 - DEBUG - __main__ -   pred: 3
08/14/2023 21:14:50 - DEBUG - __main__ -   label: 4
08/14/2023 21:14:50 - DEBUG - __main__ -   pred: 3
08/14/2023 21:14:50 - DEBUG - __main__ -   label: 3
08/14/2023 21:14:50 - DEBUG - __main__ -   pred: 3
08/14/2023 21:14:50 - DEBUG - __main__ -   label: 3
08/14/2023 21:14:50 - DEBUG - __main__ -   pred: 5
08/14/2023 21:14:50 - DEBUG - __main__ -   label: 3
08/14/2023 21:14:50 - DEBUG - __main__ -   pred: 3
08/14/2023 21:14:50 - DEBUG - __main__ -   label: 5
08/14/2023 21:14:50 - DEBUG - __main__ -   pred: 3
08/14/2023 21:14:50 - DEBUG - __main__ -   label: 5
08/14/2023 21:14:50 - DEBUG - __main__ -   pred: 5
08/14/2023 21:14:50 - DEBUG - __main__ -   label: 3
08/14/2023 21:14:50 - DEBUG - __main__ -   pred: 2
08/14/2023 21:14:50 - DEBUG - __main__ -   label: 6
08/14/2023 21:14:50 - DEBUG - __main__ -   pred: 4
08/14/2023 21:14:50 - DEBUG - __main__ -   label: 3
08/14/2023 21:14:50 - DEBUG - __main__ -   pred: 3
08/14/2023 21:14:50 - DEBUG - __main__ -   label: 5
08/14/2023 21:14:50 - DEBUG - __main__ -   pred: 5
08/14/2023 21:14:50 - DEBUG - __main__ -   label: 4
08/14/2023 21:14:50 - DEBUG - __main__ -   pred: 4
08/14/2023 21:14:50 - DEBUG - __main__ -   label: 1
08/14/2023 21:14:50 - DEBUG - __main__ -   pred: 2
08/14/2023 21:14:50 - DEBUG - __main__ -   label: 4
08/14/2023 21:14:50 - DEBUG - __main__ -   pred: 5
08/14/2023 21:14:50 - DEBUG - __main__ -   label: 5
08/14/2023 21:14:50 - DEBUG - __main__ -   pred: 5
08/14/2023 21:14:50 - DEBUG - __main__ -   label: 6
08/14/2023 21:14:50 - DEBUG - __main__ -   pred: 5
08/14/2023 21:14:50 - DEBUG - __main__ -   label: 3
08/14/2023 21:14:50 - DEBUG - __main__ -   pred: 3
08/14/2023 21:14:50 - DEBUG - __main__ -   label: 3
08/14/2023 21:14:50 - DEBUG - __main__ -   pred: 3
08/14/2023 21:14:50 - DEBUG - __main__ -   label: 4
08/14/2023 21:14:50 - DEBUG - __main__ -   pred: 3
08/14/2023 21:14:50 - DEBUG - __main__ -   label: 2
08/14/2023 21:14:50 - DEBUG - __main__ -   pred: 2
08/14/2023 21:14:50 - DEBUG - __main__ -   label: 4
08/14/2023 21:14:50 - DEBUG - __main__ -   pred: 3
08/14/2023 21:14:50 - DEBUG - __main__ -   label: 3
08/14/2023 21:14:50 - DEBUG - __main__ -   pred: 3
08/14/2023 21:14:50 - DEBUG - __main__ -   label: 3
08/14/2023 21:14:50 - DEBUG - __main__ -   pred: 2
08/14/2023 21:14:50 - DEBUG - __main__ -   label: 2
08/14/2023 21:14:50 - DEBUG - __main__ -   pred: 3
08/14/2023 21:14:50 - DEBUG - __main__ -   label: 3
08/14/2023 21:14:50 - DEBUG - __main__ -   pred: 4
08/14/2023 21:14:50 - DEBUG - __main__ -   label: 4
08/14/2023 21:14:50 - DEBUG - __main__ -   pred: 4
08/14/2023 21:14:50 - DEBUG - __main__ -   label: 4
08/14/2023 21:14:50 - DEBUG - __main__ -   pred: 5
08/14/2023 21:14:50 - DEBUG - __main__ -   label: 3
08/14/2023 21:14:50 - DEBUG - __main__ -   pred: 3
08/14/2023 21:14:50 - DEBUG - __main__ -   label: 4
08/14/2023 21:14:50 - DEBUG - __main__ -   pred: 5
08/14/2023 21:14:50 - DEBUG - __main__ -   label: 4
08/14/2023 21:14:50 - DEBUG - __main__ -   pred: 4
08/14/2023 21:14:50 - DEBUG - __main__ -   label: 5
08/14/2023 21:14:50 - DEBUG - __main__ -   pred: 4
08/14/2023 21:14:50 - DEBUG - __main__ -   label: 4
08/14/2023 21:14:50 - DEBUG - __main__ -   pred: 3
08/14/2023 21:14:50 - DEBUG - __main__ -   label: 3
08/14/2023 21:14:50 - DEBUG - __main__ -   pred: 3
08/14/2023 21:14:50 - DEBUG - __main__ -   label: 4
08/14/2023 21:14:50 - DEBUG - __main__ -   pred: 4
08/14/2023 21:14:50 - DEBUG - __main__ -   label: 6
08/14/2023 21:14:50 - DEBUG - __main__ -   pred: 5
08/14/2023 21:14:50 - DEBUG - __main__ -   label: 5
08/14/2023 21:14:50 - DEBUG - __main__ -   pred: 5
08/14/2023 21:14:50 - DEBUG - __main__ -   label: 6
08/14/2023 21:14:50 - DEBUG - __main__ -   pred: 5
08/14/2023 21:14:50 - DEBUG - __main__ -   label: 3
08/14/2023 21:14:50 - DEBUG - __main__ -   pred: 3
08/14/2023 21:14:50 - DEBUG - __main__ -   label: 4
08/14/2023 21:14:50 - DEBUG - __main__ -   pred: 4
08/14/2023 21:14:50 - DEBUG - __main__ -   label: 4
08/14/2023 21:14:50 - DEBUG - __main__ -   pred: 3
08/14/2023 21:14:50 - DEBUG - __main__ -   label: 3
08/14/2023 21:14:50 - DEBUG - __main__ -   pred: 2
08/14/2023 21:14:50 - DEBUG - __main__ -   label: 2
08/14/2023 21:14:50 - DEBUG - __main__ -   pred: 2
08/14/2023 21:14:50 - DEBUG - __main__ -   label: 3
08/14/2023 21:14:50 - DEBUG - __main__ -   pred: 4
08/14/2023 21:14:50 - DEBUG - __main__ -   label: 2
08/14/2023 21:14:50 - DEBUG - __main__ -   pred: 3
08/14/2023 21:14:50 - DEBUG - __main__ -   label: 3
08/14/2023 21:14:50 - DEBUG - __main__ -   pred: 3
08/14/2023 21:14:50 - DEBUG - __main__ -   label: 1
08/14/2023 21:14:50 - DEBUG - __main__ -   pred: 2
08/14/2023 21:14:50 - DEBUG - __main__ -   label: 2
08/14/2023 21:14:50 - DEBUG - __main__ -   pred: 2
08/14/2023 21:14:50 - DEBUG - __main__ -   label: 1
08/14/2023 21:14:50 - DEBUG - __main__ -   pred: 1
08/14/2023 21:14:50 - DEBUG - __main__ -   label: 1
08/14/2023 21:14:50 - DEBUG - __main__ -   pred: 1
08/14/2023 21:14:50 - DEBUG - __main__ -   label: 2
08/14/2023 21:14:50 - DEBUG - __main__ -   pred: 2
08/14/2023 21:14:50 - DEBUG - __main__ -   label: 2
08/14/2023 21:14:50 - DEBUG - __main__ -   pred: 2
08/14/2023 21:14:50 - DEBUG - __main__ -   label: 1
08/14/2023 21:14:50 - DEBUG - __main__ -   pred: 2
08/14/2023 21:14:50 - DEBUG - __main__ -   label: 0
08/14/2023 21:14:50 - DEBUG - __main__ -   pred: 1
08/14/2023 21:14:50 - DEBUG - __main__ -   label: 2
08/14/2023 21:14:50 - DEBUG - __main__ -   pred: 3
08/14/2023 21:14:50 - DEBUG - __main__ -   label: 1
08/14/2023 21:14:50 - DEBUG - __main__ -   pred: 1
08/14/2023 21:14:50 - DEBUG - __main__ -   label: 1
08/14/2023 21:14:50 - DEBUG - __main__ -   pred: 1
08/14/2023 21:14:50 - DEBUG - __main__ -   label: 1
08/14/2023 21:14:50 - DEBUG - __main__ -   pred: 1
08/14/2023 21:14:50 - DEBUG - __main__ -   label: 2
08/14/2023 21:14:50 - DEBUG - __main__ -   pred: 2
08/14/2023 21:14:50 - DEBUG - __main__ -   label: 1
08/14/2023 21:14:50 - DEBUG - __main__ -   pred: 1
08/14/2023 21:14:50 - DEBUG - __main__ -   label: 2
08/14/2023 21:14:50 - DEBUG - __main__ -   pred: 3
08/14/2023 21:14:50 - DEBUG - __main__ -   label: 1
08/14/2023 21:14:50 - DEBUG - __main__ -   pred: 2
08/14/2023 21:14:50 - DEBUG - __main__ -   label: 1
08/14/2023 21:14:50 - DEBUG - __main__ -   pred: 1
08/14/2023 21:14:50 - DEBUG - __main__ -   label: 1
08/14/2023 21:14:50 - DEBUG - __main__ -   pred: 1
08/14/2023 21:14:50 - DEBUG - __main__ -   label: 1
08/14/2023 21:14:50 - DEBUG - __main__ -   pred: 1
08/14/2023 21:14:50 - DEBUG - __main__ -   label: 1
08/14/2023 21:14:50 - DEBUG - __main__ -   pred: 1
08/14/2023 21:14:50 - DEBUG - __main__ -   label: 1
08/14/2023 21:14:50 - DEBUG - __main__ -   pred: 1
08/14/2023 21:14:50 - DEBUG - __main__ -   label: 1
08/14/2023 21:14:50 - DEBUG - __main__ -   pred: 2
08/14/2023 21:14:50 - DEBUG - __main__ -   label: 1
08/14/2023 21:14:50 - DEBUG - __main__ -   pred: 1
08/14/2023 21:14:50 - DEBUG - __main__ -   label: 1
08/14/2023 21:14:50 - DEBUG - __main__ -   pred: 1
08/14/2023 21:14:50 - DEBUG - __main__ -   label: 2
08/14/2023 21:14:50 - DEBUG - __main__ -   pred: 1
08/14/2023 21:14:50 - DEBUG - __main__ -   label: 2
08/14/2023 21:14:50 - DEBUG - __main__ -   pred: 2
08/14/2023 21:14:50 - DEBUG - __main__ -   label: 1
08/14/2023 21:14:50 - DEBUG - __main__ -   pred: 1
08/14/2023 21:14:50 - DEBUG - __main__ -   label: 2
08/14/2023 21:14:50 - DEBUG - __main__ -   pred: 2
08/14/2023 21:14:50 - DEBUG - __main__ -   label: 1
08/14/2023 21:14:50 - DEBUG - __main__ -   pred: 1
08/14/2023 21:14:50 - DEBUG - __main__ -   label: 2
08/14/2023 21:14:50 - DEBUG - __main__ -   pred: 2
08/14/2023 21:14:50 - DEBUG - __main__ -   label: 2
08/14/2023 21:14:50 - DEBUG - __main__ -   pred: 2
08/14/2023 21:14:50 - DEBUG - __main__ -   label: 2
08/14/2023 21:14:50 - DEBUG - __main__ -   pred: 2
08/14/2023 21:14:50 - DEBUG - __main__ -   label: 4
08/14/2023 21:14:50 - DEBUG - __main__ -   pred: 3
08/14/2023 21:14:50 - DEBUG - __main__ -   label: 5
08/14/2023 21:14:50 - DEBUG - __main__ -   pred: 4
08/14/2023 21:14:50 - DEBUG - __main__ -   label: 4
08/14/2023 21:14:50 - DEBUG - __main__ -   pred: 4
08/14/2023 21:14:50 - DEBUG - __main__ -   label: 4
08/14/2023 21:14:50 - DEBUG - __main__ -   pred: 4
08/14/2023 21:14:50 - DEBUG - __main__ -   label: 4
08/14/2023 21:14:50 - DEBUG - __main__ -   pred: 4
08/14/2023 21:14:50 - DEBUG - __main__ -   label: 1
08/14/2023 21:14:50 - DEBUG - __main__ -   pred: 1
08/14/2023 21:14:50 - DEBUG - __main__ -   label: 4
08/14/2023 21:14:50 - DEBUG - __main__ -   pred: 4
08/14/2023 21:14:50 - DEBUG - __main__ -   label: 4
08/14/2023 21:14:50 - DEBUG - __main__ -   pred: 3
08/14/2023 21:14:50 - DEBUG - __main__ -   label: 6
08/14/2023 21:14:50 - DEBUG - __main__ -   pred: 5
08/14/2023 21:14:50 - DEBUG - __main__ -   label: 6
08/14/2023 21:14:50 - DEBUG - __main__ -   pred: 5
08/14/2023 21:14:50 - DEBUG - __main__ -   label: 5
08/14/2023 21:14:50 - DEBUG - __main__ -   pred: 3
08/14/2023 21:14:50 - DEBUG - __main__ -   label: 4
08/14/2023 21:14:50 - DEBUG - __main__ -   pred: 3
08/14/2023 21:14:50 - DEBUG - __main__ -   label: 2
08/14/2023 21:14:50 - DEBUG - __main__ -   pred: 2
08/14/2023 21:14:50 - DEBUG - __main__ -   label: 2
08/14/2023 21:14:50 - DEBUG - __main__ -   pred: 2
08/14/2023 21:14:50 - DEBUG - __main__ -   label: 1
08/14/2023 21:14:50 - DEBUG - __main__ -   pred: 2
08/14/2023 21:14:50 - DEBUG - __main__ -   label: 1
08/14/2023 21:14:50 - DEBUG - __main__ -   pred: 1
08/14/2023 21:14:50 - DEBUG - __main__ -   label: 1
08/14/2023 21:14:50 - DEBUG - __main__ -   pred: 2
08/14/2023 21:14:50 - DEBUG - __main__ -   label: 1
08/14/2023 21:14:50 - DEBUG - __main__ -   pred: 1
08/14/2023 21:14:50 - DEBUG - __main__ -   label: 2
08/14/2023 21:14:50 - DEBUG - __main__ -   pred: 1
08/14/2023 21:14:50 - DEBUG - __main__ -   label: 2
08/14/2023 21:14:50 - DEBUG - __main__ -   pred: 1
08/14/2023 21:14:50 - DEBUG - __main__ -   label: 4
08/14/2023 21:14:50 - DEBUG - __main__ -   pred: 4
08/14/2023 21:14:50 - DEBUG - __main__ -   label: 4
08/14/2023 21:14:50 - DEBUG - __main__ -   pred: 3
08/14/2023 21:14:50 - DEBUG - __main__ -   label: 1
08/14/2023 21:14:50 - DEBUG - __main__ -   pred: 1
08/14/2023 21:14:50 - DEBUG - __main__ -   label: 3
08/14/2023 21:14:50 - DEBUG - __main__ -   pred: 3
08/14/2023 21:14:50 - DEBUG - __main__ -   label: 3
08/14/2023 21:14:50 - DEBUG - __main__ -   pred: 3
08/14/2023 21:14:50 - DEBUG - __main__ -   label: 2
08/14/2023 21:14:50 - DEBUG - __main__ -   pred: 1
08/14/2023 21:14:50 - DEBUG - __main__ -   label: 3
08/14/2023 21:14:50 - DEBUG - __main__ -   pred: 3
08/14/2023 21:14:50 - DEBUG - __main__ -   label: 4
08/14/2023 21:14:50 - DEBUG - __main__ -   pred: 5
08/14/2023 21:14:50 - DEBUG - __main__ -   label: 1
08/14/2023 21:14:50 - DEBUG - __main__ -   pred: 2
08/14/2023 21:14:50 - DEBUG - __main__ -   label: 4
08/14/2023 21:14:50 - DEBUG - __main__ -   pred: 4
08/14/2023 21:14:50 - DEBUG - __main__ -   label: 4
08/14/2023 21:14:50 - DEBUG - __main__ -   pred: 3
08/14/2023 21:14:50 - DEBUG - __main__ -   label: 4
08/14/2023 21:14:50 - DEBUG - __main__ -   pred: 4
08/14/2023 21:14:50 - DEBUG - __main__ -   label: 4
08/14/2023 21:14:50 - DEBUG - __main__ -   pred: 3
08/14/2023 21:14:50 - DEBUG - __main__ -   label: 6
08/14/2023 21:14:50 - DEBUG - __main__ -   pred: 5
08/14/2023 21:14:50 - DEBUG - __main__ -   label: 3
08/14/2023 21:14:50 - DEBUG - __main__ -   pred: 3
08/14/2023 21:14:50 - DEBUG - __main__ -   label: 4
08/14/2023 21:14:50 - DEBUG - __main__ -   pred: 5
08/14/2023 21:14:50 - DEBUG - __main__ -   label: 3
08/14/2023 21:14:50 - DEBUG - __main__ -   pred: 3
08/14/2023 21:14:50 - DEBUG - __main__ -   label: 5
08/14/2023 21:14:50 - DEBUG - __main__ -   pred: 4
08/14/2023 21:14:50 - DEBUG - __main__ -   label: 2
08/14/2023 21:14:50 - DEBUG - __main__ -   pred: 2
08/14/2023 21:14:50 - DEBUG - __main__ -   label: 1
08/14/2023 21:14:50 - DEBUG - __main__ -   pred: 1
08/14/2023 21:14:50 - DEBUG - __main__ -   label: 3
08/14/2023 21:14:50 - DEBUG - __main__ -   pred: 1
08/14/2023 21:14:50 - DEBUG - __main__ -   label: 2
08/14/2023 21:14:50 - DEBUG - __main__ -   pred: 2
08/14/2023 21:14:50 - DEBUG - __main__ -   label: 1
08/14/2023 21:14:50 - DEBUG - __main__ -   pred: 2
08/14/2023 21:14:50 - DEBUG - __main__ -   label: 2
08/14/2023 21:14:50 - DEBUG - __main__ -   pred: 1
08/14/2023 21:14:50 - DEBUG - __main__ -   label: 2
08/14/2023 21:14:50 - DEBUG - __main__ -   pred: 2
08/14/2023 21:14:50 - DEBUG - __main__ -   label: 2
08/14/2023 21:14:50 - DEBUG - __main__ -   pred: 2
08/14/2023 21:14:50 - DEBUG - __main__ -   label: 2
08/14/2023 21:14:50 - DEBUG - __main__ -   pred: 1
08/14/2023 21:14:50 - DEBUG - __main__ -   label: 2
08/14/2023 21:14:50 - DEBUG - __main__ -   pred: 2
08/14/2023 21:14:50 - DEBUG - __main__ -   label: 3
08/14/2023 21:14:50 - DEBUG - __main__ -   pred: 1
08/14/2023 21:14:50 - DEBUG - __main__ -   label: 3
08/14/2023 21:14:50 - DEBUG - __main__ -   pred: 1
08/14/2023 21:14:50 - DEBUG - __main__ -   label: 2
08/14/2023 21:14:50 - DEBUG - __main__ -   pred: 1
08/14/2023 21:14:50 - DEBUG - __main__ -   label: 1
08/14/2023 21:14:50 - DEBUG - __main__ -   pred: 2
08/14/2023 21:14:50 - DEBUG - __main__ -   label: 3
08/14/2023 21:14:50 - DEBUG - __main__ -   pred: 1
08/14/2023 21:14:50 - DEBUG - __main__ -   label: 3
08/14/2023 21:14:50 - DEBUG - __main__ -   pred: 2
08/14/2023 21:14:50 - DEBUG - __main__ -   label: 2
08/14/2023 21:14:50 - DEBUG - __main__ -   pred: 2
08/14/2023 21:14:50 - DEBUG - __main__ -   label: 1
08/14/2023 21:14:50 - DEBUG - __main__ -   pred: 2
08/14/2023 21:14:50 - DEBUG - __main__ -   label: 3
08/14/2023 21:14:50 - DEBUG - __main__ -   pred: 2
08/14/2023 21:14:50 - DEBUG - __main__ -   label: 4
08/14/2023 21:14:50 - DEBUG - __main__ -   pred: 5
08/14/2023 21:14:50 - DEBUG - __main__ -   label: 4
08/14/2023 21:14:50 - DEBUG - __main__ -   pred: 4
08/14/2023 21:14:50 - DEBUG - __main__ -   label: 2
08/14/2023 21:14:50 - DEBUG - __main__ -   pred: 2
08/14/2023 21:14:50 - DEBUG - __main__ -   label: 2
08/14/2023 21:14:50 - DEBUG - __main__ -   pred: 1
08/14/2023 21:14:50 - DEBUG - __main__ -   label: 2
08/14/2023 21:14:50 - DEBUG - __main__ -   pred: 2
08/14/2023 21:14:50 - DEBUG - __main__ -   label: 2
08/14/2023 21:14:50 - DEBUG - __main__ -   pred: 2
08/14/2023 21:14:50 - DEBUG - __main__ -   label: 3
08/14/2023 21:14:50 - DEBUG - __main__ -   pred: 3
08/14/2023 21:14:50 - DEBUG - __main__ -   label: 4
08/14/2023 21:14:50 - DEBUG - __main__ -   pred: 2
08/14/2023 21:14:50 - DEBUG - __main__ -   label: 2
08/14/2023 21:14:50 - DEBUG - __main__ -   pred: 1
08/14/2023 21:14:50 - DEBUG - __main__ -   label: 3
08/14/2023 21:14:50 - DEBUG - __main__ -   pred: 2
08/14/2023 21:14:50 - DEBUG - __main__ -   label: 2
08/14/2023 21:14:50 - DEBUG - __main__ -   pred: 1
08/14/2023 21:14:50 - DEBUG - __main__ -   label: 4
08/14/2023 21:14:50 - DEBUG - __main__ -   pred: 1
08/14/2023 21:14:50 - DEBUG - __main__ -   label: 2
08/14/2023 21:14:50 - DEBUG - __main__ -   pred: 1
08/14/2023 21:14:50 - DEBUG - __main__ -   label: 3
08/14/2023 21:14:50 - DEBUG - __main__ -   pred: 1
08/14/2023 21:14:50 - DEBUG - __main__ -   label: 4
08/14/2023 21:14:50 - DEBUG - __main__ -   pred: 2
08/14/2023 21:14:50 - DEBUG - __main__ -   label: 2
08/14/2023 21:14:50 - DEBUG - __main__ -   pred: 1
08/14/2023 21:14:50 - DEBUG - __main__ -   label: 4
08/14/2023 21:14:50 - DEBUG - __main__ -   pred: 2
08/14/2023 21:14:50 - DEBUG - __main__ -   label: 2
08/14/2023 21:14:50 - DEBUG - __main__ -   pred: 1
08/14/2023 21:14:50 - DEBUG - __main__ -   label: 2
08/14/2023 21:14:50 - DEBUG - __main__ -   pred: 1
08/14/2023 21:14:50 - DEBUG - __main__ -   label: 3
08/14/2023 21:14:50 - DEBUG - __main__ -   pred: 2
08/14/2023 21:14:50 - DEBUG - __main__ -   label: 4
08/14/2023 21:14:50 - DEBUG - __main__ -   pred: 3
08/14/2023 21:14:50 - DEBUG - __main__ -   label: 4
08/14/2023 21:14:50 - DEBUG - __main__ -   pred: 3
08/14/2023 21:14:50 - DEBUG - __main__ -   label: 3
08/14/2023 21:14:50 - DEBUG - __main__ -   pred: 1
08/14/2023 21:14:50 - DEBUG - __main__ -   label: 3
08/14/2023 21:14:50 - DEBUG - __main__ -   pred: 2
08/14/2023 21:14:50 - DEBUG - __main__ -   label: 4
08/14/2023 21:14:50 - DEBUG - __main__ -   pred: 4
08/14/2023 21:14:50 - DEBUG - __main__ -   label: 3
08/14/2023 21:14:50 - DEBUG - __main__ -   pred: 2
08/14/2023 21:14:50 - DEBUG - __main__ -   label: 3
08/14/2023 21:14:50 - DEBUG - __main__ -   pred: 3
08/14/2023 21:14:50 - DEBUG - __main__ -   label: 5
08/14/2023 21:14:50 - DEBUG - __main__ -   pred: 4
08/14/2023 21:14:50 - DEBUG - __main__ -   label: 4
08/14/2023 21:14:50 - DEBUG - __main__ -   pred: 4
08/14/2023 21:14:50 - DEBUG - __main__ -   label: 6
08/14/2023 21:14:50 - DEBUG - __main__ -   pred: 5
08/14/2023 21:14:50 - DEBUG - __main__ -   label: 5
08/14/2023 21:14:50 - DEBUG - __main__ -   pred: 5
08/14/2023 21:14:50 - DEBUG - __main__ -   label: 2
08/14/2023 21:14:50 - DEBUG - __main__ -   pred: 2
08/14/2023 21:14:50 - DEBUG - __main__ -   label: 2
08/14/2023 21:14:50 - DEBUG - __main__ -   pred: 2
08/14/2023 21:14:50 - DEBUG - __main__ -   label: 2
08/14/2023 21:14:50 - DEBUG - __main__ -   pred: 2
08/14/2023 21:14:50 - DEBUG - __main__ -   label: 3
08/14/2023 21:14:50 - DEBUG - __main__ -   pred: 2
08/14/2023 21:14:50 - DEBUG - __main__ -   label: 2
08/14/2023 21:14:50 - DEBUG - __main__ -   pred: 2
08/14/2023 21:14:50 - DEBUG - __main__ -   label: 1
08/14/2023 21:14:50 - DEBUG - __main__ -   pred: 1
08/14/2023 21:14:50 - DEBUG - __main__ -   label: 2
08/14/2023 21:14:50 - DEBUG - __main__ -   pred: 2
08/14/2023 21:14:50 - DEBUG - __main__ -   label: 1
08/14/2023 21:14:50 - DEBUG - __main__ -   pred: 2
08/14/2023 21:14:50 - DEBUG - __main__ -   label: 2
08/14/2023 21:14:50 - DEBUG - __main__ -   pred: 2
08/14/2023 21:14:50 - DEBUG - __main__ -   label: 3
08/14/2023 21:14:50 - DEBUG - __main__ -   pred: 3
08/14/2023 21:14:50 - DEBUG - __main__ -   label: 3
08/14/2023 21:14:50 - DEBUG - __main__ -   pred: 2
08/14/2023 21:14:50 - DEBUG - __main__ -   label: 5
08/14/2023 21:14:50 - DEBUG - __main__ -   pred: 3
08/14/2023 21:14:50 - DEBUG - __main__ -   label: 3
08/14/2023 21:14:50 - DEBUG - __main__ -   pred: 3
08/14/2023 21:14:50 - DEBUG - __main__ -   label: 3
08/14/2023 21:14:50 - DEBUG - __main__ -   pred: 2
08/14/2023 21:14:50 - DEBUG - __main__ -   label: 5
08/14/2023 21:14:50 - DEBUG - __main__ -   pred: 3
08/14/2023 21:14:50 - DEBUG - __main__ -   label: 4
08/14/2023 21:14:50 - DEBUG - __main__ -   pred: 3
08/14/2023 21:14:50 - DEBUG - __main__ -   label: 5
08/14/2023 21:14:50 - DEBUG - __main__ -   pred: 4
08/14/2023 21:14:50 - DEBUG - __main__ -   label: 4
08/14/2023 21:14:50 - DEBUG - __main__ -   pred: 5
08/14/2023 21:14:50 - DEBUG - __main__ -   label: 4
08/14/2023 21:14:50 - DEBUG - __main__ -   pred: 3
08/14/2023 21:14:50 - DEBUG - __main__ -   label: 4
08/14/2023 21:14:50 - DEBUG - __main__ -   pred: 4
08/14/2023 21:14:50 - DEBUG - __main__ -   label: 5
08/14/2023 21:14:50 - DEBUG - __main__ -   pred: 4
08/14/2023 21:14:50 - DEBUG - __main__ -   label: 5
08/14/2023 21:14:50 - DEBUG - __main__ -   pred: 4
08/14/2023 21:14:50 - DEBUG - __main__ -   label: 6
08/14/2023 21:14:50 - DEBUG - __main__ -   pred: 5
08/14/2023 21:14:50 - DEBUG - __main__ -   label: 3
08/14/2023 21:14:50 - DEBUG - __main__ -   pred: 4
08/14/2023 21:14:50 - DEBUG - __main__ -   label: 4
08/14/2023 21:14:50 - DEBUG - __main__ -   pred: 4
08/14/2023 21:14:50 - DEBUG - __main__ -   label: 5
08/14/2023 21:14:50 - DEBUG - __main__ -   pred: 4
08/14/2023 21:14:50 - DEBUG - __main__ -   label: 5
08/14/2023 21:14:50 - DEBUG - __main__ -   pred: 4
08/14/2023 21:14:50 - DEBUG - __main__ -   label: 4
08/14/2023 21:14:50 - DEBUG - __main__ -   pred: 4
08/14/2023 21:14:50 - DEBUG - __main__ -   label: 4
08/14/2023 21:14:50 - DEBUG - __main__ -   pred: 5
08/14/2023 21:14:50 - DEBUG - __main__ -   label: 3
08/14/2023 21:14:50 - DEBUG - __main__ -   pred: 4
08/14/2023 21:14:50 - DEBUG - __main__ -   label: 4
08/14/2023 21:14:50 - DEBUG - __main__ -   pred: 4
08/14/2023 21:14:50 - DEBUG - __main__ -   label: 3
08/14/2023 21:14:50 - DEBUG - __main__ -   pred: 3
08/14/2023 21:14:50 - DEBUG - __main__ -   label: 4
08/14/2023 21:14:50 - DEBUG - __main__ -   pred: 4
08/14/2023 21:14:50 - DEBUG - __main__ -   label: 4
08/14/2023 21:14:50 - DEBUG - __main__ -   pred: 4
08/14/2023 21:14:50 - DEBUG - __main__ -   label: 2
08/14/2023 21:14:50 - DEBUG - __main__ -   pred: 2
08/14/2023 21:14:50 - DEBUG - __main__ -   label: 2
08/14/2023 21:14:50 - DEBUG - __main__ -   pred: 2
08/14/2023 21:14:50 - DEBUG - __main__ -   label: 2
08/14/2023 21:14:50 - DEBUG - __main__ -   pred: 1
08/14/2023 21:14:50 - DEBUG - __main__ -   label: 2
08/14/2023 21:14:50 - DEBUG - __main__ -   pred: 2
08/14/2023 21:14:50 - DEBUG - __main__ -   label: 2
08/14/2023 21:14:50 - DEBUG - __main__ -   pred: 1
08/14/2023 21:14:50 - DEBUG - __main__ -   label: 2
08/14/2023 21:14:50 - DEBUG - __main__ -   pred: 1
08/14/2023 21:14:50 - DEBUG - __main__ -   label: 2
08/14/2023 21:14:50 - DEBUG - __main__ -   pred: 1
08/14/2023 21:14:50 - DEBUG - __main__ -   label: 1
08/14/2023 21:14:50 - DEBUG - __main__ -   pred: 2
08/14/2023 21:14:50 - DEBUG - __main__ -   label: 3
08/14/2023 21:14:50 - DEBUG - __main__ -   pred: 5
08/14/2023 21:14:50 - DEBUG - __main__ -   label: 4
08/14/2023 21:14:50 - DEBUG - __main__ -   pred: 5
08/14/2023 21:14:50 - DEBUG - __main__ -   label: 4
08/14/2023 21:14:50 - DEBUG - __main__ -   pred: 5
08/14/2023 21:14:50 - DEBUG - __main__ -   label: 3
08/14/2023 21:14:50 - DEBUG - __main__ -   pred: 3
08/14/2023 21:14:50 - DEBUG - __main__ -   label: 4
08/14/2023 21:14:50 - DEBUG - __main__ -   pred: 5
08/14/2023 21:14:50 - DEBUG - __main__ -   label: 2
08/14/2023 21:14:50 - DEBUG - __main__ -   pred: 2
08/14/2023 21:14:50 - DEBUG - __main__ -   label: 3
08/14/2023 21:14:50 - DEBUG - __main__ -   pred: 3
08/14/2023 21:14:50 - DEBUG - __main__ -   label: 1
08/14/2023 21:14:50 - DEBUG - __main__ -   pred: 1
08/14/2023 21:14:50 - DEBUG - __main__ -   label: 1
08/14/2023 21:14:50 - DEBUG - __main__ -   pred: 2
08/14/2023 21:14:50 - DEBUG - __main__ -   label: 1
08/14/2023 21:14:50 - DEBUG - __main__ -   pred: 2
08/14/2023 21:14:50 - DEBUG - __main__ -   label: 1
08/14/2023 21:14:50 - DEBUG - __main__ -   pred: 1
08/14/2023 21:14:50 - DEBUG - __main__ -   label: 1
08/14/2023 21:14:50 - DEBUG - __main__ -   pred: 1
08/14/2023 21:14:50 - DEBUG - __main__ -   label: 1
08/14/2023 21:14:50 - DEBUG - __main__ -   pred: 1
08/14/2023 21:14:50 - DEBUG - __main__ -   label: 1
08/14/2023 21:14:50 - DEBUG - __main__ -   pred: 1
08/14/2023 21:14:50 - DEBUG - __main__ -   label: 1
08/14/2023 21:14:50 - DEBUG - __main__ -   pred: 1
08/14/2023 21:14:50 - DEBUG - __main__ -   label: 2
08/14/2023 21:14:50 - DEBUG - __main__ -   pred: 2
08/14/2023 21:14:50 - DEBUG - __main__ -   label: 4
08/14/2023 21:14:50 - DEBUG - __main__ -   pred: 3
08/14/2023 21:14:50 - DEBUG - __main__ -   label: 3
08/14/2023 21:14:50 - DEBUG - __main__ -   pred: 4
08/14/2023 21:14:50 - DEBUG - __main__ -   label: 2
08/14/2023 21:14:50 - DEBUG - __main__ -   pred: 2
08/14/2023 21:14:50 - DEBUG - __main__ -   label: 3
08/14/2023 21:14:50 - DEBUG - __main__ -   pred: 5
08/14/2023 21:14:50 - DEBUG - __main__ -   label: 4
08/14/2023 21:14:50 - DEBUG - __main__ -   pred: 4
08/14/2023 21:14:50 - DEBUG - __main__ -   label: 4
08/14/2023 21:14:50 - DEBUG - __main__ -   pred: 3
08/14/2023 21:14:50 - DEBUG - __main__ -   label: 2
08/14/2023 21:14:50 - DEBUG - __main__ -   pred: 2
08/14/2023 21:14:50 - DEBUG - __main__ -   label: 2
08/14/2023 21:14:50 - DEBUG - __main__ -   pred: 2
08/14/2023 21:14:50 - DEBUG - __main__ -   label: 3
08/14/2023 21:14:50 - DEBUG - __main__ -   pred: 2
08/14/2023 21:14:50 - DEBUG - __main__ -   label: 1
08/14/2023 21:14:50 - DEBUG - __main__ -   pred: 2
08/14/2023 21:14:50 - DEBUG - __main__ -   label: 2
08/14/2023 21:14:50 - DEBUG - __main__ -   pred: 2
08/14/2023 21:14:50 - DEBUG - __main__ -   label: 2
08/14/2023 21:14:50 - DEBUG - __main__ -   pred: 2
08/14/2023 21:14:50 - DEBUG - __main__ -   label: 1
08/14/2023 21:14:50 - DEBUG - __main__ -   pred: 1
08/14/2023 21:14:50 - DEBUG - __main__ -   label: 3
08/14/2023 21:14:50 - DEBUG - __main__ -   pred: 2
08/14/2023 21:14:50 - DEBUG - __main__ -   label: 1
08/14/2023 21:14:50 - DEBUG - __main__ -   pred: 2
08/14/2023 21:14:50 - DEBUG - __main__ -   label: 2
08/14/2023 21:14:50 - DEBUG - __main__ -   pred: 1
08/14/2023 21:14:50 - DEBUG - __main__ -   label: 1
08/14/2023 21:14:50 - DEBUG - __main__ -   pred: 2
08/14/2023 21:14:50 - DEBUG - __main__ -   label: 1
08/14/2023 21:14:50 - DEBUG - __main__ -   pred: 1
08/14/2023 21:14:50 - DEBUG - __main__ -   label: 1
08/14/2023 21:14:50 - DEBUG - __main__ -   pred: 2
08/14/2023 21:14:50 - DEBUG - __main__ -   label: 1
08/14/2023 21:14:50 - DEBUG - __main__ -   pred: 1
08/14/2023 21:14:50 - DEBUG - __main__ -   label: 2
08/14/2023 21:14:50 - DEBUG - __main__ -   pred: 1
08/14/2023 21:14:50 - DEBUG - __main__ -   label: 2
08/14/2023 21:14:50 - DEBUG - __main__ -   pred: 2
08/14/2023 21:14:50 - DEBUG - __main__ -   label: 1
08/14/2023 21:14:50 - DEBUG - __main__ -   pred: 1
08/14/2023 21:14:50 - DEBUG - __main__ -   label: 1
08/14/2023 21:14:50 - DEBUG - __main__ -   pred: 1
08/14/2023 21:14:50 - DEBUG - __main__ -   label: 1
08/14/2023 21:14:50 - DEBUG - __main__ -   pred: 1
08/14/2023 21:14:50 - DEBUG - __main__ -   label: 2
08/14/2023 21:14:50 - DEBUG - __main__ -   pred: 1
08/14/2023 21:14:50 - DEBUG - __main__ -   label: 1
08/14/2023 21:14:50 - DEBUG - __main__ -   pred: 1
08/14/2023 21:14:50 - DEBUG - __main__ -   label: 1
08/14/2023 21:14:50 - DEBUG - __main__ -   pred: 1
08/14/2023 21:14:50 - DEBUG - __main__ -   label: 1
08/14/2023 21:14:50 - DEBUG - __main__ -   pred: 1
08/14/2023 21:14:50 - DEBUG - __main__ -   label: 2
08/14/2023 21:14:50 - DEBUG - __main__ -   pred: 1
08/14/2023 21:14:50 - DEBUG - __main__ -   label: 2
08/14/2023 21:14:50 - DEBUG - __main__ -   pred: 3
08/14/2023 21:14:50 - DEBUG - __main__ -   label: 1
08/14/2023 21:14:50 - DEBUG - __main__ -   pred: 1
08/14/2023 21:14:50 - DEBUG - __main__ -   label: 2
08/14/2023 21:14:50 - DEBUG - __main__ -   pred: 2
08/14/2023 21:14:50 - DEBUG - __main__ -   label: 1
08/14/2023 21:14:50 - DEBUG - __main__ -   pred: 2
08/14/2023 21:14:50 - DEBUG - __main__ -   label: 2
08/14/2023 21:14:50 - DEBUG - __main__ -   pred: 2
08/14/2023 21:14:50 - DEBUG - __main__ -   label: 1
08/14/2023 21:14:50 - DEBUG - __main__ -   pred: 1
08/14/2023 21:14:50 - DEBUG - __main__ -   label: 2
08/14/2023 21:14:50 - DEBUG - __main__ -   pred: 3
08/14/2023 21:14:50 - DEBUG - __main__ -   label: 4
08/14/2023 21:14:50 - DEBUG - __main__ -   pred: 3
08/14/2023 21:14:50 - DEBUG - __main__ -   label: 5
08/14/2023 21:14:50 - DEBUG - __main__ -   pred: 5
08/14/2023 21:14:50 - DEBUG - __main__ -   label: 6
08/14/2023 21:14:50 - DEBUG - __main__ -   pred: 5
08/14/2023 21:14:50 - DEBUG - __main__ -   label: 4
08/14/2023 21:14:50 - DEBUG - __main__ -   pred: 4
08/14/2023 21:14:50 - DEBUG - __main__ -   label: 3
08/14/2023 21:14:50 - DEBUG - __main__ -   pred: 2
08/14/2023 21:14:50 - DEBUG - __main__ -   label: 4
08/14/2023 21:14:50 - DEBUG - __main__ -   pred: 4
08/14/2023 21:14:50 - DEBUG - __main__ -   label: 4
08/14/2023 21:14:50 - DEBUG - __main__ -   pred: 4
08/14/2023 21:14:50 - DEBUG - __main__ -   label: 3
08/14/2023 21:14:50 - DEBUG - __main__ -   pred: 4
08/14/2023 21:14:50 - DEBUG - __main__ -   label: 4
08/14/2023 21:14:50 - DEBUG - __main__ -   pred: 4
08/14/2023 21:14:50 - DEBUG - __main__ -   label: 2
08/14/2023 21:14:50 - DEBUG - __main__ -   pred: 3
08/14/2023 21:14:50 - DEBUG - __main__ -   label: 2
08/14/2023 21:14:50 - DEBUG - __main__ -   pred: 2
08/14/2023 21:14:50 - DEBUG - __main__ -   label: 2
08/14/2023 21:14:50 - DEBUG - __main__ -   pred: 1
08/14/2023 21:14:50 - DEBUG - __main__ -   label: 0
08/14/2023 21:14:50 - DEBUG - __main__ -   pred: 2
08/14/2023 21:14:50 - DEBUG - __main__ -   label: 0
08/14/2023 21:14:50 - DEBUG - __main__ -   pred: 2
08/14/2023 21:14:50 - DEBUG - __main__ -   label: 1
08/14/2023 21:14:50 - DEBUG - __main__ -   pred: 2
08/14/2023 21:14:50 - DEBUG - __main__ -   label: 0
08/14/2023 21:14:50 - DEBUG - __main__ -   pred: 2
08/14/2023 21:14:50 - DEBUG - __main__ -   label: 1
08/14/2023 21:14:50 - DEBUG - __main__ -   pred: 1
08/14/2023 21:14:50 - DEBUG - __main__ -   label: 1
08/14/2023 21:14:50 - DEBUG - __main__ -   pred: 1
08/14/2023 21:14:50 - DEBUG - __main__ -   label: 1
08/14/2023 21:14:50 - DEBUG - __main__ -   pred: 2
08/14/2023 21:14:50 - DEBUG - __main__ -   label: 1
08/14/2023 21:14:50 - DEBUG - __main__ -   pred: 1
08/14/2023 21:14:50 - DEBUG - __main__ -   label: 1
08/14/2023 21:14:50 - DEBUG - __main__ -   pred: 1
08/14/2023 21:14:50 - DEBUG - __main__ -   label: 1
08/14/2023 21:14:50 - DEBUG - __main__ -   pred: 1
08/14/2023 21:14:50 - DEBUG - __main__ -   label: 0
08/14/2023 21:14:50 - DEBUG - __main__ -   pred: 1
08/14/2023 21:14:50 - DEBUG - __main__ -   label: 1
08/14/2023 21:14:50 - DEBUG - __main__ -   pred: 1
08/14/2023 21:14:50 - DEBUG - __main__ -   label: 1
08/14/2023 21:14:50 - DEBUG - __main__ -   pred: 2
08/14/2023 21:14:50 - DEBUG - __main__ -   label: 1
08/14/2023 21:14:50 - DEBUG - __main__ -   pred: 2
08/14/2023 21:14:50 - DEBUG - __main__ -   label: 2
08/14/2023 21:14:50 - DEBUG - __main__ -   pred: 1
08/14/2023 21:14:50 - DEBUG - __main__ -   label: 1
08/14/2023 21:14:50 - DEBUG - __main__ -   pred: 2
08/14/2023 21:14:50 - DEBUG - __main__ -   label: 1
08/14/2023 21:14:50 - DEBUG - __main__ -   pred: 2
08/14/2023 21:14:50 - DEBUG - __main__ -   label: 2
08/14/2023 21:14:50 - DEBUG - __main__ -   pred: 1
08/14/2023 21:14:50 - DEBUG - __main__ -   label: 1
08/14/2023 21:14:50 - DEBUG - __main__ -   pred: 2
08/14/2023 21:14:50 - DEBUG - __main__ -   label: 1
08/14/2023 21:14:50 - DEBUG - __main__ -   pred: 1
08/14/2023 21:14:50 - DEBUG - __main__ -   label: 2
08/14/2023 21:14:50 - DEBUG - __main__ -   pred: 2
08/14/2023 21:14:50 - DEBUG - __main__ -   label: 4
08/14/2023 21:14:50 - DEBUG - __main__ -   pred: 4
08/14/2023 21:14:50 - DEBUG - __main__ -   label: 5
08/14/2023 21:14:50 - DEBUG - __main__ -   pred: 5
08/14/2023 21:14:50 - DEBUG - __main__ -   label: 4
08/14/2023 21:14:50 - DEBUG - __main__ -   pred: 5
08/14/2023 21:14:50 - DEBUG - __main__ -   label: 4
08/14/2023 21:14:50 - DEBUG - __main__ -   pred: 4
08/14/2023 21:14:50 - DEBUG - __main__ -   label: 3
08/14/2023 21:14:50 - DEBUG - __main__ -   pred: 5
08/14/2023 21:14:50 - DEBUG - __main__ -   label: 5
08/14/2023 21:14:50 - DEBUG - __main__ -   pred: 5
08/14/2023 21:14:50 - DEBUG - __main__ -   label: 3
08/14/2023 21:14:50 - DEBUG - __main__ -   pred: 4
08/14/2023 21:14:50 - DEBUG - __main__ -   label: 5
08/14/2023 21:14:50 - DEBUG - __main__ -   pred: 4
08/14/2023 21:14:50 - DEBUG - __main__ -   label: 3
08/14/2023 21:14:50 - DEBUG - __main__ -   pred: 5
08/14/2023 21:14:50 - DEBUG - __main__ -   label: 4
08/14/2023 21:14:50 - DEBUG - __main__ -   pred: 5
08/14/2023 21:14:50 - DEBUG - __main__ -   label: 3
08/14/2023 21:14:50 - DEBUG - __main__ -   pred: 2
08/14/2023 21:14:50 - DEBUG - __main__ -   label: 3
08/14/2023 21:14:50 - DEBUG - __main__ -   pred: 2
08/14/2023 21:14:50 - DEBUG - __main__ -   label: 2
08/14/2023 21:14:50 - DEBUG - __main__ -   pred: 1
08/14/2023 21:14:50 - DEBUG - __main__ -   label: 2
08/14/2023 21:14:50 - DEBUG - __main__ -   pred: 1
08/14/2023 21:14:50 - DEBUG - __main__ -   label: 1
08/14/2023 21:14:50 - DEBUG - __main__ -   pred: 2
08/14/2023 21:14:50 - DEBUG - __main__ -   label: 2
08/14/2023 21:14:50 - DEBUG - __main__ -   pred: 2
08/14/2023 21:14:50 - DEBUG - __main__ -   label: 1
08/14/2023 21:14:50 - DEBUG - __main__ -   pred: 1
08/14/2023 21:14:50 - DEBUG - __main__ -   label: 1
08/14/2023 21:14:50 - DEBUG - __main__ -   pred: 2
08/14/2023 21:14:50 - DEBUG - __main__ -   label: 2
08/14/2023 21:14:50 - DEBUG - __main__ -   pred: 2
08/14/2023 21:14:50 - DEBUG - __main__ -   label: 1
08/14/2023 21:14:50 - DEBUG - __main__ -   pred: 1
08/14/2023 21:14:50 - DEBUG - __main__ -   label: 2
08/14/2023 21:14:50 - DEBUG - __main__ -   pred: 1
08/14/2023 21:14:50 - DEBUG - __main__ -   label: 2
08/14/2023 21:14:50 - DEBUG - __main__ -   pred: 1
08/14/2023 21:14:50 - DEBUG - __main__ -   label: 2
08/14/2023 21:14:50 - DEBUG - __main__ -   pred: 2
08/14/2023 21:14:50 - DEBUG - __main__ -   label: 2
08/14/2023 21:14:50 - DEBUG - __main__ -   pred: 2
08/14/2023 21:14:50 - DEBUG - __main__ -   label: 2
08/14/2023 21:14:50 - DEBUG - __main__ -   pred: 2
08/14/2023 21:14:50 - DEBUG - __main__ -   label: 5
08/14/2023 21:14:50 - DEBUG - __main__ -   pred: 3
08/14/2023 21:14:50 - DEBUG - __main__ -   label: 4
08/14/2023 21:14:50 - DEBUG - __main__ -   pred: 4
08/14/2023 21:14:50 - DEBUG - __main__ -   label: 4
08/14/2023 21:14:50 - DEBUG - __main__ -   pred: 3
08/14/2023 21:14:50 - DEBUG - __main__ -   label: 4
08/14/2023 21:14:50 - DEBUG - __main__ -   pred: 4
08/14/2023 21:14:50 - DEBUG - __main__ -   label: 3
08/14/2023 21:14:50 - DEBUG - __main__ -   pred: 3
08/14/2023 21:14:50 - DEBUG - __main__ -   label: 2
08/14/2023 21:14:50 - DEBUG - __main__ -   pred: 1
08/14/2023 21:14:50 - DEBUG - __main__ -   label: 2
08/14/2023 21:14:50 - DEBUG - __main__ -   pred: 2
08/14/2023 21:14:50 - DEBUG - __main__ -   label: 1
08/14/2023 21:14:50 - DEBUG - __main__ -   pred: 2
08/14/2023 21:14:50 - DEBUG - __main__ -   label: 4
08/14/2023 21:14:50 - DEBUG - __main__ -   pred: 3
08/14/2023 21:14:50 - DEBUG - __main__ -   label: 5
08/14/2023 21:14:50 - DEBUG - __main__ -   pred: 4
08/14/2023 21:14:50 - DEBUG - __main__ -   label: 4
08/14/2023 21:14:50 - DEBUG - __main__ -   pred: 4
08/14/2023 21:14:50 - DEBUG - __main__ -   label: 2
08/14/2023 21:14:50 - DEBUG - __main__ -   pred: 2
08/14/2023 21:14:50 - DEBUG - __main__ -   label: 2
08/14/2023 21:14:50 - DEBUG - __main__ -   pred: 2
08/14/2023 21:14:50 - DEBUG - __main__ -   label: 2
08/14/2023 21:14:50 - DEBUG - __main__ -   pred: 1
08/14/2023 21:14:50 - DEBUG - __main__ -   label: 2
08/14/2023 21:14:50 - DEBUG - __main__ -   pred: 1
08/14/2023 21:14:50 - DEBUG - __main__ -   label: 2
08/14/2023 21:14:50 - DEBUG - __main__ -   pred: 2
08/14/2023 21:14:50 - DEBUG - __main__ -   label: 1
08/14/2023 21:14:50 - DEBUG - __main__ -   pred: 1
08/14/2023 21:14:50 - DEBUG - __main__ -   label: 1
08/14/2023 21:14:50 - DEBUG - __main__ -   pred: 1
08/14/2023 21:14:50 - DEBUG - __main__ -   label: 2
08/14/2023 21:14:50 - DEBUG - __main__ -   pred: 1
08/14/2023 21:14:50 - DEBUG - __main__ -   label: 1
08/14/2023 21:14:50 - DEBUG - __main__ -   pred: 1
08/14/2023 21:14:50 - DEBUG - __main__ -   label: 3
08/14/2023 21:14:50 - DEBUG - __main__ -   pred: 3
08/14/2023 21:14:50 - DEBUG - __main__ -   label: 3
08/14/2023 21:14:50 - DEBUG - __main__ -   pred: 3
08/14/2023 21:14:50 - DEBUG - __main__ -   label: 2
08/14/2023 21:14:50 - DEBUG - __main__ -   pred: 3
08/14/2023 21:14:50 - DEBUG - __main__ -   label: 2
08/14/2023 21:14:50 - DEBUG - __main__ -   pred: 1
08/14/2023 21:14:50 - DEBUG - __main__ -   label: 3
08/14/2023 21:14:50 - DEBUG - __main__ -   pred: 3
08/14/2023 21:14:50 - DEBUG - __main__ -   label: 3
08/14/2023 21:14:50 - DEBUG - __main__ -   pred: 3
08/14/2023 21:14:50 - DEBUG - __main__ -   label: 5
08/14/2023 21:14:50 - DEBUG - __main__ -   pred: 3
08/14/2023 21:14:50 - DEBUG - __main__ -   label: 4
08/14/2023 21:14:50 - DEBUG - __main__ -   pred: 4
08/14/2023 21:14:50 - DEBUG - __main__ -   label: 5
08/14/2023 21:14:50 - DEBUG - __main__ -   pred: 5
08/14/2023 21:14:50 - DEBUG - __main__ -   label: 3
08/14/2023 21:14:50 - DEBUG - __main__ -   pred: 3
08/14/2023 21:14:50 - DEBUG - __main__ -   label: 5
08/14/2023 21:14:50 - DEBUG - __main__ -   pred: 5
08/14/2023 21:14:50 - DEBUG - __main__ -   label: 3
08/14/2023 21:14:50 - DEBUG - __main__ -   pred: 4
08/14/2023 21:14:50 - DEBUG - __main__ -   label: 4
08/14/2023 21:14:50 - DEBUG - __main__ -   pred: 4
08/14/2023 21:14:50 - DEBUG - __main__ -   label: 1
08/14/2023 21:14:50 - DEBUG - __main__ -   pred: 1
08/14/2023 21:14:50 - DEBUG - __main__ -   label: 3
08/14/2023 21:14:50 - DEBUG - __main__ -   pred: 3
08/14/2023 21:14:50 - DEBUG - __main__ -   label: 2
08/14/2023 21:14:50 - DEBUG - __main__ -   pred: 1
08/14/2023 21:14:50 - DEBUG - __main__ -   label: 1
08/14/2023 21:14:50 - DEBUG - __main__ -   pred: 1
08/14/2023 21:14:50 - DEBUG - __main__ -   label: 1
08/14/2023 21:14:50 - DEBUG - __main__ -   pred: 1
08/14/2023 21:14:50 - DEBUG - __main__ -   label: 1
08/14/2023 21:14:50 - DEBUG - __main__ -   pred: 1
08/14/2023 21:14:50 - DEBUG - __main__ -   label: 2
08/14/2023 21:14:50 - DEBUG - __main__ -   pred: 1
08/14/2023 21:14:50 - DEBUG - __main__ -   label: 1
08/14/2023 21:14:50 - DEBUG - __main__ -   pred: 1
08/14/2023 21:14:50 - DEBUG - __main__ -   label: 2
08/14/2023 21:14:50 - DEBUG - __main__ -   pred: 1
08/14/2023 21:14:50 - DEBUG - __main__ -   label: 2
08/14/2023 21:14:50 - DEBUG - __main__ -   pred: 2
08/14/2023 21:14:50 - DEBUG - __main__ -   label: 2
08/14/2023 21:14:50 - DEBUG - __main__ -   pred: 1
08/14/2023 21:14:50 - DEBUG - __main__ -   label: 3
08/14/2023 21:14:50 - DEBUG - __main__ -   pred: 1
08/14/2023 21:14:50 - DEBUG - __main__ -   label: 3
08/14/2023 21:14:50 - DEBUG - __main__ -   pred: 1
08/14/2023 21:14:50 - DEBUG - __main__ -   label: 2
08/14/2023 21:14:50 - DEBUG - __main__ -   pred: 1
08/14/2023 21:14:50 - DEBUG - __main__ -   label: 1
08/14/2023 21:14:50 - DEBUG - __main__ -   pred: 1
08/14/2023 21:14:50 - DEBUG - __main__ -   label: 1
08/14/2023 21:14:50 - DEBUG - __main__ -   pred: 1
08/14/2023 21:14:50 - DEBUG - __main__ -   label: 2
08/14/2023 21:14:50 - DEBUG - __main__ -   pred: 1
08/14/2023 21:14:50 - DEBUG - __main__ -   label: 2
08/14/2023 21:14:50 - DEBUG - __main__ -   pred: 1
08/14/2023 21:14:50 - DEBUG - __main__ -   label: 2
08/14/2023 21:14:50 - DEBUG - __main__ -   pred: 2
08/14/2023 21:14:50 - DEBUG - __main__ -   label: 3
08/14/2023 21:14:50 - DEBUG - __main__ -   pred: 1
08/14/2023 21:14:50 - DEBUG - __main__ -   label: 3
08/14/2023 21:14:50 - DEBUG - __main__ -   pred: 2
08/14/2023 21:14:50 - DEBUG - __main__ -   label: 1
08/14/2023 21:14:50 - DEBUG - __main__ -   pred: 2
08/14/2023 21:14:50 - DEBUG - __main__ -   label: 2
08/14/2023 21:14:50 - DEBUG - __main__ -   pred: 1
08/14/2023 21:14:50 - DEBUG - __main__ -   label: 2
08/14/2023 21:14:50 - DEBUG - __main__ -   pred: 2
08/14/2023 21:14:50 - DEBUG - __main__ -   label: 3
08/14/2023 21:14:50 - DEBUG - __main__ -   pred: 2
08/14/2023 21:14:50 - DEBUG - __main__ -   label: 5
08/14/2023 21:14:50 - DEBUG - __main__ -   pred: 4
08/14/2023 21:14:50 - DEBUG - __main__ -   label: 3
08/14/2023 21:14:50 - DEBUG - __main__ -   pred: 3
08/14/2023 21:14:50 - DEBUG - __main__ -   label: 4
08/14/2023 21:14:50 - DEBUG - __main__ -   pred: 4
08/14/2023 21:14:50 - DEBUG - __main__ -   label: 5
08/14/2023 21:14:50 - DEBUG - __main__ -   pred: 5
08/14/2023 21:14:50 - DEBUG - __main__ -   label: 5
08/14/2023 21:14:50 - DEBUG - __main__ -   pred: 4
08/14/2023 21:14:50 - DEBUG - __main__ -   label: 5
08/14/2023 21:14:50 - DEBUG - __main__ -   pred: 3
08/14/2023 21:14:50 - DEBUG - __main__ -   label: 5
08/14/2023 21:14:50 - DEBUG - __main__ -   pred: 5
08/14/2023 21:14:50 - DEBUG - __main__ -   label: 5
08/14/2023 21:14:50 - DEBUG - __main__ -   pred: 4
08/14/2023 21:14:50 - DEBUG - __main__ -   label: 6
08/14/2023 21:14:50 - DEBUG - __main__ -   pred: 5
08/14/2023 21:14:50 - DEBUG - __main__ -   label: 6
08/14/2023 21:14:50 - DEBUG - __main__ -   pred: 4
08/14/2023 21:14:50 - DEBUG - __main__ -   label: 6
08/14/2023 21:14:50 - DEBUG - __main__ -   pred: 5
08/14/2023 21:14:50 - DEBUG - __main__ -   label: 4
08/14/2023 21:14:50 - DEBUG - __main__ -   pred: 3
08/14/2023 21:14:50 - DEBUG - __main__ -   label: 2
08/14/2023 21:14:50 - DEBUG - __main__ -   pred: 1
08/14/2023 21:14:50 - DEBUG - __main__ -   label: 3
08/14/2023 21:14:50 - DEBUG - __main__ -   pred: 2
08/14/2023 21:14:50 - DEBUG - __main__ -   label: 3
08/14/2023 21:14:50 - DEBUG - __main__ -   pred: 3
08/14/2023 21:14:50 - DEBUG - __main__ -   label: 2
08/14/2023 21:14:50 - DEBUG - __main__ -   pred: 2
08/14/2023 21:14:50 - DEBUG - __main__ -   label: 2
08/14/2023 21:14:50 - DEBUG - __main__ -   pred: 1
08/14/2023 21:14:50 - DEBUG - __main__ -   label: 1
08/14/2023 21:14:50 - DEBUG - __main__ -   pred: 1
08/14/2023 21:14:50 - DEBUG - __main__ -   label: 3
08/14/2023 21:14:50 - DEBUG - __main__ -   pred: 1
08/14/2023 21:14:50 - DEBUG - __main__ -   label: 5
08/14/2023 21:14:50 - DEBUG - __main__ -   pred: 5
08/14/2023 21:14:50 - DEBUG - __main__ -   label: 3
08/14/2023 21:14:50 - DEBUG - __main__ -   pred: 3
08/14/2023 21:14:50 - DEBUG - __main__ -   label: 1
08/14/2023 21:14:50 - DEBUG - __main__ -   pred: 1
08/14/2023 21:14:50 - DEBUG - __main__ -   label: 3
08/14/2023 21:14:50 - DEBUG - __main__ -   pred: 4
08/14/2023 21:14:50 - DEBUG - __main__ -   label: 5
08/14/2023 21:14:50 - DEBUG - __main__ -   pred: 5
08/14/2023 21:14:50 - DEBUG - __main__ -   label: 3
08/14/2023 21:14:50 - DEBUG - __main__ -   pred: 3
08/14/2023 21:14:50 - DEBUG - __main__ -   label: 4
08/14/2023 21:14:50 - DEBUG - __main__ -   pred: 5
08/14/2023 21:14:50 - DEBUG - __main__ -   label: 3
08/14/2023 21:14:50 - DEBUG - __main__ -   pred: 3
08/14/2023 21:14:50 - DEBUG - __main__ -   label: 4
08/14/2023 21:14:50 - DEBUG - __main__ -   pred: 5
08/14/2023 21:14:50 - DEBUG - __main__ -   label: 2
08/14/2023 21:14:50 - DEBUG - __main__ -   pred: 1
08/14/2023 21:14:50 - DEBUG - __main__ -   label: 1
08/14/2023 21:14:50 - DEBUG - __main__ -   pred: 2
08/14/2023 21:14:50 - DEBUG - __main__ -   label: 1
08/14/2023 21:14:50 - DEBUG - __main__ -   pred: 2
08/14/2023 21:14:50 - DEBUG - __main__ -   label: 1
08/14/2023 21:14:50 - DEBUG - __main__ -   pred: 2
08/14/2023 21:14:50 - DEBUG - __main__ -   label: 1
08/14/2023 21:14:50 - DEBUG - __main__ -   pred: 3
08/14/2023 21:14:50 - DEBUG - __main__ -   label: 2
08/14/2023 21:14:50 - DEBUG - __main__ -   pred: 1
08/14/2023 21:14:50 - DEBUG - __main__ -   label: 2
08/14/2023 21:14:50 - DEBUG - __main__ -   pred: 2
08/14/2023 21:14:50 - DEBUG - __main__ -   label: 1
08/14/2023 21:14:50 - DEBUG - __main__ -   pred: 2
08/14/2023 21:14:50 - DEBUG - __main__ -   label: 1
08/14/2023 21:14:50 - DEBUG - __main__ -   pred: 1
08/14/2023 21:14:50 - DEBUG - __main__ -   label: 1
08/14/2023 21:14:50 - DEBUG - __main__ -   pred: 1
08/14/2023 21:14:50 - DEBUG - __main__ -   label: 1
08/14/2023 21:14:50 - DEBUG - __main__ -   pred: 1
08/14/2023 21:14:50 - DEBUG - __main__ -   label: 1
08/14/2023 21:14:50 - DEBUG - __main__ -   pred: 1
08/14/2023 21:14:50 - DEBUG - __main__ -   label: 2
08/14/2023 21:14:50 - DEBUG - __main__ -   pred: 1
08/14/2023 21:14:50 - DEBUG - __main__ -   label: 1
08/14/2023 21:14:50 - DEBUG - __main__ -   pred: 1
08/14/2023 21:14:50 - DEBUG - __main__ -   label: 1
08/14/2023 21:14:50 - DEBUG - __main__ -   pred: 1
08/14/2023 21:14:50 - DEBUG - __main__ -   label: 1
08/14/2023 21:14:50 - DEBUG - __main__ -   pred: 1
08/14/2023 21:14:50 - DEBUG - __main__ -   label: 1
08/14/2023 21:14:50 - DEBUG - __main__ -   pred: 1
08/14/2023 21:14:50 - DEBUG - __main__ -   label: 1
08/14/2023 21:14:50 - DEBUG - __main__ -   pred: 1
08/14/2023 21:14:50 - DEBUG - __main__ -   label: 1
08/14/2023 21:14:50 - DEBUG - __main__ -   pred: 2
08/14/2023 21:14:50 - DEBUG - __main__ -   label: 1
08/14/2023 21:14:50 - DEBUG - __main__ -   pred: 1
08/14/2023 21:14:50 - DEBUG - __main__ -   label: 1
08/14/2023 21:14:50 - DEBUG - __main__ -   pred: 2
08/14/2023 21:14:50 - DEBUG - __main__ -   label: 1
08/14/2023 21:14:50 - DEBUG - __main__ -   pred: 2
08/14/2023 21:14:50 - DEBUG - __main__ -   label: 1
08/14/2023 21:14:50 - DEBUG - __main__ -   pred: 2
08/14/2023 21:14:50 - DEBUG - __main__ -   label: 1
08/14/2023 21:14:50 - DEBUG - __main__ -   pred: 1
08/14/2023 21:14:50 - DEBUG - __main__ -   label: 1
08/14/2023 21:14:50 - DEBUG - __main__ -   pred: 2
08/14/2023 21:14:50 - DEBUG - __main__ -   label: 2
08/14/2023 21:14:50 - DEBUG - __main__ -   pred: 2
08/14/2023 21:14:50 - DEBUG - __main__ -   label: 1
08/14/2023 21:14:50 - DEBUG - __main__ -   pred: 2
08/14/2023 21:14:50 - DEBUG - __main__ -   label: 4
08/14/2023 21:14:50 - DEBUG - __main__ -   pred: 4
08/14/2023 21:14:50 - DEBUG - __main__ -   label: 3
08/14/2023 21:14:50 - DEBUG - __main__ -   pred: 3
08/14/2023 21:14:50 - DEBUG - __main__ -   label: 2
08/14/2023 21:14:50 - DEBUG - __main__ -   pred: 2
08/14/2023 21:14:50 - DEBUG - __main__ -   label: 2
08/14/2023 21:14:50 - DEBUG - __main__ -   pred: 2
08/14/2023 21:14:50 - DEBUG - __main__ -   label: 3
08/14/2023 21:14:50 - DEBUG - __main__ -   pred: 3
08/14/2023 21:14:50 - DEBUG - __main__ -   label: 2
08/14/2023 21:14:50 - DEBUG - __main__ -   pred: 2
08/14/2023 21:14:50 - DEBUG - __main__ -   label: 3
08/14/2023 21:14:50 - DEBUG - __main__ -   pred: 3
08/14/2023 21:14:50 - DEBUG - __main__ -   label: 3
08/14/2023 21:14:50 - DEBUG - __main__ -   pred: 2
08/14/2023 21:14:50 - DEBUG - __main__ -   label: 1
08/14/2023 21:14:50 - DEBUG - __main__ -   pred: 1
08/14/2023 21:14:50 - DEBUG - __main__ -   label: 3
08/14/2023 21:14:50 - DEBUG - __main__ -   pred: 3
08/14/2023 21:14:50 - DEBUG - __main__ -   label: 4
08/14/2023 21:14:50 - DEBUG - __main__ -   pred: 4
08/14/2023 21:14:50 - DEBUG - __main__ -   label: 4
08/14/2023 21:14:50 - DEBUG - __main__ -   pred: 4
08/14/2023 21:14:50 - DEBUG - __main__ -   label: 3
08/14/2023 21:14:50 - DEBUG - __main__ -   pred: 5
08/14/2023 21:14:50 - DEBUG - __main__ -   label: 4
08/14/2023 21:14:50 - DEBUG - __main__ -   pred: 5
08/14/2023 21:14:50 - DEBUG - __main__ -   label: 3
08/14/2023 21:14:50 - DEBUG - __main__ -   pred: 3
08/14/2023 21:14:50 - DEBUG - __main__ -   label: 4
08/14/2023 21:14:50 - DEBUG - __main__ -   pred: 4
08/14/2023 21:14:50 - DEBUG - __main__ -   label: 5
08/14/2023 21:14:50 - DEBUG - __main__ -   pred: 4
08/14/2023 21:14:50 - DEBUG - __main__ -   label: 4
08/14/2023 21:14:50 - DEBUG - __main__ -   pred: 4
08/14/2023 21:14:50 - DEBUG - __main__ -   label: 4
08/14/2023 21:14:50 - DEBUG - __main__ -   pred: 4
08/14/2023 21:14:50 - DEBUG - __main__ -   label: 4
08/14/2023 21:14:50 - DEBUG - __main__ -   pred: 4
08/14/2023 21:14:50 - DEBUG - __main__ -   label: 4
08/14/2023 21:14:50 - DEBUG - __main__ -   pred: 3
08/14/2023 21:14:50 - DEBUG - __main__ -   label: 5
08/14/2023 21:14:50 - DEBUG - __main__ -   pred: 4
08/14/2023 21:14:50 - DEBUG - __main__ -   label: 4
08/14/2023 21:14:50 - DEBUG - __main__ -   pred: 5
08/14/2023 21:14:50 - DEBUG - __main__ -   label: 3
08/14/2023 21:14:50 - DEBUG - __main__ -   pred: 5
08/14/2023 21:14:50 - DEBUG - __main__ -   label: 4
08/14/2023 21:14:50 - DEBUG - __main__ -   pred: 4
08/14/2023 21:14:50 - DEBUG - __main__ -   label: 3
08/14/2023 21:14:50 - DEBUG - __main__ -   pred: 3
