******** Training fold 0 ********
02/09/2024 14:35:45 - DEBUG - urllib3.connectionpool -   Starting new HTTPS connection (1): huggingface.co:443
02/09/2024 14:35:45 - DEBUG - urllib3.connectionpool -   https://huggingface.co:443 "HEAD /KBLab/wav2vec2-large-voxrex-swedish/resolve/main/preprocessor_config.json HTTP/1.1" 200 0
02/09/2024 14:35:45 - DEBUG - urllib3.connectionpool -   https://huggingface.co:443 "HEAD /KBLab/wav2vec2-large-voxrex-swedish/resolve/main/tokenizer_config.json HTTP/1.1" 200 0
02/09/2024 14:35:45 - DEBUG - __main__ -   Processor loaded. CPU mem usage: 0.39G.  Cuda 0: memory acclocated: 0 G.
02/09/2024 14:35:49 - DEBUG - __main__ -   Model loaded. CPU mem usage: 1.99G.  Cuda 0: memory acclocated: 0 G.
Wav2Vec2ForSequenceClassification(
  (wav2vec2): Wav2Vec2Model(
    (feature_extractor): Wav2Vec2FeatureEncoder(
      (conv_layers): ModuleList(
        (0): Wav2Vec2LayerNormConvLayer(
          (conv): Conv1d(1, 512, kernel_size=(10,), stride=(5,))
          (layer_norm): LayerNorm((512,), eps=1e-05, elementwise_affine=True)
          (activation): GELUActivation()
        )
        (1-4): 4 x Wav2Vec2LayerNormConvLayer(
          (conv): Conv1d(512, 512, kernel_size=(3,), stride=(2,))
          (layer_norm): LayerNorm((512,), eps=1e-05, elementwise_affine=True)
          (activation): GELUActivation()
        )
        (5-6): 2 x Wav2Vec2LayerNormConvLayer(
          (conv): Conv1d(512, 512, kernel_size=(2,), stride=(2,))
          (layer_norm): LayerNorm((512,), eps=1e-05, elementwise_affine=True)
          (activation): GELUActivation()
        )
      )
    )
    (feature_projection): Wav2Vec2FeatureProjection(
      (layer_norm): LayerNorm((512,), eps=1e-05, elementwise_affine=True)
      (projection): Linear(in_features=512, out_features=1024, bias=True)
      (dropout): Dropout(p=0.05, inplace=False)
    )
    (encoder): Wav2Vec2EncoderStableLayerNorm(
      (pos_conv_embed): Wav2Vec2PositionalConvEmbedding(
        (conv): Conv1d(1024, 1024, kernel_size=(128,), stride=(1,), padding=(64,), groups=16)
        (padding): Wav2Vec2SamePadLayer()
        (activation): GELUActivation()
      )
      (layer_norm): LayerNorm((1024,), eps=1e-05, elementwise_affine=True)
      (dropout): Dropout(p=0.05, inplace=False)
      (layers): ModuleList(
        (0-23): 24 x Wav2Vec2EncoderLayerStableLayerNorm(
          (attention): Wav2Vec2Attention(
            (k_proj): Linear(in_features=1024, out_features=1024, bias=True)
            (v_proj): Linear(in_features=1024, out_features=1024, bias=True)
            (q_proj): Linear(in_features=1024, out_features=1024, bias=True)
            (out_proj): Linear(in_features=1024, out_features=1024, bias=True)
          )
          (dropout): Dropout(p=0.05, inplace=False)
          (layer_norm): LayerNorm((1024,), eps=1e-05, elementwise_affine=True)
          (feed_forward): Wav2Vec2FeedForward(
            (intermediate_dropout): Dropout(p=0.05, inplace=False)
            (intermediate_dense): Linear(in_features=1024, out_features=4096, bias=True)
            (intermediate_act_fn): GELUActivation()
            (output_dense): Linear(in_features=4096, out_features=1024, bias=True)
            (output_dropout): Dropout(p=0.05, inplace=False)
          )
          (final_layer_norm): LayerNorm((1024,), eps=1e-05, elementwise_affine=True)
        )
      )
    )
  )
  (projector): Linear(in_features=1024, out_features=256, bias=True)
  (classifier): Linear(in_features=256, out_features=6, bias=True)
)
02/09/2024 14:35:59 - DEBUG - __main__ -   Speech loaded. N_train=1171, N_eval=371. CPU mem usage: 3.62G.  Cuda 0: memory acclocated: 0 G.
02/09/2024 14:36:09 - DEBUG - __main__ -   Feature extracted. Duration: 0:00:09 CPU mem usage: 4.81G.  Cuda 0: memory acclocated: 0 G.
02/09/2024 14:36:09 - DEBUG - urllib3.connectionpool -   Starting new HTTPS connection (1): s3.amazonaws.com:443
02/09/2024 14:36:10 - DEBUG - urllib3.connectionpool -   https://s3.amazonaws.com:443 "HEAD /datasets.huggingface.co/datasets/metrics/evaluate-metric/precision/evaluate-metric/precision.py HTTP/1.1" 404 0
02/09/2024 14:36:10 - DEBUG - urllib3.connectionpool -   Starting new HTTPS connection (1): huggingface.co:443
02/09/2024 14:36:10 - DEBUG - urllib3.connectionpool -   https://huggingface.co:443 "HEAD /spaces/evaluate-metric/precision/resolve/v0.4.0/precision.py HTTP/1.1" 200 0
02/09/2024 14:36:10 - DEBUG - urllib3.connectionpool -   Starting new HTTPS connection (1): s3.amazonaws.com:443
02/09/2024 14:36:11 - DEBUG - urllib3.connectionpool -   https://s3.amazonaws.com:443 "HEAD /datasets.huggingface.co/datasets/metrics/evaluate-metric/recall/evaluate-metric/recall.py HTTP/1.1" 404 0
02/09/2024 14:36:11 - DEBUG - urllib3.connectionpool -   Starting new HTTPS connection (1): huggingface.co:443
02/09/2024 14:36:11 - DEBUG - urllib3.connectionpool -   https://huggingface.co:443 "HEAD /spaces/evaluate-metric/recall/resolve/v0.4.0/recall.py HTTP/1.1" 200 0
02/09/2024 14:36:11 - DEBUG - urllib3.connectionpool -   Starting new HTTPS connection (1): s3.amazonaws.com:443
02/09/2024 14:36:11 - DEBUG - urllib3.connectionpool -   https://s3.amazonaws.com:443 "HEAD /datasets.huggingface.co/datasets/metrics/evaluate-metric/f1/evaluate-metric/f1.py HTTP/1.1" 404 0
02/09/2024 14:36:11 - DEBUG - urllib3.connectionpool -   Starting new HTTPS connection (1): huggingface.co:443
02/09/2024 14:36:11 - DEBUG - urllib3.connectionpool -   https://huggingface.co:443 "HEAD /spaces/evaluate-metric/f1/resolve/v0.4.0/f1.py HTTP/1.1" 200 0
02/09/2024 14:36:11 - DEBUG - urllib3.connectionpool -   Starting new HTTPS connection (1): s3.amazonaws.com:443
02/09/2024 14:36:12 - DEBUG - urllib3.connectionpool -   https://s3.amazonaws.com:443 "HEAD /datasets.huggingface.co/datasets/metrics/evaluate-metric/spearmanr/evaluate-metric/spearmanr.py HTTP/1.1" 404 0
02/09/2024 14:36:12 - DEBUG - urllib3.connectionpool -   Starting new HTTPS connection (1): huggingface.co:443
02/09/2024 14:36:12 - DEBUG - urllib3.connectionpool -   https://huggingface.co:443 "HEAD /spaces/evaluate-metric/spearmanr/resolve/v0.4.0/spearmanr.py HTTP/1.1" 200 0
02/09/2024 14:36:14 - DEBUG - __main__ -   Training starts now. CPU mem usage: 4.37G.  Cuda 0: memory acclocated: 2 G.
02/09/2024 14:36:14 - DEBUG - helper.classes -   ----------- Starting epoch 1 -----------
{'loss': 1.5712, 'learning_rate': 2.559726962457338e-05, 'epoch': 0.85}
02/09/2024 14:42:17 - DEBUG - helper.classes -   Epoch 1.0 completed, Duration: 0:06:02 Mem usage: CPU mem usage: 5.16G.  Cuda 0: memory acclocated: 11 G.
02/09/2024 14:42:50 - DEBUG - fsspec.local -   open file: /home/lunt1/.cache/huggingface/metrics/precision/default/default_experiment-1-0.arrow
02/09/2024 14:42:50 - DEBUG - fsspec.local -   open file: /home/lunt1/.cache/huggingface/metrics/recall/default/default_experiment-1-0.arrow
02/09/2024 14:42:50 - DEBUG - fsspec.local -   open file: /home/lunt1/.cache/huggingface/metrics/f1/default/default_experiment-1-0.arrow
02/09/2024 14:42:50 - DEBUG - fsspec.local -   open file: /home/lunt1/.cache/huggingface/metrics/spearmanr/default/default_experiment-1-0.arrow
02/09/2024 14:42:50 - DEBUG - fsspec.local -   open file: /home/lunt1/.cache/huggingface/metrics/precision/default/default_experiment-1-0.arrow
02/09/2024 14:42:50 - DEBUG - fsspec.local -   open file: /home/lunt1/.cache/huggingface/metrics/recall/default/default_experiment-1-0.arrow
02/09/2024 14:42:50 - DEBUG - fsspec.local -   open file: /home/lunt1/.cache/huggingface/metrics/f1/default/default_experiment-1-0.arrow
{'eval_loss': 1.3913297653198242, 'eval_precision': 0.07232704402515723, 'eval_recall': 0.16666666666666666, 'eval_f1': 0.10087719298245613, 'eval_spearmanr': nan, 'eval_precision_weighted': 0.18832324670701317, 'eval_recall_weighted': 0.4339622641509434, 'eval_f1_weighted': 0.26266137040714993, 'eval_runtime': 32.8204, 'eval_samples_per_second': 11.304, 'eval_steps_per_second': 5.667, 'epoch': 1.0}
02/09/2024 14:42:55 - DEBUG - helper.classes -   ----------- Starting epoch 2.0 -----------
{'loss': 1.3012, 'learning_rate': 2.7645051194539253e-05, 'epoch': 1.71}
02/09/2024 14:48:51 - DEBUG - helper.classes -   Epoch 2.0 completed, Duration: 0:05:55 Mem usage: CPU mem usage: 5.17G.  Cuda 0: memory acclocated: 11 G.
02/09/2024 14:49:23 - DEBUG - fsspec.local -   open file: /home/lunt1/.cache/huggingface/metrics/precision/default/default_experiment-1-0.arrow
02/09/2024 14:49:23 - DEBUG - fsspec.local -   open file: /home/lunt1/.cache/huggingface/metrics/recall/default/default_experiment-1-0.arrow
02/09/2024 14:49:23 - DEBUG - fsspec.local -   open file: /home/lunt1/.cache/huggingface/metrics/f1/default/default_experiment-1-0.arrow
02/09/2024 14:49:23 - DEBUG - fsspec.local -   open file: /home/lunt1/.cache/huggingface/metrics/spearmanr/default/default_experiment-1-0.arrow
02/09/2024 14:49:23 - DEBUG - fsspec.local -   open file: /home/lunt1/.cache/huggingface/metrics/precision/default/default_experiment-1-0.arrow
02/09/2024 14:49:23 - DEBUG - fsspec.local -   open file: /home/lunt1/.cache/huggingface/metrics/recall/default/default_experiment-1-0.arrow
02/09/2024 14:49:23 - DEBUG - fsspec.local -   open file: /home/lunt1/.cache/huggingface/metrics/f1/default/default_experiment-1-0.arrow
{'eval_loss': 1.2441205978393555, 'eval_precision': 0.14638813405797102, 'eval_recall': 0.21517646492368434, 'eval_f1': 0.1739265304174571, 'eval_spearmanr': 0.49826010904735285, 'eval_precision_weighted': 0.29678326057658505, 'eval_recall_weighted': 0.4474393530997305, 'eval_f1_weighted': 0.35631302657917924, 'eval_runtime': 32.9689, 'eval_samples_per_second': 11.253, 'eval_steps_per_second': 5.642, 'epoch': 2.0}
02/09/2024 14:49:29 - DEBUG - helper.classes -   ----------- Starting epoch 3.0 -----------
{'loss': 1.1617, 'learning_rate': 2.480091012514221e-05, 'epoch': 2.56}
02/09/2024 14:55:22 - DEBUG - helper.classes -   Epoch 3.0 completed, Duration: 0:05:53 Mem usage: CPU mem usage: 5.19G.  Cuda 0: memory acclocated: 11 G.
02/09/2024 14:55:55 - DEBUG - fsspec.local -   open file: /home/lunt1/.cache/huggingface/metrics/precision/default/default_experiment-1-0.arrow
02/09/2024 14:55:55 - DEBUG - fsspec.local -   open file: /home/lunt1/.cache/huggingface/metrics/recall/default/default_experiment-1-0.arrow
02/09/2024 14:55:55 - DEBUG - fsspec.local -   open file: /home/lunt1/.cache/huggingface/metrics/f1/default/default_experiment-1-0.arrow
02/09/2024 14:55:55 - DEBUG - fsspec.local -   open file: /home/lunt1/.cache/huggingface/metrics/spearmanr/default/default_experiment-1-0.arrow
02/09/2024 14:55:55 - DEBUG - fsspec.local -   open file: /home/lunt1/.cache/huggingface/metrics/precision/default/default_experiment-1-0.arrow
02/09/2024 14:55:55 - DEBUG - fsspec.local -   open file: /home/lunt1/.cache/huggingface/metrics/recall/default/default_experiment-1-0.arrow
02/09/2024 14:55:55 - DEBUG - fsspec.local -   open file: /home/lunt1/.cache/huggingface/metrics/f1/default/default_experiment-1-0.arrow
{'eval_loss': 1.119384527206421, 'eval_precision': 0.33800745968695317, 'eval_recall': 0.32760861225739596, 'eval_f1': 0.3245778912445579, 'eval_spearmanr': 0.5763226102773427, 'eval_precision_weighted': 0.4863102822024802, 'eval_recall_weighted': 0.5040431266846361, 'eval_f1_weighted': 0.4801787809874063, 'eval_runtime': 32.6125, 'eval_samples_per_second': 11.376, 'eval_steps_per_second': 5.703, 'epoch': 3.0}
02/09/2024 14:56:00 - DEBUG - helper.classes -   ----------- Starting epoch 4.0 -----------
{'loss': 0.9811, 'learning_rate': 2.1956769055745164e-05, 'epoch': 3.41}
02/09/2024 15:02:02 - DEBUG - helper.classes -   Epoch 4.0 completed, Duration: 0:06:01 Mem usage: CPU mem usage: 5.19G.  Cuda 0: memory acclocated: 11 G.
02/09/2024 15:02:34 - DEBUG - fsspec.local -   open file: /home/lunt1/.cache/huggingface/metrics/precision/default/default_experiment-1-0.arrow
02/09/2024 15:02:34 - DEBUG - fsspec.local -   open file: /home/lunt1/.cache/huggingface/metrics/recall/default/default_experiment-1-0.arrow
02/09/2024 15:02:34 - DEBUG - fsspec.local -   open file: /home/lunt1/.cache/huggingface/metrics/f1/default/default_experiment-1-0.arrow
02/09/2024 15:02:34 - DEBUG - fsspec.local -   open file: /home/lunt1/.cache/huggingface/metrics/spearmanr/default/default_experiment-1-0.arrow
02/09/2024 15:02:34 - DEBUG - fsspec.local -   open file: /home/lunt1/.cache/huggingface/metrics/precision/default/default_experiment-1-0.arrow
02/09/2024 15:02:34 - DEBUG - fsspec.local -   open file: /home/lunt1/.cache/huggingface/metrics/recall/default/default_experiment-1-0.arrow
02/09/2024 15:02:34 - DEBUG - fsspec.local -   open file: /home/lunt1/.cache/huggingface/metrics/f1/default/default_experiment-1-0.arrow
{'eval_loss': 1.2010146379470825, 'eval_precision': 0.27712246807724195, 'eval_recall': 0.286178385521156, 'eval_f1': 0.2733397190293742, 'eval_spearmanr': 0.6412295687178043, 'eval_precision_weighted': 0.503021698337902, 'eval_recall_weighted': 0.5390835579514824, 'eval_f1_weighted': 0.5077924425029174, 'eval_runtime': 32.5773, 'eval_samples_per_second': 11.388, 'eval_steps_per_second': 5.709, 'epoch': 4.0}
02/09/2024 15:02:39 - DEBUG - helper.classes -   ----------- Starting epoch 5.0 -----------
{'loss': 0.9616, 'learning_rate': 1.9112627986348123e-05, 'epoch': 4.27}
02/09/2024 15:08:39 - DEBUG - helper.classes -   Epoch 5.0 completed, Duration: 0:05:59 Mem usage: CPU mem usage: 5.20G.  Cuda 0: memory acclocated: 11 G.
02/09/2024 15:09:11 - DEBUG - fsspec.local -   open file: /home/lunt1/.cache/huggingface/metrics/precision/default/default_experiment-1-0.arrow
02/09/2024 15:09:11 - DEBUG - fsspec.local -   open file: /home/lunt1/.cache/huggingface/metrics/recall/default/default_experiment-1-0.arrow
02/09/2024 15:09:11 - DEBUG - fsspec.local -   open file: /home/lunt1/.cache/huggingface/metrics/f1/default/default_experiment-1-0.arrow
02/09/2024 15:09:11 - DEBUG - fsspec.local -   open file: /home/lunt1/.cache/huggingface/metrics/spearmanr/default/default_experiment-1-0.arrow
02/09/2024 15:09:11 - DEBUG - fsspec.local -   open file: /home/lunt1/.cache/huggingface/metrics/precision/default/default_experiment-1-0.arrow
02/09/2024 15:09:11 - DEBUG - fsspec.local -   open file: /home/lunt1/.cache/huggingface/metrics/recall/default/default_experiment-1-0.arrow
02/09/2024 15:09:11 - DEBUG - fsspec.local -   open file: /home/lunt1/.cache/huggingface/metrics/f1/default/default_experiment-1-0.arrow
{'eval_loss': 1.5924816131591797, 'eval_precision': 0.2735951823077239, 'eval_recall': 0.28558990161619086, 'eval_f1': 0.27215482746685654, 'eval_spearmanr': 0.6557629177344098, 'eval_precision_weighted': 0.49903670973551395, 'eval_recall_weighted': 0.5525606469002695, 'eval_f1_weighted': 0.5129628477279244, 'eval_runtime': 32.4706, 'eval_samples_per_second': 11.426, 'eval_steps_per_second': 5.728, 'epoch': 5.0}
02/09/2024 15:09:16 - DEBUG - helper.classes -   ----------- Starting epoch 6.0 -----------
{'loss': 0.8202, 'learning_rate': 1.626848691695108e-05, 'epoch': 5.12}
{'loss': 0.7887, 'learning_rate': 1.342434584755404e-05, 'epoch': 5.97}
02/09/2024 15:15:16 - DEBUG - helper.classes -   Epoch 6.0 completed, Duration: 0:05:59 Mem usage: CPU mem usage: 5.19G.  Cuda 0: memory acclocated: 11 G.
02/09/2024 15:15:49 - DEBUG - fsspec.local -   open file: /home/lunt1/.cache/huggingface/metrics/precision/default/default_experiment-1-0.arrow
02/09/2024 15:15:49 - DEBUG - fsspec.local -   open file: /home/lunt1/.cache/huggingface/metrics/recall/default/default_experiment-1-0.arrow
02/09/2024 15:15:49 - DEBUG - fsspec.local -   open file: /home/lunt1/.cache/huggingface/metrics/f1/default/default_experiment-1-0.arrow
02/09/2024 15:15:49 - DEBUG - fsspec.local -   open file: /home/lunt1/.cache/huggingface/metrics/spearmanr/default/default_experiment-1-0.arrow
02/09/2024 15:15:49 - DEBUG - fsspec.local -   open file: /home/lunt1/.cache/huggingface/metrics/precision/default/default_experiment-1-0.arrow
02/09/2024 15:15:49 - DEBUG - fsspec.local -   open file: /home/lunt1/.cache/huggingface/metrics/recall/default/default_experiment-1-0.arrow
02/09/2024 15:15:49 - DEBUG - fsspec.local -   open file: /home/lunt1/.cache/huggingface/metrics/f1/default/default_experiment-1-0.arrow
{'eval_loss': 1.9552552700042725, 'eval_precision': 0.3923329531484108, 'eval_recall': 0.35733154962917646, 'eval_f1': 0.3683685985636713, 'eval_spearmanr': 0.641544346834124, 'eval_precision_weighted': 0.5282911232115385, 'eval_recall_weighted': 0.5525606469002695, 'eval_f1_weighted': 0.5352917534648285, 'eval_runtime': 32.6587, 'eval_samples_per_second': 11.36, 'eval_steps_per_second': 5.695, 'epoch': 6.0}
02/09/2024 15:15:54 - DEBUG - helper.classes -   ----------- Starting epoch 7.0 -----------
{'loss': 0.6405, 'learning_rate': 1.0580204778156997e-05, 'epoch': 6.83}
02/09/2024 15:21:53 - DEBUG - helper.classes -   Epoch 7.0 completed, Duration: 0:05:59 Mem usage: CPU mem usage: 5.20G.  Cuda 0: memory acclocated: 11 G.
02/09/2024 15:22:26 - DEBUG - fsspec.local -   open file: /home/lunt1/.cache/huggingface/metrics/precision/default/default_experiment-1-0.arrow
02/09/2024 15:22:26 - DEBUG - fsspec.local -   open file: /home/lunt1/.cache/huggingface/metrics/recall/default/default_experiment-1-0.arrow
02/09/2024 15:22:26 - DEBUG - fsspec.local -   open file: /home/lunt1/.cache/huggingface/metrics/f1/default/default_experiment-1-0.arrow
02/09/2024 15:22:26 - DEBUG - fsspec.local -   open file: /home/lunt1/.cache/huggingface/metrics/spearmanr/default/default_experiment-1-0.arrow
02/09/2024 15:22:26 - DEBUG - fsspec.local -   open file: /home/lunt1/.cache/huggingface/metrics/precision/default/default_experiment-1-0.arrow
02/09/2024 15:22:26 - DEBUG - fsspec.local -   open file: /home/lunt1/.cache/huggingface/metrics/recall/default/default_experiment-1-0.arrow
02/09/2024 15:22:26 - DEBUG - fsspec.local -   open file: /home/lunt1/.cache/huggingface/metrics/f1/default/default_experiment-1-0.arrow
{'eval_loss': 2.165926218032837, 'eval_precision': 0.3874186123767996, 'eval_recall': 0.39879706966485057, 'eval_f1': 0.3912278275253181, 'eval_spearmanr': 0.6616896689662823, 'eval_precision_weighted': 0.5482527818133687, 'eval_recall_weighted': 0.5741239892183289, 'eval_f1_weighted': 0.5581364161790124, 'eval_runtime': 32.6065, 'eval_samples_per_second': 11.378, 'eval_steps_per_second': 5.704, 'epoch': 7.0}
02/09/2024 15:22:31 - DEBUG - helper.classes -   ----------- Starting epoch 8.0 -----------
{'loss': 0.6405, 'learning_rate': 7.736063708759956e-06, 'epoch': 7.68}
02/09/2024 15:28:32 - DEBUG - helper.classes -   Epoch 8.0 completed, Duration: 0:06:00 Mem usage: CPU mem usage: 5.20G.  Cuda 0: memory acclocated: 11 G.
02/09/2024 15:29:04 - DEBUG - fsspec.local -   open file: /home/lunt1/.cache/huggingface/metrics/precision/default/default_experiment-1-0.arrow
02/09/2024 15:29:04 - DEBUG - fsspec.local -   open file: /home/lunt1/.cache/huggingface/metrics/recall/default/default_experiment-1-0.arrow
02/09/2024 15:29:04 - DEBUG - fsspec.local -   open file: /home/lunt1/.cache/huggingface/metrics/f1/default/default_experiment-1-0.arrow
02/09/2024 15:29:04 - DEBUG - fsspec.local -   open file: /home/lunt1/.cache/huggingface/metrics/spearmanr/default/default_experiment-1-0.arrow
02/09/2024 15:29:04 - DEBUG - fsspec.local -   open file: /home/lunt1/.cache/huggingface/metrics/precision/default/default_experiment-1-0.arrow
02/09/2024 15:29:04 - DEBUG - fsspec.local -   open file: /home/lunt1/.cache/huggingface/metrics/recall/default/default_experiment-1-0.arrow
02/09/2024 15:29:04 - DEBUG - fsspec.local -   open file: /home/lunt1/.cache/huggingface/metrics/f1/default/default_experiment-1-0.arrow
{'eval_loss': 2.5919859409332275, 'eval_precision': 0.36344320439004824, 'eval_recall': 0.3759095931373336, 'eval_f1': 0.360651127317794, 'eval_spearmanr': 0.6421809972169001, 'eval_precision_weighted': 0.5076228998957371, 'eval_recall_weighted': 0.5283018867924528, 'eval_f1_weighted': 0.5051461935558971, 'eval_runtime': 32.726, 'eval_samples_per_second': 11.337, 'eval_steps_per_second': 5.684, 'epoch': 8.0}
02/09/2024 15:29:09 - DEBUG - helper.classes -   ----------- Starting epoch 9.0 -----------
{'loss': 0.5726, 'learning_rate': 4.891922639362912e-06, 'epoch': 8.53}
02/09/2024 15:35:12 - DEBUG - helper.classes -   Epoch 9.0 completed, Duration: 0:06:02 Mem usage: CPU mem usage: 5.20G.  Cuda 0: memory acclocated: 11 G.
02/09/2024 15:35:44 - DEBUG - fsspec.local -   open file: /home/lunt1/.cache/huggingface/metrics/precision/default/default_experiment-1-0.arrow
02/09/2024 15:35:44 - DEBUG - fsspec.local -   open file: /home/lunt1/.cache/huggingface/metrics/recall/default/default_experiment-1-0.arrow
02/09/2024 15:35:44 - DEBUG - fsspec.local -   open file: /home/lunt1/.cache/huggingface/metrics/f1/default/default_experiment-1-0.arrow
02/09/2024 15:35:44 - DEBUG - fsspec.local -   open file: /home/lunt1/.cache/huggingface/metrics/spearmanr/default/default_experiment-1-0.arrow
02/09/2024 15:35:44 - DEBUG - fsspec.local -   open file: /home/lunt1/.cache/huggingface/metrics/precision/default/default_experiment-1-0.arrow
02/09/2024 15:35:44 - DEBUG - fsspec.local -   open file: /home/lunt1/.cache/huggingface/metrics/recall/default/default_experiment-1-0.arrow
02/09/2024 15:35:44 - DEBUG - fsspec.local -   open file: /home/lunt1/.cache/huggingface/metrics/f1/default/default_experiment-1-0.arrow
{'eval_loss': 2.6471400260925293, 'eval_precision': 0.3741641322968168, 'eval_recall': 0.37647908506172945, 'eval_f1': 0.3630955714641308, 'eval_spearmanr': 0.6407145901199, 'eval_precision_weighted': 0.522518550285358, 'eval_recall_weighted': 0.536388140161725, 'eval_f1_weighted': 0.5118664799794022, 'eval_runtime': 32.5451, 'eval_samples_per_second': 11.4, 'eval_steps_per_second': 5.715, 'epoch': 9.0}
02/09/2024 15:35:50 - DEBUG - helper.classes -   ----------- Starting epoch 10.0 -----------
{'loss': 0.5301, 'learning_rate': 2.0477815699658705e-06, 'epoch': 9.39}
02/09/2024 15:41:55 - DEBUG - helper.classes -   Epoch 10.0 completed, Duration: 0:06:05 Mem usage: CPU mem usage: 4.88G.  Cuda 0: memory acclocated: 11 G.
02/09/2024 15:42:28 - DEBUG - fsspec.local -   open file: /home/lunt1/.cache/huggingface/metrics/precision/default/default_experiment-1-0.arrow
02/09/2024 15:42:29 - DEBUG - fsspec.local -   open file: /home/lunt1/.cache/huggingface/metrics/recall/default/default_experiment-1-0.arrow
02/09/2024 15:42:29 - DEBUG - fsspec.local -   open file: /home/lunt1/.cache/huggingface/metrics/f1/default/default_experiment-1-0.arrow
02/09/2024 15:42:29 - DEBUG - fsspec.local -   open file: /home/lunt1/.cache/huggingface/metrics/spearmanr/default/default_experiment-1-0.arrow
02/09/2024 15:42:29 - DEBUG - fsspec.local -   open file: /home/lunt1/.cache/huggingface/metrics/precision/default/default_experiment-1-0.arrow
02/09/2024 15:42:29 - DEBUG - fsspec.local -   open file: /home/lunt1/.cache/huggingface/metrics/recall/default/default_experiment-1-0.arrow
02/09/2024 15:42:29 - DEBUG - fsspec.local -   open file: /home/lunt1/.cache/huggingface/metrics/f1/default/default_experiment-1-0.arrow
{'eval_loss': 2.538118600845337, 'eval_precision': 0.3749303385526295, 'eval_recall': 0.3845819734477321, 'eval_f1': 0.37331880278348223, 'eval_spearmanr': 0.6487330540686032, 'eval_precision_weighted': 0.5261025783544623, 'eval_recall_weighted': 0.5525606469002695, 'eval_f1_weighted': 0.5297035914306318, 'eval_runtime': 33.8522, 'eval_samples_per_second': 10.959, 'eval_steps_per_second': 5.494, 'epoch': 10.0}
{'train_runtime': 3982.6737, 'train_samples_per_second': 2.94, 'train_steps_per_second': 1.471, 'train_loss': 0.8831497817316153, 'epoch': 10.0}
02/09/2024 15:42:37 - INFO - __main__ -   Training completed. Duration: 1:06:22
02/09/2024 15:43:10 - DEBUG - fsspec.local -   open file: /home/lunt1/.cache/huggingface/metrics/precision/default/default_experiment-1-0.arrow
02/09/2024 15:43:10 - DEBUG - fsspec.local -   open file: /home/lunt1/.cache/huggingface/metrics/recall/default/default_experiment-1-0.arrow
02/09/2024 15:43:10 - DEBUG - fsspec.local -   open file: /home/lunt1/.cache/huggingface/metrics/f1/default/default_experiment-1-0.arrow
02/09/2024 15:43:10 - DEBUG - fsspec.local -   open file: /home/lunt1/.cache/huggingface/metrics/spearmanr/default/default_experiment-1-0.arrow
02/09/2024 15:43:10 - DEBUG - fsspec.local -   open file: /home/lunt1/.cache/huggingface/metrics/precision/default/default_experiment-1-0.arrow
02/09/2024 15:43:10 - DEBUG - fsspec.local -   open file: /home/lunt1/.cache/huggingface/metrics/recall/default/default_experiment-1-0.arrow
02/09/2024 15:43:10 - DEBUG - fsspec.local -   open file: /home/lunt1/.cache/huggingface/metrics/f1/default/default_experiment-1-0.arrow
02/09/2024 15:43:10 - DEBUG - fsspec.local -   open file: /home/lunt1/.cache/huggingface/metrics/precision/default/default_experiment-1-0.arrow
02/09/2024 15:43:10 - DEBUG - fsspec.local -   open file: /home/lunt1/.cache/huggingface/metrics/recall/default/default_experiment-1-0.arrow
02/09/2024 15:43:10 - DEBUG - fsspec.local -   open file: /home/lunt1/.cache/huggingface/metrics/f1/default/default_experiment-1-0.arrow
02/09/2024 15:43:10 - DEBUG - fsspec.local -   open file: /home/lunt1/.cache/huggingface/metrics/spearmanr/default/default_experiment-1-0.arrow
02/09/2024 15:43:10 - DEBUG - fsspec.local -   open file: /home/lunt1/.cache/huggingface/metrics/precision/default/default_experiment-1-0.arrow
02/09/2024 15:43:10 - DEBUG - fsspec.local -   open file: /home/lunt1/.cache/huggingface/metrics/recall/default/default_experiment-1-0.arrow
02/09/2024 15:43:10 - DEBUG - fsspec.local -   open file: /home/lunt1/.cache/huggingface/metrics/f1/default/default_experiment-1-0.arrow
02/09/2024 15:43:10 - DEBUG - __main__ -   label: 2
02/09/2024 15:43:10 - DEBUG - __main__ -   pred: 2
02/09/2024 15:43:10 - DEBUG - __main__ -   label: 2
02/09/2024 15:43:10 - DEBUG - __main__ -   pred: 2
02/09/2024 15:43:10 - DEBUG - __main__ -   label: 2
02/09/2024 15:43:10 - DEBUG - __main__ -   pred: 2
02/09/2024 15:43:10 - DEBUG - __main__ -   label: 2
02/09/2024 15:43:10 - DEBUG - __main__ -   pred: 2
02/09/2024 15:43:10 - DEBUG - __main__ -   label: 2
02/09/2024 15:43:10 - DEBUG - __main__ -   pred: 2
02/09/2024 15:43:10 - DEBUG - __main__ -   label: 1
02/09/2024 15:43:10 - DEBUG - __main__ -   pred: 1
02/09/2024 15:43:10 - DEBUG - __main__ -   label: 2
02/09/2024 15:43:10 - DEBUG - __main__ -   pred: 2
02/09/2024 15:43:10 - DEBUG - __main__ -   label: 0
02/09/2024 15:43:10 - DEBUG - __main__ -   pred: 2
02/09/2024 15:43:10 - DEBUG - __main__ -   label: 3
02/09/2024 15:43:10 - DEBUG - __main__ -   pred: 3
02/09/2024 15:43:10 - DEBUG - __main__ -   label: 1
02/09/2024 15:43:10 - DEBUG - __main__ -   pred: 2
02/09/2024 15:43:10 - DEBUG - __main__ -   label: 1
02/09/2024 15:43:10 - DEBUG - __main__ -   pred: 2
02/09/2024 15:43:10 - DEBUG - __main__ -   label: 2
02/09/2024 15:43:10 - DEBUG - __main__ -   pred: 2
02/09/2024 15:43:10 - DEBUG - __main__ -   label: 2
02/09/2024 15:43:10 - DEBUG - __main__ -   pred: 1
02/09/2024 15:43:10 - DEBUG - __main__ -   label: 2
02/09/2024 15:43:10 - DEBUG - __main__ -   pred: 2
02/09/2024 15:43:10 - DEBUG - __main__ -   label: 1
02/09/2024 15:43:10 - DEBUG - __main__ -   pred: 2
02/09/2024 15:43:10 - DEBUG - __main__ -   label: 2
02/09/2024 15:43:10 - DEBUG - __main__ -   pred: 2
02/09/2024 15:43:10 - DEBUG - __main__ -   label: 1
02/09/2024 15:43:10 - DEBUG - __main__ -   pred: 2
02/09/2024 15:43:10 - DEBUG - __main__ -   label: 3
02/09/2024 15:43:10 - DEBUG - __main__ -   pred: 3
02/09/2024 15:43:10 - DEBUG - __main__ -   label: 2
02/09/2024 15:43:10 - DEBUG - __main__ -   pred: 2
02/09/2024 15:43:10 - DEBUG - __main__ -   label: 1
02/09/2024 15:43:10 - DEBUG - __main__ -   pred: 2
02/09/2024 15:43:10 - DEBUG - __main__ -   label: 2
02/09/2024 15:43:10 - DEBUG - __main__ -   pred: 2
02/09/2024 15:43:10 - DEBUG - __main__ -   label: 2
02/09/2024 15:43:10 - DEBUG - __main__ -   pred: 2
02/09/2024 15:43:10 - DEBUG - __main__ -   label: 1
02/09/2024 15:43:10 - DEBUG - __main__ -   pred: 2
02/09/2024 15:43:10 - DEBUG - __main__ -   label: 2
02/09/2024 15:43:10 - DEBUG - __main__ -   pred: 3
02/09/2024 15:43:10 - DEBUG - __main__ -   label: 1
02/09/2024 15:43:10 - DEBUG - __main__ -   pred: 1
02/09/2024 15:43:10 - DEBUG - __main__ -   label: 2
02/09/2024 15:43:10 - DEBUG - __main__ -   pred: 3
02/09/2024 15:43:10 - DEBUG - __main__ -   label: 1
02/09/2024 15:43:10 - DEBUG - __main__ -   pred: 1
02/09/2024 15:43:10 - DEBUG - __main__ -   label: 1
02/09/2024 15:43:10 - DEBUG - __main__ -   pred: 1
02/09/2024 15:43:10 - DEBUG - __main__ -   label: 2
02/09/2024 15:43:10 - DEBUG - __main__ -   pred: 1
02/09/2024 15:43:10 - DEBUG - __main__ -   label: 3
02/09/2024 15:43:10 - DEBUG - __main__ -   pred: 2
02/09/2024 15:43:10 - DEBUG - __main__ -   label: 2
02/09/2024 15:43:10 - DEBUG - __main__ -   pred: 2
02/09/2024 15:43:10 - DEBUG - __main__ -   label: 1
02/09/2024 15:43:10 - DEBUG - __main__ -   pred: 1
02/09/2024 15:43:10 - DEBUG - __main__ -   label: 1
02/09/2024 15:43:10 - DEBUG - __main__ -   pred: 1
02/09/2024 15:43:10 - DEBUG - __main__ -   label: 1
02/09/2024 15:43:10 - DEBUG - __main__ -   pred: 1
02/09/2024 15:43:10 - DEBUG - __main__ -   label: 1
02/09/2024 15:43:10 - DEBUG - __main__ -   pred: 1
02/09/2024 15:43:10 - DEBUG - __main__ -   label: 2
02/09/2024 15:43:10 - DEBUG - __main__ -   pred: 2
02/09/2024 15:43:10 - DEBUG - __main__ -   label: 2
02/09/2024 15:43:10 - DEBUG - __main__ -   pred: 2
02/09/2024 15:43:10 - DEBUG - __main__ -   label: 2
02/09/2024 15:43:10 - DEBUG - __main__ -   pred: 2
02/09/2024 15:43:10 - DEBUG - __main__ -   label: 3
02/09/2024 15:43:10 - DEBUG - __main__ -   pred: 3
02/09/2024 15:43:10 - DEBUG - __main__ -   label: 4
02/09/2024 15:43:10 - DEBUG - __main__ -   pred: 3
02/09/2024 15:43:10 - DEBUG - __main__ -   label: 2
02/09/2024 15:43:10 - DEBUG - __main__ -   pred: 3
02/09/2024 15:43:10 - DEBUG - __main__ -   label: 2
02/09/2024 15:43:10 - DEBUG - __main__ -   pred: 2
02/09/2024 15:43:10 - DEBUG - __main__ -   label: 3
02/09/2024 15:43:10 - DEBUG - __main__ -   pred: 3
02/09/2024 15:43:10 - DEBUG - __main__ -   label: 3
02/09/2024 15:43:10 - DEBUG - __main__ -   pred: 3
02/09/2024 15:43:10 - DEBUG - __main__ -   label: 3
02/09/2024 15:43:10 - DEBUG - __main__ -   pred: 3
02/09/2024 15:43:10 - DEBUG - __main__ -   label: 2
02/09/2024 15:43:10 - DEBUG - __main__ -   pred: 2
02/09/2024 15:43:10 - DEBUG - __main__ -   label: 3
02/09/2024 15:43:10 - DEBUG - __main__ -   pred: 3
02/09/2024 15:43:10 - DEBUG - __main__ -   label: 3
02/09/2024 15:43:10 - DEBUG - __main__ -   pred: 3
02/09/2024 15:43:10 - DEBUG - __main__ -   label: 3
02/09/2024 15:43:10 - DEBUG - __main__ -   pred: 2
02/09/2024 15:43:10 - DEBUG - __main__ -   label: 3
02/09/2024 15:43:10 - DEBUG - __main__ -   pred: 3
02/09/2024 15:43:10 - DEBUG - __main__ -   label: 2
02/09/2024 15:43:10 - DEBUG - __main__ -   pred: 2
02/09/2024 15:43:10 - DEBUG - __main__ -   label: 3
02/09/2024 15:43:10 - DEBUG - __main__ -   pred: 3
02/09/2024 15:43:10 - DEBUG - __main__ -   label: 2
02/09/2024 15:43:10 - DEBUG - __main__ -   pred: 2
02/09/2024 15:43:10 - DEBUG - __main__ -   label: 3
02/09/2024 15:43:10 - DEBUG - __main__ -   pred: 2
02/09/2024 15:43:10 - DEBUG - __main__ -   label: 2
02/09/2024 15:43:10 - DEBUG - __main__ -   pred: 3
02/09/2024 15:43:10 - DEBUG - __main__ -   label: 2
02/09/2024 15:43:10 - DEBUG - __main__ -   pred: 2
02/09/2024 15:43:10 - DEBUG - __main__ -   label: 2
02/09/2024 15:43:10 - DEBUG - __main__ -   pred: 2
02/09/2024 15:43:10 - DEBUG - __main__ -   label: 2
02/09/2024 15:43:10 - DEBUG - __main__ -   pred: 1
02/09/2024 15:43:10 - DEBUG - __main__ -   label: 2
02/09/2024 15:43:10 - DEBUG - __main__ -   pred: 2
02/09/2024 15:43:10 - DEBUG - __main__ -   label: 1
02/09/2024 15:43:10 - DEBUG - __main__ -   pred: 1
02/09/2024 15:43:10 - DEBUG - __main__ -   label: 2
02/09/2024 15:43:10 - DEBUG - __main__ -   pred: 2
02/09/2024 15:43:10 - DEBUG - __main__ -   label: 2
02/09/2024 15:43:10 - DEBUG - __main__ -   pred: 2
02/09/2024 15:43:10 - DEBUG - __main__ -   label: 2
02/09/2024 15:43:10 - DEBUG - __main__ -   pred: 2
02/09/2024 15:43:10 - DEBUG - __main__ -   label: 1
02/09/2024 15:43:10 - DEBUG - __main__ -   pred: 2
02/09/2024 15:43:10 - DEBUG - __main__ -   label: 2
02/09/2024 15:43:10 - DEBUG - __main__ -   pred: 2
02/09/2024 15:43:10 - DEBUG - __main__ -   label: 2
02/09/2024 15:43:10 - DEBUG - __main__ -   pred: 2
02/09/2024 15:43:10 - DEBUG - __main__ -   label: 1
02/09/2024 15:43:10 - DEBUG - __main__ -   pred: 1
02/09/2024 15:43:10 - DEBUG - __main__ -   label: 2
02/09/2024 15:43:10 - DEBUG - __main__ -   pred: 2
02/09/2024 15:43:10 - DEBUG - __main__ -   label: 2
02/09/2024 15:43:10 - DEBUG - __main__ -   pred: 2
02/09/2024 15:43:10 - DEBUG - __main__ -   label: 2
02/09/2024 15:43:10 - DEBUG - __main__ -   pred: 2
02/09/2024 15:43:10 - DEBUG - __main__ -   label: 3
02/09/2024 15:43:10 - DEBUG - __main__ -   pred: 2
02/09/2024 15:43:10 - DEBUG - __main__ -   label: 3
02/09/2024 15:43:10 - DEBUG - __main__ -   pred: 2
02/09/2024 15:43:10 - DEBUG - __main__ -   label: 2
02/09/2024 15:43:10 - DEBUG - __main__ -   pred: 2
02/09/2024 15:43:10 - DEBUG - __main__ -   label: 1
02/09/2024 15:43:10 - DEBUG - __main__ -   pred: 1
02/09/2024 15:43:10 - DEBUG - __main__ -   label: 1
02/09/2024 15:43:10 - DEBUG - __main__ -   pred: 1
02/09/2024 15:43:10 - DEBUG - __main__ -   label: 2
02/09/2024 15:43:10 - DEBUG - __main__ -   pred: 2
02/09/2024 15:43:10 - DEBUG - __main__ -   label: 2
02/09/2024 15:43:10 - DEBUG - __main__ -   pred: 2
02/09/2024 15:43:10 - DEBUG - __main__ -   label: 1
02/09/2024 15:43:10 - DEBUG - __main__ -   pred: 1
02/09/2024 15:43:10 - DEBUG - __main__ -   label: 3
02/09/2024 15:43:10 - DEBUG - __main__ -   pred: 2
02/09/2024 15:43:10 - DEBUG - __main__ -   label: 0
02/09/2024 15:43:10 - DEBUG - __main__ -   pred: 2
02/09/2024 15:43:10 - DEBUG - __main__ -   label: 2
02/09/2024 15:43:10 - DEBUG - __main__ -   pred: 1
02/09/2024 15:43:10 - DEBUG - __main__ -   label: 2
02/09/2024 15:43:10 - DEBUG - __main__ -   pred: 1
02/09/2024 15:43:10 - DEBUG - __main__ -   label: 2
02/09/2024 15:43:10 - DEBUG - __main__ -   pred: 2
02/09/2024 15:43:10 - DEBUG - __main__ -   label: 2
02/09/2024 15:43:10 - DEBUG - __main__ -   pred: 2
02/09/2024 15:43:10 - DEBUG - __main__ -   label: 2
02/09/2024 15:43:10 - DEBUG - __main__ -   pred: 2
02/09/2024 15:43:10 - DEBUG - __main__ -   label: 2
02/09/2024 15:43:10 - DEBUG - __main__ -   pred: 1
02/09/2024 15:43:10 - DEBUG - __main__ -   label: 2
02/09/2024 15:43:10 - DEBUG - __main__ -   pred: 2
02/09/2024 15:43:10 - DEBUG - __main__ -   label: 0
02/09/2024 15:43:10 - DEBUG - __main__ -   pred: 1
02/09/2024 15:43:10 - DEBUG - __main__ -   label: 2
02/09/2024 15:43:10 - DEBUG - __main__ -   pred: 2
02/09/2024 15:43:10 - DEBUG - __main__ -   label: 1
02/09/2024 15:43:10 - DEBUG - __main__ -   pred: 1
02/09/2024 15:43:10 - DEBUG - __main__ -   label: 1
02/09/2024 15:43:10 - DEBUG - __main__ -   pred: 1
02/09/2024 15:43:10 - DEBUG - __main__ -   label: 1
02/09/2024 15:43:10 - DEBUG - __main__ -   pred: 1
02/09/2024 15:43:10 - DEBUG - __main__ -   label: 2
02/09/2024 15:43:10 - DEBUG - __main__ -   pred: 1
02/09/2024 15:43:10 - DEBUG - __main__ -   label: 1
02/09/2024 15:43:10 - DEBUG - __main__ -   pred: 1
02/09/2024 15:43:10 - DEBUG - __main__ -   label: 1
02/09/2024 15:43:10 - DEBUG - __main__ -   pred: 2
02/09/2024 15:43:10 - DEBUG - __main__ -   label: 1
02/09/2024 15:43:10 - DEBUG - __main__ -   pred: 1
02/09/2024 15:43:10 - DEBUG - __main__ -   label: 2
02/09/2024 15:43:10 - DEBUG - __main__ -   pred: 1
02/09/2024 15:43:10 - DEBUG - __main__ -   label: 1
02/09/2024 15:43:10 - DEBUG - __main__ -   pred: 1
02/09/2024 15:43:10 - DEBUG - __main__ -   label: 0
02/09/2024 15:43:10 - DEBUG - __main__ -   pred: 1
02/09/2024 15:43:10 - DEBUG - __main__ -   label: 0
02/09/2024 15:43:10 - DEBUG - __main__ -   pred: 1
02/09/2024 15:43:10 - DEBUG - __main__ -   label: 1
02/09/2024 15:43:10 - DEBUG - __main__ -   pred: 1
02/09/2024 15:43:10 - DEBUG - __main__ -   label: 1
02/09/2024 15:43:10 - DEBUG - __main__ -   pred: 1
02/09/2024 15:43:10 - DEBUG - __main__ -   label: 1
02/09/2024 15:43:10 - DEBUG - __main__ -   pred: 1
02/09/2024 15:43:10 - DEBUG - __main__ -   label: 2
02/09/2024 15:43:10 - DEBUG - __main__ -   pred: 1
02/09/2024 15:43:10 - DEBUG - __main__ -   label: 1
02/09/2024 15:43:10 - DEBUG - __main__ -   pred: 1
02/09/2024 15:43:10 - DEBUG - __main__ -   label: 1
02/09/2024 15:43:10 - DEBUG - __main__ -   pred: 1
02/09/2024 15:43:10 - DEBUG - __main__ -   label: 3
02/09/2024 15:43:10 - DEBUG - __main__ -   pred: 2
02/09/2024 15:43:10 - DEBUG - __main__ -   label: 2
02/09/2024 15:43:10 - DEBUG - __main__ -   pred: 2
02/09/2024 15:43:10 - DEBUG - __main__ -   label: 2
02/09/2024 15:43:10 - DEBUG - __main__ -   pred: 2
02/09/2024 15:43:10 - DEBUG - __main__ -   label: 2
02/09/2024 15:43:10 - DEBUG - __main__ -   pred: 2
02/09/2024 15:43:10 - DEBUG - __main__ -   label: 2
02/09/2024 15:43:10 - DEBUG - __main__ -   pred: 1
02/09/2024 15:43:10 - DEBUG - __main__ -   label: 1
02/09/2024 15:43:10 - DEBUG - __main__ -   pred: 2
02/09/2024 15:43:10 - DEBUG - __main__ -   label: 1
02/09/2024 15:43:10 - DEBUG - __main__ -   pred: 2
02/09/2024 15:43:10 - DEBUG - __main__ -   label: 0
02/09/2024 15:43:10 - DEBUG - __main__ -   pred: 1
02/09/2024 15:43:10 - DEBUG - __main__ -   label: 4
02/09/2024 15:43:10 - DEBUG - __main__ -   pred: 4
02/09/2024 15:43:10 - DEBUG - __main__ -   label: 5
02/09/2024 15:43:10 - DEBUG - __main__ -   pred: 4
02/09/2024 15:43:10 - DEBUG - __main__ -   label: 3
02/09/2024 15:43:10 - DEBUG - __main__ -   pred: 3
02/09/2024 15:43:10 - DEBUG - __main__ -   label: 2
02/09/2024 15:43:10 - DEBUG - __main__ -   pred: 2
02/09/2024 15:43:10 - DEBUG - __main__ -   label: 3
02/09/2024 15:43:10 - DEBUG - __main__ -   pred: 3
02/09/2024 15:43:10 - DEBUG - __main__ -   label: 4
02/09/2024 15:43:10 - DEBUG - __main__ -   pred: 4
02/09/2024 15:43:10 - DEBUG - __main__ -   label: 4
02/09/2024 15:43:10 - DEBUG - __main__ -   pred: 4
02/09/2024 15:43:10 - DEBUG - __main__ -   label: 3
02/09/2024 15:43:10 - DEBUG - __main__ -   pred: 3
02/09/2024 15:43:10 - DEBUG - __main__ -   label: 3
02/09/2024 15:43:10 - DEBUG - __main__ -   pred: 4
02/09/2024 15:43:10 - DEBUG - __main__ -   label: 3
02/09/2024 15:43:10 - DEBUG - __main__ -   pred: 2
02/09/2024 15:43:10 - DEBUG - __main__ -   label: 3
02/09/2024 15:43:10 - DEBUG - __main__ -   pred: 4
02/09/2024 15:43:10 - DEBUG - __main__ -   label: 3
02/09/2024 15:43:10 - DEBUG - __main__ -   pred: 3
02/09/2024 15:43:10 - DEBUG - __main__ -   label: 4
02/09/2024 15:43:10 - DEBUG - __main__ -   pred: 4
02/09/2024 15:43:10 - DEBUG - __main__ -   label: 4
02/09/2024 15:43:10 - DEBUG - __main__ -   pred: 4
02/09/2024 15:43:10 - DEBUG - __main__ -   label: 4
02/09/2024 15:43:10 - DEBUG - __main__ -   pred: 4
02/09/2024 15:43:10 - DEBUG - __main__ -   label: 3
02/09/2024 15:43:10 - DEBUG - __main__ -   pred: 3
02/09/2024 15:43:10 - DEBUG - __main__ -   label: 3
02/09/2024 15:43:10 - DEBUG - __main__ -   pred: 3
02/09/2024 15:43:10 - DEBUG - __main__ -   label: 5
02/09/2024 15:43:10 - DEBUG - __main__ -   pred: 4
02/09/2024 15:43:10 - DEBUG - __main__ -   label: 4
02/09/2024 15:43:10 - DEBUG - __main__ -   pred: 4
02/09/2024 15:43:10 - DEBUG - __main__ -   label: 4
02/09/2024 15:43:10 - DEBUG - __main__ -   pred: 4
02/09/2024 15:43:10 - DEBUG - __main__ -   label: 3
02/09/2024 15:43:10 - DEBUG - __main__ -   pred: 3
02/09/2024 15:43:10 - DEBUG - __main__ -   label: 4
02/09/2024 15:43:10 - DEBUG - __main__ -   pred: 4
02/09/2024 15:43:10 - DEBUG - __main__ -   label: 4
02/09/2024 15:43:10 - DEBUG - __main__ -   pred: 4
02/09/2024 15:43:10 - DEBUG - __main__ -   label: 3
02/09/2024 15:43:10 - DEBUG - __main__ -   pred: 2
02/09/2024 15:43:10 - DEBUG - __main__ -   label: 2
02/09/2024 15:43:10 - DEBUG - __main__ -   pred: 2
02/09/2024 15:43:10 - DEBUG - __main__ -   label: 3
02/09/2024 15:43:10 - DEBUG - __main__ -   pred: 4
02/09/2024 15:43:10 - DEBUG - __main__ -   label: 3
02/09/2024 15:43:10 - DEBUG - __main__ -   pred: 3
02/09/2024 15:43:10 - DEBUG - __main__ -   label: 2
02/09/2024 15:43:10 - DEBUG - __main__ -   pred: 2
02/09/2024 15:43:10 - DEBUG - __main__ -   label: 1
02/09/2024 15:43:10 - DEBUG - __main__ -   pred: 1
02/09/2024 15:43:10 - DEBUG - __main__ -   label: 3
02/09/2024 15:43:10 - DEBUG - __main__ -   pred: 3
02/09/2024 15:43:10 - DEBUG - __main__ -   label: 4
02/09/2024 15:43:10 - DEBUG - __main__ -   pred: 3
02/09/2024 15:43:10 - DEBUG - __main__ -   label: 3
02/09/2024 15:43:10 - DEBUG - __main__ -   pred: 3
02/09/2024 15:43:10 - DEBUG - __main__ -   label: 3
02/09/2024 15:43:10 - DEBUG - __main__ -   pred: 3
02/09/2024 15:43:10 - DEBUG - __main__ -   label: 3
02/09/2024 15:43:10 - DEBUG - __main__ -   pred: 3
02/09/2024 15:43:10 - DEBUG - __main__ -   label: 2
02/09/2024 15:43:10 - DEBUG - __main__ -   pred: 2
02/09/2024 15:43:10 - DEBUG - __main__ -   label: 3
02/09/2024 15:43:10 - DEBUG - __main__ -   pred: 3
02/09/2024 15:43:10 - DEBUG - __main__ -   label: 3
02/09/2024 15:43:10 - DEBUG - __main__ -   pred: 3
02/09/2024 15:43:10 - DEBUG - __main__ -   label: 2
02/09/2024 15:43:10 - DEBUG - __main__ -   pred: 1
02/09/2024 15:43:10 - DEBUG - __main__ -   label: 3
02/09/2024 15:43:10 - DEBUG - __main__ -   pred: 3
02/09/2024 15:43:10 - DEBUG - __main__ -   label: 3
02/09/2024 15:43:10 - DEBUG - __main__ -   pred: 3
02/09/2024 15:43:10 - DEBUG - __main__ -   label: 3
02/09/2024 15:43:10 - DEBUG - __main__ -   pred: 2
02/09/2024 15:43:10 - DEBUG - __main__ -   label: 2
02/09/2024 15:43:10 - DEBUG - __main__ -   pred: 3
02/09/2024 15:43:10 - DEBUG - __main__ -   label: 2
02/09/2024 15:43:10 - DEBUG - __main__ -   pred: 3
02/09/2024 15:43:10 - DEBUG - __main__ -   label: 3
02/09/2024 15:43:10 - DEBUG - __main__ -   pred: 3
02/09/2024 15:43:10 - DEBUG - __main__ -   label: 3
02/09/2024 15:43:10 - DEBUG - __main__ -   pred: 3
02/09/2024 15:43:10 - DEBUG - __main__ -   label: 2
02/09/2024 15:43:10 - DEBUG - __main__ -   pred: 1
02/09/2024 15:43:10 - DEBUG - __main__ -   label: 1
02/09/2024 15:43:10 - DEBUG - __main__ -   pred: 1
02/09/2024 15:43:10 - DEBUG - __main__ -   label: 2
02/09/2024 15:43:10 - DEBUG - __main__ -   pred: 2
02/09/2024 15:43:10 - DEBUG - __main__ -   label: 3
02/09/2024 15:43:10 - DEBUG - __main__ -   pred: 3
02/09/2024 15:43:10 - DEBUG - __main__ -   label: 2
02/09/2024 15:43:10 - DEBUG - __main__ -   pred: 3
02/09/2024 15:43:10 - DEBUG - __main__ -   label: 4
02/09/2024 15:43:10 - DEBUG - __main__ -   pred: 3
02/09/2024 15:43:10 - DEBUG - __main__ -   label: 1
02/09/2024 15:43:10 - DEBUG - __main__ -   pred: 2
02/09/2024 15:43:10 - DEBUG - __main__ -   label: 3
02/09/2024 15:43:10 - DEBUG - __main__ -   pred: 2
02/09/2024 15:43:10 - DEBUG - __main__ -   label: 2
02/09/2024 15:43:10 - DEBUG - __main__ -   pred: 2
02/09/2024 15:43:10 - DEBUG - __main__ -   label: 1
02/09/2024 15:43:10 - DEBUG - __main__ -   pred: 2
02/09/2024 15:43:10 - DEBUG - __main__ -   label: 1
02/09/2024 15:43:10 - DEBUG - __main__ -   pred: 2
02/09/2024 15:43:10 - DEBUG - __main__ -   label: 1
02/09/2024 15:43:10 - DEBUG - __main__ -   pred: 2
02/09/2024 15:43:10 - DEBUG - __main__ -   label: 3
02/09/2024 15:43:10 - DEBUG - __main__ -   pred: 2
02/09/2024 15:43:10 - DEBUG - __main__ -   label: 3
02/09/2024 15:43:10 - DEBUG - __main__ -   pred: 3
02/09/2024 15:43:10 - DEBUG - __main__ -   label: 2
02/09/2024 15:43:10 - DEBUG - __main__ -   pred: 2
02/09/2024 15:43:10 - DEBUG - __main__ -   label: 1
02/09/2024 15:43:10 - DEBUG - __main__ -   pred: 1
02/09/2024 15:43:10 - DEBUG - __main__ -   label: 2
02/09/2024 15:43:10 - DEBUG - __main__ -   pred: 2
02/09/2024 15:43:10 - DEBUG - __main__ -   label: 2
02/09/2024 15:43:10 - DEBUG - __main__ -   pred: 1
02/09/2024 15:43:10 - DEBUG - __main__ -   label: 2
02/09/2024 15:43:10 - DEBUG - __main__ -   pred: 2
02/09/2024 15:43:10 - DEBUG - __main__ -   label: 2
02/09/2024 15:43:10 - DEBUG - __main__ -   pred: 1
02/09/2024 15:43:10 - DEBUG - __main__ -   label: 1
02/09/2024 15:43:10 - DEBUG - __main__ -   pred: 1
02/09/2024 15:43:10 - DEBUG - __main__ -   label: 2
02/09/2024 15:43:10 - DEBUG - __main__ -   pred: 2
02/09/2024 15:43:10 - DEBUG - __main__ -   label: 2
02/09/2024 15:43:10 - DEBUG - __main__ -   pred: 2
02/09/2024 15:43:10 - DEBUG - __main__ -   label: 3
02/09/2024 15:43:10 - DEBUG - __main__ -   pred: 2
02/09/2024 15:43:10 - DEBUG - __main__ -   label: 1
02/09/2024 15:43:10 - DEBUG - __main__ -   pred: 2
02/09/2024 15:43:10 - DEBUG - __main__ -   label: 3
02/09/2024 15:43:10 - DEBUG - __main__ -   pred: 2
02/09/2024 15:43:10 - DEBUG - __main__ -   label: 2
02/09/2024 15:43:10 - DEBUG - __main__ -   pred: 2
02/09/2024 15:43:10 - DEBUG - __main__ -   label: 1
02/09/2024 15:43:10 - DEBUG - __main__ -   pred: 1
02/09/2024 15:43:10 - DEBUG - __main__ -   label: 1
02/09/2024 15:43:10 - DEBUG - __main__ -   pred: 1
02/09/2024 15:43:10 - DEBUG - __main__ -   label: 2
02/09/2024 15:43:10 - DEBUG - __main__ -   pred: 2
02/09/2024 15:43:10 - DEBUG - __main__ -   label: 3
02/09/2024 15:43:10 - DEBUG - __main__ -   pred: 2
02/09/2024 15:43:10 - DEBUG - __main__ -   label: 2
02/09/2024 15:43:10 - DEBUG - __main__ -   pred: 3
02/09/2024 15:43:10 - DEBUG - __main__ -   label: 1
02/09/2024 15:43:10 - DEBUG - __main__ -   pred: 2
02/09/2024 15:43:10 - DEBUG - __main__ -   label: 3
02/09/2024 15:43:10 - DEBUG - __main__ -   pred: 2
02/09/2024 15:43:10 - DEBUG - __main__ -   label: 3
02/09/2024 15:43:10 - DEBUG - __main__ -   pred: 2
02/09/2024 15:43:10 - DEBUG - __main__ -   label: 3
02/09/2024 15:43:10 - DEBUG - __main__ -   pred: 2
02/09/2024 15:43:10 - DEBUG - __main__ -   label: 3
02/09/2024 15:43:10 - DEBUG - __main__ -   pred: 2
02/09/2024 15:43:10 - DEBUG - __main__ -   label: 1
02/09/2024 15:43:10 - DEBUG - __main__ -   pred: 2
02/09/2024 15:43:10 - DEBUG - __main__ -   label: 0
02/09/2024 15:43:10 - DEBUG - __main__ -   pred: 1
02/09/2024 15:43:10 - DEBUG - __main__ -   label: 1
02/09/2024 15:43:10 - DEBUG - __main__ -   pred: 1
02/09/2024 15:43:10 - DEBUG - __main__ -   label: 2
02/09/2024 15:43:10 - DEBUG - __main__ -   pred: 2
02/09/2024 15:43:10 - DEBUG - __main__ -   label: 1
02/09/2024 15:43:10 - DEBUG - __main__ -   pred: 1
02/09/2024 15:43:10 - DEBUG - __main__ -   label: 0
02/09/2024 15:43:10 - DEBUG - __main__ -   pred: 1
02/09/2024 15:43:10 - DEBUG - __main__ -   label: 2
02/09/2024 15:43:10 - DEBUG - __main__ -   pred: 2
02/09/2024 15:43:10 - DEBUG - __main__ -   label: 1
02/09/2024 15:43:10 - DEBUG - __main__ -   pred: 1
02/09/2024 15:43:10 - DEBUG - __main__ -   label: 1
02/09/2024 15:43:10 - DEBUG - __main__ -   pred: 1
02/09/2024 15:43:10 - DEBUG - __main__ -   label: 2
02/09/2024 15:43:10 - DEBUG - __main__ -   pred: 2
02/09/2024 15:43:10 - DEBUG - __main__ -   label: 1
02/09/2024 15:43:10 - DEBUG - __main__ -   pred: 1
02/09/2024 15:43:10 - DEBUG - __main__ -   label: 3
02/09/2024 15:43:10 - DEBUG - __main__ -   pred: 2
02/09/2024 15:43:10 - DEBUG - __main__ -   label: 2
02/09/2024 15:43:10 - DEBUG - __main__ -   pred: 1
02/09/2024 15:43:10 - DEBUG - __main__ -   label: 1
02/09/2024 15:43:10 - DEBUG - __main__ -   pred: 1
02/09/2024 15:43:10 - DEBUG - __main__ -   label: 2
02/09/2024 15:43:10 - DEBUG - __main__ -   pred: 1
02/09/2024 15:43:10 - DEBUG - __main__ -   label: 2
02/09/2024 15:43:10 - DEBUG - __main__ -   pred: 3
02/09/2024 15:43:10 - DEBUG - __main__ -   label: 2
02/09/2024 15:43:10 - DEBUG - __main__ -   pred: 2
02/09/2024 15:43:10 - DEBUG - __main__ -   label: 1
02/09/2024 15:43:10 - DEBUG - __main__ -   pred: 2
02/09/2024 15:43:10 - DEBUG - __main__ -   label: 2
02/09/2024 15:43:10 - DEBUG - __main__ -   pred: 3
02/09/2024 15:43:10 - DEBUG - __main__ -   label: 2
02/09/2024 15:43:10 - DEBUG - __main__ -   pred: 2
02/09/2024 15:43:10 - DEBUG - __main__ -   label: 1
02/09/2024 15:43:10 - DEBUG - __main__ -   pred: 3
02/09/2024 15:43:10 - DEBUG - __main__ -   label: 3
02/09/2024 15:43:10 - DEBUG - __main__ -   pred: 2
02/09/2024 15:43:10 - DEBUG - __main__ -   label: 3
02/09/2024 15:43:10 - DEBUG - __main__ -   pred: 3
02/09/2024 15:43:10 - DEBUG - __main__ -   label: 2
02/09/2024 15:43:10 - DEBUG - __main__ -   pred: 3
02/09/2024 15:43:10 - DEBUG - __main__ -   label: 3
02/09/2024 15:43:10 - DEBUG - __main__ -   pred: 2
02/09/2024 15:43:10 - DEBUG - __main__ -   label: 3
02/09/2024 15:43:10 - DEBUG - __main__ -   pred: 3
02/09/2024 15:43:10 - DEBUG - __main__ -   label: 2
02/09/2024 15:43:10 - DEBUG - __main__ -   pred: 1
02/09/2024 15:43:10 - DEBUG - __main__ -   label: 2
02/09/2024 15:43:10 - DEBUG - __main__ -   pred: 2
02/09/2024 15:43:10 - DEBUG - __main__ -   label: 4
02/09/2024 15:43:10 - DEBUG - __main__ -   pred: 3
02/09/2024 15:43:10 - DEBUG - __main__ -   label: 2
02/09/2024 15:43:10 - DEBUG - __main__ -   pred: 2
02/09/2024 15:43:10 - DEBUG - __main__ -   label: 1
02/09/2024 15:43:10 - DEBUG - __main__ -   pred: 1
02/09/2024 15:43:10 - DEBUG - __main__ -   label: 2
02/09/2024 15:43:10 - DEBUG - __main__ -   pred: 2
02/09/2024 15:43:10 - DEBUG - __main__ -   label: 3
02/09/2024 15:43:10 - DEBUG - __main__ -   pred: 2
02/09/2024 15:43:10 - DEBUG - __main__ -   label: 2
02/09/2024 15:43:10 - DEBUG - __main__ -   pred: 2
02/09/2024 15:43:10 - DEBUG - __main__ -   label: 3
02/09/2024 15:43:10 - DEBUG - __main__ -   pred: 2
02/09/2024 15:43:10 - DEBUG - __main__ -   label: 3
02/09/2024 15:43:10 - DEBUG - __main__ -   pred: 1
02/09/2024 15:43:10 - DEBUG - __main__ -   label: 2
02/09/2024 15:43:10 - DEBUG - __main__ -   pred: 2
02/09/2024 15:43:10 - DEBUG - __main__ -   label: 2
02/09/2024 15:43:10 - DEBUG - __main__ -   pred: 2
02/09/2024 15:43:10 - DEBUG - __main__ -   label: 1
02/09/2024 15:43:10 - DEBUG - __main__ -   pred: 2
02/09/2024 15:43:10 - DEBUG - __main__ -   label: 1
02/09/2024 15:43:10 - DEBUG - __main__ -   pred: 1
02/09/2024 15:43:10 - DEBUG - __main__ -   label: 3
02/09/2024 15:43:10 - DEBUG - __main__ -   pred: 2
02/09/2024 15:43:10 - DEBUG - __main__ -   label: 1
02/09/2024 15:43:10 - DEBUG - __main__ -   pred: 1
02/09/2024 15:43:10 - DEBUG - __main__ -   label: 3
02/09/2024 15:43:10 - DEBUG - __main__ -   pred: 4
02/09/2024 15:43:10 - DEBUG - __main__ -   label: 4
02/09/2024 15:43:10 - DEBUG - __main__ -   pred: 4
02/09/2024 15:43:10 - DEBUG - __main__ -   label: 2
02/09/2024 15:43:10 - DEBUG - __main__ -   pred: 4
02/09/2024 15:43:10 - DEBUG - __main__ -   label: 2
02/09/2024 15:43:10 - DEBUG - __main__ -   pred: 2
02/09/2024 15:43:10 - DEBUG - __main__ -   label: 2
02/09/2024 15:43:10 - DEBUG - __main__ -   pred: 2
02/09/2024 15:43:10 - DEBUG - __main__ -   label: 2
02/09/2024 15:43:10 - DEBUG - __main__ -   pred: 2
02/09/2024 15:43:10 - DEBUG - __main__ -   label: 1
02/09/2024 15:43:10 - DEBUG - __main__ -   pred: 2
02/09/2024 15:43:10 - DEBUG - __main__ -   label: 2
02/09/2024 15:43:10 - DEBUG - __main__ -   pred: 2
02/09/2024 15:43:10 - DEBUG - __main__ -   label: 1
02/09/2024 15:43:10 - DEBUG - __main__ -   pred: 2
02/09/2024 15:43:10 - DEBUG - __main__ -   label: 3
02/09/2024 15:43:10 - DEBUG - __main__ -   pred: 2
02/09/2024 15:43:10 - DEBUG - __main__ -   label: 2
02/09/2024 15:43:10 - DEBUG - __main__ -   pred: 2
02/09/2024 15:43:10 - DEBUG - __main__ -   label: 3
02/09/2024 15:43:10 - DEBUG - __main__ -   pred: 3
02/09/2024 15:43:10 - DEBUG - __main__ -   label: 2
02/09/2024 15:43:10 - DEBUG - __main__ -   pred: 2
02/09/2024 15:43:10 - DEBUG - __main__ -   label: 2
02/09/2024 15:43:10 - DEBUG - __main__ -   pred: 2
02/09/2024 15:43:10 - DEBUG - __main__ -   label: 2
02/09/2024 15:43:10 - DEBUG - __main__ -   pred: 2
02/09/2024 15:43:10 - DEBUG - __main__ -   label: 3
02/09/2024 15:43:10 - DEBUG - __main__ -   pred: 2
02/09/2024 15:43:10 - DEBUG - __main__ -   label: 1
02/09/2024 15:43:10 - DEBUG - __main__ -   pred: 2
02/09/2024 15:43:10 - DEBUG - __main__ -   label: 0
02/09/2024 15:43:10 - DEBUG - __main__ -   pred: 1
02/09/2024 15:43:10 - DEBUG - __main__ -   label: 2
02/09/2024 15:43:10 - DEBUG - __main__ -   pred: 2
02/09/2024 15:43:10 - DEBUG - __main__ -   label: 1
02/09/2024 15:43:10 - DEBUG - __main__ -   pred: 1
02/09/2024 15:43:10 - DEBUG - __main__ -   label: 2
02/09/2024 15:43:10 - DEBUG - __main__ -   pred: 2
02/09/2024 15:43:10 - DEBUG - __main__ -   label: 3
02/09/2024 15:43:10 - DEBUG - __main__ -   pred: 2
02/09/2024 15:43:10 - DEBUG - __main__ -   label: 2
02/09/2024 15:43:10 - DEBUG - __main__ -   pred: 2
02/09/2024 15:43:10 - DEBUG - __main__ -   label: 2
02/09/2024 15:43:10 - DEBUG - __main__ -   pred: 2
02/09/2024 15:43:10 - DEBUG - __main__ -   label: 2
02/09/2024 15:43:10 - DEBUG - __main__ -   pred: 3
02/09/2024 15:43:10 - DEBUG - __main__ -   label: 1
02/09/2024 15:43:10 - DEBUG - __main__ -   pred: 2
02/09/2024 15:43:10 - DEBUG - __main__ -   label: 2
02/09/2024 15:43:10 - DEBUG - __main__ -   pred: 2
02/09/2024 15:43:10 - DEBUG - __main__ -   label: 3
02/09/2024 15:43:10 - DEBUG - __main__ -   pred: 3
02/09/2024 15:43:10 - DEBUG - __main__ -   label: 2
02/09/2024 15:43:10 - DEBUG - __main__ -   pred: 1
02/09/2024 15:43:10 - DEBUG - __main__ -   label: 2
02/09/2024 15:43:10 - DEBUG - __main__ -   pred: 1
02/09/2024 15:43:10 - DEBUG - __main__ -   label: 1
02/09/2024 15:43:10 - DEBUG - __main__ -   pred: 1
02/09/2024 15:43:10 - DEBUG - __main__ -   label: 2
02/09/2024 15:43:10 - DEBUG - __main__ -   pred: 3
02/09/2024 15:43:10 - DEBUG - __main__ -   label: 2
02/09/2024 15:43:10 - DEBUG - __main__ -   pred: 3
02/09/2024 15:43:10 - DEBUG - __main__ -   label: 3
02/09/2024 15:43:10 - DEBUG - __main__ -   pred: 2
02/09/2024 15:43:10 - DEBUG - __main__ -   label: 3
02/09/2024 15:43:10 - DEBUG - __main__ -   pred: 2
02/09/2024 15:43:10 - DEBUG - __main__ -   label: 1
02/09/2024 15:43:10 - DEBUG - __main__ -   pred: 1
02/09/2024 15:43:10 - DEBUG - __main__ -   label: 2
02/09/2024 15:43:10 - DEBUG - __main__ -   pred: 3
02/09/2024 15:43:10 - DEBUG - __main__ -   label: 3
02/09/2024 15:43:10 - DEBUG - __main__ -   pred: 3
02/09/2024 15:43:10 - DEBUG - __main__ -   label: 1
02/09/2024 15:43:10 - DEBUG - __main__ -   pred: 1
02/09/2024 15:43:10 - DEBUG - __main__ -   label: 0
02/09/2024 15:43:10 - DEBUG - __main__ -   pred: 1
02/09/2024 15:43:10 - DEBUG - __main__ -   label: 3
02/09/2024 15:43:10 - DEBUG - __main__ -   pred: 3
02/09/2024 15:43:10 - DEBUG - __main__ -   label: 2
02/09/2024 15:43:10 - DEBUG - __main__ -   pred: 3
02/09/2024 15:43:10 - DEBUG - __main__ -   label: 3
02/09/2024 15:43:10 - DEBUG - __main__ -   pred: 3
02/09/2024 15:43:10 - DEBUG - __main__ -   label: 2
02/09/2024 15:43:10 - DEBUG - __main__ -   pred: 2
02/09/2024 15:43:10 - DEBUG - __main__ -   label: 1
02/09/2024 15:43:10 - DEBUG - __main__ -   pred: 1
02/09/2024 15:43:10 - DEBUG - __main__ -   label: 0
02/09/2024 15:43:10 - DEBUG - __main__ -   pred: 1
02/09/2024 15:43:10 - DEBUG - __main__ -   label: 2
02/09/2024 15:43:10 - DEBUG - __main__ -   pred: 1
02/09/2024 15:43:10 - DEBUG - __main__ -   label: 2
02/09/2024 15:43:10 - DEBUG - __main__ -   pred: 3
02/09/2024 15:43:10 - DEBUG - __main__ -   label: 1
02/09/2024 15:43:10 - DEBUG - __main__ -   pred: 1
02/09/2024 15:43:10 - DEBUG - __main__ -   label: 2
02/09/2024 15:43:10 - DEBUG - __main__ -   pred: 2
02/09/2024 15:43:10 - DEBUG - __main__ -   label: 3
02/09/2024 15:43:10 - DEBUG - __main__ -   pred: 2
02/09/2024 15:43:10 - DEBUG - __main__ -   label: 2
02/09/2024 15:43:10 - DEBUG - __main__ -   pred: 2
02/09/2024 15:43:10 - DEBUG - __main__ -   label: 2
02/09/2024 15:43:10 - DEBUG - __main__ -   pred: 2
02/09/2024 15:43:10 - DEBUG - __main__ -   label: 2
02/09/2024 15:43:10 - DEBUG - __main__ -   pred: 2
02/09/2024 15:43:10 - DEBUG - __main__ -   label: 3
02/09/2024 15:43:10 - DEBUG - __main__ -   pred: 2
02/09/2024 15:43:10 - DEBUG - __main__ -   label: 3
02/09/2024 15:43:10 - DEBUG - __main__ -   pred: 2
02/09/2024 15:43:10 - DEBUG - __main__ -   label: 1
02/09/2024 15:43:10 - DEBUG - __main__ -   pred: 2
02/09/2024 15:43:10 - DEBUG - __main__ -   label: 1
02/09/2024 15:43:10 - DEBUG - __main__ -   pred: 2
02/09/2024 15:43:10 - DEBUG - __main__ -   label: 0
02/09/2024 15:43:10 - DEBUG - __main__ -   pred: 1
02/09/2024 15:43:10 - DEBUG - __main__ -   label: 0
02/09/2024 15:43:10 - DEBUG - __main__ -   pred: 1
02/09/2024 15:43:10 - DEBUG - __main__ -   label: 0
02/09/2024 15:43:10 - DEBUG - __main__ -   pred: 1
02/09/2024 15:43:10 - DEBUG - __main__ -   label: 3
02/09/2024 15:43:10 - DEBUG - __main__ -   pred: 3
02/09/2024 15:43:10 - DEBUG - __main__ -   label: 1
02/09/2024 15:43:10 - DEBUG - __main__ -   pred: 1
02/09/2024 15:43:10 - DEBUG - __main__ -   label: 1
02/09/2024 15:43:10 - DEBUG - __main__ -   pred: 1
02/09/2024 15:43:10 - DEBUG - __main__ -   label: 0
02/09/2024 15:43:10 - DEBUG - __main__ -   pred: 2
02/09/2024 15:43:10 - DEBUG - __main__ -   label: 2
02/09/2024 15:43:10 - DEBUG - __main__ -   pred: 2
02/09/2024 15:43:10 - DEBUG - __main__ -   label: 1
02/09/2024 15:43:10 - DEBUG - __main__ -   pred: 1
02/09/2024 15:43:10 - DEBUG - __main__ -   label: 4
02/09/2024 15:43:10 - DEBUG - __main__ -   pred: 3
02/09/2024 15:43:10 - DEBUG - __main__ -   label: 1
02/09/2024 15:43:10 - DEBUG - __main__ -   pred: 2
02/09/2024 15:43:10 - DEBUG - __main__ -   label: 2
02/09/2024 15:43:10 - DEBUG - __main__ -   pred: 2
02/09/2024 15:43:10 - DEBUG - __main__ -   label: 2
02/09/2024 15:43:10 - DEBUG - __main__ -   pred: 2
02/09/2024 15:43:10 - DEBUG - __main__ -   label: 2
02/09/2024 15:43:10 - DEBUG - __main__ -   pred: 2
02/09/2024 15:43:10 - DEBUG - __main__ -   label: 2
02/09/2024 15:43:10 - DEBUG - __main__ -   pred: 2
02/09/2024 15:43:10 - DEBUG - __main__ -   label: 1
02/09/2024 15:43:10 - DEBUG - __main__ -   pred: 2
02/09/2024 15:43:10 - DEBUG - __main__ -   label: 2
02/09/2024 15:43:10 - DEBUG - __main__ -   pred: 2
02/09/2024 15:43:10 - DEBUG - __main__ -   label: 2
02/09/2024 15:43:10 - DEBUG - __main__ -   pred: 2
02/09/2024 15:43:10 - DEBUG - __main__ -   label: 2
02/09/2024 15:43:10 - DEBUG - __main__ -   pred: 3
02/09/2024 15:43:10 - DEBUG - __main__ -   label: 1
02/09/2024 15:43:10 - DEBUG - __main__ -   pred: 2
02/09/2024 15:43:10 - DEBUG - __main__ -   label: 1
02/09/2024 15:43:10 - DEBUG - __main__ -   pred: 1
02/09/2024 15:43:10 - DEBUG - __main__ -   label: 2
02/09/2024 15:43:10 - DEBUG - __main__ -   pred: 1
02/09/2024 15:43:10 - DEBUG - __main__ -   label: 2
02/09/2024 15:43:10 - DEBUG - __main__ -   pred: 2
02/09/2024 15:43:10 - DEBUG - __main__ -   label: 2
02/09/2024 15:43:10 - DEBUG - __main__ -   pred: 2
02/09/2024 15:43:10 - DEBUG - __main__ -   label: 1
02/09/2024 15:43:10 - DEBUG - __main__ -   pred: 2
02/09/2024 15:43:10 - DEBUG - __main__ -   label: 2
02/09/2024 15:43:10 - DEBUG - __main__ -   pred: 2
02/09/2024 15:43:10 - DEBUG - __main__ -   label: 2
02/09/2024 15:43:10 - DEBUG - __main__ -   pred: 1
02/09/2024 15:43:10 - DEBUG - __main__ -   label: 2
02/09/2024 15:43:10 - DEBUG - __main__ -   pred: 2
02/09/2024 15:43:10 - DEBUG - __main__ -   label: 2
02/09/2024 15:43:10 - DEBUG - __main__ -   pred: 3
02/09/2024 15:43:10 - DEBUG - __main__ -   label: 2
02/09/2024 15:43:10 - DEBUG - __main__ -   pred: 2
02/09/2024 15:43:10 - DEBUG - __main__ -   label: 2
02/09/2024 15:43:10 - DEBUG - __main__ -   pred: 1
02/09/2024 15:43:10 - DEBUG - __main__ -   label: 2
02/09/2024 15:43:10 - DEBUG - __main__ -   pred: 2
02/09/2024 15:43:10 - DEBUG - __main__ -   label: 1
02/09/2024 15:43:10 - DEBUG - __main__ -   pred: 1
02/09/2024 15:43:10 - DEBUG - __main__ -   label: 1
02/09/2024 15:43:10 - DEBUG - __main__ -   pred: 1
02/09/2024 15:43:10 - DEBUG - __main__ -   label: 2
02/09/2024 15:43:10 - DEBUG - __main__ -   pred: 2
02/09/2024 15:43:10 - DEBUG - __main__ -   label: 1
02/09/2024 15:43:10 - DEBUG - __main__ -   pred: 1
02/09/2024 15:43:10 - DEBUG - __main__ -   label: 2
02/09/2024 15:43:10 - DEBUG - __main__ -   pred: 2
02/09/2024 15:43:10 - DEBUG - __main__ -   label: 2
02/09/2024 15:43:10 - DEBUG - __main__ -   pred: 1
02/09/2024 15:43:10 - DEBUG - __main__ -   label: 2
02/09/2024 15:43:10 - DEBUG - __main__ -   pred: 3
02/09/2024 15:43:10 - DEBUG - __main__ -   label: 2
02/09/2024 15:43:10 - DEBUG - __main__ -   pred: 2
02/09/2024 15:43:10 - DEBUG - __main__ -   label: 2
02/09/2024 15:43:10 - DEBUG - __main__ -   pred: 3
02/09/2024 15:43:10 - DEBUG - __main__ -   label: 1
02/09/2024 15:43:10 - DEBUG - __main__ -   pred: 2
02/09/2024 15:43:10 - DEBUG - __main__ -   label: 3
02/09/2024 15:43:10 - DEBUG - __main__ -   pred: 2
02/09/2024 15:43:10 - DEBUG - __main__ -   label: 2
02/09/2024 15:43:10 - DEBUG - __main__ -   pred: 3
02/09/2024 15:43:10 - DEBUG - __main__ -   label: 2
02/09/2024 15:43:10 - DEBUG - __main__ -   pred: 2
02/09/2024 15:43:10 - DEBUG - __main__ -   label: 3
02/09/2024 15:43:10 - DEBUG - __main__ -   pred: 3
02/09/2024 15:43:10 - DEBUG - __main__ -   label: 2
02/09/2024 15:43:10 - DEBUG - __main__ -   pred: 2
02/09/2024 15:43:10 - DEBUG - __main__ -   label: 2
02/09/2024 15:43:10 - DEBUG - __main__ -   pred: 3
02/09/2024 15:43:10 - DEBUG - __main__ -   label: 3
02/09/2024 15:43:10 - DEBUG - __main__ -   pred: 2
02/09/2024 15:43:10 - DEBUG - __main__ -   label: 2
02/09/2024 15:43:10 - DEBUG - __main__ -   pred: 2
02/09/2024 15:43:10 - DEBUG - __main__ -   label: 3
02/09/2024 15:43:10 - DEBUG - __main__ -   pred: 2
02/09/2024 15:43:10 - DEBUG - __main__ -   label: 1
02/09/2024 15:43:10 - DEBUG - __main__ -   pred: 2
02/09/2024 15:43:10 - DEBUG - __main__ -   label: 2
02/09/2024 15:43:10 - DEBUG - __main__ -   pred: 1
02/09/2024 15:43:10 - DEBUG - __main__ -   label: 3
02/09/2024 15:43:10 - DEBUG - __main__ -   pred: 2
02/09/2024 15:43:10 - DEBUG - __main__ -   label: 1
02/09/2024 15:43:10 - DEBUG - __main__ -   pred: 1
02/09/2024 15:43:10 - DEBUG - __main__ -   label: 2
02/09/2024 15:43:10 - DEBUG - __main__ -   pred: 1
02/09/2024 15:43:10 - DEBUG - __main__ -   label: 3
02/09/2024 15:43:10 - DEBUG - __main__ -   pred: 2
02/09/2024 15:43:10 - DEBUG - __main__ -   label: 2
02/09/2024 15:43:10 - DEBUG - __main__ -   pred: 1
02/09/2024 15:43:10 - DEBUG - __main__ -   label: 2
02/09/2024 15:43:10 - DEBUG - __main__ -   pred: 1
02/09/2024 15:43:10 - DEBUG - __main__ -   label: 2
02/09/2024 15:43:10 - DEBUG - __main__ -   pred: 2
02/09/2024 15:43:10 - DEBUG - __main__ -   label: 1
02/09/2024 15:43:10 - DEBUG - __main__ -   pred: 2
02/09/2024 15:43:10 - DEBUG - __main__ -   label: 4
02/09/2024 15:43:10 - DEBUG - __main__ -   pred: 2
02/09/2024 15:43:10 - DEBUG - __main__ -   label: 3
02/09/2024 15:43:10 - DEBUG - __main__ -   pred: 1
02/09/2024 15:43:10 - DEBUG - __main__ -   label: 2
02/09/2024 15:43:10 - DEBUG - __main__ -   pred: 2
02/09/2024 15:43:10 - DEBUG - __main__ -   label: 3
02/09/2024 15:43:10 - DEBUG - __main__ -   pred: 2
02/09/2024 15:43:10 - DEBUG - __main__ -   label: 3
02/09/2024 15:43:10 - DEBUG - __main__ -   pred: 3
02/09/2024 15:43:10 - DEBUG - __main__ -   label: 2
02/09/2024 15:43:10 - DEBUG - __main__ -   pred: 1
02/09/2024 15:43:10 - DEBUG - __main__ -   label: 1
02/09/2024 15:43:10 - DEBUG - __main__ -   pred: 1
02/09/2024 15:43:10 - DEBUG - __main__ -   label: 1
02/09/2024 15:43:10 - DEBUG - __main__ -   pred: 1
02/09/2024 15:43:10 - DEBUG - __main__ -   label: 1
02/09/2024 15:43:10 - DEBUG - __main__ -   pred: 2
02/09/2024 15:43:10 - DEBUG - __main__ -   label: 1
02/09/2024 15:43:10 - DEBUG - __main__ -   pred: 1
02/09/2024 15:43:10 - DEBUG - __main__ -   label: 2
02/09/2024 15:43:10 - DEBUG - __main__ -   pred: 1
02/09/2024 15:43:10 - DEBUG - __main__ -   label: 3
02/09/2024 15:43:10 - DEBUG - __main__ -   pred: 2
02/09/2024 15:43:10 - DEBUG - __main__ -   label: 2
02/09/2024 15:43:10 - DEBUG - __main__ -   pred: 1
02/09/2024 15:43:10 - DEBUG - __main__ -   label: 2
02/09/2024 15:43:10 - DEBUG - __main__ -   pred: 2
