******** Training fold 1 ********
11/17/2023 17:10:30 - DEBUG - urllib3.connectionpool -   Starting new HTTPS connection (1): huggingface.co:443
11/17/2023 17:10:30 - DEBUG - urllib3.connectionpool -   https://huggingface.co:443 "HEAD /KBLab/wav2vec2-large-voxrex-swedish/resolve/main/preprocessor_config.json HTTP/1.1" 200 0
11/17/2023 17:10:30 - DEBUG - filelock -   Attempting to acquire lock 47609517876624 on cache/models--KBLab--wav2vec2-large-voxrex-swedish/blobs/36ebe8b7c1cc967b3059f0494ae8a1069dd67655.lock
11/17/2023 17:10:30 - DEBUG - filelock -   Lock 47609517876624 acquired on cache/models--KBLab--wav2vec2-large-voxrex-swedish/blobs/36ebe8b7c1cc967b3059f0494ae8a1069dd67655.lock
11/17/2023 17:10:31 - DEBUG - urllib3.connectionpool -   https://huggingface.co:443 "GET /KBLab/wav2vec2-large-voxrex-swedish/resolve/main/preprocessor_config.json HTTP/1.1" 200 212
11/17/2023 17:10:31 - DEBUG - filelock -   Attempting to release lock 47609517876624 on cache/models--KBLab--wav2vec2-large-voxrex-swedish/blobs/36ebe8b7c1cc967b3059f0494ae8a1069dd67655.lock
11/17/2023 17:10:31 - DEBUG - filelock -   Lock 47609517876624 released on cache/models--KBLab--wav2vec2-large-voxrex-swedish/blobs/36ebe8b7c1cc967b3059f0494ae8a1069dd67655.lock
11/17/2023 17:10:31 - DEBUG - urllib3.connectionpool -   https://huggingface.co:443 "HEAD /KBLab/wav2vec2-large-voxrex-swedish/resolve/main/tokenizer_config.json HTTP/1.1" 200 0
11/17/2023 17:10:31 - DEBUG - filelock -   Attempting to acquire lock 47609535458768 on cache/models--KBLab--wav2vec2-large-voxrex-swedish/blobs/92169da5ef839418d20bd11deb1e1db05e74bf35.lock
11/17/2023 17:10:31 - DEBUG - filelock -   Lock 47609535458768 acquired on cache/models--KBLab--wav2vec2-large-voxrex-swedish/blobs/92169da5ef839418d20bd11deb1e1db05e74bf35.lock
11/17/2023 17:10:31 - DEBUG - urllib3.connectionpool -   https://huggingface.co:443 "GET /KBLab/wav2vec2-large-voxrex-swedish/resolve/main/tokenizer_config.json HTTP/1.1" 200 211
11/17/2023 17:10:31 - DEBUG - filelock -   Attempting to release lock 47609535458768 on cache/models--KBLab--wav2vec2-large-voxrex-swedish/blobs/92169da5ef839418d20bd11deb1e1db05e74bf35.lock
11/17/2023 17:10:31 - DEBUG - filelock -   Lock 47609535458768 released on cache/models--KBLab--wav2vec2-large-voxrex-swedish/blobs/92169da5ef839418d20bd11deb1e1db05e74bf35.lock
11/17/2023 17:10:31 - DEBUG - urllib3.connectionpool -   https://huggingface.co:443 "HEAD /KBLab/wav2vec2-large-voxrex-swedish/resolve/main/vocab.json HTTP/1.1" 200 0
11/17/2023 17:10:31 - DEBUG - filelock -   Attempting to acquire lock 47609544291280 on cache/models--KBLab--wav2vec2-large-voxrex-swedish/blobs/6c477f44f1c66dbdea44c2e0781ba0aeb4fa53f6.lock
11/17/2023 17:10:31 - DEBUG - filelock -   Lock 47609544291280 acquired on cache/models--KBLab--wav2vec2-large-voxrex-swedish/blobs/6c477f44f1c66dbdea44c2e0781ba0aeb4fa53f6.lock
11/17/2023 17:10:31 - DEBUG - urllib3.connectionpool -   https://huggingface.co:443 "GET /KBLab/wav2vec2-large-voxrex-swedish/resolve/main/vocab.json HTTP/1.1" 200 421
11/17/2023 17:10:31 - DEBUG - filelock -   Attempting to release lock 47609544291280 on cache/models--KBLab--wav2vec2-large-voxrex-swedish/blobs/6c477f44f1c66dbdea44c2e0781ba0aeb4fa53f6.lock
11/17/2023 17:10:31 - DEBUG - filelock -   Lock 47609544291280 released on cache/models--KBLab--wav2vec2-large-voxrex-swedish/blobs/6c477f44f1c66dbdea44c2e0781ba0aeb4fa53f6.lock
11/17/2023 17:10:31 - DEBUG - urllib3.connectionpool -   https://huggingface.co:443 "HEAD /KBLab/wav2vec2-large-voxrex-swedish/resolve/main/added_tokens.json HTTP/1.1" 404 0
11/17/2023 17:10:31 - DEBUG - urllib3.connectionpool -   https://huggingface.co:443 "HEAD /KBLab/wav2vec2-large-voxrex-swedish/resolve/main/special_tokens_map.json HTTP/1.1" 200 0
11/17/2023 17:10:31 - DEBUG - filelock -   Attempting to acquire lock 47609535458768 on cache/models--KBLab--wav2vec2-large-voxrex-swedish/blobs/25bc39604f72700b3b8e10bd69bb2f227157edd1.lock
11/17/2023 17:10:31 - DEBUG - filelock -   Lock 47609535458768 acquired on cache/models--KBLab--wav2vec2-large-voxrex-swedish/blobs/25bc39604f72700b3b8e10bd69bb2f227157edd1.lock
11/17/2023 17:10:32 - DEBUG - urllib3.connectionpool -   https://huggingface.co:443 "GET /KBLab/wav2vec2-large-voxrex-swedish/resolve/main/special_tokens_map.json HTTP/1.1" 200 85
11/17/2023 17:10:32 - DEBUG - filelock -   Attempting to release lock 47609535458768 on cache/models--KBLab--wav2vec2-large-voxrex-swedish/blobs/25bc39604f72700b3b8e10bd69bb2f227157edd1.lock
11/17/2023 17:10:32 - DEBUG - filelock -   Lock 47609535458768 released on cache/models--KBLab--wav2vec2-large-voxrex-swedish/blobs/25bc39604f72700b3b8e10bd69bb2f227157edd1.lock
11/17/2023 17:10:32 - DEBUG - __main__ -   Processor loaded. CPU mem usage: 0.39G.  Cuda 0: memory acclocated: 0 G.
11/17/2023 17:10:40 - DEBUG - __main__ -   Model loaded. CPU mem usage: 1.99G.  Cuda 0: memory acclocated: 0 G.
Wav2Vec2ForSequenceClassification(
  (wav2vec2): Wav2Vec2Model(
    (feature_extractor): Wav2Vec2FeatureEncoder(
      (conv_layers): ModuleList(
        (0): Wav2Vec2LayerNormConvLayer(
          (conv): Conv1d(1, 512, kernel_size=(10,), stride=(5,))
          (layer_norm): LayerNorm((512,), eps=1e-05, elementwise_affine=True)
          (activation): GELUActivation()
        )
        (1-4): 4 x Wav2Vec2LayerNormConvLayer(
          (conv): Conv1d(512, 512, kernel_size=(3,), stride=(2,))
          (layer_norm): LayerNorm((512,), eps=1e-05, elementwise_affine=True)
          (activation): GELUActivation()
        )
        (5-6): 2 x Wav2Vec2LayerNormConvLayer(
          (conv): Conv1d(512, 512, kernel_size=(2,), stride=(2,))
          (layer_norm): LayerNorm((512,), eps=1e-05, elementwise_affine=True)
          (activation): GELUActivation()
        )
      )
    )
    (feature_projection): Wav2Vec2FeatureProjection(
      (layer_norm): LayerNorm((512,), eps=1e-05, elementwise_affine=True)
      (projection): Linear(in_features=512, out_features=1024, bias=True)
      (dropout): Dropout(p=0.05, inplace=False)
    )
    (encoder): Wav2Vec2EncoderStableLayerNorm(
      (pos_conv_embed): Wav2Vec2PositionalConvEmbedding(
        (conv): Conv1d(1024, 1024, kernel_size=(128,), stride=(1,), padding=(64,), groups=16)
        (padding): Wav2Vec2SamePadLayer()
        (activation): GELUActivation()
      )
      (layer_norm): LayerNorm((1024,), eps=1e-05, elementwise_affine=True)
      (dropout): Dropout(p=0.05, inplace=False)
      (layers): ModuleList(
        (0-23): 24 x Wav2Vec2EncoderLayerStableLayerNorm(
          (attention): Wav2Vec2Attention(
            (k_proj): Linear(in_features=1024, out_features=1024, bias=True)
            (v_proj): Linear(in_features=1024, out_features=1024, bias=True)
            (q_proj): Linear(in_features=1024, out_features=1024, bias=True)
            (out_proj): Linear(in_features=1024, out_features=1024, bias=True)
          )
          (dropout): Dropout(p=0.05, inplace=False)
          (layer_norm): LayerNorm((1024,), eps=1e-05, elementwise_affine=True)
          (feed_forward): Wav2Vec2FeedForward(
            (intermediate_dropout): Dropout(p=0.05, inplace=False)
            (intermediate_dense): Linear(in_features=1024, out_features=4096, bias=True)
            (intermediate_act_fn): GELUActivation()
            (output_dense): Linear(in_features=4096, out_features=1024, bias=True)
            (output_dropout): Dropout(p=0.05, inplace=False)
          )
          (final_layer_norm): LayerNorm((1024,), eps=1e-05, elementwise_affine=True)
        )
      )
    )
  )
  (projector): Linear(in_features=1024, out_features=256, bias=True)
  (classifier): Linear(in_features=256, out_features=6, bias=True)
)
11/17/2023 17:11:00 - DEBUG - __main__ -   Speech loaded. N_train=1172, N_eval=370. CPU mem usage: 3.31G.  Cuda 0: memory acclocated: 0 G.
11/17/2023 17:11:13 - DEBUG - __main__ -   Feature extracted. Duration: 0:00:13 CPU mem usage: 4.51G.  Cuda 0: memory acclocated: 0 G.
11/17/2023 17:11:13 - DEBUG - urllib3.connectionpool -   Starting new HTTPS connection (1): s3.amazonaws.com:443
11/17/2023 17:11:14 - DEBUG - urllib3.connectionpool -   https://s3.amazonaws.com:443 "HEAD /datasets.huggingface.co/datasets/metrics/evaluate-metric/precision/evaluate-metric/precision.py HTTP/1.1" 404 0
11/17/2023 17:11:14 - DEBUG - urllib3.connectionpool -   Starting new HTTPS connection (1): huggingface.co:443
11/17/2023 17:11:14 - DEBUG - urllib3.connectionpool -   https://huggingface.co:443 "HEAD /spaces/evaluate-metric/precision/resolve/v0.4.0/precision.py HTTP/1.1" 200 0
11/17/2023 17:11:14 - DEBUG - urllib3.connectionpool -   Starting new HTTPS connection (1): s3.amazonaws.com:443
11/17/2023 17:11:15 - DEBUG - urllib3.connectionpool -   https://s3.amazonaws.com:443 "HEAD /datasets.huggingface.co/datasets/metrics/evaluate-metric/recall/evaluate-metric/recall.py HTTP/1.1" 404 0
11/17/2023 17:11:15 - DEBUG - urllib3.connectionpool -   Starting new HTTPS connection (1): huggingface.co:443
11/17/2023 17:11:15 - DEBUG - urllib3.connectionpool -   https://huggingface.co:443 "HEAD /spaces/evaluate-metric/recall/resolve/v0.4.0/recall.py HTTP/1.1" 200 0
11/17/2023 17:11:15 - DEBUG - urllib3.connectionpool -   Starting new HTTPS connection (1): s3.amazonaws.com:443
11/17/2023 17:11:15 - DEBUG - urllib3.connectionpool -   https://s3.amazonaws.com:443 "HEAD /datasets.huggingface.co/datasets/metrics/evaluate-metric/f1/evaluate-metric/f1.py HTTP/1.1" 404 0
11/17/2023 17:11:15 - DEBUG - urllib3.connectionpool -   Starting new HTTPS connection (1): huggingface.co:443
11/17/2023 17:11:15 - DEBUG - urllib3.connectionpool -   https://huggingface.co:443 "HEAD /spaces/evaluate-metric/f1/resolve/v0.4.0/f1.py HTTP/1.1" 200 0
11/17/2023 17:11:15 - DEBUG - urllib3.connectionpool -   Starting new HTTPS connection (1): s3.amazonaws.com:443
11/17/2023 17:11:16 - DEBUG - urllib3.connectionpool -   https://s3.amazonaws.com:443 "HEAD /datasets.huggingface.co/datasets/metrics/evaluate-metric/spearmanr/evaluate-metric/spearmanr.py HTTP/1.1" 404 0
11/17/2023 17:11:16 - DEBUG - urllib3.connectionpool -   Starting new HTTPS connection (1): huggingface.co:443
11/17/2023 17:11:16 - DEBUG - urllib3.connectionpool -   https://huggingface.co:443 "HEAD /spaces/evaluate-metric/spearmanr/resolve/v0.4.0/spearmanr.py HTTP/1.1" 200 0
11/17/2023 17:11:19 - DEBUG - __main__ -   Training starts now. CPU mem usage: 4.37G.  Cuda 0: memory acclocated: 2 G.
11/17/2023 17:11:19 - DEBUG - helper.classes -   ----------- Starting epoch 1 -----------
{'loss': 1.5636, 'learning_rate': 2.559726962457338e-05, 'epoch': 0.85}
11/17/2023 17:17:16 - DEBUG - helper.classes -   Epoch 1.0 completed, Duration: 0:05:56 Mem usage: CPU mem usage: 5.14G.  Cuda 0: memory acclocated: 7 G.
11/17/2023 17:17:47 - DEBUG - fsspec.local -   open file: /home/lunt1/.cache/huggingface/metrics/precision/default/default_experiment-1-0.arrow
11/17/2023 17:17:47 - DEBUG - fsspec.local -   open file: /home/lunt1/.cache/huggingface/metrics/recall/default/default_experiment-1-0.arrow
11/17/2023 17:17:47 - DEBUG - fsspec.local -   open file: /home/lunt1/.cache/huggingface/metrics/f1/default/default_experiment-1-0.arrow
11/17/2023 17:17:47 - DEBUG - fsspec.local -   open file: /home/lunt1/.cache/huggingface/metrics/spearmanr/default/default_experiment-1-0.arrow
11/17/2023 17:17:47 - DEBUG - fsspec.local -   open file: /home/lunt1/.cache/huggingface/metrics/precision/default/default_experiment-1-0.arrow
11/17/2023 17:17:47 - DEBUG - fsspec.local -   open file: /home/lunt1/.cache/huggingface/metrics/recall/default/default_experiment-1-0.arrow
11/17/2023 17:17:47 - DEBUG - fsspec.local -   open file: /home/lunt1/.cache/huggingface/metrics/f1/default/default_experiment-1-0.arrow
{'eval_loss': 1.3084681034088135, 'eval_precision': 0.07612612612612613, 'eval_recall': 0.16666666666666666, 'eval_f1': 0.10451453308596166, 'eval_spearmanr': nan, 'eval_precision_weighted': 0.20862673484295105, 'eval_recall_weighted': 0.45675675675675675, 'eval_f1_weighted': 0.28642631499774357, 'eval_runtime': 31.1946, 'eval_samples_per_second': 11.861, 'eval_steps_per_second': 5.931, 'epoch': 1.0}
11/17/2023 17:17:53 - DEBUG - helper.classes -   ----------- Starting epoch 2.0 -----------
{'loss': 1.2208, 'learning_rate': 2.7645051194539253e-05, 'epoch': 1.71}
11/17/2023 17:23:45 - DEBUG - helper.classes -   Epoch 2.0 completed, Duration: 0:05:52 Mem usage: CPU mem usage: 5.17G.  Cuda 0: memory acclocated: 9 G.
11/17/2023 17:24:16 - DEBUG - fsspec.local -   open file: /home/lunt1/.cache/huggingface/metrics/precision/default/default_experiment-1-0.arrow
11/17/2023 17:24:16 - DEBUG - fsspec.local -   open file: /home/lunt1/.cache/huggingface/metrics/recall/default/default_experiment-1-0.arrow
11/17/2023 17:24:16 - DEBUG - fsspec.local -   open file: /home/lunt1/.cache/huggingface/metrics/f1/default/default_experiment-1-0.arrow
11/17/2023 17:24:17 - DEBUG - fsspec.local -   open file: /home/lunt1/.cache/huggingface/metrics/spearmanr/default/default_experiment-1-0.arrow
11/17/2023 17:24:17 - DEBUG - fsspec.local -   open file: /home/lunt1/.cache/huggingface/metrics/precision/default/default_experiment-1-0.arrow
11/17/2023 17:24:17 - DEBUG - fsspec.local -   open file: /home/lunt1/.cache/huggingface/metrics/recall/default/default_experiment-1-0.arrow
11/17/2023 17:24:17 - DEBUG - fsspec.local -   open file: /home/lunt1/.cache/huggingface/metrics/f1/default/default_experiment-1-0.arrow
{'eval_loss': 1.0704929828643799, 'eval_precision': 0.36335330545856864, 'eval_recall': 0.2872620521994404, 'eval_f1': 0.28462597817478963, 'eval_spearmanr': 0.596876317655704, 'eval_precision_weighted': 0.5195854201544103, 'eval_recall_weighted': 0.5297297297297298, 'eval_f1_weighted': 0.5050371535009325, 'eval_runtime': 31.1333, 'eval_samples_per_second': 11.884, 'eval_steps_per_second': 5.942, 'epoch': 2.0}
11/17/2023 17:24:23 - DEBUG - helper.classes -   ----------- Starting epoch 3.0 -----------
{'loss': 1.0275, 'learning_rate': 2.480091012514221e-05, 'epoch': 2.56}
11/17/2023 17:30:10 - DEBUG - helper.classes -   Epoch 3.0 completed, Duration: 0:05:46 Mem usage: CPU mem usage: 5.18G.  Cuda 0: memory acclocated: 9 G.
11/17/2023 17:30:41 - DEBUG - fsspec.local -   open file: /home/lunt1/.cache/huggingface/metrics/precision/default/default_experiment-1-0.arrow
11/17/2023 17:30:41 - DEBUG - fsspec.local -   open file: /home/lunt1/.cache/huggingface/metrics/recall/default/default_experiment-1-0.arrow
11/17/2023 17:30:41 - DEBUG - fsspec.local -   open file: /home/lunt1/.cache/huggingface/metrics/f1/default/default_experiment-1-0.arrow
11/17/2023 17:30:41 - DEBUG - fsspec.local -   open file: /home/lunt1/.cache/huggingface/metrics/spearmanr/default/default_experiment-1-0.arrow
11/17/2023 17:30:41 - DEBUG - fsspec.local -   open file: /home/lunt1/.cache/huggingface/metrics/precision/default/default_experiment-1-0.arrow
11/17/2023 17:30:41 - DEBUG - fsspec.local -   open file: /home/lunt1/.cache/huggingface/metrics/recall/default/default_experiment-1-0.arrow
11/17/2023 17:30:41 - DEBUG - fsspec.local -   open file: /home/lunt1/.cache/huggingface/metrics/f1/default/default_experiment-1-0.arrow
{'eval_loss': 1.3119667768478394, 'eval_precision': 0.3886482925594315, 'eval_recall': 0.32009655520388974, 'eval_f1': 0.3338614258118902, 'eval_spearmanr': 0.5970458857662783, 'eval_precision_weighted': 0.5383224901998369, 'eval_recall_weighted': 0.5459459459459459, 'eval_f1_weighted': 0.523040670037574, 'eval_runtime': 31.119, 'eval_samples_per_second': 11.89, 'eval_steps_per_second': 5.945, 'epoch': 3.0}
11/17/2023 17:30:48 - DEBUG - helper.classes -   ----------- Starting epoch 4.0 -----------
{'loss': 0.8967, 'learning_rate': 2.1956769055745164e-05, 'epoch': 3.41}
11/17/2023 17:36:38 - DEBUG - helper.classes -   Epoch 4.0 completed, Duration: 0:05:50 Mem usage: CPU mem usage: 5.18G.  Cuda 0: memory acclocated: 9 G.
11/17/2023 17:37:09 - DEBUG - fsspec.local -   open file: /home/lunt1/.cache/huggingface/metrics/precision/default/default_experiment-1-0.arrow
11/17/2023 17:37:09 - DEBUG - fsspec.local -   open file: /home/lunt1/.cache/huggingface/metrics/recall/default/default_experiment-1-0.arrow
11/17/2023 17:37:09 - DEBUG - fsspec.local -   open file: /home/lunt1/.cache/huggingface/metrics/f1/default/default_experiment-1-0.arrow
11/17/2023 17:37:09 - DEBUG - fsspec.local -   open file: /home/lunt1/.cache/huggingface/metrics/spearmanr/default/default_experiment-1-0.arrow
11/17/2023 17:37:09 - DEBUG - fsspec.local -   open file: /home/lunt1/.cache/huggingface/metrics/precision/default/default_experiment-1-0.arrow
11/17/2023 17:37:09 - DEBUG - fsspec.local -   open file: /home/lunt1/.cache/huggingface/metrics/recall/default/default_experiment-1-0.arrow
11/17/2023 17:37:09 - DEBUG - fsspec.local -   open file: /home/lunt1/.cache/huggingface/metrics/f1/default/default_experiment-1-0.arrow
{'eval_loss': 1.8137738704681396, 'eval_precision': 0.38158911246855914, 'eval_recall': 0.2936918031282969, 'eval_f1': 0.29500096011019245, 'eval_spearmanr': 0.6038390213799051, 'eval_precision_weighted': 0.5210362869157337, 'eval_recall_weighted': 0.5108108108108108, 'eval_f1_weighted': 0.4920767769200178, 'eval_runtime': 31.0608, 'eval_samples_per_second': 11.912, 'eval_steps_per_second': 5.956, 'epoch': 4.0}
11/17/2023 17:37:15 - DEBUG - helper.classes -   ----------- Starting epoch 5.0 -----------
{'loss': 0.8482, 'learning_rate': 1.9112627986348123e-05, 'epoch': 4.27}
11/17/2023 17:43:03 - DEBUG - helper.classes -   Epoch 5.0 completed, Duration: 0:05:47 Mem usage: CPU mem usage: 5.18G.  Cuda 0: memory acclocated: 9 G.
11/17/2023 17:43:34 - DEBUG - fsspec.local -   open file: /home/lunt1/.cache/huggingface/metrics/precision/default/default_experiment-1-0.arrow
11/17/2023 17:43:34 - DEBUG - fsspec.local -   open file: /home/lunt1/.cache/huggingface/metrics/recall/default/default_experiment-1-0.arrow
11/17/2023 17:43:34 - DEBUG - fsspec.local -   open file: /home/lunt1/.cache/huggingface/metrics/f1/default/default_experiment-1-0.arrow
11/17/2023 17:43:34 - DEBUG - fsspec.local -   open file: /home/lunt1/.cache/huggingface/metrics/spearmanr/default/default_experiment-1-0.arrow
11/17/2023 17:43:34 - DEBUG - fsspec.local -   open file: /home/lunt1/.cache/huggingface/metrics/precision/default/default_experiment-1-0.arrow
11/17/2023 17:43:34 - DEBUG - fsspec.local -   open file: /home/lunt1/.cache/huggingface/metrics/recall/default/default_experiment-1-0.arrow
11/17/2023 17:43:34 - DEBUG - fsspec.local -   open file: /home/lunt1/.cache/huggingface/metrics/f1/default/default_experiment-1-0.arrow
{'eval_loss': 1.8928393125534058, 'eval_precision': 0.2813406907671289, 'eval_recall': 0.2972114237878996, 'eval_f1': 0.28760667443712146, 'eval_spearmanr': 0.6578899981786622, 'eval_precision_weighted': 0.5177384978963581, 'eval_recall_weighted': 0.5756756756756757, 'eval_f1_weighted': 0.5423714359678918, 'eval_runtime': 31.0472, 'eval_samples_per_second': 11.917, 'eval_steps_per_second': 5.959, 'epoch': 5.0}
11/17/2023 17:43:40 - DEBUG - helper.classes -   ----------- Starting epoch 6.0 -----------
{'loss': 0.8082, 'learning_rate': 1.626848691695108e-05, 'epoch': 5.12}
{'loss': 0.7954, 'learning_rate': 1.342434584755404e-05, 'epoch': 5.97}
11/17/2023 17:49:27 - DEBUG - helper.classes -   Epoch 6.0 completed, Duration: 0:05:46 Mem usage: CPU mem usage: 5.19G.  Cuda 0: memory acclocated: 9 G.
11/17/2023 17:49:57 - DEBUG - fsspec.local -   open file: /home/lunt1/.cache/huggingface/metrics/precision/default/default_experiment-1-0.arrow
11/17/2023 17:49:57 - DEBUG - fsspec.local -   open file: /home/lunt1/.cache/huggingface/metrics/recall/default/default_experiment-1-0.arrow
11/17/2023 17:49:57 - DEBUG - fsspec.local -   open file: /home/lunt1/.cache/huggingface/metrics/f1/default/default_experiment-1-0.arrow
11/17/2023 17:49:58 - DEBUG - fsspec.local -   open file: /home/lunt1/.cache/huggingface/metrics/spearmanr/default/default_experiment-1-0.arrow
11/17/2023 17:49:58 - DEBUG - fsspec.local -   open file: /home/lunt1/.cache/huggingface/metrics/precision/default/default_experiment-1-0.arrow
11/17/2023 17:49:58 - DEBUG - fsspec.local -   open file: /home/lunt1/.cache/huggingface/metrics/recall/default/default_experiment-1-0.arrow
11/17/2023 17:49:58 - DEBUG - fsspec.local -   open file: /home/lunt1/.cache/huggingface/metrics/f1/default/default_experiment-1-0.arrow
{'eval_loss': 2.320582628250122, 'eval_precision': 0.3890527434568885, 'eval_recall': 0.3195429682124673, 'eval_f1': 0.32555282155735854, 'eval_spearmanr': 0.637459331161367, 'eval_precision_weighted': 0.552529042166348, 'eval_recall_weighted': 0.5567567567567567, 'eval_f1_weighted': 0.5384598277392026, 'eval_runtime': 30.7737, 'eval_samples_per_second': 12.023, 'eval_steps_per_second': 6.012, 'epoch': 6.0}
11/17/2023 17:50:04 - DEBUG - helper.classes -   ----------- Starting epoch 7.0 -----------
{'loss': 0.6611, 'learning_rate': 1.0580204778156997e-05, 'epoch': 6.83}
11/17/2023 17:55:53 - DEBUG - helper.classes -   Epoch 7.0 completed, Duration: 0:05:48 Mem usage: CPU mem usage: 5.19G.  Cuda 0: memory acclocated: 9 G.
11/17/2023 17:56:24 - DEBUG - fsspec.local -   open file: /home/lunt1/.cache/huggingface/metrics/precision/default/default_experiment-1-0.arrow
11/17/2023 17:56:24 - DEBUG - fsspec.local -   open file: /home/lunt1/.cache/huggingface/metrics/recall/default/default_experiment-1-0.arrow
11/17/2023 17:56:24 - DEBUG - fsspec.local -   open file: /home/lunt1/.cache/huggingface/metrics/f1/default/default_experiment-1-0.arrow
11/17/2023 17:56:25 - DEBUG - fsspec.local -   open file: /home/lunt1/.cache/huggingface/metrics/spearmanr/default/default_experiment-1-0.arrow
11/17/2023 17:56:25 - DEBUG - fsspec.local -   open file: /home/lunt1/.cache/huggingface/metrics/precision/default/default_experiment-1-0.arrow
11/17/2023 17:56:25 - DEBUG - fsspec.local -   open file: /home/lunt1/.cache/huggingface/metrics/recall/default/default_experiment-1-0.arrow
11/17/2023 17:56:25 - DEBUG - fsspec.local -   open file: /home/lunt1/.cache/huggingface/metrics/f1/default/default_experiment-1-0.arrow
{'eval_loss': 2.3990378379821777, 'eval_precision': 0.4048262639279597, 'eval_recall': 0.3365450552726939, 'eval_f1': 0.3500653687538933, 'eval_spearmanr': 0.6483606313324709, 'eval_precision_weighted': 0.5574253837688328, 'eval_recall_weighted': 0.5621621621621622, 'eval_f1_weighted': 0.5480149555559392, 'eval_runtime': 31.1003, 'eval_samples_per_second': 11.897, 'eval_steps_per_second': 5.949, 'epoch': 7.0}
11/17/2023 17:56:34 - DEBUG - helper.classes -   ----------- Starting epoch 8.0 -----------
{'loss': 0.5936, 'learning_rate': 7.736063708759956e-06, 'epoch': 7.68}
11/17/2023 18:02:24 - DEBUG - helper.classes -   Epoch 8.0 completed, Duration: 0:05:50 Mem usage: CPU mem usage: 5.19G.  Cuda 0: memory acclocated: 9 G.
11/17/2023 18:02:55 - DEBUG - fsspec.local -   open file: /home/lunt1/.cache/huggingface/metrics/precision/default/default_experiment-1-0.arrow
11/17/2023 18:02:55 - DEBUG - fsspec.local -   open file: /home/lunt1/.cache/huggingface/metrics/recall/default/default_experiment-1-0.arrow
11/17/2023 18:02:55 - DEBUG - fsspec.local -   open file: /home/lunt1/.cache/huggingface/metrics/f1/default/default_experiment-1-0.arrow
11/17/2023 18:02:55 - DEBUG - fsspec.local -   open file: /home/lunt1/.cache/huggingface/metrics/spearmanr/default/default_experiment-1-0.arrow
11/17/2023 18:02:55 - DEBUG - fsspec.local -   open file: /home/lunt1/.cache/huggingface/metrics/precision/default/default_experiment-1-0.arrow
11/17/2023 18:02:55 - DEBUG - fsspec.local -   open file: /home/lunt1/.cache/huggingface/metrics/recall/default/default_experiment-1-0.arrow
11/17/2023 18:02:55 - DEBUG - fsspec.local -   open file: /home/lunt1/.cache/huggingface/metrics/f1/default/default_experiment-1-0.arrow
{'eval_loss': 2.429755687713623, 'eval_precision': 0.37850489656683434, 'eval_recall': 0.3157544378698225, 'eval_f1': 0.3187329737227487, 'eval_spearmanr': 0.6594538004067021, 'eval_precision_weighted': 0.5561331855798076, 'eval_recall_weighted': 0.5702702702702702, 'eval_f1_weighted': 0.5492628914044918, 'eval_runtime': 31.0624, 'eval_samples_per_second': 11.912, 'eval_steps_per_second': 5.956, 'epoch': 8.0}
11/17/2023 18:03:01 - DEBUG - helper.classes -   ----------- Starting epoch 9.0 -----------
{'loss': 0.5638, 'learning_rate': 4.891922639362912e-06, 'epoch': 8.53}
11/17/2023 18:08:50 - DEBUG - helper.classes -   Epoch 9.0 completed, Duration: 0:05:48 Mem usage: CPU mem usage: 5.19G.  Cuda 0: memory acclocated: 9 G.
11/17/2023 18:09:20 - DEBUG - fsspec.local -   open file: /home/lunt1/.cache/huggingface/metrics/precision/default/default_experiment-1-0.arrow
11/17/2023 18:09:21 - DEBUG - fsspec.local -   open file: /home/lunt1/.cache/huggingface/metrics/recall/default/default_experiment-1-0.arrow
11/17/2023 18:09:21 - DEBUG - fsspec.local -   open file: /home/lunt1/.cache/huggingface/metrics/f1/default/default_experiment-1-0.arrow
11/17/2023 18:09:21 - DEBUG - fsspec.local -   open file: /home/lunt1/.cache/huggingface/metrics/spearmanr/default/default_experiment-1-0.arrow
11/17/2023 18:09:21 - DEBUG - fsspec.local -   open file: /home/lunt1/.cache/huggingface/metrics/precision/default/default_experiment-1-0.arrow
11/17/2023 18:09:21 - DEBUG - fsspec.local -   open file: /home/lunt1/.cache/huggingface/metrics/recall/default/default_experiment-1-0.arrow
11/17/2023 18:09:21 - DEBUG - fsspec.local -   open file: /home/lunt1/.cache/huggingface/metrics/f1/default/default_experiment-1-0.arrow
{'eval_loss': 2.628643751144409, 'eval_precision': 0.38218888399378587, 'eval_recall': 0.30846520801798083, 'eval_f1': 0.3161791188745366, 'eval_spearmanr': 0.6215508834670652, 'eval_precision_weighted': 0.5382045611359035, 'eval_recall_weighted': 0.5432432432432432, 'eval_f1_weighted': 0.5234312759919229, 'eval_runtime': 30.8504, 'eval_samples_per_second': 11.993, 'eval_steps_per_second': 5.997, 'epoch': 9.0}
11/17/2023 18:09:28 - DEBUG - helper.classes -   ----------- Starting epoch 10.0 -----------
{'loss': 0.5032, 'learning_rate': 2.0477815699658705e-06, 'epoch': 9.39}
11/17/2023 18:15:21 - DEBUG - helper.classes -   Epoch 10.0 completed, Duration: 0:05:52 Mem usage: CPU mem usage: 4.97G.  Cuda 0: memory acclocated: 9 G.
11/17/2023 18:15:54 - DEBUG - fsspec.local -   open file: /home/lunt1/.cache/huggingface/metrics/precision/default/default_experiment-1-0.arrow
11/17/2023 18:15:54 - DEBUG - fsspec.local -   open file: /home/lunt1/.cache/huggingface/metrics/recall/default/default_experiment-1-0.arrow
11/17/2023 18:15:54 - DEBUG - fsspec.local -   open file: /home/lunt1/.cache/huggingface/metrics/f1/default/default_experiment-1-0.arrow
11/17/2023 18:15:54 - DEBUG - fsspec.local -   open file: /home/lunt1/.cache/huggingface/metrics/spearmanr/default/default_experiment-1-0.arrow
11/17/2023 18:15:54 - DEBUG - fsspec.local -   open file: /home/lunt1/.cache/huggingface/metrics/precision/default/default_experiment-1-0.arrow
11/17/2023 18:15:55 - DEBUG - fsspec.local -   open file: /home/lunt1/.cache/huggingface/metrics/recall/default/default_experiment-1-0.arrow
11/17/2023 18:15:55 - DEBUG - fsspec.local -   open file: /home/lunt1/.cache/huggingface/metrics/f1/default/default_experiment-1-0.arrow
{'eval_loss': 2.5619537830352783, 'eval_precision': 0.40719601785356674, 'eval_recall': 0.33203064079629374, 'eval_f1': 0.34529265573890316, 'eval_spearmanr': 0.6428972164182244, 'eval_precision_weighted': 0.5658726828675102, 'eval_recall_weighted': 0.5702702702702702, 'eval_f1_weighted': 0.5528825618557541, 'eval_runtime': 33.9516, 'eval_samples_per_second': 10.898, 'eval_steps_per_second': 5.449, 'epoch': 10.0}
{'train_runtime': 3886.7009, 'train_samples_per_second': 3.015, 'train_steps_per_second': 1.508, 'train_loss': 0.8441470644172955, 'epoch': 10.0}
11/17/2023 18:16:07 - INFO - __main__ -   Training completed. Duration: 1:04:47
11/17/2023 18:16:37 - DEBUG - fsspec.local -   open file: /home/lunt1/.cache/huggingface/metrics/precision/default/default_experiment-1-0.arrow
11/17/2023 18:16:37 - DEBUG - fsspec.local -   open file: /home/lunt1/.cache/huggingface/metrics/recall/default/default_experiment-1-0.arrow
11/17/2023 18:16:37 - DEBUG - fsspec.local -   open file: /home/lunt1/.cache/huggingface/metrics/f1/default/default_experiment-1-0.arrow
11/17/2023 18:16:37 - DEBUG - fsspec.local -   open file: /home/lunt1/.cache/huggingface/metrics/spearmanr/default/default_experiment-1-0.arrow
11/17/2023 18:16:37 - DEBUG - fsspec.local -   open file: /home/lunt1/.cache/huggingface/metrics/precision/default/default_experiment-1-0.arrow
11/17/2023 18:16:37 - DEBUG - fsspec.local -   open file: /home/lunt1/.cache/huggingface/metrics/recall/default/default_experiment-1-0.arrow
11/17/2023 18:16:37 - DEBUG - fsspec.local -   open file: /home/lunt1/.cache/huggingface/metrics/f1/default/default_experiment-1-0.arrow
11/17/2023 18:16:37 - DEBUG - fsspec.local -   open file: /home/lunt1/.cache/huggingface/metrics/precision/default/default_experiment-1-0.arrow
11/17/2023 18:16:37 - DEBUG - fsspec.local -   open file: /home/lunt1/.cache/huggingface/metrics/recall/default/default_experiment-1-0.arrow
11/17/2023 18:16:37 - DEBUG - fsspec.local -   open file: /home/lunt1/.cache/huggingface/metrics/f1/default/default_experiment-1-0.arrow
11/17/2023 18:16:37 - DEBUG - fsspec.local -   open file: /home/lunt1/.cache/huggingface/metrics/spearmanr/default/default_experiment-1-0.arrow
11/17/2023 18:16:37 - DEBUG - fsspec.local -   open file: /home/lunt1/.cache/huggingface/metrics/precision/default/default_experiment-1-0.arrow
11/17/2023 18:16:37 - DEBUG - fsspec.local -   open file: /home/lunt1/.cache/huggingface/metrics/recall/default/default_experiment-1-0.arrow
11/17/2023 18:16:37 - DEBUG - fsspec.local -   open file: /home/lunt1/.cache/huggingface/metrics/f1/default/default_experiment-1-0.arrow
11/17/2023 18:16:37 - DEBUG - __main__ -   label: 1
11/17/2023 18:16:37 - DEBUG - __main__ -   pred: 1
11/17/2023 18:16:37 - DEBUG - __main__ -   label: 1
11/17/2023 18:16:37 - DEBUG - __main__ -   pred: 2
11/17/2023 18:16:37 - DEBUG - __main__ -   label: 2
11/17/2023 18:16:37 - DEBUG - __main__ -   pred: 2
11/17/2023 18:16:37 - DEBUG - __main__ -   label: 2
11/17/2023 18:16:37 - DEBUG - __main__ -   pred: 2
11/17/2023 18:16:37 - DEBUG - __main__ -   label: 2
11/17/2023 18:16:37 - DEBUG - __main__ -   pred: 2
11/17/2023 18:16:37 - DEBUG - __main__ -   label: 2
11/17/2023 18:16:37 - DEBUG - __main__ -   pred: 1
11/17/2023 18:16:37 - DEBUG - __main__ -   label: 2
11/17/2023 18:16:37 - DEBUG - __main__ -   pred: 1
11/17/2023 18:16:37 - DEBUG - __main__ -   label: 2
11/17/2023 18:16:37 - DEBUG - __main__ -   pred: 2
11/17/2023 18:16:37 - DEBUG - __main__ -   label: 1
11/17/2023 18:16:37 - DEBUG - __main__ -   pred: 2
11/17/2023 18:16:37 - DEBUG - __main__ -   label: 2
11/17/2023 18:16:37 - DEBUG - __main__ -   pred: 2
11/17/2023 18:16:37 - DEBUG - __main__ -   label: 2
11/17/2023 18:16:37 - DEBUG - __main__ -   pred: 2
11/17/2023 18:16:37 - DEBUG - __main__ -   label: 2
11/17/2023 18:16:37 - DEBUG - __main__ -   pred: 2
11/17/2023 18:16:37 - DEBUG - __main__ -   label: 2
11/17/2023 18:16:37 - DEBUG - __main__ -   pred: 2
11/17/2023 18:16:37 - DEBUG - __main__ -   label: 1
11/17/2023 18:16:37 - DEBUG - __main__ -   pred: 1
11/17/2023 18:16:37 - DEBUG - __main__ -   label: 2
11/17/2023 18:16:37 - DEBUG - __main__ -   pred: 2
11/17/2023 18:16:37 - DEBUG - __main__ -   label: 2
11/17/2023 18:16:37 - DEBUG - __main__ -   pred: 2
11/17/2023 18:16:37 - DEBUG - __main__ -   label: 2
11/17/2023 18:16:37 - DEBUG - __main__ -   pred: 1
11/17/2023 18:16:37 - DEBUG - __main__ -   label: 1
11/17/2023 18:16:37 - DEBUG - __main__ -   pred: 1
11/17/2023 18:16:37 - DEBUG - __main__ -   label: 2
11/17/2023 18:16:37 - DEBUG - __main__ -   pred: 1
11/17/2023 18:16:37 - DEBUG - __main__ -   label: 2
11/17/2023 18:16:37 - DEBUG - __main__ -   pred: 1
11/17/2023 18:16:37 - DEBUG - __main__ -   label: 1
11/17/2023 18:16:37 - DEBUG - __main__ -   pred: 1
11/17/2023 18:16:37 - DEBUG - __main__ -   label: 1
11/17/2023 18:16:37 - DEBUG - __main__ -   pred: 2
11/17/2023 18:16:37 - DEBUG - __main__ -   label: 2
11/17/2023 18:16:37 - DEBUG - __main__ -   pred: 2
11/17/2023 18:16:37 - DEBUG - __main__ -   label: 2
11/17/2023 18:16:37 - DEBUG - __main__ -   pred: 2
11/17/2023 18:16:37 - DEBUG - __main__ -   label: 2
11/17/2023 18:16:37 - DEBUG - __main__ -   pred: 2
11/17/2023 18:16:37 - DEBUG - __main__ -   label: 2
11/17/2023 18:16:37 - DEBUG - __main__ -   pred: 1
11/17/2023 18:16:37 - DEBUG - __main__ -   label: 2
11/17/2023 18:16:37 - DEBUG - __main__ -   pred: 2
11/17/2023 18:16:37 - DEBUG - __main__ -   label: 1
11/17/2023 18:16:37 - DEBUG - __main__ -   pred: 1
11/17/2023 18:16:37 - DEBUG - __main__ -   label: 3
11/17/2023 18:16:37 - DEBUG - __main__ -   pred: 2
11/17/2023 18:16:37 - DEBUG - __main__ -   label: 2
11/17/2023 18:16:37 - DEBUG - __main__ -   pred: 2
11/17/2023 18:16:37 - DEBUG - __main__ -   label: 2
11/17/2023 18:16:37 - DEBUG - __main__ -   pred: 1
11/17/2023 18:16:37 - DEBUG - __main__ -   label: 2
11/17/2023 18:16:37 - DEBUG - __main__ -   pred: 3
11/17/2023 18:16:37 - DEBUG - __main__ -   label: 2
11/17/2023 18:16:37 - DEBUG - __main__ -   pred: 1
11/17/2023 18:16:37 - DEBUG - __main__ -   label: 2
11/17/2023 18:16:37 - DEBUG - __main__ -   pred: 3
11/17/2023 18:16:37 - DEBUG - __main__ -   label: 3
11/17/2023 18:16:37 - DEBUG - __main__ -   pred: 3
11/17/2023 18:16:37 - DEBUG - __main__ -   label: 1
11/17/2023 18:16:37 - DEBUG - __main__ -   pred: 1
11/17/2023 18:16:37 - DEBUG - __main__ -   label: 3
11/17/2023 18:16:37 - DEBUG - __main__ -   pred: 3
11/17/2023 18:16:37 - DEBUG - __main__ -   label: 3
11/17/2023 18:16:37 - DEBUG - __main__ -   pred: 3
11/17/2023 18:16:37 - DEBUG - __main__ -   label: 1
11/17/2023 18:16:37 - DEBUG - __main__ -   pred: 1
11/17/2023 18:16:37 - DEBUG - __main__ -   label: 2
11/17/2023 18:16:37 - DEBUG - __main__ -   pred: 2
11/17/2023 18:16:37 - DEBUG - __main__ -   label: 2
11/17/2023 18:16:37 - DEBUG - __main__ -   pred: 3
11/17/2023 18:16:37 - DEBUG - __main__ -   label: 3
11/17/2023 18:16:37 - DEBUG - __main__ -   pred: 2
11/17/2023 18:16:37 - DEBUG - __main__ -   label: 4
11/17/2023 18:16:37 - DEBUG - __main__ -   pred: 2
11/17/2023 18:16:37 - DEBUG - __main__ -   label: 3
11/17/2023 18:16:37 - DEBUG - __main__ -   pred: 3
11/17/2023 18:16:37 - DEBUG - __main__ -   label: 3
11/17/2023 18:16:37 - DEBUG - __main__ -   pred: 2
11/17/2023 18:16:37 - DEBUG - __main__ -   label: 3
11/17/2023 18:16:37 - DEBUG - __main__ -   pred: 3
11/17/2023 18:16:37 - DEBUG - __main__ -   label: 4
11/17/2023 18:16:37 - DEBUG - __main__ -   pred: 4
11/17/2023 18:16:37 - DEBUG - __main__ -   label: 2
11/17/2023 18:16:37 - DEBUG - __main__ -   pred: 2
11/17/2023 18:16:37 - DEBUG - __main__ -   label: 4
11/17/2023 18:16:37 - DEBUG - __main__ -   pred: 3
11/17/2023 18:16:37 - DEBUG - __main__ -   label: 2
11/17/2023 18:16:37 - DEBUG - __main__ -   pred: 2
11/17/2023 18:16:37 - DEBUG - __main__ -   label: 2
11/17/2023 18:16:37 - DEBUG - __main__ -   pred: 2
11/17/2023 18:16:37 - DEBUG - __main__ -   label: 2
11/17/2023 18:16:37 - DEBUG - __main__ -   pred: 2
11/17/2023 18:16:37 - DEBUG - __main__ -   label: 2
11/17/2023 18:16:37 - DEBUG - __main__ -   pred: 3
11/17/2023 18:16:37 - DEBUG - __main__ -   label: 3
11/17/2023 18:16:37 - DEBUG - __main__ -   pred: 3
11/17/2023 18:16:37 - DEBUG - __main__ -   label: 2
11/17/2023 18:16:37 - DEBUG - __main__ -   pred: 2
11/17/2023 18:16:37 - DEBUG - __main__ -   label: 3
11/17/2023 18:16:37 - DEBUG - __main__ -   pred: 2
11/17/2023 18:16:37 - DEBUG - __main__ -   label: 3
11/17/2023 18:16:37 - DEBUG - __main__ -   pred: 2
11/17/2023 18:16:37 - DEBUG - __main__ -   label: 4
11/17/2023 18:16:37 - DEBUG - __main__ -   pred: 3
11/17/2023 18:16:37 - DEBUG - __main__ -   label: 1
11/17/2023 18:16:37 - DEBUG - __main__ -   pred: 1
11/17/2023 18:16:37 - DEBUG - __main__ -   label: 1
11/17/2023 18:16:37 - DEBUG - __main__ -   pred: 1
11/17/2023 18:16:37 - DEBUG - __main__ -   label: 2
11/17/2023 18:16:37 - DEBUG - __main__ -   pred: 2
11/17/2023 18:16:37 - DEBUG - __main__ -   label: 1
11/17/2023 18:16:37 - DEBUG - __main__ -   pred: 1
11/17/2023 18:16:37 - DEBUG - __main__ -   label: 1
11/17/2023 18:16:37 - DEBUG - __main__ -   pred: 2
11/17/2023 18:16:37 - DEBUG - __main__ -   label: 2
11/17/2023 18:16:37 - DEBUG - __main__ -   pred: 2
11/17/2023 18:16:37 - DEBUG - __main__ -   label: 2
11/17/2023 18:16:37 - DEBUG - __main__ -   pred: 1
11/17/2023 18:16:37 - DEBUG - __main__ -   label: 1
11/17/2023 18:16:37 - DEBUG - __main__ -   pred: 1
11/17/2023 18:16:37 - DEBUG - __main__ -   label: 2
11/17/2023 18:16:37 - DEBUG - __main__ -   pred: 2
11/17/2023 18:16:37 - DEBUG - __main__ -   label: 1
11/17/2023 18:16:37 - DEBUG - __main__ -   pred: 1
11/17/2023 18:16:37 - DEBUG - __main__ -   label: 2
11/17/2023 18:16:37 - DEBUG - __main__ -   pred: 2
11/17/2023 18:16:37 - DEBUG - __main__ -   label: 2
11/17/2023 18:16:37 - DEBUG - __main__ -   pred: 1
11/17/2023 18:16:37 - DEBUG - __main__ -   label: 2
11/17/2023 18:16:37 - DEBUG - __main__ -   pred: 2
11/17/2023 18:16:37 - DEBUG - __main__ -   label: 3
11/17/2023 18:16:37 - DEBUG - __main__ -   pred: 2
11/17/2023 18:16:37 - DEBUG - __main__ -   label: 3
11/17/2023 18:16:37 - DEBUG - __main__ -   pred: 2
11/17/2023 18:16:37 - DEBUG - __main__ -   label: 1
11/17/2023 18:16:37 - DEBUG - __main__ -   pred: 2
11/17/2023 18:16:37 - DEBUG - __main__ -   label: 2
11/17/2023 18:16:37 - DEBUG - __main__ -   pred: 2
11/17/2023 18:16:37 - DEBUG - __main__ -   label: 2
11/17/2023 18:16:37 - DEBUG - __main__ -   pred: 1
11/17/2023 18:16:37 - DEBUG - __main__ -   label: 2
11/17/2023 18:16:37 - DEBUG - __main__ -   pred: 1
11/17/2023 18:16:37 - DEBUG - __main__ -   label: 3
11/17/2023 18:16:37 - DEBUG - __main__ -   pred: 2
11/17/2023 18:16:37 - DEBUG - __main__ -   label: 3
11/17/2023 18:16:37 - DEBUG - __main__ -   pred: 2
11/17/2023 18:16:37 - DEBUG - __main__ -   label: 2
11/17/2023 18:16:37 - DEBUG - __main__ -   pred: 1
11/17/2023 18:16:37 - DEBUG - __main__ -   label: 0
11/17/2023 18:16:37 - DEBUG - __main__ -   pred: 1
11/17/2023 18:16:37 - DEBUG - __main__ -   label: 1
11/17/2023 18:16:37 - DEBUG - __main__ -   pred: 1
11/17/2023 18:16:37 - DEBUG - __main__ -   label: 1
11/17/2023 18:16:37 - DEBUG - __main__ -   pred: 1
11/17/2023 18:16:37 - DEBUG - __main__ -   label: 1
11/17/2023 18:16:37 - DEBUG - __main__ -   pred: 1
11/17/2023 18:16:37 - DEBUG - __main__ -   label: 0
11/17/2023 18:16:37 - DEBUG - __main__ -   pred: 1
11/17/2023 18:16:37 - DEBUG - __main__ -   label: 1
11/17/2023 18:16:37 - DEBUG - __main__ -   pred: 1
11/17/2023 18:16:37 - DEBUG - __main__ -   label: 2
11/17/2023 18:16:37 - DEBUG - __main__ -   pred: 1
11/17/2023 18:16:37 - DEBUG - __main__ -   label: 1
11/17/2023 18:16:37 - DEBUG - __main__ -   pred: 1
11/17/2023 18:16:37 - DEBUG - __main__ -   label: 1
11/17/2023 18:16:37 - DEBUG - __main__ -   pred: 1
11/17/2023 18:16:37 - DEBUG - __main__ -   label: 3
11/17/2023 18:16:37 - DEBUG - __main__ -   pred: 2
11/17/2023 18:16:37 - DEBUG - __main__ -   label: 2
11/17/2023 18:16:37 - DEBUG - __main__ -   pred: 2
11/17/2023 18:16:37 - DEBUG - __main__ -   label: 2
11/17/2023 18:16:37 - DEBUG - __main__ -   pred: 2
11/17/2023 18:16:37 - DEBUG - __main__ -   label: 1
11/17/2023 18:16:37 - DEBUG - __main__ -   pred: 1
11/17/2023 18:16:37 - DEBUG - __main__ -   label: 2
11/17/2023 18:16:37 - DEBUG - __main__ -   pred: 1
11/17/2023 18:16:37 - DEBUG - __main__ -   label: 1
11/17/2023 18:16:37 - DEBUG - __main__ -   pred: 1
11/17/2023 18:16:37 - DEBUG - __main__ -   label: 1
11/17/2023 18:16:37 - DEBUG - __main__ -   pred: 1
11/17/2023 18:16:37 - DEBUG - __main__ -   label: 0
11/17/2023 18:16:37 - DEBUG - __main__ -   pred: 1
11/17/2023 18:16:37 - DEBUG - __main__ -   label: 2
11/17/2023 18:16:37 - DEBUG - __main__ -   pred: 1
11/17/2023 18:16:37 - DEBUG - __main__ -   label: 1
11/17/2023 18:16:37 - DEBUG - __main__ -   pred: 2
11/17/2023 18:16:37 - DEBUG - __main__ -   label: 1
11/17/2023 18:16:37 - DEBUG - __main__ -   pred: 2
11/17/2023 18:16:37 - DEBUG - __main__ -   label: 2
11/17/2023 18:16:37 - DEBUG - __main__ -   pred: 1
11/17/2023 18:16:37 - DEBUG - __main__ -   label: 2
11/17/2023 18:16:37 - DEBUG - __main__ -   pred: 2
11/17/2023 18:16:37 - DEBUG - __main__ -   label: 2
11/17/2023 18:16:37 - DEBUG - __main__ -   pred: 2
11/17/2023 18:16:37 - DEBUG - __main__ -   label: 0
11/17/2023 18:16:37 - DEBUG - __main__ -   pred: 1
11/17/2023 18:16:37 - DEBUG - __main__ -   label: 1
11/17/2023 18:16:37 - DEBUG - __main__ -   pred: 1
11/17/2023 18:16:37 - DEBUG - __main__ -   label: 1
11/17/2023 18:16:37 - DEBUG - __main__ -   pred: 1
11/17/2023 18:16:37 - DEBUG - __main__ -   label: 2
11/17/2023 18:16:37 - DEBUG - __main__ -   pred: 2
11/17/2023 18:16:37 - DEBUG - __main__ -   label: 3
11/17/2023 18:16:37 - DEBUG - __main__ -   pred: 2
11/17/2023 18:16:37 - DEBUG - __main__ -   label: 4
11/17/2023 18:16:37 - DEBUG - __main__ -   pred: 2
11/17/2023 18:16:37 - DEBUG - __main__ -   label: 1
11/17/2023 18:16:37 - DEBUG - __main__ -   pred: 1
11/17/2023 18:16:37 - DEBUG - __main__ -   label: 1
11/17/2023 18:16:37 - DEBUG - __main__ -   pred: 2
11/17/2023 18:16:37 - DEBUG - __main__ -   label: 2
11/17/2023 18:16:37 - DEBUG - __main__ -   pred: 1
11/17/2023 18:16:37 - DEBUG - __main__ -   label: 2
11/17/2023 18:16:37 - DEBUG - __main__ -   pred: 2
11/17/2023 18:16:37 - DEBUG - __main__ -   label: 1
11/17/2023 18:16:37 - DEBUG - __main__ -   pred: 2
11/17/2023 18:16:37 - DEBUG - __main__ -   label: 2
11/17/2023 18:16:37 - DEBUG - __main__ -   pred: 1
11/17/2023 18:16:37 - DEBUG - __main__ -   label: 1
11/17/2023 18:16:37 - DEBUG - __main__ -   pred: 1
11/17/2023 18:16:37 - DEBUG - __main__ -   label: 2
11/17/2023 18:16:37 - DEBUG - __main__ -   pred: 2
11/17/2023 18:16:37 - DEBUG - __main__ -   label: 2
11/17/2023 18:16:37 - DEBUG - __main__ -   pred: 2
11/17/2023 18:16:37 - DEBUG - __main__ -   label: 2
11/17/2023 18:16:37 - DEBUG - __main__ -   pred: 1
11/17/2023 18:16:37 - DEBUG - __main__ -   label: 3
11/17/2023 18:16:37 - DEBUG - __main__ -   pred: 2
11/17/2023 18:16:37 - DEBUG - __main__ -   label: 1
11/17/2023 18:16:37 - DEBUG - __main__ -   pred: 1
11/17/2023 18:16:37 - DEBUG - __main__ -   label: 1
11/17/2023 18:16:37 - DEBUG - __main__ -   pred: 2
11/17/2023 18:16:37 - DEBUG - __main__ -   label: 2
11/17/2023 18:16:37 - DEBUG - __main__ -   pred: 2
11/17/2023 18:16:37 - DEBUG - __main__ -   label: 1
11/17/2023 18:16:37 - DEBUG - __main__ -   pred: 2
11/17/2023 18:16:37 - DEBUG - __main__ -   label: 1
11/17/2023 18:16:37 - DEBUG - __main__ -   pred: 1
11/17/2023 18:16:37 - DEBUG - __main__ -   label: 3
11/17/2023 18:16:37 - DEBUG - __main__ -   pred: 3
11/17/2023 18:16:37 - DEBUG - __main__ -   label: 2
11/17/2023 18:16:37 - DEBUG - __main__ -   pred: 3
11/17/2023 18:16:37 - DEBUG - __main__ -   label: 3
11/17/2023 18:16:37 - DEBUG - __main__ -   pred: 3
11/17/2023 18:16:37 - DEBUG - __main__ -   label: 2
11/17/2023 18:16:37 - DEBUG - __main__ -   pred: 2
11/17/2023 18:16:37 - DEBUG - __main__ -   label: 2
11/17/2023 18:16:37 - DEBUG - __main__ -   pred: 2
11/17/2023 18:16:37 - DEBUG - __main__ -   label: 4
11/17/2023 18:16:37 - DEBUG - __main__ -   pred: 4
11/17/2023 18:16:37 - DEBUG - __main__ -   label: 4
11/17/2023 18:16:37 - DEBUG - __main__ -   pred: 3
11/17/2023 18:16:37 - DEBUG - __main__ -   label: 4
11/17/2023 18:16:37 - DEBUG - __main__ -   pred: 3
11/17/2023 18:16:37 - DEBUG - __main__ -   label: 4
11/17/2023 18:16:37 - DEBUG - __main__ -   pred: 3
11/17/2023 18:16:37 - DEBUG - __main__ -   label: 4
11/17/2023 18:16:37 - DEBUG - __main__ -   pred: 3
11/17/2023 18:16:37 - DEBUG - __main__ -   label: 4
11/17/2023 18:16:37 - DEBUG - __main__ -   pred: 4
11/17/2023 18:16:37 - DEBUG - __main__ -   label: 3
11/17/2023 18:16:37 - DEBUG - __main__ -   pred: 3
11/17/2023 18:16:37 - DEBUG - __main__ -   label: 4
11/17/2023 18:16:37 - DEBUG - __main__ -   pred: 3
11/17/2023 18:16:37 - DEBUG - __main__ -   label: 3
11/17/2023 18:16:37 - DEBUG - __main__ -   pred: 4
11/17/2023 18:16:37 - DEBUG - __main__ -   label: 4
11/17/2023 18:16:37 - DEBUG - __main__ -   pred: 4
11/17/2023 18:16:37 - DEBUG - __main__ -   label: 4
11/17/2023 18:16:37 - DEBUG - __main__ -   pred: 4
11/17/2023 18:16:37 - DEBUG - __main__ -   label: 3
11/17/2023 18:16:37 - DEBUG - __main__ -   pred: 3
11/17/2023 18:16:37 - DEBUG - __main__ -   label: 3
11/17/2023 18:16:37 - DEBUG - __main__ -   pred: 3
11/17/2023 18:16:37 - DEBUG - __main__ -   label: 4
11/17/2023 18:16:37 - DEBUG - __main__ -   pred: 4
11/17/2023 18:16:37 - DEBUG - __main__ -   label: 4
11/17/2023 18:16:37 - DEBUG - __main__ -   pred: 3
11/17/2023 18:16:37 - DEBUG - __main__ -   label: 5
11/17/2023 18:16:37 - DEBUG - __main__ -   pred: 3
11/17/2023 18:16:37 - DEBUG - __main__ -   label: 2
11/17/2023 18:16:37 - DEBUG - __main__ -   pred: 1
11/17/2023 18:16:37 - DEBUG - __main__ -   label: 3
11/17/2023 18:16:37 - DEBUG - __main__ -   pred: 3
11/17/2023 18:16:37 - DEBUG - __main__ -   label: 2
11/17/2023 18:16:37 - DEBUG - __main__ -   pred: 3
11/17/2023 18:16:37 - DEBUG - __main__ -   label: 4
11/17/2023 18:16:37 - DEBUG - __main__ -   pred: 4
11/17/2023 18:16:37 - DEBUG - __main__ -   label: 1
11/17/2023 18:16:37 - DEBUG - __main__ -   pred: 2
11/17/2023 18:16:37 - DEBUG - __main__ -   label: 2
11/17/2023 18:16:37 - DEBUG - __main__ -   pred: 3
11/17/2023 18:16:37 - DEBUG - __main__ -   label: 4
11/17/2023 18:16:37 - DEBUG - __main__ -   pred: 3
11/17/2023 18:16:37 - DEBUG - __main__ -   label: 2
11/17/2023 18:16:37 - DEBUG - __main__ -   pred: 2
11/17/2023 18:16:37 - DEBUG - __main__ -   label: 2
11/17/2023 18:16:37 - DEBUG - __main__ -   pred: 2
11/17/2023 18:16:37 - DEBUG - __main__ -   label: 4
11/17/2023 18:16:37 - DEBUG - __main__ -   pred: 3
11/17/2023 18:16:37 - DEBUG - __main__ -   label: 2
11/17/2023 18:16:37 - DEBUG - __main__ -   pred: 2
11/17/2023 18:16:37 - DEBUG - __main__ -   label: 2
11/17/2023 18:16:37 - DEBUG - __main__ -   pred: 2
11/17/2023 18:16:37 - DEBUG - __main__ -   label: 3
11/17/2023 18:16:37 - DEBUG - __main__ -   pred: 3
11/17/2023 18:16:37 - DEBUG - __main__ -   label: 3
11/17/2023 18:16:37 - DEBUG - __main__ -   pred: 3
11/17/2023 18:16:37 - DEBUG - __main__ -   label: 3
11/17/2023 18:16:37 - DEBUG - __main__ -   pred: 2
11/17/2023 18:16:37 - DEBUG - __main__ -   label: 2
11/17/2023 18:16:37 - DEBUG - __main__ -   pred: 2
11/17/2023 18:16:37 - DEBUG - __main__ -   label: 3
11/17/2023 18:16:37 - DEBUG - __main__ -   pred: 2
11/17/2023 18:16:37 - DEBUG - __main__ -   label: 3
11/17/2023 18:16:37 - DEBUG - __main__ -   pred: 3
11/17/2023 18:16:37 - DEBUG - __main__ -   label: 3
11/17/2023 18:16:37 - DEBUG - __main__ -   pred: 3
11/17/2023 18:16:37 - DEBUG - __main__ -   label: 3
11/17/2023 18:16:37 - DEBUG - __main__ -   pred: 3
11/17/2023 18:16:37 - DEBUG - __main__ -   label: 3
11/17/2023 18:16:37 - DEBUG - __main__ -   pred: 2
11/17/2023 18:16:37 - DEBUG - __main__ -   label: 2
11/17/2023 18:16:37 - DEBUG - __main__ -   pred: 2
11/17/2023 18:16:37 - DEBUG - __main__ -   label: 2
11/17/2023 18:16:37 - DEBUG - __main__ -   pred: 2
11/17/2023 18:16:37 - DEBUG - __main__ -   label: 3
11/17/2023 18:16:37 - DEBUG - __main__ -   pred: 3
11/17/2023 18:16:37 - DEBUG - __main__ -   label: 3
11/17/2023 18:16:37 - DEBUG - __main__ -   pred: 3
11/17/2023 18:16:37 - DEBUG - __main__ -   label: 2
11/17/2023 18:16:37 - DEBUG - __main__ -   pred: 2
11/17/2023 18:16:37 - DEBUG - __main__ -   label: 3
11/17/2023 18:16:37 - DEBUG - __main__ -   pred: 3
11/17/2023 18:16:37 - DEBUG - __main__ -   label: 2
11/17/2023 18:16:37 - DEBUG - __main__ -   pred: 2
11/17/2023 18:16:37 - DEBUG - __main__ -   label: 1
11/17/2023 18:16:37 - DEBUG - __main__ -   pred: 1
11/17/2023 18:16:37 - DEBUG - __main__ -   label: 1
11/17/2023 18:16:37 - DEBUG - __main__ -   pred: 2
11/17/2023 18:16:37 - DEBUG - __main__ -   label: 3
11/17/2023 18:16:37 - DEBUG - __main__ -   pred: 3
11/17/2023 18:16:37 - DEBUG - __main__ -   label: 2
11/17/2023 18:16:37 - DEBUG - __main__ -   pred: 2
11/17/2023 18:16:37 - DEBUG - __main__ -   label: 2
11/17/2023 18:16:37 - DEBUG - __main__ -   pred: 2
11/17/2023 18:16:37 - DEBUG - __main__ -   label: 2
11/17/2023 18:16:37 - DEBUG - __main__ -   pred: 2
11/17/2023 18:16:37 - DEBUG - __main__ -   label: 2
11/17/2023 18:16:37 - DEBUG - __main__ -   pred: 2
11/17/2023 18:16:37 - DEBUG - __main__ -   label: 3
11/17/2023 18:16:37 - DEBUG - __main__ -   pred: 2
11/17/2023 18:16:37 - DEBUG - __main__ -   label: 2
11/17/2023 18:16:37 - DEBUG - __main__ -   pred: 2
11/17/2023 18:16:37 - DEBUG - __main__ -   label: 2
11/17/2023 18:16:37 - DEBUG - __main__ -   pred: 1
11/17/2023 18:16:37 - DEBUG - __main__ -   label: 3
11/17/2023 18:16:37 - DEBUG - __main__ -   pred: 2
11/17/2023 18:16:37 - DEBUG - __main__ -   label: 4
11/17/2023 18:16:37 - DEBUG - __main__ -   pred: 3
11/17/2023 18:16:37 - DEBUG - __main__ -   label: 2
11/17/2023 18:16:37 - DEBUG - __main__ -   pred: 2
11/17/2023 18:16:37 - DEBUG - __main__ -   label: 1
11/17/2023 18:16:37 - DEBUG - __main__ -   pred: 1
11/17/2023 18:16:37 - DEBUG - __main__ -   label: 1
11/17/2023 18:16:37 - DEBUG - __main__ -   pred: 2
11/17/2023 18:16:37 - DEBUG - __main__ -   label: 2
11/17/2023 18:16:37 - DEBUG - __main__ -   pred: 2
11/17/2023 18:16:37 - DEBUG - __main__ -   label: 1
11/17/2023 18:16:37 - DEBUG - __main__ -   pred: 1
11/17/2023 18:16:37 - DEBUG - __main__ -   label: 1
11/17/2023 18:16:37 - DEBUG - __main__ -   pred: 1
11/17/2023 18:16:37 - DEBUG - __main__ -   label: 2
11/17/2023 18:16:37 - DEBUG - __main__ -   pred: 2
11/17/2023 18:16:37 - DEBUG - __main__ -   label: 2
11/17/2023 18:16:37 - DEBUG - __main__ -   pred: 2
11/17/2023 18:16:37 - DEBUG - __main__ -   label: 2
11/17/2023 18:16:37 - DEBUG - __main__ -   pred: 2
11/17/2023 18:16:37 - DEBUG - __main__ -   label: 2
11/17/2023 18:16:37 - DEBUG - __main__ -   pred: 2
11/17/2023 18:16:37 - DEBUG - __main__ -   label: 1
11/17/2023 18:16:37 - DEBUG - __main__ -   pred: 2
11/17/2023 18:16:37 - DEBUG - __main__ -   label: 1
11/17/2023 18:16:37 - DEBUG - __main__ -   pred: 1
11/17/2023 18:16:37 - DEBUG - __main__ -   label: 2
11/17/2023 18:16:37 - DEBUG - __main__ -   pred: 1
11/17/2023 18:16:37 - DEBUG - __main__ -   label: 2
11/17/2023 18:16:37 - DEBUG - __main__ -   pred: 1
11/17/2023 18:16:37 - DEBUG - __main__ -   label: 1
11/17/2023 18:16:37 - DEBUG - __main__ -   pred: 1
11/17/2023 18:16:37 - DEBUG - __main__ -   label: 3
11/17/2023 18:16:37 - DEBUG - __main__ -   pred: 2
11/17/2023 18:16:37 - DEBUG - __main__ -   label: 2
11/17/2023 18:16:37 - DEBUG - __main__ -   pred: 1
11/17/2023 18:16:37 - DEBUG - __main__ -   label: 2
11/17/2023 18:16:37 - DEBUG - __main__ -   pred: 2
11/17/2023 18:16:37 - DEBUG - __main__ -   label: 3
11/17/2023 18:16:37 - DEBUG - __main__ -   pred: 2
11/17/2023 18:16:37 - DEBUG - __main__ -   label: 3
11/17/2023 18:16:37 - DEBUG - __main__ -   pred: 2
11/17/2023 18:16:37 - DEBUG - __main__ -   label: 2
11/17/2023 18:16:37 - DEBUG - __main__ -   pred: 1
11/17/2023 18:16:37 - DEBUG - __main__ -   label: 1
11/17/2023 18:16:37 - DEBUG - __main__ -   pred: 2
11/17/2023 18:16:37 - DEBUG - __main__ -   label: 1
11/17/2023 18:16:37 - DEBUG - __main__ -   pred: 2
11/17/2023 18:16:37 - DEBUG - __main__ -   label: 2
11/17/2023 18:16:37 - DEBUG - __main__ -   pred: 3
11/17/2023 18:16:37 - DEBUG - __main__ -   label: 1
11/17/2023 18:16:37 - DEBUG - __main__ -   pred: 1
11/17/2023 18:16:37 - DEBUG - __main__ -   label: 3
11/17/2023 18:16:37 - DEBUG - __main__ -   pred: 2
11/17/2023 18:16:37 - DEBUG - __main__ -   label: 1
11/17/2023 18:16:37 - DEBUG - __main__ -   pred: 2
11/17/2023 18:16:37 - DEBUG - __main__ -   label: 1
11/17/2023 18:16:37 - DEBUG - __main__ -   pred: 2
11/17/2023 18:16:37 - DEBUG - __main__ -   label: 3
11/17/2023 18:16:37 - DEBUG - __main__ -   pred: 2
11/17/2023 18:16:37 - DEBUG - __main__ -   label: 1
11/17/2023 18:16:37 - DEBUG - __main__ -   pred: 1
11/17/2023 18:16:37 - DEBUG - __main__ -   label: 2
11/17/2023 18:16:37 - DEBUG - __main__ -   pred: 2
11/17/2023 18:16:37 - DEBUG - __main__ -   label: 2
11/17/2023 18:16:37 - DEBUG - __main__ -   pred: 2
11/17/2023 18:16:37 - DEBUG - __main__ -   label: 2
11/17/2023 18:16:37 - DEBUG - __main__ -   pred: 2
11/17/2023 18:16:37 - DEBUG - __main__ -   label: 2
11/17/2023 18:16:37 - DEBUG - __main__ -   pred: 2
11/17/2023 18:16:37 - DEBUG - __main__ -   label: 2
11/17/2023 18:16:37 - DEBUG - __main__ -   pred: 2
11/17/2023 18:16:37 - DEBUG - __main__ -   label: 2
11/17/2023 18:16:37 - DEBUG - __main__ -   pred: 2
11/17/2023 18:16:37 - DEBUG - __main__ -   label: 2
11/17/2023 18:16:37 - DEBUG - __main__ -   pred: 2
11/17/2023 18:16:37 - DEBUG - __main__ -   label: 3
11/17/2023 18:16:37 - DEBUG - __main__ -   pred: 2
11/17/2023 18:16:37 - DEBUG - __main__ -   label: 2
11/17/2023 18:16:37 - DEBUG - __main__ -   pred: 2
11/17/2023 18:16:37 - DEBUG - __main__ -   label: 3
11/17/2023 18:16:37 - DEBUG - __main__ -   pred: 2
11/17/2023 18:16:37 - DEBUG - __main__ -   label: 1
11/17/2023 18:16:37 - DEBUG - __main__ -   pred: 1
11/17/2023 18:16:37 - DEBUG - __main__ -   label: 2
11/17/2023 18:16:37 - DEBUG - __main__ -   pred: 2
11/17/2023 18:16:37 - DEBUG - __main__ -   label: 2
11/17/2023 18:16:37 - DEBUG - __main__ -   pred: 1
11/17/2023 18:16:37 - DEBUG - __main__ -   label: 4
11/17/2023 18:16:37 - DEBUG - __main__ -   pred: 3
11/17/2023 18:16:37 - DEBUG - __main__ -   label: 2
11/17/2023 18:16:37 - DEBUG - __main__ -   pred: 2
11/17/2023 18:16:37 - DEBUG - __main__ -   label: 3
11/17/2023 18:16:37 - DEBUG - __main__ -   pred: 2
11/17/2023 18:16:37 - DEBUG - __main__ -   label: 1
11/17/2023 18:16:37 - DEBUG - __main__ -   pred: 1
11/17/2023 18:16:37 - DEBUG - __main__ -   label: 1
11/17/2023 18:16:37 - DEBUG - __main__ -   pred: 2
11/17/2023 18:16:37 - DEBUG - __main__ -   label: 2
11/17/2023 18:16:37 - DEBUG - __main__ -   pred: 1
11/17/2023 18:16:37 - DEBUG - __main__ -   label: 3
11/17/2023 18:16:37 - DEBUG - __main__ -   pred: 2
11/17/2023 18:16:37 - DEBUG - __main__ -   label: 2
11/17/2023 18:16:37 - DEBUG - __main__ -   pred: 2
11/17/2023 18:16:37 - DEBUG - __main__ -   label: 3
11/17/2023 18:16:37 - DEBUG - __main__ -   pred: 4
11/17/2023 18:16:37 - DEBUG - __main__ -   label: 3
11/17/2023 18:16:37 - DEBUG - __main__ -   pred: 3
11/17/2023 18:16:37 - DEBUG - __main__ -   label: 4
11/17/2023 18:16:37 - DEBUG - __main__ -   pred: 4
11/17/2023 18:16:37 - DEBUG - __main__ -   label: 2
11/17/2023 18:16:37 - DEBUG - __main__ -   pred: 1
11/17/2023 18:16:37 - DEBUG - __main__ -   label: 1
11/17/2023 18:16:37 - DEBUG - __main__ -   pred: 2
11/17/2023 18:16:37 - DEBUG - __main__ -   label: 2
11/17/2023 18:16:37 - DEBUG - __main__ -   pred: 2
11/17/2023 18:16:37 - DEBUG - __main__ -   label: 3
11/17/2023 18:16:37 - DEBUG - __main__ -   pred: 2
11/17/2023 18:16:37 - DEBUG - __main__ -   label: 3
11/17/2023 18:16:37 - DEBUG - __main__ -   pred: 1
11/17/2023 18:16:37 - DEBUG - __main__ -   label: 3
11/17/2023 18:16:37 - DEBUG - __main__ -   pred: 3
11/17/2023 18:16:37 - DEBUG - __main__ -   label: 2
11/17/2023 18:16:37 - DEBUG - __main__ -   pred: 3
11/17/2023 18:16:37 - DEBUG - __main__ -   label: 2
11/17/2023 18:16:37 - DEBUG - __main__ -   pred: 2
11/17/2023 18:16:37 - DEBUG - __main__ -   label: 2
11/17/2023 18:16:37 - DEBUG - __main__ -   pred: 2
11/17/2023 18:16:37 - DEBUG - __main__ -   label: 3
11/17/2023 18:16:37 - DEBUG - __main__ -   pred: 2
11/17/2023 18:16:37 - DEBUG - __main__ -   label: 2
11/17/2023 18:16:37 - DEBUG - __main__ -   pred: 2
11/17/2023 18:16:37 - DEBUG - __main__ -   label: 3
11/17/2023 18:16:37 - DEBUG - __main__ -   pred: 2
11/17/2023 18:16:37 - DEBUG - __main__ -   label: 2
11/17/2023 18:16:37 - DEBUG - __main__ -   pred: 2
11/17/2023 18:16:37 - DEBUG - __main__ -   label: 2
11/17/2023 18:16:37 - DEBUG - __main__ -   pred: 2
11/17/2023 18:16:37 - DEBUG - __main__ -   label: 2
11/17/2023 18:16:37 - DEBUG - __main__ -   pred: 3
11/17/2023 18:16:37 - DEBUG - __main__ -   label: 2
11/17/2023 18:16:37 - DEBUG - __main__ -   pred: 3
11/17/2023 18:16:37 - DEBUG - __main__ -   label: 2
11/17/2023 18:16:37 - DEBUG - __main__ -   pred: 2
11/17/2023 18:16:37 - DEBUG - __main__ -   label: 2
11/17/2023 18:16:37 - DEBUG - __main__ -   pred: 2
11/17/2023 18:16:37 - DEBUG - __main__ -   label: 2
11/17/2023 18:16:37 - DEBUG - __main__ -   pred: 2
11/17/2023 18:16:37 - DEBUG - __main__ -   label: 3
11/17/2023 18:16:37 - DEBUG - __main__ -   pred: 2
11/17/2023 18:16:37 - DEBUG - __main__ -   label: 2
11/17/2023 18:16:37 - DEBUG - __main__ -   pred: 2
11/17/2023 18:16:37 - DEBUG - __main__ -   label: 2
11/17/2023 18:16:37 - DEBUG - __main__ -   pred: 2
11/17/2023 18:16:37 - DEBUG - __main__ -   label: 1
11/17/2023 18:16:37 - DEBUG - __main__ -   pred: 2
11/17/2023 18:16:37 - DEBUG - __main__ -   label: 1
11/17/2023 18:16:37 - DEBUG - __main__ -   pred: 2
11/17/2023 18:16:37 - DEBUG - __main__ -   label: 2
11/17/2023 18:16:37 - DEBUG - __main__ -   pred: 2
11/17/2023 18:16:37 - DEBUG - __main__ -   label: 2
11/17/2023 18:16:37 - DEBUG - __main__ -   pred: 2
11/17/2023 18:16:37 - DEBUG - __main__ -   label: 3
11/17/2023 18:16:37 - DEBUG - __main__ -   pred: 2
11/17/2023 18:16:37 - DEBUG - __main__ -   label: 3
11/17/2023 18:16:37 - DEBUG - __main__ -   pred: 3
11/17/2023 18:16:37 - DEBUG - __main__ -   label: 1
11/17/2023 18:16:37 - DEBUG - __main__ -   pred: 1
11/17/2023 18:16:37 - DEBUG - __main__ -   label: 3
11/17/2023 18:16:37 - DEBUG - __main__ -   pred: 2
11/17/2023 18:16:37 - DEBUG - __main__ -   label: 2
11/17/2023 18:16:37 - DEBUG - __main__ -   pred: 2
11/17/2023 18:16:37 - DEBUG - __main__ -   label: 2
11/17/2023 18:16:37 - DEBUG - __main__ -   pred: 2
11/17/2023 18:16:37 - DEBUG - __main__ -   label: 1
11/17/2023 18:16:37 - DEBUG - __main__ -   pred: 1
11/17/2023 18:16:37 - DEBUG - __main__ -   label: 3
11/17/2023 18:16:37 - DEBUG - __main__ -   pred: 3
11/17/2023 18:16:37 - DEBUG - __main__ -   label: 2
11/17/2023 18:16:37 - DEBUG - __main__ -   pred: 2
11/17/2023 18:16:37 - DEBUG - __main__ -   label: 3
11/17/2023 18:16:37 - DEBUG - __main__ -   pred: 3
11/17/2023 18:16:37 - DEBUG - __main__ -   label: 3
11/17/2023 18:16:37 - DEBUG - __main__ -   pred: 3
11/17/2023 18:16:37 - DEBUG - __main__ -   label: 2
11/17/2023 18:16:37 - DEBUG - __main__ -   pred: 2
11/17/2023 18:16:37 - DEBUG - __main__ -   label: 0
11/17/2023 18:16:37 - DEBUG - __main__ -   pred: 1
11/17/2023 18:16:37 - DEBUG - __main__ -   label: 2
11/17/2023 18:16:37 - DEBUG - __main__ -   pred: 2
11/17/2023 18:16:37 - DEBUG - __main__ -   label: 2
11/17/2023 18:16:37 - DEBUG - __main__ -   pred: 2
11/17/2023 18:16:37 - DEBUG - __main__ -   label: 1
11/17/2023 18:16:37 - DEBUG - __main__ -   pred: 2
11/17/2023 18:16:37 - DEBUG - __main__ -   label: 1
11/17/2023 18:16:37 - DEBUG - __main__ -   pred: 1
11/17/2023 18:16:37 - DEBUG - __main__ -   label: 2
11/17/2023 18:16:37 - DEBUG - __main__ -   pred: 2
11/17/2023 18:16:37 - DEBUG - __main__ -   label: 1
11/17/2023 18:16:37 - DEBUG - __main__ -   pred: 1
11/17/2023 18:16:37 - DEBUG - __main__ -   label: 1
11/17/2023 18:16:37 - DEBUG - __main__ -   pred: 2
11/17/2023 18:16:37 - DEBUG - __main__ -   label: 2
11/17/2023 18:16:37 - DEBUG - __main__ -   pred: 2
11/17/2023 18:16:37 - DEBUG - __main__ -   label: 3
11/17/2023 18:16:37 - DEBUG - __main__ -   pred: 2
11/17/2023 18:16:37 - DEBUG - __main__ -   label: 1
11/17/2023 18:16:37 - DEBUG - __main__ -   pred: 1
11/17/2023 18:16:37 - DEBUG - __main__ -   label: 2
11/17/2023 18:16:37 - DEBUG - __main__ -   pred: 2
11/17/2023 18:16:37 - DEBUG - __main__ -   label: 3
11/17/2023 18:16:37 - DEBUG - __main__ -   pred: 2
11/17/2023 18:16:37 - DEBUG - __main__ -   label: 2
11/17/2023 18:16:37 - DEBUG - __main__ -   pred: 2
11/17/2023 18:16:37 - DEBUG - __main__ -   label: 2
11/17/2023 18:16:37 - DEBUG - __main__ -   pred: 1
11/17/2023 18:16:37 - DEBUG - __main__ -   label: 1
11/17/2023 18:16:37 - DEBUG - __main__ -   pred: 1
11/17/2023 18:16:37 - DEBUG - __main__ -   label: 2
11/17/2023 18:16:37 - DEBUG - __main__ -   pred: 1
11/17/2023 18:16:37 - DEBUG - __main__ -   label: 3
11/17/2023 18:16:37 - DEBUG - __main__ -   pred: 2
11/17/2023 18:16:37 - DEBUG - __main__ -   label: 1
11/17/2023 18:16:37 - DEBUG - __main__ -   pred: 1
11/17/2023 18:16:37 - DEBUG - __main__ -   label: 3
11/17/2023 18:16:37 - DEBUG - __main__ -   pred: 1
11/17/2023 18:16:37 - DEBUG - __main__ -   label: 3
11/17/2023 18:16:37 - DEBUG - __main__ -   pred: 2
11/17/2023 18:16:37 - DEBUG - __main__ -   label: 3
11/17/2023 18:16:37 - DEBUG - __main__ -   pred: 3
11/17/2023 18:16:37 - DEBUG - __main__ -   label: 2
11/17/2023 18:16:37 - DEBUG - __main__ -   pred: 2
11/17/2023 18:16:37 - DEBUG - __main__ -   label: 1
11/17/2023 18:16:37 - DEBUG - __main__ -   pred: 2
11/17/2023 18:16:37 - DEBUG - __main__ -   label: 4
11/17/2023 18:16:37 - DEBUG - __main__ -   pred: 2
11/17/2023 18:16:37 - DEBUG - __main__ -   label: 3
11/17/2023 18:16:37 - DEBUG - __main__ -   pred: 3
11/17/2023 18:16:37 - DEBUG - __main__ -   label: 1
11/17/2023 18:16:37 - DEBUG - __main__ -   pred: 2
11/17/2023 18:16:37 - DEBUG - __main__ -   label: 2
11/17/2023 18:16:37 - DEBUG - __main__ -   pred: 3
11/17/2023 18:16:37 - DEBUG - __main__ -   label: 3
11/17/2023 18:16:37 - DEBUG - __main__ -   pred: 3
11/17/2023 18:16:37 - DEBUG - __main__ -   label: 2
11/17/2023 18:16:37 - DEBUG - __main__ -   pred: 3
11/17/2023 18:16:37 - DEBUG - __main__ -   label: 4
11/17/2023 18:16:37 - DEBUG - __main__ -   pred: 2
11/17/2023 18:16:37 - DEBUG - __main__ -   label: 2
11/17/2023 18:16:37 - DEBUG - __main__ -   pred: 1
11/17/2023 18:16:37 - DEBUG - __main__ -   label: 1
11/17/2023 18:16:37 - DEBUG - __main__ -   pred: 2
11/17/2023 18:16:37 - DEBUG - __main__ -   label: 2
11/17/2023 18:16:37 - DEBUG - __main__ -   pred: 3
11/17/2023 18:16:37 - DEBUG - __main__ -   label: 2
11/17/2023 18:16:37 - DEBUG - __main__ -   pred: 2
11/17/2023 18:16:37 - DEBUG - __main__ -   label: 2
11/17/2023 18:16:37 - DEBUG - __main__ -   pred: 2
11/17/2023 18:16:37 - DEBUG - __main__ -   label: 3
11/17/2023 18:16:37 - DEBUG - __main__ -   pred: 2
11/17/2023 18:16:37 - DEBUG - __main__ -   label: 2
11/17/2023 18:16:37 - DEBUG - __main__ -   pred: 2
11/17/2023 18:16:37 - DEBUG - __main__ -   label: 2
11/17/2023 18:16:37 - DEBUG - __main__ -   pred: 3
11/17/2023 18:16:37 - DEBUG - __main__ -   label: 2
11/17/2023 18:16:37 - DEBUG - __main__ -   pred: 2
11/17/2023 18:16:37 - DEBUG - __main__ -   label: 2
11/17/2023 18:16:37 - DEBUG - __main__ -   pred: 3
11/17/2023 18:16:37 - DEBUG - __main__ -   label: 2
11/17/2023 18:16:37 - DEBUG - __main__ -   pred: 2
11/17/2023 18:16:37 - DEBUG - __main__ -   label: 2
11/17/2023 18:16:37 - DEBUG - __main__ -   pred: 1
11/17/2023 18:16:37 - DEBUG - __main__ -   label: 2
11/17/2023 18:16:37 - DEBUG - __main__ -   pred: 1
11/17/2023 18:16:37 - DEBUG - __main__ -   label: 2
11/17/2023 18:16:37 - DEBUG - __main__ -   pred: 1
11/17/2023 18:16:37 - DEBUG - __main__ -   label: 2
11/17/2023 18:16:37 - DEBUG - __main__ -   pred: 2
11/17/2023 18:16:37 - DEBUG - __main__ -   label: 1
11/17/2023 18:16:37 - DEBUG - __main__ -   pred: 1
11/17/2023 18:16:37 - DEBUG - __main__ -   label: 2
11/17/2023 18:16:37 - DEBUG - __main__ -   pred: 2
11/17/2023 18:16:37 - DEBUG - __main__ -   label: 2
11/17/2023 18:16:37 - DEBUG - __main__ -   pred: 2
11/17/2023 18:16:37 - DEBUG - __main__ -   label: 1
11/17/2023 18:16:37 - DEBUG - __main__ -   pred: 1
11/17/2023 18:16:37 - DEBUG - __main__ -   label: 2
11/17/2023 18:16:37 - DEBUG - __main__ -   pred: 2
11/17/2023 18:16:37 - DEBUG - __main__ -   label: 1
11/17/2023 18:16:37 - DEBUG - __main__ -   pred: 1
11/17/2023 18:16:37 - DEBUG - __main__ -   label: 3
11/17/2023 18:16:37 - DEBUG - __main__ -   pred: 2
11/17/2023 18:16:37 - DEBUG - __main__ -   label: 2
11/17/2023 18:16:37 - DEBUG - __main__ -   pred: 3
11/17/2023 18:16:37 - DEBUG - __main__ -   label: 2
11/17/2023 18:16:37 - DEBUG - __main__ -   pred: 2
11/17/2023 18:16:37 - DEBUG - __main__ -   label: 3
11/17/2023 18:16:37 - DEBUG - __main__ -   pred: 2
11/17/2023 18:16:37 - DEBUG - __main__ -   label: 2
11/17/2023 18:16:37 - DEBUG - __main__ -   pred: 2
11/17/2023 18:16:37 - DEBUG - __main__ -   label: 3
11/17/2023 18:16:37 - DEBUG - __main__ -   pred: 3
11/17/2023 18:16:37 - DEBUG - __main__ -   label: 2
11/17/2023 18:16:37 - DEBUG - __main__ -   pred: 2
11/17/2023 18:16:37 - DEBUG - __main__ -   label: 3
11/17/2023 18:16:37 - DEBUG - __main__ -   pred: 2
11/17/2023 18:16:37 - DEBUG - __main__ -   label: 3
11/17/2023 18:16:37 - DEBUG - __main__ -   pred: 2
11/17/2023 18:16:37 - DEBUG - __main__ -   label: 3
11/17/2023 18:16:37 - DEBUG - __main__ -   pred: 3
11/17/2023 18:16:37 - DEBUG - __main__ -   label: 3
11/17/2023 18:16:37 - DEBUG - __main__ -   pred: 3
11/17/2023 18:16:37 - DEBUG - __main__ -   label: 2
11/17/2023 18:16:37 - DEBUG - __main__ -   pred: 2
11/17/2023 18:16:37 - DEBUG - __main__ -   label: 3
11/17/2023 18:16:37 - DEBUG - __main__ -   pred: 3
11/17/2023 18:16:37 - DEBUG - __main__ -   label: 2
11/17/2023 18:16:37 - DEBUG - __main__ -   pred: 2
11/17/2023 18:16:37 - DEBUG - __main__ -   label: 3
11/17/2023 18:16:37 - DEBUG - __main__ -   pred: 2
11/17/2023 18:16:37 - DEBUG - __main__ -   label: 2
11/17/2023 18:16:37 - DEBUG - __main__ -   pred: 2
11/17/2023 18:16:37 - DEBUG - __main__ -   label: 3
11/17/2023 18:16:37 - DEBUG - __main__ -   pred: 2
11/17/2023 18:16:37 - DEBUG - __main__ -   label: 3
11/17/2023 18:16:37 - DEBUG - __main__ -   pred: 2
11/17/2023 18:16:37 - DEBUG - __main__ -   label: 1
11/17/2023 18:16:37 - DEBUG - __main__ -   pred: 2
11/17/2023 18:16:37 - DEBUG - __main__ -   label: 1
11/17/2023 18:16:37 - DEBUG - __main__ -   pred: 2
11/17/2023 18:16:37 - DEBUG - __main__ -   label: 1
11/17/2023 18:16:37 - DEBUG - __main__ -   pred: 2
11/17/2023 18:16:37 - DEBUG - __main__ -   label: 3
11/17/2023 18:16:37 - DEBUG - __main__ -   pred: 3
11/17/2023 18:16:37 - DEBUG - __main__ -   label: 3
11/17/2023 18:16:37 - DEBUG - __main__ -   pred: 2
11/17/2023 18:16:37 - DEBUG - __main__ -   label: 2
11/17/2023 18:16:37 - DEBUG - __main__ -   pred: 1
11/17/2023 18:16:37 - DEBUG - __main__ -   label: 0
11/17/2023 18:16:37 - DEBUG - __main__ -   pred: 1
11/17/2023 18:16:37 - DEBUG - __main__ -   label: 1
11/17/2023 18:16:37 - DEBUG - __main__ -   pred: 1
11/17/2023 18:16:37 - DEBUG - __main__ -   label: 2
11/17/2023 18:16:37 - DEBUG - __main__ -   pred: 2
11/17/2023 18:16:37 - DEBUG - __main__ -   label: 2
11/17/2023 18:16:37 - DEBUG - __main__ -   pred: 2
11/17/2023 18:16:37 - DEBUG - __main__ -   label: 2
11/17/2023 18:16:37 - DEBUG - __main__ -   pred: 3
11/17/2023 18:16:37 - DEBUG - __main__ -   label: 2
11/17/2023 18:16:37 - DEBUG - __main__ -   pred: 2
11/17/2023 18:16:37 - DEBUG - __main__ -   label: 4
11/17/2023 18:16:37 - DEBUG - __main__ -   pred: 3
11/17/2023 18:16:37 - DEBUG - __main__ -   label: 2
11/17/2023 18:16:37 - DEBUG - __main__ -   pred: 2
11/17/2023 18:16:37 - DEBUG - __main__ -   label: 0
11/17/2023 18:16:37 - DEBUG - __main__ -   pred: 1
11/17/2023 18:16:37 - DEBUG - __main__ -   label: 2
11/17/2023 18:16:37 - DEBUG - __main__ -   pred: 2
11/17/2023 18:16:37 - DEBUG - __main__ -   label: 3
11/17/2023 18:16:37 - DEBUG - __main__ -   pred: 2
11/17/2023 18:16:37 - DEBUG - __main__ -   label: 3
11/17/2023 18:16:37 - DEBUG - __main__ -   pred: 3
11/17/2023 18:16:37 - DEBUG - __main__ -   label: 4
11/17/2023 18:16:37 - DEBUG - __main__ -   pred: 2
11/17/2023 18:16:37 - DEBUG - __main__ -   label: 0
11/17/2023 18:16:37 - DEBUG - __main__ -   pred: 1
11/17/2023 18:16:37 - DEBUG - __main__ -   label: 1
11/17/2023 18:16:37 - DEBUG - __main__ -   pred: 1
11/17/2023 18:16:37 - DEBUG - __main__ -   label: 2
11/17/2023 18:16:37 - DEBUG - __main__ -   pred: 2
